
RAxML-NG v. 0.6.0git BETA released on 27.07.2018 by The Exelixis Lab.
Authors: Alexey Kozlov, Alexandros Stamatakis, Diego Darriba, Tomas Flouri, Benoit Morel.
Latest version: https://github.com/amkozlov/raxml-ng
Questions/problems/suggestions? Please visit: https://groups.google.com/forum/#!forum/raxml

WARNING: This is a BETA release, please use at your own risk!

RAxML-NG was called as follows:

mpi-scheduler --bootstrap --msa ../BenoitDatasets/families/alesim_s30_f50_sites200_d2.0_l1.0_seed42/pargenes/parse_run/results/14_prunedfasta/14_prunedfasta.raxml.rba --blopt nr_safe --model GTR --prefix ../BenoitDatasets/families/alesim_s30_f50_sites200_d2.0_l1.0_seed42/pargenes/mlsearch_run/bootstraps/14_prunedfasta/14_prunedfasta_bs3 --threads 1 --seed 4 --bs-trees 10

Analysis options:
  run mode: Bootstrapping
  start tree(s): 
  bootstrap replicates: 10
  random seed: 4
  tip-inner: ON
  pattern compression: ON
  per-rate scalers: OFF
  site repeats: OFF
  branch lengths: linked (ML estimate, algorithm: NR-SAFE)
  SIMD kernels: AVX2
  parallelization: NONE/sequential

WARNING: The model you specified on the command line (GTR) will be ignored 
         since the binary MSA file already contains a model definition.
         If you want to change the model, please re-run RAxML-NG 
         with the original PHYLIP/FASTA alignment and --redo option.

[00:00:00] Loading binary alignment from file: ../BenoitDatasets/families/alesim_s30_f50_sites200_d2.0_l1.0_seed42/pargenes/parse_run/results/14_prunedfasta/14_prunedfasta.raxml.rba
[00:00:00] Alignment comprises 505 taxa, 1 partitions and 200 patterns

Partition 0: noname
Model: GTR+FO
Alignment sites / patterns: 200 / 200
Gaps: 0.00 %
Invariant sites: 0.00 %


[00:00:00] Data distribution: max. partitions/sites/weight per thread: 1 / 200 / 800
[00:00:00] Starting bootstrapping analysis with 10 replicates.

[00:02:06] Bootstrap tree #1, logLikelihood: -38251.597902
[00:04:34] Bootstrap tree #2, logLikelihood: -37923.577878
[00:06:43] Bootstrap tree #3, logLikelihood: -34281.338840
[00:08:01] Bootstrap tree #4, logLikelihood: -34511.325549
[00:09:15] Bootstrap tree #5, logLikelihood: -41332.490417
[00:10:30] Bootstrap tree #6, logLikelihood: -34626.133781
[00:11:55] Bootstrap tree #7, logLikelihood: -34369.110681
[00:13:31] Bootstrap tree #8, logLikelihood: -37097.003758
[00:17:30] Bootstrap tree #9, logLikelihood: -34220.413077
[00:18:50] Bootstrap tree #10, logLikelihood: -34921.125633

Optimized model parameters:

   Partition 0: noname
   Rate heterogeneity: NONE
   Base frequencies (ML): 0.250105 0.241159 0.236918 0.271818 
   Substitution rates (ML): 1.097610 1.002248 1.022031 1.127397 1.048385 1.000000 
Bootstrap trees saved to: /home/morelbt/github/BenoitDatasets/families/alesim_s30_f50_sites200_d2.0_l1.0_seed42/pargenes/mlsearch_run/bootstraps/14_prunedfasta/14_prunedfasta_bs3.raxml.bootstraps

Execution log saved to: /home/morelbt/github/BenoitDatasets/families/alesim_s30_f50_sites200_d2.0_l1.0_seed42/pargenes/mlsearch_run/bootstraps/14_prunedfasta/14_prunedfasta_bs3.raxml.log

Analysis started: 11-Dec-2018 20:15:52 / finished: 11-Dec-2018 20:34:43

Elapsed time: 1130.456 seconds

