
RAxML-NG v. 0.6.0git BETA released on 27.07.2018 by The Exelixis Lab.
Authors: Alexey Kozlov, Alexandros Stamatakis, Diego Darriba, Tomas Flouri, Benoit Morel.
Latest version: https://github.com/amkozlov/raxml-ng
Questions/problems/suggestions? Please visit: https://groups.google.com/forum/#!forum/raxml

WARNING: This is a BETA release, please use at your own risk!

RAxML-NG was called as follows:

mpi-scheduler --msa ../BenoitDatasets/families/jsim_s27_f100_sites200_d6.0_l3.0_seed6/pargenes/parse_run/results/0_fasta/0_fasta.raxml.rba --blopt nr_safe --model GTR --prefix ../BenoitDatasets/families/jsim_s27_f100_sites200_d6.0_l3.0_seed6/pargenes/mlsearch_run/results/0_fasta/0_fasta --threads 1 --seed 1

Analysis options:
  run mode: ML tree search
  start tree(s): random (1)
  random seed: 1
  tip-inner: ON
  pattern compression: ON
  per-rate scalers: OFF
  site repeats: OFF
  fast spr radius: AUTO
  spr subtree cutoff: 1.000000
  branch lengths: linked (ML estimate, algorithm: NR-SAFE)
  SIMD kernels: AVX2
  parallelization: NONE/sequential

WARNING: The model you specified on the command line (GTR) will be ignored 
         since the binary MSA file already contains a model definition.
         If you want to change the model, please re-run RAxML-NG 
         with the original PHYLIP/FASTA alignment and --redo option.

[00:00:00] Loading binary alignment from file: ../BenoitDatasets/families/jsim_s27_f100_sites200_d6.0_l3.0_seed6/pargenes/parse_run/results/0_fasta/0_fasta.raxml.rba
[00:00:00] Alignment comprises 5 taxa, 1 partitions and 46 patterns

Partition 0: noname
Model: GTR+FO
Alignment sites / patterns: 200 / 46
Gaps: 0.00 %
Invariant sites: 2.00 %


[00:00:00] Generating 1 random starting tree(s) with 5 taxa
[00:00:00] Data distribution: max. partitions/sites/weight per thread: 1 / 46 / 184

Starting ML tree search with 1 distinct starting trees

[00:00:00 -866.913133] Initial branch length optimization
[00:00:00 -767.282995] Model parameter optimization (eps = 10.000000)
[00:00:00 -763.739284] AUTODETECT spr round 1 (radius: 5)
[00:00:00 -669.393208] SPR radius for FAST iterations: 5 (autodetect)
[00:00:00 -669.393208] Model parameter optimization (eps = 3.000000)
[00:00:00 -669.111041] FAST spr round 1 (radius: 5)
[00:00:00 -669.110477] Model parameter optimization (eps = 1.000000)
[00:00:00 -669.104675] SLOW spr round 1 (radius: 5)
[00:00:00 -669.104670] Model parameter optimization (eps = 0.100000)

[00:00:00] ML tree search #1, logLikelihood: -669.104615


Optimized model parameters:

   Partition 0: noname
   Rate heterogeneity: NONE
   Base frequencies (ML): 0.211926 0.255513 0.281147 0.251414 
   Substitution rates (ML): 0.940330 0.545590 0.886345 0.664886 0.716447 1.000000 

Final LogLikelihood: -669.104615

Best ML tree saved to: /home/morelbt/github/BenoitDatasets/families/jsim_s27_f100_sites200_d6.0_l3.0_seed6/pargenes/mlsearch_run/results/0_fasta/0_fasta.raxml.bestTree
Optimized model saved to: /home/morelbt/github/BenoitDatasets/families/jsim_s27_f100_sites200_d6.0_l3.0_seed6/pargenes/mlsearch_run/results/0_fasta/0_fasta.raxml.bestModel

Execution log saved to: /home/morelbt/github/BenoitDatasets/families/jsim_s27_f100_sites200_d6.0_l3.0_seed6/pargenes/mlsearch_run/results/0_fasta/0_fasta.raxml.log

Analysis started: 07-Dec-2018 15:33:05 / finished: 07-Dec-2018 15:33:05

Elapsed time: 0.011 seconds

