
RAxML-NG v. 0.6.0git BETA released on 27.07.2018 by The Exelixis Lab.
Authors: Alexey Kozlov, Alexandros Stamatakis, Diego Darriba, Tomas Flouri, Benoit Morel.
Latest version: https://github.com/amkozlov/raxml-ng
Questions/problems/suggestions? Please visit: https://groups.google.com/forum/#!forum/raxml

WARNING: This is a BETA release, please use at your own risk!

RAxML-NG was called as follows:

mpi-scheduler --bootstrap --msa ../BenoitDatasets/families/jsim_s8_f100_sites300_d2.0_l1.0_t0.5_seed6/pargenes/parse_run/results/52_pruned_fasta/52_pruned_fasta.raxml.rba --blopt nr_safe --model GTR --prefix ../BenoitDatasets/families/jsim_s8_f100_sites300_d2.0_l1.0_t0.5_seed6/pargenes/mlsearch_run/bootstraps/52_pruned_fasta/52_pruned_fasta_bs1 --threads 1 --seed 2 --bs-trees 10

Analysis options:
  run mode: Bootstrapping
  start tree(s): 
  bootstrap replicates: 10
  random seed: 2
  tip-inner: ON
  pattern compression: ON
  per-rate scalers: OFF
  site repeats: OFF
  branch lengths: linked (ML estimate, algorithm: NR-SAFE)
  SIMD kernels: AVX2
  parallelization: NONE/sequential

WARNING: The model you specified on the command line (GTR) will be ignored 
         since the binary MSA file already contains a model definition.
         If you want to change the model, please re-run RAxML-NG 
         with the original PHYLIP/FASTA alignment and --redo option.

[00:00:00] Loading binary alignment from file: ../BenoitDatasets/families/jsim_s8_f100_sites300_d2.0_l1.0_t0.5_seed6/pargenes/parse_run/results/52_pruned_fasta/52_pruned_fasta.raxml.rba
[00:00:00] Alignment comprises 51 taxa, 1 partitions and 300 patterns

Partition 0: noname
Model: GTR+FO
Alignment sites / patterns: 300 / 300
Gaps: 0.00 %
Invariant sites: 0.00 %


[00:00:00] Data distribution: max. partitions/sites/weight per thread: 1 / 300 / 1200
[00:00:00] Starting bootstrapping analysis with 10 replicates.

[00:00:05] Bootstrap tree #1, logLikelihood: -13596.517115
[00:00:10] Bootstrap tree #2, logLikelihood: -13823.810176
[00:00:14] Bootstrap tree #3, logLikelihood: -13701.084097
[00:00:18] Bootstrap tree #4, logLikelihood: -13602.382808
[00:00:25] Bootstrap tree #5, logLikelihood: -13890.271123
[00:00:32] Bootstrap tree #6, logLikelihood: -13815.367013
[00:00:38] Bootstrap tree #7, logLikelihood: -13860.283899
[00:00:42] Bootstrap tree #8, logLikelihood: -13735.529555
[00:00:45] Bootstrap tree #9, logLikelihood: -13649.981202
[00:00:53] Bootstrap tree #10, logLikelihood: -13564.720185

Optimized model parameters:

   Partition 0: noname
   Rate heterogeneity: NONE
   Base frequencies (ML): 0.255256 0.248592 0.259670 0.236483 
   Substitution rates (ML): 1.002892 0.851673 0.963776 0.860756 0.930958 1.000000 
Bootstrap trees saved to: /home/morelbt/github/BenoitDatasets/families/jsim_s8_f100_sites300_d2.0_l1.0_t0.5_seed6/pargenes/mlsearch_run/bootstraps/52_pruned_fasta/52_pruned_fasta_bs1.raxml.bootstraps

Execution log saved to: /home/morelbt/github/BenoitDatasets/families/jsim_s8_f100_sites300_d2.0_l1.0_t0.5_seed6/pargenes/mlsearch_run/bootstraps/52_pruned_fasta/52_pruned_fasta_bs1.raxml.log

Analysis started: 14-Jan-2019 13:33:10 / finished: 14-Jan-2019 13:34:03

Elapsed time: 53.524 seconds

