
RAxML-NG v. 0.6.0git BETA released on 27.07.2018 by The Exelixis Lab.
Authors: Alexey Kozlov, Alexandros Stamatakis, Diego Darriba, Tomas Flouri, Benoit Morel.
Latest version: https://github.com/amkozlov/raxml-ng
Questions/problems/suggestions? Please visit: https://groups.google.com/forum/#!forum/raxml

WARNING: This is a BETA release, please use at your own risk!

RAxML-NG was called as follows:

mpi-scheduler --bootstrap --msa ../BenoitDatasets/families/jsim_s8_f100_sites300_d2.0_l1.0_t0.5_seed6/pargenes/parse_run/results/5_pruned_fasta/5_pruned_fasta.raxml.rba --blopt nr_safe --model GTR --prefix ../BenoitDatasets/families/jsim_s8_f100_sites300_d2.0_l1.0_t0.5_seed6/pargenes/mlsearch_run/bootstraps/5_pruned_fasta/5_pruned_fasta_bs9 --threads 1 --seed 10 --bs-trees 10

Analysis options:
  run mode: Bootstrapping
  start tree(s): 
  bootstrap replicates: 10
  random seed: 10
  tip-inner: ON
  pattern compression: ON
  per-rate scalers: OFF
  site repeats: OFF
  branch lengths: linked (ML estimate, algorithm: NR-SAFE)
  SIMD kernels: AVX2
  parallelization: NONE/sequential

WARNING: The model you specified on the command line (GTR) will be ignored 
         since the binary MSA file already contains a model definition.
         If you want to change the model, please re-run RAxML-NG 
         with the original PHYLIP/FASTA alignment and --redo option.

[00:00:00] Loading binary alignment from file: ../BenoitDatasets/families/jsim_s8_f100_sites300_d2.0_l1.0_t0.5_seed6/pargenes/parse_run/results/5_pruned_fasta/5_pruned_fasta.raxml.rba
[00:00:00] Alignment comprises 7 taxa, 1 partitions and 233 patterns

Partition 0: noname
Model: GTR+FO
Alignment sites / patterns: 300 / 233
Gaps: 0.00 %
Invariant sites: 1.33 %


[00:00:00] Data distribution: max. partitions/sites/weight per thread: 1 / 233 / 932
[00:00:00] Starting bootstrapping analysis with 10 replicates.

[00:00:00] Bootstrap tree #1, logLikelihood: -2089.872342
[00:00:00] Bootstrap tree #2, logLikelihood: -2233.385953
[00:00:00] Bootstrap tree #3, logLikelihood: -2194.915328
[00:00:00] Bootstrap tree #4, logLikelihood: -2160.269826
[00:00:00] Bootstrap tree #5, logLikelihood: -2261.518707
[00:00:00] Bootstrap tree #6, logLikelihood: -2121.350574
[00:00:00] Bootstrap tree #7, logLikelihood: -2095.735917
[00:00:00] Bootstrap tree #8, logLikelihood: -2224.737804
[00:00:00] Bootstrap tree #9, logLikelihood: -2172.191122
[00:00:00] Bootstrap tree #10, logLikelihood: -2188.476256

Optimized model parameters:

   Partition 0: noname
   Rate heterogeneity: NONE
   Base frequencies (ML): 0.245079 0.243475 0.280675 0.230770 
   Substitution rates (ML): 1.190029 0.939233 0.828261 1.245340 0.924916 1.000000 
Bootstrap trees saved to: /home/morelbt/github/BenoitDatasets/families/jsim_s8_f100_sites300_d2.0_l1.0_t0.5_seed6/pargenes/mlsearch_run/bootstraps/5_pruned_fasta/5_pruned_fasta_bs9.raxml.bootstraps

Execution log saved to: /home/morelbt/github/BenoitDatasets/families/jsim_s8_f100_sites300_d2.0_l1.0_t0.5_seed6/pargenes/mlsearch_run/bootstraps/5_pruned_fasta/5_pruned_fasta_bs9.raxml.log

Analysis started: 14-Jan-2019 13:37:42 / finished: 14-Jan-2019 13:37:43

Elapsed time: 0.581 seconds

