
RAxML-NG v. 0.6.0git BETA released on 27.07.2018 by The Exelixis Lab.
Authors: Alexey Kozlov, Alexandros Stamatakis, Diego Darriba, Tomas Flouri, Benoit Morel.
Latest version: https://github.com/amkozlov/raxml-ng
Questions/problems/suggestions? Please visit: https://groups.google.com/forum/#!forum/raxml

WARNING: This is a BETA release, please use at your own risk!

RAxML-NG was called as follows:

mpi-scheduler --bootstrap --msa ../BenoitDatasets/families/alesim_s30_f50_sites200_d2.0_l1.0_seed42/pargenes/parse_run/results/44_prunedfasta/44_prunedfasta.raxml.rba --blopt nr_safe --model GTR --prefix ../BenoitDatasets/families/alesim_s30_f50_sites200_d2.0_l1.0_seed42/pargenes/mlsearch_run/bootstraps/44_prunedfasta/44_prunedfasta_bs9 --threads 1 --seed 10 --bs-trees 10

Analysis options:
  run mode: Bootstrapping
  start tree(s): 
  bootstrap replicates: 10
  random seed: 10
  tip-inner: ON
  pattern compression: ON
  per-rate scalers: OFF
  site repeats: OFF
  branch lengths: linked (ML estimate, algorithm: NR-SAFE)
  SIMD kernels: AVX2
  parallelization: NONE/sequential

WARNING: The model you specified on the command line (GTR) will be ignored 
         since the binary MSA file already contains a model definition.
         If you want to change the model, please re-run RAxML-NG 
         with the original PHYLIP/FASTA alignment and --redo option.

[00:00:00] Loading binary alignment from file: ../BenoitDatasets/families/alesim_s30_f50_sites200_d2.0_l1.0_seed42/pargenes/parse_run/results/44_prunedfasta/44_prunedfasta.raxml.rba
[00:00:00] Alignment comprises 43 taxa, 1 partitions and 199 patterns

Partition 0: noname
Model: GTR+FO
Alignment sites / patterns: 200 / 199
Gaps: 0.00 %
Invariant sites: 0.50 %


[00:00:00] Data distribution: max. partitions/sites/weight per thread: 1 / 199 / 796
[00:00:00] Starting bootstrapping analysis with 10 replicates.

[00:00:00] Bootstrap tree #1, logLikelihood: -2956.541372
[00:00:01] Bootstrap tree #2, logLikelihood: -2940.388446
[00:00:02] Bootstrap tree #3, logLikelihood: -2775.464379
[00:00:04] Bootstrap tree #4, logLikelihood: -3038.974158
[00:00:05] Bootstrap tree #5, logLikelihood: -2871.111739
[00:00:06] Bootstrap tree #6, logLikelihood: -2926.687509
[00:00:07] Bootstrap tree #7, logLikelihood: -2863.550612
[00:00:08] Bootstrap tree #8, logLikelihood: -2889.113525
[00:00:09] Bootstrap tree #9, logLikelihood: -2981.833917
[00:00:10] Bootstrap tree #10, logLikelihood: -2942.228755

Optimized model parameters:

   Partition 0: noname
   Rate heterogeneity: NONE
   Base frequencies (ML): 0.250335 0.248611 0.246281 0.254773 
   Substitution rates (ML): 1.245794 1.111158 1.274459 1.319935 1.077494 1.000000 
Bootstrap trees saved to: /home/morelbt/github/BenoitDatasets/families/alesim_s30_f50_sites200_d2.0_l1.0_seed42/pargenes/mlsearch_run/bootstraps/44_prunedfasta/44_prunedfasta_bs9.raxml.bootstraps

Execution log saved to: /home/morelbt/github/BenoitDatasets/families/alesim_s30_f50_sites200_d2.0_l1.0_seed42/pargenes/mlsearch_run/bootstraps/44_prunedfasta/44_prunedfasta_bs9.raxml.log

Analysis started: 11-Dec-2018 20:57:36 / finished: 11-Dec-2018 20:57:46

Elapsed time: 10.288 seconds

