
RAxML-NG v. 0.6.0git BETA released on 27.07.2018 by The Exelixis Lab.
Authors: Alexey Kozlov, Alexandros Stamatakis, Diego Darriba, Tomas Flouri, Benoit Morel.
Latest version: https://github.com/amkozlov/raxml-ng
Questions/problems/suggestions? Please visit: https://groups.google.com/forum/#!forum/raxml

WARNING: This is a BETA release, please use at your own risk!

RAxML-NG was called as follows:

mpi-scheduler --bootstrap --msa ../BenoitDatasets/families/alesim_s20_f50_sites400_d1.0_l0.5_seed42/pargenes/parse_run/results/12_prunedfasta/12_prunedfasta.raxml.rba --blopt nr_safe --model GTR --prefix ../BenoitDatasets/families/alesim_s20_f50_sites400_d1.0_l0.5_seed42/pargenes/mlsearch_run/bootstraps/12_prunedfasta/12_prunedfasta_bs0 --threads 1 --seed 1 --bs-trees 10

Analysis options:
  run mode: Bootstrapping
  start tree(s): 
  bootstrap replicates: 10
  random seed: 1
  tip-inner: ON
  pattern compression: ON
  per-rate scalers: OFF
  site repeats: OFF
  branch lengths: linked (ML estimate, algorithm: NR-SAFE)
  SIMD kernels: AVX2
  parallelization: NONE/sequential

WARNING: The model you specified on the command line (GTR) will be ignored 
         since the binary MSA file already contains a model definition.
         If you want to change the model, please re-run RAxML-NG 
         with the original PHYLIP/FASTA alignment and --redo option.

[00:00:00] Loading binary alignment from file: ../BenoitDatasets/families/alesim_s20_f50_sites400_d1.0_l0.5_seed42/pargenes/parse_run/results/12_prunedfasta/12_prunedfasta.raxml.rba
[00:00:00] Alignment comprises 40 taxa, 1 partitions and 396 patterns

Partition 0: noname
Model: GTR+FO
Alignment sites / patterns: 400 / 396
Gaps: 0.00 %
Invariant sites: 1.00 %


[00:00:00] Data distribution: max. partitions/sites/weight per thread: 1 / 396 / 1584
[00:00:00] Starting bootstrapping analysis with 10 replicates.

[00:00:03] Bootstrap tree #1, logLikelihood: -7006.150028
[00:00:05] Bootstrap tree #2, logLikelihood: -7049.259586
[00:00:08] Bootstrap tree #3, logLikelihood: -7352.126101
[00:00:10] Bootstrap tree #4, logLikelihood: -7186.811296
[00:00:12] Bootstrap tree #5, logLikelihood: -7047.582052
[00:00:14] Bootstrap tree #6, logLikelihood: -7113.192255
[00:00:16] Bootstrap tree #7, logLikelihood: -6980.231728
[00:00:18] Bootstrap tree #8, logLikelihood: -7195.232299
[00:00:20] Bootstrap tree #9, logLikelihood: -6944.280922
[00:00:22] Bootstrap tree #10, logLikelihood: -7121.882636

Optimized model parameters:

   Partition 0: noname
   Rate heterogeneity: NONE
   Base frequencies (ML): 0.269742 0.235003 0.243151 0.252104 
   Substitution rates (ML): 1.013163 1.052533 0.822337 0.862316 0.850734 1.000000 
Bootstrap trees saved to: /home/morelbt/github/BenoitDatasets/families/alesim_s20_f50_sites400_d1.0_l0.5_seed42/pargenes/mlsearch_run/bootstraps/12_prunedfasta/12_prunedfasta_bs0.raxml.bootstraps

Execution log saved to: /home/morelbt/github/BenoitDatasets/families/alesim_s20_f50_sites400_d1.0_l0.5_seed42/pargenes/mlsearch_run/bootstraps/12_prunedfasta/12_prunedfasta_bs0.raxml.log

Analysis started: 11-Dec-2018 15:33:43 / finished: 11-Dec-2018 15:34:05

Elapsed time: 22.621 seconds

