
RAxML-NG v. 0.6.0git BETA released on 27.07.2018 by The Exelixis Lab.
Authors: Alexey Kozlov, Alexandros Stamatakis, Diego Darriba, Tomas Flouri, Benoit Morel.
Latest version: https://github.com/amkozlov/raxml-ng
Questions/problems/suggestions? Please visit: https://groups.google.com/forum/#!forum/raxml

WARNING: This is a BETA release, please use at your own risk!

RAxML-NG was called as follows:

mpi-scheduler --bootstrap --msa ../BenoitDatasets/families/alesim_s20_f50_sites400_d1.0_l0.5_seed42/pargenes/parse_run/results/12_prunedfasta/12_prunedfasta.raxml.rba --blopt nr_safe --model GTR --prefix ../BenoitDatasets/families/alesim_s20_f50_sites400_d1.0_l0.5_seed42/pargenes/mlsearch_run/bootstraps/12_prunedfasta/12_prunedfasta_bs3 --threads 1 --seed 4 --bs-trees 10

Analysis options:
  run mode: Bootstrapping
  start tree(s): 
  bootstrap replicates: 10
  random seed: 4
  tip-inner: ON
  pattern compression: ON
  per-rate scalers: OFF
  site repeats: OFF
  branch lengths: linked (ML estimate, algorithm: NR-SAFE)
  SIMD kernels: AVX2
  parallelization: NONE/sequential

WARNING: The model you specified on the command line (GTR) will be ignored 
         since the binary MSA file already contains a model definition.
         If you want to change the model, please re-run RAxML-NG 
         with the original PHYLIP/FASTA alignment and --redo option.

[00:00:00] Loading binary alignment from file: ../BenoitDatasets/families/alesim_s20_f50_sites400_d1.0_l0.5_seed42/pargenes/parse_run/results/12_prunedfasta/12_prunedfasta.raxml.rba
[00:00:00] Alignment comprises 40 taxa, 1 partitions and 396 patterns

Partition 0: noname
Model: GTR+FO
Alignment sites / patterns: 400 / 396
Gaps: 0.00 %
Invariant sites: 1.00 %


[00:00:00] Data distribution: max. partitions/sites/weight per thread: 1 / 396 / 1584
[00:00:00] Starting bootstrapping analysis with 10 replicates.

[00:00:03] Bootstrap tree #1, logLikelihood: -7145.703281
[00:00:06] Bootstrap tree #2, logLikelihood: -7252.034412
[00:00:08] Bootstrap tree #3, logLikelihood: -6905.063529
[00:00:10] Bootstrap tree #4, logLikelihood: -7161.781493
[00:00:12] Bootstrap tree #5, logLikelihood: -7214.429213
[00:00:15] Bootstrap tree #6, logLikelihood: -6884.726209
[00:00:17] Bootstrap tree #7, logLikelihood: -7141.393182
[00:00:19] Bootstrap tree #8, logLikelihood: -7181.795603
[00:00:21] Bootstrap tree #9, logLikelihood: -7286.952919
[00:00:23] Bootstrap tree #10, logLikelihood: -6973.394106

Optimized model parameters:

   Partition 0: noname
   Rate heterogeneity: NONE
   Base frequencies (ML): 0.261568 0.234172 0.246305 0.257955 
   Substitution rates (ML): 0.776491 0.885747 0.802620 0.755150 0.740952 1.000000 
Bootstrap trees saved to: /home/morelbt/github/BenoitDatasets/families/alesim_s20_f50_sites400_d1.0_l0.5_seed42/pargenes/mlsearch_run/bootstraps/12_prunedfasta/12_prunedfasta_bs3.raxml.bootstraps

Execution log saved to: /home/morelbt/github/BenoitDatasets/families/alesim_s20_f50_sites400_d1.0_l0.5_seed42/pargenes/mlsearch_run/bootstraps/12_prunedfasta/12_prunedfasta_bs3.raxml.log

Analysis started: 11-Dec-2018 15:33:40 / finished: 11-Dec-2018 15:34:04

Elapsed time: 23.701 seconds

