
RAxML-NG v. 0.6.0git BETA released on 27.07.2018 by The Exelixis Lab.
Authors: Alexey Kozlov, Alexandros Stamatakis, Diego Darriba, Tomas Flouri, Benoit Morel.
Latest version: https://github.com/amkozlov/raxml-ng
Questions/problems/suggestions? Please visit: https://groups.google.com/forum/#!forum/raxml

WARNING: This is a BETA release, please use at your own risk!

RAxML-NG was called as follows:

mpi-scheduler --bootstrap --msa ../BenoitDatasets/families/jsim_s27_f100_sites1000_d2.0_l1.0_seed6/pargenes/parse_run/results/71_fasta/71_fasta.raxml.rba --blopt nr_safe --model GTR --prefix ../BenoitDatasets/families/jsim_s27_f100_sites1000_d2.0_l1.0_seed6/pargenes/mlsearch_run/bootstraps/71_fasta/71_fasta_bs6 --threads 1 --seed 7 --bs-trees 10

Analysis options:
  run mode: Bootstrapping
  start tree(s): 
  bootstrap replicates: 10
  random seed: 7
  tip-inner: ON
  pattern compression: ON
  per-rate scalers: OFF
  site repeats: OFF
  branch lengths: linked (ML estimate, algorithm: NR-SAFE)
  SIMD kernels: AVX2
  parallelization: NONE/sequential

WARNING: The model you specified on the command line (GTR) will be ignored 
         since the binary MSA file already contains a model definition.
         If you want to change the model, please re-run RAxML-NG 
         with the original PHYLIP/FASTA alignment and --redo option.

[00:00:00] Loading binary alignment from file: ../BenoitDatasets/families/jsim_s27_f100_sites1000_d2.0_l1.0_seed6/pargenes/parse_run/results/71_fasta/71_fasta.raxml.rba
[00:00:00] Alignment comprises 46 taxa, 1 partitions and 1000 patterns

Partition 0: noname
Model: GTR+FO
Alignment sites / patterns: 1000 / 1000
Gaps: 0.00 %
Invariant sites: 0.00 %


[00:00:00] Data distribution: max. partitions/sites/weight per thread: 1 / 1000 / 4000
[00:00:00] Starting bootstrapping analysis with 10 replicates.

[00:00:11] Bootstrap tree #1, logLikelihood: -41478.978273
[00:00:18] Bootstrap tree #2, logLikelihood: -41255.609535
[00:00:27] Bootstrap tree #3, logLikelihood: -41516.471218
[00:00:37] Bootstrap tree #4, logLikelihood: -41372.687115
[00:00:46] Bootstrap tree #5, logLikelihood: -41124.772430
[00:00:55] Bootstrap tree #6, logLikelihood: -41179.848827
[00:01:04] Bootstrap tree #7, logLikelihood: -41845.869074
[00:01:13] Bootstrap tree #8, logLikelihood: -41162.341236
[00:01:22] Bootstrap tree #9, logLikelihood: -41467.503958
[00:01:31] Bootstrap tree #10, logLikelihood: -41491.644294

Optimized model parameters:

   Partition 0: noname
   Rate heterogeneity: NONE
   Base frequencies (ML): 0.251870 0.244455 0.244416 0.259259 
   Substitution rates (ML): 1.137244 1.149917 1.054412 1.005215 0.998504 1.000000 
Bootstrap trees saved to: /home/morelbt/github/BenoitDatasets/families/jsim_s27_f100_sites1000_d2.0_l1.0_seed6/pargenes/mlsearch_run/bootstraps/71_fasta/71_fasta_bs6.raxml.bootstraps

Execution log saved to: /home/morelbt/github/BenoitDatasets/families/jsim_s27_f100_sites1000_d2.0_l1.0_seed6/pargenes/mlsearch_run/bootstraps/71_fasta/71_fasta_bs6.raxml.log

Analysis started: 07-Dec-2018 15:44:22 / finished: 07-Dec-2018 15:45:53

Elapsed time: 91.501 seconds

