
RAxML-NG v. 0.6.0git BETA released on 27.07.2018 by The Exelixis Lab.
Authors: Alexey Kozlov, Alexandros Stamatakis, Diego Darriba, Tomas Flouri, Benoit Morel.
Latest version: https://github.com/amkozlov/raxml-ng
Questions/problems/suggestions? Please visit: https://groups.google.com/forum/#!forum/raxml

WARNING: This is a BETA release, please use at your own risk!

RAxML-NG was called as follows:

mpi-scheduler --bootstrap --msa ../BenoitDatasets/families/jsim_s27_f100_sites200_d6.0_l3.0_seed6/pargenes/parse_run/results/8_fasta/8_fasta.raxml.rba --blopt nr_safe --model GTR --prefix ../BenoitDatasets/families/jsim_s27_f100_sites200_d6.0_l3.0_seed6/pargenes/mlsearch_run/bootstraps/8_fasta/8_fasta_bs0 --threads 1 --seed 1 --bs-trees 10

Analysis options:
  run mode: Bootstrapping
  start tree(s): 
  bootstrap replicates: 10
  random seed: 1
  tip-inner: ON
  pattern compression: ON
  per-rate scalers: OFF
  site repeats: OFF
  branch lengths: linked (ML estimate, algorithm: NR-SAFE)
  SIMD kernels: AVX2
  parallelization: NONE/sequential

WARNING: The model you specified on the command line (GTR) will be ignored 
         since the binary MSA file already contains a model definition.
         If you want to change the model, please re-run RAxML-NG 
         with the original PHYLIP/FASTA alignment and --redo option.

[00:00:00] Loading binary alignment from file: ../BenoitDatasets/families/jsim_s27_f100_sites200_d6.0_l3.0_seed6/pargenes/parse_run/results/8_fasta/8_fasta.raxml.rba
[00:00:00] Alignment comprises 8 taxa, 1 partitions and 133 patterns

Partition 0: noname
Model: GTR+FO
Alignment sites / patterns: 200 / 133
Gaps: 0.00 %
Invariant sites: 2.00 %


[00:00:00] Data distribution: max. partitions/sites/weight per thread: 1 / 133 / 532
[00:00:00] Starting bootstrapping analysis with 10 replicates.

[00:00:00] Bootstrap tree #1, logLikelihood: -1290.788835
[00:00:00] Bootstrap tree #2, logLikelihood: -1295.626469
[00:00:00] Bootstrap tree #3, logLikelihood: -1255.122504
[00:00:00] Bootstrap tree #4, logLikelihood: -1361.383804
[00:00:00] Bootstrap tree #5, logLikelihood: -1269.303270
[00:00:00] Bootstrap tree #6, logLikelihood: -1259.383899
[00:00:00] Bootstrap tree #7, logLikelihood: -1307.086452
[00:00:00] Bootstrap tree #8, logLikelihood: -1268.338639
[00:00:00] Bootstrap tree #9, logLikelihood: -1244.842447
[00:00:00] Bootstrap tree #10, logLikelihood: -1273.468528

Optimized model parameters:

   Partition 0: noname
   Rate heterogeneity: NONE
   Base frequencies (ML): 0.288792 0.255627 0.233060 0.222521 
   Substitution rates (ML): 0.861294 0.802136 0.466560 0.599014 0.678478 1.000000 
Bootstrap trees saved to: /home/morelbt/github/BenoitDatasets/families/jsim_s27_f100_sites200_d6.0_l3.0_seed6/pargenes/mlsearch_run/bootstraps/8_fasta/8_fasta_bs0.raxml.bootstraps

Execution log saved to: /home/morelbt/github/BenoitDatasets/families/jsim_s27_f100_sites200_d6.0_l3.0_seed6/pargenes/mlsearch_run/bootstraps/8_fasta/8_fasta_bs0.raxml.log

Analysis started: 07-Dec-2018 15:33:01 / finished: 07-Dec-2018 15:33:01

Elapsed time: 0.490 seconds

