
RAxML-NG v. 0.6.0git BETA released on 27.07.2018 by The Exelixis Lab.
Authors: Alexey Kozlov, Alexandros Stamatakis, Diego Darriba, Tomas Flouri, Benoit Morel.
Latest version: https://github.com/amkozlov/raxml-ng
Questions/problems/suggestions? Please visit: https://groups.google.com/forum/#!forum/raxml

WARNING: This is a BETA release, please use at your own risk!

RAxML-NG was called as follows:

mpi-scheduler --bootstrap --msa ../BenoitDatasets/families/jsim_s8_f100_sites300_d2.0_l1.0_t0.5_seed6/pargenes/parse_run/results/77_pruned_fasta/77_pruned_fasta.raxml.rba --blopt nr_safe --model GTR --prefix ../BenoitDatasets/families/jsim_s8_f100_sites300_d2.0_l1.0_t0.5_seed6/pargenes/mlsearch_run/bootstraps/77_pruned_fasta/77_pruned_fasta_bs5 --threads 1 --seed 6 --bs-trees 10

Analysis options:
  run mode: Bootstrapping
  start tree(s): 
  bootstrap replicates: 10
  random seed: 6
  tip-inner: ON
  pattern compression: ON
  per-rate scalers: OFF
  site repeats: OFF
  branch lengths: linked (ML estimate, algorithm: NR-SAFE)
  SIMD kernels: AVX2
  parallelization: NONE/sequential

WARNING: The model you specified on the command line (GTR) will be ignored 
         since the binary MSA file already contains a model definition.
         If you want to change the model, please re-run RAxML-NG 
         with the original PHYLIP/FASTA alignment and --redo option.

[00:00:00] Loading binary alignment from file: ../BenoitDatasets/families/jsim_s8_f100_sites300_d2.0_l1.0_t0.5_seed6/pargenes/parse_run/results/77_pruned_fasta/77_pruned_fasta.raxml.rba
[00:00:00] Alignment comprises 47 taxa, 1 partitions and 300 patterns

Partition 0: noname
Model: GTR+FO
Alignment sites / patterns: 300 / 300
Gaps: 0.00 %
Invariant sites: 0.00 %


[00:00:00] Data distribution: max. partitions/sites/weight per thread: 1 / 300 / 1200
[00:00:00] Starting bootstrapping analysis with 10 replicates.

[00:00:02] Bootstrap tree #1, logLikelihood: -13187.874617
[00:00:05] Bootstrap tree #2, logLikelihood: -13228.958270
[00:00:09] Bootstrap tree #3, logLikelihood: -13373.015467
[00:00:12] Bootstrap tree #4, logLikelihood: -13237.905970
[00:00:16] Bootstrap tree #5, logLikelihood: -13164.247013
[00:00:19] Bootstrap tree #6, logLikelihood: -13063.077211
[00:00:22] Bootstrap tree #7, logLikelihood: -13164.717516
[00:00:26] Bootstrap tree #8, logLikelihood: -13246.119422
[00:00:30] Bootstrap tree #9, logLikelihood: -13246.863030
[00:00:32] Bootstrap tree #10, logLikelihood: -13329.214933

Optimized model parameters:

   Partition 0: noname
   Rate heterogeneity: NONE
   Base frequencies (ML): 0.260638 0.246079 0.263805 0.229478 
   Substitution rates (ML): 0.915919 0.961876 0.924616 0.946251 0.911912 1.000000 
Bootstrap trees saved to: /home/morelbt/github/BenoitDatasets/families/jsim_s8_f100_sites300_d2.0_l1.0_t0.5_seed6/pargenes/mlsearch_run/bootstraps/77_pruned_fasta/77_pruned_fasta_bs5.raxml.bootstraps

Execution log saved to: /home/morelbt/github/BenoitDatasets/families/jsim_s8_f100_sites300_d2.0_l1.0_t0.5_seed6/pargenes/mlsearch_run/bootstraps/77_pruned_fasta/77_pruned_fasta_bs5.raxml.log

Analysis started: 14-Jan-2019 13:33:37 / finished: 14-Jan-2019 13:34:10

Elapsed time: 32.839 seconds

