
RAxML-NG v. 0.6.0git BETA released on 27.07.2018 by The Exelixis Lab.
Authors: Alexey Kozlov, Alexandros Stamatakis, Diego Darriba, Tomas Flouri, Benoit Morel.
Latest version: https://github.com/amkozlov/raxml-ng
Questions/problems/suggestions? Please visit: https://groups.google.com/forum/#!forum/raxml

WARNING: This is a BETA release, please use at your own risk!

RAxML-NG was called as follows:

mpi-scheduler --bootstrap --msa ../BenoitDatasets/families/alesim_s20_f50_sites400_d1.0_l0.5_seed42/pargenes/parse_run/results/52_prunedfasta/52_prunedfasta.raxml.rba --blopt nr_safe --model GTR --prefix ../BenoitDatasets/families/alesim_s20_f50_sites400_d1.0_l0.5_seed42/pargenes/mlsearch_run/bootstraps/52_prunedfasta/52_prunedfasta_bs8 --threads 1 --seed 9 --bs-trees 10

Analysis options:
  run mode: Bootstrapping
  start tree(s): 
  bootstrap replicates: 10
  random seed: 9
  tip-inner: ON
  pattern compression: ON
  per-rate scalers: OFF
  site repeats: OFF
  branch lengths: linked (ML estimate, algorithm: NR-SAFE)
  SIMD kernels: AVX2
  parallelization: NONE/sequential

WARNING: The model you specified on the command line (GTR) will be ignored 
         since the binary MSA file already contains a model definition.
         If you want to change the model, please re-run RAxML-NG 
         with the original PHYLIP/FASTA alignment and --redo option.

[00:00:00] Loading binary alignment from file: ../BenoitDatasets/families/alesim_s20_f50_sites400_d1.0_l0.5_seed42/pargenes/parse_run/results/52_prunedfasta/52_prunedfasta.raxml.rba
[00:00:00] Alignment comprises 100 taxa, 1 partitions and 400 patterns

Partition 0: noname
Model: GTR+FO
Alignment sites / patterns: 400 / 400
Gaps: 0.00 %
Invariant sites: 0.00 %


[00:00:00] Data distribution: max. partitions/sites/weight per thread: 1 / 400 / 1600
[00:00:00] Starting bootstrapping analysis with 10 replicates.

[00:00:10] Bootstrap tree #1, logLikelihood: -20732.761310
[00:00:20] Bootstrap tree #2, logLikelihood: -20924.702110
[00:00:31] Bootstrap tree #3, logLikelihood: -20952.365253
[00:00:42] Bootstrap tree #4, logLikelihood: -21035.987147
[00:00:57] Bootstrap tree #5, logLikelihood: -21418.178239
[00:01:09] Bootstrap tree #6, logLikelihood: -20862.224627
[00:01:19] Bootstrap tree #7, logLikelihood: -20885.262333
[00:01:33] Bootstrap tree #8, logLikelihood: -20941.567652
[00:01:45] Bootstrap tree #9, logLikelihood: -21149.692119
[00:01:58] Bootstrap tree #10, logLikelihood: -20882.542440

Optimized model parameters:

   Partition 0: noname
   Rate heterogeneity: NONE
   Base frequencies (ML): 0.246143 0.261967 0.248544 0.243346 
   Substitution rates (ML): 0.961258 0.973455 0.996564 0.893320 0.934251 1.000000 
Bootstrap trees saved to: /home/morelbt/github/BenoitDatasets/families/alesim_s20_f50_sites400_d1.0_l0.5_seed42/pargenes/mlsearch_run/bootstraps/52_prunedfasta/52_prunedfasta_bs8.raxml.bootstraps

Execution log saved to: /home/morelbt/github/BenoitDatasets/families/alesim_s20_f50_sites400_d1.0_l0.5_seed42/pargenes/mlsearch_run/bootstraps/52_prunedfasta/52_prunedfasta_bs8.raxml.log

Analysis started: 11-Dec-2018 15:28:38 / finished: 11-Dec-2018 15:30:36

Elapsed time: 118.301 seconds

