
RAxML-NG v. 0.6.0git BETA released on 27.07.2018 by The Exelixis Lab.
Authors: Alexey Kozlov, Alexandros Stamatakis, Diego Darriba, Tomas Flouri, Benoit Morel.
Latest version: https://github.com/amkozlov/raxml-ng
Questions/problems/suggestions? Please visit: https://groups.google.com/forum/#!forum/raxml

WARNING: This is a BETA release, please use at your own risk!

RAxML-NG was called as follows:

mpi-scheduler --bootstrap --msa ../BenoitDatasets/families/alesim_s20_f50_sites400_d1.0_l0.5_seed42/pargenes/parse_run/results/52_prunedfasta/52_prunedfasta.raxml.rba --blopt nr_safe --model GTR --prefix ../BenoitDatasets/families/alesim_s20_f50_sites400_d1.0_l0.5_seed42/pargenes/mlsearch_run/bootstraps/52_prunedfasta/52_prunedfasta_bs1 --threads 1 --seed 2 --bs-trees 10

Analysis options:
  run mode: Bootstrapping
  start tree(s): 
  bootstrap replicates: 10
  random seed: 2
  tip-inner: ON
  pattern compression: ON
  per-rate scalers: OFF
  site repeats: OFF
  branch lengths: linked (ML estimate, algorithm: NR-SAFE)
  SIMD kernels: AVX2
  parallelization: NONE/sequential

WARNING: The model you specified on the command line (GTR) will be ignored 
         since the binary MSA file already contains a model definition.
         If you want to change the model, please re-run RAxML-NG 
         with the original PHYLIP/FASTA alignment and --redo option.

[00:00:00] Loading binary alignment from file: ../BenoitDatasets/families/alesim_s20_f50_sites400_d1.0_l0.5_seed42/pargenes/parse_run/results/52_prunedfasta/52_prunedfasta.raxml.rba
[00:00:00] Alignment comprises 100 taxa, 1 partitions and 400 patterns

Partition 0: noname
Model: GTR+FO
Alignment sites / patterns: 400 / 400
Gaps: 0.00 %
Invariant sites: 0.00 %


[00:00:00] Data distribution: max. partitions/sites/weight per thread: 1 / 400 / 1600
[00:00:00] Starting bootstrapping analysis with 10 replicates.

[00:00:12] Bootstrap tree #1, logLikelihood: -21287.785221
[00:00:27] Bootstrap tree #2, logLikelihood: -21265.502034
[00:00:40] Bootstrap tree #3, logLikelihood: -20958.933245
[00:00:53] Bootstrap tree #4, logLikelihood: -20968.083560
[00:01:10] Bootstrap tree #5, logLikelihood: -20939.470600
[00:01:20] Bootstrap tree #6, logLikelihood: -20912.686998
[00:01:30] Bootstrap tree #7, logLikelihood: -21059.146639
[00:01:43] Bootstrap tree #8, logLikelihood: -20888.996820
[00:01:53] Bootstrap tree #9, logLikelihood: -20904.744280
[00:02:06] Bootstrap tree #10, logLikelihood: -20457.221676

Optimized model parameters:

   Partition 0: noname
   Rate heterogeneity: NONE
   Base frequencies (ML): 0.234561 0.266295 0.268251 0.230893 
   Substitution rates (ML): 0.962619 1.018660 1.142793 0.870148 0.933340 1.000000 
Bootstrap trees saved to: /home/morelbt/github/BenoitDatasets/families/alesim_s20_f50_sites400_d1.0_l0.5_seed42/pargenes/mlsearch_run/bootstraps/52_prunedfasta/52_prunedfasta_bs1.raxml.bootstraps

Execution log saved to: /home/morelbt/github/BenoitDatasets/families/alesim_s20_f50_sites400_d1.0_l0.5_seed42/pargenes/mlsearch_run/bootstraps/52_prunedfasta/52_prunedfasta_bs1.raxml.log

Analysis started: 11-Dec-2018 15:28:41 / finished: 11-Dec-2018 15:30:47

Elapsed time: 126.155 seconds

