
RAxML-NG v. 0.6.0git BETA released on 27.07.2018 by The Exelixis Lab.
Authors: Alexey Kozlov, Alexandros Stamatakis, Diego Darriba, Tomas Flouri, Benoit Morel.
Latest version: https://github.com/amkozlov/raxml-ng
Questions/problems/suggestions? Please visit: https://groups.google.com/forum/#!forum/raxml

WARNING: This is a BETA release, please use at your own risk!

RAxML-NG was called as follows:

mpi-scheduler --msa ../BenoitDatasets/families/alesim_s20_f50_sites400_d1.0_l0.5_seed42/pargenes/parse_run/results/27_prunedfasta/27_prunedfasta.raxml.rba --blopt nr_safe --model GTR --prefix ../BenoitDatasets/families/alesim_s20_f50_sites400_d1.0_l0.5_seed42/pargenes/mlsearch_run/results/27_prunedfasta/27_prunedfasta --threads 1 --seed 1

Analysis options:
  run mode: ML tree search
  start tree(s): random (1)
  random seed: 1
  tip-inner: ON
  pattern compression: ON
  per-rate scalers: OFF
  site repeats: OFF
  fast spr radius: AUTO
  spr subtree cutoff: 1.000000
  branch lengths: linked (ML estimate, algorithm: NR-SAFE)
  SIMD kernels: AVX2
  parallelization: NONE/sequential

WARNING: The model you specified on the command line (GTR) will be ignored 
         since the binary MSA file already contains a model definition.
         If you want to change the model, please re-run RAxML-NG 
         with the original PHYLIP/FASTA alignment and --redo option.

[00:00:00] Loading binary alignment from file: ../BenoitDatasets/families/alesim_s20_f50_sites400_d1.0_l0.5_seed42/pargenes/parse_run/results/27_prunedfasta/27_prunedfasta.raxml.rba
[00:00:00] Alignment comprises 41 taxa, 1 partitions and 386 patterns

Partition 0: noname
Model: GTR+FO
Alignment sites / patterns: 400 / 386
Gaps: 0.00 %
Invariant sites: 1.00 %


[00:00:00] Generating 1 random starting tree(s) with 41 taxa
[00:00:00] Data distribution: max. partitions/sites/weight per thread: 1 / 386 / 1544

Starting ML tree search with 1 distinct starting trees

[00:00:00 -13221.047458] Initial branch length optimization
[00:00:00 -11702.132589] Model parameter optimization (eps = 10.000000)
[00:00:00 -11687.505831] AUTODETECT spr round 1 (radius: 5)
[00:00:00 -7055.339816] AUTODETECT spr round 2 (radius: 10)
[00:00:00 -6509.193141] AUTODETECT spr round 3 (radius: 15)
[00:00:00 -6509.192614] SPR radius for FAST iterations: 10 (autodetect)
[00:00:00 -6509.192614] Model parameter optimization (eps = 3.000000)
[00:00:00 -6504.330011] FAST spr round 1 (radius: 10)
[00:00:00 -6250.725954] FAST spr round 2 (radius: 10)
[00:00:00 -6223.792519] FAST spr round 3 (radius: 10)
[00:00:01 -6223.792519] Model parameter optimization (eps = 1.000000)
[00:00:01 -6223.448511] SLOW spr round 1 (radius: 5)
[00:00:01 -6223.448484] SLOW spr round 2 (radius: 10)
[00:00:02 -6223.448484] SLOW spr round 3 (radius: 15)
[00:00:02 -6223.448484] SLOW spr round 4 (radius: 20)
[00:00:02 -6223.448484] SLOW spr round 5 (radius: 25)
[00:00:02 -6223.448484] Model parameter optimization (eps = 0.100000)

[00:00:02] ML tree search #1, logLikelihood: -6223.425980


Optimized model parameters:

   Partition 0: noname
   Rate heterogeneity: NONE
   Base frequencies (ML): 0.265123 0.257910 0.246183 0.230784 
   Substitution rates (ML): 0.979282 0.997050 0.865308 0.908140 0.907717 1.000000 

Final LogLikelihood: -6223.425980

Best ML tree saved to: /home/morelbt/github/BenoitDatasets/families/alesim_s20_f50_sites400_d1.0_l0.5_seed42/pargenes/mlsearch_run/results/27_prunedfasta/27_prunedfasta.raxml.bestTree
Optimized model saved to: /home/morelbt/github/BenoitDatasets/families/alesim_s20_f50_sites400_d1.0_l0.5_seed42/pargenes/mlsearch_run/results/27_prunedfasta/27_prunedfasta.raxml.bestModel

Execution log saved to: /home/morelbt/github/BenoitDatasets/families/alesim_s20_f50_sites400_d1.0_l0.5_seed42/pargenes/mlsearch_run/results/27_prunedfasta/27_prunedfasta.raxml.log

Analysis started: 11-Dec-2018 15:35:12 / finished: 11-Dec-2018 15:35:15

Elapsed time: 2.494 seconds

