
RAxML-NG v. 0.6.0git BETA released on 27.07.2018 by The Exelixis Lab.
Authors: Alexey Kozlov, Alexandros Stamatakis, Diego Darriba, Tomas Flouri, Benoit Morel.
Latest version: https://github.com/amkozlov/raxml-ng
Questions/problems/suggestions? Please visit: https://groups.google.com/forum/#!forum/raxml

WARNING: This is a BETA release, please use at your own risk!

RAxML-NG was called as follows:

mpi-scheduler --support --tree ../BenoitDatasets/families/jsim_s8_f100_sites300_d2.0_l1.0/pargenes/mlsearch_run/results/8_fasta/8_fasta.raxml.bestTree --bs-trees ../BenoitDatasets/families/jsim_s8_f100_sites300_d2.0_l1.0/pargenes/concatenated_bootstraps/8_fasta.bs --threads 1 --prefix ../BenoitDatasets/families/jsim_s8_f100_sites300_d2.0_l1.0/pargenes/supports_run/results/8_fasta.support

Analysis options:
  run mode: Compute bipartition support
  start tree(s): user
  random seed: 1544013187
  tip-inner: ON
  pattern compression: ON
  per-rate scalers: OFF
  site repeats: OFF
  branch lengths: linked (ML estimate, algorithm: NR-FAST)
  SIMD kernels: AVX2
  parallelization: NONE/sequential

Reading reference tree from file: ../BenoitDatasets/families/jsim_s8_f100_sites300_d2.0_l1.0/pargenes/mlsearch_run/results/8_fasta/8_fasta.raxml.bestTree
Reference tree size: 18

Reading bootstrap trees from file: ../BenoitDatasets/families/jsim_s8_f100_sites300_d2.0_l1.0/pargenes/concatenated_bootstraps/8_fasta.bs
Bootstrap trees found: 100

Best ML tree with bootstrap support values saved to: /home/morelbt/github/BenoitDatasets/families/jsim_s8_f100_sites300_d2.0_l1.0/pargenes/supports_run/results/8_fasta.support.raxml.support

Execution log saved to: /home/morelbt/github/BenoitDatasets/families/jsim_s8_f100_sites300_d2.0_l1.0/pargenes/supports_run/results/8_fasta.support.raxml.log

Analysis started: 05-Dec-2018 13:33:07 / finished: 05-Dec-2018 13:33:08

Elapsed time: 0.007 seconds

