
RAxML-NG v. 0.6.0git BETA released on 27.07.2018 by The Exelixis Lab.
Authors: Alexey Kozlov, Alexandros Stamatakis, Diego Darriba, Tomas Flouri, Benoit Morel.
Latest version: https://github.com/amkozlov/raxml-ng
Questions/problems/suggestions? Please visit: https://groups.google.com/forum/#!forum/raxml

WARNING: This is a BETA release, please use at your own risk!

RAxML-NG was called as follows:

mpi-scheduler --bootstrap --msa ../BenoitDatasets/families/alesim_s30_f50_sites200_d2.0_l1.0_seed42/pargenes/parse_run/results/25_prunedfasta/25_prunedfasta.raxml.rba --blopt nr_safe --model GTR --prefix ../BenoitDatasets/families/alesim_s30_f50_sites200_d2.0_l1.0_seed42/pargenes/mlsearch_run/bootstraps/25_prunedfasta/25_prunedfasta_bs4 --threads 1 --seed 5 --bs-trees 10

Analysis options:
  run mode: Bootstrapping
  start tree(s): 
  bootstrap replicates: 10
  random seed: 5
  tip-inner: ON
  pattern compression: ON
  per-rate scalers: OFF
  site repeats: OFF
  branch lengths: linked (ML estimate, algorithm: NR-SAFE)
  SIMD kernels: AVX2
  parallelization: NONE/sequential

WARNING: The model you specified on the command line (GTR) will be ignored 
         since the binary MSA file already contains a model definition.
         If you want to change the model, please re-run RAxML-NG 
         with the original PHYLIP/FASTA alignment and --redo option.

[00:00:00] Loading binary alignment from file: ../BenoitDatasets/families/alesim_s30_f50_sites200_d2.0_l1.0_seed42/pargenes/parse_run/results/25_prunedfasta/25_prunedfasta.raxml.rba
[00:00:00] Alignment comprises 54 taxa, 1 partitions and 199 patterns

Partition 0: noname
Model: GTR+FO
Alignment sites / patterns: 200 / 199
Gaps: 0.00 %
Invariant sites: 1.00 %


[00:00:00] Data distribution: max. partitions/sites/weight per thread: 1 / 199 / 796
[00:00:00] Starting bootstrapping analysis with 10 replicates.

[00:00:01] Bootstrap tree #1, logLikelihood: -3908.683938
[00:00:02] Bootstrap tree #2, logLikelihood: -3826.162198
[00:00:04] Bootstrap tree #3, logLikelihood: -3941.235014
[00:00:05] Bootstrap tree #4, logLikelihood: -4023.767682
[00:00:06] Bootstrap tree #5, logLikelihood: -3917.771784
[00:00:08] Bootstrap tree #6, logLikelihood: -3919.396107
[00:00:09] Bootstrap tree #7, logLikelihood: -3988.442177
[00:00:10] Bootstrap tree #8, logLikelihood: -3861.390030
[00:00:12] Bootstrap tree #9, logLikelihood: -3838.709031
[00:00:13] Bootstrap tree #10, logLikelihood: -3913.731814

Optimized model parameters:

   Partition 0: noname
   Rate heterogeneity: NONE
   Base frequencies (ML): 0.277064 0.260083 0.226484 0.236369 
   Substitution rates (ML): 0.666663 1.004963 0.965192 0.991858 1.135370 1.000000 
Bootstrap trees saved to: /home/morelbt/github/BenoitDatasets/families/alesim_s30_f50_sites200_d2.0_l1.0_seed42/pargenes/mlsearch_run/bootstraps/25_prunedfasta/25_prunedfasta_bs4.raxml.bootstraps

Execution log saved to: /home/morelbt/github/BenoitDatasets/families/alesim_s30_f50_sites200_d2.0_l1.0_seed42/pargenes/mlsearch_run/bootstraps/25_prunedfasta/25_prunedfasta_bs4.raxml.log

Analysis started: 11-Dec-2018 20:57:19 / finished: 11-Dec-2018 20:57:33

Elapsed time: 13.426 seconds

