
RAxML-NG v. 0.6.0git BETA released on 27.07.2018 by The Exelixis Lab.
Authors: Alexey Kozlov, Alexandros Stamatakis, Diego Darriba, Tomas Flouri, Benoit Morel.
Latest version: https://github.com/amkozlov/raxml-ng
Questions/problems/suggestions? Please visit: https://groups.google.com/forum/#!forum/raxml

WARNING: This is a BETA release, please use at your own risk!

RAxML-NG was called as follows:

mpi-scheduler --bootstrap --msa ../BenoitDatasets/families/jsim_s27_f100_sites1000_d2.0_l1.0_seed6/pargenes/parse_run/results/87_fasta/87_fasta.raxml.rba --blopt nr_safe --model GTR --prefix ../BenoitDatasets/families/jsim_s27_f100_sites1000_d2.0_l1.0_seed6/pargenes/mlsearch_run/bootstraps/87_fasta/87_fasta_bs3 --threads 1 --seed 4 --bs-trees 10

Analysis options:
  run mode: Bootstrapping
  start tree(s): 
  bootstrap replicates: 10
  random seed: 4
  tip-inner: ON
  pattern compression: ON
  per-rate scalers: OFF
  site repeats: OFF
  branch lengths: linked (ML estimate, algorithm: NR-SAFE)
  SIMD kernels: AVX2
  parallelization: NONE/sequential

WARNING: The model you specified on the command line (GTR) will be ignored 
         since the binary MSA file already contains a model definition.
         If you want to change the model, please re-run RAxML-NG 
         with the original PHYLIP/FASTA alignment and --redo option.

[00:00:00] Loading binary alignment from file: ../BenoitDatasets/families/jsim_s27_f100_sites1000_d2.0_l1.0_seed6/pargenes/parse_run/results/87_fasta/87_fasta.raxml.rba
[00:00:00] Alignment comprises 40 taxa, 1 partitions and 1000 patterns

Partition 0: noname
Model: GTR+FO
Alignment sites / patterns: 1000 / 1000
Gaps: 0.00 %
Invariant sites: 0.00 %


[00:00:00] Data distribution: max. partitions/sites/weight per thread: 1 / 1000 / 4000
[00:00:00] Starting bootstrapping analysis with 10 replicates.

[00:00:06] Bootstrap tree #1, logLikelihood: -32224.071222
[00:00:12] Bootstrap tree #2, logLikelihood: -32564.750390
[00:00:20] Bootstrap tree #3, logLikelihood: -32090.284378
[00:00:26] Bootstrap tree #4, logLikelihood: -32355.596096
[00:00:33] Bootstrap tree #5, logLikelihood: -32191.758876
[00:00:40] Bootstrap tree #6, logLikelihood: -32607.976729
[00:00:47] Bootstrap tree #7, logLikelihood: -32502.208166
[00:00:54] Bootstrap tree #8, logLikelihood: -32655.739075
[00:01:01] Bootstrap tree #9, logLikelihood: -32206.810792
[00:01:09] Bootstrap tree #10, logLikelihood: -32408.255183

Optimized model parameters:

   Partition 0: noname
   Rate heterogeneity: NONE
   Base frequencies (ML): 0.249423 0.249659 0.251021 0.249896 
   Substitution rates (ML): 1.164922 1.145120 1.003578 1.100822 1.108916 1.000000 
Bootstrap trees saved to: /home/morelbt/github/BenoitDatasets/families/jsim_s27_f100_sites1000_d2.0_l1.0_seed6/pargenes/mlsearch_run/bootstraps/87_fasta/87_fasta_bs3.raxml.bootstraps

Execution log saved to: /home/morelbt/github/BenoitDatasets/families/jsim_s27_f100_sites1000_d2.0_l1.0_seed6/pargenes/mlsearch_run/bootstraps/87_fasta/87_fasta_bs3.raxml.log

Analysis started: 07-Dec-2018 15:48:28 / finished: 07-Dec-2018 15:49:38

Elapsed time: 69.116 seconds

