
RAxML-NG v. 0.6.0git BETA released on 27.07.2018 by The Exelixis Lab.
Authors: Alexey Kozlov, Alexandros Stamatakis, Diego Darriba, Tomas Flouri, Benoit Morel.
Latest version: https://github.com/amkozlov/raxml-ng
Questions/problems/suggestions? Please visit: https://groups.google.com/forum/#!forum/raxml

WARNING: This is a BETA release, please use at your own risk!

RAxML-NG was called as follows:

mpi-scheduler --bootstrap --msa ../BenoitDatasets/families/jsim_s8_f100_sites300_d2.0_l1.0/pargenes/parse_run/results/40_fasta/40_fasta.raxml.rba --blopt nr_safe --model GTR --prefix ../BenoitDatasets/families/jsim_s8_f100_sites300_d2.0_l1.0/pargenes/mlsearch_run/bootstraps/40_fasta/40_fasta_bs9 --threads 1 --seed 10 --bs-trees 10

Analysis options:
  run mode: Bootstrapping
  start tree(s): 
  bootstrap replicates: 10
  random seed: 10
  tip-inner: ON
  pattern compression: ON
  per-rate scalers: OFF
  site repeats: OFF
  branch lengths: linked (ML estimate, algorithm: NR-SAFE)
  SIMD kernels: AVX2
  parallelization: NONE/sequential

WARNING: The model you specified on the command line (GTR) will be ignored 
         since the binary MSA file already contains a model definition.
         If you want to change the model, please re-run RAxML-NG 
         with the original PHYLIP/FASTA alignment and --redo option.

[00:00:00] Loading binary alignment from file: ../BenoitDatasets/families/jsim_s8_f100_sites300_d2.0_l1.0/pargenes/parse_run/results/40_fasta/40_fasta.raxml.rba
[00:00:00] Alignment comprises 4 taxa, 1 partitions and 47 patterns

Partition 0: noname
Model: GTR+FO
Alignment sites / patterns: 300 / 47
Gaps: 0.00 %
Invariant sites: 1.33 %


[00:00:00] Data distribution: max. partitions/sites/weight per thread: 1 / 47 / 188
[00:00:00] Starting bootstrapping analysis with 10 replicates.

[00:00:00] Bootstrap tree #1, logLikelihood: -984.164055
[00:00:00] Bootstrap tree #2, logLikelihood: -971.279548
[00:00:00] Bootstrap tree #3, logLikelihood: -1013.627818
[00:00:00] Bootstrap tree #4, logLikelihood: -978.932717
[00:00:00] Bootstrap tree #5, logLikelihood: -1005.615385
[00:00:00] Bootstrap tree #6, logLikelihood: -1025.533246
[00:00:00] Bootstrap tree #7, logLikelihood: -1018.545007
[00:00:00] Bootstrap tree #8, logLikelihood: -986.738797
[00:00:00] Bootstrap tree #9, logLikelihood: -1014.746371
[00:00:00] Bootstrap tree #10, logLikelihood: -1036.237392

Optimized model parameters:

   Partition 0: noname
   Rate heterogeneity: NONE
   Base frequencies (ML): 0.262603 0.229942 0.243907 0.263549 
   Substitution rates (ML): 0.789789 0.827914 0.439856 0.219071 1.315403 1.000000 
Bootstrap trees saved to: /home/morelbt/github/BenoitDatasets/families/jsim_s8_f100_sites300_d2.0_l1.0/pargenes/mlsearch_run/bootstraps/40_fasta/40_fasta_bs9.raxml.bootstraps

Execution log saved to: /home/morelbt/github/BenoitDatasets/families/jsim_s8_f100_sites300_d2.0_l1.0/pargenes/mlsearch_run/bootstraps/40_fasta/40_fasta_bs9.raxml.log

Analysis started: 05-Dec-2018 13:33:01 / finished: 05-Dec-2018 13:33:01

Elapsed time: 0.063 seconds

