
RAxML-NG v. 0.6.0git BETA released on 27.07.2018 by The Exelixis Lab.
Authors: Alexey Kozlov, Alexandros Stamatakis, Diego Darriba, Tomas Flouri, Benoit Morel.
Latest version: https://github.com/amkozlov/raxml-ng
Questions/problems/suggestions? Please visit: https://groups.google.com/forum/#!forum/raxml

WARNING: This is a BETA release, please use at your own risk!

RAxML-NG was called as follows:

mpi-scheduler --bootstrap --msa ../BenoitDatasets/families/alesim_s20_f50_sites400_d1.0_l0.5_seed42/pargenes/parse_run/results/1_prunedfasta/1_prunedfasta.raxml.rba --blopt nr_safe --model GTR --prefix ../BenoitDatasets/families/alesim_s20_f50_sites400_d1.0_l0.5_seed42/pargenes/mlsearch_run/bootstraps/1_prunedfasta/1_prunedfasta_bs1 --threads 1 --seed 2 --bs-trees 10

Analysis options:
  run mode: Bootstrapping
  start tree(s): 
  bootstrap replicates: 10
  random seed: 2
  tip-inner: ON
  pattern compression: ON
  per-rate scalers: OFF
  site repeats: OFF
  branch lengths: linked (ML estimate, algorithm: NR-SAFE)
  SIMD kernels: AVX2
  parallelization: NONE/sequential

WARNING: The model you specified on the command line (GTR) will be ignored 
         since the binary MSA file already contains a model definition.
         If you want to change the model, please re-run RAxML-NG 
         with the original PHYLIP/FASTA alignment and --redo option.

[00:00:00] Loading binary alignment from file: ../BenoitDatasets/families/alesim_s20_f50_sites400_d1.0_l0.5_seed42/pargenes/parse_run/results/1_prunedfasta/1_prunedfasta.raxml.rba
[00:00:00] Alignment comprises 9 taxa, 1 partitions and 151 patterns

Partition 0: noname
Model: GTR+FO
Alignment sites / patterns: 400 / 151
Gaps: 0.00 %
Invariant sites: 1.00 %


[00:00:00] Data distribution: max. partitions/sites/weight per thread: 1 / 151 / 604
[00:00:00] Starting bootstrapping analysis with 10 replicates.

[00:00:00] Bootstrap tree #1, logLikelihood: -1803.985570
[00:00:00] Bootstrap tree #2, logLikelihood: -1842.869156
[00:00:00] Bootstrap tree #3, logLikelihood: -1887.877563
[00:00:00] Bootstrap tree #4, logLikelihood: -1757.733385
[00:00:00] Bootstrap tree #5, logLikelihood: -1791.339649
[00:00:00] Bootstrap tree #6, logLikelihood: -1867.417712
[00:00:00] Bootstrap tree #7, logLikelihood: -1911.211251
[00:00:00] Bootstrap tree #8, logLikelihood: -1723.561496
[00:00:00] Bootstrap tree #9, logLikelihood: -1854.027054
[00:00:00] Bootstrap tree #10, logLikelihood: -1814.120434

Optimized model parameters:

   Partition 0: noname
   Rate heterogeneity: NONE
   Base frequencies (ML): 0.211016 0.282575 0.225023 0.281385 
   Substitution rates (ML): 0.850335 0.746433 0.710782 0.733336 0.303264 1.000000 
Bootstrap trees saved to: /home/morelbt/github/BenoitDatasets/families/alesim_s20_f50_sites400_d1.0_l0.5_seed42/pargenes/mlsearch_run/bootstraps/1_prunedfasta/1_prunedfasta_bs1.raxml.bootstraps

Execution log saved to: /home/morelbt/github/BenoitDatasets/families/alesim_s20_f50_sites400_d1.0_l0.5_seed42/pargenes/mlsearch_run/bootstraps/1_prunedfasta/1_prunedfasta_bs1.raxml.log

Analysis started: 11-Dec-2018 15:35:14 / finished: 11-Dec-2018 15:35:14

Elapsed time: 0.653 seconds

