
RAxML-NG v. 0.6.0git BETA released on 27.07.2018 by The Exelixis Lab.
Authors: Alexey Kozlov, Alexandros Stamatakis, Diego Darriba, Tomas Flouri, Benoit Morel.
Latest version: https://github.com/amkozlov/raxml-ng
Questions/problems/suggestions? Please visit: https://groups.google.com/forum/#!forum/raxml

WARNING: This is a BETA release, please use at your own risk!

RAxML-NG was called as follows:

mpi-scheduler --bootstrap --msa ../BenoitDatasets/families/alesim_s30_f50_sites200_d2.0_l1.0_seed42/pargenes/parse_run/results/39_prunedfasta/39_prunedfasta.raxml.rba --blopt nr_safe --model GTR --prefix ../BenoitDatasets/families/alesim_s30_f50_sites200_d2.0_l1.0_seed42/pargenes/mlsearch_run/bootstraps/39_prunedfasta/39_prunedfasta_bs2 --threads 1 --seed 3 --bs-trees 10

Analysis options:
  run mode: Bootstrapping
  start tree(s): 
  bootstrap replicates: 10
  random seed: 3
  tip-inner: ON
  pattern compression: ON
  per-rate scalers: OFF
  site repeats: OFF
  branch lengths: linked (ML estimate, algorithm: NR-SAFE)
  SIMD kernels: AVX2
  parallelization: NONE/sequential

WARNING: The model you specified on the command line (GTR) will be ignored 
         since the binary MSA file already contains a model definition.
         If you want to change the model, please re-run RAxML-NG 
         with the original PHYLIP/FASTA alignment and --redo option.

[00:00:00] Loading binary alignment from file: ../BenoitDatasets/families/alesim_s30_f50_sites200_d2.0_l1.0_seed42/pargenes/parse_run/results/39_prunedfasta/39_prunedfasta.raxml.rba
[00:00:00] Alignment comprises 70 taxa, 1 partitions and 200 patterns

Partition 0: noname
Model: GTR+FO
Alignment sites / patterns: 200 / 200
Gaps: 0.00 %
Invariant sites: 1.50 %


[00:00:00] Data distribution: max. partitions/sites/weight per thread: 1 / 200 / 800
[00:00:00] Starting bootstrapping analysis with 10 replicates.

[00:00:01] Bootstrap tree #1, logLikelihood: -4795.822643
[00:00:03] Bootstrap tree #2, logLikelihood: -4553.804376
[00:00:05] Bootstrap tree #3, logLikelihood: -4408.110152
[00:00:07] Bootstrap tree #4, logLikelihood: -4717.116151
[00:00:09] Bootstrap tree #5, logLikelihood: -4694.966317
[00:00:11] Bootstrap tree #6, logLikelihood: -4640.379565
[00:00:13] Bootstrap tree #7, logLikelihood: -4592.274072
[00:00:16] Bootstrap tree #8, logLikelihood: -4585.858324
[00:00:18] Bootstrap tree #9, logLikelihood: -4642.847357
[00:00:20] Bootstrap tree #10, logLikelihood: -4525.510805

Optimized model parameters:

   Partition 0: noname
   Rate heterogeneity: NONE
   Base frequencies (ML): 0.260963 0.253622 0.255333 0.230082 
   Substitution rates (ML): 0.814858 0.845077 0.923465 1.031132 0.893283 1.000000 
Bootstrap trees saved to: /home/morelbt/github/BenoitDatasets/families/alesim_s30_f50_sites200_d2.0_l1.0_seed42/pargenes/mlsearch_run/bootstraps/39_prunedfasta/39_prunedfasta_bs2.raxml.bootstraps

Execution log saved to: /home/morelbt/github/BenoitDatasets/families/alesim_s30_f50_sites200_d2.0_l1.0_seed42/pargenes/mlsearch_run/bootstraps/39_prunedfasta/39_prunedfasta_bs2.raxml.log

Analysis started: 11-Dec-2018 20:57:02 / finished: 11-Dec-2018 20:57:23

Elapsed time: 20.190 seconds

