
RAxML-NG v. 0.6.0git BETA released on 27.07.2018 by The Exelixis Lab.
Authors: Alexey Kozlov, Alexandros Stamatakis, Diego Darriba, Tomas Flouri, Benoit Morel.
Latest version: https://github.com/amkozlov/raxml-ng
Questions/problems/suggestions? Please visit: https://groups.google.com/forum/#!forum/raxml

WARNING: This is a BETA release, please use at your own risk!

RAxML-NG was called as follows:

mpi-scheduler --msa ../BenoitDatasets/families/jsim_s27_f100_sites200_d0.2_l0.1_seed6/pargenes/parse_run/results/89_fasta/89_fasta.raxml.rba --blopt nr_safe --model GTR --prefix ../BenoitDatasets/families/jsim_s27_f100_sites200_d0.2_l0.1_seed6/pargenes/mlsearch_run/results/89_fasta/89_fasta --threads 1 --seed 1

Analysis options:
  run mode: ML tree search
  start tree(s): random (1)
  random seed: 1
  tip-inner: ON
  pattern compression: ON
  per-rate scalers: OFF
  site repeats: OFF
  fast spr radius: AUTO
  spr subtree cutoff: 1.000000
  branch lengths: linked (ML estimate, algorithm: NR-SAFE)
  SIMD kernels: AVX2
  parallelization: NONE/sequential

WARNING: The model you specified on the command line (GTR) will be ignored 
         since the binary MSA file already contains a model definition.
         If you want to change the model, please re-run RAxML-NG 
         with the original PHYLIP/FASTA alignment and --redo option.

[00:00:00] Loading binary alignment from file: ../BenoitDatasets/families/jsim_s27_f100_sites200_d0.2_l0.1_seed6/pargenes/parse_run/results/89_fasta/89_fasta.raxml.rba
[00:00:00] Alignment comprises 15 taxa, 1 partitions and 200 patterns

Partition 0: noname
Model: GTR+FO
Alignment sites / patterns: 200 / 200
Gaps: 0.00 %
Invariant sites: 0.00 %


[00:00:00] Generating 1 random starting tree(s) with 15 taxa
[00:00:00] Data distribution: max. partitions/sites/weight per thread: 1 / 200 / 800

Starting ML tree search with 1 distinct starting trees

[00:00:00 -4860.284209] Initial branch length optimization
[00:00:00 -3895.092762] Model parameter optimization (eps = 10.000000)
[00:00:00 -3882.215046] AUTODETECT spr round 1 (radius: 5)
[00:00:00 -3416.180727] AUTODETECT spr round 2 (radius: 10)
[00:00:00 -3415.917723] AUTODETECT spr round 3 (radius: 15)
[00:00:00 -3415.890208] SPR radius for FAST iterations: 10 (autodetect)
[00:00:00 -3415.890208] Model parameter optimization (eps = 3.000000)
[00:00:00 -3412.811669] FAST spr round 1 (radius: 10)
[00:00:00 -3409.677956] FAST spr round 2 (radius: 10)
[00:00:00 -3409.655821] Model parameter optimization (eps = 1.000000)
[00:00:00 -3409.579012] SLOW spr round 1 (radius: 5)
[00:00:00 -3409.568038] SLOW spr round 2 (radius: 10)
[00:00:00 -3409.560099] SLOW spr round 3 (radius: 15)
[00:00:00 -3409.553625] Model parameter optimization (eps = 0.100000)

[00:00:00] ML tree search #1, logLikelihood: -3409.549784


Optimized model parameters:

   Partition 0: noname
   Rate heterogeneity: NONE
   Base frequencies (ML): 0.274664 0.242261 0.229475 0.253599 
   Substitution rates (ML): 0.807376 0.880771 0.972843 0.940426 0.661665 1.000000 

Final LogLikelihood: -3409.549784

Best ML tree saved to: /home/morelbt/github/BenoitDatasets/families/jsim_s27_f100_sites200_d0.2_l0.1_seed6/pargenes/mlsearch_run/results/89_fasta/89_fasta.raxml.bestTree
Optimized model saved to: /home/morelbt/github/BenoitDatasets/families/jsim_s27_f100_sites200_d0.2_l0.1_seed6/pargenes/mlsearch_run/results/89_fasta/89_fasta.raxml.bestModel

Execution log saved to: /home/morelbt/github/BenoitDatasets/families/jsim_s27_f100_sites200_d0.2_l0.1_seed6/pargenes/mlsearch_run/results/89_fasta/89_fasta.raxml.log

Analysis started: 07-Dec-2018 16:06:19 / finished: 07-Dec-2018 16:06:19

Elapsed time: 0.389 seconds

