
RAxML-NG v. 0.6.0git BETA released on 27.07.2018 by The Exelixis Lab.
Authors: Alexey Kozlov, Alexandros Stamatakis, Diego Darriba, Tomas Flouri, Benoit Morel.
Latest version: https://github.com/amkozlov/raxml-ng
Questions/problems/suggestions? Please visit: https://groups.google.com/forum/#!forum/raxml

WARNING: This is a BETA release, please use at your own risk!

RAxML-NG was called as follows:

mpi-scheduler --bootstrap --msa ../BenoitDatasets/families/jsim_s27_f100_sites1000_d2.0_l1.0_seed6/pargenes/parse_run/results/30_fasta/30_fasta.raxml.rba --blopt nr_safe --model GTR --prefix ../BenoitDatasets/families/jsim_s27_f100_sites1000_d2.0_l1.0_seed6/pargenes/mlsearch_run/bootstraps/30_fasta/30_fasta_bs1 --threads 1 --seed 2 --bs-trees 10

Analysis options:
  run mode: Bootstrapping
  start tree(s): 
  bootstrap replicates: 10
  random seed: 2
  tip-inner: ON
  pattern compression: ON
  per-rate scalers: OFF
  site repeats: OFF
  branch lengths: linked (ML estimate, algorithm: NR-SAFE)
  SIMD kernels: AVX2
  parallelization: NONE/sequential

WARNING: The model you specified on the command line (GTR) will be ignored 
         since the binary MSA file already contains a model definition.
         If you want to change the model, please re-run RAxML-NG 
         with the original PHYLIP/FASTA alignment and --redo option.

[00:00:00] Loading binary alignment from file: ../BenoitDatasets/families/jsim_s27_f100_sites1000_d2.0_l1.0_seed6/pargenes/parse_run/results/30_fasta/30_fasta.raxml.rba
[00:00:00] Alignment comprises 22 taxa, 1 partitions and 998 patterns

Partition 0: noname
Model: GTR+FO
Alignment sites / patterns: 1000 / 998
Gaps: 0.00 %
Invariant sites: 0.10 %


[00:00:00] Data distribution: max. partitions/sites/weight per thread: 1 / 998 / 3992
[00:00:00] Starting bootstrapping analysis with 10 replicates.

[00:00:02] Bootstrap tree #1, logLikelihood: -19671.555225
[00:00:04] Bootstrap tree #2, logLikelihood: -19769.034924
[00:00:06] Bootstrap tree #3, logLikelihood: -19687.354741
[00:00:08] Bootstrap tree #4, logLikelihood: -19940.508570
[00:00:11] Bootstrap tree #5, logLikelihood: -19721.424633
[00:00:13] Bootstrap tree #6, logLikelihood: -19641.737279
[00:00:15] Bootstrap tree #7, logLikelihood: -20161.323030
[00:00:17] Bootstrap tree #8, logLikelihood: -19865.248258
[00:00:19] Bootstrap tree #9, logLikelihood: -19928.545764
[00:00:22] Bootstrap tree #10, logLikelihood: -19897.768871

Optimized model parameters:

   Partition 0: noname
   Rate heterogeneity: NONE
   Base frequencies (ML): 0.246250 0.256883 0.263314 0.233553 
   Substitution rates (ML): 0.975550 0.920726 0.992263 0.889614 1.014569 1.000000 
Bootstrap trees saved to: /home/morelbt/github/BenoitDatasets/families/jsim_s27_f100_sites1000_d2.0_l1.0_seed6/pargenes/mlsearch_run/bootstraps/30_fasta/30_fasta_bs1.raxml.bootstraps

Execution log saved to: /home/morelbt/github/BenoitDatasets/families/jsim_s27_f100_sites1000_d2.0_l1.0_seed6/pargenes/mlsearch_run/bootstraps/30_fasta/30_fasta_bs1.raxml.log

Analysis started: 07-Dec-2018 15:54:03 / finished: 07-Dec-2018 15:54:25

Elapsed time: 22.253 seconds

