
RAxML-NG v. 0.6.0git BETA released on 27.07.2018 by The Exelixis Lab.
Authors: Alexey Kozlov, Alexandros Stamatakis, Diego Darriba, Tomas Flouri, Benoit Morel.
Latest version: https://github.com/amkozlov/raxml-ng
Questions/problems/suggestions? Please visit: https://groups.google.com/forum/#!forum/raxml

WARNING: This is a BETA release, please use at your own risk!

RAxML-NG was called as follows:

mpi-scheduler --msa ../BenoitDatasets/families/jsim_s8_f100_sites300_d2.0_l1.0_t0.5_seed6/pargenes/parse_run/results/35_pruned_fasta/35_pruned_fasta.raxml.rba --blopt nr_safe --model GTR --prefix ../BenoitDatasets/families/jsim_s8_f100_sites300_d2.0_l1.0_t0.5_seed6/pargenes/mlsearch_run/results/35_pruned_fasta/35_pruned_fasta --threads 1 --seed 1

Analysis options:
  run mode: ML tree search
  start tree(s): random (1)
  random seed: 1
  tip-inner: ON
  pattern compression: ON
  per-rate scalers: OFF
  site repeats: OFF
  fast spr radius: AUTO
  spr subtree cutoff: 1.000000
  branch lengths: linked (ML estimate, algorithm: NR-SAFE)
  SIMD kernels: AVX2
  parallelization: NONE/sequential

WARNING: The model you specified on the command line (GTR) will be ignored 
         since the binary MSA file already contains a model definition.
         If you want to change the model, please re-run RAxML-NG 
         with the original PHYLIP/FASTA alignment and --redo option.

[00:00:00] Loading binary alignment from file: ../BenoitDatasets/families/jsim_s8_f100_sites300_d2.0_l1.0_t0.5_seed6/pargenes/parse_run/results/35_pruned_fasta/35_pruned_fasta.raxml.rba
[00:00:00] Alignment comprises 47 taxa, 1 partitions and 300 patterns

Partition 0: noname
Model: GTR+FO
Alignment sites / patterns: 300 / 300
Gaps: 0.00 %
Invariant sites: 0.00 %


[00:00:00] Generating 1 random starting tree(s) with 47 taxa
[00:00:00] Data distribution: max. partitions/sites/weight per thread: 1 / 300 / 1200

Starting ML tree search with 1 distinct starting trees

[00:00:00 -21590.576019] Initial branch length optimization
[00:00:00 -16931.707310] Model parameter optimization (eps = 10.000000)
[00:00:00 -16915.700541] AUTODETECT spr round 1 (radius: 5)
[00:00:00 -13434.492797] AUTODETECT spr round 2 (radius: 10)
[00:00:00 -12065.107182] AUTODETECT spr round 3 (radius: 15)
[00:00:00 -11716.376136] AUTODETECT spr round 4 (radius: 20)
[00:00:00 -11716.367144] SPR radius for FAST iterations: 15 (autodetect)
[00:00:00 -11716.367144] Model parameter optimization (eps = 3.000000)
[00:00:00 -11708.833991] FAST spr round 1 (radius: 15)
[00:00:00 -11130.760249] FAST spr round 2 (radius: 15)
[00:00:01 -11105.776886] FAST spr round 3 (radius: 15)
[00:00:01 -11104.057701] FAST spr round 4 (radius: 15)
[00:00:01 -11103.705258] FAST spr round 5 (radius: 15)
[00:00:01 -11103.430965] FAST spr round 6 (radius: 15)
[00:00:01 -11103.415014] Model parameter optimization (eps = 1.000000)
[00:00:01 -11103.370574] SLOW spr round 1 (radius: 5)
[00:00:02 -11103.001914] SLOW spr round 2 (radius: 5)
[00:00:03 -11102.998411] SLOW spr round 3 (radius: 10)
[00:00:03 -11102.996313] SLOW spr round 4 (radius: 15)
[00:00:04 -11102.995053] SLOW spr round 5 (radius: 20)
[00:00:04 -11102.994299] SLOW spr round 6 (radius: 25)
[00:00:04 -11102.993849] Model parameter optimization (eps = 0.100000)

[00:00:04] ML tree search #1, logLikelihood: -11102.988677


Optimized model parameters:

   Partition 0: noname
   Rate heterogeneity: NONE
   Base frequencies (ML): 0.242650 0.259341 0.255009 0.243000 
   Substitution rates (ML): 1.004976 0.937009 0.926771 0.910686 1.013348 1.000000 

Final LogLikelihood: -11102.988677

Best ML tree saved to: /home/morelbt/github/BenoitDatasets/families/jsim_s8_f100_sites300_d2.0_l1.0_t0.5_seed6/pargenes/mlsearch_run/results/35_pruned_fasta/35_pruned_fasta.raxml.bestTree
Optimized model saved to: /home/morelbt/github/BenoitDatasets/families/jsim_s8_f100_sites300_d2.0_l1.0_t0.5_seed6/pargenes/mlsearch_run/results/35_pruned_fasta/35_pruned_fasta.raxml.bestModel

Execution log saved to: /home/morelbt/github/BenoitDatasets/families/jsim_s8_f100_sites300_d2.0_l1.0_t0.5_seed6/pargenes/mlsearch_run/results/35_pruned_fasta/35_pruned_fasta.raxml.log

Analysis started: 14-Jan-2019 13:37:43 / finished: 14-Jan-2019 13:37:47

Elapsed time: 4.438 seconds

