
RAxML-NG v. 0.6.0git BETA released on 27.07.2018 by The Exelixis Lab.
Authors: Alexey Kozlov, Alexandros Stamatakis, Diego Darriba, Tomas Flouri, Benoit Morel.
Latest version: https://github.com/amkozlov/raxml-ng
Questions/problems/suggestions? Please visit: https://groups.google.com/forum/#!forum/raxml

WARNING: This is a BETA release, please use at your own risk!

RAxML-NG was called as follows:

mpi-scheduler --bootstrap --msa ../BenoitDatasets/families/jsim_s8_f100_sites300_d2.0_l1.0_t0.5_seed6/pargenes/parse_run/results/17_pruned_fasta/17_pruned_fasta.raxml.rba --blopt nr_safe --model GTR --prefix ../BenoitDatasets/families/jsim_s8_f100_sites300_d2.0_l1.0_t0.5_seed6/pargenes/mlsearch_run/bootstraps/17_pruned_fasta/17_pruned_fasta_bs0 --threads 1 --seed 1 --bs-trees 10

Analysis options:
  run mode: Bootstrapping
  start tree(s): 
  bootstrap replicates: 10
  random seed: 1
  tip-inner: ON
  pattern compression: ON
  per-rate scalers: OFF
  site repeats: OFF
  branch lengths: linked (ML estimate, algorithm: NR-SAFE)
  SIMD kernels: AVX2
  parallelization: NONE/sequential

WARNING: The model you specified on the command line (GTR) will be ignored 
         since the binary MSA file already contains a model definition.
         If you want to change the model, please re-run RAxML-NG 
         with the original PHYLIP/FASTA alignment and --redo option.

[00:00:00] Loading binary alignment from file: ../BenoitDatasets/families/jsim_s8_f100_sites300_d2.0_l1.0_t0.5_seed6/pargenes/parse_run/results/17_pruned_fasta/17_pruned_fasta.raxml.rba
[00:00:00] Alignment comprises 17 taxa, 1 partitions and 300 patterns

Partition 0: noname
Model: GTR+FO
Alignment sites / patterns: 300 / 300
Gaps: 0.00 %
Invariant sites: 0.00 %


[00:00:00] Data distribution: max. partitions/sites/weight per thread: 1 / 300 / 1200
[00:00:00] Starting bootstrapping analysis with 10 replicates.

[00:00:00] Bootstrap tree #1, logLikelihood: -4451.208180
[00:00:01] Bootstrap tree #2, logLikelihood: -4404.729865
[00:00:01] Bootstrap tree #3, logLikelihood: -4383.699290
[00:00:02] Bootstrap tree #4, logLikelihood: -4458.282588
[00:00:02] Bootstrap tree #5, logLikelihood: -4381.516569
[00:00:03] Bootstrap tree #6, logLikelihood: -4427.720804
[00:00:03] Bootstrap tree #7, logLikelihood: -4487.505611
[00:00:04] Bootstrap tree #8, logLikelihood: -4342.245008
[00:00:04] Bootstrap tree #9, logLikelihood: -4502.886517
[00:00:05] Bootstrap tree #10, logLikelihood: -4482.893572

Optimized model parameters:

   Partition 0: noname
   Rate heterogeneity: NONE
   Base frequencies (ML): 0.270203 0.256422 0.225163 0.248212 
   Substitution rates (ML): 1.000075 1.071605 0.892813 1.171462 1.115692 1.000000 
Bootstrap trees saved to: /home/morelbt/github/BenoitDatasets/families/jsim_s8_f100_sites300_d2.0_l1.0_t0.5_seed6/pargenes/mlsearch_run/bootstraps/17_pruned_fasta/17_pruned_fasta_bs0.raxml.bootstraps

Execution log saved to: /home/morelbt/github/BenoitDatasets/families/jsim_s8_f100_sites300_d2.0_l1.0_t0.5_seed6/pargenes/mlsearch_run/bootstraps/17_pruned_fasta/17_pruned_fasta_bs0.raxml.log

Analysis started: 14-Jan-2019 13:37:25 / finished: 14-Jan-2019 13:37:30

Elapsed time: 5.053 seconds

