
RAxML-NG v. 0.6.0git BETA released on 27.07.2018 by The Exelixis Lab.
Authors: Alexey Kozlov, Alexandros Stamatakis, Diego Darriba, Tomas Flouri, Benoit Morel.
Latest version: https://github.com/amkozlov/raxml-ng
Questions/problems/suggestions? Please visit: https://groups.google.com/forum/#!forum/raxml

WARNING: This is a BETA release, please use at your own risk!

RAxML-NG was called as follows:

mpi-scheduler --msa ../BenoitDatasets/families/jsim_s27_f100_sites200_d2.0_l1.0_seed6/pargenes/parse_run/results/86_fasta/86_fasta.raxml.rba --blopt nr_safe --model GTR --prefix ../BenoitDatasets/families/jsim_s27_f100_sites200_d2.0_l1.0_seed6/pargenes/mlsearch_run/results/86_fasta/86_fasta --threads 1 --seed 1

Analysis options:
  run mode: ML tree search
  start tree(s): random (1)
  random seed: 1
  tip-inner: ON
  pattern compression: ON
  per-rate scalers: OFF
  site repeats: OFF
  fast spr radius: AUTO
  spr subtree cutoff: 1.000000
  branch lengths: linked (ML estimate, algorithm: NR-SAFE)
  SIMD kernels: AVX2
  parallelization: NONE/sequential

WARNING: The model you specified on the command line (GTR) will be ignored 
         since the binary MSA file already contains a model definition.
         If you want to change the model, please re-run RAxML-NG 
         with the original PHYLIP/FASTA alignment and --redo option.

[00:00:00] Loading binary alignment from file: ../BenoitDatasets/families/jsim_s27_f100_sites200_d2.0_l1.0_seed6/pargenes/parse_run/results/86_fasta/86_fasta.raxml.rba
[00:00:00] Alignment comprises 10 taxa, 1 partitions and 194 patterns

Partition 0: noname
Model: GTR+FO
Alignment sites / patterns: 200 / 194
Gaps: 0.00 %
Invariant sites: 1.00 %


[00:00:00] Generating 1 random starting tree(s) with 10 taxa
[00:00:00] Data distribution: max. partitions/sites/weight per thread: 1 / 194 / 776

Starting ML tree search with 1 distinct starting trees

[00:00:00 -3116.346007] Initial branch length optimization
[00:00:00 -2345.542713] Model parameter optimization (eps = 10.000000)
[00:00:00 -2334.145722] AUTODETECT spr round 1 (radius: 5)
[00:00:00 -2285.399707] AUTODETECT spr round 2 (radius: 10)
[00:00:00 -2285.370602] SPR radius for FAST iterations: 5 (autodetect)
[00:00:00 -2285.370602] Model parameter optimization (eps = 3.000000)
[00:00:00 -2284.984580] FAST spr round 1 (radius: 5)
[00:00:00 -2284.725296] FAST spr round 2 (radius: 5)
[00:00:00 -2116.309463] FAST spr round 3 (radius: 5)
[00:00:00 -2114.265220] FAST spr round 4 (radius: 5)
[00:00:00 -2114.121612] FAST spr round 5 (radius: 5)
[00:00:00 -2114.111436] Model parameter optimization (eps = 1.000000)
[00:00:00 -2113.352876] SLOW spr round 1 (radius: 5)
[00:00:00 -2113.345786] SLOW spr round 2 (radius: 10)
[00:00:00 -2113.342349] Model parameter optimization (eps = 0.100000)

[00:00:00] ML tree search #1, logLikelihood: -2113.333760


Optimized model parameters:

   Partition 0: noname
   Rate heterogeneity: NONE
   Base frequencies (ML): 0.248002 0.283432 0.220460 0.248106 
   Substitution rates (ML): 1.116747 0.869664 0.935294 0.821683 0.813686 1.000000 

Final LogLikelihood: -2113.333760

Best ML tree saved to: /home/morelbt/github/BenoitDatasets/families/jsim_s27_f100_sites200_d2.0_l1.0_seed6/pargenes/mlsearch_run/results/86_fasta/86_fasta.raxml.bestTree
Optimized model saved to: /home/morelbt/github/BenoitDatasets/families/jsim_s27_f100_sites200_d2.0_l1.0_seed6/pargenes/mlsearch_run/results/86_fasta/86_fasta.raxml.bestModel

Execution log saved to: /home/morelbt/github/BenoitDatasets/families/jsim_s27_f100_sites200_d2.0_l1.0_seed6/pargenes/mlsearch_run/results/86_fasta/86_fasta.raxml.log

Analysis started: 07-Dec-2018 15:27:58 / finished: 07-Dec-2018 15:27:59

Elapsed time: 0.288 seconds

