
RAxML-NG v. 0.6.0git BETA released on 27.07.2018 by The Exelixis Lab.
Authors: Alexey Kozlov, Alexandros Stamatakis, Diego Darriba, Tomas Flouri, Benoit Morel.
Latest version: https://github.com/amkozlov/raxml-ng
Questions/problems/suggestions? Please visit: https://groups.google.com/forum/#!forum/raxml

WARNING: This is a BETA release, please use at your own risk!

RAxML-NG was called as follows:

mpi-scheduler --bootstrap --msa ../BenoitDatasets/families/alesim_s30_f50_sites200_d2.0_l1.0_seed42/pargenes/parse_run/results/30_prunedfasta/30_prunedfasta.raxml.rba --blopt nr_safe --model GTR --prefix ../BenoitDatasets/families/alesim_s30_f50_sites200_d2.0_l1.0_seed42/pargenes/mlsearch_run/bootstraps/30_prunedfasta/30_prunedfasta_bs8 --threads 1 --seed 9 --bs-trees 10

Analysis options:
  run mode: Bootstrapping
  start tree(s): 
  bootstrap replicates: 10
  random seed: 9
  tip-inner: ON
  pattern compression: ON
  per-rate scalers: OFF
  site repeats: OFF
  branch lengths: linked (ML estimate, algorithm: NR-SAFE)
  SIMD kernels: AVX2
  parallelization: NONE/sequential

WARNING: The model you specified on the command line (GTR) will be ignored 
         since the binary MSA file already contains a model definition.
         If you want to change the model, please re-run RAxML-NG 
         with the original PHYLIP/FASTA alignment and --redo option.

[00:00:00] Loading binary alignment from file: ../BenoitDatasets/families/alesim_s30_f50_sites200_d2.0_l1.0_seed42/pargenes/parse_run/results/30_prunedfasta/30_prunedfasta.raxml.rba
[00:00:00] Alignment comprises 57 taxa, 1 partitions and 196 patterns

Partition 0: noname
Model: GTR+FO
Alignment sites / patterns: 200 / 196
Gaps: 0.00 %
Invariant sites: 0.50 %


[00:00:00] Data distribution: max. partitions/sites/weight per thread: 1 / 196 / 784
[00:00:00] Starting bootstrapping analysis with 10 replicates.

[00:00:01] Bootstrap tree #1, logLikelihood: -3809.474197
[00:00:02] Bootstrap tree #2, logLikelihood: -3674.505433
[00:00:04] Bootstrap tree #3, logLikelihood: -3642.421328
[00:00:05] Bootstrap tree #4, logLikelihood: -3765.342243
[00:00:07] Bootstrap tree #5, logLikelihood: -3588.003862
[00:00:08] Bootstrap tree #6, logLikelihood: -3581.469627
[00:00:10] Bootstrap tree #7, logLikelihood: -3662.584348
[00:00:11] Bootstrap tree #8, logLikelihood: -3547.476038
[00:00:13] Bootstrap tree #9, logLikelihood: -3684.338968
[00:00:15] Bootstrap tree #10, logLikelihood: -3776.333816

Optimized model parameters:

   Partition 0: noname
   Rate heterogeneity: NONE
   Base frequencies (ML): 0.294231 0.196610 0.259406 0.249753 
   Substitution rates (ML): 1.236801 0.851729 1.041090 1.038505 0.903065 1.000000 
Bootstrap trees saved to: /home/morelbt/github/BenoitDatasets/families/alesim_s30_f50_sites200_d2.0_l1.0_seed42/pargenes/mlsearch_run/bootstraps/30_prunedfasta/30_prunedfasta_bs8.raxml.bootstraps

Execution log saved to: /home/morelbt/github/BenoitDatasets/families/alesim_s30_f50_sites200_d2.0_l1.0_seed42/pargenes/mlsearch_run/bootstraps/30_prunedfasta/30_prunedfasta_bs8.raxml.log

Analysis started: 11-Dec-2018 20:57:05 / finished: 11-Dec-2018 20:57:20

Elapsed time: 15.076 seconds

