
RAxML-NG v. 0.6.0git BETA released on 27.07.2018 by The Exelixis Lab.
Authors: Alexey Kozlov, Alexandros Stamatakis, Diego Darriba, Tomas Flouri, Benoit Morel.
Latest version: https://github.com/amkozlov/raxml-ng
Questions/problems/suggestions? Please visit: https://groups.google.com/forum/#!forum/raxml

WARNING: This is a BETA release, please use at your own risk!

RAxML-NG was called as follows:

mpi-scheduler --bootstrap --msa ../BenoitDatasets/families/jsim_s27_f100_sites1000_d2.0_l1.0_seed6/pargenes/parse_run/results/65_fasta/65_fasta.raxml.rba --blopt nr_safe --model GTR --prefix ../BenoitDatasets/families/jsim_s27_f100_sites1000_d2.0_l1.0_seed6/pargenes/mlsearch_run/bootstraps/65_fasta/65_fasta_bs8 --threads 1 --seed 9 --bs-trees 10

Analysis options:
  run mode: Bootstrapping
  start tree(s): 
  bootstrap replicates: 10
  random seed: 9
  tip-inner: ON
  pattern compression: ON
  per-rate scalers: OFF
  site repeats: OFF
  branch lengths: linked (ML estimate, algorithm: NR-SAFE)
  SIMD kernels: AVX2
  parallelization: NONE/sequential

WARNING: The model you specified on the command line (GTR) will be ignored 
         since the binary MSA file already contains a model definition.
         If you want to change the model, please re-run RAxML-NG 
         with the original PHYLIP/FASTA alignment and --redo option.

[00:00:00] Loading binary alignment from file: ../BenoitDatasets/families/jsim_s27_f100_sites1000_d2.0_l1.0_seed6/pargenes/parse_run/results/65_fasta/65_fasta.raxml.rba
[00:00:00] Alignment comprises 42 taxa, 1 partitions and 1000 patterns

Partition 0: noname
Model: GTR+FO
Alignment sites / patterns: 1000 / 1000
Gaps: 0.00 %
Invariant sites: 0.00 %


[00:00:00] Data distribution: max. partitions/sites/weight per thread: 1 / 1000 / 4000
[00:00:00] Starting bootstrapping analysis with 10 replicates.

[00:00:07] Bootstrap tree #1, logLikelihood: -37658.719767
[00:00:15] Bootstrap tree #2, logLikelihood: -37376.708018
[00:00:24] Bootstrap tree #3, logLikelihood: -37454.724929
[00:00:32] Bootstrap tree #4, logLikelihood: -37847.632216
[00:00:41] Bootstrap tree #5, logLikelihood: -37986.543323
[00:00:50] Bootstrap tree #6, logLikelihood: -37445.959653
[00:00:58] Bootstrap tree #7, logLikelihood: -37630.924481
[00:01:04] Bootstrap tree #8, logLikelihood: -37584.884631
[00:01:13] Bootstrap tree #9, logLikelihood: -37871.914880
[00:01:22] Bootstrap tree #10, logLikelihood: -37475.669669

Optimized model parameters:

   Partition 0: noname
   Rate heterogeneity: NONE
   Base frequencies (ML): 0.255446 0.249637 0.246636 0.248281 
   Substitution rates (ML): 0.978051 1.063286 0.934517 0.930362 0.951985 1.000000 
Bootstrap trees saved to: /home/morelbt/github/BenoitDatasets/families/jsim_s27_f100_sites1000_d2.0_l1.0_seed6/pargenes/mlsearch_run/bootstraps/65_fasta/65_fasta_bs8.raxml.bootstraps

Execution log saved to: /home/morelbt/github/BenoitDatasets/families/jsim_s27_f100_sites1000_d2.0_l1.0_seed6/pargenes/mlsearch_run/bootstraps/65_fasta/65_fasta_bs8.raxml.log

Analysis started: 07-Dec-2018 15:47:10 / finished: 07-Dec-2018 15:48:32

Elapsed time: 82.035 seconds

