
RAxML-NG v. 0.6.0git BETA released on 27.07.2018 by The Exelixis Lab.
Authors: Alexey Kozlov, Alexandros Stamatakis, Diego Darriba, Tomas Flouri, Benoit Morel.
Latest version: https://github.com/amkozlov/raxml-ng
Questions/problems/suggestions? Please visit: https://groups.google.com/forum/#!forum/raxml

WARNING: This is a BETA release, please use at your own risk!

RAxML-NG was called as follows:

mpi-scheduler --bootstrap --msa ../BenoitDatasets/families/alesim_s20_f50_sites400_d1.0_l0.5_t0.5_seed42/pargenes/parse_run/results/33_pruned_fasta/33_pruned_fasta.raxml.rba --blopt nr_safe --model GTR --prefix ../BenoitDatasets/families/alesim_s20_f50_sites400_d1.0_l0.5_t0.5_seed42/pargenes/mlsearch_run/bootstraps/33_pruned_fasta/33_pruned_fasta_bs6 --threads 1 --seed 7 --bs-trees 10

Analysis options:
  run mode: Bootstrapping
  start tree(s): 
  bootstrap replicates: 10
  random seed: 7
  tip-inner: ON
  pattern compression: ON
  per-rate scalers: OFF
  site repeats: OFF
  branch lengths: linked (ML estimate, algorithm: NR-SAFE)
  SIMD kernels: AVX2
  parallelization: NONE/sequential

WARNING: The model you specified on the command line (GTR) will be ignored 
         since the binary MSA file already contains a model definition.
         If you want to change the model, please re-run RAxML-NG 
         with the original PHYLIP/FASTA alignment and --redo option.

[00:00:00] Loading binary alignment from file: ../BenoitDatasets/families/alesim_s20_f50_sites400_d1.0_l0.5_t0.5_seed42/pargenes/parse_run/results/33_pruned_fasta/33_pruned_fasta.raxml.rba
[00:00:00] Alignment comprises 172 taxa, 1 partitions and 400 patterns

Partition 0: noname
Model: GTR+FO
Alignment sites / patterns: 400 / 400
Gaps: 0.00 %
Invariant sites: 0.00 %


[00:00:00] Data distribution: max. partitions/sites/weight per thread: 1 / 400 / 1600
[00:00:00] Starting bootstrapping analysis with 10 replicates.

[00:00:31] Bootstrap tree #1, logLikelihood: -33823.442528
[00:00:52] Bootstrap tree #2, logLikelihood: -35990.626870
[00:01:31] Bootstrap tree #3, logLikelihood: -33707.130543
[00:02:10] Bootstrap tree #4, logLikelihood: -34368.160520
[00:02:52] Bootstrap tree #5, logLikelihood: -34136.251317
[00:04:02] Bootstrap tree #6, logLikelihood: -34010.037054
[00:04:29] Bootstrap tree #7, logLikelihood: -34031.981915
[00:05:16] Bootstrap tree #8, logLikelihood: -34122.304085
[00:06:26] Bootstrap tree #9, logLikelihood: -34185.306511
[00:06:52] Bootstrap tree #10, logLikelihood: -33599.447837

Optimized model parameters:

   Partition 0: noname
   Rate heterogeneity: NONE
   Base frequencies (ML): 0.253874 0.250941 0.244547 0.250638 
   Substitution rates (ML): 0.994115 1.078643 0.949765 0.932909 1.018903 1.000000 
Bootstrap trees saved to: /home/morelbt/github/BenoitDatasets/families/alesim_s20_f50_sites400_d1.0_l0.5_t0.5_seed42/pargenes/mlsearch_run/bootstraps/33_pruned_fasta/33_pruned_fasta_bs6.raxml.bootstraps

Execution log saved to: /home/morelbt/github/BenoitDatasets/families/alesim_s20_f50_sites400_d1.0_l0.5_t0.5_seed42/pargenes/mlsearch_run/bootstraps/33_pruned_fasta/33_pruned_fasta_bs6.raxml.log

Analysis started: 22-Jan-2019 14:31:26 / finished: 22-Jan-2019 14:38:18

Elapsed time: 412.165 seconds

