
RAxML-NG v. 0.6.0git BETA released on 27.07.2018 by The Exelixis Lab.
Authors: Alexey Kozlov, Alexandros Stamatakis, Diego Darriba, Tomas Flouri, Benoit Morel.
Latest version: https://github.com/amkozlov/raxml-ng
Questions/problems/suggestions? Please visit: https://groups.google.com/forum/#!forum/raxml

WARNING: This is a BETA release, please use at your own risk!

RAxML-NG was called as follows:

mpi-scheduler --bootstrap --msa ../BenoitDatasets/families/alesim_s20_f50_sites400_d1.0_l0.5_t0.5_seed42/pargenes/parse_run/results/33_pruned_fasta/33_pruned_fasta.raxml.rba --blopt nr_safe --model GTR --prefix ../BenoitDatasets/families/alesim_s20_f50_sites400_d1.0_l0.5_t0.5_seed42/pargenes/mlsearch_run/bootstraps/33_pruned_fasta/33_pruned_fasta_bs2 --threads 1 --seed 3 --bs-trees 10

Analysis options:
  run mode: Bootstrapping
  start tree(s): 
  bootstrap replicates: 10
  random seed: 3
  tip-inner: ON
  pattern compression: ON
  per-rate scalers: OFF
  site repeats: OFF
  branch lengths: linked (ML estimate, algorithm: NR-SAFE)
  SIMD kernels: AVX2
  parallelization: NONE/sequential

WARNING: The model you specified on the command line (GTR) will be ignored 
         since the binary MSA file already contains a model definition.
         If you want to change the model, please re-run RAxML-NG 
         with the original PHYLIP/FASTA alignment and --redo option.

[00:00:00] Loading binary alignment from file: ../BenoitDatasets/families/alesim_s20_f50_sites400_d1.0_l0.5_t0.5_seed42/pargenes/parse_run/results/33_pruned_fasta/33_pruned_fasta.raxml.rba
[00:00:00] Alignment comprises 172 taxa, 1 partitions and 400 patterns

Partition 0: noname
Model: GTR+FO
Alignment sites / patterns: 400 / 400
Gaps: 0.00 %
Invariant sites: 0.00 %


[00:00:00] Data distribution: max. partitions/sites/weight per thread: 1 / 400 / 1600
[00:00:00] Starting bootstrapping analysis with 10 replicates.

[00:00:36] Bootstrap tree #1, logLikelihood: -35887.346869
[00:01:01] Bootstrap tree #2, logLikelihood: -34473.377509
[00:01:25] Bootstrap tree #3, logLikelihood: -34043.198058
[00:01:49] Bootstrap tree #4, logLikelihood: -35995.802537
[00:02:29] Bootstrap tree #5, logLikelihood: -33489.022516
[00:03:07] Bootstrap tree #6, logLikelihood: -34586.151427
[00:03:42] Bootstrap tree #7, logLikelihood: -34001.297263
[00:05:11] Bootstrap tree #8, logLikelihood: -34046.157522
[00:05:34] Bootstrap tree #9, logLikelihood: -34518.178015
[00:06:12] Bootstrap tree #10, logLikelihood: -34291.286146

Optimized model parameters:

   Partition 0: noname
   Rate heterogeneity: NONE
   Base frequencies (ML): 0.260262 0.243459 0.249018 0.247261 
   Substitution rates (ML): 0.944826 1.011955 1.030551 1.005822 1.096222 1.000000 
Bootstrap trees saved to: /home/morelbt/github/BenoitDatasets/families/alesim_s20_f50_sites400_d1.0_l0.5_t0.5_seed42/pargenes/mlsearch_run/bootstraps/33_pruned_fasta/33_pruned_fasta_bs2.raxml.bootstraps

Execution log saved to: /home/morelbt/github/BenoitDatasets/families/alesim_s20_f50_sites400_d1.0_l0.5_t0.5_seed42/pargenes/mlsearch_run/bootstraps/33_pruned_fasta/33_pruned_fasta_bs2.raxml.log

Analysis started: 22-Jan-2019 14:32:18 / finished: 22-Jan-2019 14:38:31

Elapsed time: 372.717 seconds

