
RAxML-NG v. 0.6.0git BETA released on 27.07.2018 by The Exelixis Lab.
Authors: Alexey Kozlov, Alexandros Stamatakis, Diego Darriba, Tomas Flouri, Benoit Morel.
Latest version: https://github.com/amkozlov/raxml-ng
Questions/problems/suggestions? Please visit: https://groups.google.com/forum/#!forum/raxml

WARNING: This is a BETA release, please use at your own risk!

RAxML-NG was called as follows:

mpi-scheduler --bootstrap --msa ../BenoitDatasets/families/jsim_s27_f100_sites1000_d2.0_l1.0_seed6/pargenes/parse_run/results/17_fasta/17_fasta.raxml.rba --blopt nr_safe --model GTR --prefix ../BenoitDatasets/families/jsim_s27_f100_sites1000_d2.0_l1.0_seed6/pargenes/mlsearch_run/bootstraps/17_fasta/17_fasta_bs0 --threads 1 --seed 1 --bs-trees 10

Analysis options:
  run mode: Bootstrapping
  start tree(s): 
  bootstrap replicates: 10
  random seed: 1
  tip-inner: ON
  pattern compression: ON
  per-rate scalers: OFF
  site repeats: OFF
  branch lengths: linked (ML estimate, algorithm: NR-SAFE)
  SIMD kernels: AVX2
  parallelization: NONE/sequential

WARNING: The model you specified on the command line (GTR) will be ignored 
         since the binary MSA file already contains a model definition.
         If you want to change the model, please re-run RAxML-NG 
         with the original PHYLIP/FASTA alignment and --redo option.

[00:00:00] Loading binary alignment from file: ../BenoitDatasets/families/jsim_s27_f100_sites1000_d2.0_l1.0_seed6/pargenes/parse_run/results/17_fasta/17_fasta.raxml.rba
[00:00:00] Alignment comprises 27 taxa, 1 partitions and 1000 patterns

Partition 0: noname
Model: GTR+FO
Alignment sites / patterns: 1000 / 1000
Gaps: 0.00 %
Invariant sites: 0.00 %


[00:00:00] Data distribution: max. partitions/sites/weight per thread: 1 / 1000 / 4000
[00:00:00] Starting bootstrapping analysis with 10 replicates.

[00:00:03] Bootstrap tree #1, logLikelihood: -24544.920975
[00:00:06] Bootstrap tree #2, logLikelihood: -24687.512399
[00:00:10] Bootstrap tree #3, logLikelihood: -24766.957287
[00:00:13] Bootstrap tree #4, logLikelihood: -24697.854666
[00:00:17] Bootstrap tree #5, logLikelihood: -24799.825366
[00:00:20] Bootstrap tree #6, logLikelihood: -25089.272292
[00:00:24] Bootstrap tree #7, logLikelihood: -24728.734851
[00:00:27] Bootstrap tree #8, logLikelihood: -24484.618595
[00:00:31] Bootstrap tree #9, logLikelihood: -24919.874559
[00:00:34] Bootstrap tree #10, logLikelihood: -24845.722079

Optimized model parameters:

   Partition 0: noname
   Rate heterogeneity: NONE
   Base frequencies (ML): 0.258715 0.261149 0.224974 0.255162 
   Substitution rates (ML): 0.920854 1.074942 0.893326 1.086091 0.975172 1.000000 
Bootstrap trees saved to: /home/morelbt/github/BenoitDatasets/families/jsim_s27_f100_sites1000_d2.0_l1.0_seed6/pargenes/mlsearch_run/bootstraps/17_fasta/17_fasta_bs0.raxml.bootstraps

Execution log saved to: /home/morelbt/github/BenoitDatasets/families/jsim_s27_f100_sites1000_d2.0_l1.0_seed6/pargenes/mlsearch_run/bootstraps/17_fasta/17_fasta_bs0.raxml.log

Analysis started: 07-Dec-2018 15:53:03 / finished: 07-Dec-2018 15:53:38

Elapsed time: 34.515 seconds

