
RAxML-NG v. 0.6.0git BETA released on 27.07.2018 by The Exelixis Lab.
Authors: Alexey Kozlov, Alexandros Stamatakis, Diego Darriba, Tomas Flouri, Benoit Morel.
Latest version: https://github.com/amkozlov/raxml-ng
Questions/problems/suggestions? Please visit: https://groups.google.com/forum/#!forum/raxml

WARNING: This is a BETA release, please use at your own risk!

RAxML-NG was called as follows:

mpi-scheduler --msa ../BenoitDatasets/families/jsim_s27_f100_sites200_d0.2_l0.1_seed6/pargenes/parse_run/results/60_fasta/60_fasta.raxml.rba --blopt nr_safe --model GTR --prefix ../BenoitDatasets/families/jsim_s27_f100_sites200_d0.2_l0.1_seed6/pargenes/mlsearch_run/results/60_fasta/60_fasta --threads 1 --seed 1

Analysis options:
  run mode: ML tree search
  start tree(s): random (1)
  random seed: 1
  tip-inner: ON
  pattern compression: ON
  per-rate scalers: OFF
  site repeats: OFF
  fast spr radius: AUTO
  spr subtree cutoff: 1.000000
  branch lengths: linked (ML estimate, algorithm: NR-SAFE)
  SIMD kernels: AVX2
  parallelization: NONE/sequential

WARNING: The model you specified on the command line (GTR) will be ignored 
         since the binary MSA file already contains a model definition.
         If you want to change the model, please re-run RAxML-NG 
         with the original PHYLIP/FASTA alignment and --redo option.

[00:00:00] Loading binary alignment from file: ../BenoitDatasets/families/jsim_s27_f100_sites200_d0.2_l0.1_seed6/pargenes/parse_run/results/60_fasta/60_fasta.raxml.rba
[00:00:00] Alignment comprises 17 taxa, 1 partitions and 200 patterns

Partition 0: noname
Model: GTR+FO
Alignment sites / patterns: 200 / 200
Gaps: 0.00 %
Invariant sites: 0.00 %


[00:00:00] Generating 1 random starting tree(s) with 17 taxa
[00:00:00] Data distribution: max. partitions/sites/weight per thread: 1 / 200 / 800

Starting ML tree search with 1 distinct starting trees

[00:00:00 -5483.542023] Initial branch length optimization
[00:00:00 -4376.667833] Model parameter optimization (eps = 10.000000)
[00:00:00 -4367.856427] AUTODETECT spr round 1 (radius: 5)
[00:00:00 -3870.949108] AUTODETECT spr round 2 (radius: 10)
[00:00:00 -3862.193836] AUTODETECT spr round 3 (radius: 15)
[00:00:00 -3862.181509] SPR radius for FAST iterations: 10 (autodetect)
[00:00:00 -3862.181509] Model parameter optimization (eps = 3.000000)
[00:00:00 -3860.274969] FAST spr round 1 (radius: 10)
[00:00:00 -3854.801657] FAST spr round 2 (radius: 10)
[00:00:00 -3853.128691] FAST spr round 3 (radius: 10)
[00:00:00 -3853.118716] Model parameter optimization (eps = 1.000000)
[00:00:00 -3852.985454] SLOW spr round 1 (radius: 5)
[00:00:00 -3852.983881] SLOW spr round 2 (radius: 10)
[00:00:00 -3852.983554] SLOW spr round 3 (radius: 15)
[00:00:00 -3852.983469] Model parameter optimization (eps = 0.100000)

[00:00:00] ML tree search #1, logLikelihood: -3852.979502


Optimized model parameters:

   Partition 0: noname
   Rate heterogeneity: NONE
   Base frequencies (ML): 0.249131 0.247607 0.255638 0.247624 
   Substitution rates (ML): 1.044879 1.398367 0.986243 1.292244 1.245293 1.000000 

Final LogLikelihood: -3852.979502

Best ML tree saved to: /home/morelbt/github/BenoitDatasets/families/jsim_s27_f100_sites200_d0.2_l0.1_seed6/pargenes/mlsearch_run/results/60_fasta/60_fasta.raxml.bestTree
Optimized model saved to: /home/morelbt/github/BenoitDatasets/families/jsim_s27_f100_sites200_d0.2_l0.1_seed6/pargenes/mlsearch_run/results/60_fasta/60_fasta.raxml.bestModel

Execution log saved to: /home/morelbt/github/BenoitDatasets/families/jsim_s27_f100_sites200_d0.2_l0.1_seed6/pargenes/mlsearch_run/results/60_fasta/60_fasta.raxml.log

Analysis started: 07-Dec-2018 16:06:18 / finished: 07-Dec-2018 16:06:19

Elapsed time: 0.529 seconds

