
RAxML-NG v. 0.6.0git BETA released on 27.07.2018 by The Exelixis Lab.
Authors: Alexey Kozlov, Alexandros Stamatakis, Diego Darriba, Tomas Flouri, Benoit Morel.
Latest version: https://github.com/amkozlov/raxml-ng
Questions/problems/suggestions? Please visit: https://groups.google.com/forum/#!forum/raxml

WARNING: This is a BETA release, please use at your own risk!

RAxML-NG was called as follows:

mpi-scheduler --bootstrap --msa ../BenoitDatasets/families/jsim_s8_f100_sites300_d2.0_l1.0/pargenes/parse_run/results/2_fasta/2_fasta.raxml.rba --blopt nr_safe --model GTR --prefix ../BenoitDatasets/families/jsim_s8_f100_sites300_d2.0_l1.0/pargenes/mlsearch_run/bootstraps/2_fasta/2_fasta_bs4 --threads 1 --seed 5 --bs-trees 10

Analysis options:
  run mode: Bootstrapping
  start tree(s): 
  bootstrap replicates: 10
  random seed: 5
  tip-inner: ON
  pattern compression: ON
  per-rate scalers: OFF
  site repeats: OFF
  branch lengths: linked (ML estimate, algorithm: NR-SAFE)
  SIMD kernels: AVX2
  parallelization: NONE/sequential

WARNING: The model you specified on the command line (GTR) will be ignored 
         since the binary MSA file already contains a model definition.
         If you want to change the model, please re-run RAxML-NG 
         with the original PHYLIP/FASTA alignment and --redo option.

[00:00:00] Loading binary alignment from file: ../BenoitDatasets/families/jsim_s8_f100_sites300_d2.0_l1.0/pargenes/parse_run/results/2_fasta/2_fasta.raxml.rba
[00:00:00] Alignment comprises 6 taxa, 1 partitions and 243 patterns

Partition 0: noname
Model: GTR+FO
Alignment sites / patterns: 300 / 243
Gaps: 0.00 %
Invariant sites: 1.00 %


[00:00:00] Data distribution: max. partitions/sites/weight per thread: 1 / 243 / 972
[00:00:00] Starting bootstrapping analysis with 10 replicates.

[00:00:00] Bootstrap tree #1, logLikelihood: -2153.273689
[00:00:00] Bootstrap tree #2, logLikelihood: -2190.203164
[00:00:00] Bootstrap tree #3, logLikelihood: -2156.115037
[00:00:00] Bootstrap tree #4, logLikelihood: -2129.849089
[00:00:00] Bootstrap tree #5, logLikelihood: -2182.401718
[00:00:00] Bootstrap tree #6, logLikelihood: -2190.519717
[00:00:00] Bootstrap tree #7, logLikelihood: -2172.449699
[00:00:00] Bootstrap tree #8, logLikelihood: -2128.779139
[00:00:00] Bootstrap tree #9, logLikelihood: -2153.821462
[00:00:00] Bootstrap tree #10, logLikelihood: -2148.752044

Optimized model parameters:

   Partition 0: noname
   Rate heterogeneity: NONE
   Base frequencies (ML): 0.251776 0.243110 0.252738 0.252376 
   Substitution rates (ML): 1.457320 1.535243 1.179437 1.085923 1.814521 1.000000 
Bootstrap trees saved to: /home/morelbt/github/BenoitDatasets/families/jsim_s8_f100_sites300_d2.0_l1.0/pargenes/mlsearch_run/bootstraps/2_fasta/2_fasta_bs4.raxml.bootstraps

Execution log saved to: /home/morelbt/github/BenoitDatasets/families/jsim_s8_f100_sites300_d2.0_l1.0/pargenes/mlsearch_run/bootstraps/2_fasta/2_fasta_bs4.raxml.log

Analysis started: 05-Dec-2018 13:32:58 / finished: 05-Dec-2018 13:32:59

Elapsed time: 0.565 seconds

