
RAxML-NG v. 0.6.0git BETA released on 27.07.2018 by The Exelixis Lab.
Authors: Alexey Kozlov, Alexandros Stamatakis, Diego Darriba, Tomas Flouri, Benoit Morel.
Latest version: https://github.com/amkozlov/raxml-ng
Questions/problems/suggestions? Please visit: https://groups.google.com/forum/#!forum/raxml

WARNING: This is a BETA release, please use at your own risk!

RAxML-NG was called as follows:

mpi-scheduler --bootstrap --msa ../BenoitDatasets/families/jsim_s8_f100_sites300_d2.0_l1.0/pargenes/parse_run/results/11_fasta/11_fasta.raxml.rba --blopt nr_safe --model GTR --prefix ../BenoitDatasets/families/jsim_s8_f100_sites300_d2.0_l1.0/pargenes/mlsearch_run/bootstraps/11_fasta/11_fasta_bs8 --threads 1 --seed 9 --bs-trees 10

Analysis options:
  run mode: Bootstrapping
  start tree(s): 
  bootstrap replicates: 10
  random seed: 9
  tip-inner: ON
  pattern compression: ON
  per-rate scalers: OFF
  site repeats: OFF
  branch lengths: linked (ML estimate, algorithm: NR-SAFE)
  SIMD kernels: AVX2
  parallelization: NONE/sequential

WARNING: The model you specified on the command line (GTR) will be ignored 
         since the binary MSA file already contains a model definition.
         If you want to change the model, please re-run RAxML-NG 
         with the original PHYLIP/FASTA alignment and --redo option.

[00:00:00] Loading binary alignment from file: ../BenoitDatasets/families/jsim_s8_f100_sites300_d2.0_l1.0/pargenes/parse_run/results/11_fasta/11_fasta.raxml.rba
[00:00:00] Alignment comprises 12 taxa, 1 partitions and 297 patterns

Partition 0: noname
Model: GTR+FO
Alignment sites / patterns: 300 / 297
Gaps: 0.00 %
Invariant sites: 0.33 %


[00:00:00] Data distribution: max. partitions/sites/weight per thread: 1 / 297 / 1188
[00:00:00] Starting bootstrapping analysis with 10 replicates.

[00:00:00] Bootstrap tree #1, logLikelihood: -3715.395454
[00:00:00] Bootstrap tree #2, logLikelihood: -3660.358869
[00:00:00] Bootstrap tree #3, logLikelihood: -3765.517921
[00:00:01] Bootstrap tree #4, logLikelihood: -3741.873797
[00:00:01] Bootstrap tree #5, logLikelihood: -3759.536897
[00:00:01] Bootstrap tree #6, logLikelihood: -3740.704448
[00:00:02] Bootstrap tree #7, logLikelihood: -3765.881773
[00:00:02] Bootstrap tree #8, logLikelihood: -3704.808732
[00:00:02] Bootstrap tree #9, logLikelihood: -3763.276127
[00:00:03] Bootstrap tree #10, logLikelihood: -3732.924793

Optimized model parameters:

   Partition 0: noname
   Rate heterogeneity: NONE
   Base frequencies (ML): 0.266337 0.222658 0.240853 0.270152 
   Substitution rates (ML): 1.441474 0.788144 0.966186 1.341316 1.052546 1.000000 
Bootstrap trees saved to: /home/morelbt/github/BenoitDatasets/families/jsim_s8_f100_sites300_d2.0_l1.0/pargenes/mlsearch_run/bootstraps/11_fasta/11_fasta_bs8.raxml.bootstraps

Execution log saved to: /home/morelbt/github/BenoitDatasets/families/jsim_s8_f100_sites300_d2.0_l1.0/pargenes/mlsearch_run/bootstraps/11_fasta/11_fasta_bs8.raxml.log

Analysis started: 05-Dec-2018 13:32:44 / finished: 05-Dec-2018 13:32:47

Elapsed time: 3.197 seconds

