
RAxML-NG v. 0.6.0git BETA released on 27.07.2018 by The Exelixis Lab.
Authors: Alexey Kozlov, Alexandros Stamatakis, Diego Darriba, Tomas Flouri, Benoit Morel.
Latest version: https://github.com/amkozlov/raxml-ng
Questions/problems/suggestions? Please visit: https://groups.google.com/forum/#!forum/raxml

WARNING: This is a BETA release, please use at your own risk!

RAxML-NG was called as follows:

mpi-scheduler --msa ../BenoitDatasets/families/jsim_s27_f100_sites200_d2.0_l1.0_seed6/pargenes/parse_run/results/78_fasta/78_fasta.raxml.rba --blopt nr_safe --model GTR --prefix ../BenoitDatasets/families/jsim_s27_f100_sites200_d2.0_l1.0_seed6/pargenes/mlsearch_run/results/78_fasta/78_fasta --threads 1 --seed 1

Analysis options:
  run mode: ML tree search
  start tree(s): random (1)
  random seed: 1
  tip-inner: ON
  pattern compression: ON
  per-rate scalers: OFF
  site repeats: OFF
  fast spr radius: AUTO
  spr subtree cutoff: 1.000000
  branch lengths: linked (ML estimate, algorithm: NR-SAFE)
  SIMD kernels: AVX2
  parallelization: NONE/sequential

WARNING: The model you specified on the command line (GTR) will be ignored 
         since the binary MSA file already contains a model definition.
         If you want to change the model, please re-run RAxML-NG 
         with the original PHYLIP/FASTA alignment and --redo option.

[00:00:00] Loading binary alignment from file: ../BenoitDatasets/families/jsim_s27_f100_sites200_d2.0_l1.0_seed6/pargenes/parse_run/results/78_fasta/78_fasta.raxml.rba
[00:00:00] Alignment comprises 32 taxa, 1 partitions and 200 patterns

Partition 0: noname
Model: GTR+FO
Alignment sites / patterns: 200 / 200
Gaps: 0.00 %
Invariant sites: 0.00 %


[00:00:00] Generating 1 random starting tree(s) with 32 taxa
[00:00:00] Data distribution: max. partitions/sites/weight per thread: 1 / 200 / 800

Starting ML tree search with 1 distinct starting trees

[00:00:00 -9688.828462] Initial branch length optimization
[00:00:00 -7684.161975] Model parameter optimization (eps = 10.000000)
[00:00:00 -7672.364618] AUTODETECT spr round 1 (radius: 5)
[00:00:00 -6554.209354] AUTODETECT spr round 2 (radius: 10)
[00:00:00 -6379.031052] AUTODETECT spr round 3 (radius: 15)
[00:00:00 -6378.985745] SPR radius for FAST iterations: 10 (autodetect)
[00:00:00 -6378.985745] Model parameter optimization (eps = 3.000000)
[00:00:00 -6377.488330] FAST spr round 1 (radius: 10)
[00:00:00 -6285.257137] FAST spr round 2 (radius: 10)
[00:00:00 -6281.917513] FAST spr round 3 (radius: 10)
[00:00:00 -6281.857869] Model parameter optimization (eps = 1.000000)
[00:00:00 -6281.694433] SLOW spr round 1 (radius: 5)
[00:00:00 -6281.515177] SLOW spr round 2 (radius: 5)
[00:00:01 -6281.479453] SLOW spr round 3 (radius: 10)
[00:00:01 -6281.460044] SLOW spr round 4 (radius: 15)
[00:00:01 -6281.449954] SLOW spr round 5 (radius: 20)
[00:00:01 -6281.444913] SLOW spr round 6 (radius: 25)
[00:00:01 -6281.442459] Model parameter optimization (eps = 0.100000)

[00:00:01] ML tree search #1, logLikelihood: -6281.399874


Optimized model parameters:

   Partition 0: noname
   Rate heterogeneity: NONE
   Base frequencies (ML): 0.245518 0.247839 0.251862 0.254782 
   Substitution rates (ML): 0.765350 1.051737 0.865322 0.899557 0.908468 1.000000 

Final LogLikelihood: -6281.399874

Best ML tree saved to: /home/morelbt/github/BenoitDatasets/families/jsim_s27_f100_sites200_d2.0_l1.0_seed6/pargenes/mlsearch_run/results/78_fasta/78_fasta.raxml.bestTree
Optimized model saved to: /home/morelbt/github/BenoitDatasets/families/jsim_s27_f100_sites200_d2.0_l1.0_seed6/pargenes/mlsearch_run/results/78_fasta/78_fasta.raxml.bestModel

Execution log saved to: /home/morelbt/github/BenoitDatasets/families/jsim_s27_f100_sites200_d2.0_l1.0_seed6/pargenes/mlsearch_run/results/78_fasta/78_fasta.raxml.log

Analysis started: 07-Dec-2018 15:27:56 / finished: 07-Dec-2018 15:27:58

Elapsed time: 1.896 seconds

