
RAxML-NG v. 0.6.0git BETA released on 27.07.2018 by The Exelixis Lab.
Authors: Alexey Kozlov, Alexandros Stamatakis, Diego Darriba, Tomas Flouri, Benoit Morel.
Latest version: https://github.com/amkozlov/raxml-ng
Questions/problems/suggestions? Please visit: https://groups.google.com/forum/#!forum/raxml

WARNING: This is a BETA release, please use at your own risk!

RAxML-NG was called as follows:

mpi-scheduler --bootstrap --msa ../BenoitDatasets/families/jsim_s27_f100_sites200_d2.0_l1.0_seed6/pargenes/parse_run/results/9_fasta/9_fasta.raxml.rba --blopt nr_safe --model GTR --prefix ../BenoitDatasets/families/jsim_s27_f100_sites200_d2.0_l1.0_seed6/pargenes/mlsearch_run/bootstraps/9_fasta/9_fasta_bs8 --threads 1 --seed 9 --bs-trees 10

Analysis options:
  run mode: Bootstrapping
  start tree(s): 
  bootstrap replicates: 10
  random seed: 9
  tip-inner: ON
  pattern compression: ON
  per-rate scalers: OFF
  site repeats: OFF
  branch lengths: linked (ML estimate, algorithm: NR-SAFE)
  SIMD kernels: AVX2
  parallelization: NONE/sequential

WARNING: The model you specified on the command line (GTR) will be ignored 
         since the binary MSA file already contains a model definition.
         If you want to change the model, please re-run RAxML-NG 
         with the original PHYLIP/FASTA alignment and --redo option.

[00:00:00] Loading binary alignment from file: ../BenoitDatasets/families/jsim_s27_f100_sites200_d2.0_l1.0_seed6/pargenes/parse_run/results/9_fasta/9_fasta.raxml.rba
[00:00:00] Alignment comprises 7 taxa, 1 partitions and 123 patterns

Partition 0: noname
Model: GTR+FO
Alignment sites / patterns: 200 / 123
Gaps: 0.00 %
Invariant sites: 2.00 %


[00:00:00] Data distribution: max. partitions/sites/weight per thread: 1 / 123 / 492
[00:00:00] Starting bootstrapping analysis with 10 replicates.

[00:00:00] Bootstrap tree #1, logLikelihood: -1161.943366
[00:00:00] Bootstrap tree #2, logLikelihood: -1172.818145
[00:00:00] Bootstrap tree #3, logLikelihood: -1154.172188
[00:00:00] Bootstrap tree #4, logLikelihood: -1106.030029
[00:00:00] Bootstrap tree #5, logLikelihood: -1126.069903
[00:00:00] Bootstrap tree #6, logLikelihood: -1158.355664
[00:00:00] Bootstrap tree #7, logLikelihood: -1141.072410
[00:00:00] Bootstrap tree #8, logLikelihood: -1122.348864
[00:00:00] Bootstrap tree #9, logLikelihood: -1157.007755
[00:00:00] Bootstrap tree #10, logLikelihood: -1150.689187

Optimized model parameters:

   Partition 0: noname
   Rate heterogeneity: NONE
   Base frequencies (ML): 0.315109 0.238836 0.225036 0.221019 
   Substitution rates (ML): 1.485518 2.350232 2.220953 2.102687 2.484224 1.000000 
Bootstrap trees saved to: /home/morelbt/github/BenoitDatasets/families/jsim_s27_f100_sites200_d2.0_l1.0_seed6/pargenes/mlsearch_run/bootstraps/9_fasta/9_fasta_bs8.raxml.bootstraps

Execution log saved to: /home/morelbt/github/BenoitDatasets/families/jsim_s27_f100_sites200_d2.0_l1.0_seed6/pargenes/mlsearch_run/bootstraps/9_fasta/9_fasta_bs8.raxml.log

Analysis started: 07-Dec-2018 15:27:56 / finished: 07-Dec-2018 15:27:56

Elapsed time: 0.452 seconds

