
RAxML-NG v. 0.6.0git BETA released on 27.07.2018 by The Exelixis Lab.
Authors: Alexey Kozlov, Alexandros Stamatakis, Diego Darriba, Tomas Flouri, Benoit Morel.
Latest version: https://github.com/amkozlov/raxml-ng
Questions/problems/suggestions? Please visit: https://groups.google.com/forum/#!forum/raxml

WARNING: This is a BETA release, please use at your own risk!

RAxML-NG was called as follows:

mpi-scheduler --bootstrap --msa ../BenoitDatasets/families/jsim_s27_f100_sites200_d2.0_l1.0_seed6/pargenes/parse_run/results/42_fasta/42_fasta.raxml.rba --blopt nr_safe --model GTR --prefix ../BenoitDatasets/families/jsim_s27_f100_sites200_d2.0_l1.0_seed6/pargenes/mlsearch_run/bootstraps/42_fasta/42_fasta_bs0 --threads 1 --seed 1 --bs-trees 10

Analysis options:
  run mode: Bootstrapping
  start tree(s): 
  bootstrap replicates: 10
  random seed: 1
  tip-inner: ON
  pattern compression: ON
  per-rate scalers: OFF
  site repeats: OFF
  branch lengths: linked (ML estimate, algorithm: NR-SAFE)
  SIMD kernels: AVX2
  parallelization: NONE/sequential

WARNING: The model you specified on the command line (GTR) will be ignored 
         since the binary MSA file already contains a model definition.
         If you want to change the model, please re-run RAxML-NG 
         with the original PHYLIP/FASTA alignment and --redo option.

[00:00:00] Loading binary alignment from file: ../BenoitDatasets/families/jsim_s27_f100_sites200_d2.0_l1.0_seed6/pargenes/parse_run/results/42_fasta/42_fasta.raxml.rba
[00:00:00] Alignment comprises 43 taxa, 1 partitions and 200 patterns

Partition 0: noname
Model: GTR+FO
Alignment sites / patterns: 200 / 200
Gaps: 0.00 %
Invariant sites: 0.00 %


[00:00:00] Data distribution: max. partitions/sites/weight per thread: 1 / 200 / 800
[00:00:00] Starting bootstrapping analysis with 10 replicates.

[00:00:01] Bootstrap tree #1, logLikelihood: -7810.124604
[00:00:02] Bootstrap tree #2, logLikelihood: -7938.385129
[00:00:05] Bootstrap tree #3, logLikelihood: -7906.550087
[00:00:07] Bootstrap tree #4, logLikelihood: -7749.734458
[00:00:08] Bootstrap tree #5, logLikelihood: -7841.772282
[00:00:10] Bootstrap tree #6, logLikelihood: -7810.002320
[00:00:11] Bootstrap tree #7, logLikelihood: -7839.595160
[00:00:15] Bootstrap tree #8, logLikelihood: -7773.925460
[00:00:17] Bootstrap tree #9, logLikelihood: -7820.144321
[00:00:20] Bootstrap tree #10, logLikelihood: -7961.857911

Optimized model parameters:

   Partition 0: noname
   Rate heterogeneity: NONE
   Base frequencies (ML): 0.253966 0.251686 0.244994 0.249355 
   Substitution rates (ML): 0.705256 1.082570 0.708114 0.767195 0.900326 1.000000 
Bootstrap trees saved to: /home/morelbt/github/BenoitDatasets/families/jsim_s27_f100_sites200_d2.0_l1.0_seed6/pargenes/mlsearch_run/bootstraps/42_fasta/42_fasta_bs0.raxml.bootstraps

Execution log saved to: /home/morelbt/github/BenoitDatasets/families/jsim_s27_f100_sites200_d2.0_l1.0_seed6/pargenes/mlsearch_run/bootstraps/42_fasta/42_fasta_bs0.raxml.log

Analysis started: 07-Dec-2018 15:25:38 / finished: 07-Dec-2018 15:25:58

Elapsed time: 20.214 seconds

