
RAxML-NG v. 0.6.0git BETA released on 27.07.2018 by The Exelixis Lab.
Authors: Alexey Kozlov, Alexandros Stamatakis, Diego Darriba, Tomas Flouri, Benoit Morel.
Latest version: https://github.com/amkozlov/raxml-ng
Questions/problems/suggestions? Please visit: https://groups.google.com/forum/#!forum/raxml

WARNING: This is a BETA release, please use at your own risk!

RAxML-NG was called as follows:

mpi-scheduler --bootstrap --msa ../BenoitDatasets/families/alesim_s30_f50_sites200_d2.0_l1.0_seed42/pargenes/parse_run/results/28_prunedfasta/28_prunedfasta.raxml.rba --blopt nr_safe --model GTR --prefix ../BenoitDatasets/families/alesim_s30_f50_sites200_d2.0_l1.0_seed42/pargenes/mlsearch_run/bootstraps/28_prunedfasta/28_prunedfasta_bs5 --threads 1 --seed 6 --bs-trees 10

Analysis options:
  run mode: Bootstrapping
  start tree(s): 
  bootstrap replicates: 10
  random seed: 6
  tip-inner: ON
  pattern compression: ON
  per-rate scalers: OFF
  site repeats: OFF
  branch lengths: linked (ML estimate, algorithm: NR-SAFE)
  SIMD kernels: AVX2
  parallelization: NONE/sequential

WARNING: The model you specified on the command line (GTR) will be ignored 
         since the binary MSA file already contains a model definition.
         If you want to change the model, please re-run RAxML-NG 
         with the original PHYLIP/FASTA alignment and --redo option.

[00:00:00] Loading binary alignment from file: ../BenoitDatasets/families/alesim_s30_f50_sites200_d2.0_l1.0_seed42/pargenes/parse_run/results/28_prunedfasta/28_prunedfasta.raxml.rba
[00:00:00] Alignment comprises 34 taxa, 1 partitions and 184 patterns

Partition 0: noname
Model: GTR+FO
Alignment sites / patterns: 200 / 184
Gaps: 0.00 %
Invariant sites: 2.00 %


[00:00:00] Data distribution: max. partitions/sites/weight per thread: 1 / 184 / 736
[00:00:00] Starting bootstrapping analysis with 10 replicates.

[00:00:00] Bootstrap tree #1, logLikelihood: -2576.457807
[00:00:01] Bootstrap tree #2, logLikelihood: -2627.409694
[00:00:01] Bootstrap tree #3, logLikelihood: -2437.926326
[00:00:02] Bootstrap tree #4, logLikelihood: -2400.527846
[00:00:03] Bootstrap tree #5, logLikelihood: -2544.674015
[00:00:03] Bootstrap tree #6, logLikelihood: -2582.190580
[00:00:04] Bootstrap tree #7, logLikelihood: -2452.673833
[00:00:05] Bootstrap tree #8, logLikelihood: -2530.159438
[00:00:05] Bootstrap tree #9, logLikelihood: -2482.012860
[00:00:06] Bootstrap tree #10, logLikelihood: -2551.647793

Optimized model parameters:

   Partition 0: noname
   Rate heterogeneity: NONE
   Base frequencies (ML): 0.211785 0.273696 0.243618 0.270901 
   Substitution rates (ML): 1.066168 1.379207 0.912243 1.153308 1.246597 1.000000 
Bootstrap trees saved to: /home/morelbt/github/BenoitDatasets/families/alesim_s30_f50_sites200_d2.0_l1.0_seed42/pargenes/mlsearch_run/bootstraps/28_prunedfasta/28_prunedfasta_bs5.raxml.bootstraps

Execution log saved to: /home/morelbt/github/BenoitDatasets/families/alesim_s30_f50_sites200_d2.0_l1.0_seed42/pargenes/mlsearch_run/bootstraps/28_prunedfasta/28_prunedfasta_bs5.raxml.log

Analysis started: 11-Dec-2018 20:57:44 / finished: 11-Dec-2018 20:57:51

Elapsed time: 6.418 seconds

