
RAxML-NG v. 0.6.0git BETA released on 27.07.2018 by The Exelixis Lab.
Authors: Alexey Kozlov, Alexandros Stamatakis, Diego Darriba, Tomas Flouri, Benoit Morel.
Latest version: https://github.com/amkozlov/raxml-ng
Questions/problems/suggestions? Please visit: https://groups.google.com/forum/#!forum/raxml

WARNING: This is a BETA release, please use at your own risk!

RAxML-NG was called as follows:

mpi-scheduler --bootstrap --msa ../BenoitDatasets/families/alesim_s30_f50_sites200_d2.0_l1.0_seed42/pargenes/parse_run/results/35_prunedfasta/35_prunedfasta.raxml.rba --blopt nr_safe --model GTR --prefix ../BenoitDatasets/families/alesim_s30_f50_sites200_d2.0_l1.0_seed42/pargenes/mlsearch_run/bootstraps/35_prunedfasta/35_prunedfasta_bs5 --threads 1 --seed 6 --bs-trees 10

Analysis options:
  run mode: Bootstrapping
  start tree(s): 
  bootstrap replicates: 10
  random seed: 6
  tip-inner: ON
  pattern compression: ON
  per-rate scalers: OFF
  site repeats: OFF
  branch lengths: linked (ML estimate, algorithm: NR-SAFE)
  SIMD kernels: AVX2
  parallelization: NONE/sequential

WARNING: The model you specified on the command line (GTR) will be ignored 
         since the binary MSA file already contains a model definition.
         If you want to change the model, please re-run RAxML-NG 
         with the original PHYLIP/FASTA alignment and --redo option.

[00:00:00] Loading binary alignment from file: ../BenoitDatasets/families/alesim_s30_f50_sites200_d2.0_l1.0_seed42/pargenes/parse_run/results/35_prunedfasta/35_prunedfasta.raxml.rba
[00:00:00] Alignment comprises 11 taxa, 1 partitions and 66 patterns

Partition 0: noname
Model: GTR+FO
Alignment sites / patterns: 200 / 66
Gaps: 0.00 %
Invariant sites: 2.00 %


[00:00:00] Data distribution: max. partitions/sites/weight per thread: 1 / 66 / 264
[00:00:00] Starting bootstrapping analysis with 10 replicates.

[00:00:00] Bootstrap tree #1, logLikelihood: -785.759798
[00:00:00] Bootstrap tree #2, logLikelihood: -729.252123
[00:00:00] Bootstrap tree #3, logLikelihood: -754.351077
[00:00:00] Bootstrap tree #4, logLikelihood: -724.449822
[00:00:00] Bootstrap tree #5, logLikelihood: -740.682822
[00:00:00] Bootstrap tree #6, logLikelihood: -738.168490
[00:00:00] Bootstrap tree #7, logLikelihood: -779.791660
[00:00:00] Bootstrap tree #8, logLikelihood: -730.820920
[00:00:00] Bootstrap tree #9, logLikelihood: -714.966982
[00:00:00] Bootstrap tree #10, logLikelihood: -744.050477

Optimized model parameters:

   Partition 0: noname
   Rate heterogeneity: NONE
   Base frequencies (ML): 0.264935 0.285037 0.202967 0.247060 
   Substitution rates (ML): 0.301689 0.811262 0.459925 0.322327 0.649584 1.000000 
Bootstrap trees saved to: /home/morelbt/github/BenoitDatasets/families/alesim_s30_f50_sites200_d2.0_l1.0_seed42/pargenes/mlsearch_run/bootstraps/35_prunedfasta/35_prunedfasta_bs5.raxml.bootstraps

Execution log saved to: /home/morelbt/github/BenoitDatasets/families/alesim_s30_f50_sites200_d2.0_l1.0_seed42/pargenes/mlsearch_run/bootstraps/35_prunedfasta/35_prunedfasta_bs5.raxml.log

Analysis started: 11-Dec-2018 20:58:04 / finished: 11-Dec-2018 20:58:04

Elapsed time: 0.441 seconds

