
RAxML-NG v. 0.6.0git BETA released on 27.07.2018 by The Exelixis Lab.
Authors: Alexey Kozlov, Alexandros Stamatakis, Diego Darriba, Tomas Flouri, Benoit Morel.
Latest version: https://github.com/amkozlov/raxml-ng
Questions/problems/suggestions? Please visit: https://groups.google.com/forum/#!forum/raxml

WARNING: This is a BETA release, please use at your own risk!

RAxML-NG was called as follows:

mpi-scheduler --bootstrap --msa ../BenoitDatasets/families/jsim_s8_f100_sites300_d2.0_l1.0_t0.5_seed6/pargenes/parse_run/results/58_pruned_fasta/58_pruned_fasta.raxml.rba --blopt nr_safe --model GTR --prefix ../BenoitDatasets/families/jsim_s8_f100_sites300_d2.0_l1.0_t0.5_seed6/pargenes/mlsearch_run/bootstraps/58_pruned_fasta/58_pruned_fasta_bs5 --threads 1 --seed 6 --bs-trees 10

Analysis options:
  run mode: Bootstrapping
  start tree(s): 
  bootstrap replicates: 10
  random seed: 6
  tip-inner: ON
  pattern compression: ON
  per-rate scalers: OFF
  site repeats: OFF
  branch lengths: linked (ML estimate, algorithm: NR-SAFE)
  SIMD kernels: AVX2
  parallelization: NONE/sequential

WARNING: The model you specified on the command line (GTR) will be ignored 
         since the binary MSA file already contains a model definition.
         If you want to change the model, please re-run RAxML-NG 
         with the original PHYLIP/FASTA alignment and --redo option.

[00:00:00] Loading binary alignment from file: ../BenoitDatasets/families/jsim_s8_f100_sites300_d2.0_l1.0_t0.5_seed6/pargenes/parse_run/results/58_pruned_fasta/58_pruned_fasta.raxml.rba
[00:00:00] Alignment comprises 61 taxa, 1 partitions and 300 patterns

Partition 0: noname
Model: GTR+FO
Alignment sites / patterns: 300 / 300
Gaps: 0.00 %
Invariant sites: 0.00 %


[00:00:00] Data distribution: max. partitions/sites/weight per thread: 1 / 300 / 1200
[00:00:00] Starting bootstrapping analysis with 10 replicates.

[00:00:05] Bootstrap tree #1, logLikelihood: -15754.135953
[00:00:10] Bootstrap tree #2, logLikelihood: -16112.491778
[00:00:15] Bootstrap tree #3, logLikelihood: -16013.965449
[00:00:21] Bootstrap tree #4, logLikelihood: -16006.460296
[00:00:25] Bootstrap tree #5, logLikelihood: -15988.360760
[00:00:32] Bootstrap tree #6, logLikelihood: -15972.950020
[00:00:36] Bootstrap tree #7, logLikelihood: -15862.672092
[00:00:40] Bootstrap tree #8, logLikelihood: -16115.576696
[00:00:45] Bootstrap tree #9, logLikelihood: -16171.337343
[00:00:50] Bootstrap tree #10, logLikelihood: -16008.441507

Optimized model parameters:

   Partition 0: noname
   Rate heterogeneity: NONE
   Base frequencies (ML): 0.254893 0.256947 0.231580 0.256580 
   Substitution rates (ML): 0.856189 0.980756 0.919219 0.889879 0.912078 1.000000 
Bootstrap trees saved to: /home/morelbt/github/BenoitDatasets/families/jsim_s8_f100_sites300_d2.0_l1.0_t0.5_seed6/pargenes/mlsearch_run/bootstraps/58_pruned_fasta/58_pruned_fasta_bs5.raxml.bootstraps

Execution log saved to: /home/morelbt/github/BenoitDatasets/families/jsim_s8_f100_sites300_d2.0_l1.0_t0.5_seed6/pargenes/mlsearch_run/bootstraps/58_pruned_fasta/58_pruned_fasta_bs5.raxml.log

Analysis started: 14-Jan-2019 13:31:06 / finished: 14-Jan-2019 13:31:57

Elapsed time: 50.652 seconds

