
RAxML-NG v. 0.6.0git BETA released on 27.07.2018 by The Exelixis Lab.
Authors: Alexey Kozlov, Alexandros Stamatakis, Diego Darriba, Tomas Flouri, Benoit Morel.
Latest version: https://github.com/amkozlov/raxml-ng
Questions/problems/suggestions? Please visit: https://groups.google.com/forum/#!forum/raxml

WARNING: This is a BETA release, please use at your own risk!

RAxML-NG was called as follows:

mpi-scheduler --bootstrap --msa ../BenoitDatasets/families/alesim_s20_f50_sites400_d1.0_l0.5_t0.5_seed42/pargenes/parse_run/results/38_pruned_fasta/38_pruned_fasta.raxml.rba --blopt nr_safe --model GTR --prefix ../BenoitDatasets/families/alesim_s20_f50_sites400_d1.0_l0.5_t0.5_seed42/pargenes/mlsearch_run/bootstraps/38_pruned_fasta/38_pruned_fasta_bs4 --threads 1 --seed 5 --bs-trees 10

Analysis options:
  run mode: Bootstrapping
  start tree(s): 
  bootstrap replicates: 10
  random seed: 5
  tip-inner: ON
  pattern compression: ON
  per-rate scalers: OFF
  site repeats: OFF
  branch lengths: linked (ML estimate, algorithm: NR-SAFE)
  SIMD kernels: AVX2
  parallelization: NONE/sequential

WARNING: The model you specified on the command line (GTR) will be ignored 
         since the binary MSA file already contains a model definition.
         If you want to change the model, please re-run RAxML-NG 
         with the original PHYLIP/FASTA alignment and --redo option.

[00:00:00] Loading binary alignment from file: ../BenoitDatasets/families/alesim_s20_f50_sites400_d1.0_l0.5_t0.5_seed42/pargenes/parse_run/results/38_pruned_fasta/38_pruned_fasta.raxml.rba
[00:00:00] Alignment comprises 154 taxa, 1 partitions and 400 patterns

Partition 0: noname
Model: GTR+FO
Alignment sites / patterns: 400 / 400
Gaps: 0.00 %
Invariant sites: 0.00 %


[00:00:00] Data distribution: max. partitions/sites/weight per thread: 1 / 400 / 1600
[00:00:00] Starting bootstrapping analysis with 10 replicates.

[00:00:19] Bootstrap tree #1, logLikelihood: -27049.189834
[00:00:40] Bootstrap tree #2, logLikelihood: -27456.922262
[00:01:00] Bootstrap tree #3, logLikelihood: -26948.631688
[00:01:20] Bootstrap tree #4, logLikelihood: -26530.766463
[00:01:40] Bootstrap tree #5, logLikelihood: -26670.432112
[00:02:00] Bootstrap tree #6, logLikelihood: -26613.163599
[00:02:21] Bootstrap tree #7, logLikelihood: -27193.350139
[00:02:43] Bootstrap tree #8, logLikelihood: -26914.690195
[00:03:03] Bootstrap tree #9, logLikelihood: -26923.975525
[00:03:26] Bootstrap tree #10, logLikelihood: -26919.696706

Optimized model parameters:

   Partition 0: noname
   Rate heterogeneity: NONE
   Base frequencies (ML): 0.252909 0.256794 0.255983 0.234314 
   Substitution rates (ML): 0.885085 0.985330 1.022603 0.893537 0.878479 1.000000 
Bootstrap trees saved to: /home/morelbt/github/BenoitDatasets/families/alesim_s20_f50_sites400_d1.0_l0.5_t0.5_seed42/pargenes/mlsearch_run/bootstraps/38_pruned_fasta/38_pruned_fasta_bs4.raxml.bootstraps

Execution log saved to: /home/morelbt/github/BenoitDatasets/families/alesim_s20_f50_sites400_d1.0_l0.5_t0.5_seed42/pargenes/mlsearch_run/bootstraps/38_pruned_fasta/38_pruned_fasta_bs4.raxml.log

Analysis started: 22-Jan-2019 14:36:28 / finished: 22-Jan-2019 14:39:54

Elapsed time: 206.347 seconds

