
RAxML-NG v. 0.6.0git BETA released on 27.07.2018 by The Exelixis Lab.
Authors: Alexey Kozlov, Alexandros Stamatakis, Diego Darriba, Tomas Flouri, Benoit Morel.
Latest version: https://github.com/amkozlov/raxml-ng
Questions/problems/suggestions? Please visit: https://groups.google.com/forum/#!forum/raxml

WARNING: This is a BETA release, please use at your own risk!

RAxML-NG was called as follows:

mpi-scheduler --msa ../BenoitDatasets/families/jsim_s8_f100_sites300_d2.0_l1.0/pargenes/parse_run/results/1_fasta/1_fasta.raxml.rba --blopt nr_safe --model GTR --prefix ../BenoitDatasets/families/jsim_s8_f100_sites300_d2.0_l1.0/pargenes/mlsearch_run/results/1_fasta/1_fasta --threads 1 --seed 1

Analysis options:
  run mode: ML tree search
  start tree(s): random (1)
  random seed: 1
  tip-inner: ON
  pattern compression: ON
  per-rate scalers: OFF
  site repeats: OFF
  fast spr radius: AUTO
  spr subtree cutoff: 1.000000
  branch lengths: linked (ML estimate, algorithm: NR-SAFE)
  SIMD kernels: AVX2
  parallelization: NONE/sequential

WARNING: The model you specified on the command line (GTR) will be ignored 
         since the binary MSA file already contains a model definition.
         If you want to change the model, please re-run RAxML-NG 
         with the original PHYLIP/FASTA alignment and --redo option.

[00:00:00] Loading binary alignment from file: ../BenoitDatasets/families/jsim_s8_f100_sites300_d2.0_l1.0/pargenes/parse_run/results/1_fasta/1_fasta.raxml.rba
[00:00:00] Alignment comprises 9 taxa, 1 partitions and 293 patterns

Partition 0: noname
Model: GTR+FO
Alignment sites / patterns: 300 / 293
Gaps: 0.00 %
Invariant sites: 1.00 %


[00:00:00] Generating 1 random starting tree(s) with 9 taxa
[00:00:00] Data distribution: max. partitions/sites/weight per thread: 1 / 293 / 1172

Starting ML tree search with 1 distinct starting trees

[00:00:00 -4374.651391] Initial branch length optimization
[00:00:00 -3317.571138] Model parameter optimization (eps = 10.000000)
[00:00:00 -3309.187891] AUTODETECT spr round 1 (radius: 5)
[00:00:00 -3115.275970] SPR radius for FAST iterations: 5 (autodetect)
[00:00:00 -3115.275970] Model parameter optimization (eps = 3.000000)
[00:00:00 -3113.745006] FAST spr round 1 (radius: 5)
[00:00:00 -3111.816090] FAST spr round 2 (radius: 5)
[00:00:00 -3111.623713] FAST spr round 3 (radius: 5)
[00:00:00 -3111.622626] Model parameter optimization (eps = 1.000000)
[00:00:00 -3111.582314] SLOW spr round 1 (radius: 5)
[00:00:00 -3111.580915] Model parameter optimization (eps = 0.100000)

[00:00:00] ML tree search #1, logLikelihood: -3111.579846


Optimized model parameters:

   Partition 0: noname
   Rate heterogeneity: NONE
   Base frequencies (ML): 0.220242 0.254024 0.260156 0.265578 
   Substitution rates (ML): 1.069417 0.732138 1.114959 0.782044 1.106295 1.000000 

Final LogLikelihood: -3111.579846

Best ML tree saved to: /home/morelbt/github/BenoitDatasets/families/jsim_s8_f100_sites300_d2.0_l1.0/pargenes/mlsearch_run/results/1_fasta/1_fasta.raxml.bestTree
Optimized model saved to: /home/morelbt/github/BenoitDatasets/families/jsim_s8_f100_sites300_d2.0_l1.0/pargenes/mlsearch_run/results/1_fasta/1_fasta.raxml.bestModel

Execution log saved to: /home/morelbt/github/BenoitDatasets/families/jsim_s8_f100_sites300_d2.0_l1.0/pargenes/mlsearch_run/results/1_fasta/1_fasta.raxml.log

Analysis started: 05-Dec-2018 13:33:01 / finished: 05-Dec-2018 13:33:01

Elapsed time: 0.238 seconds

