
RAxML-NG v. 0.6.0git BETA released on 27.07.2018 by The Exelixis Lab.
Authors: Alexey Kozlov, Alexandros Stamatakis, Diego Darriba, Tomas Flouri, Benoit Morel.
Latest version: https://github.com/amkozlov/raxml-ng
Questions/problems/suggestions? Please visit: https://groups.google.com/forum/#!forum/raxml

WARNING: This is a BETA release, please use at your own risk!

RAxML-NG was called as follows:

mpi-scheduler --bootstrap --msa ../BenoitDatasets/families/jsim_s27_f100_sites1000_d2.0_l1.0_seed6/pargenes/parse_run/results/4_fasta/4_fasta.raxml.rba --blopt nr_safe --model GTR --prefix ../BenoitDatasets/families/jsim_s27_f100_sites1000_d2.0_l1.0_seed6/pargenes/mlsearch_run/bootstraps/4_fasta/4_fasta_bs7 --threads 1 --seed 8 --bs-trees 10

Analysis options:
  run mode: Bootstrapping
  start tree(s): 
  bootstrap replicates: 10
  random seed: 8
  tip-inner: ON
  pattern compression: ON
  per-rate scalers: OFF
  site repeats: OFF
  branch lengths: linked (ML estimate, algorithm: NR-SAFE)
  SIMD kernels: AVX2
  parallelization: NONE/sequential

WARNING: The model you specified on the command line (GTR) will be ignored 
         since the binary MSA file already contains a model definition.
         If you want to change the model, please re-run RAxML-NG 
         with the original PHYLIP/FASTA alignment and --redo option.

[00:00:00] Loading binary alignment from file: ../BenoitDatasets/families/jsim_s27_f100_sites1000_d2.0_l1.0_seed6/pargenes/parse_run/results/4_fasta/4_fasta.raxml.rba
[00:00:00] Alignment comprises 41 taxa, 1 partitions and 1000 patterns

Partition 0: noname
Model: GTR+FO
Alignment sites / patterns: 1000 / 1000
Gaps: 0.00 %
Invariant sites: 0.00 %


[00:00:00] Data distribution: max. partitions/sites/weight per thread: 1 / 1000 / 4000
[00:00:00] Starting bootstrapping analysis with 10 replicates.

[00:00:06] Bootstrap tree #1, logLikelihood: -33797.845285
[00:00:12] Bootstrap tree #2, logLikelihood: -34143.627885
[00:00:18] Bootstrap tree #3, logLikelihood: -33681.505615
[00:00:23] Bootstrap tree #4, logLikelihood: -34258.076007
[00:00:30] Bootstrap tree #5, logLikelihood: -33979.266285
[00:00:35] Bootstrap tree #6, logLikelihood: -34000.005888
[00:00:42] Bootstrap tree #7, logLikelihood: -34278.617602
[00:00:47] Bootstrap tree #8, logLikelihood: -34023.727486
[00:00:52] Bootstrap tree #9, logLikelihood: -33819.127957
[00:00:57] Bootstrap tree #10, logLikelihood: -33756.896892

Optimized model parameters:

   Partition 0: noname
   Rate heterogeneity: NONE
   Base frequencies (ML): 0.262692 0.244914 0.244836 0.247558 
   Substitution rates (ML): 0.988904 0.988175 1.085644 1.036407 1.024201 1.000000 
Bootstrap trees saved to: /home/morelbt/github/BenoitDatasets/families/jsim_s27_f100_sites1000_d2.0_l1.0_seed6/pargenes/mlsearch_run/bootstraps/4_fasta/4_fasta_bs7.raxml.bootstraps

Execution log saved to: /home/morelbt/github/BenoitDatasets/families/jsim_s27_f100_sites1000_d2.0_l1.0_seed6/pargenes/mlsearch_run/bootstraps/4_fasta/4_fasta_bs7.raxml.log

Analysis started: 07-Dec-2018 15:47:20 / finished: 07-Dec-2018 15:48:17

Elapsed time: 57.638 seconds

