
RAxML-NG v. 0.6.0git BETA released on 27.07.2018 by The Exelixis Lab.
Authors: Alexey Kozlov, Alexandros Stamatakis, Diego Darriba, Tomas Flouri, Benoit Morel.
Latest version: https://github.com/amkozlov/raxml-ng
Questions/problems/suggestions? Please visit: https://groups.google.com/forum/#!forum/raxml

WARNING: This is a BETA release, please use at your own risk!

RAxML-NG was called as follows:

mpi-scheduler --bootstrap --msa ../BenoitDatasets/families/jsim_s27_f100_sites1000_d2.0_l1.0_seed6/pargenes/parse_run/results/4_fasta/4_fasta.raxml.rba --blopt nr_safe --model GTR --prefix ../BenoitDatasets/families/jsim_s27_f100_sites1000_d2.0_l1.0_seed6/pargenes/mlsearch_run/bootstraps/4_fasta/4_fasta_bs1 --threads 1 --seed 2 --bs-trees 10

Analysis options:
  run mode: Bootstrapping
  start tree(s): 
  bootstrap replicates: 10
  random seed: 2
  tip-inner: ON
  pattern compression: ON
  per-rate scalers: OFF
  site repeats: OFF
  branch lengths: linked (ML estimate, algorithm: NR-SAFE)
  SIMD kernels: AVX2
  parallelization: NONE/sequential

WARNING: The model you specified on the command line (GTR) will be ignored 
         since the binary MSA file already contains a model definition.
         If you want to change the model, please re-run RAxML-NG 
         with the original PHYLIP/FASTA alignment and --redo option.

[00:00:00] Loading binary alignment from file: ../BenoitDatasets/families/jsim_s27_f100_sites1000_d2.0_l1.0_seed6/pargenes/parse_run/results/4_fasta/4_fasta.raxml.rba
[00:00:00] Alignment comprises 41 taxa, 1 partitions and 1000 patterns

Partition 0: noname
Model: GTR+FO
Alignment sites / patterns: 1000 / 1000
Gaps: 0.00 %
Invariant sites: 0.00 %


[00:00:00] Data distribution: max. partitions/sites/weight per thread: 1 / 1000 / 4000
[00:00:00] Starting bootstrapping analysis with 10 replicates.

[00:00:06] Bootstrap tree #1, logLikelihood: -34187.133859
[00:00:12] Bootstrap tree #2, logLikelihood: -33914.474084
[00:00:18] Bootstrap tree #3, logLikelihood: -34006.539301
[00:00:24] Bootstrap tree #4, logLikelihood: -33963.438218
[00:00:31] Bootstrap tree #5, logLikelihood: -34100.381559
[00:00:37] Bootstrap tree #6, logLikelihood: -33951.237997
[00:00:43] Bootstrap tree #7, logLikelihood: -33977.038960
[00:00:49] Bootstrap tree #8, logLikelihood: -33767.722720
[00:00:55] Bootstrap tree #9, logLikelihood: -34159.368501
[00:01:02] Bootstrap tree #10, logLikelihood: -33817.019219

Optimized model parameters:

   Partition 0: noname
   Rate heterogeneity: NONE
   Base frequencies (ML): 0.252340 0.260583 0.249967 0.237111 
   Substitution rates (ML): 0.852531 0.984893 1.082159 0.915859 0.928240 1.000000 
Bootstrap trees saved to: /home/morelbt/github/BenoitDatasets/families/jsim_s27_f100_sites1000_d2.0_l1.0_seed6/pargenes/mlsearch_run/bootstraps/4_fasta/4_fasta_bs1.raxml.bootstraps

Execution log saved to: /home/morelbt/github/BenoitDatasets/families/jsim_s27_f100_sites1000_d2.0_l1.0_seed6/pargenes/mlsearch_run/bootstraps/4_fasta/4_fasta_bs1.raxml.log

Analysis started: 07-Dec-2018 15:47:26 / finished: 07-Dec-2018 15:48:28

Elapsed time: 62.385 seconds

