
RAxML-NG v. 0.6.0git BETA released on 27.07.2018 by The Exelixis Lab.
Authors: Alexey Kozlov, Alexandros Stamatakis, Diego Darriba, Tomas Flouri, Benoit Morel.
Latest version: https://github.com/amkozlov/raxml-ng
Questions/problems/suggestions? Please visit: https://groups.google.com/forum/#!forum/raxml

WARNING: This is a BETA release, please use at your own risk!

RAxML-NG was called as follows:

mpi-scheduler --bootstrap --msa ../BenoitDatasets/families/jsim_s8_f100_sites300_d2.0_l1.0/pargenes/parse_run/results/12_fasta/12_fasta.raxml.rba --blopt nr_safe --model GTR --prefix ../BenoitDatasets/families/jsim_s8_f100_sites300_d2.0_l1.0/pargenes/mlsearch_run/bootstraps/12_fasta/12_fasta_bs7 --threads 1 --seed 8 --bs-trees 10

Analysis options:
  run mode: Bootstrapping
  start tree(s): 
  bootstrap replicates: 10
  random seed: 8
  tip-inner: ON
  pattern compression: ON
  per-rate scalers: OFF
  site repeats: OFF
  branch lengths: linked (ML estimate, algorithm: NR-SAFE)
  SIMD kernels: AVX2
  parallelization: NONE/sequential

WARNING: The model you specified on the command line (GTR) will be ignored 
         since the binary MSA file already contains a model definition.
         If you want to change the model, please re-run RAxML-NG 
         with the original PHYLIP/FASTA alignment and --redo option.

[00:00:00] Loading binary alignment from file: ../BenoitDatasets/families/jsim_s8_f100_sites300_d2.0_l1.0/pargenes/parse_run/results/12_fasta/12_fasta.raxml.rba
[00:00:00] Alignment comprises 17 taxa, 1 partitions and 300 patterns

Partition 0: noname
Model: GTR+FO
Alignment sites / patterns: 300 / 300
Gaps: 0.00 %
Invariant sites: 0.00 %


[00:00:00] Data distribution: max. partitions/sites/weight per thread: 1 / 300 / 1200
[00:00:00] Starting bootstrapping analysis with 10 replicates.

[00:00:00] Bootstrap tree #1, logLikelihood: -4657.452471
[00:00:00] Bootstrap tree #2, logLikelihood: -4503.607498
[00:00:01] Bootstrap tree #3, logLikelihood: -4537.427194
[00:00:01] Bootstrap tree #4, logLikelihood: -4568.455559
[00:00:02] Bootstrap tree #5, logLikelihood: -4568.085120
[00:00:02] Bootstrap tree #6, logLikelihood: -4555.353902
[00:00:03] Bootstrap tree #7, logLikelihood: -4550.434470
[00:00:03] Bootstrap tree #8, logLikelihood: -4697.766505
[00:00:04] Bootstrap tree #9, logLikelihood: -4548.462414
[00:00:04] Bootstrap tree #10, logLikelihood: -4595.244010

Optimized model parameters:

   Partition 0: noname
   Rate heterogeneity: NONE
   Base frequencies (ML): 0.259881 0.233826 0.250744 0.255549 
   Substitution rates (ML): 0.987393 1.395186 1.225753 1.102657 1.326451 1.000000 
Bootstrap trees saved to: /home/morelbt/github/BenoitDatasets/families/jsim_s8_f100_sites300_d2.0_l1.0/pargenes/mlsearch_run/bootstraps/12_fasta/12_fasta_bs7.raxml.bootstraps

Execution log saved to: /home/morelbt/github/BenoitDatasets/families/jsim_s8_f100_sites300_d2.0_l1.0/pargenes/mlsearch_run/bootstraps/12_fasta/12_fasta_bs7.raxml.log

Analysis started: 05-Dec-2018 13:32:26 / finished: 05-Dec-2018 13:32:31

Elapsed time: 4.850 seconds

