
RAxML-NG v. 0.6.0git BETA released on 27.07.2018 by The Exelixis Lab.
Authors: Alexey Kozlov, Alexandros Stamatakis, Diego Darriba, Tomas Flouri, Benoit Morel.
Latest version: https://github.com/amkozlov/raxml-ng
Questions/problems/suggestions? Please visit: https://groups.google.com/forum/#!forum/raxml

WARNING: This is a BETA release, please use at your own risk!

RAxML-NG was called as follows:

mpi-scheduler --bootstrap --msa ../BenoitDatasets/families/jsim_s8_f100_sites300_d2.0_l1.0/pargenes/parse_run/results/89_fasta/89_fasta.raxml.rba --blopt nr_safe --model GTR --prefix ../BenoitDatasets/families/jsim_s8_f100_sites300_d2.0_l1.0/pargenes/mlsearch_run/bootstraps/89_fasta/89_fasta_bs5 --threads 1 --seed 6 --bs-trees 10

Analysis options:
  run mode: Bootstrapping
  start tree(s): 
  bootstrap replicates: 10
  random seed: 6
  tip-inner: ON
  pattern compression: ON
  per-rate scalers: OFF
  site repeats: OFF
  branch lengths: linked (ML estimate, algorithm: NR-SAFE)
  SIMD kernels: AVX2
  parallelization: NONE/sequential

WARNING: The model you specified on the command line (GTR) will be ignored 
         since the binary MSA file already contains a model definition.
         If you want to change the model, please re-run RAxML-NG 
         with the original PHYLIP/FASTA alignment and --redo option.

[00:00:00] Loading binary alignment from file: ../BenoitDatasets/families/jsim_s8_f100_sites300_d2.0_l1.0/pargenes/parse_run/results/89_fasta/89_fasta.raxml.rba
[00:00:00] Alignment comprises 63 taxa, 1 partitions and 300 patterns

Partition 0: noname
Model: GTR+FO
Alignment sites / patterns: 300 / 300
Gaps: 0.00 %
Invariant sites: 0.00 %


[00:00:00] Data distribution: max. partitions/sites/weight per thread: 1 / 300 / 1200
[00:00:00] Starting bootstrapping analysis with 10 replicates.

[00:00:05] Bootstrap tree #1, logLikelihood: -18019.121769
[00:00:11] Bootstrap tree #2, logLikelihood: -18233.992953
[00:00:25] Bootstrap tree #3, logLikelihood: -18210.344467
[00:00:34] Bootstrap tree #4, logLikelihood: -17944.158063
[00:00:41] Bootstrap tree #5, logLikelihood: -18299.412721
[00:00:51] Bootstrap tree #6, logLikelihood: -18274.123619
[00:00:56] Bootstrap tree #7, logLikelihood: -18105.050988
[00:01:11] Bootstrap tree #8, logLikelihood: -18157.811101
[00:01:17] Bootstrap tree #9, logLikelihood: -18315.460987
[00:01:22] Bootstrap tree #10, logLikelihood: -18140.108106

Optimized model parameters:

   Partition 0: noname
   Rate heterogeneity: NONE
   Base frequencies (ML): 0.259518 0.255737 0.245198 0.239546 
   Substitution rates (ML): 0.786245 0.884641 1.001097 1.055085 0.958518 1.000000 
Bootstrap trees saved to: /home/morelbt/github/BenoitDatasets/families/jsim_s8_f100_sites300_d2.0_l1.0/pargenes/mlsearch_run/bootstraps/89_fasta/89_fasta_bs5.raxml.bootstraps

Execution log saved to: /home/morelbt/github/BenoitDatasets/families/jsim_s8_f100_sites300_d2.0_l1.0/pargenes/mlsearch_run/bootstraps/89_fasta/89_fasta_bs5.raxml.log

Analysis started: 05-Dec-2018 13:29:20 / finished: 05-Dec-2018 13:30:43

Elapsed time: 82.907 seconds

