
RAxML-NG v. 0.6.0git BETA released on 27.07.2018 by The Exelixis Lab.
Authors: Alexey Kozlov, Alexandros Stamatakis, Diego Darriba, Tomas Flouri, Benoit Morel.
Latest version: https://github.com/amkozlov/raxml-ng
Questions/problems/suggestions? Please visit: https://groups.google.com/forum/#!forum/raxml

WARNING: This is a BETA release, please use at your own risk!

RAxML-NG was called as follows:

mpi-scheduler --bootstrap --msa ../BenoitDatasets/families/alesim_s30_f50_sites200_d2.0_l1.0_seed42/pargenes/parse_run/results/49_prunedfasta/49_prunedfasta.raxml.rba --blopt nr_safe --model GTR --prefix ../BenoitDatasets/families/alesim_s30_f50_sites200_d2.0_l1.0_seed42/pargenes/mlsearch_run/bootstraps/49_prunedfasta/49_prunedfasta_bs2 --threads 1 --seed 3 --bs-trees 10

Analysis options:
  run mode: Bootstrapping
  start tree(s): 
  bootstrap replicates: 10
  random seed: 3
  tip-inner: ON
  pattern compression: ON
  per-rate scalers: OFF
  site repeats: OFF
  branch lengths: linked (ML estimate, algorithm: NR-SAFE)
  SIMD kernels: AVX2
  parallelization: NONE/sequential

WARNING: The model you specified on the command line (GTR) will be ignored 
         since the binary MSA file already contains a model definition.
         If you want to change the model, please re-run RAxML-NG 
         with the original PHYLIP/FASTA alignment and --redo option.

[00:00:00] Loading binary alignment from file: ../BenoitDatasets/families/alesim_s30_f50_sites200_d2.0_l1.0_seed42/pargenes/parse_run/results/49_prunedfasta/49_prunedfasta.raxml.rba
[00:00:00] Alignment comprises 5 taxa, 1 partitions and 33 patterns

Partition 0: noname
Model: GTR+FO
Alignment sites / patterns: 200 / 33
Gaps: 0.00 %
Invariant sites: 2.00 %


[00:00:00] Data distribution: max. partitions/sites/weight per thread: 1 / 33 / 132
[00:00:00] Starting bootstrapping analysis with 10 replicates.

[00:00:00] Bootstrap tree #1, logLikelihood: -499.672090
[00:00:00] Bootstrap tree #2, logLikelihood: -439.322427
[00:00:00] Bootstrap tree #3, logLikelihood: -492.884868
[00:00:00] Bootstrap tree #4, logLikelihood: -481.317134
[00:00:00] Bootstrap tree #5, logLikelihood: -509.904495
[00:00:00] Bootstrap tree #6, logLikelihood: -510.683489
[00:00:00] Bootstrap tree #7, logLikelihood: -469.470870
[00:00:00] Bootstrap tree #8, logLikelihood: -490.541940
[00:00:00] Bootstrap tree #9, logLikelihood: -480.967786
[00:00:00] Bootstrap tree #10, logLikelihood: -478.068000

Optimized model parameters:

   Partition 0: noname
   Rate heterogeneity: NONE
   Base frequencies (ML): 0.246765 0.289570 0.234351 0.229315 
   Substitution rates (ML): 0.138486 0.616838 0.736749 0.837516 0.741813 1.000000 
Bootstrap trees saved to: /home/morelbt/github/BenoitDatasets/families/alesim_s30_f50_sites200_d2.0_l1.0_seed42/pargenes/mlsearch_run/bootstraps/49_prunedfasta/49_prunedfasta_bs2.raxml.bootstraps

Execution log saved to: /home/morelbt/github/BenoitDatasets/families/alesim_s30_f50_sites200_d2.0_l1.0_seed42/pargenes/mlsearch_run/bootstraps/49_prunedfasta/49_prunedfasta_bs2.raxml.log

Analysis started: 11-Dec-2018 20:58:05 / finished: 11-Dec-2018 20:58:05

Elapsed time: 0.082 seconds

