
RAxML-NG v. 0.6.0git BETA released on 27.07.2018 by The Exelixis Lab.
Authors: Alexey Kozlov, Alexandros Stamatakis, Diego Darriba, Tomas Flouri, Benoit Morel.
Latest version: https://github.com/amkozlov/raxml-ng
Questions/problems/suggestions? Please visit: https://groups.google.com/forum/#!forum/raxml

WARNING: This is a BETA release, please use at your own risk!

RAxML-NG was called as follows:

mpi-scheduler --bootstrap --msa ../BenoitDatasets/families/jsim_s27_f100_sites200_d6.0_l3.0_seed6/pargenes/parse_run/results/4_fasta/4_fasta.raxml.rba --blopt nr_safe --model GTR --prefix ../BenoitDatasets/families/jsim_s27_f100_sites200_d6.0_l3.0_seed6/pargenes/mlsearch_run/bootstraps/4_fasta/4_fasta_bs8 --threads 1 --seed 9 --bs-trees 10

Analysis options:
  run mode: Bootstrapping
  start tree(s): 
  bootstrap replicates: 10
  random seed: 9
  tip-inner: ON
  pattern compression: ON
  per-rate scalers: OFF
  site repeats: OFF
  branch lengths: linked (ML estimate, algorithm: NR-SAFE)
  SIMD kernels: AVX2
  parallelization: NONE/sequential

WARNING: The model you specified on the command line (GTR) will be ignored 
         since the binary MSA file already contains a model definition.
         If you want to change the model, please re-run RAxML-NG 
         with the original PHYLIP/FASTA alignment and --redo option.

[00:00:00] Loading binary alignment from file: ../BenoitDatasets/families/jsim_s27_f100_sites200_d6.0_l3.0_seed6/pargenes/parse_run/results/4_fasta/4_fasta.raxml.rba
[00:00:00] Alignment comprises 6 taxa, 1 partitions and 65 patterns

Partition 0: noname
Model: GTR+FO
Alignment sites / patterns: 200 / 65
Gaps: 0.00 %
Invariant sites: 2.00 %


[00:00:00] Data distribution: max. partitions/sites/weight per thread: 1 / 65 / 260
[00:00:00] Starting bootstrapping analysis with 10 replicates.

[00:00:00] Bootstrap tree #1, logLikelihood: -679.659719
[00:00:00] Bootstrap tree #2, logLikelihood: -636.828160
[00:00:00] Bootstrap tree #3, logLikelihood: -738.663697
[00:00:00] Bootstrap tree #4, logLikelihood: -758.026265
[00:00:00] Bootstrap tree #5, logLikelihood: -693.237799
[00:00:00] Bootstrap tree #6, logLikelihood: -694.818723
[00:00:00] Bootstrap tree #7, logLikelihood: -704.117247
[00:00:00] Bootstrap tree #8, logLikelihood: -708.512125
[00:00:00] Bootstrap tree #9, logLikelihood: -643.708747
[00:00:00] Bootstrap tree #10, logLikelihood: -736.851488

Optimized model parameters:

   Partition 0: noname
   Rate heterogeneity: NONE
   Base frequencies (ML): 0.317762 0.290493 0.218367 0.173378 
   Substitution rates (ML): 2.140956 2.839599 3.234872 3.771448 4.542569 1.000000 
Bootstrap trees saved to: /home/morelbt/github/BenoitDatasets/families/jsim_s27_f100_sites200_d6.0_l3.0_seed6/pargenes/mlsearch_run/bootstraps/4_fasta/4_fasta_bs8.raxml.bootstraps

Execution log saved to: /home/morelbt/github/BenoitDatasets/families/jsim_s27_f100_sites200_d6.0_l3.0_seed6/pargenes/mlsearch_run/bootstraps/4_fasta/4_fasta_bs8.raxml.log

Analysis started: 07-Dec-2018 15:33:04 / finished: 07-Dec-2018 15:33:04

Elapsed time: 0.172 seconds

