
RAxML-NG v. 0.6.0git BETA released on 27.07.2018 by The Exelixis Lab.
Authors: Alexey Kozlov, Alexandros Stamatakis, Diego Darriba, Tomas Flouri, Benoit Morel.
Latest version: https://github.com/amkozlov/raxml-ng
Questions/problems/suggestions? Please visit: https://groups.google.com/forum/#!forum/raxml

WARNING: This is a BETA release, please use at your own risk!

RAxML-NG was called as follows:

mpi-scheduler --bootstrap --msa ../BenoitDatasets/families/alesim_s20_f50_sites400_d1.0_l0.5_seed42/pargenes/parse_run/results/20_prunedfasta/20_prunedfasta.raxml.rba --blopt nr_safe --model GTR --prefix ../BenoitDatasets/families/alesim_s20_f50_sites400_d1.0_l0.5_seed42/pargenes/mlsearch_run/bootstraps/20_prunedfasta/20_prunedfasta_bs2 --threads 1 --seed 3 --bs-trees 10

Analysis options:
  run mode: Bootstrapping
  start tree(s): 
  bootstrap replicates: 10
  random seed: 3
  tip-inner: ON
  pattern compression: ON
  per-rate scalers: OFF
  site repeats: OFF
  branch lengths: linked (ML estimate, algorithm: NR-SAFE)
  SIMD kernels: AVX2
  parallelization: NONE/sequential

WARNING: The model you specified on the command line (GTR) will be ignored 
         since the binary MSA file already contains a model definition.
         If you want to change the model, please re-run RAxML-NG 
         with the original PHYLIP/FASTA alignment and --redo option.

[00:00:00] Loading binary alignment from file: ../BenoitDatasets/families/alesim_s20_f50_sites400_d1.0_l0.5_seed42/pargenes/parse_run/results/20_prunedfasta/20_prunedfasta.raxml.rba
[00:00:00] Alignment comprises 66 taxa, 1 partitions and 400 patterns

Partition 0: noname
Model: GTR+FO
Alignment sites / patterns: 400 / 400
Gaps: 0.00 %
Invariant sites: 0.00 %


[00:00:00] Data distribution: max. partitions/sites/weight per thread: 1 / 400 / 1600
[00:00:00] Starting bootstrapping analysis with 10 replicates.

[00:00:04] Bootstrap tree #1, logLikelihood: -12948.596430
[00:00:11] Bootstrap tree #2, logLikelihood: -13290.780887
[00:00:16] Bootstrap tree #3, logLikelihood: -12954.642481
[00:00:21] Bootstrap tree #4, logLikelihood: -13355.942262
[00:00:26] Bootstrap tree #5, logLikelihood: -13143.483657
[00:00:31] Bootstrap tree #6, logLikelihood: -12825.148694
[00:00:36] Bootstrap tree #7, logLikelihood: -12818.620978
[00:00:41] Bootstrap tree #8, logLikelihood: -12862.854384
[00:00:46] Bootstrap tree #9, logLikelihood: -13103.256504
[00:00:51] Bootstrap tree #10, logLikelihood: -13003.480631

Optimized model parameters:

   Partition 0: noname
   Rate heterogeneity: NONE
   Base frequencies (ML): 0.249258 0.253250 0.243280 0.254212 
   Substitution rates (ML): 0.986775 1.034059 1.110319 1.136088 0.964398 1.000000 
Bootstrap trees saved to: /home/morelbt/github/BenoitDatasets/families/alesim_s20_f50_sites400_d1.0_l0.5_seed42/pargenes/mlsearch_run/bootstraps/20_prunedfasta/20_prunedfasta_bs2.raxml.bootstraps

Execution log saved to: /home/morelbt/github/BenoitDatasets/families/alesim_s20_f50_sites400_d1.0_l0.5_seed42/pargenes/mlsearch_run/bootstraps/20_prunedfasta/20_prunedfasta_bs2.raxml.log

Analysis started: 11-Dec-2018 15:32:35 / finished: 11-Dec-2018 15:33:27

Elapsed time: 51.782 seconds

