
RAxML-NG v. 0.6.0git BETA released on 27.07.2018 by The Exelixis Lab.
Authors: Alexey Kozlov, Alexandros Stamatakis, Diego Darriba, Tomas Flouri, Benoit Morel.
Latest version: https://github.com/amkozlov/raxml-ng
Questions/problems/suggestions? Please visit: https://groups.google.com/forum/#!forum/raxml

WARNING: This is a BETA release, please use at your own risk!

RAxML-NG was called as follows:

mpi-scheduler --bootstrap --msa ../BenoitDatasets/families/alesim_s20_f50_sites400_d1.0_l0.5_seed42/pargenes/parse_run/results/20_prunedfasta/20_prunedfasta.raxml.rba --blopt nr_safe --model GTR --prefix ../BenoitDatasets/families/alesim_s20_f50_sites400_d1.0_l0.5_seed42/pargenes/mlsearch_run/bootstraps/20_prunedfasta/20_prunedfasta_bs6 --threads 1 --seed 7 --bs-trees 10

Analysis options:
  run mode: Bootstrapping
  start tree(s): 
  bootstrap replicates: 10
  random seed: 7
  tip-inner: ON
  pattern compression: ON
  per-rate scalers: OFF
  site repeats: OFF
  branch lengths: linked (ML estimate, algorithm: NR-SAFE)
  SIMD kernels: AVX2
  parallelization: NONE/sequential

WARNING: The model you specified on the command line (GTR) will be ignored 
         since the binary MSA file already contains a model definition.
         If you want to change the model, please re-run RAxML-NG 
         with the original PHYLIP/FASTA alignment and --redo option.

[00:00:00] Loading binary alignment from file: ../BenoitDatasets/families/alesim_s20_f50_sites400_d1.0_l0.5_seed42/pargenes/parse_run/results/20_prunedfasta/20_prunedfasta.raxml.rba
[00:00:00] Alignment comprises 66 taxa, 1 partitions and 400 patterns

Partition 0: noname
Model: GTR+FO
Alignment sites / patterns: 400 / 400
Gaps: 0.00 %
Invariant sites: 0.00 %


[00:00:00] Data distribution: max. partitions/sites/weight per thread: 1 / 400 / 1600
[00:00:00] Starting bootstrapping analysis with 10 replicates.

[00:00:10] Bootstrap tree #1, logLikelihood: -13110.596594
[00:00:16] Bootstrap tree #2, logLikelihood: -13010.107400
[00:00:22] Bootstrap tree #3, logLikelihood: -12916.568342
[00:00:29] Bootstrap tree #4, logLikelihood: -13101.788741
[00:00:39] Bootstrap tree #5, logLikelihood: -12967.265307
[00:00:45] Bootstrap tree #6, logLikelihood: -12848.112263
[00:00:51] Bootstrap tree #7, logLikelihood: -13383.582577
[00:00:56] Bootstrap tree #8, logLikelihood: -12870.688135
[00:01:02] Bootstrap tree #9, logLikelihood: -13169.967111
[00:01:07] Bootstrap tree #10, logLikelihood: -12944.792090

Optimized model parameters:

   Partition 0: noname
   Rate heterogeneity: NONE
   Base frequencies (ML): 0.254061 0.267130 0.238812 0.239998 
   Substitution rates (ML): 0.816346 0.913251 0.976160 0.939121 0.784413 1.000000 
Bootstrap trees saved to: /home/morelbt/github/BenoitDatasets/families/alesim_s20_f50_sites400_d1.0_l0.5_seed42/pargenes/mlsearch_run/bootstraps/20_prunedfasta/20_prunedfasta_bs6.raxml.bootstraps

Execution log saved to: /home/morelbt/github/BenoitDatasets/families/alesim_s20_f50_sites400_d1.0_l0.5_seed42/pargenes/mlsearch_run/bootstraps/20_prunedfasta/20_prunedfasta_bs6.raxml.log

Analysis started: 11-Dec-2018 15:32:25 / finished: 11-Dec-2018 15:33:33

Elapsed time: 67.629 seconds

