
RAxML-NG v. 0.6.0git BETA released on 27.07.2018 by The Exelixis Lab.
Authors: Alexey Kozlov, Alexandros Stamatakis, Diego Darriba, Tomas Flouri, Benoit Morel.
Latest version: https://github.com/amkozlov/raxml-ng
Questions/problems/suggestions? Please visit: https://groups.google.com/forum/#!forum/raxml

WARNING: This is a BETA release, please use at your own risk!

RAxML-NG was called as follows:

mpi-scheduler --msa ../BenoitDatasets/families/jsim_s27_f100_sites1000_d2.0_l1.0_seed6/pargenes/parse_run/results/61_fasta/61_fasta.raxml.rba --blopt nr_safe --model GTR --prefix ../BenoitDatasets/families/jsim_s27_f100_sites1000_d2.0_l1.0_seed6/pargenes/mlsearch_run/results/61_fasta/61_fasta --threads 1 --seed 1

Analysis options:
  run mode: ML tree search
  start tree(s): random (1)
  random seed: 1
  tip-inner: ON
  pattern compression: ON
  per-rate scalers: OFF
  site repeats: OFF
  fast spr radius: AUTO
  spr subtree cutoff: 1.000000
  branch lengths: linked (ML estimate, algorithm: NR-SAFE)
  SIMD kernels: AVX2
  parallelization: NONE/sequential

WARNING: The model you specified on the command line (GTR) will be ignored 
         since the binary MSA file already contains a model definition.
         If you want to change the model, please re-run RAxML-NG 
         with the original PHYLIP/FASTA alignment and --redo option.

[00:00:00] Loading binary alignment from file: ../BenoitDatasets/families/jsim_s27_f100_sites1000_d2.0_l1.0_seed6/pargenes/parse_run/results/61_fasta/61_fasta.raxml.rba
[00:00:00] Alignment comprises 13 taxa, 1 partitions and 933 patterns

Partition 0: noname
Model: GTR+FO
Alignment sites / patterns: 1000 / 933
Gaps: 0.00 %
Invariant sites: 0.40 %


[00:00:00] Generating 1 random starting tree(s) with 13 taxa
[00:00:00] Data distribution: max. partitions/sites/weight per thread: 1 / 933 / 3732

Starting ML tree search with 1 distinct starting trees

[00:00:00 -17331.858751] Initial branch length optimization
[00:00:00 -12815.582171] Model parameter optimization (eps = 10.000000)
[00:00:00 -12798.577317] AUTODETECT spr round 1 (radius: 5)
[00:00:00 -11513.030957] AUTODETECT spr round 2 (radius: 10)
[00:00:00 -11512.931579] SPR radius for FAST iterations: 5 (autodetect)
[00:00:00 -11512.931579] Model parameter optimization (eps = 3.000000)
[00:00:00 -11509.079824] FAST spr round 1 (radius: 5)
[00:00:00 -11486.696673] FAST spr round 2 (radius: 5)
[00:00:00 -11485.146049] FAST spr round 3 (radius: 5)
[00:00:00 -11485.145414] Model parameter optimization (eps = 1.000000)
[00:00:00 -11485.075506] SLOW spr round 1 (radius: 5)
[00:00:01 -11485.075488] SLOW spr round 2 (radius: 10)
[00:00:01 -11485.075487] Model parameter optimization (eps = 0.100000)

[00:00:01] ML tree search #1, logLikelihood: -11485.074687


Optimized model parameters:

   Partition 0: noname
   Rate heterogeneity: NONE
   Base frequencies (ML): 0.246498 0.244949 0.259899 0.248654 
   Substitution rates (ML): 1.084442 1.169955 0.957447 1.043305 1.259967 1.000000 

Final LogLikelihood: -11485.074687

Best ML tree saved to: /home/morelbt/github/BenoitDatasets/families/jsim_s27_f100_sites1000_d2.0_l1.0_seed6/pargenes/mlsearch_run/results/61_fasta/61_fasta.raxml.bestTree
Optimized model saved to: /home/morelbt/github/BenoitDatasets/families/jsim_s27_f100_sites1000_d2.0_l1.0_seed6/pargenes/mlsearch_run/results/61_fasta/61_fasta.raxml.bestModel

Execution log saved to: /home/morelbt/github/BenoitDatasets/families/jsim_s27_f100_sites1000_d2.0_l1.0_seed6/pargenes/mlsearch_run/results/61_fasta/61_fasta.raxml.log

Analysis started: 07-Dec-2018 15:56:06 / finished: 07-Dec-2018 15:56:07

Elapsed time: 1.516 seconds

