
RAxML-NG v. 0.6.0git BETA released on 27.07.2018 by The Exelixis Lab.
Authors: Alexey Kozlov, Alexandros Stamatakis, Diego Darriba, Tomas Flouri, Benoit Morel.
Latest version: https://github.com/amkozlov/raxml-ng
Questions/problems/suggestions? Please visit: https://groups.google.com/forum/#!forum/raxml

WARNING: This is a BETA release, please use at your own risk!

RAxML-NG was called as follows:

mpi-scheduler --bootstrap --msa ../BenoitDatasets/families/alesim_s20_f50_sites400_d1.0_l0.5_seed42/pargenes/parse_run/results/8_prunedfasta/8_prunedfasta.raxml.rba --blopt nr_safe --model GTR --prefix ../BenoitDatasets/families/alesim_s20_f50_sites400_d1.0_l0.5_seed42/pargenes/mlsearch_run/bootstraps/8_prunedfasta/8_prunedfasta_bs5 --threads 1 --seed 6 --bs-trees 10

Analysis options:
  run mode: Bootstrapping
  start tree(s): 
  bootstrap replicates: 10
  random seed: 6
  tip-inner: ON
  pattern compression: ON
  per-rate scalers: OFF
  site repeats: OFF
  branch lengths: linked (ML estimate, algorithm: NR-SAFE)
  SIMD kernels: AVX2
  parallelization: NONE/sequential

WARNING: The model you specified on the command line (GTR) will be ignored 
         since the binary MSA file already contains a model definition.
         If you want to change the model, please re-run RAxML-NG 
         with the original PHYLIP/FASTA alignment and --redo option.

[00:00:00] Loading binary alignment from file: ../BenoitDatasets/families/alesim_s20_f50_sites400_d1.0_l0.5_seed42/pargenes/parse_run/results/8_prunedfasta/8_prunedfasta.raxml.rba
[00:00:00] Alignment comprises 23 taxa, 1 partitions and 337 patterns

Partition 0: noname
Model: GTR+FO
Alignment sites / patterns: 400 / 337
Gaps: 0.00 %
Invariant sites: 1.00 %


[00:00:00] Data distribution: max. partitions/sites/weight per thread: 1 / 337 / 1348
[00:00:00] Starting bootstrapping analysis with 10 replicates.

[00:00:00] Bootstrap tree #1, logLikelihood: -4220.779909
[00:00:01] Bootstrap tree #2, logLikelihood: -4062.041772
[00:00:02] Bootstrap tree #3, logLikelihood: -4144.151264
[00:00:02] Bootstrap tree #4, logLikelihood: -4084.042512
[00:00:03] Bootstrap tree #5, logLikelihood: -3933.926186
[00:00:04] Bootstrap tree #6, logLikelihood: -4027.086559
[00:00:05] Bootstrap tree #7, logLikelihood: -4213.363340
[00:00:06] Bootstrap tree #8, logLikelihood: -4086.488403
[00:00:07] Bootstrap tree #9, logLikelihood: -4147.623277
[00:00:08] Bootstrap tree #10, logLikelihood: -4107.115074

Optimized model parameters:

   Partition 0: noname
   Rate heterogeneity: NONE
   Base frequencies (ML): 0.255835 0.271722 0.262578 0.209865 
   Substitution rates (ML): 1.221954 1.047178 1.126904 1.160890 1.188696 1.000000 
Bootstrap trees saved to: /home/morelbt/github/BenoitDatasets/families/alesim_s20_f50_sites400_d1.0_l0.5_seed42/pargenes/mlsearch_run/bootstraps/8_prunedfasta/8_prunedfasta_bs5.raxml.bootstraps

Execution log saved to: /home/morelbt/github/BenoitDatasets/families/alesim_s20_f50_sites400_d1.0_l0.5_seed42/pargenes/mlsearch_run/bootstraps/8_prunedfasta/8_prunedfasta_bs5.raxml.log

Analysis started: 11-Dec-2018 15:34:53 / finished: 11-Dec-2018 15:35:01

Elapsed time: 8.450 seconds

