
RAxML-NG v. 0.6.0git BETA released on 27.07.2018 by The Exelixis Lab.
Authors: Alexey Kozlov, Alexandros Stamatakis, Diego Darriba, Tomas Flouri, Benoit Morel.
Latest version: https://github.com/amkozlov/raxml-ng
Questions/problems/suggestions? Please visit: https://groups.google.com/forum/#!forum/raxml

WARNING: This is a BETA release, please use at your own risk!

RAxML-NG was called as follows:

mpi-scheduler --bootstrap --msa ../BenoitDatasets/families/alesim_s20_f50_sites400_d1.0_l0.5_seed42/pargenes/parse_run/results/8_prunedfasta/8_prunedfasta.raxml.rba --blopt nr_safe --model GTR --prefix ../BenoitDatasets/families/alesim_s20_f50_sites400_d1.0_l0.5_seed42/pargenes/mlsearch_run/bootstraps/8_prunedfasta/8_prunedfasta_bs8 --threads 1 --seed 9 --bs-trees 10

Analysis options:
  run mode: Bootstrapping
  start tree(s): 
  bootstrap replicates: 10
  random seed: 9
  tip-inner: ON
  pattern compression: ON
  per-rate scalers: OFF
  site repeats: OFF
  branch lengths: linked (ML estimate, algorithm: NR-SAFE)
  SIMD kernels: AVX2
  parallelization: NONE/sequential

WARNING: The model you specified on the command line (GTR) will be ignored 
         since the binary MSA file already contains a model definition.
         If you want to change the model, please re-run RAxML-NG 
         with the original PHYLIP/FASTA alignment and --redo option.

[00:00:00] Loading binary alignment from file: ../BenoitDatasets/families/alesim_s20_f50_sites400_d1.0_l0.5_seed42/pargenes/parse_run/results/8_prunedfasta/8_prunedfasta.raxml.rba
[00:00:00] Alignment comprises 23 taxa, 1 partitions and 337 patterns

Partition 0: noname
Model: GTR+FO
Alignment sites / patterns: 400 / 337
Gaps: 0.00 %
Invariant sites: 1.00 %


[00:00:00] Data distribution: max. partitions/sites/weight per thread: 1 / 337 / 1348
[00:00:00] Starting bootstrapping analysis with 10 replicates.

[00:00:00] Bootstrap tree #1, logLikelihood: -3960.690878
[00:00:01] Bootstrap tree #2, logLikelihood: -4125.444534
[00:00:02] Bootstrap tree #3, logLikelihood: -4200.874901
[00:00:03] Bootstrap tree #4, logLikelihood: -4016.807203
[00:00:03] Bootstrap tree #5, logLikelihood: -4154.834297
[00:00:04] Bootstrap tree #6, logLikelihood: -4173.237470
[00:00:05] Bootstrap tree #7, logLikelihood: -4123.124808
[00:00:05] Bootstrap tree #8, logLikelihood: -4006.505896
[00:00:06] Bootstrap tree #9, logLikelihood: -4071.134328
[00:00:07] Bootstrap tree #10, logLikelihood: -4085.803410

Optimized model parameters:

   Partition 0: noname
   Rate heterogeneity: NONE
   Base frequencies (ML): 0.247942 0.264958 0.259391 0.227708 
   Substitution rates (ML): 0.929388 1.072097 0.925731 1.000629 0.918819 1.000000 
Bootstrap trees saved to: /home/morelbt/github/BenoitDatasets/families/alesim_s20_f50_sites400_d1.0_l0.5_seed42/pargenes/mlsearch_run/bootstraps/8_prunedfasta/8_prunedfasta_bs8.raxml.bootstraps

Execution log saved to: /home/morelbt/github/BenoitDatasets/families/alesim_s20_f50_sites400_d1.0_l0.5_seed42/pargenes/mlsearch_run/bootstraps/8_prunedfasta/8_prunedfasta_bs8.raxml.log

Analysis started: 11-Dec-2018 15:34:50 / finished: 11-Dec-2018 15:34:58

Elapsed time: 7.627 seconds

