
RAxML-NG v. 0.6.0git BETA released on 27.07.2018 by The Exelixis Lab.
Authors: Alexey Kozlov, Alexandros Stamatakis, Diego Darriba, Tomas Flouri, Benoit Morel.
Latest version: https://github.com/amkozlov/raxml-ng
Questions/problems/suggestions? Please visit: https://groups.google.com/forum/#!forum/raxml

WARNING: This is a BETA release, please use at your own risk!

RAxML-NG was called as follows:

mpi-scheduler --bootstrap --msa ../BenoitDatasets/families/alesim_s30_f50_sites200_d2.0_l1.0_seed42/pargenes/parse_run/results/6_prunedfasta/6_prunedfasta.raxml.rba --blopt nr_safe --model GTR --prefix ../BenoitDatasets/families/alesim_s30_f50_sites200_d2.0_l1.0_seed42/pargenes/mlsearch_run/bootstraps/6_prunedfasta/6_prunedfasta_bs2 --threads 1 --seed 3 --bs-trees 10

Analysis options:
  run mode: Bootstrapping
  start tree(s): 
  bootstrap replicates: 10
  random seed: 3
  tip-inner: ON
  pattern compression: ON
  per-rate scalers: OFF
  site repeats: OFF
  branch lengths: linked (ML estimate, algorithm: NR-SAFE)
  SIMD kernels: AVX2
  parallelization: NONE/sequential

WARNING: The model you specified on the command line (GTR) will be ignored 
         since the binary MSA file already contains a model definition.
         If you want to change the model, please re-run RAxML-NG 
         with the original PHYLIP/FASTA alignment and --redo option.

[00:00:00] Loading binary alignment from file: ../BenoitDatasets/families/alesim_s30_f50_sites200_d2.0_l1.0_seed42/pargenes/parse_run/results/6_prunedfasta/6_prunedfasta.raxml.rba
[00:00:00] Alignment comprises 7 taxa, 1 partitions and 38 patterns

Partition 0: noname
Model: GTR+FO
Alignment sites / patterns: 200 / 38
Gaps: 0.00 %
Invariant sites: 2.00 %


[00:00:00] Data distribution: max. partitions/sites/weight per thread: 1 / 38 / 152
[00:00:00] Starting bootstrapping analysis with 10 replicates.

[00:00:00] Bootstrap tree #1, logLikelihood: -542.279333
[00:00:00] Bootstrap tree #2, logLikelihood: -502.280164
[00:00:00] Bootstrap tree #3, logLikelihood: -481.307287
[00:00:00] Bootstrap tree #4, logLikelihood: -495.481769
[00:00:00] Bootstrap tree #5, logLikelihood: -555.652743
[00:00:00] Bootstrap tree #6, logLikelihood: -505.569501
[00:00:00] Bootstrap tree #7, logLikelihood: -449.393495
[00:00:00] Bootstrap tree #8, logLikelihood: -532.790296
[00:00:00] Bootstrap tree #9, logLikelihood: -555.987690
[00:00:00] Bootstrap tree #10, logLikelihood: -527.186358

Optimized model parameters:

   Partition 0: noname
   Rate heterogeneity: NONE
   Base frequencies (ML): 0.290395 0.291010 0.221611 0.196983 
   Substitution rates (ML): 5.458879 4.349713 10.107851 8.081219 6.938619 1.000000 
Bootstrap trees saved to: /home/morelbt/github/BenoitDatasets/families/alesim_s30_f50_sites200_d2.0_l1.0_seed42/pargenes/mlsearch_run/bootstraps/6_prunedfasta/6_prunedfasta_bs2.raxml.bootstraps

Execution log saved to: /home/morelbt/github/BenoitDatasets/families/alesim_s30_f50_sites200_d2.0_l1.0_seed42/pargenes/mlsearch_run/bootstraps/6_prunedfasta/6_prunedfasta_bs2.raxml.log

Analysis started: 11-Dec-2018 20:58:05 / finished: 11-Dec-2018 20:58:05

Elapsed time: 0.145 seconds

