
RAxML-NG v. 0.6.0git BETA released on 27.07.2018 by The Exelixis Lab.
Authors: Alexey Kozlov, Alexandros Stamatakis, Diego Darriba, Tomas Flouri, Benoit Morel.
Latest version: https://github.com/amkozlov/raxml-ng
Questions/problems/suggestions? Please visit: https://groups.google.com/forum/#!forum/raxml

WARNING: This is a BETA release, please use at your own risk!

RAxML-NG was called as follows:

mpi-scheduler --bootstrap --msa ../BenoitDatasets/families/jsim_s27_f100_sites200_d6.0_l3.0_seed6/pargenes/parse_run/results/77_fasta/77_fasta.raxml.rba --blopt nr_safe --model GTR --prefix ../BenoitDatasets/families/jsim_s27_f100_sites200_d6.0_l3.0_seed6/pargenes/mlsearch_run/bootstraps/77_fasta/77_fasta_bs4 --threads 1 --seed 5 --bs-trees 10

Analysis options:
  run mode: Bootstrapping
  start tree(s): 
  bootstrap replicates: 10
  random seed: 5
  tip-inner: ON
  pattern compression: ON
  per-rate scalers: OFF
  site repeats: OFF
  branch lengths: linked (ML estimate, algorithm: NR-SAFE)
  SIMD kernels: AVX2
  parallelization: NONE/sequential

WARNING: The model you specified on the command line (GTR) will be ignored 
         since the binary MSA file already contains a model definition.
         If you want to change the model, please re-run RAxML-NG 
         with the original PHYLIP/FASTA alignment and --redo option.

[00:00:00] Loading binary alignment from file: ../BenoitDatasets/families/jsim_s27_f100_sites200_d6.0_l3.0_seed6/pargenes/parse_run/results/77_fasta/77_fasta.raxml.rba
[00:00:00] Alignment comprises 5 taxa, 1 partitions and 60 patterns

Partition 0: noname
Model: GTR+FO
Alignment sites / patterns: 200 / 60
Gaps: 0.00 %
Invariant sites: 2.00 %


[00:00:00] Data distribution: max. partitions/sites/weight per thread: 1 / 60 / 240
[00:00:00] Starting bootstrapping analysis with 10 replicates.

[00:00:00] Bootstrap tree #1, logLikelihood: -756.426411
[00:00:00] Bootstrap tree #2, logLikelihood: -815.652597
[00:00:00] Bootstrap tree #3, logLikelihood: -811.174621
[00:00:00] Bootstrap tree #4, logLikelihood: -762.659772
[00:00:00] Bootstrap tree #5, logLikelihood: -803.410378
[00:00:00] Bootstrap tree #6, logLikelihood: -799.935394
[00:00:00] Bootstrap tree #7, logLikelihood: -727.432769
[00:00:00] Bootstrap tree #8, logLikelihood: -802.130845
[00:00:00] Bootstrap tree #9, logLikelihood: -771.282477
[00:00:00] Bootstrap tree #10, logLikelihood: -808.201153

Optimized model parameters:

   Partition 0: noname
   Rate heterogeneity: NONE
   Base frequencies (ML): 0.276236 0.205898 0.313022 0.204843 
   Substitution rates (ML): 0.932809 1.055218 1.038874 0.536139 1.003354 1.000000 
Bootstrap trees saved to: /home/morelbt/github/BenoitDatasets/families/jsim_s27_f100_sites200_d6.0_l3.0_seed6/pargenes/mlsearch_run/bootstraps/77_fasta/77_fasta_bs4.raxml.bootstraps

Execution log saved to: /home/morelbt/github/BenoitDatasets/families/jsim_s27_f100_sites200_d6.0_l3.0_seed6/pargenes/mlsearch_run/bootstraps/77_fasta/77_fasta_bs4.raxml.log

Analysis started: 07-Dec-2018 15:33:05 / finished: 07-Dec-2018 15:33:05

Elapsed time: 0.121 seconds

