
RAxML-NG v. 0.6.0git BETA released on 27.07.2018 by The Exelixis Lab.
Authors: Alexey Kozlov, Alexandros Stamatakis, Diego Darriba, Tomas Flouri, Benoit Morel.
Latest version: https://github.com/amkozlov/raxml-ng
Questions/problems/suggestions? Please visit: https://groups.google.com/forum/#!forum/raxml

WARNING: This is a BETA release, please use at your own risk!

RAxML-NG was called as follows:

mpi-scheduler --bootstrap --msa ../BenoitDatasets/families/alesim_s30_f50_sites200_d2.0_l1.0_seed42/pargenes/parse_run/results/41_prunedfasta/41_prunedfasta.raxml.rba --blopt nr_safe --model GTR --prefix ../BenoitDatasets/families/alesim_s30_f50_sites200_d2.0_l1.0_seed42/pargenes/mlsearch_run/bootstraps/41_prunedfasta/41_prunedfasta_bs2 --threads 1 --seed 3 --bs-trees 10

Analysis options:
  run mode: Bootstrapping
  start tree(s): 
  bootstrap replicates: 10
  random seed: 3
  tip-inner: ON
  pattern compression: ON
  per-rate scalers: OFF
  site repeats: OFF
  branch lengths: linked (ML estimate, algorithm: NR-SAFE)
  SIMD kernels: AVX2
  parallelization: NONE/sequential

WARNING: The model you specified on the command line (GTR) will be ignored 
         since the binary MSA file already contains a model definition.
         If you want to change the model, please re-run RAxML-NG 
         with the original PHYLIP/FASTA alignment and --redo option.

[00:00:00] Loading binary alignment from file: ../BenoitDatasets/families/alesim_s30_f50_sites200_d2.0_l1.0_seed42/pargenes/parse_run/results/41_prunedfasta/41_prunedfasta.raxml.rba
[00:00:00] Alignment comprises 232 taxa, 1 partitions and 200 patterns

Partition 0: noname
Model: GTR+FO
Alignment sites / patterns: 200 / 200
Gaps: 0.00 %
Invariant sites: 0.00 %


[00:00:00] Data distribution: max. partitions/sites/weight per thread: 1 / 200 / 800
[00:00:00] Starting bootstrapping analysis with 10 replicates.

[00:00:16] Bootstrap tree #1, logLikelihood: -13242.246315
[00:00:38] Bootstrap tree #2, logLikelihood: -13539.908151
[00:00:55] Bootstrap tree #3, logLikelihood: -13653.199959
[00:01:12] Bootstrap tree #4, logLikelihood: -13313.356308
[00:01:30] Bootstrap tree #5, logLikelihood: -13749.201418
[00:01:47] Bootstrap tree #6, logLikelihood: -13370.856627
[00:02:04] Bootstrap tree #7, logLikelihood: -13405.606270
[00:02:21] Bootstrap tree #8, logLikelihood: -13170.811568
[00:02:41] Bootstrap tree #9, logLikelihood: -13791.204073
[00:03:01] Bootstrap tree #10, logLikelihood: -13279.656998

Optimized model parameters:

   Partition 0: noname
   Rate heterogeneity: NONE
   Base frequencies (ML): 0.278893 0.253800 0.240014 0.227294 
   Substitution rates (ML): 0.863731 0.807408 0.984236 0.804934 0.923002 1.000000 
Bootstrap trees saved to: /home/morelbt/github/BenoitDatasets/families/alesim_s30_f50_sites200_d2.0_l1.0_seed42/pargenes/mlsearch_run/bootstraps/41_prunedfasta/41_prunedfasta_bs2.raxml.bootstraps

Execution log saved to: /home/morelbt/github/BenoitDatasets/families/alesim_s30_f50_sites200_d2.0_l1.0_seed42/pargenes/mlsearch_run/bootstraps/41_prunedfasta/41_prunedfasta_bs2.raxml.log

Analysis started: 11-Dec-2018 20:50:33 / finished: 11-Dec-2018 20:53:34

Elapsed time: 181.678 seconds

