
RAxML-NG v. 0.6.0git BETA released on 27.07.2018 by The Exelixis Lab.
Authors: Alexey Kozlov, Alexandros Stamatakis, Diego Darriba, Tomas Flouri, Benoit Morel.
Latest version: https://github.com/amkozlov/raxml-ng
Questions/problems/suggestions? Please visit: https://groups.google.com/forum/#!forum/raxml

WARNING: This is a BETA release, please use at your own risk!

RAxML-NG was called as follows:

mpi-scheduler --bootstrap --msa ../BenoitDatasets/families/alesim_s30_f50_sites200_d2.0_l1.0_seed42/pargenes/parse_run/results/41_prunedfasta/41_prunedfasta.raxml.rba --blopt nr_safe --model GTR --prefix ../BenoitDatasets/families/alesim_s30_f50_sites200_d2.0_l1.0_seed42/pargenes/mlsearch_run/bootstraps/41_prunedfasta/41_prunedfasta_bs3 --threads 1 --seed 4 --bs-trees 10

Analysis options:
  run mode: Bootstrapping
  start tree(s): 
  bootstrap replicates: 10
  random seed: 4
  tip-inner: ON
  pattern compression: ON
  per-rate scalers: OFF
  site repeats: OFF
  branch lengths: linked (ML estimate, algorithm: NR-SAFE)
  SIMD kernels: AVX2
  parallelization: NONE/sequential

WARNING: The model you specified on the command line (GTR) will be ignored 
         since the binary MSA file already contains a model definition.
         If you want to change the model, please re-run RAxML-NG 
         with the original PHYLIP/FASTA alignment and --redo option.

[00:00:00] Loading binary alignment from file: ../BenoitDatasets/families/alesim_s30_f50_sites200_d2.0_l1.0_seed42/pargenes/parse_run/results/41_prunedfasta/41_prunedfasta.raxml.rba
[00:00:00] Alignment comprises 232 taxa, 1 partitions and 200 patterns

Partition 0: noname
Model: GTR+FO
Alignment sites / patterns: 200 / 200
Gaps: 0.00 %
Invariant sites: 0.00 %


[00:00:00] Data distribution: max. partitions/sites/weight per thread: 1 / 200 / 800
[00:00:00] Starting bootstrapping analysis with 10 replicates.

[00:00:18] Bootstrap tree #1, logLikelihood: -13803.507324
[00:00:36] Bootstrap tree #2, logLikelihood: -13640.159522
[00:00:53] Bootstrap tree #3, logLikelihood: -13682.655333
[00:01:11] Bootstrap tree #4, logLikelihood: -13337.372949
[00:01:29] Bootstrap tree #5, logLikelihood: -13691.490558
[00:01:50] Bootstrap tree #6, logLikelihood: -13707.990004
[00:02:08] Bootstrap tree #7, logLikelihood: -13119.476547
[00:02:26] Bootstrap tree #8, logLikelihood: -13412.293093
[00:02:45] Bootstrap tree #9, logLikelihood: -13679.289549
[00:03:03] Bootstrap tree #10, logLikelihood: -13468.192819

Optimized model parameters:

   Partition 0: noname
   Rate heterogeneity: NONE
   Base frequencies (ML): 0.247183 0.255203 0.263446 0.234168 
   Substitution rates (ML): 0.969927 0.839939 0.925055 0.863637 0.933916 1.000000 
Bootstrap trees saved to: /home/morelbt/github/BenoitDatasets/families/alesim_s30_f50_sites200_d2.0_l1.0_seed42/pargenes/mlsearch_run/bootstraps/41_prunedfasta/41_prunedfasta_bs3.raxml.bootstraps

Execution log saved to: /home/morelbt/github/BenoitDatasets/families/alesim_s30_f50_sites200_d2.0_l1.0_seed42/pargenes/mlsearch_run/bootstraps/41_prunedfasta/41_prunedfasta_bs3.raxml.log

Analysis started: 11-Dec-2018 20:50:43 / finished: 11-Dec-2018 20:53:47

Elapsed time: 183.820 seconds

