
RAxML-NG v. 0.6.0git BETA released on 27.07.2018 by The Exelixis Lab.
Authors: Alexey Kozlov, Alexandros Stamatakis, Diego Darriba, Tomas Flouri, Benoit Morel.
Latest version: https://github.com/amkozlov/raxml-ng
Questions/problems/suggestions? Please visit: https://groups.google.com/forum/#!forum/raxml

WARNING: This is a BETA release, please use at your own risk!

RAxML-NG was called as follows:

mpi-scheduler --bootstrap --msa ../BenoitDatasets/families/jsim_s27_f100_sites1000_d2.0_l1.0_seed6/pargenes/parse_run/results/81_fasta/81_fasta.raxml.rba --blopt nr_safe --model GTR --prefix ../BenoitDatasets/families/jsim_s27_f100_sites1000_d2.0_l1.0_seed6/pargenes/mlsearch_run/bootstraps/81_fasta/81_fasta_bs5 --threads 1 --seed 6 --bs-trees 10

Analysis options:
  run mode: Bootstrapping
  start tree(s): 
  bootstrap replicates: 10
  random seed: 6
  tip-inner: ON
  pattern compression: ON
  per-rate scalers: OFF
  site repeats: OFF
  branch lengths: linked (ML estimate, algorithm: NR-SAFE)
  SIMD kernels: AVX2
  parallelization: NONE/sequential

WARNING: The model you specified on the command line (GTR) will be ignored 
         since the binary MSA file already contains a model definition.
         If you want to change the model, please re-run RAxML-NG 
         with the original PHYLIP/FASTA alignment and --redo option.

[00:00:00] Loading binary alignment from file: ../BenoitDatasets/families/jsim_s27_f100_sites1000_d2.0_l1.0_seed6/pargenes/parse_run/results/81_fasta/81_fasta.raxml.rba
[00:00:00] Alignment comprises 16 taxa, 1 partitions and 1000 patterns

Partition 0: noname
Model: GTR+FO
Alignment sites / patterns: 1000 / 1000
Gaps: 0.00 %
Invariant sites: 0.20 %


[00:00:00] Data distribution: max. partitions/sites/weight per thread: 1 / 1000 / 4000
[00:00:00] Starting bootstrapping analysis with 10 replicates.

[00:00:01] Bootstrap tree #1, logLikelihood: -16737.048621
[00:00:02] Bootstrap tree #2, logLikelihood: -16637.214603
[00:00:03] Bootstrap tree #3, logLikelihood: -16753.456996
[00:00:05] Bootstrap tree #4, logLikelihood: -16652.052966
[00:00:07] Bootstrap tree #5, logLikelihood: -16584.482156
[00:00:08] Bootstrap tree #6, logLikelihood: -16682.491937
[00:00:09] Bootstrap tree #7, logLikelihood: -16611.021669
[00:00:11] Bootstrap tree #8, logLikelihood: -16703.264044
[00:00:12] Bootstrap tree #9, logLikelihood: -16620.073605
[00:00:14] Bootstrap tree #10, logLikelihood: -16572.613384

Optimized model parameters:

   Partition 0: noname
   Rate heterogeneity: NONE
   Base frequencies (ML): 0.247556 0.250651 0.262415 0.239378 
   Substitution rates (ML): 1.176091 0.999448 1.163633 1.076385 1.108107 1.000000 
Bootstrap trees saved to: /home/morelbt/github/BenoitDatasets/families/jsim_s27_f100_sites1000_d2.0_l1.0_seed6/pargenes/mlsearch_run/bootstraps/81_fasta/81_fasta_bs5.raxml.bootstraps

Execution log saved to: /home/morelbt/github/BenoitDatasets/families/jsim_s27_f100_sites1000_d2.0_l1.0_seed6/pargenes/mlsearch_run/bootstraps/81_fasta/81_fasta_bs5.raxml.log

Analysis started: 07-Dec-2018 15:54:30 / finished: 07-Dec-2018 15:54:44

Elapsed time: 14.087 seconds

