
RAxML-NG v. 0.6.0git BETA released on 27.07.2018 by The Exelixis Lab.
Authors: Alexey Kozlov, Alexandros Stamatakis, Diego Darriba, Tomas Flouri, Benoit Morel.
Latest version: https://github.com/amkozlov/raxml-ng
Questions/problems/suggestions? Please visit: https://groups.google.com/forum/#!forum/raxml

WARNING: This is a BETA release, please use at your own risk!

RAxML-NG was called as follows:

mpi-scheduler --bootstrap --msa ../BenoitDatasets/families/jsim_s8_f100_sites300_d2.0_l1.0/pargenes/parse_run/results/38_fasta/38_fasta.raxml.rba --blopt nr_safe --model GTR --prefix ../BenoitDatasets/families/jsim_s8_f100_sites300_d2.0_l1.0/pargenes/mlsearch_run/bootstraps/38_fasta/38_fasta_bs9 --threads 1 --seed 10 --bs-trees 10

Analysis options:
  run mode: Bootstrapping
  start tree(s): 
  bootstrap replicates: 10
  random seed: 10
  tip-inner: ON
  pattern compression: ON
  per-rate scalers: OFF
  site repeats: OFF
  branch lengths: linked (ML estimate, algorithm: NR-SAFE)
  SIMD kernels: AVX2
  parallelization: NONE/sequential

WARNING: The model you specified on the command line (GTR) will be ignored 
         since the binary MSA file already contains a model definition.
         If you want to change the model, please re-run RAxML-NG 
         with the original PHYLIP/FASTA alignment and --redo option.

[00:00:00] Loading binary alignment from file: ../BenoitDatasets/families/jsim_s8_f100_sites300_d2.0_l1.0/pargenes/parse_run/results/38_fasta/38_fasta.raxml.rba
[00:00:00] Alignment comprises 11 taxa, 1 partitions and 296 patterns

Partition 0: noname
Model: GTR+FO
Alignment sites / patterns: 300 / 296
Gaps: 0.00 %
Invariant sites: 0.33 %


[00:00:00] Data distribution: max. partitions/sites/weight per thread: 1 / 296 / 1184
[00:00:00] Starting bootstrapping analysis with 10 replicates.

[00:00:00] Bootstrap tree #1, logLikelihood: -3347.331856
[00:00:00] Bootstrap tree #2, logLikelihood: -3405.600527
[00:00:00] Bootstrap tree #3, logLikelihood: -3375.743842
[00:00:01] Bootstrap tree #4, logLikelihood: -3470.265381
[00:00:01] Bootstrap tree #5, logLikelihood: -3416.648201
[00:00:01] Bootstrap tree #6, logLikelihood: -3424.779379
[00:00:02] Bootstrap tree #7, logLikelihood: -3454.282264
[00:00:02] Bootstrap tree #8, logLikelihood: -3467.462662
[00:00:02] Bootstrap tree #9, logLikelihood: -3436.783732
[00:00:02] Bootstrap tree #10, logLikelihood: -3406.073004

Optimized model parameters:

   Partition 0: noname
   Rate heterogeneity: NONE
   Base frequencies (ML): 0.263810 0.246198 0.235856 0.254136 
   Substitution rates (ML): 0.675250 0.731172 0.877877 1.097257 0.988705 1.000000 
Bootstrap trees saved to: /home/morelbt/github/BenoitDatasets/families/jsim_s8_f100_sites300_d2.0_l1.0/pargenes/mlsearch_run/bootstraps/38_fasta/38_fasta_bs9.raxml.bootstraps

Execution log saved to: /home/morelbt/github/BenoitDatasets/families/jsim_s8_f100_sites300_d2.0_l1.0/pargenes/mlsearch_run/bootstraps/38_fasta/38_fasta_bs9.raxml.log

Analysis started: 05-Dec-2018 13:32:48 / finished: 05-Dec-2018 13:32:51

Elapsed time: 2.842 seconds

