
RAxML-NG v. 0.6.0git BETA released on 27.07.2018 by The Exelixis Lab.
Authors: Alexey Kozlov, Alexandros Stamatakis, Diego Darriba, Tomas Flouri, Benoit Morel.
Latest version: https://github.com/amkozlov/raxml-ng
Questions/problems/suggestions? Please visit: https://groups.google.com/forum/#!forum/raxml

WARNING: This is a BETA release, please use at your own risk!

RAxML-NG was called as follows:

mpi-scheduler --msa ../BenoitDatasets/families/alesim_s20_f50_sites200_d0.6_l0.3_seed42/pargenes/parse_run/results/32_prunedfasta/32_prunedfasta.raxml.rba --blopt nr_safe --model GTR --prefix ../BenoitDatasets/families/alesim_s20_f50_sites200_d0.6_l0.3_seed42/pargenes/mlsearch_run/results/32_prunedfasta/32_prunedfasta --threads 1 --seed 1

Analysis options:
  run mode: ML tree search
  start tree(s): random (1)
  random seed: 1
  tip-inner: ON
  pattern compression: ON
  per-rate scalers: OFF
  site repeats: OFF
  fast spr radius: AUTO
  spr subtree cutoff: 1.000000
  branch lengths: linked (ML estimate, algorithm: NR-SAFE)
  SIMD kernels: AVX2
  parallelization: NONE/sequential

WARNING: The model you specified on the command line (GTR) will be ignored 
         since the binary MSA file already contains a model definition.
         If you want to change the model, please re-run RAxML-NG 
         with the original PHYLIP/FASTA alignment and --redo option.

[00:00:00] Loading binary alignment from file: ../BenoitDatasets/families/alesim_s20_f50_sites200_d0.6_l0.3_seed42/pargenes/parse_run/results/32_prunedfasta/32_prunedfasta.raxml.rba
[00:00:00] Alignment comprises 29 taxa, 1 partitions and 194 patterns

Partition 0: noname
Model: GTR+FO
Alignment sites / patterns: 200 / 194
Gaps: 0.00 %
Invariant sites: 1.50 %


[00:00:00] Generating 1 random starting tree(s) with 29 taxa
[00:00:00] Data distribution: max. partitions/sites/weight per thread: 1 / 194 / 776

Starting ML tree search with 1 distinct starting trees

[00:00:00 -5333.240713] Initial branch length optimization
[00:00:00 -4632.570275] Model parameter optimization (eps = 10.000000)
[00:00:00 -4603.425604] AUTODETECT spr round 1 (radius: 5)
[00:00:00 -2946.495382] AUTODETECT spr round 2 (radius: 10)
[00:00:00 -2644.751071] AUTODETECT spr round 3 (radius: 15)
[00:00:00 -2644.751070] SPR radius for FAST iterations: 10 (autodetect)
[00:00:00 -2644.751070] Model parameter optimization (eps = 3.000000)
[00:00:00 -2640.015891] FAST spr round 1 (radius: 10)
[00:00:00 -2575.986699] FAST spr round 2 (radius: 10)
[00:00:00 -2573.071409] FAST spr round 3 (radius: 10)
[00:00:00 -2572.479128] FAST spr round 4 (radius: 10)
[00:00:00 -2572.479075] Model parameter optimization (eps = 1.000000)
[00:00:00 -2572.203679] SLOW spr round 1 (radius: 5)
[00:00:00 -2572.203440] SLOW spr round 2 (radius: 10)
[00:00:00 -2572.203440] SLOW spr round 3 (radius: 15)
[00:00:00 -2572.203440] SLOW spr round 4 (radius: 20)
[00:00:00 -2572.203440] SLOW spr round 5 (radius: 25)
[00:00:00 -2572.203440] Model parameter optimization (eps = 0.100000)

[00:00:00] ML tree search #1, logLikelihood: -2572.179449


Optimized model parameters:

   Partition 0: noname
   Rate heterogeneity: NONE
   Base frequencies (ML): 0.285681 0.202309 0.248079 0.263931 
   Substitution rates (ML): 0.992517 0.975489 0.938422 0.973035 1.263603 1.000000 

Final LogLikelihood: -2572.179449

Best ML tree saved to: /home/morelbt/github/BenoitDatasets/families/alesim_s20_f50_sites200_d0.6_l0.3_seed42/pargenes/mlsearch_run/results/32_prunedfasta/32_prunedfasta.raxml.bestTree
Optimized model saved to: /home/morelbt/github/BenoitDatasets/families/alesim_s20_f50_sites200_d0.6_l0.3_seed42/pargenes/mlsearch_run/results/32_prunedfasta/32_prunedfasta.raxml.bestModel

Execution log saved to: /home/morelbt/github/BenoitDatasets/families/alesim_s20_f50_sites200_d0.6_l0.3_seed42/pargenes/mlsearch_run/results/32_prunedfasta/32_prunedfasta.raxml.log

Analysis started: 11-Dec-2018 15:13:59 / finished: 11-Dec-2018 15:14:00

Elapsed time: 0.736 seconds

