
RAxML-NG v. 0.6.0git BETA released on 27.07.2018 by The Exelixis Lab.
Authors: Alexey Kozlov, Alexandros Stamatakis, Diego Darriba, Tomas Flouri, Benoit Morel.
Latest version: https://github.com/amkozlov/raxml-ng
Questions/problems/suggestions? Please visit: https://groups.google.com/forum/#!forum/raxml

WARNING: This is a BETA release, please use at your own risk!

RAxML-NG was called as follows:

mpi-scheduler --bootstrap --msa ../BenoitDatasets/families/jsim_s8_f100_sites300_d2.0_l1.0/pargenes/parse_run/results/93_fasta/93_fasta.raxml.rba --blopt nr_safe --model GTR --prefix ../BenoitDatasets/families/jsim_s8_f100_sites300_d2.0_l1.0/pargenes/mlsearch_run/bootstraps/93_fasta/93_fasta_bs8 --threads 1 --seed 9 --bs-trees 10

Analysis options:
  run mode: Bootstrapping
  start tree(s): 
  bootstrap replicates: 10
  random seed: 9
  tip-inner: ON
  pattern compression: ON
  per-rate scalers: OFF
  site repeats: OFF
  branch lengths: linked (ML estimate, algorithm: NR-SAFE)
  SIMD kernels: AVX2
  parallelization: NONE/sequential

WARNING: The model you specified on the command line (GTR) will be ignored 
         since the binary MSA file already contains a model definition.
         If you want to change the model, please re-run RAxML-NG 
         with the original PHYLIP/FASTA alignment and --redo option.

[00:00:00] Loading binary alignment from file: ../BenoitDatasets/families/jsim_s8_f100_sites300_d2.0_l1.0/pargenes/parse_run/results/93_fasta/93_fasta.raxml.rba
[00:00:00] Alignment comprises 7 taxa, 1 partitions and 274 patterns

Partition 0: noname
Model: GTR+FO
Alignment sites / patterns: 300 / 274
Gaps: 0.00 %
Invariant sites: 1.33 %


[00:00:00] Data distribution: max. partitions/sites/weight per thread: 1 / 274 / 1096
[00:00:00] Starting bootstrapping analysis with 10 replicates.

[00:00:00] Bootstrap tree #1, logLikelihood: -2308.908030
[00:00:00] Bootstrap tree #2, logLikelihood: -2299.053129
[00:00:00] Bootstrap tree #3, logLikelihood: -2360.615937
[00:00:00] Bootstrap tree #4, logLikelihood: -2359.845187
[00:00:00] Bootstrap tree #5, logLikelihood: -2359.971422
[00:00:00] Bootstrap tree #6, logLikelihood: -2354.508273
[00:00:00] Bootstrap tree #7, logLikelihood: -2360.902281
[00:00:00] Bootstrap tree #8, logLikelihood: -2340.288091
[00:00:00] Bootstrap tree #9, logLikelihood: -2372.188171
[00:00:00] Bootstrap tree #10, logLikelihood: -2316.363506

Optimized model parameters:

   Partition 0: noname
   Rate heterogeneity: NONE
   Base frequencies (ML): 0.223994 0.285226 0.226180 0.264601 
   Substitution rates (ML): 0.983112 2.101730 1.004665 0.920729 1.216985 1.000000 
Bootstrap trees saved to: /home/morelbt/github/BenoitDatasets/families/jsim_s8_f100_sites300_d2.0_l1.0/pargenes/mlsearch_run/bootstraps/93_fasta/93_fasta_bs8.raxml.bootstraps

Execution log saved to: /home/morelbt/github/BenoitDatasets/families/jsim_s8_f100_sites300_d2.0_l1.0/pargenes/mlsearch_run/bootstraps/93_fasta/93_fasta_bs8.raxml.log

Analysis started: 05-Dec-2018 13:32:57 / finished: 05-Dec-2018 13:32:58

Elapsed time: 0.781 seconds

