
RAxML-NG v. 0.6.0git BETA released on 27.07.2018 by The Exelixis Lab.
Authors: Alexey Kozlov, Alexandros Stamatakis, Diego Darriba, Tomas Flouri, Benoit Morel.
Latest version: https://github.com/amkozlov/raxml-ng
Questions/problems/suggestions? Please visit: https://groups.google.com/forum/#!forum/raxml

WARNING: This is a BETA release, please use at your own risk!

RAxML-NG was called as follows:

mpi-scheduler --bootstrap --msa ../BenoitDatasets/families/alesim_s30_f50_sites200_d2.0_l1.0_seed42/pargenes/parse_run/results/13_prunedfasta/13_prunedfasta.raxml.rba --blopt nr_safe --model GTR --prefix ../BenoitDatasets/families/alesim_s30_f50_sites200_d2.0_l1.0_seed42/pargenes/mlsearch_run/bootstraps/13_prunedfasta/13_prunedfasta_bs0 --threads 1 --seed 1 --bs-trees 10

Analysis options:
  run mode: Bootstrapping
  start tree(s): 
  bootstrap replicates: 10
  random seed: 1
  tip-inner: ON
  pattern compression: ON
  per-rate scalers: OFF
  site repeats: OFF
  branch lengths: linked (ML estimate, algorithm: NR-SAFE)
  SIMD kernels: AVX2
  parallelization: NONE/sequential

WARNING: The model you specified on the command line (GTR) will be ignored 
         since the binary MSA file already contains a model definition.
         If you want to change the model, please re-run RAxML-NG 
         with the original PHYLIP/FASTA alignment and --redo option.

[00:00:00] Loading binary alignment from file: ../BenoitDatasets/families/alesim_s30_f50_sites200_d2.0_l1.0_seed42/pargenes/parse_run/results/13_prunedfasta/13_prunedfasta.raxml.rba
[00:00:00] Alignment comprises 29 taxa, 1 partitions and 171 patterns

Partition 0: noname
Model: GTR+FO
Alignment sites / patterns: 200 / 171
Gaps: 0.00 %
Invariant sites: 2.00 %


[00:00:00] Data distribution: max. partitions/sites/weight per thread: 1 / 171 / 684
[00:00:00] Starting bootstrapping analysis with 10 replicates.

[00:00:00] Bootstrap tree #1, logLikelihood: -1952.155795
[00:00:00] Bootstrap tree #2, logLikelihood: -1857.048817
[00:00:01] Bootstrap tree #3, logLikelihood: -1887.616870
[00:00:01] Bootstrap tree #4, logLikelihood: -1933.715933
[00:00:02] Bootstrap tree #5, logLikelihood: -1768.791776
[00:00:02] Bootstrap tree #6, logLikelihood: -1991.994586
[00:00:03] Bootstrap tree #7, logLikelihood: -1883.329476
[00:00:03] Bootstrap tree #8, logLikelihood: -1953.124137
[00:00:04] Bootstrap tree #9, logLikelihood: -1948.662121
[00:00:04] Bootstrap tree #10, logLikelihood: -1918.461207

Optimized model parameters:

   Partition 0: noname
   Rate heterogeneity: NONE
   Base frequencies (ML): 0.248530 0.301176 0.212686 0.237608 
   Substitution rates (ML): 0.755744 0.736486 1.160750 0.697151 0.786177 1.000000 
Bootstrap trees saved to: /home/morelbt/github/BenoitDatasets/families/alesim_s30_f50_sites200_d2.0_l1.0_seed42/pargenes/mlsearch_run/bootstraps/13_prunedfasta/13_prunedfasta_bs0.raxml.bootstraps

Execution log saved to: /home/morelbt/github/BenoitDatasets/families/alesim_s30_f50_sites200_d2.0_l1.0_seed42/pargenes/mlsearch_run/bootstraps/13_prunedfasta/13_prunedfasta_bs0.raxml.log

Analysis started: 11-Dec-2018 20:57:56 / finished: 11-Dec-2018 20:58:01

Elapsed time: 4.690 seconds

