
RAxML-NG v. 0.6.0git BETA released on 27.07.2018 by The Exelixis Lab.
Authors: Alexey Kozlov, Alexandros Stamatakis, Diego Darriba, Tomas Flouri, Benoit Morel.
Latest version: https://github.com/amkozlov/raxml-ng
Questions/problems/suggestions? Please visit: https://groups.google.com/forum/#!forum/raxml

WARNING: This is a BETA release, please use at your own risk!

RAxML-NG was called as follows:

mpi-scheduler --bootstrap --msa ../BenoitDatasets/families/jsim_s27_f100_sites1000_d2.0_l1.0_seed6/pargenes/parse_run/results/2_fasta/2_fasta.raxml.rba --blopt nr_safe --model GTR --prefix ../BenoitDatasets/families/jsim_s27_f100_sites1000_d2.0_l1.0_seed6/pargenes/mlsearch_run/bootstraps/2_fasta/2_fasta_bs0 --threads 1 --seed 1 --bs-trees 10

Analysis options:
  run mode: Bootstrapping
  start tree(s): 
  bootstrap replicates: 10
  random seed: 1
  tip-inner: ON
  pattern compression: ON
  per-rate scalers: OFF
  site repeats: OFF
  branch lengths: linked (ML estimate, algorithm: NR-SAFE)
  SIMD kernels: AVX2
  parallelization: NONE/sequential

WARNING: The model you specified on the command line (GTR) will be ignored 
         since the binary MSA file already contains a model definition.
         If you want to change the model, please re-run RAxML-NG 
         with the original PHYLIP/FASTA alignment and --redo option.

[00:00:00] Loading binary alignment from file: ../BenoitDatasets/families/jsim_s27_f100_sites1000_d2.0_l1.0_seed6/pargenes/parse_run/results/2_fasta/2_fasta.raxml.rba
[00:00:00] Alignment comprises 16 taxa, 1 partitions and 998 patterns

Partition 0: noname
Model: GTR+FO
Alignment sites / patterns: 1000 / 998
Gaps: 0.00 %
Invariant sites: 0.10 %


[00:00:00] Data distribution: max. partitions/sites/weight per thread: 1 / 998 / 3992
[00:00:00] Starting bootstrapping analysis with 10 replicates.

[00:00:01] Bootstrap tree #1, logLikelihood: -16924.800533
[00:00:03] Bootstrap tree #2, logLikelihood: -16951.946835
[00:00:04] Bootstrap tree #3, logLikelihood: -17014.985898
[00:00:05] Bootstrap tree #4, logLikelihood: -16983.427955
[00:00:07] Bootstrap tree #5, logLikelihood: -17046.657922
[00:00:09] Bootstrap tree #6, logLikelihood: -17045.230182
[00:00:11] Bootstrap tree #7, logLikelihood: -16930.101940
[00:00:13] Bootstrap tree #8, logLikelihood: -16997.073963
[00:00:15] Bootstrap tree #9, logLikelihood: -16974.979473
[00:00:16] Bootstrap tree #10, logLikelihood: -16888.135073

Optimized model parameters:

   Partition 0: noname
   Rate heterogeneity: NONE
   Base frequencies (ML): 0.249319 0.249439 0.252210 0.249032 
   Substitution rates (ML): 0.936622 1.013302 0.960450 1.012153 0.994483 1.000000 
Bootstrap trees saved to: /home/morelbt/github/BenoitDatasets/families/jsim_s27_f100_sites1000_d2.0_l1.0_seed6/pargenes/mlsearch_run/bootstraps/2_fasta/2_fasta_bs0.raxml.bootstraps

Execution log saved to: /home/morelbt/github/BenoitDatasets/families/jsim_s27_f100_sites1000_d2.0_l1.0_seed6/pargenes/mlsearch_run/bootstraps/2_fasta/2_fasta_bs0.raxml.log

Analysis started: 07-Dec-2018 15:54:33 / finished: 07-Dec-2018 15:54:50

Elapsed time: 16.979 seconds

