
RAxML-NG v. 0.6.0git BETA released on 27.07.2018 by The Exelixis Lab.
Authors: Alexey Kozlov, Alexandros Stamatakis, Diego Darriba, Tomas Flouri, Benoit Morel.
Latest version: https://github.com/amkozlov/raxml-ng
Questions/problems/suggestions? Please visit: https://groups.google.com/forum/#!forum/raxml

WARNING: This is a BETA release, please use at your own risk!

RAxML-NG was called as follows:

mpi-scheduler --bootstrap --msa ../BenoitDatasets/families/jsim_s27_f100_sites1000_d2.0_l1.0_seed6/pargenes/parse_run/results/20_fasta/20_fasta.raxml.rba --blopt nr_safe --model GTR --prefix ../BenoitDatasets/families/jsim_s27_f100_sites1000_d2.0_l1.0_seed6/pargenes/mlsearch_run/bootstraps/20_fasta/20_fasta_bs5 --threads 1 --seed 6 --bs-trees 10

Analysis options:
  run mode: Bootstrapping
  start tree(s): 
  bootstrap replicates: 10
  random seed: 6
  tip-inner: ON
  pattern compression: ON
  per-rate scalers: OFF
  site repeats: OFF
  branch lengths: linked (ML estimate, algorithm: NR-SAFE)
  SIMD kernels: AVX2
  parallelization: NONE/sequential

WARNING: The model you specified on the command line (GTR) will be ignored 
         since the binary MSA file already contains a model definition.
         If you want to change the model, please re-run RAxML-NG 
         with the original PHYLIP/FASTA alignment and --redo option.

[00:00:00] Loading binary alignment from file: ../BenoitDatasets/families/jsim_s27_f100_sites1000_d2.0_l1.0_seed6/pargenes/parse_run/results/20_fasta/20_fasta.raxml.rba
[00:00:00] Alignment comprises 14 taxa, 1 partitions and 996 patterns

Partition 0: noname
Model: GTR+FO
Alignment sites / patterns: 1000 / 996
Gaps: 0.00 %
Invariant sites: 0.20 %


[00:00:00] Data distribution: max. partitions/sites/weight per thread: 1 / 996 / 3984
[00:00:00] Starting bootstrapping analysis with 10 replicates.

[00:00:01] Bootstrap tree #1, logLikelihood: -13376.092157
[00:00:03] Bootstrap tree #2, logLikelihood: -13315.377304
[00:00:04] Bootstrap tree #3, logLikelihood: -13318.035464
[00:00:06] Bootstrap tree #4, logLikelihood: -13313.569488
[00:00:07] Bootstrap tree #5, logLikelihood: -13378.328710
[00:00:09] Bootstrap tree #6, logLikelihood: -13282.692750
[00:00:11] Bootstrap tree #7, logLikelihood: -13253.822959
[00:00:12] Bootstrap tree #8, logLikelihood: -13369.915828
[00:00:13] Bootstrap tree #9, logLikelihood: -13322.024835
[00:00:15] Bootstrap tree #10, logLikelihood: -13355.422487

Optimized model parameters:

   Partition 0: noname
   Rate heterogeneity: NONE
   Base frequencies (ML): 0.262011 0.244532 0.255610 0.237847 
   Substitution rates (ML): 1.029623 0.867885 1.048144 1.102627 1.054179 1.000000 
Bootstrap trees saved to: /home/morelbt/github/BenoitDatasets/families/jsim_s27_f100_sites1000_d2.0_l1.0_seed6/pargenes/mlsearch_run/bootstraps/20_fasta/20_fasta_bs5.raxml.bootstraps

Execution log saved to: /home/morelbt/github/BenoitDatasets/families/jsim_s27_f100_sites1000_d2.0_l1.0_seed6/pargenes/mlsearch_run/bootstraps/20_fasta/20_fasta_bs5.raxml.log

Analysis started: 07-Dec-2018 15:54:59 / finished: 07-Dec-2018 15:55:14

Elapsed time: 15.488 seconds

