
RAxML-NG v. 0.6.0git BETA released on 27.07.2018 by The Exelixis Lab.
Authors: Alexey Kozlov, Alexandros Stamatakis, Diego Darriba, Tomas Flouri, Benoit Morel.
Latest version: https://github.com/amkozlov/raxml-ng
Questions/problems/suggestions? Please visit: https://groups.google.com/forum/#!forum/raxml

WARNING: This is a BETA release, please use at your own risk!

RAxML-NG was called as follows:

mpi-scheduler --msa ../BenoitDatasets/families/jsim_s27_f100_sites200_d2.0_l1.0_seed6/pargenes/parse_run/results/30_fasta/30_fasta.raxml.rba --blopt nr_safe --model GTR --prefix ../BenoitDatasets/families/jsim_s27_f100_sites200_d2.0_l1.0_seed6/pargenes/mlsearch_run/results/30_fasta/30_fasta --threads 1 --seed 1

Analysis options:
  run mode: ML tree search
  start tree(s): random (1)
  random seed: 1
  tip-inner: ON
  pattern compression: ON
  per-rate scalers: OFF
  site repeats: OFF
  fast spr radius: AUTO
  spr subtree cutoff: 1.000000
  branch lengths: linked (ML estimate, algorithm: NR-SAFE)
  SIMD kernels: AVX2
  parallelization: NONE/sequential

WARNING: The model you specified on the command line (GTR) will be ignored 
         since the binary MSA file already contains a model definition.
         If you want to change the model, please re-run RAxML-NG 
         with the original PHYLIP/FASTA alignment and --redo option.

[00:00:00] Loading binary alignment from file: ../BenoitDatasets/families/jsim_s27_f100_sites200_d2.0_l1.0_seed6/pargenes/parse_run/results/30_fasta/30_fasta.raxml.rba
[00:00:00] Alignment comprises 22 taxa, 1 partitions and 200 patterns

Partition 0: noname
Model: GTR+FO
Alignment sites / patterns: 200 / 200
Gaps: 0.00 %
Invariant sites: 0.50 %


[00:00:00] Generating 1 random starting tree(s) with 22 taxa
[00:00:00] Data distribution: max. partitions/sites/weight per thread: 1 / 200 / 800

Starting ML tree search with 1 distinct starting trees

[00:00:00 -5902.020209] Initial branch length optimization
[00:00:00 -4936.425787] Model parameter optimization (eps = 10.000000)
[00:00:00 -4929.039788] AUTODETECT spr round 1 (radius: 5)
[00:00:00 -4001.777244] AUTODETECT spr round 2 (radius: 10)
[00:00:00 -3985.466008] AUTODETECT spr round 3 (radius: 15)
[00:00:00 -3985.448659] SPR radius for FAST iterations: 10 (autodetect)
[00:00:00 -3985.448659] Model parameter optimization (eps = 3.000000)
[00:00:00 -3982.878750] FAST spr round 1 (radius: 10)
[00:00:00 -3846.479811] FAST spr round 2 (radius: 10)
[00:00:00 -3845.688669] FAST spr round 3 (radius: 10)
[00:00:00 -3845.688497] Model parameter optimization (eps = 1.000000)
[00:00:00 -3845.282839] SLOW spr round 1 (radius: 5)
[00:00:00 -3845.148641] SLOW spr round 2 (radius: 5)
[00:00:00 -3845.148635] SLOW spr round 3 (radius: 10)
[00:00:00 -3845.148634] SLOW spr round 4 (radius: 15)
[00:00:00 -3845.148634] SLOW spr round 5 (radius: 20)
[00:00:00 -3845.148634] Model parameter optimization (eps = 0.100000)

[00:00:00] ML tree search #1, logLikelihood: -3845.122191


Optimized model parameters:

   Partition 0: noname
   Rate heterogeneity: NONE
   Base frequencies (ML): 0.267215 0.237802 0.250790 0.244194 
   Substitution rates (ML): 0.947947 0.811101 0.914258 1.032679 0.897204 1.000000 

Final LogLikelihood: -3845.122191

Best ML tree saved to: /home/morelbt/github/BenoitDatasets/families/jsim_s27_f100_sites200_d2.0_l1.0_seed6/pargenes/mlsearch_run/results/30_fasta/30_fasta.raxml.bestTree
Optimized model saved to: /home/morelbt/github/BenoitDatasets/families/jsim_s27_f100_sites200_d2.0_l1.0_seed6/pargenes/mlsearch_run/results/30_fasta/30_fasta.raxml.bestModel

Execution log saved to: /home/morelbt/github/BenoitDatasets/families/jsim_s27_f100_sites200_d2.0_l1.0_seed6/pargenes/mlsearch_run/results/30_fasta/30_fasta.raxml.log

Analysis started: 07-Dec-2018 15:27:58 / finished: 07-Dec-2018 15:27:59

Elapsed time: 0.860 seconds

