
RAxML-NG v. 0.6.0git BETA released on 27.07.2018 by The Exelixis Lab.
Authors: Alexey Kozlov, Alexandros Stamatakis, Diego Darriba, Tomas Flouri, Benoit Morel.
Latest version: https://github.com/amkozlov/raxml-ng
Questions/problems/suggestions? Please visit: https://groups.google.com/forum/#!forum/raxml

WARNING: This is a BETA release, please use at your own risk!

RAxML-NG was called as follows:

mpi-scheduler --bootstrap --msa ../BenoitDatasets/families/alesim_s30_f50_sites200_d2.0_l1.0_seed42/pargenes/parse_run/results/26_prunedfasta/26_prunedfasta.raxml.rba --blopt nr_safe --model GTR --prefix ../BenoitDatasets/families/alesim_s30_f50_sites200_d2.0_l1.0_seed42/pargenes/mlsearch_run/bootstraps/26_prunedfasta/26_prunedfasta_bs3 --threads 1 --seed 4 --bs-trees 10

Analysis options:
  run mode: Bootstrapping
  start tree(s): 
  bootstrap replicates: 10
  random seed: 4
  tip-inner: ON
  pattern compression: ON
  per-rate scalers: OFF
  site repeats: OFF
  branch lengths: linked (ML estimate, algorithm: NR-SAFE)
  SIMD kernels: AVX2
  parallelization: NONE/sequential

WARNING: The model you specified on the command line (GTR) will be ignored 
         since the binary MSA file already contains a model definition.
         If you want to change the model, please re-run RAxML-NG 
         with the original PHYLIP/FASTA alignment and --redo option.

[00:00:00] Loading binary alignment from file: ../BenoitDatasets/families/alesim_s30_f50_sites200_d2.0_l1.0_seed42/pargenes/parse_run/results/26_prunedfasta/26_prunedfasta.raxml.rba
[00:00:00] Alignment comprises 200 taxa, 1 partitions and 200 patterns

Partition 0: noname
Model: GTR+FO
Alignment sites / patterns: 200 / 200
Gaps: 0.00 %
Invariant sites: 0.00 %


[00:00:00] Data distribution: max. partitions/sites/weight per thread: 1 / 200 / 800
[00:00:00] Starting bootstrapping analysis with 10 replicates.

[00:00:18] Bootstrap tree #1, logLikelihood: -13432.436921
[00:00:34] Bootstrap tree #2, logLikelihood: -13353.235068
[00:00:51] Bootstrap tree #3, logLikelihood: -13079.949986
[00:01:04] Bootstrap tree #4, logLikelihood: -13379.493232
[00:01:20] Bootstrap tree #5, logLikelihood: -13099.299477
[00:01:37] Bootstrap tree #6, logLikelihood: -13163.396826
[00:01:51] Bootstrap tree #7, logLikelihood: -13654.056197
[00:02:20] Bootstrap tree #8, logLikelihood: -13737.091782
[00:02:34] Bootstrap tree #9, logLikelihood: -12988.610230
[00:02:49] Bootstrap tree #10, logLikelihood: -12935.559994

Optimized model parameters:

   Partition 0: noname
   Rate heterogeneity: NONE
   Base frequencies (ML): 0.260705 0.247948 0.240458 0.250889 
   Substitution rates (ML): 1.029452 1.109557 1.080747 1.007114 1.075486 1.000000 
Bootstrap trees saved to: /home/morelbt/github/BenoitDatasets/families/alesim_s30_f50_sites200_d2.0_l1.0_seed42/pargenes/mlsearch_run/bootstraps/26_prunedfasta/26_prunedfasta_bs3.raxml.bootstraps

Execution log saved to: /home/morelbt/github/BenoitDatasets/families/alesim_s30_f50_sites200_d2.0_l1.0_seed42/pargenes/mlsearch_run/bootstraps/26_prunedfasta/26_prunedfasta_bs3.raxml.log

Analysis started: 11-Dec-2018 20:51:31 / finished: 11-Dec-2018 20:54:21

Elapsed time: 169.547 seconds

