
RAxML-NG v. 0.6.0git BETA released on 27.07.2018 by The Exelixis Lab.
Authors: Alexey Kozlov, Alexandros Stamatakis, Diego Darriba, Tomas Flouri, Benoit Morel.
Latest version: https://github.com/amkozlov/raxml-ng
Questions/problems/suggestions? Please visit: https://groups.google.com/forum/#!forum/raxml

WARNING: This is a BETA release, please use at your own risk!

RAxML-NG was called as follows:

mpi-scheduler --bootstrap --msa ../BenoitDatasets/families/alesim_s30_f50_sites200_d2.0_l1.0_seed42/pargenes/parse_run/results/26_prunedfasta/26_prunedfasta.raxml.rba --blopt nr_safe --model GTR --prefix ../BenoitDatasets/families/alesim_s30_f50_sites200_d2.0_l1.0_seed42/pargenes/mlsearch_run/bootstraps/26_prunedfasta/26_prunedfasta_bs5 --threads 1 --seed 6 --bs-trees 10

Analysis options:
  run mode: Bootstrapping
  start tree(s): 
  bootstrap replicates: 10
  random seed: 6
  tip-inner: ON
  pattern compression: ON
  per-rate scalers: OFF
  site repeats: OFF
  branch lengths: linked (ML estimate, algorithm: NR-SAFE)
  SIMD kernels: AVX2
  parallelization: NONE/sequential

WARNING: The model you specified on the command line (GTR) will be ignored 
         since the binary MSA file already contains a model definition.
         If you want to change the model, please re-run RAxML-NG 
         with the original PHYLIP/FASTA alignment and --redo option.

[00:00:00] Loading binary alignment from file: ../BenoitDatasets/families/alesim_s30_f50_sites200_d2.0_l1.0_seed42/pargenes/parse_run/results/26_prunedfasta/26_prunedfasta.raxml.rba
[00:00:00] Alignment comprises 200 taxa, 1 partitions and 200 patterns

Partition 0: noname
Model: GTR+FO
Alignment sites / patterns: 200 / 200
Gaps: 0.00 %
Invariant sites: 0.00 %


[00:00:00] Data distribution: max. partitions/sites/weight per thread: 1 / 200 / 800
[00:00:00] Starting bootstrapping analysis with 10 replicates.

[00:00:26] Bootstrap tree #1, logLikelihood: -13074.400813
[00:00:40] Bootstrap tree #2, logLikelihood: -13099.390400
[00:01:06] Bootstrap tree #3, logLikelihood: -13169.710384
[00:01:20] Bootstrap tree #4, logLikelihood: -12877.845325
[00:01:35] Bootstrap tree #5, logLikelihood: -13326.906075
[00:01:51] Bootstrap tree #6, logLikelihood: -13415.458877
[00:02:05] Bootstrap tree #7, logLikelihood: -13044.172463
[00:02:19] Bootstrap tree #8, logLikelihood: -14072.017564
[00:02:32] Bootstrap tree #9, logLikelihood: -12868.809339
[00:02:48] Bootstrap tree #10, logLikelihood: -13158.861217

Optimized model parameters:

   Partition 0: noname
   Rate heterogeneity: NONE
   Base frequencies (ML): 0.248728 0.244846 0.249431 0.256995 
   Substitution rates (ML): 1.143438 1.015970 1.102447 1.073521 1.061607 1.000000 
Bootstrap trees saved to: /home/morelbt/github/BenoitDatasets/families/alesim_s30_f50_sites200_d2.0_l1.0_seed42/pargenes/mlsearch_run/bootstraps/26_prunedfasta/26_prunedfasta_bs5.raxml.bootstraps

Execution log saved to: /home/morelbt/github/BenoitDatasets/families/alesim_s30_f50_sites200_d2.0_l1.0_seed42/pargenes/mlsearch_run/bootstraps/26_prunedfasta/26_prunedfasta_bs5.raxml.log

Analysis started: 11-Dec-2018 20:51:26 / finished: 11-Dec-2018 20:54:14

Elapsed time: 168.177 seconds

