
RAxML-NG v. 0.6.0git BETA released on 27.07.2018 by The Exelixis Lab.
Authors: Alexey Kozlov, Alexandros Stamatakis, Diego Darriba, Tomas Flouri, Benoit Morel.
Latest version: https://github.com/amkozlov/raxml-ng
Questions/problems/suggestions? Please visit: https://groups.google.com/forum/#!forum/raxml

WARNING: This is a BETA release, please use at your own risk!

RAxML-NG was called as follows:

mpi-scheduler --bootstrap --msa ../BenoitDatasets/families/jsim_s8_f100_sites300_d2.0_l1.0_t0.5_seed6/pargenes/parse_run/results/91_pruned_fasta/91_pruned_fasta.raxml.rba --blopt nr_safe --model GTR --prefix ../BenoitDatasets/families/jsim_s8_f100_sites300_d2.0_l1.0_t0.5_seed6/pargenes/mlsearch_run/bootstraps/91_pruned_fasta/91_pruned_fasta_bs3 --threads 1 --seed 4 --bs-trees 10

Analysis options:
  run mode: Bootstrapping
  start tree(s): 
  bootstrap replicates: 10
  random seed: 4
  tip-inner: ON
  pattern compression: ON
  per-rate scalers: OFF
  site repeats: OFF
  branch lengths: linked (ML estimate, algorithm: NR-SAFE)
  SIMD kernels: AVX2
  parallelization: NONE/sequential

WARNING: The model you specified on the command line (GTR) will be ignored 
         since the binary MSA file already contains a model definition.
         If you want to change the model, please re-run RAxML-NG 
         with the original PHYLIP/FASTA alignment and --redo option.

[00:00:00] Loading binary alignment from file: ../BenoitDatasets/families/jsim_s8_f100_sites300_d2.0_l1.0_t0.5_seed6/pargenes/parse_run/results/91_pruned_fasta/91_pruned_fasta.raxml.rba
[00:00:00] Alignment comprises 15 taxa, 1 partitions and 291 patterns

Partition 0: noname
Model: GTR+FO
Alignment sites / patterns: 300 / 291
Gaps: 0.00 %
Invariant sites: 1.33 %


[00:00:00] Data distribution: max. partitions/sites/weight per thread: 1 / 291 / 1164
[00:00:00] Starting bootstrapping analysis with 10 replicates.

[00:00:00] Bootstrap tree #1, logLikelihood: -3869.486914
[00:00:00] Bootstrap tree #2, logLikelihood: -3750.585436
[00:00:01] Bootstrap tree #3, logLikelihood: -3764.052843
[00:00:01] Bootstrap tree #4, logLikelihood: -3808.371079
[00:00:02] Bootstrap tree #5, logLikelihood: -3667.768569
[00:00:02] Bootstrap tree #6, logLikelihood: -3760.241624
[00:00:02] Bootstrap tree #7, logLikelihood: -3671.172310
[00:00:03] Bootstrap tree #8, logLikelihood: -3865.611415
[00:00:03] Bootstrap tree #9, logLikelihood: -3673.763443
[00:00:04] Bootstrap tree #10, logLikelihood: -3721.660173

Optimized model parameters:

   Partition 0: noname
   Rate heterogeneity: NONE
   Base frequencies (ML): 0.249470 0.259713 0.215401 0.275416 
   Substitution rates (ML): 1.161348 1.263275 1.017404 1.125810 1.010239 1.000000 
Bootstrap trees saved to: /home/morelbt/github/BenoitDatasets/families/jsim_s8_f100_sites300_d2.0_l1.0_t0.5_seed6/pargenes/mlsearch_run/bootstraps/91_pruned_fasta/91_pruned_fasta_bs3.raxml.bootstraps

Execution log saved to: /home/morelbt/github/BenoitDatasets/families/jsim_s8_f100_sites300_d2.0_l1.0_t0.5_seed6/pargenes/mlsearch_run/bootstraps/91_pruned_fasta/91_pruned_fasta_bs3.raxml.log

Analysis started: 14-Jan-2019 13:37:35 / finished: 14-Jan-2019 13:37:40

Elapsed time: 4.234 seconds

