
RAxML-NG v. 0.6.0git BETA released on 27.07.2018 by The Exelixis Lab.
Authors: Alexey Kozlov, Alexandros Stamatakis, Diego Darriba, Tomas Flouri, Benoit Morel.
Latest version: https://github.com/amkozlov/raxml-ng
Questions/problems/suggestions? Please visit: https://groups.google.com/forum/#!forum/raxml

WARNING: This is a BETA release, please use at your own risk!

RAxML-NG was called as follows:

mpi-scheduler --msa ../BenoitDatasets/families/alesim_s20_f50_sites400_d1.0_l0.5_t0.5_seed42/pargenes/parse_run/results/44_pruned_fasta/44_pruned_fasta.raxml.rba --blopt nr_safe --model GTR --prefix ../BenoitDatasets/families/alesim_s20_f50_sites400_d1.0_l0.5_t0.5_seed42/pargenes/mlsearch_run/results/44_pruned_fasta/44_pruned_fasta --threads 1 --seed 1

Analysis options:
  run mode: ML tree search
  start tree(s): random (1)
  random seed: 1
  tip-inner: ON
  pattern compression: ON
  per-rate scalers: OFF
  site repeats: OFF
  fast spr radius: AUTO
  spr subtree cutoff: 1.000000
  branch lengths: linked (ML estimate, algorithm: NR-SAFE)
  SIMD kernels: AVX2
  parallelization: NONE/sequential

WARNING: The model you specified on the command line (GTR) will be ignored 
         since the binary MSA file already contains a model definition.
         If you want to change the model, please re-run RAxML-NG 
         with the original PHYLIP/FASTA alignment and --redo option.

[00:00:00] Loading binary alignment from file: ../BenoitDatasets/families/alesim_s20_f50_sites400_d1.0_l0.5_t0.5_seed42/pargenes/parse_run/results/44_pruned_fasta/44_pruned_fasta.raxml.rba
[00:00:00] Alignment comprises 30 taxa, 1 partitions and 383 patterns

Partition 0: noname
Model: GTR+FO
Alignment sites / patterns: 400 / 383
Gaps: 0.00 %
Invariant sites: 1.00 %


[00:00:00] Generating 1 random starting tree(s) with 30 taxa
[00:00:00] Data distribution: max. partitions/sites/weight per thread: 1 / 383 / 1532

Starting ML tree search with 1 distinct starting trees

[00:00:00 -15296.020351] Initial branch length optimization
[00:00:00 -11424.543790] Model parameter optimization (eps = 10.000000)
[00:00:00 -11403.775869] AUTODETECT spr round 1 (radius: 5)
[00:00:00 -7004.590343] AUTODETECT spr round 2 (radius: 10)
[00:00:00 -5760.226456] AUTODETECT spr round 3 (radius: 15)
[00:00:00 -5760.188078] SPR radius for FAST iterations: 10 (autodetect)
[00:00:00 -5760.188078] Model parameter optimization (eps = 3.000000)
[00:00:00 -5755.063974] FAST spr round 1 (radius: 10)
[00:00:00 -5676.594311] FAST spr round 2 (radius: 10)
[00:00:00 -5672.827037] FAST spr round 3 (radius: 10)
[00:00:00 -5672.827001] Model parameter optimization (eps = 1.000000)
[00:00:00 -5672.655588] SLOW spr round 1 (radius: 5)
[00:00:01 -5672.655558] SLOW spr round 2 (radius: 10)
[00:00:01 -5672.655556] SLOW spr round 3 (radius: 15)
[00:00:01 -5672.655555] SLOW spr round 4 (radius: 20)
[00:00:01 -5672.655554] SLOW spr round 5 (radius: 25)
[00:00:01 -5672.655553] Model parameter optimization (eps = 0.100000)

[00:00:01] ML tree search #1, logLikelihood: -5672.646698


Optimized model parameters:

   Partition 0: noname
   Rate heterogeneity: NONE
   Base frequencies (ML): 0.270455 0.261133 0.223201 0.245211 
   Substitution rates (ML): 0.974444 1.014719 1.058714 0.831904 0.827677 1.000000 

Final LogLikelihood: -5672.646698

Best ML tree saved to: /home/morelbt/github/BenoitDatasets/families/alesim_s20_f50_sites400_d1.0_l0.5_t0.5_seed42/pargenes/mlsearch_run/results/44_pruned_fasta/44_pruned_fasta.raxml.bestTree
Optimized model saved to: /home/morelbt/github/BenoitDatasets/families/alesim_s20_f50_sites400_d1.0_l0.5_t0.5_seed42/pargenes/mlsearch_run/results/44_pruned_fasta/44_pruned_fasta.raxml.bestModel

Execution log saved to: /home/morelbt/github/BenoitDatasets/families/alesim_s20_f50_sites400_d1.0_l0.5_t0.5_seed42/pargenes/mlsearch_run/results/44_pruned_fasta/44_pruned_fasta.raxml.log

Analysis started: 22-Jan-2019 14:47:20 / finished: 22-Jan-2019 14:47:22

Elapsed time: 1.492 seconds

