
RAxML-NG v. 0.6.0git BETA released on 27.07.2018 by The Exelixis Lab.
Authors: Alexey Kozlov, Alexandros Stamatakis, Diego Darriba, Tomas Flouri, Benoit Morel.
Latest version: https://github.com/amkozlov/raxml-ng
Questions/problems/suggestions? Please visit: https://groups.google.com/forum/#!forum/raxml

WARNING: This is a BETA release, please use at your own risk!

RAxML-NG was called as follows:

mpi-scheduler --bootstrap --msa ../BenoitDatasets/families/alesim_s20_f50_sites400_d1.0_l0.5_t0.5_seed42/pargenes/parse_run/results/19_pruned_fasta/19_pruned_fasta.raxml.rba --blopt nr_safe --model GTR --prefix ../BenoitDatasets/families/alesim_s20_f50_sites400_d1.0_l0.5_t0.5_seed42/pargenes/mlsearch_run/bootstraps/19_pruned_fasta/19_pruned_fasta_bs4 --threads 1 --seed 5 --bs-trees 10

Analysis options:
  run mode: Bootstrapping
  start tree(s): 
  bootstrap replicates: 10
  random seed: 5
  tip-inner: ON
  pattern compression: ON
  per-rate scalers: OFF
  site repeats: OFF
  branch lengths: linked (ML estimate, algorithm: NR-SAFE)
  SIMD kernels: AVX2
  parallelization: NONE/sequential

WARNING: The model you specified on the command line (GTR) will be ignored 
         since the binary MSA file already contains a model definition.
         If you want to change the model, please re-run RAxML-NG 
         with the original PHYLIP/FASTA alignment and --redo option.

[00:00:00] Loading binary alignment from file: ../BenoitDatasets/families/alesim_s20_f50_sites400_d1.0_l0.5_t0.5_seed42/pargenes/parse_run/results/19_pruned_fasta/19_pruned_fasta.raxml.rba
[00:00:00] Alignment comprises 25 taxa, 1 partitions and 325 patterns

Partition 0: noname
Model: GTR+FO
Alignment sites / patterns: 400 / 325
Gaps: 0.00 %
Invariant sites: 1.00 %


[00:00:00] Data distribution: max. partitions/sites/weight per thread: 1 / 325 / 1300
[00:00:00] Starting bootstrapping analysis with 10 replicates.

[00:00:00] Bootstrap tree #1, logLikelihood: -3902.121263
[00:00:01] Bootstrap tree #2, logLikelihood: -3999.549917
[00:00:02] Bootstrap tree #3, logLikelihood: -4109.994228
[00:00:02] Bootstrap tree #4, logLikelihood: -3952.840855
[00:00:03] Bootstrap tree #5, logLikelihood: -3975.547731
[00:00:04] Bootstrap tree #6, logLikelihood: -4133.208753
[00:00:04] Bootstrap tree #7, logLikelihood: -3992.477931
[00:00:05] Bootstrap tree #8, logLikelihood: -4170.065590
[00:00:05] Bootstrap tree #9, logLikelihood: -3978.777816
[00:00:06] Bootstrap tree #10, logLikelihood: -4085.116911

Optimized model parameters:

   Partition 0: noname
   Rate heterogeneity: NONE
   Base frequencies (ML): 0.264001 0.235544 0.239899 0.260555 
   Substitution rates (ML): 0.861143 0.792077 0.977326 0.973032 0.820190 1.000000 
Bootstrap trees saved to: /home/morelbt/github/BenoitDatasets/families/alesim_s20_f50_sites400_d1.0_l0.5_t0.5_seed42/pargenes/mlsearch_run/bootstraps/19_pruned_fasta/19_pruned_fasta_bs4.raxml.bootstraps

Execution log saved to: /home/morelbt/github/BenoitDatasets/families/alesim_s20_f50_sites400_d1.0_l0.5_t0.5_seed42/pargenes/mlsearch_run/bootstraps/19_pruned_fasta/19_pruned_fasta_bs4.raxml.log

Analysis started: 22-Jan-2019 14:46:41 / finished: 22-Jan-2019 14:46:48

Elapsed time: 6.597 seconds

