
RAxML-NG v. 0.6.0git BETA released on 27.07.2018 by The Exelixis Lab.
Authors: Alexey Kozlov, Alexandros Stamatakis, Diego Darriba, Tomas Flouri, Benoit Morel.
Latest version: https://github.com/amkozlov/raxml-ng
Questions/problems/suggestions? Please visit: https://groups.google.com/forum/#!forum/raxml

WARNING: This is a BETA release, please use at your own risk!

RAxML-NG was called as follows:

mpi-scheduler --bootstrap --msa ../BenoitDatasets/families/alesim_s20_f50_sites400_d1.0_l0.5_t0.5_seed42/pargenes/parse_run/results/19_pruned_fasta/19_pruned_fasta.raxml.rba --blopt nr_safe --model GTR --prefix ../BenoitDatasets/families/alesim_s20_f50_sites400_d1.0_l0.5_t0.5_seed42/pargenes/mlsearch_run/bootstraps/19_pruned_fasta/19_pruned_fasta_bs0 --threads 1 --seed 1 --bs-trees 10

Analysis options:
  run mode: Bootstrapping
  start tree(s): 
  bootstrap replicates: 10
  random seed: 1
  tip-inner: ON
  pattern compression: ON
  per-rate scalers: OFF
  site repeats: OFF
  branch lengths: linked (ML estimate, algorithm: NR-SAFE)
  SIMD kernels: AVX2
  parallelization: NONE/sequential

WARNING: The model you specified on the command line (GTR) will be ignored 
         since the binary MSA file already contains a model definition.
         If you want to change the model, please re-run RAxML-NG 
         with the original PHYLIP/FASTA alignment and --redo option.

[00:00:00] Loading binary alignment from file: ../BenoitDatasets/families/alesim_s20_f50_sites400_d1.0_l0.5_t0.5_seed42/pargenes/parse_run/results/19_pruned_fasta/19_pruned_fasta.raxml.rba
[00:00:00] Alignment comprises 25 taxa, 1 partitions and 325 patterns

Partition 0: noname
Model: GTR+FO
Alignment sites / patterns: 400 / 325
Gaps: 0.00 %
Invariant sites: 1.00 %


[00:00:00] Data distribution: max. partitions/sites/weight per thread: 1 / 325 / 1300
[00:00:00] Starting bootstrapping analysis with 10 replicates.

[00:00:00] Bootstrap tree #1, logLikelihood: -4054.684662
[00:00:01] Bootstrap tree #2, logLikelihood: -4086.770647
[00:00:02] Bootstrap tree #3, logLikelihood: -4032.605737
[00:00:02] Bootstrap tree #4, logLikelihood: -3950.866489
[00:00:03] Bootstrap tree #5, logLikelihood: -3960.383668
[00:00:04] Bootstrap tree #6, logLikelihood: -4115.379523
[00:00:04] Bootstrap tree #7, logLikelihood: -3923.540858
[00:00:05] Bootstrap tree #8, logLikelihood: -3915.067000
[00:00:06] Bootstrap tree #9, logLikelihood: -3914.953150
[00:00:06] Bootstrap tree #10, logLikelihood: -3965.653870

Optimized model parameters:

   Partition 0: noname
   Rate heterogeneity: NONE
   Base frequencies (ML): 0.283804 0.222425 0.229568 0.264202 
   Substitution rates (ML): 1.041760 0.978322 0.779785 1.432266 0.865755 1.000000 
Bootstrap trees saved to: /home/morelbt/github/BenoitDatasets/families/alesim_s20_f50_sites400_d1.0_l0.5_t0.5_seed42/pargenes/mlsearch_run/bootstraps/19_pruned_fasta/19_pruned_fasta_bs0.raxml.bootstraps

Execution log saved to: /home/morelbt/github/BenoitDatasets/families/alesim_s20_f50_sites400_d1.0_l0.5_t0.5_seed42/pargenes/mlsearch_run/bootstraps/19_pruned_fasta/19_pruned_fasta_bs0.raxml.log

Analysis started: 22-Jan-2019 14:46:37 / finished: 22-Jan-2019 14:46:44

Elapsed time: 6.866 seconds

