
RAxML-NG v. 0.6.0git BETA released on 27.07.2018 by The Exelixis Lab.
Authors: Alexey Kozlov, Alexandros Stamatakis, Diego Darriba, Tomas Flouri, Benoit Morel.
Latest version: https://github.com/amkozlov/raxml-ng
Questions/problems/suggestions? Please visit: https://groups.google.com/forum/#!forum/raxml

WARNING: This is a BETA release, please use at your own risk!

RAxML-NG was called as follows:

mpi-scheduler --bootstrap --msa ../BenoitDatasets/families/alesim_s20_f50_sites400_d1.0_l0.5_seed42/pargenes/parse_run/results/30_prunedfasta/30_prunedfasta.raxml.rba --blopt nr_safe --model GTR --prefix ../BenoitDatasets/families/alesim_s20_f50_sites400_d1.0_l0.5_seed42/pargenes/mlsearch_run/bootstraps/30_prunedfasta/30_prunedfasta_bs1 --threads 1 --seed 2 --bs-trees 10

Analysis options:
  run mode: Bootstrapping
  start tree(s): 
  bootstrap replicates: 10
  random seed: 2
  tip-inner: ON
  pattern compression: ON
  per-rate scalers: OFF
  site repeats: OFF
  branch lengths: linked (ML estimate, algorithm: NR-SAFE)
  SIMD kernels: AVX2
  parallelization: NONE/sequential

WARNING: The model you specified on the command line (GTR) will be ignored 
         since the binary MSA file already contains a model definition.
         If you want to change the model, please re-run RAxML-NG 
         with the original PHYLIP/FASTA alignment and --redo option.

[00:00:00] Loading binary alignment from file: ../BenoitDatasets/families/alesim_s20_f50_sites400_d1.0_l0.5_seed42/pargenes/parse_run/results/30_prunedfasta/30_prunedfasta.raxml.rba
[00:00:00] Alignment comprises 6 taxa, 1 partitions and 129 patterns

Partition 0: noname
Model: GTR+FO
Alignment sites / patterns: 400 / 129
Gaps: 0.00 %
Invariant sites: 1.00 %


[00:00:00] Data distribution: max. partitions/sites/weight per thread: 1 / 129 / 516
[00:00:00] Starting bootstrapping analysis with 10 replicates.

[00:00:00] Bootstrap tree #1, logLikelihood: -1763.762188
[00:00:00] Bootstrap tree #2, logLikelihood: -1728.118881
[00:00:00] Bootstrap tree #3, logLikelihood: -1736.507553
[00:00:00] Bootstrap tree #4, logLikelihood: -1693.818689
[00:00:00] Bootstrap tree #5, logLikelihood: -1641.238391
[00:00:00] Bootstrap tree #6, logLikelihood: -1767.448465
[00:00:00] Bootstrap tree #7, logLikelihood: -1754.024908
[00:00:00] Bootstrap tree #8, logLikelihood: -1727.808681
[00:00:00] Bootstrap tree #9, logLikelihood: -1716.233802
[00:00:00] Bootstrap tree #10, logLikelihood: -1740.778566

Optimized model parameters:

   Partition 0: noname
   Rate heterogeneity: NONE
   Base frequencies (ML): 0.230454 0.254750 0.258490 0.256306 
   Substitution rates (ML): 1.397801 0.874559 0.853512 0.652279 1.175103 1.000000 
Bootstrap trees saved to: /home/morelbt/github/BenoitDatasets/families/alesim_s20_f50_sites400_d1.0_l0.5_seed42/pargenes/mlsearch_run/bootstraps/30_prunedfasta/30_prunedfasta_bs1.raxml.bootstraps

Execution log saved to: /home/morelbt/github/BenoitDatasets/families/alesim_s20_f50_sites400_d1.0_l0.5_seed42/pargenes/mlsearch_run/bootstraps/30_prunedfasta/30_prunedfasta_bs1.raxml.log

Analysis started: 11-Dec-2018 15:35:16 / finished: 11-Dec-2018 15:35:16

Elapsed time: 0.269 seconds

