
RAxML-NG v. 0.6.0git BETA released on 27.07.2018 by The Exelixis Lab.
Authors: Alexey Kozlov, Alexandros Stamatakis, Diego Darriba, Tomas Flouri, Benoit Morel.
Latest version: https://github.com/amkozlov/raxml-ng
Questions/problems/suggestions? Please visit: https://groups.google.com/forum/#!forum/raxml

WARNING: This is a BETA release, please use at your own risk!

RAxML-NG was called as follows:

mpi-scheduler --bootstrap --msa ../BenoitDatasets/families/jsim_s8_f100_sites300_d2.0_l1.0/pargenes/parse_run/results/82_fasta/82_fasta.raxml.rba --blopt nr_safe --model GTR --prefix ../BenoitDatasets/families/jsim_s8_f100_sites300_d2.0_l1.0/pargenes/mlsearch_run/bootstraps/82_fasta/82_fasta_bs7 --threads 1 --seed 8 --bs-trees 10

Analysis options:
  run mode: Bootstrapping
  start tree(s): 
  bootstrap replicates: 10
  random seed: 8
  tip-inner: ON
  pattern compression: ON
  per-rate scalers: OFF
  site repeats: OFF
  branch lengths: linked (ML estimate, algorithm: NR-SAFE)
  SIMD kernels: AVX2
  parallelization: NONE/sequential

WARNING: The model you specified on the command line (GTR) will be ignored 
         since the binary MSA file already contains a model definition.
         If you want to change the model, please re-run RAxML-NG 
         with the original PHYLIP/FASTA alignment and --redo option.

[00:00:00] Loading binary alignment from file: ../BenoitDatasets/families/jsim_s8_f100_sites300_d2.0_l1.0/pargenes/parse_run/results/82_fasta/82_fasta.raxml.rba
[00:00:00] Alignment comprises 47 taxa, 1 partitions and 300 patterns

Partition 0: noname
Model: GTR+FO
Alignment sites / patterns: 300 / 300
Gaps: 0.00 %
Invariant sites: 0.00 %


[00:00:00] Data distribution: max. partitions/sites/weight per thread: 1 / 300 / 1200
[00:00:00] Starting bootstrapping analysis with 10 replicates.

[00:00:06] Bootstrap tree #1, logLikelihood: -14364.165282
[00:00:09] Bootstrap tree #2, logLikelihood: -14175.706054
[00:00:12] Bootstrap tree #3, logLikelihood: -14342.685446
[00:00:16] Bootstrap tree #4, logLikelihood: -14130.697248
[00:00:20] Bootstrap tree #5, logLikelihood: -14410.268225
[00:00:24] Bootstrap tree #6, logLikelihood: -14291.891524
[00:00:28] Bootstrap tree #7, logLikelihood: -14377.383178
[00:00:32] Bootstrap tree #8, logLikelihood: -14246.263343
[00:00:37] Bootstrap tree #9, logLikelihood: -14189.605148
[00:00:40] Bootstrap tree #10, logLikelihood: -14184.472057

Optimized model parameters:

   Partition 0: noname
   Rate heterogeneity: NONE
   Base frequencies (ML): 0.250479 0.242040 0.251960 0.255521 
   Substitution rates (ML): 1.154223 0.958186 1.013310 1.082808 1.060310 1.000000 
Bootstrap trees saved to: /home/morelbt/github/BenoitDatasets/families/jsim_s8_f100_sites300_d2.0_l1.0/pargenes/mlsearch_run/bootstraps/82_fasta/82_fasta_bs7.raxml.bootstraps

Execution log saved to: /home/morelbt/github/BenoitDatasets/families/jsim_s8_f100_sites300_d2.0_l1.0/pargenes/mlsearch_run/bootstraps/82_fasta/82_fasta_bs7.raxml.log

Analysis started: 05-Dec-2018 13:30:33 / finished: 05-Dec-2018 13:31:14

Elapsed time: 40.852 seconds

