
RAxML-NG v. 0.6.0git BETA released on 27.07.2018 by The Exelixis Lab.
Authors: Alexey Kozlov, Alexandros Stamatakis, Diego Darriba, Tomas Flouri, Benoit Morel.
Latest version: https://github.com/amkozlov/raxml-ng
Questions/problems/suggestions? Please visit: https://groups.google.com/forum/#!forum/raxml

WARNING: This is a BETA release, please use at your own risk!

RAxML-NG was called as follows:

mpi-scheduler --bootstrap --msa ../BenoitDatasets/families/jsim_s27_f100_sites200_d2.0_l1.0_seed6/pargenes/parse_run/results/70_fasta/70_fasta.raxml.rba --blopt nr_safe --model GTR --prefix ../BenoitDatasets/families/jsim_s27_f100_sites200_d2.0_l1.0_seed6/pargenes/mlsearch_run/bootstraps/70_fasta/70_fasta_bs2 --threads 1 --seed 3 --bs-trees 10

Analysis options:
  run mode: Bootstrapping
  start tree(s): 
  bootstrap replicates: 10
  random seed: 3
  tip-inner: ON
  pattern compression: ON
  per-rate scalers: OFF
  site repeats: OFF
  branch lengths: linked (ML estimate, algorithm: NR-SAFE)
  SIMD kernels: AVX2
  parallelization: NONE/sequential

WARNING: The model you specified on the command line (GTR) will be ignored 
         since the binary MSA file already contains a model definition.
         If you want to change the model, please re-run RAxML-NG 
         with the original PHYLIP/FASTA alignment and --redo option.

[00:00:00] Loading binary alignment from file: ../BenoitDatasets/families/jsim_s27_f100_sites200_d2.0_l1.0_seed6/pargenes/parse_run/results/70_fasta/70_fasta.raxml.rba
[00:00:00] Alignment comprises 9 taxa, 1 partitions and 144 patterns

Partition 0: noname
Model: GTR+FO
Alignment sites / patterns: 200 / 144
Gaps: 0.00 %
Invariant sites: 2.00 %


[00:00:00] Data distribution: max. partitions/sites/weight per thread: 1 / 144 / 576
[00:00:00] Starting bootstrapping analysis with 10 replicates.

[00:00:00] Bootstrap tree #1, logLikelihood: -1339.825345
[00:00:00] Bootstrap tree #2, logLikelihood: -1318.673765
[00:00:00] Bootstrap tree #3, logLikelihood: -1325.640685
[00:00:00] Bootstrap tree #4, logLikelihood: -1398.934249
[00:00:00] Bootstrap tree #5, logLikelihood: -1439.077883
[00:00:00] Bootstrap tree #6, logLikelihood: -1372.530274
[00:00:00] Bootstrap tree #7, logLikelihood: -1337.096696
[00:00:00] Bootstrap tree #8, logLikelihood: -1378.126451
[00:00:00] Bootstrap tree #9, logLikelihood: -1362.026847
[00:00:00] Bootstrap tree #10, logLikelihood: -1353.314243

Optimized model parameters:

   Partition 0: noname
   Rate heterogeneity: NONE
   Base frequencies (ML): 0.250819 0.270474 0.255325 0.223382 
   Substitution rates (ML): 0.931109 1.400714 0.741089 0.287001 1.164962 1.000000 
Bootstrap trees saved to: /home/morelbt/github/BenoitDatasets/families/jsim_s27_f100_sites200_d2.0_l1.0_seed6/pargenes/mlsearch_run/bootstraps/70_fasta/70_fasta_bs2.raxml.bootstraps

Execution log saved to: /home/morelbt/github/BenoitDatasets/families/jsim_s27_f100_sites200_d2.0_l1.0_seed6/pargenes/mlsearch_run/bootstraps/70_fasta/70_fasta_bs2.raxml.log

Analysis started: 07-Dec-2018 15:27:54 / finished: 07-Dec-2018 15:27:55

Elapsed time: 0.741 seconds

