
RAxML-NG v. 0.6.0git BETA released on 27.07.2018 by The Exelixis Lab.
Authors: Alexey Kozlov, Alexandros Stamatakis, Diego Darriba, Tomas Flouri, Benoit Morel.
Latest version: https://github.com/amkozlov/raxml-ng
Questions/problems/suggestions? Please visit: https://groups.google.com/forum/#!forum/raxml

WARNING: This is a BETA release, please use at your own risk!

RAxML-NG was called as follows:

mpi-scheduler --bootstrap --msa ../BenoitDatasets/families/jsim_s27_f100_sites1000_d2.0_l1.0_seed6/pargenes/parse_run/results/44_fasta/44_fasta.raxml.rba --blopt nr_safe --model GTR --prefix ../BenoitDatasets/families/jsim_s27_f100_sites1000_d2.0_l1.0_seed6/pargenes/mlsearch_run/bootstraps/44_fasta/44_fasta_bs8 --threads 1 --seed 9 --bs-trees 10

Analysis options:
  run mode: Bootstrapping
  start tree(s): 
  bootstrap replicates: 10
  random seed: 9
  tip-inner: ON
  pattern compression: ON
  per-rate scalers: OFF
  site repeats: OFF
  branch lengths: linked (ML estimate, algorithm: NR-SAFE)
  SIMD kernels: AVX2
  parallelization: NONE/sequential

WARNING: The model you specified on the command line (GTR) will be ignored 
         since the binary MSA file already contains a model definition.
         If you want to change the model, please re-run RAxML-NG 
         with the original PHYLIP/FASTA alignment and --redo option.

[00:00:00] Loading binary alignment from file: ../BenoitDatasets/families/jsim_s27_f100_sites1000_d2.0_l1.0_seed6/pargenes/parse_run/results/44_fasta/44_fasta.raxml.rba
[00:00:00] Alignment comprises 35 taxa, 1 partitions and 1000 patterns

Partition 0: noname
Model: GTR+FO
Alignment sites / patterns: 1000 / 1000
Gaps: 0.00 %
Invariant sites: 0.00 %


[00:00:00] Data distribution: max. partitions/sites/weight per thread: 1 / 1000 / 4000
[00:00:00] Starting bootstrapping analysis with 10 replicates.

[00:00:06] Bootstrap tree #1, logLikelihood: -36008.545470
[00:00:12] Bootstrap tree #2, logLikelihood: -36251.048859
[00:00:20] Bootstrap tree #3, logLikelihood: -36361.613759
[00:00:26] Bootstrap tree #4, logLikelihood: -36122.354216
[00:00:32] Bootstrap tree #5, logLikelihood: -36260.066334
[00:00:38] Bootstrap tree #6, logLikelihood: -36307.532292
[00:00:43] Bootstrap tree #7, logLikelihood: -36182.247223
[00:00:50] Bootstrap tree #8, logLikelihood: -35895.190281
[00:00:56] Bootstrap tree #9, logLikelihood: -36204.669884
[00:01:01] Bootstrap tree #10, logLikelihood: -35990.368784

Optimized model parameters:

   Partition 0: noname
   Rate heterogeneity: NONE
   Base frequencies (ML): 0.241067 0.253768 0.248269 0.256896 
   Substitution rates (ML): 0.965916 0.911371 0.915356 0.827839 0.950421 1.000000 
Bootstrap trees saved to: /home/morelbt/github/BenoitDatasets/families/jsim_s27_f100_sites1000_d2.0_l1.0_seed6/pargenes/mlsearch_run/bootstraps/44_fasta/44_fasta_bs8.raxml.bootstraps

Execution log saved to: /home/morelbt/github/BenoitDatasets/families/jsim_s27_f100_sites1000_d2.0_l1.0_seed6/pargenes/mlsearch_run/bootstraps/44_fasta/44_fasta_bs8.raxml.log

Analysis started: 07-Dec-2018 15:50:01 / finished: 07-Dec-2018 15:51:02

Elapsed time: 61.616 seconds

