
RAxML-NG v. 0.6.0git BETA released on 27.07.2018 by The Exelixis Lab.
Authors: Alexey Kozlov, Alexandros Stamatakis, Diego Darriba, Tomas Flouri, Benoit Morel.
Latest version: https://github.com/amkozlov/raxml-ng
Questions/problems/suggestions? Please visit: https://groups.google.com/forum/#!forum/raxml

WARNING: This is a BETA release, please use at your own risk!

RAxML-NG was called as follows:

mpi-scheduler --bootstrap --msa ../BenoitDatasets/families/alesim_s20_f50_sites400_d1.0_l0.5_t0.5_seed42/pargenes/parse_run/results/45_pruned_fasta/45_pruned_fasta.raxml.rba --blopt nr_safe --model GTR --prefix ../BenoitDatasets/families/alesim_s20_f50_sites400_d1.0_l0.5_t0.5_seed42/pargenes/mlsearch_run/bootstraps/45_pruned_fasta/45_pruned_fasta_bs4 --threads 1 --seed 5 --bs-trees 10

Analysis options:
  run mode: Bootstrapping
  start tree(s): 
  bootstrap replicates: 10
  random seed: 5
  tip-inner: ON
  pattern compression: ON
  per-rate scalers: OFF
  site repeats: OFF
  branch lengths: linked (ML estimate, algorithm: NR-SAFE)
  SIMD kernels: AVX2
  parallelization: NONE/sequential

WARNING: The model you specified on the command line (GTR) will be ignored 
         since the binary MSA file already contains a model definition.
         If you want to change the model, please re-run RAxML-NG 
         with the original PHYLIP/FASTA alignment and --redo option.

[00:00:00] Loading binary alignment from file: ../BenoitDatasets/families/alesim_s20_f50_sites400_d1.0_l0.5_t0.5_seed42/pargenes/parse_run/results/45_pruned_fasta/45_pruned_fasta.raxml.rba
[00:00:00] Alignment comprises 9 taxa, 1 partitions and 132 patterns

Partition 0: noname
Model: GTR+FO
Alignment sites / patterns: 400 / 132
Gaps: 0.00 %
Invariant sites: 1.00 %


[00:00:00] Data distribution: max. partitions/sites/weight per thread: 1 / 132 / 528
[00:00:00] Starting bootstrapping analysis with 10 replicates.

[00:00:00] Bootstrap tree #1, logLikelihood: -1618.675487
[00:00:00] Bootstrap tree #2, logLikelihood: -1723.081494
[00:00:00] Bootstrap tree #3, logLikelihood: -1821.556533
[00:00:00] Bootstrap tree #4, logLikelihood: -1702.491992
[00:00:00] Bootstrap tree #5, logLikelihood: -1695.965208
[00:00:00] Bootstrap tree #6, logLikelihood: -1711.541168
[00:00:00] Bootstrap tree #7, logLikelihood: -1659.199188
[00:00:00] Bootstrap tree #8, logLikelihood: -1735.792195
[00:00:00] Bootstrap tree #9, logLikelihood: -1707.246272
[00:00:00] Bootstrap tree #10, logLikelihood: -1726.773040

Optimized model parameters:

   Partition 0: noname
   Rate heterogeneity: NONE
   Base frequencies (ML): 0.234184 0.276185 0.258694 0.230937 
   Substitution rates (ML): 0.823761 0.981827 1.312716 0.922269 0.930475 1.000000 
Bootstrap trees saved to: /home/morelbt/github/BenoitDatasets/families/alesim_s20_f50_sites400_d1.0_l0.5_t0.5_seed42/pargenes/mlsearch_run/bootstraps/45_pruned_fasta/45_pruned_fasta_bs4.raxml.bootstraps

Execution log saved to: /home/morelbt/github/BenoitDatasets/families/alesim_s20_f50_sites400_d1.0_l0.5_t0.5_seed42/pargenes/mlsearch_run/bootstraps/45_pruned_fasta/45_pruned_fasta_bs4.raxml.log

Analysis started: 22-Jan-2019 14:47:20 / finished: 22-Jan-2019 14:47:21

Elapsed time: 0.613 seconds

