
RAxML-NG v. 0.6.0git BETA released on 27.07.2018 by The Exelixis Lab.
Authors: Alexey Kozlov, Alexandros Stamatakis, Diego Darriba, Tomas Flouri, Benoit Morel.
Latest version: https://github.com/amkozlov/raxml-ng
Questions/problems/suggestions? Please visit: https://groups.google.com/forum/#!forum/raxml

WARNING: This is a BETA release, please use at your own risk!

RAxML-NG was called as follows:

mpi-scheduler --support --tree ../BenoitDatasets/families/alesim_s20_f50_sites400_d1.0_l0.5_seed42/pargenes/mlsearch_run/results/53_prunedfasta/53_prunedfasta.raxml.bestTree --bs-trees ../BenoitDatasets/families/alesim_s20_f50_sites400_d1.0_l0.5_seed42/pargenes/concatenated_bootstraps/53_prunedfasta.bs --threads 1 --prefix ../BenoitDatasets/families/alesim_s20_f50_sites400_d1.0_l0.5_seed42/pargenes/supports_run/results/53_prunedfasta.support

Analysis options:
  run mode: Compute bipartition support
  start tree(s): user
  random seed: 1544539333
  tip-inner: ON
  pattern compression: ON
  per-rate scalers: OFF
  site repeats: OFF
  branch lengths: linked (ML estimate, algorithm: NR-FAST)
  SIMD kernels: AVX2
  parallelization: NONE/sequential

Reading reference tree from file: ../BenoitDatasets/families/alesim_s20_f50_sites400_d1.0_l0.5_seed42/pargenes/mlsearch_run/results/53_prunedfasta/53_prunedfasta.raxml.bestTree
Reference tree size: 18

Reading bootstrap trees from file: ../BenoitDatasets/families/alesim_s20_f50_sites400_d1.0_l0.5_seed42/pargenes/concatenated_bootstraps/53_prunedfasta.bs
Bootstrap trees found: 100

Best ML tree with bootstrap support values saved to: /home/morelbt/github/BenoitDatasets/families/alesim_s20_f50_sites400_d1.0_l0.5_seed42/pargenes/supports_run/results/53_prunedfasta.support.raxml.support

Execution log saved to: /home/morelbt/github/BenoitDatasets/families/alesim_s20_f50_sites400_d1.0_l0.5_seed42/pargenes/supports_run/results/53_prunedfasta.support.raxml.log

Analysis started: 11-Dec-2018 15:42:13 / finished: 11-Dec-2018 15:42:13

Elapsed time: 0.005 seconds

