
RAxML-NG v. 0.6.0git BETA released on 27.07.2018 by The Exelixis Lab.
Authors: Alexey Kozlov, Alexandros Stamatakis, Diego Darriba, Tomas Flouri, Benoit Morel.
Latest version: https://github.com/amkozlov/raxml-ng
Questions/problems/suggestions? Please visit: https://groups.google.com/forum/#!forum/raxml

WARNING: This is a BETA release, please use at your own risk!

RAxML-NG was called as follows:

mpi-scheduler --msa ../BenoitDatasets/families/alesim_s20_f50_sites400_d1.0_l0.5_seed42/pargenes/parse_run/results/18_prunedfasta/18_prunedfasta.raxml.rba --blopt nr_safe --model GTR --prefix ../BenoitDatasets/families/alesim_s20_f50_sites400_d1.0_l0.5_seed42/pargenes/mlsearch_run/results/18_prunedfasta/18_prunedfasta --threads 1 --seed 1

Analysis options:
  run mode: ML tree search
  start tree(s): random (1)
  random seed: 1
  tip-inner: ON
  pattern compression: ON
  per-rate scalers: OFF
  site repeats: OFF
  fast spr radius: AUTO
  spr subtree cutoff: 1.000000
  branch lengths: linked (ML estimate, algorithm: NR-SAFE)
  SIMD kernels: AVX2
  parallelization: NONE/sequential

WARNING: The model you specified on the command line (GTR) will be ignored 
         since the binary MSA file already contains a model definition.
         If you want to change the model, please re-run RAxML-NG 
         with the original PHYLIP/FASTA alignment and --redo option.

[00:00:00] Loading binary alignment from file: ../BenoitDatasets/families/alesim_s20_f50_sites400_d1.0_l0.5_seed42/pargenes/parse_run/results/18_prunedfasta/18_prunedfasta.raxml.rba
[00:00:00] Alignment comprises 93 taxa, 1 partitions and 400 patterns

Partition 0: noname
Model: GTR+FO
Alignment sites / patterns: 400 / 400
Gaps: 0.00 %
Invariant sites: 0.00 %


[00:00:00] Generating 1 random starting tree(s) with 93 taxa
[00:00:00] Data distribution: max. partitions/sites/weight per thread: 1 / 400 / 1600

Starting ML tree search with 1 distinct starting trees

[00:00:00 -58214.248458] Initial branch length optimization
[00:00:00 -42735.264196] Model parameter optimization (eps = 10.000000)
[00:00:00 -42729.926278] AUTODETECT spr round 1 (radius: 5)
[00:00:00 -29824.913819] AUTODETECT spr round 2 (radius: 10)
[00:00:00 -23713.374049] AUTODETECT spr round 3 (radius: 15)
[00:00:01 -21373.095133] AUTODETECT spr round 4 (radius: 20)
[00:00:01 -21372.616355] AUTODETECT spr round 5 (radius: 25)
[00:00:01 -21372.549183] SPR radius for FAST iterations: 20 (autodetect)
[00:00:01 -21372.549183] Model parameter optimization (eps = 3.000000)
[00:00:01 -21365.991340] FAST spr round 1 (radius: 20)
[00:00:02 -17431.822598] FAST spr round 2 (radius: 20)
[00:00:03 -17423.728092] FAST spr round 3 (radius: 20)
[00:00:03 -17422.159850] FAST spr round 4 (radius: 20)
[00:00:04 -17420.642877] FAST spr round 5 (radius: 20)
[00:00:04 -17416.467072] FAST spr round 6 (radius: 20)
[00:00:05 -17416.466827] Model parameter optimization (eps = 1.000000)
[00:00:05 -17415.847522] SLOW spr round 1 (radius: 5)
[00:00:06 -17415.308218] SLOW spr round 2 (radius: 5)
[00:00:08 -17415.304690] SLOW spr round 3 (radius: 10)
[00:00:10 -17415.303264] SLOW spr round 4 (radius: 15)
[00:00:11 -17415.302601] SLOW spr round 5 (radius: 20)
[00:00:13 -17415.302271] SLOW spr round 6 (radius: 25)
[00:00:14 -17415.302098] Model parameter optimization (eps = 0.100000)

[00:00:14] ML tree search #1, logLikelihood: -17415.274536


Optimized model parameters:

   Partition 0: noname
   Rate heterogeneity: NONE
   Base frequencies (ML): 0.247832 0.248150 0.254928 0.249091 
   Substitution rates (ML): 1.030268 0.890062 0.892896 0.896462 0.989906 1.000000 

Final LogLikelihood: -17415.274536

Best ML tree saved to: /home/morelbt/github/BenoitDatasets/families/alesim_s20_f50_sites400_d1.0_l0.5_seed42/pargenes/mlsearch_run/results/18_prunedfasta/18_prunedfasta.raxml.bestTree
Optimized model saved to: /home/morelbt/github/BenoitDatasets/families/alesim_s20_f50_sites400_d1.0_l0.5_seed42/pargenes/mlsearch_run/results/18_prunedfasta/18_prunedfasta.raxml.bestModel

Execution log saved to: /home/morelbt/github/BenoitDatasets/families/alesim_s20_f50_sites400_d1.0_l0.5_seed42/pargenes/mlsearch_run/results/18_prunedfasta/18_prunedfasta.raxml.log

Analysis started: 11-Dec-2018 15:35:09 / finished: 11-Dec-2018 15:35:23

Elapsed time: 14.197 seconds

