
RAxML-NG v. 0.6.0git BETA released on 27.07.2018 by The Exelixis Lab.
Authors: Alexey Kozlov, Alexandros Stamatakis, Diego Darriba, Tomas Flouri, Benoit Morel.
Latest version: https://github.com/amkozlov/raxml-ng
Questions/problems/suggestions? Please visit: https://groups.google.com/forum/#!forum/raxml

WARNING: This is a BETA release, please use at your own risk!

RAxML-NG was called as follows:

mpi-scheduler --bootstrap --msa ../BenoitDatasets/families/jsim_s27_f100_sites200_d6.0_l3.0_seed6/pargenes/parse_run/results/18_fasta/18_fasta.raxml.rba --blopt nr_safe --model GTR --prefix ../BenoitDatasets/families/jsim_s27_f100_sites200_d6.0_l3.0_seed6/pargenes/mlsearch_run/bootstraps/18_fasta/18_fasta_bs8 --threads 1 --seed 9 --bs-trees 10

Analysis options:
  run mode: Bootstrapping
  start tree(s): 
  bootstrap replicates: 10
  random seed: 9
  tip-inner: ON
  pattern compression: ON
  per-rate scalers: OFF
  site repeats: OFF
  branch lengths: linked (ML estimate, algorithm: NR-SAFE)
  SIMD kernels: AVX2
  parallelization: NONE/sequential

WARNING: The model you specified on the command line (GTR) will be ignored 
         since the binary MSA file already contains a model definition.
         If you want to change the model, please re-run RAxML-NG 
         with the original PHYLIP/FASTA alignment and --redo option.

[00:00:00] Loading binary alignment from file: ../BenoitDatasets/families/jsim_s27_f100_sites200_d6.0_l3.0_seed6/pargenes/parse_run/results/18_fasta/18_fasta.raxml.rba
[00:00:00] Alignment comprises 27 taxa, 1 partitions and 200 patterns

Partition 0: noname
Model: GTR+FO
Alignment sites / patterns: 200 / 200
Gaps: 0.00 %
Invariant sites: 0.50 %


[00:00:00] Data distribution: max. partitions/sites/weight per thread: 1 / 200 / 800
[00:00:00] Starting bootstrapping analysis with 10 replicates.

[00:00:00] Bootstrap tree #1, logLikelihood: -3202.666699
[00:00:01] Bootstrap tree #2, logLikelihood: -3328.955483
[00:00:02] Bootstrap tree #3, logLikelihood: -3399.747160
[00:00:02] Bootstrap tree #4, logLikelihood: -3320.305792
[00:00:03] Bootstrap tree #5, logLikelihood: -3356.022917
[00:00:03] Bootstrap tree #6, logLikelihood: -3295.331621
[00:00:04] Bootstrap tree #7, logLikelihood: -3261.243541
[00:00:05] Bootstrap tree #8, logLikelihood: -3332.367793
[00:00:05] Bootstrap tree #9, logLikelihood: -3411.913058
[00:00:06] Bootstrap tree #10, logLikelihood: -3310.481950

Optimized model parameters:

   Partition 0: noname
   Rate heterogeneity: NONE
   Base frequencies (ML): 0.236318 0.229646 0.281461 0.252575 
   Substitution rates (ML): 1.303086 1.191439 0.939785 0.854613 0.970316 1.000000 
Bootstrap trees saved to: /home/morelbt/github/BenoitDatasets/families/jsim_s27_f100_sites200_d6.0_l3.0_seed6/pargenes/mlsearch_run/bootstraps/18_fasta/18_fasta_bs8.raxml.bootstraps

Execution log saved to: /home/morelbt/github/BenoitDatasets/families/jsim_s27_f100_sites200_d6.0_l3.0_seed6/pargenes/mlsearch_run/bootstraps/18_fasta/18_fasta_bs8.raxml.log

Analysis started: 07-Dec-2018 15:32:46 / finished: 07-Dec-2018 15:32:52

Elapsed time: 6.317 seconds

