
RAxML-NG v. 0.6.0git BETA released on 27.07.2018 by The Exelixis Lab.
Authors: Alexey Kozlov, Alexandros Stamatakis, Diego Darriba, Tomas Flouri, Benoit Morel.
Latest version: https://github.com/amkozlov/raxml-ng
Questions/problems/suggestions? Please visit: https://groups.google.com/forum/#!forum/raxml

WARNING: This is a BETA release, please use at your own risk!

RAxML-NG was called as follows:

mpi-scheduler --msa ../BenoitDatasets/families/jsim_s27_f100_sites1000_d2.0_l1.0_seed6/pargenes/parse_run/results/43_fasta/43_fasta.raxml.rba --blopt nr_safe --model GTR --prefix ../BenoitDatasets/families/jsim_s27_f100_sites1000_d2.0_l1.0_seed6/pargenes/mlsearch_run/results/43_fasta/43_fasta --threads 1 --seed 1

Analysis options:
  run mode: ML tree search
  start tree(s): random (1)
  random seed: 1
  tip-inner: ON
  pattern compression: ON
  per-rate scalers: OFF
  site repeats: OFF
  fast spr radius: AUTO
  spr subtree cutoff: 1.000000
  branch lengths: linked (ML estimate, algorithm: NR-SAFE)
  SIMD kernels: AVX2
  parallelization: NONE/sequential

WARNING: The model you specified on the command line (GTR) will be ignored 
         since the binary MSA file already contains a model definition.
         If you want to change the model, please re-run RAxML-NG 
         with the original PHYLIP/FASTA alignment and --redo option.

[00:00:00] Loading binary alignment from file: ../BenoitDatasets/families/jsim_s27_f100_sites1000_d2.0_l1.0_seed6/pargenes/parse_run/results/43_fasta/43_fasta.raxml.rba
[00:00:00] Alignment comprises 14 taxa, 1 partitions and 996 patterns

Partition 0: noname
Model: GTR+FO
Alignment sites / patterns: 1000 / 996
Gaps: 0.00 %
Invariant sites: 0.30 %


[00:00:00] Generating 1 random starting tree(s) with 14 taxa
[00:00:00] Data distribution: max. partitions/sites/weight per thread: 1 / 996 / 3984

Starting ML tree search with 1 distinct starting trees

[00:00:00 -22486.070493] Initial branch length optimization
[00:00:00 -17230.787221] Model parameter optimization (eps = 10.000000)
[00:00:00 -17222.429634] AUTODETECT spr round 1 (radius: 5)
[00:00:00 -14913.661578] AUTODETECT spr round 2 (radius: 10)
[00:00:00 -14911.372894] SPR radius for FAST iterations: 10 (autodetect)
[00:00:00 -14911.372894] Model parameter optimization (eps = 3.000000)
[00:00:00 -14907.621211] FAST spr round 1 (radius: 10)
[00:00:00 -14868.267984] FAST spr round 2 (radius: 10)
[00:00:00 -14859.837003] FAST spr round 3 (radius: 10)
[00:00:01 -14857.325626] FAST spr round 4 (radius: 10)
[00:00:01 -14857.297155] Model parameter optimization (eps = 1.000000)
[00:00:01 -14856.811582] SLOW spr round 1 (radius: 5)
[00:00:02 -14856.795947] SLOW spr round 2 (radius: 10)
[00:00:02 -14856.786350] Model parameter optimization (eps = 0.100000)

[00:00:02] ML tree search #1, logLikelihood: -14856.781528


Optimized model parameters:

   Partition 0: noname
   Rate heterogeneity: NONE
   Base frequencies (ML): 0.243980 0.257482 0.245579 0.252958 
   Substitution rates (ML): 1.198312 1.154224 1.040145 1.074966 1.037817 1.000000 

Final LogLikelihood: -14856.781528

Best ML tree saved to: /home/morelbt/github/BenoitDatasets/families/jsim_s27_f100_sites1000_d2.0_l1.0_seed6/pargenes/mlsearch_run/results/43_fasta/43_fasta.raxml.bestTree
Optimized model saved to: /home/morelbt/github/BenoitDatasets/families/jsim_s27_f100_sites1000_d2.0_l1.0_seed6/pargenes/mlsearch_run/results/43_fasta/43_fasta.raxml.bestModel

Execution log saved to: /home/morelbt/github/BenoitDatasets/families/jsim_s27_f100_sites1000_d2.0_l1.0_seed6/pargenes/mlsearch_run/results/43_fasta/43_fasta.raxml.log

Analysis started: 07-Dec-2018 15:56:05 / finished: 07-Dec-2018 15:56:08

Elapsed time: 2.526 seconds

