
RAxML-NG v. 0.6.0git BETA released on 27.07.2018 by The Exelixis Lab.
Authors: Alexey Kozlov, Alexandros Stamatakis, Diego Darriba, Tomas Flouri, Benoit Morel.
Latest version: https://github.com/amkozlov/raxml-ng
Questions/problems/suggestions? Please visit: https://groups.google.com/forum/#!forum/raxml

WARNING: This is a BETA release, please use at your own risk!

RAxML-NG was called as follows:

mpi-scheduler --bootstrap --msa ../BenoitDatasets/families/alesim_s20_f50_sites200_d0.6_l0.3_seed42/pargenes/parse_run/results/13_prunedfasta/13_prunedfasta.raxml.rba --blopt nr_safe --model GTR --prefix ../BenoitDatasets/families/alesim_s20_f50_sites200_d0.6_l0.3_seed42/pargenes/mlsearch_run/bootstraps/13_prunedfasta/13_prunedfasta_bs6 --threads 1 --seed 7 --bs-trees 10

Analysis options:
  run mode: Bootstrapping
  start tree(s): 
  bootstrap replicates: 10
  random seed: 7
  tip-inner: ON
  pattern compression: ON
  per-rate scalers: OFF
  site repeats: OFF
  branch lengths: linked (ML estimate, algorithm: NR-SAFE)
  SIMD kernels: AVX2
  parallelization: NONE/sequential

WARNING: The model you specified on the command line (GTR) will be ignored 
         since the binary MSA file already contains a model definition.
         If you want to change the model, please re-run RAxML-NG 
         with the original PHYLIP/FASTA alignment and --redo option.

[00:00:00] Loading binary alignment from file: ../BenoitDatasets/families/alesim_s20_f50_sites200_d0.6_l0.3_seed42/pargenes/parse_run/results/13_prunedfasta/13_prunedfasta.raxml.rba
[00:00:00] Alignment comprises 4 taxa, 1 partitions and 19 patterns

Partition 0: noname
Model: GTR+FO
Alignment sites / patterns: 200 / 19
Gaps: 0.00 %
Invariant sites: 2.00 %


[00:00:00] Data distribution: max. partitions/sites/weight per thread: 1 / 19 / 76
[00:00:00] Starting bootstrapping analysis with 10 replicates.

[00:00:00] Bootstrap tree #1, logLikelihood: -382.012717
[00:00:00] Bootstrap tree #2, logLikelihood: -332.480835
[00:00:00] Bootstrap tree #3, logLikelihood: -363.194091
[00:00:00] Bootstrap tree #4, logLikelihood: -392.851380
[00:00:00] Bootstrap tree #5, logLikelihood: -427.228137
[00:00:00] Bootstrap tree #6, logLikelihood: -386.423939
[00:00:00] Bootstrap tree #7, logLikelihood: -398.038329
[00:00:00] Bootstrap tree #8, logLikelihood: -358.977103
[00:00:00] Bootstrap tree #9, logLikelihood: -387.883347
[00:00:00] Bootstrap tree #10, logLikelihood: -367.530327

Optimized model parameters:

   Partition 0: noname
   Rate heterogeneity: NONE
   Base frequencies (ML): 0.194978 0.312589 0.259896 0.232537 
   Substitution rates (ML): 0.743645 0.001000 2.368075 0.365580 0.398643 1.000000 
Bootstrap trees saved to: /home/morelbt/github/BenoitDatasets/families/alesim_s20_f50_sites200_d0.6_l0.3_seed42/pargenes/mlsearch_run/bootstraps/13_prunedfasta/13_prunedfasta_bs6.raxml.bootstraps

Execution log saved to: /home/morelbt/github/BenoitDatasets/families/alesim_s20_f50_sites200_d0.6_l0.3_seed42/pargenes/mlsearch_run/bootstraps/13_prunedfasta/13_prunedfasta_bs6.raxml.log

Analysis started: 11-Dec-2018 15:14:00 / finished: 11-Dec-2018 15:14:00

Elapsed time: 0.051 seconds

