
RAxML-NG v. 0.6.0git BETA released on 27.07.2018 by The Exelixis Lab.
Authors: Alexey Kozlov, Alexandros Stamatakis, Diego Darriba, Tomas Flouri, Benoit Morel.
Latest version: https://github.com/amkozlov/raxml-ng
Questions/problems/suggestions? Please visit: https://groups.google.com/forum/#!forum/raxml

WARNING: This is a BETA release, please use at your own risk!

RAxML-NG was called as follows:

mpi-scheduler --bootstrap --msa ../BenoitDatasets/families/jsim_s27_f100_sites1000_d2.0_l1.0_seed6/pargenes/parse_run/results/7_fasta/7_fasta.raxml.rba --blopt nr_safe --model GTR --prefix ../BenoitDatasets/families/jsim_s27_f100_sites1000_d2.0_l1.0_seed6/pargenes/mlsearch_run/bootstraps/7_fasta/7_fasta_bs2 --threads 1 --seed 3 --bs-trees 10

Analysis options:
  run mode: Bootstrapping
  start tree(s): 
  bootstrap replicates: 10
  random seed: 3
  tip-inner: ON
  pattern compression: ON
  per-rate scalers: OFF
  site repeats: OFF
  branch lengths: linked (ML estimate, algorithm: NR-SAFE)
  SIMD kernels: AVX2
  parallelization: NONE/sequential

WARNING: The model you specified on the command line (GTR) will be ignored 
         since the binary MSA file already contains a model definition.
         If you want to change the model, please re-run RAxML-NG 
         with the original PHYLIP/FASTA alignment and --redo option.

[00:00:00] Loading binary alignment from file: ../BenoitDatasets/families/jsim_s27_f100_sites1000_d2.0_l1.0_seed6/pargenes/parse_run/results/7_fasta/7_fasta.raxml.rba
[00:00:00] Alignment comprises 31 taxa, 1 partitions and 1000 patterns

Partition 0: noname
Model: GTR+FO
Alignment sites / patterns: 1000 / 1000
Gaps: 0.00 %
Invariant sites: 0.00 %


[00:00:00] Data distribution: max. partitions/sites/weight per thread: 1 / 1000 / 4000
[00:00:00] Starting bootstrapping analysis with 10 replicates.

[00:00:04] Bootstrap tree #1, logLikelihood: -29816.852509
[00:00:10] Bootstrap tree #2, logLikelihood: -29545.889757
[00:00:15] Bootstrap tree #3, logLikelihood: -29550.005799
[00:00:19] Bootstrap tree #4, logLikelihood: -29450.080982
[00:00:24] Bootstrap tree #5, logLikelihood: -29476.669921
[00:00:28] Bootstrap tree #6, logLikelihood: -29476.983987
[00:00:33] Bootstrap tree #7, logLikelihood: -29156.667610
[00:00:38] Bootstrap tree #8, logLikelihood: -29650.535180
[00:00:43] Bootstrap tree #9, logLikelihood: -29712.072352
[00:00:48] Bootstrap tree #10, logLikelihood: -29264.532480

Optimized model parameters:

   Partition 0: noname
   Rate heterogeneity: NONE
   Base frequencies (ML): 0.252360 0.250718 0.244160 0.252762 
   Substitution rates (ML): 1.118674 1.010993 0.958032 0.984122 0.895594 1.000000 
Bootstrap trees saved to: /home/morelbt/github/BenoitDatasets/families/jsim_s27_f100_sites1000_d2.0_l1.0_seed6/pargenes/mlsearch_run/bootstraps/7_fasta/7_fasta_bs2.raxml.bootstraps

Execution log saved to: /home/morelbt/github/BenoitDatasets/families/jsim_s27_f100_sites1000_d2.0_l1.0_seed6/pargenes/mlsearch_run/bootstraps/7_fasta/7_fasta_bs2.raxml.log

Analysis started: 07-Dec-2018 15:51:01 / finished: 07-Dec-2018 15:51:50

Elapsed time: 48.715 seconds

