
RAxML-NG v. 0.6.0git BETA released on 27.07.2018 by The Exelixis Lab.
Authors: Alexey Kozlov, Alexandros Stamatakis, Diego Darriba, Tomas Flouri, Benoit Morel.
Latest version: https://github.com/amkozlov/raxml-ng
Questions/problems/suggestions? Please visit: https://groups.google.com/forum/#!forum/raxml

WARNING: This is a BETA release, please use at your own risk!

RAxML-NG was called as follows:

mpi-scheduler --bootstrap --msa ../BenoitDatasets/families/alesim_s20_f50_sites200_d0.6_l0.3_seed42/pargenes/parse_run/results/9_prunedfasta/9_prunedfasta.raxml.rba --blopt nr_safe --model GTR --prefix ../BenoitDatasets/families/alesim_s20_f50_sites200_d0.6_l0.3_seed42/pargenes/mlsearch_run/bootstraps/9_prunedfasta/9_prunedfasta_bs6 --threads 1 --seed 7 --bs-trees 10

Analysis options:
  run mode: Bootstrapping
  start tree(s): 
  bootstrap replicates: 10
  random seed: 7
  tip-inner: ON
  pattern compression: ON
  per-rate scalers: OFF
  site repeats: OFF
  branch lengths: linked (ML estimate, algorithm: NR-SAFE)
  SIMD kernels: AVX2
  parallelization: NONE/sequential

WARNING: The model you specified on the command line (GTR) will be ignored 
         since the binary MSA file already contains a model definition.
         If you want to change the model, please re-run RAxML-NG 
         with the original PHYLIP/FASTA alignment and --redo option.

[00:00:00] Loading binary alignment from file: ../BenoitDatasets/families/alesim_s20_f50_sites200_d0.6_l0.3_seed42/pargenes/parse_run/results/9_prunedfasta/9_prunedfasta.raxml.rba
[00:00:00] Alignment comprises 6 taxa, 1 partitions and 72 patterns

Partition 0: noname
Model: GTR+FO
Alignment sites / patterns: 200 / 72
Gaps: 0.00 %
Invariant sites: 2.00 %


[00:00:00] Data distribution: max. partitions/sites/weight per thread: 1 / 72 / 288
[00:00:00] Starting bootstrapping analysis with 10 replicates.

[00:00:00] Bootstrap tree #1, logLikelihood: -784.460547
[00:00:00] Bootstrap tree #2, logLikelihood: -753.899701
[00:00:00] Bootstrap tree #3, logLikelihood: -760.744162
[00:00:00] Bootstrap tree #4, logLikelihood: -756.700614
[00:00:00] Bootstrap tree #5, logLikelihood: -731.445787
[00:00:00] Bootstrap tree #6, logLikelihood: -811.365442
[00:00:00] Bootstrap tree #7, logLikelihood: -745.477091
[00:00:00] Bootstrap tree #8, logLikelihood: -737.790540
[00:00:00] Bootstrap tree #9, logLikelihood: -755.538876
[00:00:00] Bootstrap tree #10, logLikelihood: -750.946046

Optimized model parameters:

   Partition 0: noname
   Rate heterogeneity: NONE
   Base frequencies (ML): 0.284929 0.281913 0.265897 0.167262 
   Substitution rates (ML): 1.214501 1.028576 1.203056 0.756675 0.806402 1.000000 
Bootstrap trees saved to: /home/morelbt/github/BenoitDatasets/families/alesim_s20_f50_sites200_d0.6_l0.3_seed42/pargenes/mlsearch_run/bootstraps/9_prunedfasta/9_prunedfasta_bs6.raxml.bootstraps

Execution log saved to: /home/morelbt/github/BenoitDatasets/families/alesim_s20_f50_sites200_d0.6_l0.3_seed42/pargenes/mlsearch_run/bootstraps/9_prunedfasta/9_prunedfasta_bs6.raxml.log

Analysis started: 11-Dec-2018 15:13:59 / finished: 11-Dec-2018 15:14:00

Elapsed time: 0.166 seconds

