
RAxML-NG v. 0.6.0git BETA released on 27.07.2018 by The Exelixis Lab.
Authors: Alexey Kozlov, Alexandros Stamatakis, Diego Darriba, Tomas Flouri, Benoit Morel.
Latest version: https://github.com/amkozlov/raxml-ng
Questions/problems/suggestions? Please visit: https://groups.google.com/forum/#!forum/raxml

WARNING: This is a BETA release, please use at your own risk!

RAxML-NG was called as follows:

mpi-scheduler --bootstrap --msa ../BenoitDatasets/families/jsim_s27_f100_sites200_d2.0_l1.0_seed6/pargenes/parse_run/results/91_fasta/91_fasta.raxml.rba --blopt nr_safe --model GTR --prefix ../BenoitDatasets/families/jsim_s27_f100_sites200_d2.0_l1.0_seed6/pargenes/mlsearch_run/bootstraps/91_fasta/91_fasta_bs9 --threads 1 --seed 10 --bs-trees 10

Analysis options:
  run mode: Bootstrapping
  start tree(s): 
  bootstrap replicates: 10
  random seed: 10
  tip-inner: ON
  pattern compression: ON
  per-rate scalers: OFF
  site repeats: OFF
  branch lengths: linked (ML estimate, algorithm: NR-SAFE)
  SIMD kernels: AVX2
  parallelization: NONE/sequential

WARNING: The model you specified on the command line (GTR) will be ignored 
         since the binary MSA file already contains a model definition.
         If you want to change the model, please re-run RAxML-NG 
         with the original PHYLIP/FASTA alignment and --redo option.

[00:00:00] Loading binary alignment from file: ../BenoitDatasets/families/jsim_s27_f100_sites200_d2.0_l1.0_seed6/pargenes/parse_run/results/91_fasta/91_fasta.raxml.rba
[00:00:00] Alignment comprises 12 taxa, 1 partitions and 199 patterns

Partition 0: noname
Model: GTR+FO
Alignment sites / patterns: 200 / 199
Gaps: 0.00 %
Invariant sites: 0.50 %


[00:00:00] Data distribution: max. partitions/sites/weight per thread: 1 / 199 / 796
[00:00:00] Starting bootstrapping analysis with 10 replicates.

[00:00:00] Bootstrap tree #1, logLikelihood: -2453.007151
[00:00:00] Bootstrap tree #2, logLikelihood: -2509.117971
[00:00:00] Bootstrap tree #3, logLikelihood: -2488.082520
[00:00:00] Bootstrap tree #4, logLikelihood: -2522.983929
[00:00:01] Bootstrap tree #5, logLikelihood: -2526.775898
[00:00:01] Bootstrap tree #6, logLikelihood: -2492.155059
[00:00:01] Bootstrap tree #7, logLikelihood: -2459.230316
[00:00:01] Bootstrap tree #8, logLikelihood: -2467.939094
[00:00:01] Bootstrap tree #9, logLikelihood: -2560.615694
[00:00:02] Bootstrap tree #10, logLikelihood: -2551.672122

Optimized model parameters:

   Partition 0: noname
   Rate heterogeneity: NONE
   Base frequencies (ML): 0.258100 0.254937 0.220323 0.266640 
   Substitution rates (ML): 1.314421 1.446145 1.476803 1.969927 1.127590 1.000000 
Bootstrap trees saved to: /home/morelbt/github/BenoitDatasets/families/jsim_s27_f100_sites200_d2.0_l1.0_seed6/pargenes/mlsearch_run/bootstraps/91_fasta/91_fasta_bs9.raxml.bootstraps

Execution log saved to: /home/morelbt/github/BenoitDatasets/families/jsim_s27_f100_sites200_d2.0_l1.0_seed6/pargenes/mlsearch_run/bootstraps/91_fasta/91_fasta_bs9.raxml.log

Analysis started: 07-Dec-2018 15:27:47 / finished: 07-Dec-2018 15:27:49

Elapsed time: 2.128 seconds

