
RAxML-NG v. 0.6.0git BETA released on 27.07.2018 by The Exelixis Lab.
Authors: Alexey Kozlov, Alexandros Stamatakis, Diego Darriba, Tomas Flouri, Benoit Morel.
Latest version: https://github.com/amkozlov/raxml-ng
Questions/problems/suggestions? Please visit: https://groups.google.com/forum/#!forum/raxml

WARNING: This is a BETA release, please use at your own risk!

RAxML-NG was called as follows:

mpi-scheduler --bootstrap --msa ../BenoitDatasets/families/jsim_s27_f100_sites200_d2.0_l1.0_seed6/pargenes/parse_run/results/91_fasta/91_fasta.raxml.rba --blopt nr_safe --model GTR --prefix ../BenoitDatasets/families/jsim_s27_f100_sites200_d2.0_l1.0_seed6/pargenes/mlsearch_run/bootstraps/91_fasta/91_fasta_bs1 --threads 1 --seed 2 --bs-trees 10

Analysis options:
  run mode: Bootstrapping
  start tree(s): 
  bootstrap replicates: 10
  random seed: 2
  tip-inner: ON
  pattern compression: ON
  per-rate scalers: OFF
  site repeats: OFF
  branch lengths: linked (ML estimate, algorithm: NR-SAFE)
  SIMD kernels: AVX2
  parallelization: NONE/sequential

WARNING: The model you specified on the command line (GTR) will be ignored 
         since the binary MSA file already contains a model definition.
         If you want to change the model, please re-run RAxML-NG 
         with the original PHYLIP/FASTA alignment and --redo option.

[00:00:00] Loading binary alignment from file: ../BenoitDatasets/families/jsim_s27_f100_sites200_d2.0_l1.0_seed6/pargenes/parse_run/results/91_fasta/91_fasta.raxml.rba
[00:00:00] Alignment comprises 12 taxa, 1 partitions and 199 patterns

Partition 0: noname
Model: GTR+FO
Alignment sites / patterns: 200 / 199
Gaps: 0.00 %
Invariant sites: 0.50 %


[00:00:00] Data distribution: max. partitions/sites/weight per thread: 1 / 199 / 796
[00:00:00] Starting bootstrapping analysis with 10 replicates.

[00:00:00] Bootstrap tree #1, logLikelihood: -2511.211640
[00:00:00] Bootstrap tree #2, logLikelihood: -2507.550209
[00:00:00] Bootstrap tree #3, logLikelihood: -2527.963097
[00:00:00] Bootstrap tree #4, logLikelihood: -2492.219208
[00:00:01] Bootstrap tree #5, logLikelihood: -2507.479414
[00:00:01] Bootstrap tree #6, logLikelihood: -2455.647362
[00:00:01] Bootstrap tree #7, logLikelihood: -2498.124108
[00:00:01] Bootstrap tree #8, logLikelihood: -2465.236680
[00:00:01] Bootstrap tree #9, logLikelihood: -2506.749278
[00:00:02] Bootstrap tree #10, logLikelihood: -2408.898540

Optimized model parameters:

   Partition 0: noname
   Rate heterogeneity: NONE
   Base frequencies (ML): 0.244962 0.282985 0.206042 0.266011 
   Substitution rates (ML): 1.021227 0.943664 1.075938 0.976679 0.869285 1.000000 
Bootstrap trees saved to: /home/morelbt/github/BenoitDatasets/families/jsim_s27_f100_sites200_d2.0_l1.0_seed6/pargenes/mlsearch_run/bootstraps/91_fasta/91_fasta_bs1.raxml.bootstraps

Execution log saved to: /home/morelbt/github/BenoitDatasets/families/jsim_s27_f100_sites200_d2.0_l1.0_seed6/pargenes/mlsearch_run/bootstraps/91_fasta/91_fasta_bs1.raxml.log

Analysis started: 07-Dec-2018 15:27:46 / finished: 07-Dec-2018 15:27:48

Elapsed time: 2.116 seconds

