
RAxML-NG v. 0.6.0git BETA released on 27.07.2018 by The Exelixis Lab.
Authors: Alexey Kozlov, Alexandros Stamatakis, Diego Darriba, Tomas Flouri, Benoit Morel.
Latest version: https://github.com/amkozlov/raxml-ng
Questions/problems/suggestions? Please visit: https://groups.google.com/forum/#!forum/raxml

WARNING: This is a BETA release, please use at your own risk!

RAxML-NG was called as follows:

mpi-scheduler --bootstrap --msa ../BenoitDatasets/families/jsim_s27_f100_sites200_d2.0_l1.0_seed6/pargenes/parse_run/results/73_fasta/73_fasta.raxml.rba --blopt nr_safe --model GTR --prefix ../BenoitDatasets/families/jsim_s27_f100_sites200_d2.0_l1.0_seed6/pargenes/mlsearch_run/bootstraps/73_fasta/73_fasta_bs9 --threads 1 --seed 10 --bs-trees 10

Analysis options:
  run mode: Bootstrapping
  start tree(s): 
  bootstrap replicates: 10
  random seed: 10
  tip-inner: ON
  pattern compression: ON
  per-rate scalers: OFF
  site repeats: OFF
  branch lengths: linked (ML estimate, algorithm: NR-SAFE)
  SIMD kernels: AVX2
  parallelization: NONE/sequential

WARNING: The model you specified on the command line (GTR) will be ignored 
         since the binary MSA file already contains a model definition.
         If you want to change the model, please re-run RAxML-NG 
         with the original PHYLIP/FASTA alignment and --redo option.

[00:00:00] Loading binary alignment from file: ../BenoitDatasets/families/jsim_s27_f100_sites200_d2.0_l1.0_seed6/pargenes/parse_run/results/73_fasta/73_fasta.raxml.rba
[00:00:00] Alignment comprises 4 taxa, 1 partitions and 62 patterns

Partition 0: noname
Model: GTR+FO
Alignment sites / patterns: 200 / 62
Gaps: 0.00 %
Invariant sites: 2.00 %


[00:00:00] Data distribution: max. partitions/sites/weight per thread: 1 / 62 / 248
[00:00:00] Starting bootstrapping analysis with 10 replicates.

[00:00:00] Bootstrap tree #1, logLikelihood: -795.206446
[00:00:00] Bootstrap tree #2, logLikelihood: -795.839204
[00:00:00] Bootstrap tree #3, logLikelihood: -780.784101
[00:00:00] Bootstrap tree #4, logLikelihood: -771.036039
[00:00:00] Bootstrap tree #5, logLikelihood: -796.490629
[00:00:00] Bootstrap tree #6, logLikelihood: -813.968187
[00:00:00] Bootstrap tree #7, logLikelihood: -809.745279
[00:00:00] Bootstrap tree #8, logLikelihood: -766.007048
[00:00:00] Bootstrap tree #9, logLikelihood: -805.093734
[00:00:00] Bootstrap tree #10, logLikelihood: -829.220697

Optimized model parameters:

   Partition 0: noname
   Rate heterogeneity: NONE
   Base frequencies (ML): 0.208360 0.236792 0.282036 0.272813 
   Substitution rates (ML): 0.903888 0.856969 0.333468 0.481733 0.810631 1.000000 
Bootstrap trees saved to: /home/morelbt/github/BenoitDatasets/families/jsim_s27_f100_sites200_d2.0_l1.0_seed6/pargenes/mlsearch_run/bootstraps/73_fasta/73_fasta_bs9.raxml.bootstraps

Execution log saved to: /home/morelbt/github/BenoitDatasets/families/jsim_s27_f100_sites200_d2.0_l1.0_seed6/pargenes/mlsearch_run/bootstraps/73_fasta/73_fasta_bs9.raxml.log

Analysis started: 07-Dec-2018 15:27:58 / finished: 07-Dec-2018 15:27:58

Elapsed time: 0.087 seconds

