
RAxML-NG v. 0.6.0git BETA released on 27.07.2018 by The Exelixis Lab.
Authors: Alexey Kozlov, Alexandros Stamatakis, Diego Darriba, Tomas Flouri, Benoit Morel.
Latest version: https://github.com/amkozlov/raxml-ng
Questions/problems/suggestions? Please visit: https://groups.google.com/forum/#!forum/raxml

WARNING: This is a BETA release, please use at your own risk!

RAxML-NG was called as follows:

mpi-scheduler --bootstrap --msa ../BenoitDatasets/families/alesim_s30_f50_sites200_d2.0_l1.0_seed42/pargenes/parse_run/results/5_prunedfasta/5_prunedfasta.raxml.rba --blopt nr_safe --model GTR --prefix ../BenoitDatasets/families/alesim_s30_f50_sites200_d2.0_l1.0_seed42/pargenes/mlsearch_run/bootstraps/5_prunedfasta/5_prunedfasta_bs5 --threads 1 --seed 6 --bs-trees 10

Analysis options:
  run mode: Bootstrapping
  start tree(s): 
  bootstrap replicates: 10
  random seed: 6
  tip-inner: ON
  pattern compression: ON
  per-rate scalers: OFF
  site repeats: OFF
  branch lengths: linked (ML estimate, algorithm: NR-SAFE)
  SIMD kernels: AVX2
  parallelization: NONE/sequential

WARNING: The model you specified on the command line (GTR) will be ignored 
         since the binary MSA file already contains a model definition.
         If you want to change the model, please re-run RAxML-NG 
         with the original PHYLIP/FASTA alignment and --redo option.

[00:00:00] Loading binary alignment from file: ../BenoitDatasets/families/alesim_s30_f50_sites200_d2.0_l1.0_seed42/pargenes/parse_run/results/5_prunedfasta/5_prunedfasta.raxml.rba
[00:00:00] Alignment comprises 100 taxa, 1 partitions and 200 patterns

Partition 0: noname
Model: GTR+FO
Alignment sites / patterns: 200 / 200
Gaps: 0.00 %
Invariant sites: 0.00 %


[00:00:00] Data distribution: max. partitions/sites/weight per thread: 1 / 200 / 800
[00:00:00] Starting bootstrapping analysis with 10 replicates.

[00:00:03] Bootstrap tree #1, logLikelihood: -6774.635716
[00:00:07] Bootstrap tree #2, logLikelihood: -6603.114588
[00:00:11] Bootstrap tree #3, logLikelihood: -6788.799037
[00:00:15] Bootstrap tree #4, logLikelihood: -6743.599826
[00:00:20] Bootstrap tree #5, logLikelihood: -6723.278547
[00:00:24] Bootstrap tree #6, logLikelihood: -6577.139613
[00:00:28] Bootstrap tree #7, logLikelihood: -6559.040675
[00:00:32] Bootstrap tree #8, logLikelihood: -6568.048079
[00:00:36] Bootstrap tree #9, logLikelihood: -6743.990708
[00:00:40] Bootstrap tree #10, logLikelihood: -6752.164855

Optimized model parameters:

   Partition 0: noname
   Rate heterogeneity: NONE
   Base frequencies (ML): 0.242549 0.249984 0.225649 0.281818 
   Substitution rates (ML): 1.095810 1.201735 0.848616 1.155322 1.100922 1.000000 
Bootstrap trees saved to: /home/morelbt/github/BenoitDatasets/families/alesim_s30_f50_sites200_d2.0_l1.0_seed42/pargenes/mlsearch_run/bootstraps/5_prunedfasta/5_prunedfasta_bs5.raxml.bootstraps

Execution log saved to: /home/morelbt/github/BenoitDatasets/families/alesim_s30_f50_sites200_d2.0_l1.0_seed42/pargenes/mlsearch_run/bootstraps/5_prunedfasta/5_prunedfasta_bs5.raxml.log

Analysis started: 11-Dec-2018 20:55:48 / finished: 11-Dec-2018 20:56:28

Elapsed time: 40.073 seconds

