
RAxML-NG v. 0.6.0git BETA released on 27.07.2018 by The Exelixis Lab.
Authors: Alexey Kozlov, Alexandros Stamatakis, Diego Darriba, Tomas Flouri, Benoit Morel.
Latest version: https://github.com/amkozlov/raxml-ng
Questions/problems/suggestions? Please visit: https://groups.google.com/forum/#!forum/raxml

WARNING: This is a BETA release, please use at your own risk!

RAxML-NG was called as follows:

mpi-scheduler --bootstrap --msa ../BenoitDatasets/families/alesim_s30_f50_sites200_d2.0_l1.0_seed42/pargenes/parse_run/results/5_prunedfasta/5_prunedfasta.raxml.rba --blopt nr_safe --model GTR --prefix ../BenoitDatasets/families/alesim_s30_f50_sites200_d2.0_l1.0_seed42/pargenes/mlsearch_run/bootstraps/5_prunedfasta/5_prunedfasta_bs9 --threads 1 --seed 10 --bs-trees 10

Analysis options:
  run mode: Bootstrapping
  start tree(s): 
  bootstrap replicates: 10
  random seed: 10
  tip-inner: ON
  pattern compression: ON
  per-rate scalers: OFF
  site repeats: OFF
  branch lengths: linked (ML estimate, algorithm: NR-SAFE)
  SIMD kernels: AVX2
  parallelization: NONE/sequential

WARNING: The model you specified on the command line (GTR) will be ignored 
         since the binary MSA file already contains a model definition.
         If you want to change the model, please re-run RAxML-NG 
         with the original PHYLIP/FASTA alignment and --redo option.

[00:00:00] Loading binary alignment from file: ../BenoitDatasets/families/alesim_s30_f50_sites200_d2.0_l1.0_seed42/pargenes/parse_run/results/5_prunedfasta/5_prunedfasta.raxml.rba
[00:00:00] Alignment comprises 100 taxa, 1 partitions and 200 patterns

Partition 0: noname
Model: GTR+FO
Alignment sites / patterns: 200 / 200
Gaps: 0.00 %
Invariant sites: 0.00 %


[00:00:00] Data distribution: max. partitions/sites/weight per thread: 1 / 200 / 800
[00:00:00] Starting bootstrapping analysis with 10 replicates.

[00:00:04] Bootstrap tree #1, logLikelihood: -6557.714729
[00:00:08] Bootstrap tree #2, logLikelihood: -6500.904410
[00:00:12] Bootstrap tree #3, logLikelihood: -6725.598656
[00:00:17] Bootstrap tree #4, logLikelihood: -6850.484086
[00:00:21] Bootstrap tree #5, logLikelihood: -6713.608693
[00:00:25] Bootstrap tree #6, logLikelihood: -6615.384837
[00:00:29] Bootstrap tree #7, logLikelihood: -6883.769635
[00:00:33] Bootstrap tree #8, logLikelihood: -6650.477280
[00:00:37] Bootstrap tree #9, logLikelihood: -6622.095947
[00:00:41] Bootstrap tree #10, logLikelihood: -6420.246476

Optimized model parameters:

   Partition 0: noname
   Rate heterogeneity: NONE
   Base frequencies (ML): 0.256760 0.240267 0.250682 0.252290 
   Substitution rates (ML): 1.095417 1.260320 1.087720 1.270921 1.192398 1.000000 
Bootstrap trees saved to: /home/morelbt/github/BenoitDatasets/families/alesim_s30_f50_sites200_d2.0_l1.0_seed42/pargenes/mlsearch_run/bootstraps/5_prunedfasta/5_prunedfasta_bs9.raxml.bootstraps

Execution log saved to: /home/morelbt/github/BenoitDatasets/families/alesim_s30_f50_sites200_d2.0_l1.0_seed42/pargenes/mlsearch_run/bootstraps/5_prunedfasta/5_prunedfasta_bs9.raxml.log

Analysis started: 11-Dec-2018 20:56:13 / finished: 11-Dec-2018 20:56:55

Elapsed time: 41.934 seconds

