
RAxML-NG v. 0.6.0git BETA released on 27.07.2018 by The Exelixis Lab.
Authors: Alexey Kozlov, Alexandros Stamatakis, Diego Darriba, Tomas Flouri, Benoit Morel.
Latest version: https://github.com/amkozlov/raxml-ng
Questions/problems/suggestions? Please visit: https://groups.google.com/forum/#!forum/raxml

WARNING: This is a BETA release, please use at your own risk!

RAxML-NG was called as follows:

mpi-scheduler --parse --log DEBUG --msa ../BenoitDatasets/families/alesim_s20_f50_sites200_d0.6_l0.3_seed42/alignments/30_prunedfasta --blopt nr_safe --model GTR --prefix ../BenoitDatasets/families/alesim_s20_f50_sites200_d0.6_l0.3_seed42/pargenes/parse_run/results/30_prunedfasta/30_prunedfasta --threads 1

Analysis options:
  run mode: Alignment parsing and compression
  start tree(s): 
  random seed: 1544537551
  tip-inner: ON
  pattern compression: ON
  per-rate scalers: OFF
  site repeats: OFF
  branch lengths: linked (ML estimate, algorithm: NR-SAFE)
  SIMD kernels: AVX2
  parallelization: NONE/sequential

|noname|   |GTR+FO|   ||
[00:00:00] Reading alignment from file: ../BenoitDatasets/families/alesim_s20_f50_sites200_d0.6_l0.3_seed42/alignments/30_prunedfasta
Failed to load as IPHYLIP: Unable to parse PHYLIP file: ../BenoitDatasets/families/alesim_s20_f50_sites200_d0.6_l0.3_seed42/alignments/30_prunedfasta
Failed to load as PHYLIP: Unable to parse PHYLIP file: ../BenoitDatasets/families/alesim_s20_f50_sites200_d0.6_l0.3_seed42/alignments/30_prunedfasta
[00:00:00] Loaded alignment with 3 taxa and 200 sites
[00:00:00] Extracting partitions... 
[00:00:00] Validating alignment... 
[00:00:00] Checking the alignment...

ERROR: Your alignment contains less than 4 sequences! 

ERROR: Alignment check failed (see details above)!

