
RAxML-NG v. 0.6.0git BETA released on 27.07.2018 by The Exelixis Lab.
Authors: Alexey Kozlov, Alexandros Stamatakis, Diego Darriba, Tomas Flouri, Benoit Morel.
Latest version: https://github.com/amkozlov/raxml-ng
Questions/problems/suggestions? Please visit: https://groups.google.com/forum/#!forum/raxml

WARNING: This is a BETA release, please use at your own risk!

RAxML-NG was called as follows:

mpi-scheduler --msa ../BenoitDatasets/families/alesim_s20_f50_sites200_d0.6_l0.3_seed42/pargenes/parse_run/results/10_prunedfasta/10_prunedfasta.raxml.rba --blopt nr_safe --model GTR --prefix ../BenoitDatasets/families/alesim_s20_f50_sites200_d0.6_l0.3_seed42/pargenes/mlsearch_run/results/10_prunedfasta/10_prunedfasta --threads 1 --seed 1

Analysis options:
  run mode: ML tree search
  start tree(s): random (1)
  random seed: 1
  tip-inner: ON
  pattern compression: ON
  per-rate scalers: OFF
  site repeats: OFF
  fast spr radius: AUTO
  spr subtree cutoff: 1.000000
  branch lengths: linked (ML estimate, algorithm: NR-SAFE)
  SIMD kernels: AVX2
  parallelization: NONE/sequential

WARNING: The model you specified on the command line (GTR) will be ignored 
         since the binary MSA file already contains a model definition.
         If you want to change the model, please re-run RAxML-NG 
         with the original PHYLIP/FASTA alignment and --redo option.

[00:00:00] Loading binary alignment from file: ../BenoitDatasets/families/alesim_s20_f50_sites200_d0.6_l0.3_seed42/pargenes/parse_run/results/10_prunedfasta/10_prunedfasta.raxml.rba
[00:00:00] Alignment comprises 94 taxa, 1 partitions and 200 patterns

Partition 0: noname
Model: GTR+FO
Alignment sites / patterns: 200 / 200
Gaps: 0.00 %
Invariant sites: 0.00 %


[00:00:00] Generating 1 random starting tree(s) with 94 taxa
[00:00:00] Data distribution: max. partitions/sites/weight per thread: 1 / 200 / 800

Starting ML tree search with 1 distinct starting trees

[00:00:00 -29370.319861] Initial branch length optimization
[00:00:00 -22193.165575] Model parameter optimization (eps = 10.000000)
[00:00:00 -22157.342786] AUTODETECT spr round 1 (radius: 5)
[00:00:00 -15306.287593] AUTODETECT spr round 2 (radius: 10)
[00:00:00 -12119.591170] AUTODETECT spr round 3 (radius: 15)
[00:00:00 -10940.998361] AUTODETECT spr round 4 (radius: 20)
[00:00:00 -10940.917350] SPR radius for FAST iterations: 15 (autodetect)
[00:00:00 -10940.917350] Model parameter optimization (eps = 3.000000)
[00:00:01 -10933.305904] FAST spr round 1 (radius: 15)
[00:00:01 -9713.650438] FAST spr round 2 (radius: 15)
[00:00:01 -9668.325698] FAST spr round 3 (radius: 15)
[00:00:01 -9663.428268] FAST spr round 4 (radius: 15)
[00:00:02 -9663.071624] FAST spr round 5 (radius: 15)
[00:00:02 -9662.781304] FAST spr round 6 (radius: 15)
[00:00:02 -9662.590886] FAST spr round 7 (radius: 15)
[00:00:02 -9662.411709] FAST spr round 8 (radius: 15)
[00:00:03 -9662.139732] FAST spr round 9 (radius: 15)
[00:00:03 -9662.039075] FAST spr round 10 (radius: 15)
[00:00:03 -9662.005087] Model parameter optimization (eps = 1.000000)
[00:00:03 -9661.787473] SLOW spr round 1 (radius: 5)
[00:00:04 -9659.314258] SLOW spr round 2 (radius: 5)
[00:00:05 -9659.311207] SLOW spr round 3 (radius: 10)
[00:00:06 -9659.310500] SLOW spr round 4 (radius: 15)
[00:00:07 -9659.310304] SLOW spr round 5 (radius: 20)
[00:00:07 -9659.310232] SLOW spr round 6 (radius: 25)
[00:00:08 -9659.310199] Model parameter optimization (eps = 0.100000)

[00:00:08] ML tree search #1, logLikelihood: -9659.273292


Optimized model parameters:

   Partition 0: noname
   Rate heterogeneity: NONE
   Base frequencies (ML): 0.231063 0.255002 0.263621 0.250315 
   Substitution rates (ML): 1.156444 1.208393 1.289485 1.096890 1.233659 1.000000 

Final LogLikelihood: -9659.273292

Best ML tree saved to: /home/morelbt/github/BenoitDatasets/families/alesim_s20_f50_sites200_d0.6_l0.3_seed42/pargenes/mlsearch_run/results/10_prunedfasta/10_prunedfasta.raxml.bestTree
Optimized model saved to: /home/morelbt/github/BenoitDatasets/families/alesim_s20_f50_sites200_d0.6_l0.3_seed42/pargenes/mlsearch_run/results/10_prunedfasta/10_prunedfasta.raxml.bestModel

Execution log saved to: /home/morelbt/github/BenoitDatasets/families/alesim_s20_f50_sites200_d0.6_l0.3_seed42/pargenes/mlsearch_run/results/10_prunedfasta/10_prunedfasta.raxml.log

Analysis started: 11-Dec-2018 15:13:56 / finished: 11-Dec-2018 15:14:04

Elapsed time: 8.263 seconds

