
RAxML-NG v. 0.6.0git BETA released on 27.07.2018 by The Exelixis Lab.
Authors: Alexey Kozlov, Alexandros Stamatakis, Diego Darriba, Tomas Flouri, Benoit Morel.
Latest version: https://github.com/amkozlov/raxml-ng
Questions/problems/suggestions? Please visit: https://groups.google.com/forum/#!forum/raxml

WARNING: This is a BETA release, please use at your own risk!

RAxML-NG was called as follows:

mpi-scheduler --bootstrap --msa ../BenoitDatasets/families/jsim_s27_f100_sites200_d2.0_l1.0_seed6/pargenes/parse_run/results/35_fasta/35_fasta.raxml.rba --blopt nr_safe --model GTR --prefix ../BenoitDatasets/families/jsim_s27_f100_sites200_d2.0_l1.0_seed6/pargenes/mlsearch_run/bootstraps/35_fasta/35_fasta_bs2 --threads 1 --seed 3 --bs-trees 10

Analysis options:
  run mode: Bootstrapping
  start tree(s): 
  bootstrap replicates: 10
  random seed: 3
  tip-inner: ON
  pattern compression: ON
  per-rate scalers: OFF
  site repeats: OFF
  branch lengths: linked (ML estimate, algorithm: NR-SAFE)
  SIMD kernels: AVX2
  parallelization: NONE/sequential

WARNING: The model you specified on the command line (GTR) will be ignored 
         since the binary MSA file already contains a model definition.
         If you want to change the model, please re-run RAxML-NG 
         with the original PHYLIP/FASTA alignment and --redo option.

[00:00:00] Loading binary alignment from file: ../BenoitDatasets/families/jsim_s27_f100_sites200_d2.0_l1.0_seed6/pargenes/parse_run/results/35_fasta/35_fasta.raxml.rba
[00:00:00] Alignment comprises 11 taxa, 1 partitions and 196 patterns

Partition 0: noname
Model: GTR+FO
Alignment sites / patterns: 200 / 196
Gaps: 0.00 %
Invariant sites: 0.50 %


[00:00:00] Data distribution: max. partitions/sites/weight per thread: 1 / 196 / 784
[00:00:00] Starting bootstrapping analysis with 10 replicates.

[00:00:00] Bootstrap tree #1, logLikelihood: -2128.415762
[00:00:00] Bootstrap tree #2, logLikelihood: -2202.571961
[00:00:00] Bootstrap tree #3, logLikelihood: -2165.265752
[00:00:00] Bootstrap tree #4, logLikelihood: -2139.892723
[00:00:00] Bootstrap tree #5, logLikelihood: -2151.265361
[00:00:01] Bootstrap tree #6, logLikelihood: -2086.586701
[00:00:01] Bootstrap tree #7, logLikelihood: -2168.741340
[00:00:01] Bootstrap tree #8, logLikelihood: -2163.076611
[00:00:01] Bootstrap tree #9, logLikelihood: -2159.537630
[00:00:01] Bootstrap tree #10, logLikelihood: -2167.094949

Optimized model parameters:

   Partition 0: noname
   Rate heterogeneity: NONE
   Base frequencies (ML): 0.281473 0.258432 0.242402 0.217693 
   Substitution rates (ML): 1.009259 0.795571 1.162538 0.972439 0.671337 1.000000 
Bootstrap trees saved to: /home/morelbt/github/BenoitDatasets/families/jsim_s27_f100_sites200_d2.0_l1.0_seed6/pargenes/mlsearch_run/bootstraps/35_fasta/35_fasta_bs2.raxml.bootstraps

Execution log saved to: /home/morelbt/github/BenoitDatasets/families/jsim_s27_f100_sites200_d2.0_l1.0_seed6/pargenes/mlsearch_run/bootstraps/35_fasta/35_fasta_bs2.raxml.log

Analysis started: 07-Dec-2018 15:27:48 / finished: 07-Dec-2018 15:27:50

Elapsed time: 1.745 seconds

