
RAxML-NG v. 0.6.0git BETA released on 27.07.2018 by The Exelixis Lab.
Authors: Alexey Kozlov, Alexandros Stamatakis, Diego Darriba, Tomas Flouri, Benoit Morel.
Latest version: https://github.com/amkozlov/raxml-ng
Questions/problems/suggestions? Please visit: https://groups.google.com/forum/#!forum/raxml

WARNING: This is a BETA release, please use at your own risk!

RAxML-NG was called as follows:

mpi-scheduler --bootstrap --msa ../BenoitDatasets/families/jsim_s27_f100_sites200_d2.0_l1.0_seed6/pargenes/parse_run/results/76_fasta/76_fasta.raxml.rba --blopt nr_safe --model GTR --prefix ../BenoitDatasets/families/jsim_s27_f100_sites200_d2.0_l1.0_seed6/pargenes/mlsearch_run/bootstraps/76_fasta/76_fasta_bs0 --threads 1 --seed 1 --bs-trees 10

Analysis options:
  run mode: Bootstrapping
  start tree(s): 
  bootstrap replicates: 10
  random seed: 1
  tip-inner: ON
  pattern compression: ON
  per-rate scalers: OFF
  site repeats: OFF
  branch lengths: linked (ML estimate, algorithm: NR-SAFE)
  SIMD kernels: AVX2
  parallelization: NONE/sequential

WARNING: The model you specified on the command line (GTR) will be ignored 
         since the binary MSA file already contains a model definition.
         If you want to change the model, please re-run RAxML-NG 
         with the original PHYLIP/FASTA alignment and --redo option.

[00:00:00] Loading binary alignment from file: ../BenoitDatasets/families/jsim_s27_f100_sites200_d2.0_l1.0_seed6/pargenes/parse_run/results/76_fasta/76_fasta.raxml.rba
[00:00:00] Alignment comprises 21 taxa, 1 partitions and 200 patterns

Partition 0: noname
Model: GTR+FO
Alignment sites / patterns: 200 / 200
Gaps: 0.00 %
Invariant sites: 0.00 %


[00:00:00] Data distribution: max. partitions/sites/weight per thread: 1 / 200 / 800
[00:00:00] Starting bootstrapping analysis with 10 replicates.

[00:00:00] Bootstrap tree #1, logLikelihood: -4030.614757
[00:00:00] Bootstrap tree #2, logLikelihood: -4010.052683
[00:00:01] Bootstrap tree #3, logLikelihood: -4152.575716
[00:00:02] Bootstrap tree #4, logLikelihood: -4071.921162
[00:00:02] Bootstrap tree #5, logLikelihood: -4087.771935
[00:00:03] Bootstrap tree #6, logLikelihood: -4079.991055
[00:00:03] Bootstrap tree #7, logLikelihood: -4105.764018
[00:00:04] Bootstrap tree #8, logLikelihood: -4074.759530
[00:00:04] Bootstrap tree #9, logLikelihood: -4030.584853
[00:00:05] Bootstrap tree #10, logLikelihood: -4068.217547

Optimized model parameters:

   Partition 0: noname
   Rate heterogeneity: NONE
   Base frequencies (ML): 0.257226 0.274792 0.248115 0.219868 
   Substitution rates (ML): 0.829468 1.213345 1.101279 1.043837 1.289227 1.000000 
Bootstrap trees saved to: /home/morelbt/github/BenoitDatasets/families/jsim_s27_f100_sites200_d2.0_l1.0_seed6/pargenes/mlsearch_run/bootstraps/76_fasta/76_fasta_bs0.raxml.bootstraps

Execution log saved to: /home/morelbt/github/BenoitDatasets/families/jsim_s27_f100_sites200_d2.0_l1.0_seed6/pargenes/mlsearch_run/bootstraps/76_fasta/76_fasta_bs0.raxml.log

Analysis started: 07-Dec-2018 15:27:30 / finished: 07-Dec-2018 15:27:36

Elapsed time: 5.306 seconds

