
RAxML-NG v. 0.6.0git BETA released on 27.07.2018 by The Exelixis Lab.
Authors: Alexey Kozlov, Alexandros Stamatakis, Diego Darriba, Tomas Flouri, Benoit Morel.
Latest version: https://github.com/amkozlov/raxml-ng
Questions/problems/suggestions? Please visit: https://groups.google.com/forum/#!forum/raxml

WARNING: This is a BETA release, please use at your own risk!

RAxML-NG was called as follows:

mpi-scheduler --bootstrap --msa ../BenoitDatasets/families/alesim_s30_f50_sites200_d2.0_l1.0_seed42/pargenes/parse_run/results/22_prunedfasta/22_prunedfasta.raxml.rba --blopt nr_safe --model GTR --prefix ../BenoitDatasets/families/alesim_s30_f50_sites200_d2.0_l1.0_seed42/pargenes/mlsearch_run/bootstraps/22_prunedfasta/22_prunedfasta_bs0 --threads 1 --seed 1 --bs-trees 10

Analysis options:
  run mode: Bootstrapping
  start tree(s): 
  bootstrap replicates: 10
  random seed: 1
  tip-inner: ON
  pattern compression: ON
  per-rate scalers: OFF
  site repeats: OFF
  branch lengths: linked (ML estimate, algorithm: NR-SAFE)
  SIMD kernels: AVX2
  parallelization: NONE/sequential

WARNING: The model you specified on the command line (GTR) will be ignored 
         since the binary MSA file already contains a model definition.
         If you want to change the model, please re-run RAxML-NG 
         with the original PHYLIP/FASTA alignment and --redo option.

[00:00:00] Loading binary alignment from file: ../BenoitDatasets/families/alesim_s30_f50_sites200_d2.0_l1.0_seed42/pargenes/parse_run/results/22_prunedfasta/22_prunedfasta.raxml.rba
[00:00:00] Alignment comprises 77 taxa, 1 partitions and 200 patterns

Partition 0: noname
Model: GTR+FO
Alignment sites / patterns: 200 / 200
Gaps: 0.00 %
Invariant sites: 0.00 %


[00:00:00] Data distribution: max. partitions/sites/weight per thread: 1 / 200 / 800
[00:00:00] Starting bootstrapping analysis with 10 replicates.

[00:00:02] Bootstrap tree #1, logLikelihood: -5886.871384
[00:00:05] Bootstrap tree #2, logLikelihood: -5927.182189
[00:00:07] Bootstrap tree #3, logLikelihood: -5750.307538
[00:00:10] Bootstrap tree #4, logLikelihood: -5848.219628
[00:00:13] Bootstrap tree #5, logLikelihood: -5657.746661
[00:00:15] Bootstrap tree #6, logLikelihood: -5922.704895
[00:00:18] Bootstrap tree #7, logLikelihood: -5962.903156
[00:00:21] Bootstrap tree #8, logLikelihood: -5694.797595
[00:00:24] Bootstrap tree #9, logLikelihood: -5638.763533
[00:00:27] Bootstrap tree #10, logLikelihood: -5832.444626

Optimized model parameters:

   Partition 0: noname
   Rate heterogeneity: NONE
   Base frequencies (ML): 0.243429 0.228341 0.251292 0.276938 
   Substitution rates (ML): 1.102299 1.056741 1.102937 1.052540 1.083347 1.000000 
Bootstrap trees saved to: /home/morelbt/github/BenoitDatasets/families/alesim_s30_f50_sites200_d2.0_l1.0_seed42/pargenes/mlsearch_run/bootstraps/22_prunedfasta/22_prunedfasta_bs0.raxml.bootstraps

Execution log saved to: /home/morelbt/github/BenoitDatasets/families/alesim_s30_f50_sites200_d2.0_l1.0_seed42/pargenes/mlsearch_run/bootstraps/22_prunedfasta/22_prunedfasta_bs0.raxml.log

Analysis started: 11-Dec-2018 20:56:54 / finished: 11-Dec-2018 20:57:21

Elapsed time: 27.213 seconds

