
RAxML-NG v. 0.6.0git BETA released on 27.07.2018 by The Exelixis Lab.
Authors: Alexey Kozlov, Alexandros Stamatakis, Diego Darriba, Tomas Flouri, Benoit Morel.
Latest version: https://github.com/amkozlov/raxml-ng
Questions/problems/suggestions? Please visit: https://groups.google.com/forum/#!forum/raxml

WARNING: This is a BETA release, please use at your own risk!

RAxML-NG was called as follows:

mpi-scheduler --bootstrap --msa ../BenoitDatasets/families/jsim_s27_f100_sites1000_d2.0_l1.0_seed6/pargenes/parse_run/results/92_fasta/92_fasta.raxml.rba --blopt nr_safe --model GTR --prefix ../BenoitDatasets/families/jsim_s27_f100_sites1000_d2.0_l1.0_seed6/pargenes/mlsearch_run/bootstraps/92_fasta/92_fasta_bs2 --threads 1 --seed 3 --bs-trees 10

Analysis options:
  run mode: Bootstrapping
  start tree(s): 
  bootstrap replicates: 10
  random seed: 3
  tip-inner: ON
  pattern compression: ON
  per-rate scalers: OFF
  site repeats: OFF
  branch lengths: linked (ML estimate, algorithm: NR-SAFE)
  SIMD kernels: AVX2
  parallelization: NONE/sequential

WARNING: The model you specified on the command line (GTR) will be ignored 
         since the binary MSA file already contains a model definition.
         If you want to change the model, please re-run RAxML-NG 
         with the original PHYLIP/FASTA alignment and --redo option.

[00:00:00] Loading binary alignment from file: ../BenoitDatasets/families/jsim_s27_f100_sites1000_d2.0_l1.0_seed6/pargenes/parse_run/results/92_fasta/92_fasta.raxml.rba
[00:00:00] Alignment comprises 75 taxa, 1 partitions and 1000 patterns

Partition 0: noname
Model: GTR+FO
Alignment sites / patterns: 1000 / 1000
Gaps: 0.00 %
Invariant sites: 0.00 %


[00:00:00] Data distribution: max. partitions/sites/weight per thread: 1 / 1000 / 4000
[00:00:00] Starting bootstrapping analysis with 10 replicates.

[00:00:18] Bootstrap tree #1, logLikelihood: -64183.167871
[00:00:34] Bootstrap tree #2, logLikelihood: -64070.977724
[00:00:50] Bootstrap tree #3, logLikelihood: -64415.793947
[00:01:05] Bootstrap tree #4, logLikelihood: -64084.722823
[00:01:23] Bootstrap tree #5, logLikelihood: -63992.702851
[00:01:44] Bootstrap tree #6, logLikelihood: -63828.345959
[00:02:06] Bootstrap tree #7, logLikelihood: -64355.393780
[00:02:24] Bootstrap tree #8, logLikelihood: -64223.638821
[00:02:41] Bootstrap tree #9, logLikelihood: -63928.559356
[00:03:00] Bootstrap tree #10, logLikelihood: -64137.762057

Optimized model parameters:

   Partition 0: noname
   Rate heterogeneity: NONE
   Base frequencies (ML): 0.255003 0.249785 0.246845 0.248367 
   Substitution rates (ML): 0.968106 0.934112 0.928717 0.964459 0.993757 1.000000 
Bootstrap trees saved to: /home/morelbt/github/BenoitDatasets/families/jsim_s27_f100_sites1000_d2.0_l1.0_seed6/pargenes/mlsearch_run/bootstraps/92_fasta/92_fasta_bs2.raxml.bootstraps

Execution log saved to: /home/morelbt/github/BenoitDatasets/families/jsim_s27_f100_sites1000_d2.0_l1.0_seed6/pargenes/mlsearch_run/bootstraps/92_fasta/92_fasta_bs2.raxml.log

Analysis started: 07-Dec-2018 15:38:35 / finished: 07-Dec-2018 15:41:36

Elapsed time: 180.267 seconds

