
RAxML-NG v. 0.6.0git BETA released on 27.07.2018 by The Exelixis Lab.
Authors: Alexey Kozlov, Alexandros Stamatakis, Diego Darriba, Tomas Flouri, Benoit Morel.
Latest version: https://github.com/amkozlov/raxml-ng
Questions/problems/suggestions? Please visit: https://groups.google.com/forum/#!forum/raxml

WARNING: This is a BETA release, please use at your own risk!

RAxML-NG was called as follows:

mpi-scheduler --msa ../BenoitDatasets/families/alesim_s30_f50_sites200_d2.0_l1.0_seed42/pargenes/parse_run/results/23_prunedfasta/23_prunedfasta.raxml.rba --blopt nr_safe --model GTR --prefix ../BenoitDatasets/families/alesim_s30_f50_sites200_d2.0_l1.0_seed42/pargenes/mlsearch_run/results/23_prunedfasta/23_prunedfasta --threads 1 --seed 1

Analysis options:
  run mode: ML tree search
  start tree(s): random (1)
  random seed: 1
  tip-inner: ON
  pattern compression: ON
  per-rate scalers: OFF
  site repeats: OFF
  fast spr radius: AUTO
  spr subtree cutoff: 1.000000
  branch lengths: linked (ML estimate, algorithm: NR-SAFE)
  SIMD kernels: AVX2
  parallelization: NONE/sequential

WARNING: The model you specified on the command line (GTR) will be ignored 
         since the binary MSA file already contains a model definition.
         If you want to change the model, please re-run RAxML-NG 
         with the original PHYLIP/FASTA alignment and --redo option.

[00:00:00] Loading binary alignment from file: ../BenoitDatasets/families/alesim_s30_f50_sites200_d2.0_l1.0_seed42/pargenes/parse_run/results/23_prunedfasta/23_prunedfasta.raxml.rba
[00:00:00] Alignment comprises 243 taxa, 1 partitions and 200 patterns

Partition 0: noname
Model: GTR+FO
Alignment sites / patterns: 200 / 200
Gaps: 0.00 %
Invariant sites: 0.00 %


[00:00:00] Generating 1 random starting tree(s) with 243 taxa
[00:00:00] Data distribution: max. partitions/sites/weight per thread: 1 / 200 / 800

Starting ML tree search with 1 distinct starting trees

[00:00:00 -76865.290179] Initial branch length optimization
[00:00:00 -57777.654785] Model parameter optimization (eps = 10.000000)
[00:00:00 -57749.822437] AUTODETECT spr round 1 (radius: 5)
[00:00:00 -44016.727133] AUTODETECT spr round 2 (radius: 10)
[00:00:01 -35946.577758] AUTODETECT spr round 3 (radius: 15)
[00:00:03 -29275.074721] AUTODETECT spr round 4 (radius: 20)
[00:00:04 -25624.006355] AUTODETECT spr round 5 (radius: 25)
[00:00:05 -24656.107399] SPR radius for FAST iterations: 25 (autodetect)
[00:00:05 -24656.107399] Model parameter optimization (eps = 3.000000)
[00:00:06 -24608.711857] FAST spr round 1 (radius: 25)
[00:00:07 -18107.029168] FAST spr round 2 (radius: 25)
[00:00:07 -17490.023785] FAST spr round 3 (radius: 25)
[00:00:08 -17317.444794] FAST spr round 4 (radius: 25)
[00:00:09 -17222.827956] FAST spr round 5 (radius: 25)
[00:00:10 -17220.453950] FAST spr round 6 (radius: 25)
[00:00:10 -17220.443996] Model parameter optimization (eps = 1.000000)
[00:00:11 -17218.666985] SLOW spr round 1 (radius: 5)
[00:00:12 -17216.259949] SLOW spr round 2 (radius: 5)
[00:00:14 -17216.258868] SLOW spr round 3 (radius: 10)
[00:00:17 -17216.258342] SLOW spr round 4 (radius: 15)
[00:00:22 -17216.258078] SLOW spr round 5 (radius: 20)
[00:00:26 -17216.257945] SLOW spr round 6 (radius: 25)
[00:00:29 -17216.031955] SLOW spr round 7 (radius: 5)
[00:00:33 -17214.743350] SLOW spr round 8 (radius: 5)
[00:00:37 -17214.741889] SLOW spr round 9 (radius: 10)
[00:00:39 -17214.741097] SLOW spr round 10 (radius: 15)
[00:00:43 -17214.740669] SLOW spr round 11 (radius: 20)
[00:00:47 -17214.740437] SLOW spr round 12 (radius: 25)
[00:00:50 -17214.740311] Model parameter optimization (eps = 0.100000)

[00:00:50] ML tree search #1, logLikelihood: -17214.699517


Optimized model parameters:

   Partition 0: noname
   Rate heterogeneity: NONE
   Base frequencies (ML): 0.254095 0.247765 0.251927 0.246214 
   Substitution rates (ML): 0.930377 0.973411 0.972042 0.874730 1.052860 1.000000 

Final LogLikelihood: -17214.699517

Best ML tree saved to: /home/morelbt/github/BenoitDatasets/families/alesim_s30_f50_sites200_d2.0_l1.0_seed42/pargenes/mlsearch_run/results/23_prunedfasta/23_prunedfasta.raxml.bestTree
Optimized model saved to: /home/morelbt/github/BenoitDatasets/families/alesim_s30_f50_sites200_d2.0_l1.0_seed42/pargenes/mlsearch_run/results/23_prunedfasta/23_prunedfasta.raxml.bestModel

Execution log saved to: /home/morelbt/github/BenoitDatasets/families/alesim_s30_f50_sites200_d2.0_l1.0_seed42/pargenes/mlsearch_run/results/23_prunedfasta/23_prunedfasta.raxml.log

Analysis started: 11-Dec-2018 20:57:57 / finished: 11-Dec-2018 20:58:48

Elapsed time: 50.886 seconds

