
RAxML-NG v. 0.6.0git BETA released on 27.07.2018 by The Exelixis Lab.
Authors: Alexey Kozlov, Alexandros Stamatakis, Diego Darriba, Tomas Flouri, Benoit Morel.
Latest version: https://github.com/amkozlov/raxml-ng
Questions/problems/suggestions? Please visit: https://groups.google.com/forum/#!forum/raxml

WARNING: This is a BETA release, please use at your own risk!

RAxML-NG was called as follows:

mpi-scheduler --bootstrap --msa ../BenoitDatasets/families/jsim_s27_f100_sites1000_d2.0_l1.0_seed6/pargenes/parse_run/results/18_fasta/18_fasta.raxml.rba --blopt nr_safe --model GTR --prefix ../BenoitDatasets/families/jsim_s27_f100_sites1000_d2.0_l1.0_seed6/pargenes/mlsearch_run/bootstraps/18_fasta/18_fasta_bs5 --threads 1 --seed 6 --bs-trees 10

Analysis options:
  run mode: Bootstrapping
  start tree(s): 
  bootstrap replicates: 10
  random seed: 6
  tip-inner: ON
  pattern compression: ON
  per-rate scalers: OFF
  site repeats: OFF
  branch lengths: linked (ML estimate, algorithm: NR-SAFE)
  SIMD kernels: AVX2
  parallelization: NONE/sequential

WARNING: The model you specified on the command line (GTR) will be ignored 
         since the binary MSA file already contains a model definition.
         If you want to change the model, please re-run RAxML-NG 
         with the original PHYLIP/FASTA alignment and --redo option.

[00:00:00] Loading binary alignment from file: ../BenoitDatasets/families/jsim_s27_f100_sites1000_d2.0_l1.0_seed6/pargenes/parse_run/results/18_fasta/18_fasta.raxml.rba
[00:00:00] Alignment comprises 6 taxa, 1 partitions and 567 patterns

Partition 0: noname
Model: GTR+FO
Alignment sites / patterns: 1000 / 567
Gaps: 0.00 %
Invariant sites: 0.40 %


[00:00:00] Data distribution: max. partitions/sites/weight per thread: 1 / 567 / 2268
[00:00:00] Starting bootstrapping analysis with 10 replicates.

[00:00:00] Bootstrap tree #1, logLikelihood: -6971.629230
[00:00:00] Bootstrap tree #2, logLikelihood: -6988.900495
[00:00:00] Bootstrap tree #3, logLikelihood: -7078.623864
[00:00:00] Bootstrap tree #4, logLikelihood: -6958.951004
[00:00:00] Bootstrap tree #5, logLikelihood: -6936.968589
[00:00:00] Bootstrap tree #6, logLikelihood: -6856.363848
[00:00:01] Bootstrap tree #7, logLikelihood: -6955.985166
[00:00:01] Bootstrap tree #8, logLikelihood: -6924.455649
[00:00:01] Bootstrap tree #9, logLikelihood: -7005.753602
[00:00:01] Bootstrap tree #10, logLikelihood: -6970.312774

Optimized model parameters:

   Partition 0: noname
   Rate heterogeneity: NONE
   Base frequencies (ML): 0.265263 0.250044 0.254108 0.230584 
   Substitution rates (ML): 0.977452 1.162029 0.849896 0.893910 1.106662 1.000000 
Bootstrap trees saved to: /home/morelbt/github/BenoitDatasets/families/jsim_s27_f100_sites1000_d2.0_l1.0_seed6/pargenes/mlsearch_run/bootstraps/18_fasta/18_fasta_bs5.raxml.bootstraps

Execution log saved to: /home/morelbt/github/BenoitDatasets/families/jsim_s27_f100_sites1000_d2.0_l1.0_seed6/pargenes/mlsearch_run/bootstraps/18_fasta/18_fasta_bs5.raxml.log

Analysis started: 07-Dec-2018 15:55:55 / finished: 07-Dec-2018 15:55:57

Elapsed time: 1.745 seconds

