
RAxML-NG v. 0.6.0git BETA released on 27.07.2018 by The Exelixis Lab.
Authors: Alexey Kozlov, Alexandros Stamatakis, Diego Darriba, Tomas Flouri, Benoit Morel.
Latest version: https://github.com/amkozlov/raxml-ng
Questions/problems/suggestions? Please visit: https://groups.google.com/forum/#!forum/raxml

WARNING: This is a BETA release, please use at your own risk!

RAxML-NG was called as follows:

mpi-scheduler --bootstrap --msa ../BenoitDatasets/families/jsim_s8_f100_sites300_d2.0_l1.0_t0.5_seed6/pargenes/parse_run/results/58_pruned_fasta/58_pruned_fasta.raxml.rba --blopt nr_safe --model GTR --prefix ../BenoitDatasets/families/jsim_s8_f100_sites300_d2.0_l1.0_t0.5_seed6/pargenes/mlsearch_run/bootstraps/58_pruned_fasta/58_pruned_fasta_bs4 --threads 1 --seed 5 --bs-trees 10

Analysis options:
  run mode: Bootstrapping
  start tree(s): 
  bootstrap replicates: 10
  random seed: 5
  tip-inner: ON
  pattern compression: ON
  per-rate scalers: OFF
  site repeats: OFF
  branch lengths: linked (ML estimate, algorithm: NR-SAFE)
  SIMD kernels: AVX2
  parallelization: NONE/sequential

WARNING: The model you specified on the command line (GTR) will be ignored 
         since the binary MSA file already contains a model definition.
         If you want to change the model, please re-run RAxML-NG 
         with the original PHYLIP/FASTA alignment and --redo option.

[00:00:00] Loading binary alignment from file: ../BenoitDatasets/families/jsim_s8_f100_sites300_d2.0_l1.0_t0.5_seed6/pargenes/parse_run/results/58_pruned_fasta/58_pruned_fasta.raxml.rba
[00:00:00] Alignment comprises 61 taxa, 1 partitions and 300 patterns

Partition 0: noname
Model: GTR+FO
Alignment sites / patterns: 300 / 300
Gaps: 0.00 %
Invariant sites: 0.00 %


[00:00:00] Data distribution: max. partitions/sites/weight per thread: 1 / 300 / 1200
[00:00:00] Starting bootstrapping analysis with 10 replicates.

[00:00:06] Bootstrap tree #1, logLikelihood: -15991.591440
[00:00:17] Bootstrap tree #2, logLikelihood: -15952.877703
[00:00:24] Bootstrap tree #3, logLikelihood: -15833.614255
[00:00:30] Bootstrap tree #4, logLikelihood: -16054.343707
[00:00:38] Bootstrap tree #5, logLikelihood: -16031.351309
[00:00:43] Bootstrap tree #6, logLikelihood: -15968.316447
[00:00:48] Bootstrap tree #7, logLikelihood: -16087.769674
[00:00:53] Bootstrap tree #8, logLikelihood: -15786.111587
[00:01:03] Bootstrap tree #9, logLikelihood: -16249.123754
[00:01:08] Bootstrap tree #10, logLikelihood: -15988.461425

Optimized model parameters:

   Partition 0: noname
   Rate heterogeneity: NONE
   Base frequencies (ML): 0.252095 0.246682 0.233868 0.267355 
   Substitution rates (ML): 0.982036 0.952854 0.915032 1.032027 0.911368 1.000000 
Bootstrap trees saved to: /home/morelbt/github/BenoitDatasets/families/jsim_s8_f100_sites300_d2.0_l1.0_t0.5_seed6/pargenes/mlsearch_run/bootstraps/58_pruned_fasta/58_pruned_fasta_bs4.raxml.bootstraps

Execution log saved to: /home/morelbt/github/BenoitDatasets/families/jsim_s8_f100_sites300_d2.0_l1.0_t0.5_seed6/pargenes/mlsearch_run/bootstraps/58_pruned_fasta/58_pruned_fasta_bs4.raxml.log

Analysis started: 14-Jan-2019 13:31:16 / finished: 14-Jan-2019 13:32:24

Elapsed time: 68.332 seconds

