
RAxML-NG v. 0.6.0git BETA released on 27.07.2018 by The Exelixis Lab.
Authors: Alexey Kozlov, Alexandros Stamatakis, Diego Darriba, Tomas Flouri, Benoit Morel.
Latest version: https://github.com/amkozlov/raxml-ng
Questions/problems/suggestions? Please visit: https://groups.google.com/forum/#!forum/raxml

WARNING: This is a BETA release, please use at your own risk!

RAxML-NG was called as follows:

mpi-scheduler --bootstrap --msa ../BenoitDatasets/families/alesim_s30_f50_sites200_d2.0_l1.0_seed42/pargenes/parse_run/results/0_prunedfasta/0_prunedfasta.raxml.rba --blopt nr_safe --model GTR --prefix ../BenoitDatasets/families/alesim_s30_f50_sites200_d2.0_l1.0_seed42/pargenes/mlsearch_run/bootstraps/0_prunedfasta/0_prunedfasta_bs2 --threads 1 --seed 3 --bs-trees 10

Analysis options:
  run mode: Bootstrapping
  start tree(s): 
  bootstrap replicates: 10
  random seed: 3
  tip-inner: ON
  pattern compression: ON
  per-rate scalers: OFF
  site repeats: OFF
  branch lengths: linked (ML estimate, algorithm: NR-SAFE)
  SIMD kernels: AVX2
  parallelization: NONE/sequential

WARNING: The model you specified on the command line (GTR) will be ignored 
         since the binary MSA file already contains a model definition.
         If you want to change the model, please re-run RAxML-NG 
         with the original PHYLIP/FASTA alignment and --redo option.

[00:00:00] Loading binary alignment from file: ../BenoitDatasets/families/alesim_s30_f50_sites200_d2.0_l1.0_seed42/pargenes/parse_run/results/0_prunedfasta/0_prunedfasta.raxml.rba
[00:00:00] Alignment comprises 92 taxa, 1 partitions and 200 patterns

Partition 0: noname
Model: GTR+FO
Alignment sites / patterns: 200 / 200
Gaps: 0.00 %
Invariant sites: 0.00 %


[00:00:00] Data distribution: max. partitions/sites/weight per thread: 1 / 200 / 800
[00:00:00] Starting bootstrapping analysis with 10 replicates.

[00:00:03] Bootstrap tree #1, logLikelihood: -6031.055845
[00:00:07] Bootstrap tree #2, logLikelihood: -6009.327814
[00:00:09] Bootstrap tree #3, logLikelihood: -6092.218107
[00:00:12] Bootstrap tree #4, logLikelihood: -6217.501818
[00:00:16] Bootstrap tree #5, logLikelihood: -6270.012722
[00:00:19] Bootstrap tree #6, logLikelihood: -6258.639102
[00:00:23] Bootstrap tree #7, logLikelihood: -6101.266828
[00:00:26] Bootstrap tree #8, logLikelihood: -6197.454600
[00:00:30] Bootstrap tree #9, logLikelihood: -6140.399713
[00:00:33] Bootstrap tree #10, logLikelihood: -6283.779792

Optimized model parameters:

   Partition 0: noname
   Rate heterogeneity: NONE
   Base frequencies (ML): 0.273598 0.260625 0.222193 0.243584 
   Substitution rates (ML): 0.890859 0.863507 1.078522 0.879630 0.806034 1.000000 
Bootstrap trees saved to: /home/morelbt/github/BenoitDatasets/families/alesim_s30_f50_sites200_d2.0_l1.0_seed42/pargenes/mlsearch_run/bootstraps/0_prunedfasta/0_prunedfasta_bs2.raxml.bootstraps

Execution log saved to: /home/morelbt/github/BenoitDatasets/families/alesim_s30_f50_sites200_d2.0_l1.0_seed42/pargenes/mlsearch_run/bootstraps/0_prunedfasta/0_prunedfasta_bs2.raxml.log

Analysis started: 11-Dec-2018 20:56:32 / finished: 11-Dec-2018 20:57:06

Elapsed time: 33.406 seconds

