
RAxML-NG v. 0.6.0git BETA released on 27.07.2018 by The Exelixis Lab.
Authors: Alexey Kozlov, Alexandros Stamatakis, Diego Darriba, Tomas Flouri, Benoit Morel.
Latest version: https://github.com/amkozlov/raxml-ng
Questions/problems/suggestions? Please visit: https://groups.google.com/forum/#!forum/raxml

WARNING: This is a BETA release, please use at your own risk!

RAxML-NG was called as follows:

mpi-scheduler --bootstrap --msa ../BenoitDatasets/families/alesim_s30_f50_sites200_d2.0_l1.0_seed42/pargenes/parse_run/results/0_prunedfasta/0_prunedfasta.raxml.rba --blopt nr_safe --model GTR --prefix ../BenoitDatasets/families/alesim_s30_f50_sites200_d2.0_l1.0_seed42/pargenes/mlsearch_run/bootstraps/0_prunedfasta/0_prunedfasta_bs3 --threads 1 --seed 4 --bs-trees 10

Analysis options:
  run mode: Bootstrapping
  start tree(s): 
  bootstrap replicates: 10
  random seed: 4
  tip-inner: ON
  pattern compression: ON
  per-rate scalers: OFF
  site repeats: OFF
  branch lengths: linked (ML estimate, algorithm: NR-SAFE)
  SIMD kernels: AVX2
  parallelization: NONE/sequential

WARNING: The model you specified on the command line (GTR) will be ignored 
         since the binary MSA file already contains a model definition.
         If you want to change the model, please re-run RAxML-NG 
         with the original PHYLIP/FASTA alignment and --redo option.

[00:00:00] Loading binary alignment from file: ../BenoitDatasets/families/alesim_s30_f50_sites200_d2.0_l1.0_seed42/pargenes/parse_run/results/0_prunedfasta/0_prunedfasta.raxml.rba
[00:00:00] Alignment comprises 92 taxa, 1 partitions and 200 patterns

Partition 0: noname
Model: GTR+FO
Alignment sites / patterns: 200 / 200
Gaps: 0.00 %
Invariant sites: 0.00 %


[00:00:00] Data distribution: max. partitions/sites/weight per thread: 1 / 200 / 800
[00:00:00] Starting bootstrapping analysis with 10 replicates.

[00:00:03] Bootstrap tree #1, logLikelihood: -6102.282916
[00:00:07] Bootstrap tree #2, logLikelihood: -6135.529627
[00:00:10] Bootstrap tree #3, logLikelihood: -6038.554442
[00:00:14] Bootstrap tree #4, logLikelihood: -6077.883374
[00:00:18] Bootstrap tree #5, logLikelihood: -6141.496679
[00:00:21] Bootstrap tree #6, logLikelihood: -6273.214318
[00:00:24] Bootstrap tree #7, logLikelihood: -6174.522953
[00:00:28] Bootstrap tree #8, logLikelihood: -6274.794201
[00:00:31] Bootstrap tree #9, logLikelihood: -6052.857334
[00:00:35] Bootstrap tree #10, logLikelihood: -6315.109929

Optimized model parameters:

   Partition 0: noname
   Rate heterogeneity: NONE
   Base frequencies (ML): 0.257515 0.244633 0.240005 0.257847 
   Substitution rates (ML): 1.017157 0.960527 1.155701 0.968999 0.995276 1.000000 
Bootstrap trees saved to: /home/morelbt/github/BenoitDatasets/families/alesim_s30_f50_sites200_d2.0_l1.0_seed42/pargenes/mlsearch_run/bootstraps/0_prunedfasta/0_prunedfasta_bs3.raxml.bootstraps

Execution log saved to: /home/morelbt/github/BenoitDatasets/families/alesim_s30_f50_sites200_d2.0_l1.0_seed42/pargenes/mlsearch_run/bootstraps/0_prunedfasta/0_prunedfasta_bs3.raxml.log

Analysis started: 11-Dec-2018 20:56:32 / finished: 11-Dec-2018 20:57:07

Elapsed time: 35.251 seconds

