
RAxML-NG v. 0.6.0git BETA released on 27.07.2018 by The Exelixis Lab.
Authors: Alexey Kozlov, Alexandros Stamatakis, Diego Darriba, Tomas Flouri, Benoit Morel.
Latest version: https://github.com/amkozlov/raxml-ng
Questions/problems/suggestions? Please visit: https://groups.google.com/forum/#!forum/raxml

WARNING: This is a BETA release, please use at your own risk!

RAxML-NG was called as follows:

mpi-scheduler --bootstrap --msa ../BenoitDatasets/families/alesim_s20_f50_sites400_d1.0_l0.5_seed42/pargenes/parse_run/results/41_prunedfasta/41_prunedfasta.raxml.rba --blopt nr_safe --model GTR --prefix ../BenoitDatasets/families/alesim_s20_f50_sites400_d1.0_l0.5_seed42/pargenes/mlsearch_run/bootstraps/41_prunedfasta/41_prunedfasta_bs7 --threads 1 --seed 8 --bs-trees 10

Analysis options:
  run mode: Bootstrapping
  start tree(s): 
  bootstrap replicates: 10
  random seed: 8
  tip-inner: ON
  pattern compression: ON
  per-rate scalers: OFF
  site repeats: OFF
  branch lengths: linked (ML estimate, algorithm: NR-SAFE)
  SIMD kernels: AVX2
  parallelization: NONE/sequential

WARNING: The model you specified on the command line (GTR) will be ignored 
         since the binary MSA file already contains a model definition.
         If you want to change the model, please re-run RAxML-NG 
         with the original PHYLIP/FASTA alignment and --redo option.

[00:00:00] Loading binary alignment from file: ../BenoitDatasets/families/alesim_s20_f50_sites400_d1.0_l0.5_seed42/pargenes/parse_run/results/41_prunedfasta/41_prunedfasta.raxml.rba
[00:00:00] Alignment comprises 6 taxa, 1 partitions and 104 patterns

Partition 0: noname
Model: GTR+FO
Alignment sites / patterns: 400 / 104
Gaps: 0.00 %
Invariant sites: 1.00 %


[00:00:00] Data distribution: max. partitions/sites/weight per thread: 1 / 104 / 416
[00:00:00] Starting bootstrapping analysis with 10 replicates.

[00:00:00] Bootstrap tree #1, logLikelihood: -1526.021772
[00:00:00] Bootstrap tree #2, logLikelihood: -1515.985963
[00:00:00] Bootstrap tree #3, logLikelihood: -1540.184484
[00:00:00] Bootstrap tree #4, logLikelihood: -1461.207461
[00:00:00] Bootstrap tree #5, logLikelihood: -1508.296008
[00:00:00] Bootstrap tree #6, logLikelihood: -1499.322273
[00:00:00] Bootstrap tree #7, logLikelihood: -1494.526720
[00:00:00] Bootstrap tree #8, logLikelihood: -1635.590951
[00:00:00] Bootstrap tree #9, logLikelihood: -1539.976125
[00:00:00] Bootstrap tree #10, logLikelihood: -1488.711753

Optimized model parameters:

   Partition 0: noname
   Rate heterogeneity: NONE
   Base frequencies (ML): 0.251099 0.219031 0.272520 0.257350 
   Substitution rates (ML): 2.194805 1.309218 0.840080 2.346220 1.252491 1.000000 
Bootstrap trees saved to: /home/morelbt/github/BenoitDatasets/families/alesim_s20_f50_sites400_d1.0_l0.5_seed42/pargenes/mlsearch_run/bootstraps/41_prunedfasta/41_prunedfasta_bs7.raxml.bootstraps

Execution log saved to: /home/morelbt/github/BenoitDatasets/families/alesim_s20_f50_sites400_d1.0_l0.5_seed42/pargenes/mlsearch_run/bootstraps/41_prunedfasta/41_prunedfasta_bs7.raxml.log

Analysis started: 11-Dec-2018 15:35:16 / finished: 11-Dec-2018 15:35:17

Elapsed time: 0.244 seconds

