
RAxML-NG v. 0.6.0git BETA released on 27.07.2018 by The Exelixis Lab.
Authors: Alexey Kozlov, Alexandros Stamatakis, Diego Darriba, Tomas Flouri, Benoit Morel.
Latest version: https://github.com/amkozlov/raxml-ng
Questions/problems/suggestions? Please visit: https://groups.google.com/forum/#!forum/raxml

WARNING: This is a BETA release, please use at your own risk!

RAxML-NG was called as follows:

mpi-scheduler --msa ../BenoitDatasets/families/jsim_s8_f100_sites300_d2.0_l1.0/pargenes/parse_run/results/75_fasta/75_fasta.raxml.rba --blopt nr_safe --model GTR --prefix ../BenoitDatasets/families/jsim_s8_f100_sites300_d2.0_l1.0/pargenes/mlsearch_run/results/75_fasta/75_fasta --threads 1 --seed 1

Analysis options:
  run mode: ML tree search
  start tree(s): random (1)
  random seed: 1
  tip-inner: ON
  pattern compression: ON
  per-rate scalers: OFF
  site repeats: OFF
  fast spr radius: AUTO
  spr subtree cutoff: 1.000000
  branch lengths: linked (ML estimate, algorithm: NR-SAFE)
  SIMD kernels: AVX2
  parallelization: NONE/sequential

WARNING: The model you specified on the command line (GTR) will be ignored 
         since the binary MSA file already contains a model definition.
         If you want to change the model, please re-run RAxML-NG 
         with the original PHYLIP/FASTA alignment and --redo option.

[00:00:00] Loading binary alignment from file: ../BenoitDatasets/families/jsim_s8_f100_sites300_d2.0_l1.0/pargenes/parse_run/results/75_fasta/75_fasta.raxml.rba
[00:00:00] Alignment comprises 9 taxa, 1 partitions and 293 patterns

Partition 0: noname
Model: GTR+FO
Alignment sites / patterns: 300 / 293
Gaps: 0.00 %
Invariant sites: 0.00 %


[00:00:00] Generating 1 random starting tree(s) with 9 taxa
[00:00:00] Data distribution: max. partitions/sites/weight per thread: 1 / 293 / 1172

Starting ML tree search with 1 distinct starting trees

[00:00:00 -4224.864146] Initial branch length optimization
[00:00:00 -3106.588643] Model parameter optimization (eps = 10.000000)
[00:00:00 -3101.186730] AUTODETECT spr round 1 (radius: 5)
[00:00:00 -3031.129859] SPR radius for FAST iterations: 5 (autodetect)
[00:00:00 -3031.129859] Model parameter optimization (eps = 3.000000)
[00:00:00 -3030.134378] FAST spr round 1 (radius: 5)
[00:00:00 -3028.909483] FAST spr round 2 (radius: 5)
[00:00:00 -3027.123834] FAST spr round 3 (radius: 5)
[00:00:00 -3027.020999] FAST spr round 4 (radius: 5)
[00:00:00 -3027.018239] Model parameter optimization (eps = 1.000000)
[00:00:00 -3026.830324] SLOW spr round 1 (radius: 5)
[00:00:00 -3026.829855] Model parameter optimization (eps = 0.100000)

[00:00:00] ML tree search #1, logLikelihood: -3026.829556


Optimized model parameters:

   Partition 0: noname
   Rate heterogeneity: NONE
   Base frequencies (ML): 0.224645 0.270738 0.255225 0.249393 
   Substitution rates (ML): 1.130821 1.234692 1.349101 1.217465 1.001223 1.000000 

Final LogLikelihood: -3026.829556

Best ML tree saved to: /home/morelbt/github/BenoitDatasets/families/jsim_s8_f100_sites300_d2.0_l1.0/pargenes/mlsearch_run/results/75_fasta/75_fasta.raxml.bestTree
Optimized model saved to: /home/morelbt/github/BenoitDatasets/families/jsim_s8_f100_sites300_d2.0_l1.0/pargenes/mlsearch_run/results/75_fasta/75_fasta.raxml.bestModel

Execution log saved to: /home/morelbt/github/BenoitDatasets/families/jsim_s8_f100_sites300_d2.0_l1.0/pargenes/mlsearch_run/results/75_fasta/75_fasta.raxml.log

Analysis started: 05-Dec-2018 13:33:01 / finished: 05-Dec-2018 13:33:01

Elapsed time: 0.271 seconds

