
RAxML-NG v. 0.6.0git BETA released on 27.07.2018 by The Exelixis Lab.
Authors: Alexey Kozlov, Alexandros Stamatakis, Diego Darriba, Tomas Flouri, Benoit Morel.
Latest version: https://github.com/amkozlov/raxml-ng
Questions/problems/suggestions? Please visit: https://groups.google.com/forum/#!forum/raxml

WARNING: This is a BETA release, please use at your own risk!

RAxML-NG was called as follows:

mpi-scheduler --bootstrap --msa ../BenoitDatasets/families/jsim_s8_f100_sites300_d2.0_l1.0/pargenes/parse_run/results/17_fasta/17_fasta.raxml.rba --blopt nr_safe --model GTR --prefix ../BenoitDatasets/families/jsim_s8_f100_sites300_d2.0_l1.0/pargenes/mlsearch_run/bootstraps/17_fasta/17_fasta_bs6 --threads 1 --seed 7 --bs-trees 10

Analysis options:
  run mode: Bootstrapping
  start tree(s): 
  bootstrap replicates: 10
  random seed: 7
  tip-inner: ON
  pattern compression: ON
  per-rate scalers: OFF
  site repeats: OFF
  branch lengths: linked (ML estimate, algorithm: NR-SAFE)
  SIMD kernels: AVX2
  parallelization: NONE/sequential

WARNING: The model you specified on the command line (GTR) will be ignored 
         since the binary MSA file already contains a model definition.
         If you want to change the model, please re-run RAxML-NG 
         with the original PHYLIP/FASTA alignment and --redo option.

[00:00:00] Loading binary alignment from file: ../BenoitDatasets/families/jsim_s8_f100_sites300_d2.0_l1.0/pargenes/parse_run/results/17_fasta/17_fasta.raxml.rba
[00:00:00] Alignment comprises 4 taxa, 1 partitions and 89 patterns

Partition 0: noname
Model: GTR+FO
Alignment sites / patterns: 300 / 89
Gaps: 0.00 %
Invariant sites: 1.33 %


[00:00:00] Data distribution: max. partitions/sites/weight per thread: 1 / 89 / 356
[00:00:00] Starting bootstrapping analysis with 10 replicates.

[00:00:00] Bootstrap tree #1, logLikelihood: -1247.370463
[00:00:00] Bootstrap tree #2, logLikelihood: -1233.854352
[00:00:00] Bootstrap tree #3, logLikelihood: -1264.376717
[00:00:00] Bootstrap tree #4, logLikelihood: -1263.616128
[00:00:00] Bootstrap tree #5, logLikelihood: -1256.744276
[00:00:00] Bootstrap tree #6, logLikelihood: -1246.741772
[00:00:00] Bootstrap tree #7, logLikelihood: -1246.995054
[00:00:00] Bootstrap tree #8, logLikelihood: -1259.127261
[00:00:00] Bootstrap tree #9, logLikelihood: -1251.569280
[00:00:00] Bootstrap tree #10, logLikelihood: -1235.965488

Optimized model parameters:

   Partition 0: noname
   Rate heterogeneity: NONE
   Base frequencies (ML): 0.247375 0.225155 0.260584 0.266887 
   Substitution rates (ML): 1.179939 0.360014 0.765867 0.829641 0.539090 1.000000 
Bootstrap trees saved to: /home/morelbt/github/BenoitDatasets/families/jsim_s8_f100_sites300_d2.0_l1.0/pargenes/mlsearch_run/bootstraps/17_fasta/17_fasta_bs6.raxml.bootstraps

Execution log saved to: /home/morelbt/github/BenoitDatasets/families/jsim_s8_f100_sites300_d2.0_l1.0/pargenes/mlsearch_run/bootstraps/17_fasta/17_fasta_bs6.raxml.log

Analysis started: 05-Dec-2018 13:33:01 / finished: 05-Dec-2018 13:33:01

Elapsed time: 0.106 seconds

