
RAxML-NG v. 0.6.0git BETA released on 27.07.2018 by The Exelixis Lab.
Authors: Alexey Kozlov, Alexandros Stamatakis, Diego Darriba, Tomas Flouri, Benoit Morel.
Latest version: https://github.com/amkozlov/raxml-ng
Questions/problems/suggestions? Please visit: https://groups.google.com/forum/#!forum/raxml

WARNING: This is a BETA release, please use at your own risk!

RAxML-NG was called as follows:

mpi-scheduler --bootstrap --msa ../BenoitDatasets/families/alesim_s20_f50_sites400_d1.0_l0.5_seed42/pargenes/parse_run/results/51_prunedfasta/51_prunedfasta.raxml.rba --blopt nr_safe --model GTR --prefix ../BenoitDatasets/families/alesim_s20_f50_sites400_d1.0_l0.5_seed42/pargenes/mlsearch_run/bootstraps/51_prunedfasta/51_prunedfasta_bs9 --threads 1 --seed 10 --bs-trees 10

Analysis options:
  run mode: Bootstrapping
  start tree(s): 
  bootstrap replicates: 10
  random seed: 10
  tip-inner: ON
  pattern compression: ON
  per-rate scalers: OFF
  site repeats: OFF
  branch lengths: linked (ML estimate, algorithm: NR-SAFE)
  SIMD kernels: AVX2
  parallelization: NONE/sequential

WARNING: The model you specified on the command line (GTR) will be ignored 
         since the binary MSA file already contains a model definition.
         If you want to change the model, please re-run RAxML-NG 
         with the original PHYLIP/FASTA alignment and --redo option.

[00:00:00] Loading binary alignment from file: ../BenoitDatasets/families/alesim_s20_f50_sites400_d1.0_l0.5_seed42/pargenes/parse_run/results/51_prunedfasta/51_prunedfasta.raxml.rba
[00:00:00] Alignment comprises 112 taxa, 1 partitions and 400 patterns

Partition 0: noname
Model: GTR+FO
Alignment sites / patterns: 400 / 400
Gaps: 0.00 %
Invariant sites: 0.00 %


[00:00:00] Data distribution: max. partitions/sites/weight per thread: 1 / 400 / 1600
[00:00:00] Starting bootstrapping analysis with 10 replicates.

[00:00:14] Bootstrap tree #1, logLikelihood: -20383.727423
[00:00:25] Bootstrap tree #2, logLikelihood: -20429.447219
[00:00:42] Bootstrap tree #3, logLikelihood: -20366.542380
[00:00:53] Bootstrap tree #4, logLikelihood: -20536.150444
[00:01:04] Bootstrap tree #5, logLikelihood: -20474.127032
[00:01:27] Bootstrap tree #6, logLikelihood: -20573.423666
[00:01:43] Bootstrap tree #7, logLikelihood: -20005.650565
[00:01:55] Bootstrap tree #8, logLikelihood: -20718.090839
[00:02:07] Bootstrap tree #9, logLikelihood: -21537.751816
[00:02:42] Bootstrap tree #10, logLikelihood: -20345.711870

Optimized model parameters:

   Partition 0: noname
   Rate heterogeneity: NONE
   Base frequencies (ML): 0.263189 0.235381 0.242279 0.259151 
   Substitution rates (ML): 1.005436 1.005904 0.978254 1.191203 1.112569 1.000000 
Bootstrap trees saved to: /home/morelbt/github/BenoitDatasets/families/alesim_s20_f50_sites400_d1.0_l0.5_seed42/pargenes/mlsearch_run/bootstraps/51_prunedfasta/51_prunedfasta_bs9.raxml.bootstraps

Execution log saved to: /home/morelbt/github/BenoitDatasets/families/alesim_s20_f50_sites400_d1.0_l0.5_seed42/pargenes/mlsearch_run/bootstraps/51_prunedfasta/51_prunedfasta_bs9.raxml.log

Analysis started: 11-Dec-2018 15:28:03 / finished: 11-Dec-2018 15:30:46

Elapsed time: 162.739 seconds

