
RAxML-NG v. 0.6.0git BETA released on 27.07.2018 by The Exelixis Lab.
Authors: Alexey Kozlov, Alexandros Stamatakis, Diego Darriba, Tomas Flouri, Benoit Morel.
Latest version: https://github.com/amkozlov/raxml-ng
Questions/problems/suggestions? Please visit: https://groups.google.com/forum/#!forum/raxml

WARNING: This is a BETA release, please use at your own risk!

RAxML-NG was called as follows:

mpi-scheduler --bootstrap --msa ../BenoitDatasets/families/alesim_s20_f50_sites400_d1.0_l0.5_seed42/pargenes/parse_run/results/9_prunedfasta/9_prunedfasta.raxml.rba --blopt nr_safe --model GTR --prefix ../BenoitDatasets/families/alesim_s20_f50_sites400_d1.0_l0.5_seed42/pargenes/mlsearch_run/bootstraps/9_prunedfasta/9_prunedfasta_bs2 --threads 1 --seed 3 --bs-trees 10

Analysis options:
  run mode: Bootstrapping
  start tree(s): 
  bootstrap replicates: 10
  random seed: 3
  tip-inner: ON
  pattern compression: ON
  per-rate scalers: OFF
  site repeats: OFF
  branch lengths: linked (ML estimate, algorithm: NR-SAFE)
  SIMD kernels: AVX2
  parallelization: NONE/sequential

WARNING: The model you specified on the command line (GTR) will be ignored 
         since the binary MSA file already contains a model definition.
         If you want to change the model, please re-run RAxML-NG 
         with the original PHYLIP/FASTA alignment and --redo option.

[00:00:00] Loading binary alignment from file: ../BenoitDatasets/families/alesim_s20_f50_sites400_d1.0_l0.5_seed42/pargenes/parse_run/results/9_prunedfasta/9_prunedfasta.raxml.rba
[00:00:00] Alignment comprises 28 taxa, 1 partitions and 367 patterns

Partition 0: noname
Model: GTR+FO
Alignment sites / patterns: 400 / 367
Gaps: 0.00 %
Invariant sites: 0.75 %


[00:00:00] Data distribution: max. partitions/sites/weight per thread: 1 / 367 / 1468
[00:00:00] Starting bootstrapping analysis with 10 replicates.

[00:00:00] Bootstrap tree #1, logLikelihood: -5049.471304
[00:00:01] Bootstrap tree #2, logLikelihood: -5180.288033
[00:00:02] Bootstrap tree #3, logLikelihood: -5107.332036
[00:00:03] Bootstrap tree #4, logLikelihood: -5192.683688
[00:00:04] Bootstrap tree #5, logLikelihood: -5075.173822
[00:00:06] Bootstrap tree #6, logLikelihood: -5189.076511
[00:00:07] Bootstrap tree #7, logLikelihood: -5144.138035
[00:00:08] Bootstrap tree #8, logLikelihood: -5071.494242
[00:00:09] Bootstrap tree #9, logLikelihood: -5163.893418
[00:00:10] Bootstrap tree #10, logLikelihood: -5412.151633

Optimized model parameters:

   Partition 0: noname
   Rate heterogeneity: NONE
   Base frequencies (ML): 0.277165 0.243422 0.223227 0.256186 
   Substitution rates (ML): 0.879189 0.737935 0.770734 0.848046 0.692098 1.000000 
Bootstrap trees saved to: /home/morelbt/github/BenoitDatasets/families/alesim_s20_f50_sites400_d1.0_l0.5_seed42/pargenes/mlsearch_run/bootstraps/9_prunedfasta/9_prunedfasta_bs2.raxml.bootstraps

Execution log saved to: /home/morelbt/github/BenoitDatasets/families/alesim_s20_f50_sites400_d1.0_l0.5_seed42/pargenes/mlsearch_run/bootstraps/9_prunedfasta/9_prunedfasta_bs2.raxml.log

Analysis started: 11-Dec-2018 15:34:38 / finished: 11-Dec-2018 15:34:49

Elapsed time: 10.604 seconds

