
RAxML-NG v. 0.6.0git BETA released on 27.07.2018 by The Exelixis Lab.
Authors: Alexey Kozlov, Alexandros Stamatakis, Diego Darriba, Tomas Flouri, Benoit Morel.
Latest version: https://github.com/amkozlov/raxml-ng
Questions/problems/suggestions? Please visit: https://groups.google.com/forum/#!forum/raxml

WARNING: This is a BETA release, please use at your own risk!

RAxML-NG was called as follows:

mpi-scheduler --bootstrap --msa ../BenoitDatasets/families/alesim_s20_f50_sites400_d1.0_l0.5_seed42/pargenes/parse_run/results/9_prunedfasta/9_prunedfasta.raxml.rba --blopt nr_safe --model GTR --prefix ../BenoitDatasets/families/alesim_s20_f50_sites400_d1.0_l0.5_seed42/pargenes/mlsearch_run/bootstraps/9_prunedfasta/9_prunedfasta_bs6 --threads 1 --seed 7 --bs-trees 10

Analysis options:
  run mode: Bootstrapping
  start tree(s): 
  bootstrap replicates: 10
  random seed: 7
  tip-inner: ON
  pattern compression: ON
  per-rate scalers: OFF
  site repeats: OFF
  branch lengths: linked (ML estimate, algorithm: NR-SAFE)
  SIMD kernels: AVX2
  parallelization: NONE/sequential

WARNING: The model you specified on the command line (GTR) will be ignored 
         since the binary MSA file already contains a model definition.
         If you want to change the model, please re-run RAxML-NG 
         with the original PHYLIP/FASTA alignment and --redo option.

[00:00:00] Loading binary alignment from file: ../BenoitDatasets/families/alesim_s20_f50_sites400_d1.0_l0.5_seed42/pargenes/parse_run/results/9_prunedfasta/9_prunedfasta.raxml.rba
[00:00:00] Alignment comprises 28 taxa, 1 partitions and 367 patterns

Partition 0: noname
Model: GTR+FO
Alignment sites / patterns: 400 / 367
Gaps: 0.00 %
Invariant sites: 0.75 %


[00:00:00] Data distribution: max. partitions/sites/weight per thread: 1 / 367 / 1468
[00:00:00] Starting bootstrapping analysis with 10 replicates.

[00:00:00] Bootstrap tree #1, logLikelihood: -5367.983836
[00:00:02] Bootstrap tree #2, logLikelihood: -5295.883233
[00:00:03] Bootstrap tree #3, logLikelihood: -5221.309560
[00:00:04] Bootstrap tree #4, logLikelihood: -5201.879604
[00:00:05] Bootstrap tree #5, logLikelihood: -5167.979039
[00:00:06] Bootstrap tree #6, logLikelihood: -5285.922103
[00:00:07] Bootstrap tree #7, logLikelihood: -5238.847916
[00:00:08] Bootstrap tree #8, logLikelihood: -5283.681018
[00:00:09] Bootstrap tree #9, logLikelihood: -5155.683346
[00:00:10] Bootstrap tree #10, logLikelihood: -5308.115011

Optimized model parameters:

   Partition 0: noname
   Rate heterogeneity: NONE
   Base frequencies (ML): 0.259098 0.254281 0.241897 0.244724 
   Substitution rates (ML): 0.833564 0.767099 1.011254 1.078622 0.909591 1.000000 
Bootstrap trees saved to: /home/morelbt/github/BenoitDatasets/families/alesim_s20_f50_sites400_d1.0_l0.5_seed42/pargenes/mlsearch_run/bootstraps/9_prunedfasta/9_prunedfasta_bs6.raxml.bootstraps

Execution log saved to: /home/morelbt/github/BenoitDatasets/families/alesim_s20_f50_sites400_d1.0_l0.5_seed42/pargenes/mlsearch_run/bootstraps/9_prunedfasta/9_prunedfasta_bs6.raxml.log

Analysis started: 11-Dec-2018 15:34:34 / finished: 11-Dec-2018 15:34:44

Elapsed time: 10.200 seconds

