
RAxML-NG v. 0.6.0git BETA released on 27.07.2018 by The Exelixis Lab.
Authors: Alexey Kozlov, Alexandros Stamatakis, Diego Darriba, Tomas Flouri, Benoit Morel.
Latest version: https://github.com/amkozlov/raxml-ng
Questions/problems/suggestions? Please visit: https://groups.google.com/forum/#!forum/raxml

WARNING: This is a BETA release, please use at your own risk!

RAxML-NG was called as follows:

mpi-scheduler --bootstrap --msa ../BenoitDatasets/families/alesim_s20_f50_sites400_d1.0_l0.5_seed42/pargenes/parse_run/results/9_prunedfasta/9_prunedfasta.raxml.rba --blopt nr_safe --model GTR --prefix ../BenoitDatasets/families/alesim_s20_f50_sites400_d1.0_l0.5_seed42/pargenes/mlsearch_run/bootstraps/9_prunedfasta/9_prunedfasta_bs5 --threads 1 --seed 6 --bs-trees 10

Analysis options:
  run mode: Bootstrapping
  start tree(s): 
  bootstrap replicates: 10
  random seed: 6
  tip-inner: ON
  pattern compression: ON
  per-rate scalers: OFF
  site repeats: OFF
  branch lengths: linked (ML estimate, algorithm: NR-SAFE)
  SIMD kernels: AVX2
  parallelization: NONE/sequential

WARNING: The model you specified on the command line (GTR) will be ignored 
         since the binary MSA file already contains a model definition.
         If you want to change the model, please re-run RAxML-NG 
         with the original PHYLIP/FASTA alignment and --redo option.

[00:00:00] Loading binary alignment from file: ../BenoitDatasets/families/alesim_s20_f50_sites400_d1.0_l0.5_seed42/pargenes/parse_run/results/9_prunedfasta/9_prunedfasta.raxml.rba
[00:00:00] Alignment comprises 28 taxa, 1 partitions and 367 patterns

Partition 0: noname
Model: GTR+FO
Alignment sites / patterns: 400 / 367
Gaps: 0.00 %
Invariant sites: 0.75 %


[00:00:00] Data distribution: max. partitions/sites/weight per thread: 1 / 367 / 1468
[00:00:00] Starting bootstrapping analysis with 10 replicates.

[00:00:01] Bootstrap tree #1, logLikelihood: -5099.110736
[00:00:02] Bootstrap tree #2, logLikelihood: -5362.840417
[00:00:03] Bootstrap tree #3, logLikelihood: -5152.725155
[00:00:03] Bootstrap tree #4, logLikelihood: -5210.246905
[00:00:04] Bootstrap tree #5, logLikelihood: -5096.271171
[00:00:05] Bootstrap tree #6, logLikelihood: -5152.543439
[00:00:06] Bootstrap tree #7, logLikelihood: -5262.368757
[00:00:07] Bootstrap tree #8, logLikelihood: -5254.198488
[00:00:08] Bootstrap tree #9, logLikelihood: -5230.116898
[00:00:09] Bootstrap tree #10, logLikelihood: -5112.290632

Optimized model parameters:

   Partition 0: noname
   Rate heterogeneity: NONE
   Base frequencies (ML): 0.272226 0.263636 0.232370 0.231767 
   Substitution rates (ML): 1.104154 0.927780 1.025348 1.065339 1.097753 1.000000 
Bootstrap trees saved to: /home/morelbt/github/BenoitDatasets/families/alesim_s20_f50_sites400_d1.0_l0.5_seed42/pargenes/mlsearch_run/bootstraps/9_prunedfasta/9_prunedfasta_bs5.raxml.bootstraps

Execution log saved to: /home/morelbt/github/BenoitDatasets/families/alesim_s20_f50_sites400_d1.0_l0.5_seed42/pargenes/mlsearch_run/bootstraps/9_prunedfasta/9_prunedfasta_bs5.raxml.log

Analysis started: 11-Dec-2018 15:34:34 / finished: 11-Dec-2018 15:34:44

Elapsed time: 9.317 seconds

