
RAxML-NG v. 0.6.0git BETA released on 27.07.2018 by The Exelixis Lab.
Authors: Alexey Kozlov, Alexandros Stamatakis, Diego Darriba, Tomas Flouri, Benoit Morel.
Latest version: https://github.com/amkozlov/raxml-ng
Questions/problems/suggestions? Please visit: https://groups.google.com/forum/#!forum/raxml

WARNING: This is a BETA release, please use at your own risk!

RAxML-NG was called as follows:

mpi-scheduler --bootstrap --msa ../BenoitDatasets/families/jsim_s27_f100_sites1000_d2.0_l1.0_seed6/pargenes/parse_run/results/23_fasta/23_fasta.raxml.rba --blopt nr_safe --model GTR --prefix ../BenoitDatasets/families/jsim_s27_f100_sites1000_d2.0_l1.0_seed6/pargenes/mlsearch_run/bootstraps/23_fasta/23_fasta_bs5 --threads 1 --seed 6 --bs-trees 10

Analysis options:
  run mode: Bootstrapping
  start tree(s): 
  bootstrap replicates: 10
  random seed: 6
  tip-inner: ON
  pattern compression: ON
  per-rate scalers: OFF
  site repeats: OFF
  branch lengths: linked (ML estimate, algorithm: NR-SAFE)
  SIMD kernels: AVX2
  parallelization: NONE/sequential

WARNING: The model you specified on the command line (GTR) will be ignored 
         since the binary MSA file already contains a model definition.
         If you want to change the model, please re-run RAxML-NG 
         with the original PHYLIP/FASTA alignment and --redo option.

[00:00:00] Loading binary alignment from file: ../BenoitDatasets/families/jsim_s27_f100_sites1000_d2.0_l1.0_seed6/pargenes/parse_run/results/23_fasta/23_fasta.raxml.rba
[00:00:00] Alignment comprises 37 taxa, 1 partitions and 1000 patterns

Partition 0: noname
Model: GTR+FO
Alignment sites / patterns: 1000 / 1000
Gaps: 0.00 %
Invariant sites: 0.00 %


[00:00:00] Data distribution: max. partitions/sites/weight per thread: 1 / 1000 / 4000
[00:00:00] Starting bootstrapping analysis with 10 replicates.

[00:00:07] Bootstrap tree #1, logLikelihood: -31344.452551
[00:00:13] Bootstrap tree #2, logLikelihood: -31064.501832
[00:00:20] Bootstrap tree #3, logLikelihood: -31105.757894
[00:00:25] Bootstrap tree #4, logLikelihood: -31530.722848
[00:00:31] Bootstrap tree #5, logLikelihood: -31817.378542
[00:00:37] Bootstrap tree #6, logLikelihood: -30943.888820
[00:00:44] Bootstrap tree #7, logLikelihood: -31418.303940
[00:00:49] Bootstrap tree #8, logLikelihood: -31168.303163
[00:00:56] Bootstrap tree #9, logLikelihood: -31134.487329
[00:01:03] Bootstrap tree #10, logLikelihood: -31261.244642

Optimized model parameters:

   Partition 0: noname
   Rate heterogeneity: NONE
   Base frequencies (ML): 0.241226 0.248839 0.250920 0.259015 
   Substitution rates (ML): 1.037954 1.163094 1.123944 1.063027 1.089552 1.000000 
Bootstrap trees saved to: /home/morelbt/github/BenoitDatasets/families/jsim_s27_f100_sites1000_d2.0_l1.0_seed6/pargenes/mlsearch_run/bootstraps/23_fasta/23_fasta_bs5.raxml.bootstraps

Execution log saved to: /home/morelbt/github/BenoitDatasets/families/jsim_s27_f100_sites1000_d2.0_l1.0_seed6/pargenes/mlsearch_run/bootstraps/23_fasta/23_fasta_bs5.raxml.log

Analysis started: 07-Dec-2018 15:49:03 / finished: 07-Dec-2018 15:50:06

Elapsed time: 63.902 seconds

