
RAxML-NG v. 0.6.0git BETA released on 27.07.2018 by The Exelixis Lab.
Authors: Alexey Kozlov, Alexandros Stamatakis, Diego Darriba, Tomas Flouri, Benoit Morel.
Latest version: https://github.com/amkozlov/raxml-ng
Questions/problems/suggestions? Please visit: https://groups.google.com/forum/#!forum/raxml

WARNING: This is a BETA release, please use at your own risk!

RAxML-NG was called as follows:

mpi-scheduler --bootstrap --msa ../BenoitDatasets/families/jsim_s8_f100_sites300_d2.0_l1.0/pargenes/parse_run/results/69_fasta/69_fasta.raxml.rba --blopt nr_safe --model GTR --prefix ../BenoitDatasets/families/jsim_s8_f100_sites300_d2.0_l1.0/pargenes/mlsearch_run/bootstraps/69_fasta/69_fasta_bs0 --threads 1 --seed 1 --bs-trees 10

Analysis options:
  run mode: Bootstrapping
  start tree(s): 
  bootstrap replicates: 10
  random seed: 1
  tip-inner: ON
  pattern compression: ON
  per-rate scalers: OFF
  site repeats: OFF
  branch lengths: linked (ML estimate, algorithm: NR-SAFE)
  SIMD kernels: AVX2
  parallelization: NONE/sequential

WARNING: The model you specified on the command line (GTR) will be ignored 
         since the binary MSA file already contains a model definition.
         If you want to change the model, please re-run RAxML-NG 
         with the original PHYLIP/FASTA alignment and --redo option.

[00:00:00] Loading binary alignment from file: ../BenoitDatasets/families/jsim_s8_f100_sites300_d2.0_l1.0/pargenes/parse_run/results/69_fasta/69_fasta.raxml.rba
[00:00:00] Alignment comprises 5 taxa, 1 partitions and 84 patterns

Partition 0: noname
Model: GTR+FO
Alignment sites / patterns: 300 / 84
Gaps: 0.00 %
Invariant sites: 1.33 %


[00:00:00] Data distribution: max. partitions/sites/weight per thread: 1 / 84 / 336
[00:00:00] Starting bootstrapping analysis with 10 replicates.

[00:00:00] Bootstrap tree #1, logLikelihood: -1329.888837
[00:00:00] Bootstrap tree #2, logLikelihood: -1344.216040
[00:00:00] Bootstrap tree #3, logLikelihood: -1284.499015
[00:00:00] Bootstrap tree #4, logLikelihood: -1270.112862
[00:00:00] Bootstrap tree #5, logLikelihood: -1296.574252
[00:00:00] Bootstrap tree #6, logLikelihood: -1349.809675
[00:00:00] Bootstrap tree #7, logLikelihood: -1341.018137
[00:00:00] Bootstrap tree #8, logLikelihood: -1305.153386
[00:00:00] Bootstrap tree #9, logLikelihood: -1318.607031
[00:00:00] Bootstrap tree #10, logLikelihood: -1293.736297

Optimized model parameters:

   Partition 0: noname
   Rate heterogeneity: NONE
   Base frequencies (ML): 0.260930 0.232805 0.230690 0.275575 
   Substitution rates (ML): 1.179217 1.411529 0.461769 2.015209 1.210075 1.000000 
Bootstrap trees saved to: /home/morelbt/github/BenoitDatasets/families/jsim_s8_f100_sites300_d2.0_l1.0/pargenes/mlsearch_run/bootstraps/69_fasta/69_fasta_bs0.raxml.bootstraps

Execution log saved to: /home/morelbt/github/BenoitDatasets/families/jsim_s8_f100_sites300_d2.0_l1.0/pargenes/mlsearch_run/bootstraps/69_fasta/69_fasta_bs0.raxml.log

Analysis started: 05-Dec-2018 13:33:00 / finished: 05-Dec-2018 13:33:01

Elapsed time: 0.179 seconds

