
RAxML-NG v. 0.6.0git BETA released on 27.07.2018 by The Exelixis Lab.
Authors: Alexey Kozlov, Alexandros Stamatakis, Diego Darriba, Tomas Flouri, Benoit Morel.
Latest version: https://github.com/amkozlov/raxml-ng
Questions/problems/suggestions? Please visit: https://groups.google.com/forum/#!forum/raxml

WARNING: This is a BETA release, please use at your own risk!

RAxML-NG was called as follows:

mpi-scheduler --bootstrap --msa ../BenoitDatasets/families/jsim_s27_f100_sites200_d6.0_l3.0_seed6/pargenes/parse_run/results/27_fasta/27_fasta.raxml.rba --blopt nr_safe --model GTR --prefix ../BenoitDatasets/families/jsim_s27_f100_sites200_d6.0_l3.0_seed6/pargenes/mlsearch_run/bootstraps/27_fasta/27_fasta_bs0 --threads 1 --seed 1 --bs-trees 10

Analysis options:
  run mode: Bootstrapping
  start tree(s): 
  bootstrap replicates: 10
  random seed: 1
  tip-inner: ON
  pattern compression: ON
  per-rate scalers: OFF
  site repeats: OFF
  branch lengths: linked (ML estimate, algorithm: NR-SAFE)
  SIMD kernels: AVX2
  parallelization: NONE/sequential

WARNING: The model you specified on the command line (GTR) will be ignored 
         since the binary MSA file already contains a model definition.
         If you want to change the model, please re-run RAxML-NG 
         with the original PHYLIP/FASTA alignment and --redo option.

[00:00:00] Loading binary alignment from file: ../BenoitDatasets/families/jsim_s27_f100_sites200_d6.0_l3.0_seed6/pargenes/parse_run/results/27_fasta/27_fasta.raxml.rba
[00:00:00] Alignment comprises 10 taxa, 1 partitions and 175 patterns

Partition 0: noname
Model: GTR+FO
Alignment sites / patterns: 200 / 175
Gaps: 0.00 %
Invariant sites: 2.00 %


[00:00:00] Data distribution: max. partitions/sites/weight per thread: 1 / 175 / 700
[00:00:00] Starting bootstrapping analysis with 10 replicates.

[00:00:00] Bootstrap tree #1, logLikelihood: -1566.542575
[00:00:00] Bootstrap tree #2, logLikelihood: -1683.257059
[00:00:00] Bootstrap tree #3, logLikelihood: -1613.583004
[00:00:00] Bootstrap tree #4, logLikelihood: -1660.777032
[00:00:00] Bootstrap tree #5, logLikelihood: -1723.904525
[00:00:00] Bootstrap tree #6, logLikelihood: -1596.529137
[00:00:00] Bootstrap tree #7, logLikelihood: -1677.208425
[00:00:00] Bootstrap tree #8, logLikelihood: -1601.609138
[00:00:01] Bootstrap tree #9, logLikelihood: -1632.270766
[00:00:01] Bootstrap tree #10, logLikelihood: -1561.804860

Optimized model parameters:

   Partition 0: noname
   Rate heterogeneity: NONE
   Base frequencies (ML): 0.289064 0.263476 0.212539 0.234921 
   Substitution rates (ML): 0.226465 0.715359 0.529973 0.855726 0.619777 1.000000 
Bootstrap trees saved to: /home/morelbt/github/BenoitDatasets/families/jsim_s27_f100_sites200_d6.0_l3.0_seed6/pargenes/mlsearch_run/bootstraps/27_fasta/27_fasta_bs0.raxml.bootstraps

Execution log saved to: /home/morelbt/github/BenoitDatasets/families/jsim_s27_f100_sites200_d6.0_l3.0_seed6/pargenes/mlsearch_run/bootstraps/27_fasta/27_fasta_bs0.raxml.log

Analysis started: 07-Dec-2018 15:32:54 / finished: 07-Dec-2018 15:32:55

Elapsed time: 1.194 seconds

