
RAxML-NG v. 0.6.0git BETA released on 27.07.2018 by The Exelixis Lab.
Authors: Alexey Kozlov, Alexandros Stamatakis, Diego Darriba, Tomas Flouri, Benoit Morel.
Latest version: https://github.com/amkozlov/raxml-ng
Questions/problems/suggestions? Please visit: https://groups.google.com/forum/#!forum/raxml

WARNING: This is a BETA release, please use at your own risk!

RAxML-NG was called as follows:

mpi-scheduler --msa ../BenoitDatasets/families/jsim_s27_f100_sites200_d2.0_l1.0_seed6/pargenes/parse_run/results/52_fasta/52_fasta.raxml.rba --blopt nr_safe --model GTR --prefix ../BenoitDatasets/families/jsim_s27_f100_sites200_d2.0_l1.0_seed6/pargenes/mlsearch_run/results/52_fasta/52_fasta --threads 1 --seed 1

Analysis options:
  run mode: ML tree search
  start tree(s): random (1)
  random seed: 1
  tip-inner: ON
  pattern compression: ON
  per-rate scalers: OFF
  site repeats: OFF
  fast spr radius: AUTO
  spr subtree cutoff: 1.000000
  branch lengths: linked (ML estimate, algorithm: NR-SAFE)
  SIMD kernels: AVX2
  parallelization: NONE/sequential

WARNING: The model you specified on the command line (GTR) will be ignored 
         since the binary MSA file already contains a model definition.
         If you want to change the model, please re-run RAxML-NG 
         with the original PHYLIP/FASTA alignment and --redo option.

[00:00:00] Loading binary alignment from file: ../BenoitDatasets/families/jsim_s27_f100_sites200_d2.0_l1.0_seed6/pargenes/parse_run/results/52_fasta/52_fasta.raxml.rba
[00:00:00] Alignment comprises 7 taxa, 1 partitions and 185 patterns

Partition 0: noname
Model: GTR+FO
Alignment sites / patterns: 200 / 185
Gaps: 0.00 %
Invariant sites: 0.00 %


[00:00:00] Generating 1 random starting tree(s) with 7 taxa
[00:00:00] Data distribution: max. partitions/sites/weight per thread: 1 / 185 / 740

Starting ML tree search with 1 distinct starting trees

[00:00:00 -2206.697091] Initial branch length optimization
[00:00:00 -1536.891203] Model parameter optimization (eps = 10.000000)
[00:00:00 -1534.007425] AUTODETECT spr round 1 (radius: 5)
[00:00:00 -1533.003663] SPR radius for FAST iterations: 5 (autodetect)
[00:00:00 -1533.003663] Model parameter optimization (eps = 3.000000)
[00:00:00 -1532.609407] FAST spr round 1 (radius: 5)
[00:00:00 -1529.162589] FAST spr round 2 (radius: 5)
[00:00:00 -1528.732080] FAST spr round 3 (radius: 5)
[00:00:00 -1528.480667] FAST spr round 4 (radius: 5)
[00:00:00 -1528.452745] Model parameter optimization (eps = 1.000000)
[00:00:00 -1528.187951] SLOW spr round 1 (radius: 5)
[00:00:00 -1528.184680] Model parameter optimization (eps = 0.100000)

[00:00:00] ML tree search #1, logLikelihood: -1528.183393


Optimized model parameters:

   Partition 0: noname
   Rate heterogeneity: NONE
   Base frequencies (ML): 0.233135 0.236635 0.259328 0.270902 
   Substitution rates (ML): 0.500620 0.916189 0.633348 0.613845 0.583426 1.000000 

Final LogLikelihood: -1528.183393

Best ML tree saved to: /home/morelbt/github/BenoitDatasets/families/jsim_s27_f100_sites200_d2.0_l1.0_seed6/pargenes/mlsearch_run/results/52_fasta/52_fasta.raxml.bestTree
Optimized model saved to: /home/morelbt/github/BenoitDatasets/families/jsim_s27_f100_sites200_d2.0_l1.0_seed6/pargenes/mlsearch_run/results/52_fasta/52_fasta.raxml.bestModel

Execution log saved to: /home/morelbt/github/BenoitDatasets/families/jsim_s27_f100_sites200_d2.0_l1.0_seed6/pargenes/mlsearch_run/results/52_fasta/52_fasta.raxml.log

Analysis started: 07-Dec-2018 15:27:58 / finished: 07-Dec-2018 15:27:59

Elapsed time: 0.087 seconds

