
RAxML-NG v. 0.6.0git BETA released on 27.07.2018 by The Exelixis Lab.
Authors: Alexey Kozlov, Alexandros Stamatakis, Diego Darriba, Tomas Flouri, Benoit Morel.
Latest version: https://github.com/amkozlov/raxml-ng
Questions/problems/suggestions? Please visit: https://groups.google.com/forum/#!forum/raxml

WARNING: This is a BETA release, please use at your own risk!

RAxML-NG was called as follows:

mpi-scheduler --bootstrap --msa ../BenoitDatasets/families/alesim_s20_f50_sites400_d1.0_l0.5_t0.5_seed42/pargenes/parse_run/results/1_pruned_fasta/1_pruned_fasta.raxml.rba --blopt nr_safe --model GTR --prefix ../BenoitDatasets/families/alesim_s20_f50_sites400_d1.0_l0.5_t0.5_seed42/pargenes/mlsearch_run/bootstraps/1_pruned_fasta/1_pruned_fasta_bs3 --threads 1 --seed 4 --bs-trees 10

Analysis options:
  run mode: Bootstrapping
  start tree(s): 
  bootstrap replicates: 10
  random seed: 4
  tip-inner: ON
  pattern compression: ON
  per-rate scalers: OFF
  site repeats: OFF
  branch lengths: linked (ML estimate, algorithm: NR-SAFE)
  SIMD kernels: AVX2
  parallelization: NONE/sequential

WARNING: The model you specified on the command line (GTR) will be ignored 
         since the binary MSA file already contains a model definition.
         If you want to change the model, please re-run RAxML-NG 
         with the original PHYLIP/FASTA alignment and --redo option.

[00:00:00] Loading binary alignment from file: ../BenoitDatasets/families/alesim_s20_f50_sites400_d1.0_l0.5_t0.5_seed42/pargenes/parse_run/results/1_pruned_fasta/1_pruned_fasta.raxml.rba
[00:00:00] Alignment comprises 515 taxa, 1 partitions and 400 patterns

Partition 0: noname
Model: GTR+FO
Alignment sites / patterns: 400 / 400
Gaps: 0.00 %
Invariant sites: 0.00 %


[00:00:00] Data distribution: max. partitions/sites/weight per thread: 1 / 400 / 1600
[00:00:00] Starting bootstrapping analysis with 10 replicates.

[00:02:24] Bootstrap tree #1, logLikelihood: -108112.040038
[00:07:00] Bootstrap tree #2, logLikelihood: -105723.043538
[00:11:50] Bootstrap tree #3, logLikelihood: -105620.695429
[00:15:37] Bootstrap tree #4, logLikelihood: -110771.575218
[00:22:16] Bootstrap tree #5, logLikelihood: -107586.170486
[00:26:08] Bootstrap tree #6, logLikelihood: -109773.008316
[00:31:20] Bootstrap tree #7, logLikelihood: -118577.902072
[00:34:48] Bootstrap tree #8, logLikelihood: -106095.604313
[00:37:12] Bootstrap tree #9, logLikelihood: -106997.895672
[00:46:52] Bootstrap tree #10, logLikelihood: -103962.328964

Optimized model parameters:

   Partition 0: noname
   Rate heterogeneity: NONE
   Base frequencies (ML): 0.251266 0.243790 0.252435 0.252509 
   Substitution rates (ML): 1.060862 1.053187 0.991853 1.017937 1.009140 1.000000 
Bootstrap trees saved to: /home/morelbt/github/BenoitDatasets/families/alesim_s20_f50_sites400_d1.0_l0.5_t0.5_seed42/pargenes/mlsearch_run/bootstraps/1_pruned_fasta/1_pruned_fasta_bs3.raxml.bootstraps

Execution log saved to: /home/morelbt/github/BenoitDatasets/families/alesim_s20_f50_sites400_d1.0_l0.5_t0.5_seed42/pargenes/mlsearch_run/bootstraps/1_pruned_fasta/1_pruned_fasta_bs3.raxml.log

Analysis started: 22-Jan-2019 14:23:30 / finished: 22-Jan-2019 15:10:22

Elapsed time: 2812.059 seconds

