
RAxML-NG v. 0.6.0git BETA released on 27.07.2018 by The Exelixis Lab.
Authors: Alexey Kozlov, Alexandros Stamatakis, Diego Darriba, Tomas Flouri, Benoit Morel.
Latest version: https://github.com/amkozlov/raxml-ng
Questions/problems/suggestions? Please visit: https://groups.google.com/forum/#!forum/raxml

WARNING: This is a BETA release, please use at your own risk!

RAxML-NG was called as follows:

mpi-scheduler --msa ../BenoitDatasets/families/jsim_s27_f100_sites200_d0.2_l0.1_seed6/pargenes/parse_run/results/37_fasta/37_fasta.raxml.rba --blopt nr_safe --model GTR --prefix ../BenoitDatasets/families/jsim_s27_f100_sites200_d0.2_l0.1_seed6/pargenes/mlsearch_run/results/37_fasta/37_fasta --threads 1 --seed 1

Analysis options:
  run mode: ML tree search
  start tree(s): random (1)
  random seed: 1
  tip-inner: ON
  pattern compression: ON
  per-rate scalers: OFF
  site repeats: OFF
  fast spr radius: AUTO
  spr subtree cutoff: 1.000000
  branch lengths: linked (ML estimate, algorithm: NR-SAFE)
  SIMD kernels: AVX2
  parallelization: NONE/sequential

WARNING: The model you specified on the command line (GTR) will be ignored 
         since the binary MSA file already contains a model definition.
         If you want to change the model, please re-run RAxML-NG 
         with the original PHYLIP/FASTA alignment and --redo option.

[00:00:00] Loading binary alignment from file: ../BenoitDatasets/families/jsim_s27_f100_sites200_d0.2_l0.1_seed6/pargenes/parse_run/results/37_fasta/37_fasta.raxml.rba
[00:00:00] Alignment comprises 15 taxa, 1 partitions and 200 patterns

Partition 0: noname
Model: GTR+FO
Alignment sites / patterns: 200 / 200
Gaps: 0.00 %
Invariant sites: 0.00 %


[00:00:00] Generating 1 random starting tree(s) with 15 taxa
[00:00:00] Data distribution: max. partitions/sites/weight per thread: 1 / 200 / 800

Starting ML tree search with 1 distinct starting trees

[00:00:00 -4675.479480] Initial branch length optimization
[00:00:00 -3795.037477] Model parameter optimization (eps = 10.000000)
[00:00:00 -3788.513709] AUTODETECT spr round 1 (radius: 5)
[00:00:00 -3533.480799] AUTODETECT spr round 2 (radius: 10)
[00:00:00 -3533.470523] SPR radius for FAST iterations: 5 (autodetect)
[00:00:00 -3533.470523] Model parameter optimization (eps = 3.000000)
[00:00:00 -3532.521065] FAST spr round 1 (radius: 5)
[00:00:00 -3523.253572] FAST spr round 2 (radius: 5)
[00:00:00 -3522.526697] FAST spr round 3 (radius: 5)
[00:00:00 -3520.946360] FAST spr round 4 (radius: 5)
[00:00:00 -3520.936206] Model parameter optimization (eps = 1.000000)
[00:00:00 -3520.283002] SLOW spr round 1 (radius: 5)
[00:00:00 -3520.278204] SLOW spr round 2 (radius: 10)
[00:00:00 -3520.277185] SLOW spr round 3 (radius: 15)
[00:00:00 -3520.276960] Model parameter optimization (eps = 0.100000)

[00:00:00] ML tree search #1, logLikelihood: -3520.273816


Optimized model parameters:

   Partition 0: noname
   Rate heterogeneity: NONE
   Base frequencies (ML): 0.233550 0.256666 0.246774 0.263011 
   Substitution rates (ML): 0.711336 0.936669 0.862617 0.788369 0.982951 1.000000 

Final LogLikelihood: -3520.273816

Best ML tree saved to: /home/morelbt/github/BenoitDatasets/families/jsim_s27_f100_sites200_d0.2_l0.1_seed6/pargenes/mlsearch_run/results/37_fasta/37_fasta.raxml.bestTree
Optimized model saved to: /home/morelbt/github/BenoitDatasets/families/jsim_s27_f100_sites200_d0.2_l0.1_seed6/pargenes/mlsearch_run/results/37_fasta/37_fasta.raxml.bestModel

Execution log saved to: /home/morelbt/github/BenoitDatasets/families/jsim_s27_f100_sites200_d0.2_l0.1_seed6/pargenes/mlsearch_run/results/37_fasta/37_fasta.raxml.log

Analysis started: 07-Dec-2018 16:06:19 / finished: 07-Dec-2018 16:06:19

Elapsed time: 0.485 seconds

