
RAxML-NG v. 0.6.0git BETA released on 27.07.2018 by The Exelixis Lab.
Authors: Alexey Kozlov, Alexandros Stamatakis, Diego Darriba, Tomas Flouri, Benoit Morel.
Latest version: https://github.com/amkozlov/raxml-ng
Questions/problems/suggestions? Please visit: https://groups.google.com/forum/#!forum/raxml

WARNING: This is a BETA release, please use at your own risk!

RAxML-NG was called as follows:

mpi-scheduler --bootstrap --msa ../BenoitDatasets/families/jsim_s27_f100_sites200_d0.2_l0.1_seed6/pargenes/parse_run/results/12_fasta/12_fasta.raxml.rba --blopt nr_safe --model GTR --prefix ../BenoitDatasets/families/jsim_s27_f100_sites200_d0.2_l0.1_seed6/pargenes/mlsearch_run/bootstraps/12_fasta/12_fasta_bs5 --threads 1 --seed 6 --bs-trees 10

Analysis options:
  run mode: Bootstrapping
  start tree(s): 
  bootstrap replicates: 10
  random seed: 6
  tip-inner: ON
  pattern compression: ON
  per-rate scalers: OFF
  site repeats: OFF
  branch lengths: linked (ML estimate, algorithm: NR-SAFE)
  SIMD kernels: AVX2
  parallelization: NONE/sequential

WARNING: The model you specified on the command line (GTR) will be ignored 
         since the binary MSA file already contains a model definition.
         If you want to change the model, please re-run RAxML-NG 
         with the original PHYLIP/FASTA alignment and --redo option.

[00:00:00] Loading binary alignment from file: ../BenoitDatasets/families/jsim_s27_f100_sites200_d0.2_l0.1_seed6/pargenes/parse_run/results/12_fasta/12_fasta.raxml.rba
[00:00:00] Alignment comprises 12 taxa, 1 partitions and 200 patterns

Partition 0: noname
Model: GTR+FO
Alignment sites / patterns: 200 / 200
Gaps: 0.00 %
Invariant sites: 0.00 %


[00:00:00] Data distribution: max. partitions/sites/weight per thread: 1 / 200 / 800
[00:00:00] Starting bootstrapping analysis with 10 replicates.

[00:00:00] Bootstrap tree #1, logLikelihood: -2659.972832
[00:00:00] Bootstrap tree #2, logLikelihood: -2677.101709
[00:00:00] Bootstrap tree #3, logLikelihood: -2659.885975
[00:00:01] Bootstrap tree #4, logLikelihood: -2657.691830
[00:00:01] Bootstrap tree #5, logLikelihood: -2696.795882
[00:00:01] Bootstrap tree #6, logLikelihood: -2617.678865
[00:00:01] Bootstrap tree #7, logLikelihood: -2693.155149
[00:00:02] Bootstrap tree #8, logLikelihood: -2676.847121
[00:00:02] Bootstrap tree #9, logLikelihood: -2728.845300
[00:00:02] Bootstrap tree #10, logLikelihood: -2590.370920

Optimized model parameters:

   Partition 0: noname
   Rate heterogeneity: NONE
   Base frequencies (ML): 0.242504 0.284893 0.248243 0.224360 
   Substitution rates (ML): 1.037648 1.789522 1.193073 1.387290 1.241614 1.000000 
Bootstrap trees saved to: /home/morelbt/github/BenoitDatasets/families/jsim_s27_f100_sites200_d0.2_l0.1_seed6/pargenes/mlsearch_run/bootstraps/12_fasta/12_fasta_bs5.raxml.bootstraps

Execution log saved to: /home/morelbt/github/BenoitDatasets/families/jsim_s27_f100_sites200_d0.2_l0.1_seed6/pargenes/mlsearch_run/bootstraps/12_fasta/12_fasta_bs5.raxml.log

Analysis started: 07-Dec-2018 16:06:11 / finished: 07-Dec-2018 16:06:13

Elapsed time: 2.585 seconds

