
RAxML-NG v. 0.6.0git BETA released on 27.07.2018 by The Exelixis Lab.
Authors: Alexey Kozlov, Alexandros Stamatakis, Diego Darriba, Tomas Flouri, Benoit Morel.
Latest version: https://github.com/amkozlov/raxml-ng
Questions/problems/suggestions? Please visit: https://groups.google.com/forum/#!forum/raxml

WARNING: This is a BETA release, please use at your own risk!

RAxML-NG was called as follows:

mpi-scheduler --bootstrap --msa ../BenoitDatasets/families/jsim_s8_f100_sites300_d2.0_l1.0/pargenes/parse_run/results/10_fasta/10_fasta.raxml.rba --blopt nr_safe --model GTR --prefix ../BenoitDatasets/families/jsim_s8_f100_sites300_d2.0_l1.0/pargenes/mlsearch_run/bootstraps/10_fasta/10_fasta_bs4 --threads 1 --seed 5 --bs-trees 10

Analysis options:
  run mode: Bootstrapping
  start tree(s): 
  bootstrap replicates: 10
  random seed: 5
  tip-inner: ON
  pattern compression: ON
  per-rate scalers: OFF
  site repeats: OFF
  branch lengths: linked (ML estimate, algorithm: NR-SAFE)
  SIMD kernels: AVX2
  parallelization: NONE/sequential

WARNING: The model you specified on the command line (GTR) will be ignored 
         since the binary MSA file already contains a model definition.
         If you want to change the model, please re-run RAxML-NG 
         with the original PHYLIP/FASTA alignment and --redo option.

[00:00:00] Loading binary alignment from file: ../BenoitDatasets/families/jsim_s8_f100_sites300_d2.0_l1.0/pargenes/parse_run/results/10_fasta/10_fasta.raxml.rba
[00:00:00] Alignment comprises 5 taxa, 1 partitions and 195 patterns

Partition 0: noname
Model: GTR+FO
Alignment sites / patterns: 300 / 195
Gaps: 0.00 %
Invariant sites: 1.33 %


[00:00:00] Data distribution: max. partitions/sites/weight per thread: 1 / 195 / 780
[00:00:00] Starting bootstrapping analysis with 10 replicates.

[00:00:00] Bootstrap tree #1, logLikelihood: -1814.907223
[00:00:00] Bootstrap tree #2, logLikelihood: -1836.381399
[00:00:00] Bootstrap tree #3, logLikelihood: -1861.533744
[00:00:00] Bootstrap tree #4, logLikelihood: -1820.033317
[00:00:00] Bootstrap tree #5, logLikelihood: -1799.376417
[00:00:00] Bootstrap tree #6, logLikelihood: -1851.024806
[00:00:00] Bootstrap tree #7, logLikelihood: -1822.980793
[00:00:00] Bootstrap tree #8, logLikelihood: -1807.401562
[00:00:00] Bootstrap tree #9, logLikelihood: -1818.871597
[00:00:00] Bootstrap tree #10, logLikelihood: -1856.156063

Optimized model parameters:

   Partition 0: noname
   Rate heterogeneity: NONE
   Base frequencies (ML): 0.230797 0.214195 0.287864 0.267145 
   Substitution rates (ML): 1.470814 1.619804 0.943441 0.744893 1.378484 1.000000 
Bootstrap trees saved to: /home/morelbt/github/BenoitDatasets/families/jsim_s8_f100_sites300_d2.0_l1.0/pargenes/mlsearch_run/bootstraps/10_fasta/10_fasta_bs4.raxml.bootstraps

Execution log saved to: /home/morelbt/github/BenoitDatasets/families/jsim_s8_f100_sites300_d2.0_l1.0/pargenes/mlsearch_run/bootstraps/10_fasta/10_fasta_bs4.raxml.log

Analysis started: 05-Dec-2018 13:32:59 / finished: 05-Dec-2018 13:32:59

Elapsed time: 0.276 seconds

