
RAxML-NG v. 0.6.0git BETA released on 27.07.2018 by The Exelixis Lab.
Authors: Alexey Kozlov, Alexandros Stamatakis, Diego Darriba, Tomas Flouri, Benoit Morel.
Latest version: https://github.com/amkozlov/raxml-ng
Questions/problems/suggestions? Please visit: https://groups.google.com/forum/#!forum/raxml

WARNING: This is a BETA release, please use at your own risk!

RAxML-NG was called as follows:

mpi-scheduler --bootstrap --msa ../BenoitDatasets/families/alesim_s20_f50_sites400_d1.0_l0.5_t0.5_seed42/pargenes/parse_run/results/31_pruned_fasta/31_pruned_fasta.raxml.rba --blopt nr_safe --model GTR --prefix ../BenoitDatasets/families/alesim_s20_f50_sites400_d1.0_l0.5_t0.5_seed42/pargenes/mlsearch_run/bootstraps/31_pruned_fasta/31_pruned_fasta_bs3 --threads 1 --seed 4 --bs-trees 10

Analysis options:
  run mode: Bootstrapping
  start tree(s): 
  bootstrap replicates: 10
  random seed: 4
  tip-inner: ON
  pattern compression: ON
  per-rate scalers: OFF
  site repeats: OFF
  branch lengths: linked (ML estimate, algorithm: NR-SAFE)
  SIMD kernels: AVX2
  parallelization: NONE/sequential

WARNING: The model you specified on the command line (GTR) will be ignored 
         since the binary MSA file already contains a model definition.
         If you want to change the model, please re-run RAxML-NG 
         with the original PHYLIP/FASTA alignment and --redo option.

[00:00:00] Loading binary alignment from file: ../BenoitDatasets/families/alesim_s20_f50_sites400_d1.0_l0.5_t0.5_seed42/pargenes/parse_run/results/31_pruned_fasta/31_pruned_fasta.raxml.rba
[00:00:00] Alignment comprises 184 taxa, 1 partitions and 400 patterns

Partition 0: noname
Model: GTR+FO
Alignment sites / patterns: 400 / 400
Gaps: 0.00 %
Invariant sites: 0.00 %


[00:00:00] Data distribution: max. partitions/sites/weight per thread: 1 / 400 / 1600
[00:00:00] Starting bootstrapping analysis with 10 replicates.

[00:00:28] Bootstrap tree #1, logLikelihood: -34646.385783
[00:01:09] Bootstrap tree #2, logLikelihood: -35218.117529
[00:01:39] Bootstrap tree #3, logLikelihood: -34398.727445
[00:02:40] Bootstrap tree #4, logLikelihood: -35005.037006
[00:03:11] Bootstrap tree #5, logLikelihood: -35572.377851
[00:03:38] Bootstrap tree #6, logLikelihood: -34518.084644
[00:04:07] Bootstrap tree #7, logLikelihood: -35265.101394
[00:04:40] Bootstrap tree #8, logLikelihood: -34283.720609
[00:05:36] Bootstrap tree #9, logLikelihood: -34769.273068
[00:06:38] Bootstrap tree #10, logLikelihood: -34721.828309

Optimized model parameters:

   Partition 0: noname
   Rate heterogeneity: NONE
   Base frequencies (ML): 0.249642 0.249802 0.253973 0.246583 
   Substitution rates (ML): 0.953604 0.936035 0.894083 0.929195 1.022991 1.000000 
Bootstrap trees saved to: /home/morelbt/github/BenoitDatasets/families/alesim_s20_f50_sites400_d1.0_l0.5_t0.5_seed42/pargenes/mlsearch_run/bootstraps/31_pruned_fasta/31_pruned_fasta_bs3.raxml.bootstraps

Execution log saved to: /home/morelbt/github/BenoitDatasets/families/alesim_s20_f50_sites400_d1.0_l0.5_t0.5_seed42/pargenes/mlsearch_run/bootstraps/31_pruned_fasta/31_pruned_fasta_bs3.raxml.log

Analysis started: 22-Jan-2019 14:23:30 / finished: 22-Jan-2019 14:30:08

Elapsed time: 398.064 seconds

