
RAxML-NG v. 0.6.0git BETA released on 27.07.2018 by The Exelixis Lab.
Authors: Alexey Kozlov, Alexandros Stamatakis, Diego Darriba, Tomas Flouri, Benoit Morel.
Latest version: https://github.com/amkozlov/raxml-ng
Questions/problems/suggestions? Please visit: https://groups.google.com/forum/#!forum/raxml

WARNING: This is a BETA release, please use at your own risk!

RAxML-NG was called as follows:

mpi-scheduler --bootstrap --msa ../BenoitDatasets/families/alesim_s30_f50_sites200_d2.0_l1.0_seed42/pargenes/parse_run/results/10_prunedfasta/10_prunedfasta.raxml.rba --blopt nr_safe --model GTR --prefix ../BenoitDatasets/families/alesim_s30_f50_sites200_d2.0_l1.0_seed42/pargenes/mlsearch_run/bootstraps/10_prunedfasta/10_prunedfasta_bs6 --threads 1 --seed 7 --bs-trees 10

Analysis options:
  run mode: Bootstrapping
  start tree(s): 
  bootstrap replicates: 10
  random seed: 7
  tip-inner: ON
  pattern compression: ON
  per-rate scalers: OFF
  site repeats: OFF
  branch lengths: linked (ML estimate, algorithm: NR-SAFE)
  SIMD kernels: AVX2
  parallelization: NONE/sequential

WARNING: The model you specified on the command line (GTR) will be ignored 
         since the binary MSA file already contains a model definition.
         If you want to change the model, please re-run RAxML-NG 
         with the original PHYLIP/FASTA alignment and --redo option.

[00:00:00] Loading binary alignment from file: ../BenoitDatasets/families/alesim_s30_f50_sites200_d2.0_l1.0_seed42/pargenes/parse_run/results/10_prunedfasta/10_prunedfasta.raxml.rba
[00:00:00] Alignment comprises 633 taxa, 1 partitions and 200 patterns

Partition 0: noname
Model: GTR+FO
Alignment sites / patterns: 200 / 200
Gaps: 0.00 %
Invariant sites: 0.00 %


[00:00:00] Data distribution: max. partitions/sites/weight per thread: 1 / 200 / 800
[00:00:00] Starting bootstrapping analysis with 10 replicates.

[00:01:42] Bootstrap tree #1, logLikelihood: -44732.973655
[00:03:31] Bootstrap tree #2, logLikelihood: -46848.662831
[00:05:25] Bootstrap tree #3, logLikelihood: -44262.192735
[00:09:09] Bootstrap tree #4, logLikelihood: -48310.224672
[00:14:52] Bootstrap tree #5, logLikelihood: -49202.417969
[00:18:15] Bootstrap tree #6, logLikelihood: -45963.834327
[00:19:58] Bootstrap tree #7, logLikelihood: -43502.111770
[00:22:46] Bootstrap tree #8, logLikelihood: -44727.426840
[00:30:55] Bootstrap tree #9, logLikelihood: -43332.698002
[00:36:56] Bootstrap tree #10, logLikelihood: -43787.587057

Optimized model parameters:

   Partition 0: noname
   Rate heterogeneity: NONE
   Base frequencies (ML): 0.253864 0.259902 0.259239 0.226996 
   Substitution rates (ML): 0.887049 0.922964 1.020474 0.871299 0.984521 1.000000 
Bootstrap trees saved to: /home/morelbt/github/BenoitDatasets/families/alesim_s30_f50_sites200_d2.0_l1.0_seed42/pargenes/mlsearch_run/bootstraps/10_prunedfasta/10_prunedfasta_bs6.raxml.bootstraps

Execution log saved to: /home/morelbt/github/BenoitDatasets/families/alesim_s30_f50_sites200_d2.0_l1.0_seed42/pargenes/mlsearch_run/bootstraps/10_prunedfasta/10_prunedfasta_bs6.raxml.log

Analysis started: 11-Dec-2018 20:15:52 / finished: 11-Dec-2018 20:52:49

Elapsed time: 2216.944 seconds

