
RAxML-NG v. 0.6.0git BETA released on 27.07.2018 by The Exelixis Lab.
Authors: Alexey Kozlov, Alexandros Stamatakis, Diego Darriba, Tomas Flouri, Benoit Morel.
Latest version: https://github.com/amkozlov/raxml-ng
Questions/problems/suggestions? Please visit: https://groups.google.com/forum/#!forum/raxml

WARNING: This is a BETA release, please use at your own risk!

RAxML-NG was called as follows:

mpi-scheduler --bootstrap --msa ../BenoitDatasets/families/jsim_s27_f100_sites200_d2.0_l1.0_seed6/pargenes/parse_run/results/10_fasta/10_fasta.raxml.rba --blopt nr_safe --model GTR --prefix ../BenoitDatasets/families/jsim_s27_f100_sites200_d2.0_l1.0_seed6/pargenes/mlsearch_run/bootstraps/10_fasta/10_fasta_bs2 --threads 1 --seed 3 --bs-trees 10

Analysis options:
  run mode: Bootstrapping
  start tree(s): 
  bootstrap replicates: 10
  random seed: 3
  tip-inner: ON
  pattern compression: ON
  per-rate scalers: OFF
  site repeats: OFF
  branch lengths: linked (ML estimate, algorithm: NR-SAFE)
  SIMD kernels: AVX2
  parallelization: NONE/sequential

WARNING: The model you specified on the command line (GTR) will be ignored 
         since the binary MSA file already contains a model definition.
         If you want to change the model, please re-run RAxML-NG 
         with the original PHYLIP/FASTA alignment and --redo option.

[00:00:00] Loading binary alignment from file: ../BenoitDatasets/families/jsim_s27_f100_sites200_d2.0_l1.0_seed6/pargenes/parse_run/results/10_fasta/10_fasta.raxml.rba
[00:00:00] Alignment comprises 4 taxa, 1 partitions and 101 patterns

Partition 0: noname
Model: GTR+FO
Alignment sites / patterns: 200 / 101
Gaps: 0.00 %
Invariant sites: 2.00 %


[00:00:00] Data distribution: max. partitions/sites/weight per thread: 1 / 101 / 404
[00:00:00] Starting bootstrapping analysis with 10 replicates.

[00:00:00] Bootstrap tree #1, logLikelihood: -964.111721
[00:00:00] Bootstrap tree #2, logLikelihood: -961.935137
[00:00:00] Bootstrap tree #3, logLikelihood: -943.665495
[00:00:00] Bootstrap tree #4, logLikelihood: -944.199560
[00:00:00] Bootstrap tree #5, logLikelihood: -948.623531
[00:00:00] Bootstrap tree #6, logLikelihood: -948.489232
[00:00:00] Bootstrap tree #7, logLikelihood: -977.257729
[00:00:00] Bootstrap tree #8, logLikelihood: -968.528250
[00:00:00] Bootstrap tree #9, logLikelihood: -939.863772
[00:00:00] Bootstrap tree #10, logLikelihood: -954.205434

Optimized model parameters:

   Partition 0: noname
   Rate heterogeneity: NONE
   Base frequencies (ML): 0.280287 0.246189 0.258085 0.215439 
   Substitution rates (ML): 1.063389 2.735257 2.585239 2.528823 2.062613 1.000000 
Bootstrap trees saved to: /home/morelbt/github/BenoitDatasets/families/jsim_s27_f100_sites200_d2.0_l1.0_seed6/pargenes/mlsearch_run/bootstraps/10_fasta/10_fasta_bs2.raxml.bootstraps

Execution log saved to: /home/morelbt/github/BenoitDatasets/families/jsim_s27_f100_sites200_d2.0_l1.0_seed6/pargenes/mlsearch_run/bootstraps/10_fasta/10_fasta_bs2.raxml.log

Analysis started: 07-Dec-2018 15:27:58 / finished: 07-Dec-2018 15:27:58

Elapsed time: 0.109 seconds

