
RAxML-NG v. 0.6.0git BETA released on 27.07.2018 by The Exelixis Lab.
Authors: Alexey Kozlov, Alexandros Stamatakis, Diego Darriba, Tomas Flouri, Benoit Morel.
Latest version: https://github.com/amkozlov/raxml-ng
Questions/problems/suggestions? Please visit: https://groups.google.com/forum/#!forum/raxml

WARNING: This is a BETA release, please use at your own risk!

RAxML-NG was called as follows:

mpi-scheduler --bootstrap --msa ../BenoitDatasets/families/alesim_s20_f50_sites200_d0.6_l0.3_seed42/pargenes/parse_run/results/3_prunedfasta/3_prunedfasta.raxml.rba --blopt nr_safe --model GTR --prefix ../BenoitDatasets/families/alesim_s20_f50_sites200_d0.6_l0.3_seed42/pargenes/mlsearch_run/bootstraps/3_prunedfasta/3_prunedfasta_bs7 --threads 1 --seed 8 --bs-trees 10

Analysis options:
  run mode: Bootstrapping
  start tree(s): 
  bootstrap replicates: 10
  random seed: 8
  tip-inner: ON
  pattern compression: ON
  per-rate scalers: OFF
  site repeats: OFF
  branch lengths: linked (ML estimate, algorithm: NR-SAFE)
  SIMD kernels: AVX2
  parallelization: NONE/sequential

WARNING: The model you specified on the command line (GTR) will be ignored 
         since the binary MSA file already contains a model definition.
         If you want to change the model, please re-run RAxML-NG 
         with the original PHYLIP/FASTA alignment and --redo option.

[00:00:00] Loading binary alignment from file: ../BenoitDatasets/families/alesim_s20_f50_sites200_d0.6_l0.3_seed42/pargenes/parse_run/results/3_prunedfasta/3_prunedfasta.raxml.rba
[00:00:00] Alignment comprises 11 taxa, 1 partitions and 91 patterns

Partition 0: noname
Model: GTR+FO
Alignment sites / patterns: 200 / 91
Gaps: 0.00 %
Invariant sites: 2.00 %


[00:00:00] Data distribution: max. partitions/sites/weight per thread: 1 / 91 / 364
[00:00:00] Starting bootstrapping analysis with 10 replicates.

[00:00:00] Bootstrap tree #1, logLikelihood: -1008.780605
[00:00:00] Bootstrap tree #2, logLikelihood: -1031.200277
[00:00:00] Bootstrap tree #3, logLikelihood: -1017.184622
[00:00:00] Bootstrap tree #4, logLikelihood: -958.562356
[00:00:00] Bootstrap tree #5, logLikelihood: -1029.584354
[00:00:00] Bootstrap tree #6, logLikelihood: -985.268022
[00:00:00] Bootstrap tree #7, logLikelihood: -993.235215
[00:00:00] Bootstrap tree #8, logLikelihood: -979.429093
[00:00:00] Bootstrap tree #9, logLikelihood: -969.911679
[00:00:00] Bootstrap tree #10, logLikelihood: -888.165865

Optimized model parameters:

   Partition 0: noname
   Rate heterogeneity: NONE
   Base frequencies (ML): 0.274094 0.195684 0.273661 0.256561 
   Substitution rates (ML): 0.932022 0.887005 1.013659 1.269905 1.867253 1.000000 
Bootstrap trees saved to: /home/morelbt/github/BenoitDatasets/families/alesim_s20_f50_sites200_d0.6_l0.3_seed42/pargenes/mlsearch_run/bootstraps/3_prunedfasta/3_prunedfasta_bs7.raxml.bootstraps

Execution log saved to: /home/morelbt/github/BenoitDatasets/families/alesim_s20_f50_sites200_d0.6_l0.3_seed42/pargenes/mlsearch_run/bootstraps/3_prunedfasta/3_prunedfasta_bs7.raxml.log

Analysis started: 11-Dec-2018 15:13:58 / finished: 11-Dec-2018 15:13:58

Elapsed time: 0.605 seconds

