
RAxML-NG v. 0.6.0git BETA released on 27.07.2018 by The Exelixis Lab.
Authors: Alexey Kozlov, Alexandros Stamatakis, Diego Darriba, Tomas Flouri, Benoit Morel.
Latest version: https://github.com/amkozlov/raxml-ng
Questions/problems/suggestions? Please visit: https://groups.google.com/forum/#!forum/raxml

WARNING: This is a BETA release, please use at your own risk!

RAxML-NG was called as follows:

mpi-scheduler --bootstrap --msa ../BenoitDatasets/families/alesim_s20_f50_sites200_d0.6_l0.3_seed42/pargenes/parse_run/results/3_prunedfasta/3_prunedfasta.raxml.rba --blopt nr_safe --model GTR --prefix ../BenoitDatasets/families/alesim_s20_f50_sites200_d0.6_l0.3_seed42/pargenes/mlsearch_run/bootstraps/3_prunedfasta/3_prunedfasta_bs3 --threads 1 --seed 4 --bs-trees 10

Analysis options:
  run mode: Bootstrapping
  start tree(s): 
  bootstrap replicates: 10
  random seed: 4
  tip-inner: ON
  pattern compression: ON
  per-rate scalers: OFF
  site repeats: OFF
  branch lengths: linked (ML estimate, algorithm: NR-SAFE)
  SIMD kernels: AVX2
  parallelization: NONE/sequential

WARNING: The model you specified on the command line (GTR) will be ignored 
         since the binary MSA file already contains a model definition.
         If you want to change the model, please re-run RAxML-NG 
         with the original PHYLIP/FASTA alignment and --redo option.

[00:00:00] Loading binary alignment from file: ../BenoitDatasets/families/alesim_s20_f50_sites200_d0.6_l0.3_seed42/pargenes/parse_run/results/3_prunedfasta/3_prunedfasta.raxml.rba
[00:00:00] Alignment comprises 11 taxa, 1 partitions and 91 patterns

Partition 0: noname
Model: GTR+FO
Alignment sites / patterns: 200 / 91
Gaps: 0.00 %
Invariant sites: 2.00 %


[00:00:00] Data distribution: max. partitions/sites/weight per thread: 1 / 91 / 364
[00:00:00] Starting bootstrapping analysis with 10 replicates.

[00:00:00] Bootstrap tree #1, logLikelihood: -994.866667
[00:00:00] Bootstrap tree #2, logLikelihood: -987.284513
[00:00:00] Bootstrap tree #3, logLikelihood: -966.796177
[00:00:00] Bootstrap tree #4, logLikelihood: -998.616760
[00:00:00] Bootstrap tree #5, logLikelihood: -957.373710
[00:00:00] Bootstrap tree #6, logLikelihood: -1053.954623
[00:00:00] Bootstrap tree #7, logLikelihood: -955.709315
[00:00:00] Bootstrap tree #8, logLikelihood: -948.428829
[00:00:00] Bootstrap tree #9, logLikelihood: -1002.916592
[00:00:00] Bootstrap tree #10, logLikelihood: -1053.379975

Optimized model parameters:

   Partition 0: noname
   Rate heterogeneity: NONE
   Base frequencies (ML): 0.249106 0.213422 0.281574 0.255898 
   Substitution rates (ML): 0.760887 0.684667 0.608635 1.389465 0.981192 1.000000 
Bootstrap trees saved to: /home/morelbt/github/BenoitDatasets/families/alesim_s20_f50_sites200_d0.6_l0.3_seed42/pargenes/mlsearch_run/bootstraps/3_prunedfasta/3_prunedfasta_bs3.raxml.bootstraps

Execution log saved to: /home/morelbt/github/BenoitDatasets/families/alesim_s20_f50_sites200_d0.6_l0.3_seed42/pargenes/mlsearch_run/bootstraps/3_prunedfasta/3_prunedfasta_bs3.raxml.log

Analysis started: 11-Dec-2018 15:13:58 / finished: 11-Dec-2018 15:13:58

Elapsed time: 0.662 seconds

