
RAxML-NG v. 0.6.0git BETA released on 27.07.2018 by The Exelixis Lab.
Authors: Alexey Kozlov, Alexandros Stamatakis, Diego Darriba, Tomas Flouri, Benoit Morel.
Latest version: https://github.com/amkozlov/raxml-ng
Questions/problems/suggestions? Please visit: https://groups.google.com/forum/#!forum/raxml

WARNING: This is a BETA release, please use at your own risk!

RAxML-NG was called as follows:

mpi-scheduler --bootstrap --msa ../BenoitDatasets/families/jsim_s8_f100_sites300_d2.0_l1.0/pargenes/parse_run/results/4_fasta/4_fasta.raxml.rba --blopt nr_safe --model GTR --prefix ../BenoitDatasets/families/jsim_s8_f100_sites300_d2.0_l1.0/pargenes/mlsearch_run/bootstraps/4_fasta/4_fasta_bs5 --threads 1 --seed 6 --bs-trees 10

Analysis options:
  run mode: Bootstrapping
  start tree(s): 
  bootstrap replicates: 10
  random seed: 6
  tip-inner: ON
  pattern compression: ON
  per-rate scalers: OFF
  site repeats: OFF
  branch lengths: linked (ML estimate, algorithm: NR-SAFE)
  SIMD kernels: AVX2
  parallelization: NONE/sequential

WARNING: The model you specified on the command line (GTR) will be ignored 
         since the binary MSA file already contains a model definition.
         If you want to change the model, please re-run RAxML-NG 
         with the original PHYLIP/FASTA alignment and --redo option.

[00:00:00] Loading binary alignment from file: ../BenoitDatasets/families/jsim_s8_f100_sites300_d2.0_l1.0/pargenes/parse_run/results/4_fasta/4_fasta.raxml.rba
[00:00:00] Alignment comprises 5 taxa, 1 partitions and 120 patterns

Partition 0: noname
Model: GTR+FO
Alignment sites / patterns: 300 / 120
Gaps: 0.00 %
Invariant sites: 1.33 %


[00:00:00] Data distribution: max. partitions/sites/weight per thread: 1 / 120 / 480
[00:00:00] Starting bootstrapping analysis with 10 replicates.

[00:00:00] Bootstrap tree #1, logLikelihood: -1397.880319
[00:00:00] Bootstrap tree #2, logLikelihood: -1363.202553
[00:00:00] Bootstrap tree #3, logLikelihood: -1410.349886
[00:00:00] Bootstrap tree #4, logLikelihood: -1416.182874
[00:00:00] Bootstrap tree #5, logLikelihood: -1381.695584
[00:00:00] Bootstrap tree #6, logLikelihood: -1377.076178
[00:00:00] Bootstrap tree #7, logLikelihood: -1384.960090
[00:00:00] Bootstrap tree #8, logLikelihood: -1362.497647
[00:00:00] Bootstrap tree #9, logLikelihood: -1388.843053
[00:00:00] Bootstrap tree #10, logLikelihood: -1447.133357

Optimized model parameters:

   Partition 0: noname
   Rate heterogeneity: NONE
   Base frequencies (ML): 0.284318 0.229040 0.227580 0.259062 
   Substitution rates (ML): 1.311465 1.054488 1.406510 1.308915 1.101627 1.000000 
Bootstrap trees saved to: /home/morelbt/github/BenoitDatasets/families/jsim_s8_f100_sites300_d2.0_l1.0/pargenes/mlsearch_run/bootstraps/4_fasta/4_fasta_bs5.raxml.bootstraps

Execution log saved to: /home/morelbt/github/BenoitDatasets/families/jsim_s8_f100_sites300_d2.0_l1.0/pargenes/mlsearch_run/bootstraps/4_fasta/4_fasta_bs5.raxml.log

Analysis started: 05-Dec-2018 13:33:00 / finished: 05-Dec-2018 13:33:00

Elapsed time: 0.203 seconds

