
RAxML-NG v. 0.6.0git BETA released on 27.07.2018 by The Exelixis Lab.
Authors: Alexey Kozlov, Alexandros Stamatakis, Diego Darriba, Tomas Flouri, Benoit Morel.
Latest version: https://github.com/amkozlov/raxml-ng
Questions/problems/suggestions? Please visit: https://groups.google.com/forum/#!forum/raxml

WARNING: This is a BETA release, please use at your own risk!

RAxML-NG was called as follows:

mpi-scheduler --bootstrap --msa ../BenoitDatasets/families/jsim_s27_f100_sites200_d6.0_l3.0_seed6/pargenes/parse_run/results/67_fasta/67_fasta.raxml.rba --blopt nr_safe --model GTR --prefix ../BenoitDatasets/families/jsim_s27_f100_sites200_d6.0_l3.0_seed6/pargenes/mlsearch_run/bootstraps/67_fasta/67_fasta_bs1 --threads 1 --seed 2 --bs-trees 10

Analysis options:
  run mode: Bootstrapping
  start tree(s): 
  bootstrap replicates: 10
  random seed: 2
  tip-inner: ON
  pattern compression: ON
  per-rate scalers: OFF
  site repeats: OFF
  branch lengths: linked (ML estimate, algorithm: NR-SAFE)
  SIMD kernels: AVX2
  parallelization: NONE/sequential

WARNING: The model you specified on the command line (GTR) will be ignored 
         since the binary MSA file already contains a model definition.
         If you want to change the model, please re-run RAxML-NG 
         with the original PHYLIP/FASTA alignment and --redo option.

[00:00:00] Loading binary alignment from file: ../BenoitDatasets/families/jsim_s27_f100_sites200_d6.0_l3.0_seed6/pargenes/parse_run/results/67_fasta/67_fasta.raxml.rba
[00:00:00] Alignment comprises 10 taxa, 1 partitions and 172 patterns

Partition 0: noname
Model: GTR+FO
Alignment sites / patterns: 200 / 172
Gaps: 0.00 %
Invariant sites: 2.00 %


[00:00:00] Data distribution: max. partitions/sites/weight per thread: 1 / 172 / 688
[00:00:00] Starting bootstrapping analysis with 10 replicates.

[00:00:00] Bootstrap tree #1, logLikelihood: -1622.167513
[00:00:00] Bootstrap tree #2, logLikelihood: -1602.707473
[00:00:00] Bootstrap tree #3, logLikelihood: -1607.690349
[00:00:00] Bootstrap tree #4, logLikelihood: -1620.846552
[00:00:00] Bootstrap tree #5, logLikelihood: -1647.074060
[00:00:00] Bootstrap tree #6, logLikelihood: -1608.244122
[00:00:00] Bootstrap tree #7, logLikelihood: -1645.659447
[00:00:00] Bootstrap tree #8, logLikelihood: -1601.671960
[00:00:00] Bootstrap tree #9, logLikelihood: -1620.318468
[00:00:01] Bootstrap tree #10, logLikelihood: -1570.855851

Optimized model parameters:

   Partition 0: noname
   Rate heterogeneity: NONE
   Base frequencies (ML): 0.208619 0.270127 0.240452 0.280802 
   Substitution rates (ML): 1.917671 1.012745 1.251763 1.055445 0.816649 1.000000 
Bootstrap trees saved to: /home/morelbt/github/BenoitDatasets/families/jsim_s27_f100_sites200_d6.0_l3.0_seed6/pargenes/mlsearch_run/bootstraps/67_fasta/67_fasta_bs1.raxml.bootstraps

Execution log saved to: /home/morelbt/github/BenoitDatasets/families/jsim_s27_f100_sites200_d6.0_l3.0_seed6/pargenes/mlsearch_run/bootstraps/67_fasta/67_fasta_bs1.raxml.log

Analysis started: 07-Dec-2018 15:32:55 / finished: 07-Dec-2018 15:32:56

Elapsed time: 1.058 seconds

