
RAxML-NG v. 0.6.0git BETA released on 27.07.2018 by The Exelixis Lab.
Authors: Alexey Kozlov, Alexandros Stamatakis, Diego Darriba, Tomas Flouri, Benoit Morel.
Latest version: https://github.com/amkozlov/raxml-ng
Questions/problems/suggestions? Please visit: https://groups.google.com/forum/#!forum/raxml

WARNING: This is a BETA release, please use at your own risk!

RAxML-NG was called as follows:

mpi-scheduler --bootstrap --msa ../BenoitDatasets/families/alesim_s30_f50_sites200_d2.0_l1.0_seed42/pargenes/parse_run/results/49_prunedfasta/49_prunedfasta.raxml.rba --blopt nr_safe --model GTR --prefix ../BenoitDatasets/families/alesim_s30_f50_sites200_d2.0_l1.0_seed42/pargenes/mlsearch_run/bootstraps/49_prunedfasta/49_prunedfasta_bs6 --threads 1 --seed 7 --bs-trees 10

Analysis options:
  run mode: Bootstrapping
  start tree(s): 
  bootstrap replicates: 10
  random seed: 7
  tip-inner: ON
  pattern compression: ON
  per-rate scalers: OFF
  site repeats: OFF
  branch lengths: linked (ML estimate, algorithm: NR-SAFE)
  SIMD kernels: AVX2
  parallelization: NONE/sequential

WARNING: The model you specified on the command line (GTR) will be ignored 
         since the binary MSA file already contains a model definition.
         If you want to change the model, please re-run RAxML-NG 
         with the original PHYLIP/FASTA alignment and --redo option.

[00:00:00] Loading binary alignment from file: ../BenoitDatasets/families/alesim_s30_f50_sites200_d2.0_l1.0_seed42/pargenes/parse_run/results/49_prunedfasta/49_prunedfasta.raxml.rba
[00:00:00] Alignment comprises 5 taxa, 1 partitions and 33 patterns

Partition 0: noname
Model: GTR+FO
Alignment sites / patterns: 200 / 33
Gaps: 0.00 %
Invariant sites: 2.00 %


[00:00:00] Data distribution: max. partitions/sites/weight per thread: 1 / 33 / 132
[00:00:00] Starting bootstrapping analysis with 10 replicates.

[00:00:00] Bootstrap tree #1, logLikelihood: -496.996652
[00:00:00] Bootstrap tree #2, logLikelihood: -436.391971
[00:00:00] Bootstrap tree #3, logLikelihood: -412.243395
[00:00:00] Bootstrap tree #4, logLikelihood: -485.117342
[00:00:00] Bootstrap tree #5, logLikelihood: -512.249942
[00:00:00] Bootstrap tree #6, logLikelihood: -496.651765
[00:00:00] Bootstrap tree #7, logLikelihood: -526.738875
[00:00:00] Bootstrap tree #8, logLikelihood: -413.816661
[00:00:00] Bootstrap tree #9, logLikelihood: -483.038981
[00:00:00] Bootstrap tree #10, logLikelihood: -444.773408

Optimized model parameters:

   Partition 0: noname
   Rate heterogeneity: NONE
   Base frequencies (ML): 0.168429 0.346132 0.256339 0.229100 
   Substitution rates (ML): 0.338568 0.388797 1.235667 0.186135 0.499987 1.000000 
Bootstrap trees saved to: /home/morelbt/github/BenoitDatasets/families/alesim_s30_f50_sites200_d2.0_l1.0_seed42/pargenes/mlsearch_run/bootstraps/49_prunedfasta/49_prunedfasta_bs6.raxml.bootstraps

Execution log saved to: /home/morelbt/github/BenoitDatasets/families/alesim_s30_f50_sites200_d2.0_l1.0_seed42/pargenes/mlsearch_run/bootstraps/49_prunedfasta/49_prunedfasta_bs6.raxml.log

Analysis started: 11-Dec-2018 20:58:05 / finished: 11-Dec-2018 20:58:06

Elapsed time: 0.085 seconds

