
RAxML-NG v. 0.6.0git BETA released on 27.07.2018 by The Exelixis Lab.
Authors: Alexey Kozlov, Alexandros Stamatakis, Diego Darriba, Tomas Flouri, Benoit Morel.
Latest version: https://github.com/amkozlov/raxml-ng
Questions/problems/suggestions? Please visit: https://groups.google.com/forum/#!forum/raxml

WARNING: This is a BETA release, please use at your own risk!

RAxML-NG was called as follows:

mpi-scheduler --bootstrap --msa ../BenoitDatasets/families/jsim_s27_f100_sites1000_d2.0_l1.0_seed6/pargenes/parse_run/results/72_fasta/72_fasta.raxml.rba --blopt nr_safe --model GTR --prefix ../BenoitDatasets/families/jsim_s27_f100_sites1000_d2.0_l1.0_seed6/pargenes/mlsearch_run/bootstraps/72_fasta/72_fasta_bs2 --threads 1 --seed 3 --bs-trees 10

Analysis options:
  run mode: Bootstrapping
  start tree(s): 
  bootstrap replicates: 10
  random seed: 3
  tip-inner: ON
  pattern compression: ON
  per-rate scalers: OFF
  site repeats: OFF
  branch lengths: linked (ML estimate, algorithm: NR-SAFE)
  SIMD kernels: AVX2
  parallelization: NONE/sequential

WARNING: The model you specified on the command line (GTR) will be ignored 
         since the binary MSA file already contains a model definition.
         If you want to change the model, please re-run RAxML-NG 
         with the original PHYLIP/FASTA alignment and --redo option.

[00:00:00] Loading binary alignment from file: ../BenoitDatasets/families/jsim_s27_f100_sites1000_d2.0_l1.0_seed6/pargenes/parse_run/results/72_fasta/72_fasta.raxml.rba
[00:00:00] Alignment comprises 48 taxa, 1 partitions and 1000 patterns

Partition 0: noname
Model: GTR+FO
Alignment sites / patterns: 1000 / 1000
Gaps: 0.00 %
Invariant sites: 0.00 %


[00:00:00] Data distribution: max. partitions/sites/weight per thread: 1 / 1000 / 4000
[00:00:00] Starting bootstrapping analysis with 10 replicates.

[00:00:11] Bootstrap tree #1, logLikelihood: -45615.093464
[00:00:24] Bootstrap tree #2, logLikelihood: -45672.483661
[00:00:36] Bootstrap tree #3, logLikelihood: -45558.869625
[00:00:46] Bootstrap tree #4, logLikelihood: -46024.183942
[00:00:57] Bootstrap tree #5, logLikelihood: -45667.420299
[00:01:12] Bootstrap tree #6, logLikelihood: -45937.670492
[00:01:26] Bootstrap tree #7, logLikelihood: -45619.075718
[00:01:37] Bootstrap tree #8, logLikelihood: -45655.313756
[00:01:51] Bootstrap tree #9, logLikelihood: -45531.626268
[00:02:01] Bootstrap tree #10, logLikelihood: -45641.150585

Optimized model parameters:

   Partition 0: noname
   Rate heterogeneity: NONE
   Base frequencies (ML): 0.246881 0.251939 0.253185 0.247995 
   Substitution rates (ML): 1.009571 1.151781 1.067922 0.982812 1.016269 1.000000 
Bootstrap trees saved to: /home/morelbt/github/BenoitDatasets/families/jsim_s27_f100_sites1000_d2.0_l1.0_seed6/pargenes/mlsearch_run/bootstraps/72_fasta/72_fasta_bs2.raxml.bootstraps

Execution log saved to: /home/morelbt/github/BenoitDatasets/families/jsim_s27_f100_sites1000_d2.0_l1.0_seed6/pargenes/mlsearch_run/bootstraps/72_fasta/72_fasta_bs2.raxml.log

Analysis started: 07-Dec-2018 15:44:06 / finished: 07-Dec-2018 15:46:07

Elapsed time: 121.359 seconds

