
RAxML-NG v. 0.6.0git BETA released on 27.07.2018 by The Exelixis Lab.
Authors: Alexey Kozlov, Alexandros Stamatakis, Diego Darriba, Tomas Flouri, Benoit Morel.
Latest version: https://github.com/amkozlov/raxml-ng
Questions/problems/suggestions? Please visit: https://groups.google.com/forum/#!forum/raxml

WARNING: This is a BETA release, please use at your own risk!

RAxML-NG was called as follows:

mpi-scheduler --bootstrap --msa ../BenoitDatasets/families/jsim_s27_f100_sites1000_d2.0_l1.0_seed6/pargenes/parse_run/results/72_fasta/72_fasta.raxml.rba --blopt nr_safe --model GTR --prefix ../BenoitDatasets/families/jsim_s27_f100_sites1000_d2.0_l1.0_seed6/pargenes/mlsearch_run/bootstraps/72_fasta/72_fasta_bs0 --threads 1 --seed 1 --bs-trees 10

Analysis options:
  run mode: Bootstrapping
  start tree(s): 
  bootstrap replicates: 10
  random seed: 1
  tip-inner: ON
  pattern compression: ON
  per-rate scalers: OFF
  site repeats: OFF
  branch lengths: linked (ML estimate, algorithm: NR-SAFE)
  SIMD kernels: AVX2
  parallelization: NONE/sequential

WARNING: The model you specified on the command line (GTR) will be ignored 
         since the binary MSA file already contains a model definition.
         If you want to change the model, please re-run RAxML-NG 
         with the original PHYLIP/FASTA alignment and --redo option.

[00:00:00] Loading binary alignment from file: ../BenoitDatasets/families/jsim_s27_f100_sites1000_d2.0_l1.0_seed6/pargenes/parse_run/results/72_fasta/72_fasta.raxml.rba
[00:00:00] Alignment comprises 48 taxa, 1 partitions and 1000 patterns

Partition 0: noname
Model: GTR+FO
Alignment sites / patterns: 1000 / 1000
Gaps: 0.00 %
Invariant sites: 0.00 %


[00:00:00] Data distribution: max. partitions/sites/weight per thread: 1 / 1000 / 4000
[00:00:00] Starting bootstrapping analysis with 10 replicates.

[00:00:11] Bootstrap tree #1, logLikelihood: -45764.087217
[00:00:28] Bootstrap tree #2, logLikelihood: -45637.387740
[00:00:44] Bootstrap tree #3, logLikelihood: -45640.748679
[00:00:53] Bootstrap tree #4, logLikelihood: -45727.114460
[00:01:05] Bootstrap tree #5, logLikelihood: -45413.034086
[00:01:19] Bootstrap tree #6, logLikelihood: -45544.174582
[00:01:32] Bootstrap tree #7, logLikelihood: -45665.187617
[00:01:44] Bootstrap tree #8, logLikelihood: -45831.310305
[00:01:57] Bootstrap tree #9, logLikelihood: -45460.647442
[00:02:08] Bootstrap tree #10, logLikelihood: -45719.696786

Optimized model parameters:

   Partition 0: noname
   Rate heterogeneity: NONE
   Base frequencies (ML): 0.251958 0.245167 0.244507 0.258368 
   Substitution rates (ML): 1.080766 1.096011 1.076348 1.070571 1.110259 1.000000 
Bootstrap trees saved to: /home/morelbt/github/BenoitDatasets/families/jsim_s27_f100_sites1000_d2.0_l1.0_seed6/pargenes/mlsearch_run/bootstraps/72_fasta/72_fasta_bs0.raxml.bootstraps

Execution log saved to: /home/morelbt/github/BenoitDatasets/families/jsim_s27_f100_sites1000_d2.0_l1.0_seed6/pargenes/mlsearch_run/bootstraps/72_fasta/72_fasta_bs0.raxml.log

Analysis started: 07-Dec-2018 15:44:14 / finished: 07-Dec-2018 15:46:23

Elapsed time: 128.644 seconds

