
RAxML-NG v. 0.6.0git BETA released on 27.07.2018 by The Exelixis Lab.
Authors: Alexey Kozlov, Alexandros Stamatakis, Diego Darriba, Tomas Flouri, Benoit Morel.
Latest version: https://github.com/amkozlov/raxml-ng
Questions/problems/suggestions? Please visit: https://groups.google.com/forum/#!forum/raxml

WARNING: This is a BETA release, please use at your own risk!

RAxML-NG was called as follows:

mpi-scheduler --bootstrap --msa ../BenoitDatasets/families/jsim_s27_f100_sites1000_d2.0_l1.0_seed6/pargenes/parse_run/results/72_fasta/72_fasta.raxml.rba --blopt nr_safe --model GTR --prefix ../BenoitDatasets/families/jsim_s27_f100_sites1000_d2.0_l1.0_seed6/pargenes/mlsearch_run/bootstraps/72_fasta/72_fasta_bs1 --threads 1 --seed 2 --bs-trees 10

Analysis options:
  run mode: Bootstrapping
  start tree(s): 
  bootstrap replicates: 10
  random seed: 2
  tip-inner: ON
  pattern compression: ON
  per-rate scalers: OFF
  site repeats: OFF
  branch lengths: linked (ML estimate, algorithm: NR-SAFE)
  SIMD kernels: AVX2
  parallelization: NONE/sequential

WARNING: The model you specified on the command line (GTR) will be ignored 
         since the binary MSA file already contains a model definition.
         If you want to change the model, please re-run RAxML-NG 
         with the original PHYLIP/FASTA alignment and --redo option.

[00:00:00] Loading binary alignment from file: ../BenoitDatasets/families/jsim_s27_f100_sites1000_d2.0_l1.0_seed6/pargenes/parse_run/results/72_fasta/72_fasta.raxml.rba
[00:00:00] Alignment comprises 48 taxa, 1 partitions and 1000 patterns

Partition 0: noname
Model: GTR+FO
Alignment sites / patterns: 1000 / 1000
Gaps: 0.00 %
Invariant sites: 0.00 %


[00:00:00] Data distribution: max. partitions/sites/weight per thread: 1 / 1000 / 4000
[00:00:00] Starting bootstrapping analysis with 10 replicates.

[00:00:11] Bootstrap tree #1, logLikelihood: -45956.477883
[00:00:22] Bootstrap tree #2, logLikelihood: -45751.650071
[00:00:33] Bootstrap tree #3, logLikelihood: -45571.268519
[00:00:45] Bootstrap tree #4, logLikelihood: -45989.057940
[00:00:58] Bootstrap tree #5, logLikelihood: -45926.087239
[00:01:14] Bootstrap tree #6, logLikelihood: -45666.798475
[00:01:26] Bootstrap tree #7, logLikelihood: -45658.743290
[00:01:38] Bootstrap tree #8, logLikelihood: -45814.221613
[00:01:51] Bootstrap tree #9, logLikelihood: -45524.572061
[00:02:04] Bootstrap tree #10, logLikelihood: -45766.439449

Optimized model parameters:

   Partition 0: noname
   Rate heterogeneity: NONE
   Base frequencies (ML): 0.249395 0.244984 0.254760 0.250860 
   Substitution rates (ML): 1.076817 1.075739 1.167196 1.099413 1.092170 1.000000 
Bootstrap trees saved to: /home/morelbt/github/BenoitDatasets/families/jsim_s27_f100_sites1000_d2.0_l1.0_seed6/pargenes/mlsearch_run/bootstraps/72_fasta/72_fasta_bs1.raxml.bootstraps

Execution log saved to: /home/morelbt/github/BenoitDatasets/families/jsim_s27_f100_sites1000_d2.0_l1.0_seed6/pargenes/mlsearch_run/bootstraps/72_fasta/72_fasta_bs1.raxml.log

Analysis started: 07-Dec-2018 15:44:06 / finished: 07-Dec-2018 15:46:11

Elapsed time: 124.907 seconds

