
RAxML-NG v. 0.6.0git BETA released on 27.07.2018 by The Exelixis Lab.
Authors: Alexey Kozlov, Alexandros Stamatakis, Diego Darriba, Tomas Flouri, Benoit Morel.
Latest version: https://github.com/amkozlov/raxml-ng
Questions/problems/suggestions? Please visit: https://groups.google.com/forum/#!forum/raxml

WARNING: This is a BETA release, please use at your own risk!

RAxML-NG was called as follows:

mpi-scheduler --msa ../BenoitDatasets/families/jsim_s27_f100_sites200_d0.2_l0.1_seed6/pargenes/parse_run/results/95_fasta/95_fasta.raxml.rba --blopt nr_safe --model GTR --prefix ../BenoitDatasets/families/jsim_s27_f100_sites200_d0.2_l0.1_seed6/pargenes/mlsearch_run/results/95_fasta/95_fasta --threads 1 --seed 1

Analysis options:
  run mode: ML tree search
  start tree(s): random (1)
  random seed: 1
  tip-inner: ON
  pattern compression: ON
  per-rate scalers: OFF
  site repeats: OFF
  fast spr radius: AUTO
  spr subtree cutoff: 1.000000
  branch lengths: linked (ML estimate, algorithm: NR-SAFE)
  SIMD kernels: AVX2
  parallelization: NONE/sequential

WARNING: The model you specified on the command line (GTR) will be ignored 
         since the binary MSA file already contains a model definition.
         If you want to change the model, please re-run RAxML-NG 
         with the original PHYLIP/FASTA alignment and --redo option.

[00:00:00] Loading binary alignment from file: ../BenoitDatasets/families/jsim_s27_f100_sites200_d0.2_l0.1_seed6/pargenes/parse_run/results/95_fasta/95_fasta.raxml.rba
[00:00:00] Alignment comprises 11 taxa, 1 partitions and 199 patterns

Partition 0: noname
Model: GTR+FO
Alignment sites / patterns: 200 / 199
Gaps: 0.00 %
Invariant sites: 0.50 %


[00:00:00] Generating 1 random starting tree(s) with 11 taxa
[00:00:00] Data distribution: max. partitions/sites/weight per thread: 1 / 199 / 796

Starting ML tree search with 1 distinct starting trees

[00:00:00 -3423.023053] Initial branch length optimization
[00:00:00 -2754.627893] Model parameter optimization (eps = 10.000000)
[00:00:00 -2746.463838] AUTODETECT spr round 1 (radius: 5)
[00:00:00 -2604.675194] AUTODETECT spr round 2 (radius: 10)
[00:00:00 -2602.977512] SPR radius for FAST iterations: 10 (autodetect)
[00:00:00 -2602.977512] Model parameter optimization (eps = 3.000000)
[00:00:00 -2597.940990] FAST spr round 1 (radius: 10)
[00:00:00 -2566.000667] FAST spr round 2 (radius: 10)
[00:00:00 -2565.786728] FAST spr round 3 (radius: 10)
[00:00:00 -2565.783955] Model parameter optimization (eps = 1.000000)
[00:00:00 -2565.484623] SLOW spr round 1 (radius: 5)
[00:00:00 -2565.481812] SLOW spr round 2 (radius: 10)
[00:00:00 -2565.480332] Model parameter optimization (eps = 0.100000)

[00:00:00] ML tree search #1, logLikelihood: -2565.478938


Optimized model parameters:

   Partition 0: noname
   Rate heterogeneity: NONE
   Base frequencies (ML): 0.240504 0.228915 0.261302 0.269279 
   Substitution rates (ML): 1.436449 1.440415 1.197241 1.412981 1.222681 1.000000 

Final LogLikelihood: -2565.478938

Best ML tree saved to: /home/morelbt/github/BenoitDatasets/families/jsim_s27_f100_sites200_d0.2_l0.1_seed6/pargenes/mlsearch_run/results/95_fasta/95_fasta.raxml.bestTree
Optimized model saved to: /home/morelbt/github/BenoitDatasets/families/jsim_s27_f100_sites200_d0.2_l0.1_seed6/pargenes/mlsearch_run/results/95_fasta/95_fasta.raxml.bestModel

Execution log saved to: /home/morelbt/github/BenoitDatasets/families/jsim_s27_f100_sites200_d0.2_l0.1_seed6/pargenes/mlsearch_run/results/95_fasta/95_fasta.raxml.log

Analysis started: 07-Dec-2018 16:06:19 / finished: 07-Dec-2018 16:06:20

Elapsed time: 0.273 seconds

