
RAxML-NG v. 0.6.0git BETA released on 27.07.2018 by The Exelixis Lab.
Authors: Alexey Kozlov, Alexandros Stamatakis, Diego Darriba, Tomas Flouri, Benoit Morel.
Latest version: https://github.com/amkozlov/raxml-ng
Questions/problems/suggestions? Please visit: https://groups.google.com/forum/#!forum/raxml

WARNING: This is a BETA release, please use at your own risk!

RAxML-NG was called as follows:

mpi-scheduler --bootstrap --msa ../BenoitDatasets/families/alesim_s20_f50_sites400_d1.0_l0.5_seed42/pargenes/parse_run/results/18_prunedfasta/18_prunedfasta.raxml.rba --blopt nr_safe --model GTR --prefix ../BenoitDatasets/families/alesim_s20_f50_sites400_d1.0_l0.5_seed42/pargenes/mlsearch_run/bootstraps/18_prunedfasta/18_prunedfasta_bs6 --threads 1 --seed 7 --bs-trees 10

Analysis options:
  run mode: Bootstrapping
  start tree(s): 
  bootstrap replicates: 10
  random seed: 7
  tip-inner: ON
  pattern compression: ON
  per-rate scalers: OFF
  site repeats: OFF
  branch lengths: linked (ML estimate, algorithm: NR-SAFE)
  SIMD kernels: AVX2
  parallelization: NONE/sequential

WARNING: The model you specified on the command line (GTR) will be ignored 
         since the binary MSA file already contains a model definition.
         If you want to change the model, please re-run RAxML-NG 
         with the original PHYLIP/FASTA alignment and --redo option.

[00:00:00] Loading binary alignment from file: ../BenoitDatasets/families/alesim_s20_f50_sites400_d1.0_l0.5_seed42/pargenes/parse_run/results/18_prunedfasta/18_prunedfasta.raxml.rba
[00:00:00] Alignment comprises 93 taxa, 1 partitions and 400 patterns

Partition 0: noname
Model: GTR+FO
Alignment sites / patterns: 400 / 400
Gaps: 0.00 %
Invariant sites: 0.00 %


[00:00:00] Data distribution: max. partitions/sites/weight per thread: 1 / 400 / 1600
[00:00:00] Starting bootstrapping analysis with 10 replicates.

[00:00:11] Bootstrap tree #1, logLikelihood: -17318.460417
[00:00:23] Bootstrap tree #2, logLikelihood: -17018.402381
[00:00:42] Bootstrap tree #3, logLikelihood: -17301.101980
[00:00:52] Bootstrap tree #4, logLikelihood: -17101.695355
[00:00:59] Bootstrap tree #5, logLikelihood: -17687.308337
[00:01:09] Bootstrap tree #6, logLikelihood: -17091.130811
[00:01:26] Bootstrap tree #7, logLikelihood: -17277.383462
[00:01:34] Bootstrap tree #8, logLikelihood: -17089.556578
[00:01:44] Bootstrap tree #9, logLikelihood: -16924.062229
[00:01:53] Bootstrap tree #10, logLikelihood: -17308.931143

Optimized model parameters:

   Partition 0: noname
   Rate heterogeneity: NONE
   Base frequencies (ML): 0.256081 0.256306 0.252244 0.235369 
   Substitution rates (ML): 0.948856 0.774422 0.876543 0.836267 1.000556 1.000000 
Bootstrap trees saved to: /home/morelbt/github/BenoitDatasets/families/alesim_s20_f50_sites400_d1.0_l0.5_seed42/pargenes/mlsearch_run/bootstraps/18_prunedfasta/18_prunedfasta_bs6.raxml.bootstraps

Execution log saved to: /home/morelbt/github/BenoitDatasets/families/alesim_s20_f50_sites400_d1.0_l0.5_seed42/pargenes/mlsearch_run/bootstraps/18_prunedfasta/18_prunedfasta_bs6.raxml.log

Analysis started: 11-Dec-2018 15:30:54 / finished: 11-Dec-2018 15:32:48

Elapsed time: 113.981 seconds

