
RAxML-NG v. 0.6.0git BETA released on 27.07.2018 by The Exelixis Lab.
Authors: Alexey Kozlov, Alexandros Stamatakis, Diego Darriba, Tomas Flouri, Benoit Morel.
Latest version: https://github.com/amkozlov/raxml-ng
Questions/problems/suggestions? Please visit: https://groups.google.com/forum/#!forum/raxml

WARNING: This is a BETA release, please use at your own risk!

RAxML-NG was called as follows:

mpi-scheduler --msa ../BenoitDatasets/families/jsim_s27_f100_sites200_d2.0_l1.0_seed6/pargenes/parse_run/results/17_fasta/17_fasta.raxml.rba --blopt nr_safe --model GTR --prefix ../BenoitDatasets/families/jsim_s27_f100_sites200_d2.0_l1.0_seed6/pargenes/mlsearch_run/results/17_fasta/17_fasta --threads 1 --seed 1

Analysis options:
  run mode: ML tree search
  start tree(s): random (1)
  random seed: 1
  tip-inner: ON
  pattern compression: ON
  per-rate scalers: OFF
  site repeats: OFF
  fast spr radius: AUTO
  spr subtree cutoff: 1.000000
  branch lengths: linked (ML estimate, algorithm: NR-SAFE)
  SIMD kernels: AVX2
  parallelization: NONE/sequential

WARNING: The model you specified on the command line (GTR) will be ignored 
         since the binary MSA file already contains a model definition.
         If you want to change the model, please re-run RAxML-NG 
         with the original PHYLIP/FASTA alignment and --redo option.

[00:00:00] Loading binary alignment from file: ../BenoitDatasets/families/jsim_s27_f100_sites200_d2.0_l1.0_seed6/pargenes/parse_run/results/17_fasta/17_fasta.raxml.rba
[00:00:00] Alignment comprises 27 taxa, 1 partitions and 200 patterns

Partition 0: noname
Model: GTR+FO
Alignment sites / patterns: 200 / 200
Gaps: 0.00 %
Invariant sites: 0.00 %


[00:00:00] Generating 1 random starting tree(s) with 27 taxa
[00:00:00] Data distribution: max. partitions/sites/weight per thread: 1 / 200 / 800

Starting ML tree search with 1 distinct starting trees

[00:00:00 -7852.109046] Initial branch length optimization
[00:00:00 -6432.011352] Model parameter optimization (eps = 10.000000)
[00:00:00 -6424.330889] AUTODETECT spr round 1 (radius: 5)
[00:00:00 -5085.110796] AUTODETECT spr round 2 (radius: 10)
[00:00:00 -5028.822773] AUTODETECT spr round 3 (radius: 15)
[00:00:00 -5028.793896] SPR radius for FAST iterations: 10 (autodetect)
[00:00:00 -5028.793896] Model parameter optimization (eps = 3.000000)
[00:00:00 -5027.917618] FAST spr round 1 (radius: 10)
[00:00:00 -5015.735392] FAST spr round 2 (radius: 10)
[00:00:00 -5013.437394] FAST spr round 3 (radius: 10)
[00:00:00 -5013.418176] Model parameter optimization (eps = 1.000000)
[00:00:00 -5013.167519] SLOW spr round 1 (radius: 5)
[00:00:00 -5013.158661] SLOW spr round 2 (radius: 10)
[00:00:00 -5013.154902] SLOW spr round 3 (radius: 15)
[00:00:00 -5013.153079] SLOW spr round 4 (radius: 20)
[00:00:00 -5013.152082] SLOW spr round 5 (radius: 25)
[00:00:00 -5013.151470] Model parameter optimization (eps = 0.100000)

[00:00:00] ML tree search #1, logLikelihood: -5013.148631


Optimized model parameters:

   Partition 0: noname
   Rate heterogeneity: NONE
   Base frequencies (ML): 0.243407 0.252212 0.244922 0.259459 
   Substitution rates (ML): 0.854565 1.056974 1.060590 0.938430 1.065459 1.000000 

Final LogLikelihood: -5013.148631

Best ML tree saved to: /home/morelbt/github/BenoitDatasets/families/jsim_s27_f100_sites200_d2.0_l1.0_seed6/pargenes/mlsearch_run/results/17_fasta/17_fasta.raxml.bestTree
Optimized model saved to: /home/morelbt/github/BenoitDatasets/families/jsim_s27_f100_sites200_d2.0_l1.0_seed6/pargenes/mlsearch_run/results/17_fasta/17_fasta.raxml.bestModel

Execution log saved to: /home/morelbt/github/BenoitDatasets/families/jsim_s27_f100_sites200_d2.0_l1.0_seed6/pargenes/mlsearch_run/results/17_fasta/17_fasta.raxml.log

Analysis started: 07-Dec-2018 15:27:57 / finished: 07-Dec-2018 15:27:58

Elapsed time: 0.929 seconds

