
RAxML-NG v. 0.6.0git BETA released on 27.07.2018 by The Exelixis Lab.
Authors: Alexey Kozlov, Alexandros Stamatakis, Diego Darriba, Tomas Flouri, Benoit Morel.
Latest version: https://github.com/amkozlov/raxml-ng
Questions/problems/suggestions? Please visit: https://groups.google.com/forum/#!forum/raxml

WARNING: This is a BETA release, please use at your own risk!

RAxML-NG was called as follows:

mpi-scheduler --bootstrap --msa ../BenoitDatasets/families/jsim_s27_f100_sites200_d2.0_l1.0_seed6/pargenes/parse_run/results/90_fasta/90_fasta.raxml.rba --blopt nr_safe --model GTR --prefix ../BenoitDatasets/families/jsim_s27_f100_sites200_d2.0_l1.0_seed6/pargenes/mlsearch_run/bootstraps/90_fasta/90_fasta_bs3 --threads 1 --seed 4 --bs-trees 10

Analysis options:
  run mode: Bootstrapping
  start tree(s): 
  bootstrap replicates: 10
  random seed: 4
  tip-inner: ON
  pattern compression: ON
  per-rate scalers: OFF
  site repeats: OFF
  branch lengths: linked (ML estimate, algorithm: NR-SAFE)
  SIMD kernels: AVX2
  parallelization: NONE/sequential

WARNING: The model you specified on the command line (GTR) will be ignored 
         since the binary MSA file already contains a model definition.
         If you want to change the model, please re-run RAxML-NG 
         with the original PHYLIP/FASTA alignment and --redo option.

[00:00:00] Loading binary alignment from file: ../BenoitDatasets/families/jsim_s27_f100_sites200_d2.0_l1.0_seed6/pargenes/parse_run/results/90_fasta/90_fasta.raxml.rba
[00:00:00] Alignment comprises 25 taxa, 1 partitions and 200 patterns

Partition 0: noname
Model: GTR+FO
Alignment sites / patterns: 200 / 200
Gaps: 0.00 %
Invariant sites: 0.00 %


[00:00:00] Data distribution: max. partitions/sites/weight per thread: 1 / 200 / 800
[00:00:00] Starting bootstrapping analysis with 10 replicates.

[00:00:00] Bootstrap tree #1, logLikelihood: -4379.265240
[00:00:01] Bootstrap tree #2, logLikelihood: -4348.234120
[00:00:02] Bootstrap tree #3, logLikelihood: -4368.689528
[00:00:03] Bootstrap tree #4, logLikelihood: -4463.022544
[00:00:03] Bootstrap tree #5, logLikelihood: -4372.745858
[00:00:04] Bootstrap tree #6, logLikelihood: -4281.806618
[00:00:05] Bootstrap tree #7, logLikelihood: -4285.854956
[00:00:06] Bootstrap tree #8, logLikelihood: -4347.090553
[00:00:07] Bootstrap tree #9, logLikelihood: -4327.130388
[00:00:08] Bootstrap tree #10, logLikelihood: -4507.574741

Optimized model parameters:

   Partition 0: noname
   Rate heterogeneity: NONE
   Base frequencies (ML): 0.232519 0.286759 0.259628 0.221094 
   Substitution rates (ML): 1.162130 0.643158 0.858184 0.625424 0.951620 1.000000 
Bootstrap trees saved to: /home/morelbt/github/BenoitDatasets/families/jsim_s27_f100_sites200_d2.0_l1.0_seed6/pargenes/mlsearch_run/bootstraps/90_fasta/90_fasta_bs3.raxml.bootstraps

Execution log saved to: /home/morelbt/github/BenoitDatasets/families/jsim_s27_f100_sites200_d2.0_l1.0_seed6/pargenes/mlsearch_run/bootstraps/90_fasta/90_fasta_bs3.raxml.log

Analysis started: 07-Dec-2018 15:27:28 / finished: 07-Dec-2018 15:27:36

Elapsed time: 8.163 seconds

