
RAxML-NG v. 0.6.0git BETA released on 27.07.2018 by The Exelixis Lab.
Authors: Alexey Kozlov, Alexandros Stamatakis, Diego Darriba, Tomas Flouri, Benoit Morel.
Latest version: https://github.com/amkozlov/raxml-ng
Questions/problems/suggestions? Please visit: https://groups.google.com/forum/#!forum/raxml

WARNING: This is a BETA release, please use at your own risk!

RAxML-NG was called as follows:

mpi-scheduler --msa ../BenoitDatasets/families/jsim_s27_f100_sites1000_d2.0_l1.0_seed6/pargenes/parse_run/results/33_fasta/33_fasta.raxml.rba --blopt nr_safe --model GTR --prefix ../BenoitDatasets/families/jsim_s27_f100_sites1000_d2.0_l1.0_seed6/pargenes/mlsearch_run/results/33_fasta/33_fasta --threads 1 --seed 1

Analysis options:
  run mode: ML tree search
  start tree(s): random (1)
  random seed: 1
  tip-inner: ON
  pattern compression: ON
  per-rate scalers: OFF
  site repeats: OFF
  fast spr radius: AUTO
  spr subtree cutoff: 1.000000
  branch lengths: linked (ML estimate, algorithm: NR-SAFE)
  SIMD kernels: AVX2
  parallelization: NONE/sequential

WARNING: The model you specified on the command line (GTR) will be ignored 
         since the binary MSA file already contains a model definition.
         If you want to change the model, please re-run RAxML-NG 
         with the original PHYLIP/FASTA alignment and --redo option.

[00:00:00] Loading binary alignment from file: ../BenoitDatasets/families/jsim_s27_f100_sites1000_d2.0_l1.0_seed6/pargenes/parse_run/results/33_fasta/33_fasta.raxml.rba
[00:00:00] Alignment comprises 15 taxa, 1 partitions and 990 patterns

Partition 0: noname
Model: GTR+FO
Alignment sites / patterns: 1000 / 990
Gaps: 0.00 %
Invariant sites: 0.30 %


[00:00:00] Generating 1 random starting tree(s) with 15 taxa
[00:00:00] Data distribution: max. partitions/sites/weight per thread: 1 / 990 / 3960

Starting ML tree search with 1 distinct starting trees

[00:00:00 -21762.871895] Initial branch length optimization
[00:00:00 -16035.007020] Model parameter optimization (eps = 10.000000)
[00:00:00 -16032.016886] AUTODETECT spr round 1 (radius: 5)
[00:00:00 -14305.594608] AUTODETECT spr round 2 (radius: 10)
[00:00:00 -14304.028335] AUTODETECT spr round 3 (radius: 15)
[00:00:00 -14303.831041] SPR radius for FAST iterations: 15 (autodetect)
[00:00:00 -14303.831041] Model parameter optimization (eps = 3.000000)
[00:00:00 -14301.424834] FAST spr round 1 (radius: 15)
[00:00:00 -14172.186267] FAST spr round 2 (radius: 15)
[00:00:00 -14171.411122] FAST spr round 3 (radius: 15)
[00:00:00 -14170.987062] FAST spr round 4 (radius: 15)
[00:00:01 -14170.967896] Model parameter optimization (eps = 1.000000)
[00:00:01 -14170.785356] SLOW spr round 1 (radius: 5)
[00:00:01 -14170.775050] SLOW spr round 2 (radius: 10)
[00:00:02 -14170.767421] SLOW spr round 3 (radius: 15)
[00:00:02 -14170.761634] Model parameter optimization (eps = 0.100000)

[00:00:02] ML tree search #1, logLikelihood: -14170.753736


Optimized model parameters:

   Partition 0: noname
   Rate heterogeneity: NONE
   Base frequencies (ML): 0.250437 0.246561 0.250227 0.252775 
   Substitution rates (ML): 1.052119 1.122506 0.990610 1.090600 0.970727 1.000000 

Final LogLikelihood: -14170.753736

Best ML tree saved to: /home/morelbt/github/BenoitDatasets/families/jsim_s27_f100_sites1000_d2.0_l1.0_seed6/pargenes/mlsearch_run/results/33_fasta/33_fasta.raxml.bestTree
Optimized model saved to: /home/morelbt/github/BenoitDatasets/families/jsim_s27_f100_sites1000_d2.0_l1.0_seed6/pargenes/mlsearch_run/results/33_fasta/33_fasta.raxml.bestModel

Execution log saved to: /home/morelbt/github/BenoitDatasets/families/jsim_s27_f100_sites1000_d2.0_l1.0_seed6/pargenes/mlsearch_run/results/33_fasta/33_fasta.raxml.log

Analysis started: 07-Dec-2018 15:56:05 / finished: 07-Dec-2018 15:56:07

Elapsed time: 2.209 seconds

