
RAxML-NG v. 0.6.0git BETA released on 27.07.2018 by The Exelixis Lab.
Authors: Alexey Kozlov, Alexandros Stamatakis, Diego Darriba, Tomas Flouri, Benoit Morel.
Latest version: https://github.com/amkozlov/raxml-ng
Questions/problems/suggestions? Please visit: https://groups.google.com/forum/#!forum/raxml

WARNING: This is a BETA release, please use at your own risk!

RAxML-NG was called as follows:

mpi-scheduler --bootstrap --msa ../BenoitDatasets/families/jsim_s27_f100_sites1000_d2.0_l1.0_seed6/pargenes/parse_run/results/76_fasta/76_fasta.raxml.rba --blopt nr_safe --model GTR --prefix ../BenoitDatasets/families/jsim_s27_f100_sites1000_d2.0_l1.0_seed6/pargenes/mlsearch_run/bootstraps/76_fasta/76_fasta_bs9 --threads 1 --seed 10 --bs-trees 10

Analysis options:
  run mode: Bootstrapping
  start tree(s): 
  bootstrap replicates: 10
  random seed: 10
  tip-inner: ON
  pattern compression: ON
  per-rate scalers: OFF
  site repeats: OFF
  branch lengths: linked (ML estimate, algorithm: NR-SAFE)
  SIMD kernels: AVX2
  parallelization: NONE/sequential

WARNING: The model you specified on the command line (GTR) will be ignored 
         since the binary MSA file already contains a model definition.
         If you want to change the model, please re-run RAxML-NG 
         with the original PHYLIP/FASTA alignment and --redo option.

[00:00:00] Loading binary alignment from file: ../BenoitDatasets/families/jsim_s27_f100_sites1000_d2.0_l1.0_seed6/pargenes/parse_run/results/76_fasta/76_fasta.raxml.rba
[00:00:00] Alignment comprises 21 taxa, 1 partitions and 1000 patterns

Partition 0: noname
Model: GTR+FO
Alignment sites / patterns: 1000 / 1000
Gaps: 0.00 %
Invariant sites: 0.00 %


[00:00:00] Data distribution: max. partitions/sites/weight per thread: 1 / 1000 / 4000
[00:00:00] Starting bootstrapping analysis with 10 replicates.

[00:00:02] Bootstrap tree #1, logLikelihood: -20139.598270
[00:00:04] Bootstrap tree #2, logLikelihood: -20043.811303
[00:00:06] Bootstrap tree #3, logLikelihood: -20157.762575
[00:00:08] Bootstrap tree #4, logLikelihood: -20192.861331
[00:00:11] Bootstrap tree #5, logLikelihood: -20304.217558
[00:00:13] Bootstrap tree #6, logLikelihood: -20056.839495
[00:00:15] Bootstrap tree #7, logLikelihood: -20011.118278
[00:00:17] Bootstrap tree #8, logLikelihood: -20111.814501
[00:00:20] Bootstrap tree #9, logLikelihood: -20185.459181
[00:00:22] Bootstrap tree #10, logLikelihood: -20269.914861

Optimized model parameters:

   Partition 0: noname
   Rate heterogeneity: NONE
   Base frequencies (ML): 0.245163 0.260816 0.249938 0.244082 
   Substitution rates (ML): 0.853822 0.903211 0.921036 0.849933 0.975668 1.000000 
Bootstrap trees saved to: /home/morelbt/github/BenoitDatasets/families/jsim_s27_f100_sites1000_d2.0_l1.0_seed6/pargenes/mlsearch_run/bootstraps/76_fasta/76_fasta_bs9.raxml.bootstraps

Execution log saved to: /home/morelbt/github/BenoitDatasets/families/jsim_s27_f100_sites1000_d2.0_l1.0_seed6/pargenes/mlsearch_run/bootstraps/76_fasta/76_fasta_bs9.raxml.log

Analysis started: 07-Dec-2018 15:54:15 / finished: 07-Dec-2018 15:54:38

Elapsed time: 22.931 seconds

