
RAxML-NG v. 0.6.0git BETA released on 27.07.2018 by The Exelixis Lab.
Authors: Alexey Kozlov, Alexandros Stamatakis, Diego Darriba, Tomas Flouri, Benoit Morel.
Latest version: https://github.com/amkozlov/raxml-ng
Questions/problems/suggestions? Please visit: https://groups.google.com/forum/#!forum/raxml

WARNING: This is a BETA release, please use at your own risk!

RAxML-NG was called as follows:

mpi-scheduler --bootstrap --msa ../BenoitDatasets/families/sim_s15_f50_d2.0_l1.0/pargenes/parse_run/results/41_pruned_fasta/41_pruned_fasta.raxml.rba --model GTR --prefix ../BenoitDatasets/families/sim_s15_f50_d2.0_l1.0/pargenes/mlsearch_run/bootstraps/41_pruned_fasta/41_pruned_fasta_bs0 --threads 1 --seed 1 --bs-trees 10

Analysis options:
  run mode: Bootstrapping
  start tree(s): 
  bootstrap replicates: 10
  random seed: 1
  tip-inner: ON
  pattern compression: ON
  per-rate scalers: OFF
  site repeats: OFF
  branch lengths: linked (ML estimate, algorithm: NR-FAST)
  SIMD kernels: AVX2
  parallelization: NONE/sequential

WARNING: The model you specified on the command line (GTR) will be ignored 
         since the binary MSA file already contains a model definition.
         If you want to change the model, please re-run RAxML-NG 
         with the original PHYLIP/FASTA alignment and --redo option.

[00:00:00] Loading binary alignment from file: ../BenoitDatasets/families/sim_s15_f50_d2.0_l1.0/pargenes/parse_run/results/41_pruned_fasta/41_pruned_fasta.raxml.rba
[00:00:00] Alignment comprises 26 taxa, 1 partitions and 112 patterns

Partition 0: noname
Model: GTR+FO
Alignment sites / patterns: 200 / 112
Gaps: 0.00 %
Invariant sites: 2.00 %


[00:00:00] Data distribution: max. partitions/sites/weight per thread: 1 / 112 / 448
[00:00:00] Starting bootstrapping analysis with 10 replicates.

[00:00:00] Bootstrap tree #1, logLikelihood: -1091.594234
[00:00:00] Bootstrap tree #2, logLikelihood: -1121.765005
[00:00:00] Bootstrap tree #3, logLikelihood: -1071.605997
[00:00:00] Bootstrap tree #4, logLikelihood: -1190.230725
[00:00:00] Bootstrap tree #5, logLikelihood: -1052.226833
[00:00:01] Bootstrap tree #6, logLikelihood: -1142.355021
[00:00:01] Bootstrap tree #7, logLikelihood: -1177.156093
[00:00:01] Bootstrap tree #8, logLikelihood: -1077.489458
[00:00:01] Bootstrap tree #9, logLikelihood: -1207.792625
[00:00:01] Bootstrap tree #10, logLikelihood: -1183.905398

Optimized model parameters:

   Partition 0: noname
   Rate heterogeneity: NONE
   Base frequencies (ML): 0.261658 0.249235 0.234710 0.254397 
   Substitution rates (ML): 0.852275 1.575437 1.904044 2.208062 2.193749 1.000000 
Bootstrap trees saved to: /home/morelbt/github/BenoitDatasets/families/sim_s15_f50_d2.0_l1.0/pargenes/mlsearch_run/bootstraps/41_pruned_fasta/41_pruned_fasta_bs0.raxml.bootstraps

Execution log saved to: /home/morelbt/github/BenoitDatasets/families/sim_s15_f50_d2.0_l1.0/pargenes/mlsearch_run/bootstraps/41_pruned_fasta/41_pruned_fasta_bs0.raxml.log

Analysis started: 28-Nov-2018 10:14:08 / finished: 28-Nov-2018 10:14:10

Elapsed time: 1.933 seconds

