
RAxML-NG v. 0.6.0git BETA released on 27.07.2018 by The Exelixis Lab.
Authors: Alexey Kozlov, Alexandros Stamatakis, Diego Darriba, Tomas Flouri, Benoit Morel.
Latest version: https://github.com/amkozlov/raxml-ng
Questions/problems/suggestions? Please visit: https://groups.google.com/forum/#!forum/raxml

WARNING: This is a BETA release, please use at your own risk!

RAxML-NG was called as follows:

mpi-scheduler --bootstrap --msa ../BenoitDatasets/families/alesim_s30_f50_sites200_d2.0_l1.0_seed42/pargenes/parse_run/results/45_prunedfasta/45_prunedfasta.raxml.rba --blopt nr_safe --model GTR --prefix ../BenoitDatasets/families/alesim_s30_f50_sites200_d2.0_l1.0_seed42/pargenes/mlsearch_run/bootstraps/45_prunedfasta/45_prunedfasta_bs8 --threads 1 --seed 9 --bs-trees 10

Analysis options:
  run mode: Bootstrapping
  start tree(s): 
  bootstrap replicates: 10
  random seed: 9
  tip-inner: ON
  pattern compression: ON
  per-rate scalers: OFF
  site repeats: OFF
  branch lengths: linked (ML estimate, algorithm: NR-SAFE)
  SIMD kernels: AVX2
  parallelization: NONE/sequential

WARNING: The model you specified on the command line (GTR) will be ignored 
         since the binary MSA file already contains a model definition.
         If you want to change the model, please re-run RAxML-NG 
         with the original PHYLIP/FASTA alignment and --redo option.

[00:00:00] Loading binary alignment from file: ../BenoitDatasets/families/alesim_s30_f50_sites200_d2.0_l1.0_seed42/pargenes/parse_run/results/45_prunedfasta/45_prunedfasta.raxml.rba
[00:00:00] Alignment comprises 31 taxa, 1 partitions and 158 patterns

Partition 0: noname
Model: GTR+FO
Alignment sites / patterns: 200 / 158
Gaps: 0.00 %
Invariant sites: 2.00 %


[00:00:00] Data distribution: max. partitions/sites/weight per thread: 1 / 158 / 632
[00:00:00] Starting bootstrapping analysis with 10 replicates.

[00:00:00] Bootstrap tree #1, logLikelihood: -1651.286045
[00:00:00] Bootstrap tree #2, logLikelihood: -1669.118270
[00:00:01] Bootstrap tree #3, logLikelihood: -1801.693077
[00:00:01] Bootstrap tree #4, logLikelihood: -1680.594710
[00:00:02] Bootstrap tree #5, logLikelihood: -1791.575075
[00:00:02] Bootstrap tree #6, logLikelihood: -1697.309390
[00:00:02] Bootstrap tree #7, logLikelihood: -1673.328304
[00:00:03] Bootstrap tree #8, logLikelihood: -1693.600123
[00:00:03] Bootstrap tree #9, logLikelihood: -1707.541880
[00:00:04] Bootstrap tree #10, logLikelihood: -1649.002138

Optimized model parameters:

   Partition 0: noname
   Rate heterogeneity: NONE
   Base frequencies (ML): 0.297741 0.252515 0.212878 0.236866 
   Substitution rates (ML): 0.742409 1.091418 0.854589 1.214946 0.772532 1.000000 
Bootstrap trees saved to: /home/morelbt/github/BenoitDatasets/families/alesim_s30_f50_sites200_d2.0_l1.0_seed42/pargenes/mlsearch_run/bootstraps/45_prunedfasta/45_prunedfasta_bs8.raxml.bootstraps

Execution log saved to: /home/morelbt/github/BenoitDatasets/families/alesim_s30_f50_sites200_d2.0_l1.0_seed42/pargenes/mlsearch_run/bootstraps/45_prunedfasta/45_prunedfasta_bs8.raxml.log

Analysis started: 11-Dec-2018 20:57:57 / finished: 11-Dec-2018 20:58:01

Elapsed time: 4.009 seconds

