
RAxML-NG v. 0.6.0git BETA released on 27.07.2018 by The Exelixis Lab.
Authors: Alexey Kozlov, Alexandros Stamatakis, Diego Darriba, Tomas Flouri, Benoit Morel.
Latest version: https://github.com/amkozlov/raxml-ng
Questions/problems/suggestions? Please visit: https://groups.google.com/forum/#!forum/raxml

WARNING: This is a BETA release, please use at your own risk!

RAxML-NG was called as follows:

mpi-scheduler --bootstrap --msa ../BenoitDatasets/families/jsim_s8_f100_sites300_d2.0_l1.0_t0.5_seed6/pargenes/parse_run/results/90_pruned_fasta/90_pruned_fasta.raxml.rba --blopt nr_safe --model GTR --prefix ../BenoitDatasets/families/jsim_s8_f100_sites300_d2.0_l1.0_t0.5_seed6/pargenes/mlsearch_run/bootstraps/90_pruned_fasta/90_pruned_fasta_bs2 --threads 1 --seed 3 --bs-trees 10

Analysis options:
  run mode: Bootstrapping
  start tree(s): 
  bootstrap replicates: 10
  random seed: 3
  tip-inner: ON
  pattern compression: ON
  per-rate scalers: OFF
  site repeats: OFF
  branch lengths: linked (ML estimate, algorithm: NR-SAFE)
  SIMD kernels: AVX2
  parallelization: NONE/sequential

WARNING: The model you specified on the command line (GTR) will be ignored 
         since the binary MSA file already contains a model definition.
         If you want to change the model, please re-run RAxML-NG 
         with the original PHYLIP/FASTA alignment and --redo option.

[00:00:00] Loading binary alignment from file: ../BenoitDatasets/families/jsim_s8_f100_sites300_d2.0_l1.0_t0.5_seed6/pargenes/parse_run/results/90_pruned_fasta/90_pruned_fasta.raxml.rba
[00:00:00] Alignment comprises 62 taxa, 1 partitions and 300 patterns

Partition 0: noname
Model: GTR+FO
Alignment sites / patterns: 300 / 300
Gaps: 0.00 %
Invariant sites: 0.00 %


[00:00:00] Data distribution: max. partitions/sites/weight per thread: 1 / 300 / 1200
[00:00:00] Starting bootstrapping analysis with 10 replicates.

[00:00:03] Bootstrap tree #1, logLikelihood: -14061.786399
[00:00:07] Bootstrap tree #2, logLikelihood: -14019.889717
[00:00:11] Bootstrap tree #3, logLikelihood: -13974.976949
[00:00:19] Bootstrap tree #4, logLikelihood: -14124.864894
[00:00:23] Bootstrap tree #5, logLikelihood: -14177.835789
[00:00:27] Bootstrap tree #6, logLikelihood: -14165.188128
[00:00:31] Bootstrap tree #7, logLikelihood: -14164.674774
[00:00:35] Bootstrap tree #8, logLikelihood: -14063.517729
[00:00:40] Bootstrap tree #9, logLikelihood: -14237.169808
[00:00:44] Bootstrap tree #10, logLikelihood: -14167.164891

Optimized model parameters:

   Partition 0: noname
   Rate heterogeneity: NONE
   Base frequencies (ML): 0.251570 0.279645 0.247590 0.221195 
   Substitution rates (ML): 0.905728 1.076905 0.981559 0.886929 0.974531 1.000000 
Bootstrap trees saved to: /home/morelbt/github/BenoitDatasets/families/jsim_s8_f100_sites300_d2.0_l1.0_t0.5_seed6/pargenes/mlsearch_run/bootstraps/90_pruned_fasta/90_pruned_fasta_bs2.raxml.bootstraps

Execution log saved to: /home/morelbt/github/BenoitDatasets/families/jsim_s8_f100_sites300_d2.0_l1.0_t0.5_seed6/pargenes/mlsearch_run/bootstraps/90_pruned_fasta/90_pruned_fasta_bs2.raxml.log

Analysis started: 14-Jan-2019 13:30:47 / finished: 14-Jan-2019 13:31:32

Elapsed time: 44.882 seconds

