
RAxML-NG v. 0.6.0git BETA released on 27.07.2018 by The Exelixis Lab.
Authors: Alexey Kozlov, Alexandros Stamatakis, Diego Darriba, Tomas Flouri, Benoit Morel.
Latest version: https://github.com/amkozlov/raxml-ng
Questions/problems/suggestions? Please visit: https://groups.google.com/forum/#!forum/raxml

WARNING: This is a BETA release, please use at your own risk!

RAxML-NG was called as follows:

mpi-scheduler --bootstrap --msa ../BenoitDatasets/families/jsim_s8_f100_sites300_d2.0_l1.0/pargenes/parse_run/results/43_fasta/43_fasta.raxml.rba --blopt nr_safe --model GTR --prefix ../BenoitDatasets/families/jsim_s8_f100_sites300_d2.0_l1.0/pargenes/mlsearch_run/bootstraps/43_fasta/43_fasta_bs5 --threads 1 --seed 6 --bs-trees 10

Analysis options:
  run mode: Bootstrapping
  start tree(s): 
  bootstrap replicates: 10
  random seed: 6
  tip-inner: ON
  pattern compression: ON
  per-rate scalers: OFF
  site repeats: OFF
  branch lengths: linked (ML estimate, algorithm: NR-SAFE)
  SIMD kernels: AVX2
  parallelization: NONE/sequential

WARNING: The model you specified on the command line (GTR) will be ignored 
         since the binary MSA file already contains a model definition.
         If you want to change the model, please re-run RAxML-NG 
         with the original PHYLIP/FASTA alignment and --redo option.

[00:00:00] Loading binary alignment from file: ../BenoitDatasets/families/jsim_s8_f100_sites300_d2.0_l1.0/pargenes/parse_run/results/43_fasta/43_fasta.raxml.rba
[00:00:00] Alignment comprises 14 taxa, 1 partitions and 300 patterns

Partition 0: noname
Model: GTR+FO
Alignment sites / patterns: 300 / 300
Gaps: 0.00 %
Invariant sites: 0.00 %


[00:00:00] Data distribution: max. partitions/sites/weight per thread: 1 / 300 / 1200
[00:00:00] Starting bootstrapping analysis with 10 replicates.

[00:00:00] Bootstrap tree #1, logLikelihood: -4694.866066
[00:00:00] Bootstrap tree #2, logLikelihood: -4640.338664
[00:00:01] Bootstrap tree #3, logLikelihood: -4671.227854
[00:00:01] Bootstrap tree #4, logLikelihood: -4720.350921
[00:00:02] Bootstrap tree #5, logLikelihood: -4733.938376
[00:00:02] Bootstrap tree #6, logLikelihood: -4648.037448
[00:00:03] Bootstrap tree #7, logLikelihood: -4673.029793
[00:00:03] Bootstrap tree #8, logLikelihood: -4593.273740
[00:00:04] Bootstrap tree #9, logLikelihood: -4703.986346
[00:00:04] Bootstrap tree #10, logLikelihood: -4693.654581

Optimized model parameters:

   Partition 0: noname
   Rate heterogeneity: NONE
   Base frequencies (ML): 0.250751 0.254069 0.256040 0.239140 
   Substitution rates (ML): 1.017146 0.957899 1.069908 0.590554 0.745275 1.000000 
Bootstrap trees saved to: /home/morelbt/github/BenoitDatasets/families/jsim_s8_f100_sites300_d2.0_l1.0/pargenes/mlsearch_run/bootstraps/43_fasta/43_fasta_bs5.raxml.bootstraps

Execution log saved to: /home/morelbt/github/BenoitDatasets/families/jsim_s8_f100_sites300_d2.0_l1.0/pargenes/mlsearch_run/bootstraps/43_fasta/43_fasta_bs5.raxml.log

Analysis started: 05-Dec-2018 13:32:37 / finished: 05-Dec-2018 13:32:42

Elapsed time: 4.782 seconds

