
RAxML-NG v. 0.6.0git BETA released on 27.07.2018 by The Exelixis Lab.
Authors: Alexey Kozlov, Alexandros Stamatakis, Diego Darriba, Tomas Flouri, Benoit Morel.
Latest version: https://github.com/amkozlov/raxml-ng
Questions/problems/suggestions? Please visit: https://groups.google.com/forum/#!forum/raxml

WARNING: This is a BETA release, please use at your own risk!

RAxML-NG was called as follows:

mpi-scheduler --msa ../BenoitDatasets/families/sim_s15_f50_d2.0_l1.0/pargenes/parse_run/results/40_pruned_fasta/40_pruned_fasta.raxml.rba --model GTR --prefix ../BenoitDatasets/families/sim_s15_f50_d2.0_l1.0/pargenes/mlsearch_run/results/40_pruned_fasta/40_pruned_fasta --threads 1 --seed 1

Analysis options:
  run mode: ML tree search
  start tree(s): random (1)
  random seed: 1
  tip-inner: ON
  pattern compression: ON
  per-rate scalers: OFF
  site repeats: OFF
  fast spr radius: AUTO
  spr subtree cutoff: 1.000000
  branch lengths: linked (ML estimate, algorithm: NR-FAST)
  SIMD kernels: AVX2
  parallelization: NONE/sequential

WARNING: The model you specified on the command line (GTR) will be ignored 
         since the binary MSA file already contains a model definition.
         If you want to change the model, please re-run RAxML-NG 
         with the original PHYLIP/FASTA alignment and --redo option.

[00:00:00] Loading binary alignment from file: ../BenoitDatasets/families/sim_s15_f50_d2.0_l1.0/pargenes/parse_run/results/40_pruned_fasta/40_pruned_fasta.raxml.rba
[00:00:00] Alignment comprises 57 taxa, 1 partitions and 180 patterns

Partition 0: noname
Model: GTR+FO
Alignment sites / patterns: 200 / 180
Gaps: 0.00 %
Invariant sites: 2.00 %


[00:00:00] Generating 1 random starting tree(s) with 57 taxa
[00:00:00] Data distribution: max. partitions/sites/weight per thread: 1 / 180 / 720

Starting ML tree search with 1 distinct starting trees

[00:00:00 -7465.456185] Initial branch length optimization
[00:00:00 -6568.372838] Model parameter optimization (eps = 10.000000)
[00:00:00 -6529.004715] AUTODETECT spr round 1 (radius: 5)
[00:00:00 -2795.656616] AUTODETECT spr round 2 (radius: 10)
[00:00:00 -2661.824054] AUTODETECT spr round 3 (radius: 15)
[00:00:00 -2661.824053] SPR radius for FAST iterations: 10 (autodetect)
[00:00:00 -2661.824053] Model parameter optimization (eps = 3.000000)
[00:00:00 -2654.220487] FAST spr round 1 (radius: 10)
[00:00:00 -2377.903354] FAST spr round 2 (radius: 10)
[00:00:00 -2377.903300] Model parameter optimization (eps = 1.000000)
[00:00:00 -2377.210714] SLOW spr round 1 (radius: 5)
[00:00:00 -2377.210496] SLOW spr round 2 (radius: 10)
[00:00:00 -2377.210495] SLOW spr round 3 (radius: 15)
[00:00:01 -2377.210495] SLOW spr round 4 (radius: 20)
[00:00:01 -2377.210495] SLOW spr round 5 (radius: 25)
[00:00:01 -2377.210495] Model parameter optimization (eps = 0.100000)

[00:00:01] ML tree search #1, logLikelihood: -2377.198821


Optimized model parameters:

   Partition 0: noname
   Rate heterogeneity: NONE
   Base frequencies (ML): 0.236291 0.240858 0.262440 0.260410 
   Substitution rates (ML): 1.460560 1.168397 1.391340 1.387448 1.368178 1.000000 

Final LogLikelihood: -2377.198821

Best ML tree saved to: /home/morelbt/github/BenoitDatasets/families/sim_s15_f50_d2.0_l1.0/pargenes/mlsearch_run/results/40_pruned_fasta/40_pruned_fasta.raxml.bestTree
Optimized model saved to: /home/morelbt/github/BenoitDatasets/families/sim_s15_f50_d2.0_l1.0/pargenes/mlsearch_run/results/40_pruned_fasta/40_pruned_fasta.raxml.bestModel

Execution log saved to: /home/morelbt/github/BenoitDatasets/families/sim_s15_f50_d2.0_l1.0/pargenes/mlsearch_run/results/40_pruned_fasta/40_pruned_fasta.raxml.log

Analysis started: 28-Nov-2018 10:14:10 / finished: 28-Nov-2018 10:14:11

Elapsed time: 1.110 seconds

