
RAxML-NG v. 0.6.0git BETA released on 27.07.2018 by The Exelixis Lab.
Authors: Alexey Kozlov, Alexandros Stamatakis, Diego Darriba, Tomas Flouri, Benoit Morel.
Latest version: https://github.com/amkozlov/raxml-ng
Questions/problems/suggestions? Please visit: https://groups.google.com/forum/#!forum/raxml

WARNING: This is a BETA release, please use at your own risk!

RAxML-NG was called as follows:

mpi-scheduler --bootstrap --msa ../BenoitDatasets/families/alesim_s30_f50_sites200_d2.0_l1.0_seed42/pargenes/parse_run/results/0_prunedfasta/0_prunedfasta.raxml.rba --blopt nr_safe --model GTR --prefix ../BenoitDatasets/families/alesim_s30_f50_sites200_d2.0_l1.0_seed42/pargenes/mlsearch_run/bootstraps/0_prunedfasta/0_prunedfasta_bs4 --threads 1 --seed 5 --bs-trees 10

Analysis options:
  run mode: Bootstrapping
  start tree(s): 
  bootstrap replicates: 10
  random seed: 5
  tip-inner: ON
  pattern compression: ON
  per-rate scalers: OFF
  site repeats: OFF
  branch lengths: linked (ML estimate, algorithm: NR-SAFE)
  SIMD kernels: AVX2
  parallelization: NONE/sequential

WARNING: The model you specified on the command line (GTR) will be ignored 
         since the binary MSA file already contains a model definition.
         If you want to change the model, please re-run RAxML-NG 
         with the original PHYLIP/FASTA alignment and --redo option.

[00:00:00] Loading binary alignment from file: ../BenoitDatasets/families/alesim_s30_f50_sites200_d2.0_l1.0_seed42/pargenes/parse_run/results/0_prunedfasta/0_prunedfasta.raxml.rba
[00:00:00] Alignment comprises 92 taxa, 1 partitions and 200 patterns

Partition 0: noname
Model: GTR+FO
Alignment sites / patterns: 200 / 200
Gaps: 0.00 %
Invariant sites: 0.00 %


[00:00:00] Data distribution: max. partitions/sites/weight per thread: 1 / 200 / 800
[00:00:00] Starting bootstrapping analysis with 10 replicates.

[00:00:03] Bootstrap tree #1, logLikelihood: -6206.720056
[00:00:07] Bootstrap tree #2, logLikelihood: -6336.214584
[00:00:10] Bootstrap tree #3, logLikelihood: -6003.057387
[00:00:14] Bootstrap tree #4, logLikelihood: -5989.317872
[00:00:17] Bootstrap tree #5, logLikelihood: -6242.399039
[00:00:20] Bootstrap tree #6, logLikelihood: -6255.946302
[00:00:24] Bootstrap tree #7, logLikelihood: -6060.350859
[00:00:28] Bootstrap tree #8, logLikelihood: -6086.822248
[00:00:32] Bootstrap tree #9, logLikelihood: -6127.656950
[00:00:35] Bootstrap tree #10, logLikelihood: -6252.951255

Optimized model parameters:

   Partition 0: noname
   Rate heterogeneity: NONE
   Base frequencies (ML): 0.268757 0.255418 0.253065 0.222760 
   Substitution rates (ML): 0.869031 0.829732 1.106849 0.800656 1.008767 1.000000 
Bootstrap trees saved to: /home/morelbt/github/BenoitDatasets/families/alesim_s30_f50_sites200_d2.0_l1.0_seed42/pargenes/mlsearch_run/bootstraps/0_prunedfasta/0_prunedfasta_bs4.raxml.bootstraps

Execution log saved to: /home/morelbt/github/BenoitDatasets/families/alesim_s30_f50_sites200_d2.0_l1.0_seed42/pargenes/mlsearch_run/bootstraps/0_prunedfasta/0_prunedfasta_bs4.raxml.log

Analysis started: 11-Dec-2018 20:56:31 / finished: 11-Dec-2018 20:57:07

Elapsed time: 35.910 seconds

