
RAxML-NG v. 0.6.0git BETA released on 27.07.2018 by The Exelixis Lab.
Authors: Alexey Kozlov, Alexandros Stamatakis, Diego Darriba, Tomas Flouri, Benoit Morel.
Latest version: https://github.com/amkozlov/raxml-ng
Questions/problems/suggestions? Please visit: https://groups.google.com/forum/#!forum/raxml

WARNING: This is a BETA release, please use at your own risk!

RAxML-NG was called as follows:

mpi-scheduler --bootstrap --msa ../BenoitDatasets/families/jsim_s27_f100_sites200_d2.0_l1.0_seed6/pargenes/parse_run/results/35_fasta/35_fasta.raxml.rba --blopt nr_safe --model GTR --prefix ../BenoitDatasets/families/jsim_s27_f100_sites200_d2.0_l1.0_seed6/pargenes/mlsearch_run/bootstraps/35_fasta/35_fasta_bs1 --threads 1 --seed 2 --bs-trees 10

Analysis options:
  run mode: Bootstrapping
  start tree(s): 
  bootstrap replicates: 10
  random seed: 2
  tip-inner: ON
  pattern compression: ON
  per-rate scalers: OFF
  site repeats: OFF
  branch lengths: linked (ML estimate, algorithm: NR-SAFE)
  SIMD kernels: AVX2
  parallelization: NONE/sequential

WARNING: The model you specified on the command line (GTR) will be ignored 
         since the binary MSA file already contains a model definition.
         If you want to change the model, please re-run RAxML-NG 
         with the original PHYLIP/FASTA alignment and --redo option.

[00:00:00] Loading binary alignment from file: ../BenoitDatasets/families/jsim_s27_f100_sites200_d2.0_l1.0_seed6/pargenes/parse_run/results/35_fasta/35_fasta.raxml.rba
[00:00:00] Alignment comprises 11 taxa, 1 partitions and 196 patterns

Partition 0: noname
Model: GTR+FO
Alignment sites / patterns: 200 / 196
Gaps: 0.00 %
Invariant sites: 0.50 %


[00:00:00] Data distribution: max. partitions/sites/weight per thread: 1 / 196 / 784
[00:00:00] Starting bootstrapping analysis with 10 replicates.

[00:00:00] Bootstrap tree #1, logLikelihood: -2174.021914
[00:00:00] Bootstrap tree #2, logLikelihood: -2121.735409
[00:00:00] Bootstrap tree #3, logLikelihood: -2152.213656
[00:00:00] Bootstrap tree #4, logLikelihood: -2212.278569
[00:00:00] Bootstrap tree #5, logLikelihood: -2142.323747
[00:00:01] Bootstrap tree #6, logLikelihood: -2141.341804
[00:00:01] Bootstrap tree #7, logLikelihood: -2170.799509
[00:00:01] Bootstrap tree #8, logLikelihood: -2162.250199
[00:00:01] Bootstrap tree #9, logLikelihood: -2176.754822
[00:00:01] Bootstrap tree #10, logLikelihood: -2155.725869

Optimized model parameters:

   Partition 0: noname
   Rate heterogeneity: NONE
   Base frequencies (ML): 0.252584 0.244417 0.267638 0.235360 
   Substitution rates (ML): 1.042164 0.885834 1.024556 0.866752 0.740400 1.000000 
Bootstrap trees saved to: /home/morelbt/github/BenoitDatasets/families/jsim_s27_f100_sites200_d2.0_l1.0_seed6/pargenes/mlsearch_run/bootstraps/35_fasta/35_fasta_bs1.raxml.bootstraps

Execution log saved to: /home/morelbt/github/BenoitDatasets/families/jsim_s27_f100_sites200_d2.0_l1.0_seed6/pargenes/mlsearch_run/bootstraps/35_fasta/35_fasta_bs1.raxml.log

Analysis started: 07-Dec-2018 15:27:48 / finished: 07-Dec-2018 15:27:50

Elapsed time: 1.804 seconds

