
RAxML-NG v. 0.6.0git BETA released on 27.07.2018 by The Exelixis Lab.
Authors: Alexey Kozlov, Alexandros Stamatakis, Diego Darriba, Tomas Flouri, Benoit Morel.
Latest version: https://github.com/amkozlov/raxml-ng
Questions/problems/suggestions? Please visit: https://groups.google.com/forum/#!forum/raxml

WARNING: This is a BETA release, please use at your own risk!

RAxML-NG was called as follows:

mpi-scheduler --msa ../BenoitDatasets/families/jsim_s8_f100_sites300_d2.0_l1.0_t0.5_seed6/pargenes/parse_run/results/65_pruned_fasta/65_pruned_fasta.raxml.rba --blopt nr_safe --model GTR --prefix ../BenoitDatasets/families/jsim_s8_f100_sites300_d2.0_l1.0_t0.5_seed6/pargenes/mlsearch_run/results/65_pruned_fasta/65_pruned_fasta --threads 1 --seed 1

Analysis options:
  run mode: ML tree search
  start tree(s): random (1)
  random seed: 1
  tip-inner: ON
  pattern compression: ON
  per-rate scalers: OFF
  site repeats: OFF
  fast spr radius: AUTO
  spr subtree cutoff: 1.000000
  branch lengths: linked (ML estimate, algorithm: NR-SAFE)
  SIMD kernels: AVX2
  parallelization: NONE/sequential

WARNING: The model you specified on the command line (GTR) will be ignored 
         since the binary MSA file already contains a model definition.
         If you want to change the model, please re-run RAxML-NG 
         with the original PHYLIP/FASTA alignment and --redo option.

[00:00:00] Loading binary alignment from file: ../BenoitDatasets/families/jsim_s8_f100_sites300_d2.0_l1.0_t0.5_seed6/pargenes/parse_run/results/65_pruned_fasta/65_pruned_fasta.raxml.rba
[00:00:00] Alignment comprises 32 taxa, 1 partitions and 300 patterns

Partition 0: noname
Model: GTR+FO
Alignment sites / patterns: 300 / 300
Gaps: 0.00 %
Invariant sites: 0.00 %


[00:00:00] Generating 1 random starting tree(s) with 32 taxa
[00:00:00] Data distribution: max. partitions/sites/weight per thread: 1 / 300 / 1200

Starting ML tree search with 1 distinct starting trees

[00:00:00 -14659.543193] Initial branch length optimization
[00:00:00 -11352.160302] Model parameter optimization (eps = 10.000000)
[00:00:00 -11342.951560] AUTODETECT spr round 1 (radius: 5)
[00:00:00 -8722.087161] AUTODETECT spr round 2 (radius: 10)
[00:00:00 -8448.097531] AUTODETECT spr round 3 (radius: 15)
[00:00:00 -8448.016589] SPR radius for FAST iterations: 10 (autodetect)
[00:00:00 -8448.016589] Model parameter optimization (eps = 3.000000)
[00:00:00 -8443.027505] FAST spr round 1 (radius: 10)
[00:00:00 -8409.108059] FAST spr round 2 (radius: 10)
[00:00:00 -8408.861918] FAST spr round 3 (radius: 10)
[00:00:00 -8408.425618] FAST spr round 4 (radius: 10)
[00:00:00 -8407.299772] FAST spr round 5 (radius: 10)
[00:00:01 -8407.276749] Model parameter optimization (eps = 1.000000)
[00:00:01 -8407.047070] SLOW spr round 1 (radius: 5)
[00:00:01 -8406.814548] SLOW spr round 2 (radius: 5)
[00:00:01 -8406.813910] SLOW spr round 3 (radius: 10)
[00:00:02 -8406.813659] SLOW spr round 4 (radius: 15)
[00:00:02 -8406.813529] SLOW spr round 5 (radius: 20)
[00:00:02 -8406.813451] SLOW spr round 6 (radius: 25)
[00:00:02 -8406.813403] Model parameter optimization (eps = 0.100000)

[00:00:02] ML tree search #1, logLikelihood: -8406.797398


Optimized model parameters:

   Partition 0: noname
   Rate heterogeneity: NONE
   Base frequencies (ML): 0.254746 0.242419 0.251161 0.251673 
   Substitution rates (ML): 0.947744 1.077850 1.075342 1.119769 1.026416 1.000000 

Final LogLikelihood: -8406.797398

Best ML tree saved to: /home/morelbt/github/BenoitDatasets/families/jsim_s8_f100_sites300_d2.0_l1.0_t0.5_seed6/pargenes/mlsearch_run/results/65_pruned_fasta/65_pruned_fasta.raxml.bestTree
Optimized model saved to: /home/morelbt/github/BenoitDatasets/families/jsim_s8_f100_sites300_d2.0_l1.0_t0.5_seed6/pargenes/mlsearch_run/results/65_pruned_fasta/65_pruned_fasta.raxml.bestModel

Execution log saved to: /home/morelbt/github/BenoitDatasets/families/jsim_s8_f100_sites300_d2.0_l1.0_t0.5_seed6/pargenes/mlsearch_run/results/65_pruned_fasta/65_pruned_fasta.raxml.log

Analysis started: 14-Jan-2019 13:37:46 / finished: 14-Jan-2019 13:37:49

Elapsed time: 2.621 seconds

