
RAxML-NG v. 0.6.0git BETA released on 27.07.2018 by The Exelixis Lab.
Authors: Alexey Kozlov, Alexandros Stamatakis, Diego Darriba, Tomas Flouri, Benoit Morel.
Latest version: https://github.com/amkozlov/raxml-ng
Questions/problems/suggestions? Please visit: https://groups.google.com/forum/#!forum/raxml

WARNING: This is a BETA release, please use at your own risk!

RAxML-NG was called as follows:

mpi-scheduler --msa ../BenoitDatasets/families/alesim_s20_f50_sites400_d1.0_l0.5_seed42/pargenes/parse_run/results/2_prunedfasta/2_prunedfasta.raxml.rba --blopt nr_safe --model GTR --prefix ../BenoitDatasets/families/alesim_s20_f50_sites400_d1.0_l0.5_seed42/pargenes/mlsearch_run/results/2_prunedfasta/2_prunedfasta --threads 1 --seed 1

Analysis options:
  run mode: ML tree search
  start tree(s): random (1)
  random seed: 1
  tip-inner: ON
  pattern compression: ON
  per-rate scalers: OFF
  site repeats: OFF
  fast spr radius: AUTO
  spr subtree cutoff: 1.000000
  branch lengths: linked (ML estimate, algorithm: NR-SAFE)
  SIMD kernels: AVX2
  parallelization: NONE/sequential

WARNING: The model you specified on the command line (GTR) will be ignored 
         since the binary MSA file already contains a model definition.
         If you want to change the model, please re-run RAxML-NG 
         with the original PHYLIP/FASTA alignment and --redo option.

[00:00:00] Loading binary alignment from file: ../BenoitDatasets/families/alesim_s20_f50_sites400_d1.0_l0.5_seed42/pargenes/parse_run/results/2_prunedfasta/2_prunedfasta.raxml.rba
[00:00:00] Alignment comprises 12 taxa, 1 partitions and 157 patterns

Partition 0: noname
Model: GTR+FO
Alignment sites / patterns: 400 / 157
Gaps: 0.00 %
Invariant sites: 1.00 %


[00:00:00] Generating 1 random starting tree(s) with 12 taxa
[00:00:00] Data distribution: max. partitions/sites/weight per thread: 1 / 157 / 628

Starting ML tree search with 1 distinct starting trees

[00:00:00 -3053.216737] Initial branch length optimization
[00:00:00 -2651.178720] Model parameter optimization (eps = 10.000000)
[00:00:00 -2642.785423] AUTODETECT spr round 1 (radius: 5)
[00:00:00 -2063.528842] AUTODETECT spr round 2 (radius: 10)
[00:00:00 -2063.528718] SPR radius for FAST iterations: 5 (autodetect)
[00:00:00 -2063.528718] Model parameter optimization (eps = 3.000000)
[00:00:00 -2061.368252] FAST spr round 1 (radius: 5)
[00:00:00 -2010.185365] FAST spr round 2 (radius: 5)
[00:00:00 -2010.185361] Model parameter optimization (eps = 1.000000)
[00:00:00 -2010.028798] SLOW spr round 1 (radius: 5)
[00:00:00 -2010.028795] SLOW spr round 2 (radius: 10)
[00:00:00 -2010.028795] Model parameter optimization (eps = 0.100000)

[00:00:00] ML tree search #1, logLikelihood: -2010.020329


Optimized model parameters:

   Partition 0: noname
   Rate heterogeneity: NONE
   Base frequencies (ML): 0.261228 0.239998 0.256710 0.242063 
   Substitution rates (ML): 1.113883 1.204000 1.416370 1.099653 1.204143 1.000000 

Final LogLikelihood: -2010.020329

Best ML tree saved to: /home/morelbt/github/BenoitDatasets/families/alesim_s20_f50_sites400_d1.0_l0.5_seed42/pargenes/mlsearch_run/results/2_prunedfasta/2_prunedfasta.raxml.bestTree
Optimized model saved to: /home/morelbt/github/BenoitDatasets/families/alesim_s20_f50_sites400_d1.0_l0.5_seed42/pargenes/mlsearch_run/results/2_prunedfasta/2_prunedfasta.raxml.bestModel

Execution log saved to: /home/morelbt/github/BenoitDatasets/families/alesim_s20_f50_sites400_d1.0_l0.5_seed42/pargenes/mlsearch_run/results/2_prunedfasta/2_prunedfasta.raxml.log

Analysis started: 11-Dec-2018 15:35:17 / finished: 11-Dec-2018 15:35:17

Elapsed time: 0.156 seconds

