
RAxML-NG v. 0.6.0git BETA released on 27.07.2018 by The Exelixis Lab.
Authors: Alexey Kozlov, Alexandros Stamatakis, Diego Darriba, Tomas Flouri, Benoit Morel.
Latest version: https://github.com/amkozlov/raxml-ng
Questions/problems/suggestions? Please visit: https://groups.google.com/forum/#!forum/raxml

WARNING: This is a BETA release, please use at your own risk!

RAxML-NG was called as follows:

mpi-scheduler --bootstrap --msa ../BenoitDatasets/families/jsim_s27_f100_sites200_d2.0_l1.0_seed6/pargenes/parse_run/results/59_fasta/59_fasta.raxml.rba --blopt nr_safe --model GTR --prefix ../BenoitDatasets/families/jsim_s27_f100_sites200_d2.0_l1.0_seed6/pargenes/mlsearch_run/bootstraps/59_fasta/59_fasta_bs9 --threads 1 --seed 10 --bs-trees 10

Analysis options:
  run mode: Bootstrapping
  start tree(s): 
  bootstrap replicates: 10
  random seed: 10
  tip-inner: ON
  pattern compression: ON
  per-rate scalers: OFF
  site repeats: OFF
  branch lengths: linked (ML estimate, algorithm: NR-SAFE)
  SIMD kernels: AVX2
  parallelization: NONE/sequential

WARNING: The model you specified on the command line (GTR) will be ignored 
         since the binary MSA file already contains a model definition.
         If you want to change the model, please re-run RAxML-NG 
         with the original PHYLIP/FASTA alignment and --redo option.

[00:00:00] Loading binary alignment from file: ../BenoitDatasets/families/jsim_s27_f100_sites200_d2.0_l1.0_seed6/pargenes/parse_run/results/59_fasta/59_fasta.raxml.rba
[00:00:00] Alignment comprises 25 taxa, 1 partitions and 200 patterns

Partition 0: noname
Model: GTR+FO
Alignment sites / patterns: 200 / 200
Gaps: 0.00 %
Invariant sites: 0.00 %


[00:00:00] Data distribution: max. partitions/sites/weight per thread: 1 / 200 / 800
[00:00:00] Starting bootstrapping analysis with 10 replicates.

[00:00:00] Bootstrap tree #1, logLikelihood: -4297.780476
[00:00:01] Bootstrap tree #2, logLikelihood: -4244.332991
[00:00:02] Bootstrap tree #3, logLikelihood: -4268.976933
[00:00:02] Bootstrap tree #4, logLikelihood: -4382.204278
[00:00:03] Bootstrap tree #5, logLikelihood: -4279.477812
[00:00:04] Bootstrap tree #6, logLikelihood: -4347.824408
[00:00:05] Bootstrap tree #7, logLikelihood: -4244.230434
[00:00:05] Bootstrap tree #8, logLikelihood: -4284.359184
[00:00:06] Bootstrap tree #9, logLikelihood: -4331.057016
[00:00:07] Bootstrap tree #10, logLikelihood: -4314.015035

Optimized model parameters:

   Partition 0: noname
   Rate heterogeneity: NONE
   Base frequencies (ML): 0.258651 0.222924 0.285400 0.233025 
   Substitution rates (ML): 1.002001 0.803495 1.271421 0.891976 1.159137 1.000000 
Bootstrap trees saved to: /home/morelbt/github/BenoitDatasets/families/jsim_s27_f100_sites200_d2.0_l1.0_seed6/pargenes/mlsearch_run/bootstraps/59_fasta/59_fasta_bs9.raxml.bootstraps

Execution log saved to: /home/morelbt/github/BenoitDatasets/families/jsim_s27_f100_sites200_d2.0_l1.0_seed6/pargenes/mlsearch_run/bootstraps/59_fasta/59_fasta_bs9.raxml.log

Analysis started: 07-Dec-2018 15:27:20 / finished: 07-Dec-2018 15:27:27

Elapsed time: 7.132 seconds

