
RAxML-NG v. 0.6.0git BETA released on 27.07.2018 by The Exelixis Lab.
Authors: Alexey Kozlov, Alexandros Stamatakis, Diego Darriba, Tomas Flouri, Benoit Morel.
Latest version: https://github.com/amkozlov/raxml-ng
Questions/problems/suggestions? Please visit: https://groups.google.com/forum/#!forum/raxml

WARNING: This is a BETA release, please use at your own risk!

RAxML-NG was called as follows:

mpi-scheduler --bootstrap --msa ../BenoitDatasets/families/jsim_s8_f100_sites300_d2.0_l1.0_t0.5_seed6/pargenes/parse_run/results/23_pruned_fasta/23_pruned_fasta.raxml.rba --blopt nr_safe --model GTR --prefix ../BenoitDatasets/families/jsim_s8_f100_sites300_d2.0_l1.0_t0.5_seed6/pargenes/mlsearch_run/bootstraps/23_pruned_fasta/23_pruned_fasta_bs4 --threads 1 --seed 5 --bs-trees 10

Analysis options:
  run mode: Bootstrapping
  start tree(s): 
  bootstrap replicates: 10
  random seed: 5
  tip-inner: ON
  pattern compression: ON
  per-rate scalers: OFF
  site repeats: OFF
  branch lengths: linked (ML estimate, algorithm: NR-SAFE)
  SIMD kernels: AVX2
  parallelization: NONE/sequential

WARNING: The model you specified on the command line (GTR) will be ignored 
         since the binary MSA file already contains a model definition.
         If you want to change the model, please re-run RAxML-NG 
         with the original PHYLIP/FASTA alignment and --redo option.

[00:00:00] Loading binary alignment from file: ../BenoitDatasets/families/jsim_s8_f100_sites300_d2.0_l1.0_t0.5_seed6/pargenes/parse_run/results/23_pruned_fasta/23_pruned_fasta.raxml.rba
[00:00:00] Alignment comprises 17 taxa, 1 partitions and 298 patterns

Partition 0: noname
Model: GTR+FO
Alignment sites / patterns: 300 / 298
Gaps: 0.00 %
Invariant sites: 0.33 %


[00:00:00] Data distribution: max. partitions/sites/weight per thread: 1 / 298 / 1192
[00:00:00] Starting bootstrapping analysis with 10 replicates.

[00:00:00] Bootstrap tree #1, logLikelihood: -4181.034516
[00:00:00] Bootstrap tree #2, logLikelihood: -4298.142430
[00:00:01] Bootstrap tree #3, logLikelihood: -4277.730553
[00:00:01] Bootstrap tree #4, logLikelihood: -4274.714701
[00:00:02] Bootstrap tree #5, logLikelihood: -4313.135235
[00:00:02] Bootstrap tree #6, logLikelihood: -4425.063999
[00:00:03] Bootstrap tree #7, logLikelihood: -4288.097800
[00:00:03] Bootstrap tree #8, logLikelihood: -4289.115213
[00:00:04] Bootstrap tree #9, logLikelihood: -4289.523657
[00:00:04] Bootstrap tree #10, logLikelihood: -4173.144154

Optimized model parameters:

   Partition 0: noname
   Rate heterogeneity: NONE
   Base frequencies (ML): 0.268678 0.205920 0.269058 0.256344 
   Substitution rates (ML): 1.109236 0.762856 0.920769 1.287754 1.029978 1.000000 
Bootstrap trees saved to: /home/morelbt/github/BenoitDatasets/families/jsim_s8_f100_sites300_d2.0_l1.0_t0.5_seed6/pargenes/mlsearch_run/bootstraps/23_pruned_fasta/23_pruned_fasta_bs4.raxml.bootstraps

Execution log saved to: /home/morelbt/github/BenoitDatasets/families/jsim_s8_f100_sites300_d2.0_l1.0_t0.5_seed6/pargenes/mlsearch_run/bootstraps/23_pruned_fasta/23_pruned_fasta_bs4.raxml.log

Analysis started: 14-Jan-2019 13:37:31 / finished: 14-Jan-2019 13:37:35

Elapsed time: 4.646 seconds

