
RAxML-NG v. 0.6.0git BETA released on 27.07.2018 by The Exelixis Lab.
Authors: Alexey Kozlov, Alexandros Stamatakis, Diego Darriba, Tomas Flouri, Benoit Morel.
Latest version: https://github.com/amkozlov/raxml-ng
Questions/problems/suggestions? Please visit: https://groups.google.com/forum/#!forum/raxml

WARNING: This is a BETA release, please use at your own risk!

RAxML-NG was called as follows:

mpi-scheduler --bootstrap --msa ../BenoitDatasets/families/alesim_s20_f50_sites400_d1.0_l0.5_seed42/pargenes/parse_run/results/14_prunedfasta/14_prunedfasta.raxml.rba --blopt nr_safe --model GTR --prefix ../BenoitDatasets/families/alesim_s20_f50_sites400_d1.0_l0.5_seed42/pargenes/mlsearch_run/bootstraps/14_prunedfasta/14_prunedfasta_bs8 --threads 1 --seed 9 --bs-trees 10

Analysis options:
  run mode: Bootstrapping
  start tree(s): 
  bootstrap replicates: 10
  random seed: 9
  tip-inner: ON
  pattern compression: ON
  per-rate scalers: OFF
  site repeats: OFF
  branch lengths: linked (ML estimate, algorithm: NR-SAFE)
  SIMD kernels: AVX2
  parallelization: NONE/sequential

WARNING: The model you specified on the command line (GTR) will be ignored 
         since the binary MSA file already contains a model definition.
         If you want to change the model, please re-run RAxML-NG 
         with the original PHYLIP/FASTA alignment and --redo option.

[00:00:00] Loading binary alignment from file: ../BenoitDatasets/families/alesim_s20_f50_sites400_d1.0_l0.5_seed42/pargenes/parse_run/results/14_prunedfasta/14_prunedfasta.raxml.rba
[00:00:00] Alignment comprises 160 taxa, 1 partitions and 400 patterns

Partition 0: noname
Model: GTR+FO
Alignment sites / patterns: 400 / 400
Gaps: 0.00 %
Invariant sites: 0.00 %


[00:00:00] Data distribution: max. partitions/sites/weight per thread: 1 / 400 / 1600
[00:00:00] Starting bootstrapping analysis with 10 replicates.

[00:00:23] Bootstrap tree #1, logLikelihood: -29090.428969
[00:00:48] Bootstrap tree #2, logLikelihood: -28935.620263
[00:01:10] Bootstrap tree #3, logLikelihood: -29110.573354
[00:01:37] Bootstrap tree #4, logLikelihood: -29341.465772
[00:02:09] Bootstrap tree #5, logLikelihood: -28740.766478
[00:02:35] Bootstrap tree #6, logLikelihood: -29292.838622
[00:03:01] Bootstrap tree #7, logLikelihood: -29126.215792
[00:03:22] Bootstrap tree #8, logLikelihood: -28918.362282
[00:03:46] Bootstrap tree #9, logLikelihood: -28704.146796
[00:04:08] Bootstrap tree #10, logLikelihood: -29231.630872

Optimized model parameters:

   Partition 0: noname
   Rate heterogeneity: NONE
   Base frequencies (ML): 0.251040 0.265766 0.233451 0.249743 
   Substitution rates (ML): 0.997174 1.025763 1.047175 0.986066 1.003577 1.000000 
Bootstrap trees saved to: /home/morelbt/github/BenoitDatasets/families/alesim_s20_f50_sites400_d1.0_l0.5_seed42/pargenes/mlsearch_run/bootstraps/14_prunedfasta/14_prunedfasta_bs8.raxml.bootstraps

Execution log saved to: /home/morelbt/github/BenoitDatasets/families/alesim_s20_f50_sites400_d1.0_l0.5_seed42/pargenes/mlsearch_run/bootstraps/14_prunedfasta/14_prunedfasta_bs8.raxml.log

Analysis started: 11-Dec-2018 15:24:01 / finished: 11-Dec-2018 15:28:09

Elapsed time: 248.812 seconds

