
RAxML-NG v. 0.6.0git BETA released on 27.07.2018 by The Exelixis Lab.
Authors: Alexey Kozlov, Alexandros Stamatakis, Diego Darriba, Tomas Flouri, Benoit Morel.
Latest version: https://github.com/amkozlov/raxml-ng
Questions/problems/suggestions? Please visit: https://groups.google.com/forum/#!forum/raxml

WARNING: This is a BETA release, please use at your own risk!

RAxML-NG was called as follows:

mpi-scheduler --bootstrap --msa ../BenoitDatasets/families/jsim_s8_f100_sites300_d2.0_l1.0_t0.5_seed6/pargenes/parse_run/results/30_pruned_fasta/30_pruned_fasta.raxml.rba --blopt nr_safe --model GTR --prefix ../BenoitDatasets/families/jsim_s8_f100_sites300_d2.0_l1.0_t0.5_seed6/pargenes/mlsearch_run/bootstraps/30_pruned_fasta/30_pruned_fasta_bs3 --threads 1 --seed 4 --bs-trees 10

Analysis options:
  run mode: Bootstrapping
  start tree(s): 
  bootstrap replicates: 10
  random seed: 4
  tip-inner: ON
  pattern compression: ON
  per-rate scalers: OFF
  site repeats: OFF
  branch lengths: linked (ML estimate, algorithm: NR-SAFE)
  SIMD kernels: AVX2
  parallelization: NONE/sequential

WARNING: The model you specified on the command line (GTR) will be ignored 
         since the binary MSA file already contains a model definition.
         If you want to change the model, please re-run RAxML-NG 
         with the original PHYLIP/FASTA alignment and --redo option.

[00:00:00] Loading binary alignment from file: ../BenoitDatasets/families/jsim_s8_f100_sites300_d2.0_l1.0_t0.5_seed6/pargenes/parse_run/results/30_pruned_fasta/30_pruned_fasta.raxml.rba
[00:00:00] Alignment comprises 55 taxa, 1 partitions and 300 patterns

Partition 0: noname
Model: GTR+FO
Alignment sites / patterns: 300 / 300
Gaps: 0.00 %
Invariant sites: 0.00 %


[00:00:00] Data distribution: max. partitions/sites/weight per thread: 1 / 300 / 1200
[00:00:00] Starting bootstrapping analysis with 10 replicates.

[00:00:05] Bootstrap tree #1, logLikelihood: -14936.071689
[00:00:09] Bootstrap tree #2, logLikelihood: -15040.396447
[00:00:14] Bootstrap tree #3, logLikelihood: -14892.153245
[00:00:19] Bootstrap tree #4, logLikelihood: -14897.416765
[00:00:23] Bootstrap tree #5, logLikelihood: -14668.120733
[00:00:27] Bootstrap tree #6, logLikelihood: -14878.842936
[00:00:31] Bootstrap tree #7, logLikelihood: -14881.097449
[00:00:35] Bootstrap tree #8, logLikelihood: -14919.870626
[00:00:39] Bootstrap tree #9, logLikelihood: -14843.858088
[00:00:45] Bootstrap tree #10, logLikelihood: -15046.873150

Optimized model parameters:

   Partition 0: noname
   Rate heterogeneity: NONE
   Base frequencies (ML): 0.252270 0.250255 0.247841 0.249634 
   Substitution rates (ML): 0.891409 0.816517 0.862544 0.845694 0.943190 1.000000 
Bootstrap trees saved to: /home/morelbt/github/BenoitDatasets/families/jsim_s8_f100_sites300_d2.0_l1.0_t0.5_seed6/pargenes/mlsearch_run/bootstraps/30_pruned_fasta/30_pruned_fasta_bs3.raxml.bootstraps

Execution log saved to: /home/morelbt/github/BenoitDatasets/families/jsim_s8_f100_sites300_d2.0_l1.0_t0.5_seed6/pargenes/mlsearch_run/bootstraps/30_pruned_fasta/30_pruned_fasta_bs3.raxml.log

Analysis started: 14-Jan-2019 13:32:05 / finished: 14-Jan-2019 13:32:50

Elapsed time: 45.072 seconds

