
RAxML-NG v. 0.6.0git BETA released on 27.07.2018 by The Exelixis Lab.
Authors: Alexey Kozlov, Alexandros Stamatakis, Diego Darriba, Tomas Flouri, Benoit Morel.
Latest version: https://github.com/amkozlov/raxml-ng
Questions/problems/suggestions? Please visit: https://groups.google.com/forum/#!forum/raxml

WARNING: This is a BETA release, please use at your own risk!

RAxML-NG was called as follows:

mpi-scheduler --bootstrap --msa ../BenoitDatasets/families/jsim_s27_f100_sites200_d6.0_l3.0_seed6/pargenes/parse_run/results/90_fasta/90_fasta.raxml.rba --blopt nr_safe --model GTR --prefix ../BenoitDatasets/families/jsim_s27_f100_sites200_d6.0_l3.0_seed6/pargenes/mlsearch_run/bootstraps/90_fasta/90_fasta_bs4 --threads 1 --seed 5 --bs-trees 10

Analysis options:
  run mode: Bootstrapping
  start tree(s): 
  bootstrap replicates: 10
  random seed: 5
  tip-inner: ON
  pattern compression: ON
  per-rate scalers: OFF
  site repeats: OFF
  branch lengths: linked (ML estimate, algorithm: NR-SAFE)
  SIMD kernels: AVX2
  parallelization: NONE/sequential

WARNING: The model you specified on the command line (GTR) will be ignored 
         since the binary MSA file already contains a model definition.
         If you want to change the model, please re-run RAxML-NG 
         with the original PHYLIP/FASTA alignment and --redo option.

[00:00:00] Loading binary alignment from file: ../BenoitDatasets/families/jsim_s27_f100_sites200_d6.0_l3.0_seed6/pargenes/parse_run/results/90_fasta/90_fasta.raxml.rba
[00:00:00] Alignment comprises 4 taxa, 1 partitions and 33 patterns

Partition 0: noname
Model: GTR+FO
Alignment sites / patterns: 200 / 33
Gaps: 0.00 %
Invariant sites: 2.00 %


[00:00:00] Data distribution: max. partitions/sites/weight per thread: 1 / 33 / 132
[00:00:00] Starting bootstrapping analysis with 10 replicates.

[00:00:00] Bootstrap tree #1, logLikelihood: -537.240133
[00:00:00] Bootstrap tree #2, logLikelihood: -574.600080
[00:00:00] Bootstrap tree #3, logLikelihood: -559.199110
[00:00:00] Bootstrap tree #4, logLikelihood: -532.799638
[00:00:00] Bootstrap tree #5, logLikelihood: -565.103910
[00:00:00] Bootstrap tree #6, logLikelihood: -539.877670
[00:00:00] Bootstrap tree #7, logLikelihood: -518.273258
[00:00:00] Bootstrap tree #8, logLikelihood: -553.501281
[00:00:00] Bootstrap tree #9, logLikelihood: -504.659752
[00:00:00] Bootstrap tree #10, logLikelihood: -577.485170

Optimized model parameters:

   Partition 0: noname
   Rate heterogeneity: NONE
   Base frequencies (ML): 0.245521 0.247470 0.274425 0.232584 
   Substitution rates (ML): 1.392609 0.484519 0.580882 0.587908 1.696055 1.000000 
Bootstrap trees saved to: /home/morelbt/github/BenoitDatasets/families/jsim_s27_f100_sites200_d6.0_l3.0_seed6/pargenes/mlsearch_run/bootstraps/90_fasta/90_fasta_bs4.raxml.bootstraps

Execution log saved to: /home/morelbt/github/BenoitDatasets/families/jsim_s27_f100_sites200_d6.0_l3.0_seed6/pargenes/mlsearch_run/bootstraps/90_fasta/90_fasta_bs4.raxml.log

Analysis started: 07-Dec-2018 15:33:05 / finished: 07-Dec-2018 15:33:05

Elapsed time: 0.067 seconds

