
RAxML-NG v. 0.6.0git BETA released on 27.07.2018 by The Exelixis Lab.
Authors: Alexey Kozlov, Alexandros Stamatakis, Diego Darriba, Tomas Flouri, Benoit Morel.
Latest version: https://github.com/amkozlov/raxml-ng
Questions/problems/suggestions? Please visit: https://groups.google.com/forum/#!forum/raxml

WARNING: This is a BETA release, please use at your own risk!

RAxML-NG was called as follows:

mpi-scheduler --bootstrap --msa ../BenoitDatasets/families/jsim_s27_f100_sites200_d6.0_l3.0_seed6/pargenes/parse_run/results/16_fasta/16_fasta.raxml.rba --blopt nr_safe --model GTR --prefix ../BenoitDatasets/families/jsim_s27_f100_sites200_d6.0_l3.0_seed6/pargenes/mlsearch_run/bootstraps/16_fasta/16_fasta_bs9 --threads 1 --seed 10 --bs-trees 10

Analysis options:
  run mode: Bootstrapping
  start tree(s): 
  bootstrap replicates: 10
  random seed: 10
  tip-inner: ON
  pattern compression: ON
  per-rate scalers: OFF
  site repeats: OFF
  branch lengths: linked (ML estimate, algorithm: NR-SAFE)
  SIMD kernels: AVX2
  parallelization: NONE/sequential

WARNING: The model you specified on the command line (GTR) will be ignored 
         since the binary MSA file already contains a model definition.
         If you want to change the model, please re-run RAxML-NG 
         with the original PHYLIP/FASTA alignment and --redo option.

[00:00:00] Loading binary alignment from file: ../BenoitDatasets/families/jsim_s27_f100_sites200_d6.0_l3.0_seed6/pargenes/parse_run/results/16_fasta/16_fasta.raxml.rba
[00:00:00] Alignment comprises 8 taxa, 1 partitions and 82 patterns

Partition 0: noname
Model: GTR+FO
Alignment sites / patterns: 200 / 82
Gaps: 0.00 %
Invariant sites: 2.00 %


[00:00:00] Data distribution: max. partitions/sites/weight per thread: 1 / 82 / 328
[00:00:00] Starting bootstrapping analysis with 10 replicates.

[00:00:00] Bootstrap tree #1, logLikelihood: -917.398381
[00:00:00] Bootstrap tree #2, logLikelihood: -908.427210
[00:00:00] Bootstrap tree #3, logLikelihood: -936.371798
[00:00:00] Bootstrap tree #4, logLikelihood: -908.022777
[00:00:00] Bootstrap tree #5, logLikelihood: -946.891915
[00:00:00] Bootstrap tree #6, logLikelihood: -889.350426
[00:00:00] Bootstrap tree #7, logLikelihood: -910.547314
[00:00:00] Bootstrap tree #8, logLikelihood: -927.238438
[00:00:00] Bootstrap tree #9, logLikelihood: -947.872198
[00:00:00] Bootstrap tree #10, logLikelihood: -888.388746

Optimized model parameters:

   Partition 0: noname
   Rate heterogeneity: NONE
   Base frequencies (ML): 0.284232 0.155550 0.306729 0.253490 
   Substitution rates (ML): 3.161305 2.339409 1.754745 3.444718 3.988325 1.000000 
Bootstrap trees saved to: /home/morelbt/github/BenoitDatasets/families/jsim_s27_f100_sites200_d6.0_l3.0_seed6/pargenes/mlsearch_run/bootstraps/16_fasta/16_fasta_bs9.raxml.bootstraps

Execution log saved to: /home/morelbt/github/BenoitDatasets/families/jsim_s27_f100_sites200_d6.0_l3.0_seed6/pargenes/mlsearch_run/bootstraps/16_fasta/16_fasta_bs9.raxml.log

Analysis started: 07-Dec-2018 15:33:03 / finished: 07-Dec-2018 15:33:04

Elapsed time: 0.348 seconds

