
RAxML-NG v. 0.6.0git BETA released on 27.07.2018 by The Exelixis Lab.
Authors: Alexey Kozlov, Alexandros Stamatakis, Diego Darriba, Tomas Flouri, Benoit Morel.
Latest version: https://github.com/amkozlov/raxml-ng
Questions/problems/suggestions? Please visit: https://groups.google.com/forum/#!forum/raxml

WARNING: This is a BETA release, please use at your own risk!

RAxML-NG was called as follows:

mpi-scheduler --bootstrap --msa ../BenoitDatasets/families/jsim_s27_f100_sites1000_d2.0_l1.0_seed6/pargenes/parse_run/results/24_fasta/24_fasta.raxml.rba --blopt nr_safe --model GTR --prefix ../BenoitDatasets/families/jsim_s27_f100_sites1000_d2.0_l1.0_seed6/pargenes/mlsearch_run/bootstraps/24_fasta/24_fasta_bs1 --threads 1 --seed 2 --bs-trees 10

Analysis options:
  run mode: Bootstrapping
  start tree(s): 
  bootstrap replicates: 10
  random seed: 2
  tip-inner: ON
  pattern compression: ON
  per-rate scalers: OFF
  site repeats: OFF
  branch lengths: linked (ML estimate, algorithm: NR-SAFE)
  SIMD kernels: AVX2
  parallelization: NONE/sequential

WARNING: The model you specified on the command line (GTR) will be ignored 
         since the binary MSA file already contains a model definition.
         If you want to change the model, please re-run RAxML-NG 
         with the original PHYLIP/FASTA alignment and --redo option.

[00:00:00] Loading binary alignment from file: ../BenoitDatasets/families/jsim_s27_f100_sites1000_d2.0_l1.0_seed6/pargenes/parse_run/results/24_fasta/24_fasta.raxml.rba
[00:00:00] Alignment comprises 65 taxa, 1 partitions and 1000 patterns

Partition 0: noname
Model: GTR+FO
Alignment sites / patterns: 1000 / 1000
Gaps: 0.00 %
Invariant sites: 0.00 %


[00:00:00] Data distribution: max. partitions/sites/weight per thread: 1 / 1000 / 4000
[00:00:00] Starting bootstrapping analysis with 10 replicates.

[00:00:16] Bootstrap tree #1, logLikelihood: -59291.329977
[00:00:32] Bootstrap tree #2, logLikelihood: -59613.840944
[00:00:52] Bootstrap tree #3, logLikelihood: -59565.087490
[00:01:09] Bootstrap tree #4, logLikelihood: -59682.638008
[00:01:24] Bootstrap tree #5, logLikelihood: -59577.564165
[00:01:40] Bootstrap tree #6, logLikelihood: -59596.336650
[00:01:56] Bootstrap tree #7, logLikelihood: -59315.093928
[00:02:11] Bootstrap tree #8, logLikelihood: -59847.885143
[00:02:28] Bootstrap tree #9, logLikelihood: -60139.245241
[00:02:43] Bootstrap tree #10, logLikelihood: -59464.351362

Optimized model parameters:

   Partition 0: noname
   Rate heterogeneity: NONE
   Base frequencies (ML): 0.245887 0.252727 0.253697 0.247690 
   Substitution rates (ML): 1.103989 1.157467 1.086898 1.100199 1.070475 1.000000 
Bootstrap trees saved to: /home/morelbt/github/BenoitDatasets/families/jsim_s27_f100_sites1000_d2.0_l1.0_seed6/pargenes/mlsearch_run/bootstraps/24_fasta/24_fasta_bs1.raxml.bootstraps

Execution log saved to: /home/morelbt/github/BenoitDatasets/families/jsim_s27_f100_sites1000_d2.0_l1.0_seed6/pargenes/mlsearch_run/bootstraps/24_fasta/24_fasta_bs1.raxml.log

Analysis started: 07-Dec-2018 15:38:35 / finished: 07-Dec-2018 15:41:19

Elapsed time: 163.562 seconds

