
RAxML-NG v. 0.6.0git BETA released on 27.07.2018 by The Exelixis Lab.
Authors: Alexey Kozlov, Alexandros Stamatakis, Diego Darriba, Tomas Flouri, Benoit Morel.
Latest version: https://github.com/amkozlov/raxml-ng
Questions/problems/suggestions? Please visit: https://groups.google.com/forum/#!forum/raxml

WARNING: This is a BETA release, please use at your own risk!

RAxML-NG was called as follows:

mpi-scheduler --bootstrap --msa ../BenoitDatasets/families/alesim_s20_f50_sites400_d1.0_l0.5_seed42/pargenes/parse_run/results/44_prunedfasta/44_prunedfasta.raxml.rba --blopt nr_safe --model GTR --prefix ../BenoitDatasets/families/alesim_s20_f50_sites400_d1.0_l0.5_seed42/pargenes/mlsearch_run/bootstraps/44_prunedfasta/44_prunedfasta_bs6 --threads 1 --seed 7 --bs-trees 10

Analysis options:
  run mode: Bootstrapping
  start tree(s): 
  bootstrap replicates: 10
  random seed: 7
  tip-inner: ON
  pattern compression: ON
  per-rate scalers: OFF
  site repeats: OFF
  branch lengths: linked (ML estimate, algorithm: NR-SAFE)
  SIMD kernels: AVX2
  parallelization: NONE/sequential

WARNING: The model you specified on the command line (GTR) will be ignored 
         since the binary MSA file already contains a model definition.
         If you want to change the model, please re-run RAxML-NG 
         with the original PHYLIP/FASTA alignment and --redo option.

[00:00:00] Loading binary alignment from file: ../BenoitDatasets/families/alesim_s20_f50_sites400_d1.0_l0.5_seed42/pargenes/parse_run/results/44_prunedfasta/44_prunedfasta.raxml.rba
[00:00:00] Alignment comprises 18 taxa, 1 partitions and 388 patterns

Partition 0: noname
Model: GTR+FO
Alignment sites / patterns: 400 / 388
Gaps: 0.00 %
Invariant sites: 0.50 %


[00:00:00] Data distribution: max. partitions/sites/weight per thread: 1 / 388 / 1552
[00:00:00] Starting bootstrapping analysis with 10 replicates.

[00:00:00] Bootstrap tree #1, logLikelihood: -4734.713587
[00:00:01] Bootstrap tree #2, logLikelihood: -4641.710263
[00:00:02] Bootstrap tree #3, logLikelihood: -4679.579587
[00:00:02] Bootstrap tree #4, logLikelihood: -4590.438907
[00:00:03] Bootstrap tree #5, logLikelihood: -4636.561932
[00:00:04] Bootstrap tree #6, logLikelihood: -4652.885465
[00:00:04] Bootstrap tree #7, logLikelihood: -4529.982134
[00:00:05] Bootstrap tree #8, logLikelihood: -4650.173845
[00:00:05] Bootstrap tree #9, logLikelihood: -4709.311449
[00:00:06] Bootstrap tree #10, logLikelihood: -4746.939194

Optimized model parameters:

   Partition 0: noname
   Rate heterogeneity: NONE
   Base frequencies (ML): 0.267716 0.269931 0.234555 0.227799 
   Substitution rates (ML): 0.965440 0.999014 1.079611 0.807755 1.122399 1.000000 
Bootstrap trees saved to: /home/morelbt/github/BenoitDatasets/families/alesim_s20_f50_sites400_d1.0_l0.5_seed42/pargenes/mlsearch_run/bootstraps/44_prunedfasta/44_prunedfasta_bs6.raxml.bootstraps

Execution log saved to: /home/morelbt/github/BenoitDatasets/families/alesim_s20_f50_sites400_d1.0_l0.5_seed42/pargenes/mlsearch_run/bootstraps/44_prunedfasta/44_prunedfasta_bs6.raxml.log

Analysis started: 11-Dec-2018 15:34:54 / finished: 11-Dec-2018 15:35:00

Elapsed time: 6.415 seconds

