
RAxML-NG v. 0.6.0git BETA released on 27.07.2018 by The Exelixis Lab.
Authors: Alexey Kozlov, Alexandros Stamatakis, Diego Darriba, Tomas Flouri, Benoit Morel.
Latest version: https://github.com/amkozlov/raxml-ng
Questions/problems/suggestions? Please visit: https://groups.google.com/forum/#!forum/raxml

WARNING: This is a BETA release, please use at your own risk!

RAxML-NG was called as follows:

mpi-scheduler --bootstrap --msa ../BenoitDatasets/families/jsim_s27_f100_sites200_d6.0_l3.0_seed6/pargenes/parse_run/results/94_fasta/94_fasta.raxml.rba --blopt nr_safe --model GTR --prefix ../BenoitDatasets/families/jsim_s27_f100_sites200_d6.0_l3.0_seed6/pargenes/mlsearch_run/bootstraps/94_fasta/94_fasta_bs0 --threads 1 --seed 1 --bs-trees 10

Analysis options:
  run mode: Bootstrapping
  start tree(s): 
  bootstrap replicates: 10
  random seed: 1
  tip-inner: ON
  pattern compression: ON
  per-rate scalers: OFF
  site repeats: OFF
  branch lengths: linked (ML estimate, algorithm: NR-SAFE)
  SIMD kernels: AVX2
  parallelization: NONE/sequential

WARNING: The model you specified on the command line (GTR) will be ignored 
         since the binary MSA file already contains a model definition.
         If you want to change the model, please re-run RAxML-NG 
         with the original PHYLIP/FASTA alignment and --redo option.

[00:00:00] Loading binary alignment from file: ../BenoitDatasets/families/jsim_s27_f100_sites200_d6.0_l3.0_seed6/pargenes/parse_run/results/94_fasta/94_fasta.raxml.rba
[00:00:00] Alignment comprises 9 taxa, 1 partitions and 183 patterns

Partition 0: noname
Model: GTR+FO
Alignment sites / patterns: 200 / 183
Gaps: 0.00 %
Invariant sites: 2.00 %


[00:00:00] Data distribution: max. partitions/sites/weight per thread: 1 / 183 / 732
[00:00:00] Starting bootstrapping analysis with 10 replicates.

[00:00:00] Bootstrap tree #1, logLikelihood: -1731.449635
[00:00:00] Bootstrap tree #2, logLikelihood: -1690.614928
[00:00:00] Bootstrap tree #3, logLikelihood: -1815.485800
[00:00:00] Bootstrap tree #4, logLikelihood: -1708.800671
[00:00:00] Bootstrap tree #5, logLikelihood: -1742.239078
[00:00:00] Bootstrap tree #6, logLikelihood: -1767.523207
[00:00:00] Bootstrap tree #7, logLikelihood: -1701.848358
[00:00:00] Bootstrap tree #8, logLikelihood: -1757.371098
[00:00:00] Bootstrap tree #9, logLikelihood: -1744.490510
[00:00:00] Bootstrap tree #10, logLikelihood: -1744.179787

Optimized model parameters:

   Partition 0: noname
   Rate heterogeneity: NONE
   Base frequencies (ML): 0.259267 0.237266 0.294154 0.209313 
   Substitution rates (ML): 0.841350 1.157332 0.922244 1.427693 1.144465 1.000000 
Bootstrap trees saved to: /home/morelbt/github/BenoitDatasets/families/jsim_s27_f100_sites200_d6.0_l3.0_seed6/pargenes/mlsearch_run/bootstraps/94_fasta/94_fasta_bs0.raxml.bootstraps

Execution log saved to: /home/morelbt/github/BenoitDatasets/families/jsim_s27_f100_sites200_d6.0_l3.0_seed6/pargenes/mlsearch_run/bootstraps/94_fasta/94_fasta_bs0.raxml.log

Analysis started: 07-Dec-2018 15:32:56 / finished: 07-Dec-2018 15:32:57

Elapsed time: 0.918 seconds

