
RAxML-NG v. 0.6.0git BETA released on 27.07.2018 by The Exelixis Lab.
Authors: Alexey Kozlov, Alexandros Stamatakis, Diego Darriba, Tomas Flouri, Benoit Morel.
Latest version: https://github.com/amkozlov/raxml-ng
Questions/problems/suggestions? Please visit: https://groups.google.com/forum/#!forum/raxml

WARNING: This is a BETA release, please use at your own risk!

RAxML-NG was called as follows:

mpi-scheduler --bootstrap --msa ../BenoitDatasets/families/jsim_s27_f100_sites200_d6.0_l3.0_seed6/pargenes/parse_run/results/94_fasta/94_fasta.raxml.rba --blopt nr_safe --model GTR --prefix ../BenoitDatasets/families/jsim_s27_f100_sites200_d6.0_l3.0_seed6/pargenes/mlsearch_run/bootstraps/94_fasta/94_fasta_bs5 --threads 1 --seed 6 --bs-trees 10

Analysis options:
  run mode: Bootstrapping
  start tree(s): 
  bootstrap replicates: 10
  random seed: 6
  tip-inner: ON
  pattern compression: ON
  per-rate scalers: OFF
  site repeats: OFF
  branch lengths: linked (ML estimate, algorithm: NR-SAFE)
  SIMD kernels: AVX2
  parallelization: NONE/sequential

WARNING: The model you specified on the command line (GTR) will be ignored 
         since the binary MSA file already contains a model definition.
         If you want to change the model, please re-run RAxML-NG 
         with the original PHYLIP/FASTA alignment and --redo option.

[00:00:00] Loading binary alignment from file: ../BenoitDatasets/families/jsim_s27_f100_sites200_d6.0_l3.0_seed6/pargenes/parse_run/results/94_fasta/94_fasta.raxml.rba
[00:00:00] Alignment comprises 9 taxa, 1 partitions and 183 patterns

Partition 0: noname
Model: GTR+FO
Alignment sites / patterns: 200 / 183
Gaps: 0.00 %
Invariant sites: 2.00 %


[00:00:00] Data distribution: max. partitions/sites/weight per thread: 1 / 183 / 732
[00:00:00] Starting bootstrapping analysis with 10 replicates.

[00:00:00] Bootstrap tree #1, logLikelihood: -1703.520463
[00:00:00] Bootstrap tree #2, logLikelihood: -1772.312949
[00:00:00] Bootstrap tree #3, logLikelihood: -1747.854354
[00:00:00] Bootstrap tree #4, logLikelihood: -1785.202305
[00:00:00] Bootstrap tree #5, logLikelihood: -1737.033598
[00:00:00] Bootstrap tree #6, logLikelihood: -1781.105831
[00:00:00] Bootstrap tree #7, logLikelihood: -1708.556121
[00:00:00] Bootstrap tree #8, logLikelihood: -1696.335887
[00:00:00] Bootstrap tree #9, logLikelihood: -1701.360981
[00:00:00] Bootstrap tree #10, logLikelihood: -1754.424866

Optimized model parameters:

   Partition 0: noname
   Rate heterogeneity: NONE
   Base frequencies (ML): 0.302320 0.230040 0.260691 0.206949 
   Substitution rates (ML): 0.746146 1.357850 1.228802 1.584541 1.364605 1.000000 
Bootstrap trees saved to: /home/morelbt/github/BenoitDatasets/families/jsim_s27_f100_sites200_d6.0_l3.0_seed6/pargenes/mlsearch_run/bootstraps/94_fasta/94_fasta_bs5.raxml.bootstraps

Execution log saved to: /home/morelbt/github/BenoitDatasets/families/jsim_s27_f100_sites200_d6.0_l3.0_seed6/pargenes/mlsearch_run/bootstraps/94_fasta/94_fasta_bs5.raxml.log

Analysis started: 07-Dec-2018 15:32:56 / finished: 07-Dec-2018 15:32:57

Elapsed time: 0.940 seconds

