
RAxML-NG v. 0.6.0git BETA released on 27.07.2018 by The Exelixis Lab.
Authors: Alexey Kozlov, Alexandros Stamatakis, Diego Darriba, Tomas Flouri, Benoit Morel.
Latest version: https://github.com/amkozlov/raxml-ng
Questions/problems/suggestions? Please visit: https://groups.google.com/forum/#!forum/raxml

WARNING: This is a BETA release, please use at your own risk!

RAxML-NG was called as follows:

mpi-scheduler --bootstrap --msa ../BenoitDatasets/families/jsim_s27_f100_sites200_d2.0_l1.0_seed6/pargenes/parse_run/results/15_fasta/15_fasta.raxml.rba --blopt nr_safe --model GTR --prefix ../BenoitDatasets/families/jsim_s27_f100_sites200_d2.0_l1.0_seed6/pargenes/mlsearch_run/bootstraps/15_fasta/15_fasta_bs1 --threads 1 --seed 2 --bs-trees 10

Analysis options:
  run mode: Bootstrapping
  start tree(s): 
  bootstrap replicates: 10
  random seed: 2
  tip-inner: ON
  pattern compression: ON
  per-rate scalers: OFF
  site repeats: OFF
  branch lengths: linked (ML estimate, algorithm: NR-SAFE)
  SIMD kernels: AVX2
  parallelization: NONE/sequential

WARNING: The model you specified on the command line (GTR) will be ignored 
         since the binary MSA file already contains a model definition.
         If you want to change the model, please re-run RAxML-NG 
         with the original PHYLIP/FASTA alignment and --redo option.

[00:00:00] Loading binary alignment from file: ../BenoitDatasets/families/jsim_s27_f100_sites200_d2.0_l1.0_seed6/pargenes/parse_run/results/15_fasta/15_fasta.raxml.rba
[00:00:00] Alignment comprises 9 taxa, 1 partitions and 198 patterns

Partition 0: noname
Model: GTR+FO
Alignment sites / patterns: 200 / 198
Gaps: 0.00 %
Invariant sites: 0.00 %


[00:00:00] Data distribution: max. partitions/sites/weight per thread: 1 / 198 / 792
[00:00:00] Starting bootstrapping analysis with 10 replicates.

[00:00:00] Bootstrap tree #1, logLikelihood: -2040.578586
[00:00:00] Bootstrap tree #2, logLikelihood: -2035.960658
[00:00:00] Bootstrap tree #3, logLikelihood: -2012.704693
[00:00:00] Bootstrap tree #4, logLikelihood: -2035.266452
[00:00:00] Bootstrap tree #5, logLikelihood: -2038.576062
[00:00:00] Bootstrap tree #6, logLikelihood: -1994.684345
[00:00:00] Bootstrap tree #7, logLikelihood: -2029.288765
[00:00:00] Bootstrap tree #8, logLikelihood: -2027.240927
[00:00:01] Bootstrap tree #9, logLikelihood: -2040.089253
[00:00:01] Bootstrap tree #10, logLikelihood: -2027.241838

Optimized model parameters:

   Partition 0: noname
   Rate heterogeneity: NONE
   Base frequencies (ML): 0.201382 0.283871 0.258372 0.256375 
   Substitution rates (ML): 1.935384 2.738991 3.099923 2.179614 2.213191 1.000000 
Bootstrap trees saved to: /home/morelbt/github/BenoitDatasets/families/jsim_s27_f100_sites200_d2.0_l1.0_seed6/pargenes/mlsearch_run/bootstraps/15_fasta/15_fasta_bs1.raxml.bootstraps

Execution log saved to: /home/morelbt/github/BenoitDatasets/families/jsim_s27_f100_sites200_d2.0_l1.0_seed6/pargenes/mlsearch_run/bootstraps/15_fasta/15_fasta_bs1.raxml.log

Analysis started: 07-Dec-2018 15:27:52 / finished: 07-Dec-2018 15:27:53

Elapsed time: 1.159 seconds

