
RAxML-NG v. 0.6.0git BETA released on 27.07.2018 by The Exelixis Lab.
Authors: Alexey Kozlov, Alexandros Stamatakis, Diego Darriba, Tomas Flouri, Benoit Morel.
Latest version: https://github.com/amkozlov/raxml-ng
Questions/problems/suggestions? Please visit: https://groups.google.com/forum/#!forum/raxml

WARNING: This is a BETA release, please use at your own risk!

RAxML-NG was called as follows:

mpi-scheduler --bootstrap --msa ../BenoitDatasets/families/jsim_s27_f100_sites1000_d2.0_l1.0_seed6/pargenes/parse_run/results/20_fasta/20_fasta.raxml.rba --blopt nr_safe --model GTR --prefix ../BenoitDatasets/families/jsim_s27_f100_sites1000_d2.0_l1.0_seed6/pargenes/mlsearch_run/bootstraps/20_fasta/20_fasta_bs4 --threads 1 --seed 5 --bs-trees 10

Analysis options:
  run mode: Bootstrapping
  start tree(s): 
  bootstrap replicates: 10
  random seed: 5
  tip-inner: ON
  pattern compression: ON
  per-rate scalers: OFF
  site repeats: OFF
  branch lengths: linked (ML estimate, algorithm: NR-SAFE)
  SIMD kernels: AVX2
  parallelization: NONE/sequential

WARNING: The model you specified on the command line (GTR) will be ignored 
         since the binary MSA file already contains a model definition.
         If you want to change the model, please re-run RAxML-NG 
         with the original PHYLIP/FASTA alignment and --redo option.

[00:00:00] Loading binary alignment from file: ../BenoitDatasets/families/jsim_s27_f100_sites1000_d2.0_l1.0_seed6/pargenes/parse_run/results/20_fasta/20_fasta.raxml.rba
[00:00:00] Alignment comprises 14 taxa, 1 partitions and 996 patterns

Partition 0: noname
Model: GTR+FO
Alignment sites / patterns: 1000 / 996
Gaps: 0.00 %
Invariant sites: 0.20 %


[00:00:00] Data distribution: max. partitions/sites/weight per thread: 1 / 996 / 3984
[00:00:00] Starting bootstrapping analysis with 10 replicates.

[00:00:01] Bootstrap tree #1, logLikelihood: -13249.328735
[00:00:02] Bootstrap tree #2, logLikelihood: -13360.845907
[00:00:03] Bootstrap tree #3, logLikelihood: -13316.904934
[00:00:05] Bootstrap tree #4, logLikelihood: -13504.466605
[00:00:06] Bootstrap tree #5, logLikelihood: -13304.979318
[00:00:08] Bootstrap tree #6, logLikelihood: -13216.315797
[00:00:10] Bootstrap tree #7, logLikelihood: -13226.976688
[00:00:11] Bootstrap tree #8, logLikelihood: -13352.847222
[00:00:12] Bootstrap tree #9, logLikelihood: -13276.053448
[00:00:13] Bootstrap tree #10, logLikelihood: -13476.583533

Optimized model parameters:

   Partition 0: noname
   Rate heterogeneity: NONE
   Base frequencies (ML): 0.253755 0.242518 0.255937 0.247790 
   Substitution rates (ML): 1.158832 1.186121 1.033188 1.161353 1.088656 1.000000 
Bootstrap trees saved to: /home/morelbt/github/BenoitDatasets/families/jsim_s27_f100_sites1000_d2.0_l1.0_seed6/pargenes/mlsearch_run/bootstraps/20_fasta/20_fasta_bs4.raxml.bootstraps

Execution log saved to: /home/morelbt/github/BenoitDatasets/families/jsim_s27_f100_sites1000_d2.0_l1.0_seed6/pargenes/mlsearch_run/bootstraps/20_fasta/20_fasta_bs4.raxml.log

Analysis started: 07-Dec-2018 15:54:54 / finished: 07-Dec-2018 15:55:08

Elapsed time: 13.998 seconds

