
RAxML-NG v. 0.6.0git BETA released on 27.07.2018 by The Exelixis Lab.
Authors: Alexey Kozlov, Alexandros Stamatakis, Diego Darriba, Tomas Flouri, Benoit Morel.
Latest version: https://github.com/amkozlov/raxml-ng
Questions/problems/suggestions? Please visit: https://groups.google.com/forum/#!forum/raxml

WARNING: This is a BETA release, please use at your own risk!

RAxML-NG was called as follows:

mpi-scheduler --bootstrap --msa ../BenoitDatasets/families/alesim_s20_f50_sites400_d1.0_l0.5_t0.5_seed42/pargenes/parse_run/results/29_pruned_fasta/29_pruned_fasta.raxml.rba --blopt nr_safe --model GTR --prefix ../BenoitDatasets/families/alesim_s20_f50_sites400_d1.0_l0.5_t0.5_seed42/pargenes/mlsearch_run/bootstraps/29_pruned_fasta/29_pruned_fasta_bs6 --threads 1 --seed 7 --bs-trees 10

Analysis options:
  run mode: Bootstrapping
  start tree(s): 
  bootstrap replicates: 10
  random seed: 7
  tip-inner: ON
  pattern compression: ON
  per-rate scalers: OFF
  site repeats: OFF
  branch lengths: linked (ML estimate, algorithm: NR-SAFE)
  SIMD kernels: AVX2
  parallelization: NONE/sequential

WARNING: The model you specified on the command line (GTR) will be ignored 
         since the binary MSA file already contains a model definition.
         If you want to change the model, please re-run RAxML-NG 
         with the original PHYLIP/FASTA alignment and --redo option.

[00:00:00] Loading binary alignment from file: ../BenoitDatasets/families/alesim_s20_f50_sites400_d1.0_l0.5_t0.5_seed42/pargenes/parse_run/results/29_pruned_fasta/29_pruned_fasta.raxml.rba
[00:00:00] Alignment comprises 93 taxa, 1 partitions and 400 patterns

Partition 0: noname
Model: GTR+FO
Alignment sites / patterns: 400 / 400
Gaps: 0.00 %
Invariant sites: 0.00 %


[00:00:00] Data distribution: max. partitions/sites/weight per thread: 1 / 400 / 1600
[00:00:00] Starting bootstrapping analysis with 10 replicates.

[00:00:11] Bootstrap tree #1, logLikelihood: -19530.486840
[00:00:20] Bootstrap tree #2, logLikelihood: -19383.108969
[00:00:32] Bootstrap tree #3, logLikelihood: -19211.820462
[00:00:43] Bootstrap tree #4, logLikelihood: -19025.868308
[00:00:52] Bootstrap tree #5, logLikelihood: -19233.889811
[00:01:07] Bootstrap tree #6, logLikelihood: -19052.742183
[00:01:17] Bootstrap tree #7, logLikelihood: -19218.575648
[00:01:30] Bootstrap tree #8, logLikelihood: -19068.817400
[00:01:38] Bootstrap tree #9, logLikelihood: -19061.381185
[00:01:48] Bootstrap tree #10, logLikelihood: -19359.313349

Optimized model parameters:

   Partition 0: noname
   Rate heterogeneity: NONE
   Base frequencies (ML): 0.246415 0.249411 0.267089 0.237086 
   Substitution rates (ML): 0.903775 0.857496 0.885365 0.809509 0.989961 1.000000 
Bootstrap trees saved to: /home/morelbt/github/BenoitDatasets/families/alesim_s20_f50_sites400_d1.0_l0.5_t0.5_seed42/pargenes/mlsearch_run/bootstraps/29_pruned_fasta/29_pruned_fasta_bs6.raxml.bootstraps

Execution log saved to: /home/morelbt/github/BenoitDatasets/families/alesim_s20_f50_sites400_d1.0_l0.5_t0.5_seed42/pargenes/mlsearch_run/bootstraps/29_pruned_fasta/29_pruned_fasta_bs6.raxml.log

Analysis started: 22-Jan-2019 14:40:06 / finished: 22-Jan-2019 14:41:54

Elapsed time: 108.011 seconds

