
RAxML-NG v. 0.6.0git BETA released on 27.07.2018 by The Exelixis Lab.
Authors: Alexey Kozlov, Alexandros Stamatakis, Diego Darriba, Tomas Flouri, Benoit Morel.
Latest version: https://github.com/amkozlov/raxml-ng
Questions/problems/suggestions? Please visit: https://groups.google.com/forum/#!forum/raxml

WARNING: This is a BETA release, please use at your own risk!

RAxML-NG was called as follows:

mpi-scheduler --msa ../BenoitDatasets/families/alesim_s20_f50_sites400_d1.0_l0.5_seed42/pargenes/parse_run/results/10_prunedfasta/10_prunedfasta.raxml.rba --blopt nr_safe --model GTR --prefix ../BenoitDatasets/families/alesim_s20_f50_sites400_d1.0_l0.5_seed42/pargenes/mlsearch_run/results/10_prunedfasta/10_prunedfasta --threads 1 --seed 1

Analysis options:
  run mode: ML tree search
  start tree(s): random (1)
  random seed: 1
  tip-inner: ON
  pattern compression: ON
  per-rate scalers: OFF
  site repeats: OFF
  fast spr radius: AUTO
  spr subtree cutoff: 1.000000
  branch lengths: linked (ML estimate, algorithm: NR-SAFE)
  SIMD kernels: AVX2
  parallelization: NONE/sequential

WARNING: The model you specified on the command line (GTR) will be ignored 
         since the binary MSA file already contains a model definition.
         If you want to change the model, please re-run RAxML-NG 
         with the original PHYLIP/FASTA alignment and --redo option.

[00:00:00] Loading binary alignment from file: ../BenoitDatasets/families/alesim_s20_f50_sites400_d1.0_l0.5_seed42/pargenes/parse_run/results/10_prunedfasta/10_prunedfasta.raxml.rba
[00:00:00] Alignment comprises 8 taxa, 1 partitions and 113 patterns

Partition 0: noname
Model: GTR+FO
Alignment sites / patterns: 400 / 113
Gaps: 0.00 %
Invariant sites: 1.00 %


[00:00:00] Generating 1 random starting tree(s) with 8 taxa
[00:00:00] Data distribution: max. partitions/sites/weight per thread: 1 / 113 / 452

Starting ML tree search with 1 distinct starting trees

[00:00:00 -2118.621380] Initial branch length optimization
[00:00:00 -1918.741131] Model parameter optimization (eps = 10.000000)
[00:00:00 -1914.124882] AUTODETECT spr round 1 (radius: 5)
[00:00:00 -1540.497304] SPR radius for FAST iterations: 5 (autodetect)
[00:00:00 -1540.497304] Model parameter optimization (eps = 3.000000)
[00:00:00 -1539.413320] FAST spr round 1 (radius: 5)
[00:00:00 -1539.413307] Model parameter optimization (eps = 1.000000)
[00:00:00 -1539.357094] SLOW spr round 1 (radius: 5)
[00:00:00 -1539.357093] Model parameter optimization (eps = 0.100000)

[00:00:00] ML tree search #1, logLikelihood: -1539.356702


Optimized model parameters:

   Partition 0: noname
   Rate heterogeneity: NONE
   Base frequencies (ML): 0.219216 0.284286 0.262084 0.234414 
   Substitution rates (ML): 1.224487 0.848062 0.844047 1.033998 1.005793 1.000000 

Final LogLikelihood: -1539.356702

Best ML tree saved to: /home/morelbt/github/BenoitDatasets/families/alesim_s20_f50_sites400_d1.0_l0.5_seed42/pargenes/mlsearch_run/results/10_prunedfasta/10_prunedfasta.raxml.bestTree
Optimized model saved to: /home/morelbt/github/BenoitDatasets/families/alesim_s20_f50_sites400_d1.0_l0.5_seed42/pargenes/mlsearch_run/results/10_prunedfasta/10_prunedfasta.raxml.bestModel

Execution log saved to: /home/morelbt/github/BenoitDatasets/families/alesim_s20_f50_sites400_d1.0_l0.5_seed42/pargenes/mlsearch_run/results/10_prunedfasta/10_prunedfasta.raxml.log

Analysis started: 11-Dec-2018 15:35:17 / finished: 11-Dec-2018 15:35:17

Elapsed time: 0.046 seconds

