
RAxML-NG v. 0.6.0git BETA released on 27.07.2018 by The Exelixis Lab.
Authors: Alexey Kozlov, Alexandros Stamatakis, Diego Darriba, Tomas Flouri, Benoit Morel.
Latest version: https://github.com/amkozlov/raxml-ng
Questions/problems/suggestions? Please visit: https://groups.google.com/forum/#!forum/raxml

WARNING: This is a BETA release, please use at your own risk!

RAxML-NG was called as follows:

mpi-scheduler --bootstrap --msa ../BenoitDatasets/families/jsim_s8_f100_sites300_d2.0_l1.0_t0.5_seed6/pargenes/parse_run/results/47_pruned_fasta/47_pruned_fasta.raxml.rba --blopt nr_safe --model GTR --prefix ../BenoitDatasets/families/jsim_s8_f100_sites300_d2.0_l1.0_t0.5_seed6/pargenes/mlsearch_run/bootstraps/47_pruned_fasta/47_pruned_fasta_bs6 --threads 1 --seed 7 --bs-trees 10

Analysis options:
  run mode: Bootstrapping
  start tree(s): 
  bootstrap replicates: 10
  random seed: 7
  tip-inner: ON
  pattern compression: ON
  per-rate scalers: OFF
  site repeats: OFF
  branch lengths: linked (ML estimate, algorithm: NR-SAFE)
  SIMD kernels: AVX2
  parallelization: NONE/sequential

WARNING: The model you specified on the command line (GTR) will be ignored 
         since the binary MSA file already contains a model definition.
         If you want to change the model, please re-run RAxML-NG 
         with the original PHYLIP/FASTA alignment and --redo option.

[00:00:00] Loading binary alignment from file: ../BenoitDatasets/families/jsim_s8_f100_sites300_d2.0_l1.0_t0.5_seed6/pargenes/parse_run/results/47_pruned_fasta/47_pruned_fasta.raxml.rba
[00:00:00] Alignment comprises 53 taxa, 1 partitions and 300 patterns

Partition 0: noname
Model: GTR+FO
Alignment sites / patterns: 300 / 300
Gaps: 0.00 %
Invariant sites: 0.00 %


[00:00:00] Data distribution: max. partitions/sites/weight per thread: 1 / 300 / 1200
[00:00:00] Starting bootstrapping analysis with 10 replicates.

[00:00:04] Bootstrap tree #1, logLikelihood: -13946.613409
[00:00:07] Bootstrap tree #2, logLikelihood: -13830.005190
[00:00:11] Bootstrap tree #3, logLikelihood: -13922.806065
[00:00:15] Bootstrap tree #4, logLikelihood: -13935.888544
[00:00:23] Bootstrap tree #5, logLikelihood: -13506.367440
[00:00:28] Bootstrap tree #6, logLikelihood: -13800.041592
[00:00:32] Bootstrap tree #7, logLikelihood: -13901.483210
[00:00:36] Bootstrap tree #8, logLikelihood: -13655.569022
[00:00:39] Bootstrap tree #9, logLikelihood: -13992.371976
[00:00:43] Bootstrap tree #10, logLikelihood: -13816.614881

Optimized model parameters:

   Partition 0: noname
   Rate heterogeneity: NONE
   Base frequencies (ML): 0.239235 0.260600 0.261584 0.238580 
   Substitution rates (ML): 0.917300 0.992688 0.970012 0.858434 0.924872 1.000000 
Bootstrap trees saved to: /home/morelbt/github/BenoitDatasets/families/jsim_s8_f100_sites300_d2.0_l1.0_t0.5_seed6/pargenes/mlsearch_run/bootstraps/47_pruned_fasta/47_pruned_fasta_bs6.raxml.bootstraps

Execution log saved to: /home/morelbt/github/BenoitDatasets/families/jsim_s8_f100_sites300_d2.0_l1.0_t0.5_seed6/pargenes/mlsearch_run/bootstraps/47_pruned_fasta/47_pruned_fasta_bs6.raxml.log

Analysis started: 14-Jan-2019 13:32:43 / finished: 14-Jan-2019 13:33:27

Elapsed time: 43.872 seconds

