
RAxML-NG v. 0.6.0git BETA released on 27.07.2018 by The Exelixis Lab.
Authors: Alexey Kozlov, Alexandros Stamatakis, Diego Darriba, Tomas Flouri, Benoit Morel.
Latest version: https://github.com/amkozlov/raxml-ng
Questions/problems/suggestions? Please visit: https://groups.google.com/forum/#!forum/raxml

WARNING: This is a BETA release, please use at your own risk!

RAxML-NG was called as follows:

mpi-scheduler --bootstrap --msa ../BenoitDatasets/families/jsim_s8_f100_sites300_d2.0_l1.0_t0.5_seed6/pargenes/parse_run/results/47_pruned_fasta/47_pruned_fasta.raxml.rba --blopt nr_safe --model GTR --prefix ../BenoitDatasets/families/jsim_s8_f100_sites300_d2.0_l1.0_t0.5_seed6/pargenes/mlsearch_run/bootstraps/47_pruned_fasta/47_pruned_fasta_bs9 --threads 1 --seed 10 --bs-trees 10

Analysis options:
  run mode: Bootstrapping
  start tree(s): 
  bootstrap replicates: 10
  random seed: 10
  tip-inner: ON
  pattern compression: ON
  per-rate scalers: OFF
  site repeats: OFF
  branch lengths: linked (ML estimate, algorithm: NR-SAFE)
  SIMD kernels: AVX2
  parallelization: NONE/sequential

WARNING: The model you specified on the command line (GTR) will be ignored 
         since the binary MSA file already contains a model definition.
         If you want to change the model, please re-run RAxML-NG 
         with the original PHYLIP/FASTA alignment and --redo option.

[00:00:00] Loading binary alignment from file: ../BenoitDatasets/families/jsim_s8_f100_sites300_d2.0_l1.0_t0.5_seed6/pargenes/parse_run/results/47_pruned_fasta/47_pruned_fasta.raxml.rba
[00:00:00] Alignment comprises 53 taxa, 1 partitions and 300 patterns

Partition 0: noname
Model: GTR+FO
Alignment sites / patterns: 300 / 300
Gaps: 0.00 %
Invariant sites: 0.00 %


[00:00:00] Data distribution: max. partitions/sites/weight per thread: 1 / 300 / 1200
[00:00:00] Starting bootstrapping analysis with 10 replicates.

[00:00:05] Bootstrap tree #1, logLikelihood: -13868.916720
[00:00:08] Bootstrap tree #2, logLikelihood: -13574.301888
[00:00:12] Bootstrap tree #3, logLikelihood: -13915.910446
[00:00:16] Bootstrap tree #4, logLikelihood: -13840.232138
[00:00:20] Bootstrap tree #5, logLikelihood: -13820.793836
[00:00:24] Bootstrap tree #6, logLikelihood: -13858.827715
[00:00:27] Bootstrap tree #7, logLikelihood: -13696.000121
[00:00:31] Bootstrap tree #8, logLikelihood: -13914.357721
[00:00:35] Bootstrap tree #9, logLikelihood: -13698.794578
[00:00:38] Bootstrap tree #10, logLikelihood: -13732.559946

Optimized model parameters:

   Partition 0: noname
   Rate heterogeneity: NONE
   Base frequencies (ML): 0.236291 0.275368 0.255242 0.233098 
   Substitution rates (ML): 0.869535 1.018803 1.006211 0.943515 0.976615 1.000000 
Bootstrap trees saved to: /home/morelbt/github/BenoitDatasets/families/jsim_s8_f100_sites300_d2.0_l1.0_t0.5_seed6/pargenes/mlsearch_run/bootstraps/47_pruned_fasta/47_pruned_fasta_bs9.raxml.bootstraps

Execution log saved to: /home/morelbt/github/BenoitDatasets/families/jsim_s8_f100_sites300_d2.0_l1.0_t0.5_seed6/pargenes/mlsearch_run/bootstraps/47_pruned_fasta/47_pruned_fasta_bs9.raxml.log

Analysis started: 14-Jan-2019 13:32:31 / finished: 14-Jan-2019 13:33:10

Elapsed time: 38.991 seconds

