
RAxML-NG v. 0.6.0git BETA released on 27.07.2018 by The Exelixis Lab.
Authors: Alexey Kozlov, Alexandros Stamatakis, Diego Darriba, Tomas Flouri, Benoit Morel.
Latest version: https://github.com/amkozlov/raxml-ng
Questions/problems/suggestions? Please visit: https://groups.google.com/forum/#!forum/raxml

WARNING: This is a BETA release, please use at your own risk!

RAxML-NG was called as follows:

mpi-scheduler --bootstrap --msa ../BenoitDatasets/families/alesim_s20_f50_sites400_d1.0_l0.5_t0.5_seed42/pargenes/parse_run/results/32_pruned_fasta/32_pruned_fasta.raxml.rba --blopt nr_safe --model GTR --prefix ../BenoitDatasets/families/alesim_s20_f50_sites400_d1.0_l0.5_t0.5_seed42/pargenes/mlsearch_run/bootstraps/32_pruned_fasta/32_pruned_fasta_bs6 --threads 1 --seed 7 --bs-trees 10

Analysis options:
  run mode: Bootstrapping
  start tree(s): 
  bootstrap replicates: 10
  random seed: 7
  tip-inner: ON
  pattern compression: ON
  per-rate scalers: OFF
  site repeats: OFF
  branch lengths: linked (ML estimate, algorithm: NR-SAFE)
  SIMD kernels: AVX2
  parallelization: NONE/sequential

WARNING: The model you specified on the command line (GTR) will be ignored 
         since the binary MSA file already contains a model definition.
         If you want to change the model, please re-run RAxML-NG 
         with the original PHYLIP/FASTA alignment and --redo option.

[00:00:00] Loading binary alignment from file: ../BenoitDatasets/families/alesim_s20_f50_sites400_d1.0_l0.5_t0.5_seed42/pargenes/parse_run/results/32_pruned_fasta/32_pruned_fasta.raxml.rba
[00:00:00] Alignment comprises 14 taxa, 1 partitions and 316 patterns

Partition 0: noname
Model: GTR+FO
Alignment sites / patterns: 400 / 316
Gaps: 0.00 %
Invariant sites: 1.00 %


[00:00:00] Data distribution: max. partitions/sites/weight per thread: 1 / 316 / 1264
[00:00:00] Starting bootstrapping analysis with 10 replicates.

[00:00:00] Bootstrap tree #1, logLikelihood: -3446.096768
[00:00:00] Bootstrap tree #2, logLikelihood: -3430.212823
[00:00:00] Bootstrap tree #3, logLikelihood: -3548.353986
[00:00:01] Bootstrap tree #4, logLikelihood: -3483.164578
[00:00:01] Bootstrap tree #5, logLikelihood: -3449.619388
[00:00:02] Bootstrap tree #6, logLikelihood: -3526.718262
[00:00:02] Bootstrap tree #7, logLikelihood: -3625.930590
[00:00:02] Bootstrap tree #8, logLikelihood: -3495.930313
[00:00:03] Bootstrap tree #9, logLikelihood: -3387.386412
[00:00:03] Bootstrap tree #10, logLikelihood: -3395.062920

Optimized model parameters:

   Partition 0: noname
   Rate heterogeneity: NONE
   Base frequencies (ML): 0.236155 0.245191 0.252550 0.266104 
   Substitution rates (ML): 1.318568 0.816250 0.921127 1.117227 1.303524 1.000000 
Bootstrap trees saved to: /home/morelbt/github/BenoitDatasets/families/alesim_s20_f50_sites400_d1.0_l0.5_t0.5_seed42/pargenes/mlsearch_run/bootstraps/32_pruned_fasta/32_pruned_fasta_bs6.raxml.bootstraps

Execution log saved to: /home/morelbt/github/BenoitDatasets/families/alesim_s20_f50_sites400_d1.0_l0.5_t0.5_seed42/pargenes/mlsearch_run/bootstraps/32_pruned_fasta/32_pruned_fasta_bs6.raxml.log

Analysis started: 22-Jan-2019 14:47:02 / finished: 22-Jan-2019 14:47:05

Elapsed time: 3.408 seconds

