
RAxML-NG v. 0.6.0git BETA released on 27.07.2018 by The Exelixis Lab.
Authors: Alexey Kozlov, Alexandros Stamatakis, Diego Darriba, Tomas Flouri, Benoit Morel.
Latest version: https://github.com/amkozlov/raxml-ng
Questions/problems/suggestions? Please visit: https://groups.google.com/forum/#!forum/raxml

WARNING: This is a BETA release, please use at your own risk!

RAxML-NG was called as follows:

mpi-scheduler --bootstrap --msa ../BenoitDatasets/families/jsim_s8_f100_sites300_d2.0_l1.0_t0.5_seed6/pargenes/parse_run/results/11_pruned_fasta/11_pruned_fasta.raxml.rba --blopt nr_safe --model GTR --prefix ../BenoitDatasets/families/jsim_s8_f100_sites300_d2.0_l1.0_t0.5_seed6/pargenes/mlsearch_run/bootstraps/11_pruned_fasta/11_pruned_fasta_bs0 --threads 1 --seed 1 --bs-trees 10

Analysis options:
  run mode: Bootstrapping
  start tree(s): 
  bootstrap replicates: 10
  random seed: 1
  tip-inner: ON
  pattern compression: ON
  per-rate scalers: OFF
  site repeats: OFF
  branch lengths: linked (ML estimate, algorithm: NR-SAFE)
  SIMD kernels: AVX2
  parallelization: NONE/sequential

WARNING: The model you specified on the command line (GTR) will be ignored 
         since the binary MSA file already contains a model definition.
         If you want to change the model, please re-run RAxML-NG 
         with the original PHYLIP/FASTA alignment and --redo option.

[00:00:00] Loading binary alignment from file: ../BenoitDatasets/families/jsim_s8_f100_sites300_d2.0_l1.0_t0.5_seed6/pargenes/parse_run/results/11_pruned_fasta/11_pruned_fasta.raxml.rba
[00:00:00] Alignment comprises 5 taxa, 1 partitions and 124 patterns

Partition 0: noname
Model: GTR+FO
Alignment sites / patterns: 300 / 124
Gaps: 0.00 %
Invariant sites: 1.33 %


[00:00:00] Data distribution: max. partitions/sites/weight per thread: 1 / 124 / 496
[00:00:00] Starting bootstrapping analysis with 10 replicates.

[00:00:00] Bootstrap tree #1, logLikelihood: -1463.901325
[00:00:00] Bootstrap tree #2, logLikelihood: -1470.578256
[00:00:00] Bootstrap tree #3, logLikelihood: -1420.424429
[00:00:00] Bootstrap tree #4, logLikelihood: -1463.208278
[00:00:00] Bootstrap tree #5, logLikelihood: -1450.479831
[00:00:00] Bootstrap tree #6, logLikelihood: -1465.799338
[00:00:00] Bootstrap tree #7, logLikelihood: -1406.441328
[00:00:00] Bootstrap tree #8, logLikelihood: -1448.479420
[00:00:00] Bootstrap tree #9, logLikelihood: -1415.342176
[00:00:00] Bootstrap tree #10, logLikelihood: -1481.519459

Optimized model parameters:

   Partition 0: noname
   Rate heterogeneity: NONE
   Base frequencies (ML): 0.310730 0.214002 0.235947 0.239320 
   Substitution rates (ML): 0.790591 0.898794 0.677714 1.082986 1.281650 1.000000 
Bootstrap trees saved to: /home/morelbt/github/BenoitDatasets/families/jsim_s8_f100_sites300_d2.0_l1.0_t0.5_seed6/pargenes/mlsearch_run/bootstraps/11_pruned_fasta/11_pruned_fasta_bs0.raxml.bootstraps

Execution log saved to: /home/morelbt/github/BenoitDatasets/families/jsim_s8_f100_sites300_d2.0_l1.0_t0.5_seed6/pargenes/mlsearch_run/bootstraps/11_pruned_fasta/11_pruned_fasta_bs0.raxml.log

Analysis started: 14-Jan-2019 13:37:48 / finished: 14-Jan-2019 13:37:48

Elapsed time: 0.210 seconds

