
RAxML-NG v. 0.6.0git BETA released on 27.07.2018 by The Exelixis Lab.
Authors: Alexey Kozlov, Alexandros Stamatakis, Diego Darriba, Tomas Flouri, Benoit Morel.
Latest version: https://github.com/amkozlov/raxml-ng
Questions/problems/suggestions? Please visit: https://groups.google.com/forum/#!forum/raxml

WARNING: This is a BETA release, please use at your own risk!

RAxML-NG was called as follows:

mpi-scheduler --bootstrap --msa ../BenoitDatasets/families/jsim_s27_f100_sites200_d2.0_l1.0_seed6/pargenes/parse_run/results/56_fasta/56_fasta.raxml.rba --blopt nr_safe --model GTR --prefix ../BenoitDatasets/families/jsim_s27_f100_sites200_d2.0_l1.0_seed6/pargenes/mlsearch_run/bootstraps/56_fasta/56_fasta_bs4 --threads 1 --seed 5 --bs-trees 10

Analysis options:
  run mode: Bootstrapping
  start tree(s): 
  bootstrap replicates: 10
  random seed: 5
  tip-inner: ON
  pattern compression: ON
  per-rate scalers: OFF
  site repeats: OFF
  branch lengths: linked (ML estimate, algorithm: NR-SAFE)
  SIMD kernels: AVX2
  parallelization: NONE/sequential

WARNING: The model you specified on the command line (GTR) will be ignored 
         since the binary MSA file already contains a model definition.
         If you want to change the model, please re-run RAxML-NG 
         with the original PHYLIP/FASTA alignment and --redo option.

[00:00:00] Loading binary alignment from file: ../BenoitDatasets/families/jsim_s27_f100_sites200_d2.0_l1.0_seed6/pargenes/parse_run/results/56_fasta/56_fasta.raxml.rba
[00:00:00] Alignment comprises 54 taxa, 1 partitions and 200 patterns

Partition 0: noname
Model: GTR+FO
Alignment sites / patterns: 200 / 200
Gaps: 0.00 %
Invariant sites: 0.00 %


[00:00:00] Data distribution: max. partitions/sites/weight per thread: 1 / 200 / 800
[00:00:00] Starting bootstrapping analysis with 10 replicates.

[00:00:03] Bootstrap tree #1, logLikelihood: -9680.454969
[00:00:08] Bootstrap tree #2, logLikelihood: -9629.189588
[00:00:10] Bootstrap tree #3, logLikelihood: -9589.716888
[00:00:13] Bootstrap tree #4, logLikelihood: -9757.000442
[00:00:16] Bootstrap tree #5, logLikelihood: -9835.927678
[00:00:20] Bootstrap tree #6, logLikelihood: -9804.124743
[00:00:23] Bootstrap tree #7, logLikelihood: -9559.358849
[00:00:26] Bootstrap tree #8, logLikelihood: -9817.886774
[00:00:29] Bootstrap tree #9, logLikelihood: -9891.970210
[00:00:32] Bootstrap tree #10, logLikelihood: -9767.941949

Optimized model parameters:

   Partition 0: noname
   Rate heterogeneity: NONE
   Base frequencies (ML): 0.249653 0.270015 0.236361 0.243970 
   Substitution rates (ML): 0.748711 1.014498 0.871545 0.958734 1.000730 1.000000 
Bootstrap trees saved to: /home/morelbt/github/BenoitDatasets/families/jsim_s27_f100_sites200_d2.0_l1.0_seed6/pargenes/mlsearch_run/bootstraps/56_fasta/56_fasta_bs4.raxml.bootstraps

Execution log saved to: /home/morelbt/github/BenoitDatasets/families/jsim_s27_f100_sites200_d2.0_l1.0_seed6/pargenes/mlsearch_run/bootstraps/56_fasta/56_fasta_bs4.raxml.log

Analysis started: 07-Dec-2018 15:24:43 / finished: 07-Dec-2018 15:25:15

Elapsed time: 32.219 seconds

