
RAxML-NG v. 0.6.0git BETA released on 27.07.2018 by The Exelixis Lab.
Authors: Alexey Kozlov, Alexandros Stamatakis, Diego Darriba, Tomas Flouri, Benoit Morel.
Latest version: https://github.com/amkozlov/raxml-ng
Questions/problems/suggestions? Please visit: https://groups.google.com/forum/#!forum/raxml

WARNING: This is a BETA release, please use at your own risk!

RAxML-NG was called as follows:

mpi-scheduler --bootstrap --msa ../BenoitDatasets/families/jsim_s8_f100_sites300_d2.0_l1.0/pargenes/parse_run/results/79_fasta/79_fasta.raxml.rba --blopt nr_safe --model GTR --prefix ../BenoitDatasets/families/jsim_s8_f100_sites300_d2.0_l1.0/pargenes/mlsearch_run/bootstraps/79_fasta/79_fasta_bs0 --threads 1 --seed 1 --bs-trees 10

Analysis options:
  run mode: Bootstrapping
  start tree(s): 
  bootstrap replicates: 10
  random seed: 1
  tip-inner: ON
  pattern compression: ON
  per-rate scalers: OFF
  site repeats: OFF
  branch lengths: linked (ML estimate, algorithm: NR-SAFE)
  SIMD kernels: AVX2
  parallelization: NONE/sequential

WARNING: The model you specified on the command line (GTR) will be ignored 
         since the binary MSA file already contains a model definition.
         If you want to change the model, please re-run RAxML-NG 
         with the original PHYLIP/FASTA alignment and --redo option.

[00:00:00] Loading binary alignment from file: ../BenoitDatasets/families/jsim_s8_f100_sites300_d2.0_l1.0/pargenes/parse_run/results/79_fasta/79_fasta.raxml.rba
[00:00:00] Alignment comprises 4 taxa, 1 partitions and 45 patterns

Partition 0: noname
Model: GTR+FO
Alignment sites / patterns: 300 / 45
Gaps: 0.00 %
Invariant sites: 1.33 %


[00:00:00] Data distribution: max. partitions/sites/weight per thread: 1 / 45 / 180
[00:00:00] Starting bootstrapping analysis with 10 replicates.

[00:00:00] Bootstrap tree #1, logLikelihood: -957.697313
[00:00:00] Bootstrap tree #2, logLikelihood: -983.418203
[00:00:00] Bootstrap tree #3, logLikelihood: -926.302495
[00:00:00] Bootstrap tree #4, logLikelihood: -980.230584
[00:00:00] Bootstrap tree #5, logLikelihood: -933.977405
[00:00:00] Bootstrap tree #6, logLikelihood: -1010.036254
[00:00:00] Bootstrap tree #7, logLikelihood: -979.545110
[00:00:00] Bootstrap tree #8, logLikelihood: -937.260122
[00:00:00] Bootstrap tree #9, logLikelihood: -949.252988
[00:00:00] Bootstrap tree #10, logLikelihood: -991.162778

Optimized model parameters:

   Partition 0: noname
   Rate heterogeneity: NONE
   Base frequencies (ML): 0.271062 0.226333 0.225834 0.276772 
   Substitution rates (ML): 0.347567 1.872486 1.666797 2.341303 2.038210 1.000000 
Bootstrap trees saved to: /home/morelbt/github/BenoitDatasets/families/jsim_s8_f100_sites300_d2.0_l1.0/pargenes/mlsearch_run/bootstraps/79_fasta/79_fasta_bs0.raxml.bootstraps

Execution log saved to: /home/morelbt/github/BenoitDatasets/families/jsim_s8_f100_sites300_d2.0_l1.0/pargenes/mlsearch_run/bootstraps/79_fasta/79_fasta_bs0.raxml.log

Analysis started: 05-Dec-2018 13:33:01 / finished: 05-Dec-2018 13:33:01

Elapsed time: 0.068 seconds

