
RAxML-NG v. 0.6.0git BETA released on 27.07.2018 by The Exelixis Lab.
Authors: Alexey Kozlov, Alexandros Stamatakis, Diego Darriba, Tomas Flouri, Benoit Morel.
Latest version: https://github.com/amkozlov/raxml-ng
Questions/problems/suggestions? Please visit: https://groups.google.com/forum/#!forum/raxml

WARNING: This is a BETA release, please use at your own risk!

RAxML-NG was called as follows:

mpi-scheduler --bootstrap --msa ../BenoitDatasets/families/alesim_s20_f50_sites200_d0.6_l0.3_seed42/pargenes/parse_run/results/12_prunedfasta/12_prunedfasta.raxml.rba --blopt nr_safe --model GTR --prefix ../BenoitDatasets/families/alesim_s20_f50_sites200_d0.6_l0.3_seed42/pargenes/mlsearch_run/bootstraps/12_prunedfasta/12_prunedfasta_bs0 --threads 1 --seed 1 --bs-trees 10

Analysis options:
  run mode: Bootstrapping
  start tree(s): 
  bootstrap replicates: 10
  random seed: 1
  tip-inner: ON
  pattern compression: ON
  per-rate scalers: OFF
  site repeats: OFF
  branch lengths: linked (ML estimate, algorithm: NR-SAFE)
  SIMD kernels: AVX2
  parallelization: NONE/sequential

WARNING: The model you specified on the command line (GTR) will be ignored 
         since the binary MSA file already contains a model definition.
         If you want to change the model, please re-run RAxML-NG 
         with the original PHYLIP/FASTA alignment and --redo option.

[00:00:00] Loading binary alignment from file: ../BenoitDatasets/families/alesim_s20_f50_sites200_d0.6_l0.3_seed42/pargenes/parse_run/results/12_prunedfasta/12_prunedfasta.raxml.rba
[00:00:00] Alignment comprises 75 taxa, 1 partitions and 200 patterns

Partition 0: noname
Model: GTR+FO
Alignment sites / patterns: 200 / 200
Gaps: 0.00 %
Invariant sites: 0.00 %


[00:00:00] Data distribution: max. partitions/sites/weight per thread: 1 / 200 / 800
[00:00:00] Starting bootstrapping analysis with 10 replicates.

[00:00:02] Bootstrap tree #1, logLikelihood: -6816.127189
[00:00:06] Bootstrap tree #2, logLikelihood: -6726.151096
[00:00:09] Bootstrap tree #3, logLikelihood: -7013.846314
[00:00:12] Bootstrap tree #4, logLikelihood: -7019.719476
[00:00:15] Bootstrap tree #5, logLikelihood: -6794.378727
[00:00:19] Bootstrap tree #6, logLikelihood: -6956.253449
[00:00:23] Bootstrap tree #7, logLikelihood: -6903.001897
[00:00:27] Bootstrap tree #8, logLikelihood: -6999.913281
[00:00:30] Bootstrap tree #9, logLikelihood: -6777.631017
[00:00:34] Bootstrap tree #10, logLikelihood: -6663.591133

Optimized model parameters:

   Partition 0: noname
   Rate heterogeneity: NONE
   Base frequencies (ML): 0.249793 0.273194 0.233014 0.243999 
   Substitution rates (ML): 0.905053 0.967068 0.816306 0.716813 0.785111 1.000000 
Bootstrap trees saved to: /home/morelbt/github/BenoitDatasets/families/alesim_s20_f50_sites200_d0.6_l0.3_seed42/pargenes/mlsearch_run/bootstraps/12_prunedfasta/12_prunedfasta_bs0.raxml.bootstraps

Execution log saved to: /home/morelbt/github/BenoitDatasets/families/alesim_s20_f50_sites200_d0.6_l0.3_seed42/pargenes/mlsearch_run/bootstraps/12_prunedfasta/12_prunedfasta_bs0.raxml.log

Analysis started: 11-Dec-2018 15:12:31 / finished: 11-Dec-2018 15:13:05

Elapsed time: 34.043 seconds

