
RAxML-NG v. 0.6.0git BETA released on 27.07.2018 by The Exelixis Lab.
Authors: Alexey Kozlov, Alexandros Stamatakis, Diego Darriba, Tomas Flouri, Benoit Morel.
Latest version: https://github.com/amkozlov/raxml-ng
Questions/problems/suggestions? Please visit: https://groups.google.com/forum/#!forum/raxml

WARNING: This is a BETA release, please use at your own risk!

RAxML-NG was called as follows:

mpi-scheduler --msa ../BenoitDatasets/families/jsim_s27_f100_sites1000_d2.0_l1.0_seed6/pargenes/parse_run/results/58_fasta/58_fasta.raxml.rba --blopt nr_safe --model GTR --prefix ../BenoitDatasets/families/jsim_s27_f100_sites1000_d2.0_l1.0_seed6/pargenes/mlsearch_run/results/58_fasta/58_fasta --threads 1 --seed 1

Analysis options:
  run mode: ML tree search
  start tree(s): random (1)
  random seed: 1
  tip-inner: ON
  pattern compression: ON
  per-rate scalers: OFF
  site repeats: OFF
  fast spr radius: AUTO
  spr subtree cutoff: 1.000000
  branch lengths: linked (ML estimate, algorithm: NR-SAFE)
  SIMD kernels: AVX2
  parallelization: NONE/sequential

WARNING: The model you specified on the command line (GTR) will be ignored 
         since the binary MSA file already contains a model definition.
         If you want to change the model, please re-run RAxML-NG 
         with the original PHYLIP/FASTA alignment and --redo option.

[00:00:00] Loading binary alignment from file: ../BenoitDatasets/families/jsim_s27_f100_sites1000_d2.0_l1.0_seed6/pargenes/parse_run/results/58_fasta/58_fasta.raxml.rba
[00:00:00] Alignment comprises 35 taxa, 1 partitions and 1000 patterns

Partition 0: noname
Model: GTR+FO
Alignment sites / patterns: 1000 / 1000
Gaps: 0.00 %
Invariant sites: 0.00 %


[00:00:00] Generating 1 random starting tree(s) with 35 taxa
[00:00:00] Data distribution: max. partitions/sites/weight per thread: 1 / 1000 / 4000

Starting ML tree search with 1 distinct starting trees

[00:00:00 -56214.692627] Initial branch length optimization
[00:00:00 -43757.988718] Model parameter optimization (eps = 10.000000)
[00:00:00 -43737.430703] AUTODETECT spr round 1 (radius: 5)
[00:00:00 -37269.331262] AUTODETECT spr round 2 (radius: 10)
[00:00:00 -33619.170553] AUTODETECT spr round 3 (radius: 15)
[00:00:00 -33617.488948] AUTODETECT spr round 4 (radius: 20)
[00:00:00 -33617.148361] AUTODETECT spr round 5 (radius: 25)
[00:00:00 -33617.059212] SPR radius for FAST iterations: 20 (autodetect)
[00:00:00 -33617.059212] Model parameter optimization (eps = 3.000000)
[00:00:00 -33610.044456] FAST spr round 1 (radius: 20)
[00:00:01 -33148.545411] FAST spr round 2 (radius: 20)
[00:00:02 -33085.989377] FAST spr round 3 (radius: 20)
[00:00:03 -33079.017525] FAST spr round 4 (radius: 20)
[00:00:03 -33064.237180] FAST spr round 5 (radius: 20)
[00:00:04 -33061.109847] FAST spr round 6 (radius: 20)
[00:00:05 -33060.903476] FAST spr round 7 (radius: 20)
[00:00:05 -33060.772055] FAST spr round 8 (radius: 20)
[00:00:06 -33060.767253] Model parameter optimization (eps = 1.000000)
[00:00:06 -33060.266583] SLOW spr round 1 (radius: 5)
[00:00:08 -33060.265010] SLOW spr round 2 (radius: 10)
[00:00:10 -33060.264386] SLOW spr round 3 (radius: 15)
[00:00:11 -33060.264107] SLOW spr round 4 (radius: 20)
[00:00:11 -33060.263979] SLOW spr round 5 (radius: 25)
[00:00:11 -33060.263920] Model parameter optimization (eps = 0.100000)

[00:00:11] ML tree search #1, logLikelihood: -33060.251793


Optimized model parameters:

   Partition 0: noname
   Rate heterogeneity: NONE
   Base frequencies (ML): 0.256249 0.249021 0.243622 0.251109 
   Substitution rates (ML): 0.966466 1.019652 0.939638 0.976534 1.021103 1.000000 

Final LogLikelihood: -33060.251793

Best ML tree saved to: /home/morelbt/github/BenoitDatasets/families/jsim_s27_f100_sites1000_d2.0_l1.0_seed6/pargenes/mlsearch_run/results/58_fasta/58_fasta.raxml.bestTree
Optimized model saved to: /home/morelbt/github/BenoitDatasets/families/jsim_s27_f100_sites1000_d2.0_l1.0_seed6/pargenes/mlsearch_run/results/58_fasta/58_fasta.raxml.bestModel

Execution log saved to: /home/morelbt/github/BenoitDatasets/families/jsim_s27_f100_sites1000_d2.0_l1.0_seed6/pargenes/mlsearch_run/results/58_fasta/58_fasta.raxml.log

Analysis started: 07-Dec-2018 15:55:55 / finished: 07-Dec-2018 15:56:06

Elapsed time: 11.625 seconds

