
RAxML-NG v. 0.6.0git BETA released on 27.07.2018 by The Exelixis Lab.
Authors: Alexey Kozlov, Alexandros Stamatakis, Diego Darriba, Tomas Flouri, Benoit Morel.
Latest version: https://github.com/amkozlov/raxml-ng
Questions/problems/suggestions? Please visit: https://groups.google.com/forum/#!forum/raxml

WARNING: This is a BETA release, please use at your own risk!

RAxML-NG was called as follows:

mpi-scheduler --bootstrap --msa ../BenoitDatasets/families/jsim_s27_f100_sites1000_d2.0_l1.0_seed6/pargenes/parse_run/results/77_fasta/77_fasta.raxml.rba --blopt nr_safe --model GTR --prefix ../BenoitDatasets/families/jsim_s27_f100_sites1000_d2.0_l1.0_seed6/pargenes/mlsearch_run/bootstraps/77_fasta/77_fasta_bs3 --threads 1 --seed 4 --bs-trees 10

Analysis options:
  run mode: Bootstrapping
  start tree(s): 
  bootstrap replicates: 10
  random seed: 4
  tip-inner: ON
  pattern compression: ON
  per-rate scalers: OFF
  site repeats: OFF
  branch lengths: linked (ML estimate, algorithm: NR-SAFE)
  SIMD kernels: AVX2
  parallelization: NONE/sequential

WARNING: The model you specified on the command line (GTR) will be ignored 
         since the binary MSA file already contains a model definition.
         If you want to change the model, please re-run RAxML-NG 
         with the original PHYLIP/FASTA alignment and --redo option.

[00:00:00] Loading binary alignment from file: ../BenoitDatasets/families/jsim_s27_f100_sites1000_d2.0_l1.0_seed6/pargenes/parse_run/results/77_fasta/77_fasta.raxml.rba
[00:00:00] Alignment comprises 16 taxa, 1 partitions and 988 patterns

Partition 0: noname
Model: GTR+FO
Alignment sites / patterns: 1000 / 988
Gaps: 0.00 %
Invariant sites: 0.40 %


[00:00:00] Data distribution: max. partitions/sites/weight per thread: 1 / 988 / 3952
[00:00:00] Starting bootstrapping analysis with 10 replicates.

[00:00:01] Bootstrap tree #1, logLikelihood: -14638.282038
[00:00:02] Bootstrap tree #2, logLikelihood: -14388.579874
[00:00:04] Bootstrap tree #3, logLikelihood: -14428.894880
[00:00:05] Bootstrap tree #4, logLikelihood: -14604.981849
[00:00:06] Bootstrap tree #5, logLikelihood: -14502.681421
[00:00:07] Bootstrap tree #6, logLikelihood: -14586.207918
[00:00:09] Bootstrap tree #7, logLikelihood: -14443.138663
[00:00:10] Bootstrap tree #8, logLikelihood: -14455.179803
[00:00:11] Bootstrap tree #9, logLikelihood: -14436.563806
[00:00:13] Bootstrap tree #10, logLikelihood: -14570.341848

Optimized model parameters:

   Partition 0: noname
   Rate heterogeneity: NONE
   Base frequencies (ML): 0.235562 0.261603 0.248927 0.253909 
   Substitution rates (ML): 0.952011 1.062750 0.927948 1.008018 0.949141 1.000000 
Bootstrap trees saved to: /home/morelbt/github/BenoitDatasets/families/jsim_s27_f100_sites1000_d2.0_l1.0_seed6/pargenes/mlsearch_run/bootstraps/77_fasta/77_fasta_bs3.raxml.bootstraps

Execution log saved to: /home/morelbt/github/BenoitDatasets/families/jsim_s27_f100_sites1000_d2.0_l1.0_seed6/pargenes/mlsearch_run/bootstraps/77_fasta/77_fasta_bs3.raxml.log

Analysis started: 07-Dec-2018 15:54:45 / finished: 07-Dec-2018 15:54:59

Elapsed time: 13.090 seconds

