
RAxML-NG v. 0.6.0git BETA released on 27.07.2018 by The Exelixis Lab.
Authors: Alexey Kozlov, Alexandros Stamatakis, Diego Darriba, Tomas Flouri, Benoit Morel.
Latest version: https://github.com/amkozlov/raxml-ng
Questions/problems/suggestions? Please visit: https://groups.google.com/forum/#!forum/raxml

WARNING: This is a BETA release, please use at your own risk!

RAxML-NG was called as follows:

mpi-scheduler --bootstrap --msa ../BenoitDatasets/families/jsim_s27_f100_sites1000_d2.0_l1.0_seed6/pargenes/parse_run/results/78_fasta/78_fasta.raxml.rba --blopt nr_safe --model GTR --prefix ../BenoitDatasets/families/jsim_s27_f100_sites1000_d2.0_l1.0_seed6/pargenes/mlsearch_run/bootstraps/78_fasta/78_fasta_bs4 --threads 1 --seed 5 --bs-trees 10

Analysis options:
  run mode: Bootstrapping
  start tree(s): 
  bootstrap replicates: 10
  random seed: 5
  tip-inner: ON
  pattern compression: ON
  per-rate scalers: OFF
  site repeats: OFF
  branch lengths: linked (ML estimate, algorithm: NR-SAFE)
  SIMD kernels: AVX2
  parallelization: NONE/sequential

WARNING: The model you specified on the command line (GTR) will be ignored 
         since the binary MSA file already contains a model definition.
         If you want to change the model, please re-run RAxML-NG 
         with the original PHYLIP/FASTA alignment and --redo option.

[00:00:00] Loading binary alignment from file: ../BenoitDatasets/families/jsim_s27_f100_sites1000_d2.0_l1.0_seed6/pargenes/parse_run/results/78_fasta/78_fasta.raxml.rba
[00:00:00] Alignment comprises 32 taxa, 1 partitions and 1000 patterns

Partition 0: noname
Model: GTR+FO
Alignment sites / patterns: 1000 / 1000
Gaps: 0.00 %
Invariant sites: 0.00 %


[00:00:00] Data distribution: max. partitions/sites/weight per thread: 1 / 1000 / 4000
[00:00:00] Starting bootstrapping analysis with 10 replicates.

[00:00:05] Bootstrap tree #1, logLikelihood: -31451.217527
[00:00:11] Bootstrap tree #2, logLikelihood: -31596.361783
[00:00:16] Bootstrap tree #3, logLikelihood: -31897.251102
[00:00:21] Bootstrap tree #4, logLikelihood: -31651.063032
[00:00:27] Bootstrap tree #5, logLikelihood: -31778.359896
[00:00:33] Bootstrap tree #6, logLikelihood: -31762.122968
[00:00:38] Bootstrap tree #7, logLikelihood: -31623.541308
[00:00:50] Bootstrap tree #8, logLikelihood: -31670.210098
[00:00:55] Bootstrap tree #9, logLikelihood: -31896.920881
[00:00:59] Bootstrap tree #10, logLikelihood: -31727.879030

Optimized model parameters:

   Partition 0: noname
   Rate heterogeneity: NONE
   Base frequencies (ML): 0.253459 0.254015 0.251896 0.240631 
   Substitution rates (ML): 0.949304 0.965797 1.007768 0.960263 0.952262 1.000000 
Bootstrap trees saved to: /home/morelbt/github/BenoitDatasets/families/jsim_s27_f100_sites1000_d2.0_l1.0_seed6/pargenes/mlsearch_run/bootstraps/78_fasta/78_fasta_bs4.raxml.bootstraps

Execution log saved to: /home/morelbt/github/BenoitDatasets/families/jsim_s27_f100_sites1000_d2.0_l1.0_seed6/pargenes/mlsearch_run/bootstraps/78_fasta/78_fasta_bs4.raxml.log

Analysis started: 07-Dec-2018 15:50:43 / finished: 07-Dec-2018 15:51:43

Elapsed time: 59.952 seconds

