
RAxML-NG v. 0.6.0git BETA released on 27.07.2018 by The Exelixis Lab.
Authors: Alexey Kozlov, Alexandros Stamatakis, Diego Darriba, Tomas Flouri, Benoit Morel.
Latest version: https://github.com/amkozlov/raxml-ng
Questions/problems/suggestions? Please visit: https://groups.google.com/forum/#!forum/raxml

WARNING: This is a BETA release, please use at your own risk!

RAxML-NG was called as follows:

mpi-scheduler --bootstrap --msa ../BenoitDatasets/families/jsim_s27_f100_sites200_d2.0_l1.0_seed6/pargenes/parse_run/results/41_fasta/41_fasta.raxml.rba --blopt nr_safe --model GTR --prefix ../BenoitDatasets/families/jsim_s27_f100_sites200_d2.0_l1.0_seed6/pargenes/mlsearch_run/bootstraps/41_fasta/41_fasta_bs6 --threads 1 --seed 7 --bs-trees 10

Analysis options:
  run mode: Bootstrapping
  start tree(s): 
  bootstrap replicates: 10
  random seed: 7
  tip-inner: ON
  pattern compression: ON
  per-rate scalers: OFF
  site repeats: OFF
  branch lengths: linked (ML estimate, algorithm: NR-SAFE)
  SIMD kernels: AVX2
  parallelization: NONE/sequential

WARNING: The model you specified on the command line (GTR) will be ignored 
         since the binary MSA file already contains a model definition.
         If you want to change the model, please re-run RAxML-NG 
         with the original PHYLIP/FASTA alignment and --redo option.

[00:00:00] Loading binary alignment from file: ../BenoitDatasets/families/jsim_s27_f100_sites200_d2.0_l1.0_seed6/pargenes/parse_run/results/41_fasta/41_fasta.raxml.rba
[00:00:00] Alignment comprises 10 taxa, 1 partitions and 191 patterns

Partition 0: noname
Model: GTR+FO
Alignment sites / patterns: 200 / 191
Gaps: 0.00 %
Invariant sites: 1.50 %


[00:00:00] Data distribution: max. partitions/sites/weight per thread: 1 / 191 / 764
[00:00:00] Starting bootstrapping analysis with 10 replicates.

[00:00:00] Bootstrap tree #1, logLikelihood: -2017.167107
[00:00:00] Bootstrap tree #2, logLikelihood: -1984.542072
[00:00:00] Bootstrap tree #3, logLikelihood: -1986.049542
[00:00:00] Bootstrap tree #4, logLikelihood: -2032.652501
[00:00:00] Bootstrap tree #5, logLikelihood: -2064.274586
[00:00:00] Bootstrap tree #6, logLikelihood: -2015.287113
[00:00:00] Bootstrap tree #7, logLikelihood: -2050.461292
[00:00:00] Bootstrap tree #8, logLikelihood: -1963.307518
[00:00:01] Bootstrap tree #9, logLikelihood: -1937.402185
[00:00:01] Bootstrap tree #10, logLikelihood: -1955.449834

Optimized model parameters:

   Partition 0: noname
   Rate heterogeneity: NONE
   Base frequencies (ML): 0.222720 0.322757 0.214784 0.239739 
   Substitution rates (ML): 0.770316 1.130862 1.235757 0.605641 0.621306 1.000000 
Bootstrap trees saved to: /home/morelbt/github/BenoitDatasets/families/jsim_s27_f100_sites200_d2.0_l1.0_seed6/pargenes/mlsearch_run/bootstraps/41_fasta/41_fasta_bs6.raxml.bootstraps

Execution log saved to: /home/morelbt/github/BenoitDatasets/families/jsim_s27_f100_sites200_d2.0_l1.0_seed6/pargenes/mlsearch_run/bootstraps/41_fasta/41_fasta_bs6.raxml.log

Analysis started: 07-Dec-2018 15:27:52 / finished: 07-Dec-2018 15:27:53

Elapsed time: 1.233 seconds

