
RAxML-NG v. 0.6.0git BETA released on 27.07.2018 by The Exelixis Lab.
Authors: Alexey Kozlov, Alexandros Stamatakis, Diego Darriba, Tomas Flouri, Benoit Morel.
Latest version: https://github.com/amkozlov/raxml-ng
Questions/problems/suggestions? Please visit: https://groups.google.com/forum/#!forum/raxml

WARNING: This is a BETA release, please use at your own risk!

RAxML-NG was called as follows:

mpi-scheduler --msa ../BenoitDatasets/families/alesim_s20_f50_sites400_d1.0_l0.5_seed42/pargenes/parse_run/results/16_prunedfasta/16_prunedfasta.raxml.rba --blopt nr_safe --model GTR --prefix ../BenoitDatasets/families/alesim_s20_f50_sites400_d1.0_l0.5_seed42/pargenes/mlsearch_run/results/16_prunedfasta/16_prunedfasta --threads 1 --seed 1

Analysis options:
  run mode: ML tree search
  start tree(s): random (1)
  random seed: 1
  tip-inner: ON
  pattern compression: ON
  per-rate scalers: OFF
  site repeats: OFF
  fast spr radius: AUTO
  spr subtree cutoff: 1.000000
  branch lengths: linked (ML estimate, algorithm: NR-SAFE)
  SIMD kernels: AVX2
  parallelization: NONE/sequential

WARNING: The model you specified on the command line (GTR) will be ignored 
         since the binary MSA file already contains a model definition.
         If you want to change the model, please re-run RAxML-NG 
         with the original PHYLIP/FASTA alignment and --redo option.

[00:00:00] Loading binary alignment from file: ../BenoitDatasets/families/alesim_s20_f50_sites400_d1.0_l0.5_seed42/pargenes/parse_run/results/16_prunedfasta/16_prunedfasta.raxml.rba
[00:00:00] Alignment comprises 29 taxa, 1 partitions and 394 patterns

Partition 0: noname
Model: GTR+FO
Alignment sites / patterns: 400 / 394
Gaps: 0.00 %
Invariant sites: 0.50 %


[00:00:00] Generating 1 random starting tree(s) with 29 taxa
[00:00:00] Data distribution: max. partitions/sites/weight per thread: 1 / 394 / 1576

Starting ML tree search with 1 distinct starting trees

[00:00:00 -16098.882510] Initial branch length optimization
[00:00:00 -12256.936093] Model parameter optimization (eps = 10.000000)
[00:00:00 -12244.506827] AUTODETECT spr round 1 (radius: 5)
[00:00:00 -7364.117791] AUTODETECT spr round 2 (radius: 10)
[00:00:00 -6713.779842] AUTODETECT spr round 3 (radius: 15)
[00:00:00 -6713.733437] SPR radius for FAST iterations: 10 (autodetect)
[00:00:00 -6713.733437] Model parameter optimization (eps = 3.000000)
[00:00:00 -6710.028308] FAST spr round 1 (radius: 10)
[00:00:00 -6245.659637] FAST spr round 2 (radius: 10)
[00:00:00 -6236.454572] FAST spr round 3 (radius: 10)
[00:00:00 -6236.307029] FAST spr round 4 (radius: 10)
[00:00:00 -6234.510071] FAST spr round 5 (radius: 10)
[00:00:01 -6233.464226] FAST spr round 6 (radius: 10)
[00:00:01 -6233.388995] Model parameter optimization (eps = 1.000000)
[00:00:01 -6232.985258] SLOW spr round 1 (radius: 5)
[00:00:01 -6232.702614] SLOW spr round 2 (radius: 5)
[00:00:02 -6232.701918] SLOW spr round 3 (radius: 10)
[00:00:02 -6232.701721] SLOW spr round 4 (radius: 15)
[00:00:02 -6232.701657] SLOW spr round 5 (radius: 20)
[00:00:02 -6232.701634] SLOW spr round 6 (radius: 25)
[00:00:02 -6232.701628] Model parameter optimization (eps = 0.100000)

[00:00:02] ML tree search #1, logLikelihood: -6232.697649


Optimized model parameters:

   Partition 0: noname
   Rate heterogeneity: NONE
   Base frequencies (ML): 0.233662 0.265163 0.244409 0.256766 
   Substitution rates (ML): 1.046109 0.928998 1.046180 0.961946 0.877874 1.000000 

Final LogLikelihood: -6232.697649

Best ML tree saved to: /home/morelbt/github/BenoitDatasets/families/alesim_s20_f50_sites400_d1.0_l0.5_seed42/pargenes/mlsearch_run/results/16_prunedfasta/16_prunedfasta.raxml.bestTree
Optimized model saved to: /home/morelbt/github/BenoitDatasets/families/alesim_s20_f50_sites400_d1.0_l0.5_seed42/pargenes/mlsearch_run/results/16_prunedfasta/16_prunedfasta.raxml.bestModel

Execution log saved to: /home/morelbt/github/BenoitDatasets/families/alesim_s20_f50_sites400_d1.0_l0.5_seed42/pargenes/mlsearch_run/results/16_prunedfasta/16_prunedfasta.raxml.log

Analysis started: 11-Dec-2018 15:35:14 / finished: 11-Dec-2018 15:35:17

Elapsed time: 2.698 seconds

