
RAxML-NG v. 0.6.0git BETA released on 27.07.2018 by The Exelixis Lab.
Authors: Alexey Kozlov, Alexandros Stamatakis, Diego Darriba, Tomas Flouri, Benoit Morel.
Latest version: https://github.com/amkozlov/raxml-ng
Questions/problems/suggestions? Please visit: https://groups.google.com/forum/#!forum/raxml

WARNING: This is a BETA release, please use at your own risk!

RAxML-NG was called as follows:

mpi-scheduler --bootstrap --msa ../BenoitDatasets/families/jsim_s8_f100_sites300_d2.0_l1.0_t0.5_seed6/pargenes/parse_run/results/35_pruned_fasta/35_pruned_fasta.raxml.rba --blopt nr_safe --model GTR --prefix ../BenoitDatasets/families/jsim_s8_f100_sites300_d2.0_l1.0_t0.5_seed6/pargenes/mlsearch_run/bootstraps/35_pruned_fasta/35_pruned_fasta_bs0 --threads 1 --seed 1 --bs-trees 10

Analysis options:
  run mode: Bootstrapping
  start tree(s): 
  bootstrap replicates: 10
  random seed: 1
  tip-inner: ON
  pattern compression: ON
  per-rate scalers: OFF
  site repeats: OFF
  branch lengths: linked (ML estimate, algorithm: NR-SAFE)
  SIMD kernels: AVX2
  parallelization: NONE/sequential

WARNING: The model you specified on the command line (GTR) will be ignored 
         since the binary MSA file already contains a model definition.
         If you want to change the model, please re-run RAxML-NG 
         with the original PHYLIP/FASTA alignment and --redo option.

[00:00:00] Loading binary alignment from file: ../BenoitDatasets/families/jsim_s8_f100_sites300_d2.0_l1.0_t0.5_seed6/pargenes/parse_run/results/35_pruned_fasta/35_pruned_fasta.raxml.rba
[00:00:00] Alignment comprises 47 taxa, 1 partitions and 300 patterns

Partition 0: noname
Model: GTR+FO
Alignment sites / patterns: 300 / 300
Gaps: 0.00 %
Invariant sites: 0.00 %


[00:00:00] Data distribution: max. partitions/sites/weight per thread: 1 / 300 / 1200
[00:00:00] Starting bootstrapping analysis with 10 replicates.

[00:00:02] Bootstrap tree #1, logLikelihood: -11081.582396
[00:00:05] Bootstrap tree #2, logLikelihood: -11092.371378
[00:00:11] Bootstrap tree #3, logLikelihood: -11079.010271
[00:00:13] Bootstrap tree #4, logLikelihood: -11073.846135
[00:00:16] Bootstrap tree #5, logLikelihood: -11052.284767
[00:00:20] Bootstrap tree #6, logLikelihood: -11248.209743
[00:00:23] Bootstrap tree #7, logLikelihood: -10988.993903
[00:00:25] Bootstrap tree #8, logLikelihood: -10967.403445
[00:00:30] Bootstrap tree #9, logLikelihood: -11256.001577
[00:00:33] Bootstrap tree #10, logLikelihood: -11039.985826

Optimized model parameters:

   Partition 0: noname
   Rate heterogeneity: NONE
   Base frequencies (ML): 0.243445 0.241478 0.258925 0.256151 
   Substitution rates (ML): 1.094046 0.847306 0.883406 1.066568 1.193699 1.000000 
Bootstrap trees saved to: /home/morelbt/github/BenoitDatasets/families/jsim_s8_f100_sites300_d2.0_l1.0_t0.5_seed6/pargenes/mlsearch_run/bootstraps/35_pruned_fasta/35_pruned_fasta_bs0.raxml.bootstraps

Execution log saved to: /home/morelbt/github/BenoitDatasets/families/jsim_s8_f100_sites300_d2.0_l1.0_t0.5_seed6/pargenes/mlsearch_run/bootstraps/35_pruned_fasta/35_pruned_fasta_bs0.raxml.log

Analysis started: 14-Jan-2019 13:33:52 / finished: 14-Jan-2019 13:34:25

Elapsed time: 33.146 seconds

