
RAxML-NG v. 0.6.0git BETA released on 27.07.2018 by The Exelixis Lab.
Authors: Alexey Kozlov, Alexandros Stamatakis, Diego Darriba, Tomas Flouri, Benoit Morel.
Latest version: https://github.com/amkozlov/raxml-ng
Questions/problems/suggestions? Please visit: https://groups.google.com/forum/#!forum/raxml

WARNING: This is a BETA release, please use at your own risk!

RAxML-NG was called as follows:

mpi-scheduler --bootstrap --msa ../BenoitDatasets/families/jsim_s27_f100_sites200_d2.0_l1.0_seed6/pargenes/parse_run/results/98_fasta/98_fasta.raxml.rba --blopt nr_safe --model GTR --prefix ../BenoitDatasets/families/jsim_s27_f100_sites200_d2.0_l1.0_seed6/pargenes/mlsearch_run/bootstraps/98_fasta/98_fasta_bs7 --threads 1 --seed 8 --bs-trees 10

Analysis options:
  run mode: Bootstrapping
  start tree(s): 
  bootstrap replicates: 10
  random seed: 8
  tip-inner: ON
  pattern compression: ON
  per-rate scalers: OFF
  site repeats: OFF
  branch lengths: linked (ML estimate, algorithm: NR-SAFE)
  SIMD kernels: AVX2
  parallelization: NONE/sequential

WARNING: The model you specified on the command line (GTR) will be ignored 
         since the binary MSA file already contains a model definition.
         If you want to change the model, please re-run RAxML-NG 
         with the original PHYLIP/FASTA alignment and --redo option.

[00:00:00] Loading binary alignment from file: ../BenoitDatasets/families/jsim_s27_f100_sites200_d2.0_l1.0_seed6/pargenes/parse_run/results/98_fasta/98_fasta.raxml.rba
[00:00:00] Alignment comprises 45 taxa, 1 partitions and 200 patterns

Partition 0: noname
Model: GTR+FO
Alignment sites / patterns: 200 / 200
Gaps: 0.00 %
Invariant sites: 0.00 %


[00:00:00] Data distribution: max. partitions/sites/weight per thread: 1 / 200 / 800
[00:00:00] Starting bootstrapping analysis with 10 replicates.

[00:00:01] Bootstrap tree #1, logLikelihood: -7517.274370
[00:00:03] Bootstrap tree #2, logLikelihood: -7451.838933
[00:00:05] Bootstrap tree #3, logLikelihood: -7409.123261
[00:00:07] Bootstrap tree #4, logLikelihood: -7586.583604
[00:00:11] Bootstrap tree #5, logLikelihood: -7646.844018
[00:00:13] Bootstrap tree #6, logLikelihood: -7576.088881
[00:00:15] Bootstrap tree #7, logLikelihood: -7634.551117
[00:00:18] Bootstrap tree #8, logLikelihood: -7480.842077
[00:00:20] Bootstrap tree #9, logLikelihood: -7565.497754
[00:00:22] Bootstrap tree #10, logLikelihood: -7505.167604

Optimized model parameters:

   Partition 0: noname
   Rate heterogeneity: NONE
   Base frequencies (ML): 0.279817 0.232948 0.251897 0.235337 
   Substitution rates (ML): 0.950344 0.954264 1.114267 1.034816 1.154719 1.000000 
Bootstrap trees saved to: /home/morelbt/github/BenoitDatasets/families/jsim_s27_f100_sites200_d2.0_l1.0_seed6/pargenes/mlsearch_run/bootstraps/98_fasta/98_fasta_bs7.raxml.bootstraps

Execution log saved to: /home/morelbt/github/BenoitDatasets/families/jsim_s27_f100_sites200_d2.0_l1.0_seed6/pargenes/mlsearch_run/bootstraps/98_fasta/98_fasta_bs7.raxml.log

Analysis started: 07-Dec-2018 15:25:37 / finished: 07-Dec-2018 15:25:59

Elapsed time: 22.281 seconds

