
RAxML-NG v. 0.6.0git BETA released on 27.07.2018 by The Exelixis Lab.
Authors: Alexey Kozlov, Alexandros Stamatakis, Diego Darriba, Tomas Flouri, Benoit Morel.
Latest version: https://github.com/amkozlov/raxml-ng
Questions/problems/suggestions? Please visit: https://groups.google.com/forum/#!forum/raxml

WARNING: This is a BETA release, please use at your own risk!

RAxML-NG was called as follows:

mpi-scheduler --parse --log DEBUG --msa ../BenoitDatasets/families/jsim_s8_f100_sites300_d2.0_l1.0_t0.5_seed6/alignments/39_pruned.fasta --blopt nr_safe --model GTR --prefix ../BenoitDatasets/families/jsim_s8_f100_sites300_d2.0_l1.0_t0.5_seed6/pargenes/parse_run/results/39_pruned_fasta/39_pruned_fasta --threads 1

Analysis options:
  run mode: Alignment parsing and compression
  start tree(s): 
  random seed: 1547468977
  tip-inner: ON
  pattern compression: ON
  per-rate scalers: OFF
  site repeats: OFF
  branch lengths: linked (ML estimate, algorithm: NR-SAFE)
  SIMD kernels: AVX2
  parallelization: NONE/sequential

|noname|   |GTR+FO|   ||
[00:00:00] Reading alignment from file: ../BenoitDatasets/families/jsim_s8_f100_sites300_d2.0_l1.0_t0.5_seed6/alignments/39_pruned.fasta
Failed to load as IPHYLIP: Unable to parse PHYLIP file: ../BenoitDatasets/families/jsim_s8_f100_sites300_d2.0_l1.0_t0.5_seed6/alignments/39_pruned.fasta
Failed to load as PHYLIP: Unable to parse PHYLIP file: ../BenoitDatasets/families/jsim_s8_f100_sites300_d2.0_l1.0_t0.5_seed6/alignments/39_pruned.fasta
[00:00:00] Loaded alignment with 35 taxa and 300 sites
[00:00:00] Extracting partitions... 
[00:00:00] Validating alignment... 
[00:00:00] Checking the alignment...
[00:00:00] Compressing alignment patterns... 

Alignment comprises 1 partitions and 300 patterns

Partition 0: noname
Model: GTR+FO
Alignment sites / patterns: 300 / 300
Gaps: 0.00 %
Invariant sites: 0.00 %


NOTE: Binary MSA file created: ../BenoitDatasets/families/jsim_s8_f100_sites300_d2.0_l1.0_t0.5_seed6/pargenes/parse_run/results/39_pruned_fasta/39_pruned_fasta.raxml.rba

* Per-taxon CLV size (elements)                : 1200
* Estimated memory requirements                : 1 MB

* Recommended number of threads / MPI processes: 1
* Maximum     number of threads / MPI processes: 1
* Minimum     number of threads / MPI processes: 1

Please note that numbers given above are rough estimates only. 
Actual memory consumption and parallel performance on your system may differ!

Alignment can be successfully read by RAxML-NG.


Execution log saved to: /home/morelbt/github/BenoitDatasets/families/jsim_s8_f100_sites300_d2.0_l1.0_t0.5_seed6/pargenes/parse_run/results/39_pruned_fasta/39_pruned_fasta.raxml.log

Analysis started: 14-Jan-2019 13:29:37 / finished: 14-Jan-2019 13:29:37

Elapsed time: 0.002 seconds

