
RAxML-NG v. 0.6.0git BETA released on 27.07.2018 by The Exelixis Lab.
Authors: Alexey Kozlov, Alexandros Stamatakis, Diego Darriba, Tomas Flouri, Benoit Morel.
Latest version: https://github.com/amkozlov/raxml-ng
Questions/problems/suggestions? Please visit: https://groups.google.com/forum/#!forum/raxml

WARNING: This is a BETA release, please use at your own risk!

RAxML-NG was called as follows:

mpi-scheduler --bootstrap --msa ../BenoitDatasets/families/alesim_s20_f50_sites400_d1.0_l0.5_t0.5_seed42/pargenes/parse_run/results/17_pruned_fasta/17_pruned_fasta.raxml.rba --blopt nr_safe --model GTR --prefix ../BenoitDatasets/families/alesim_s20_f50_sites400_d1.0_l0.5_t0.5_seed42/pargenes/mlsearch_run/bootstraps/17_pruned_fasta/17_pruned_fasta_bs8 --threads 1 --seed 9 --bs-trees 10

Analysis options:
  run mode: Bootstrapping
  start tree(s): 
  bootstrap replicates: 10
  random seed: 9
  tip-inner: ON
  pattern compression: ON
  per-rate scalers: OFF
  site repeats: OFF
  branch lengths: linked (ML estimate, algorithm: NR-SAFE)
  SIMD kernels: AVX2
  parallelization: NONE/sequential

WARNING: The model you specified on the command line (GTR) will be ignored 
         since the binary MSA file already contains a model definition.
         If you want to change the model, please re-run RAxML-NG 
         with the original PHYLIP/FASTA alignment and --redo option.

[00:00:00] Loading binary alignment from file: ../BenoitDatasets/families/alesim_s20_f50_sites400_d1.0_l0.5_t0.5_seed42/pargenes/parse_run/results/17_pruned_fasta/17_pruned_fasta.raxml.rba
[00:00:00] Alignment comprises 8 taxa, 1 partitions and 118 patterns

Partition 0: noname
Model: GTR+FO
Alignment sites / patterns: 400 / 118
Gaps: 0.00 %
Invariant sites: 1.00 %


[00:00:00] Data distribution: max. partitions/sites/weight per thread: 1 / 118 / 472
[00:00:00] Starting bootstrapping analysis with 10 replicates.

[00:00:00] Bootstrap tree #1, logLikelihood: -1527.429033
[00:00:00] Bootstrap tree #2, logLikelihood: -1522.685591
[00:00:00] Bootstrap tree #3, logLikelihood: -1633.851755
[00:00:00] Bootstrap tree #4, logLikelihood: -1486.248638
[00:00:00] Bootstrap tree #5, logLikelihood: -1572.265500
[00:00:00] Bootstrap tree #6, logLikelihood: -1515.432318
[00:00:00] Bootstrap tree #7, logLikelihood: -1543.732242
[00:00:00] Bootstrap tree #8, logLikelihood: -1541.097930
[00:00:00] Bootstrap tree #9, logLikelihood: -1603.875262
[00:00:00] Bootstrap tree #10, logLikelihood: -1615.889284

Optimized model parameters:

   Partition 0: noname
   Rate heterogeneity: NONE
   Base frequencies (ML): 0.221625 0.274167 0.234714 0.269494 
   Substitution rates (ML): 1.160082 1.379736 1.629690 1.172963 0.847148 1.000000 
Bootstrap trees saved to: /home/morelbt/github/BenoitDatasets/families/alesim_s20_f50_sites400_d1.0_l0.5_t0.5_seed42/pargenes/mlsearch_run/bootstraps/17_pruned_fasta/17_pruned_fasta_bs8.raxml.bootstraps

Execution log saved to: /home/morelbt/github/BenoitDatasets/families/alesim_s20_f50_sites400_d1.0_l0.5_t0.5_seed42/pargenes/mlsearch_run/bootstraps/17_pruned_fasta/17_pruned_fasta_bs8.raxml.log

Analysis started: 22-Jan-2019 14:47:21 / finished: 22-Jan-2019 14:47:21

Elapsed time: 0.402 seconds

