
RAxML-NG v. 0.6.0git BETA released on 27.07.2018 by The Exelixis Lab.
Authors: Alexey Kozlov, Alexandros Stamatakis, Diego Darriba, Tomas Flouri, Benoit Morel.
Latest version: https://github.com/amkozlov/raxml-ng
Questions/problems/suggestions? Please visit: https://groups.google.com/forum/#!forum/raxml

WARNING: This is a BETA release, please use at your own risk!

RAxML-NG was called as follows:

mpi-scheduler --bootstrap --msa ../BenoitDatasets/families/alesim_s30_f50_sites200_d2.0_l1.0_seed42/pargenes/parse_run/results/12_prunedfasta/12_prunedfasta.raxml.rba --blopt nr_safe --model GTR --prefix ../BenoitDatasets/families/alesim_s30_f50_sites200_d2.0_l1.0_seed42/pargenes/mlsearch_run/bootstraps/12_prunedfasta/12_prunedfasta_bs2 --threads 1 --seed 3 --bs-trees 10

Analysis options:
  run mode: Bootstrapping
  start tree(s): 
  bootstrap replicates: 10
  random seed: 3
  tip-inner: ON
  pattern compression: ON
  per-rate scalers: OFF
  site repeats: OFF
  branch lengths: linked (ML estimate, algorithm: NR-SAFE)
  SIMD kernels: AVX2
  parallelization: NONE/sequential

WARNING: The model you specified on the command line (GTR) will be ignored 
         since the binary MSA file already contains a model definition.
         If you want to change the model, please re-run RAxML-NG 
         with the original PHYLIP/FASTA alignment and --redo option.

[00:00:00] Loading binary alignment from file: ../BenoitDatasets/families/alesim_s30_f50_sites200_d2.0_l1.0_seed42/pargenes/parse_run/results/12_prunedfasta/12_prunedfasta.raxml.rba
[00:00:00] Alignment comprises 12 taxa, 1 partitions and 60 patterns

Partition 0: noname
Model: GTR+FO
Alignment sites / patterns: 200 / 60
Gaps: 0.00 %
Invariant sites: 2.00 %


[00:00:00] Data distribution: max. partitions/sites/weight per thread: 1 / 60 / 240
[00:00:00] Starting bootstrapping analysis with 10 replicates.

[00:00:00] Bootstrap tree #1, logLikelihood: -743.877877
[00:00:00] Bootstrap tree #2, logLikelihood: -685.282263
[00:00:00] Bootstrap tree #3, logLikelihood: -688.623593
[00:00:00] Bootstrap tree #4, logLikelihood: -655.504778
[00:00:00] Bootstrap tree #5, logLikelihood: -751.887777
[00:00:00] Bootstrap tree #6, logLikelihood: -736.599601
[00:00:00] Bootstrap tree #7, logLikelihood: -650.204826
[00:00:00] Bootstrap tree #8, logLikelihood: -628.890415
[00:00:00] Bootstrap tree #9, logLikelihood: -665.810259
[00:00:00] Bootstrap tree #10, logLikelihood: -692.811866

Optimized model parameters:

   Partition 0: noname
   Rate heterogeneity: NONE
   Base frequencies (ML): 0.309194 0.236273 0.228703 0.225830 
   Substitution rates (ML): 0.357720 0.618858 0.575647 0.731401 0.431087 1.000000 
Bootstrap trees saved to: /home/morelbt/github/BenoitDatasets/families/alesim_s30_f50_sites200_d2.0_l1.0_seed42/pargenes/mlsearch_run/bootstraps/12_prunedfasta/12_prunedfasta_bs2.raxml.bootstraps

Execution log saved to: /home/morelbt/github/BenoitDatasets/families/alesim_s30_f50_sites200_d2.0_l1.0_seed42/pargenes/mlsearch_run/bootstraps/12_prunedfasta/12_prunedfasta_bs2.raxml.log

Analysis started: 11-Dec-2018 20:58:04 / finished: 11-Dec-2018 20:58:04

Elapsed time: 0.463 seconds

