
RAxML-NG v. 0.6.0git BETA released on 27.07.2018 by The Exelixis Lab.
Authors: Alexey Kozlov, Alexandros Stamatakis, Diego Darriba, Tomas Flouri, Benoit Morel.
Latest version: https://github.com/amkozlov/raxml-ng
Questions/problems/suggestions? Please visit: https://groups.google.com/forum/#!forum/raxml

WARNING: This is a BETA release, please use at your own risk!

RAxML-NG was called as follows:

mpi-scheduler --bootstrap --msa ../BenoitDatasets/families/alesim_s20_f50_sites400_d1.0_l0.5_seed42/pargenes/parse_run/results/0_prunedfasta/0_prunedfasta.raxml.rba --blopt nr_safe --model GTR --prefix ../BenoitDatasets/families/alesim_s20_f50_sites400_d1.0_l0.5_seed42/pargenes/mlsearch_run/bootstraps/0_prunedfasta/0_prunedfasta_bs2 --threads 1 --seed 3 --bs-trees 10

Analysis options:
  run mode: Bootstrapping
  start tree(s): 
  bootstrap replicates: 10
  random seed: 3
  tip-inner: ON
  pattern compression: ON
  per-rate scalers: OFF
  site repeats: OFF
  branch lengths: linked (ML estimate, algorithm: NR-SAFE)
  SIMD kernels: AVX2
  parallelization: NONE/sequential

WARNING: The model you specified on the command line (GTR) will be ignored 
         since the binary MSA file already contains a model definition.
         If you want to change the model, please re-run RAxML-NG 
         with the original PHYLIP/FASTA alignment and --redo option.

[00:00:00] Loading binary alignment from file: ../BenoitDatasets/families/alesim_s20_f50_sites400_d1.0_l0.5_seed42/pargenes/parse_run/results/0_prunedfasta/0_prunedfasta.raxml.rba
[00:00:00] Alignment comprises 9 taxa, 1 partitions and 139 patterns

Partition 0: noname
Model: GTR+FO
Alignment sites / patterns: 400 / 139
Gaps: 0.00 %
Invariant sites: 1.00 %


[00:00:00] Data distribution: max. partitions/sites/weight per thread: 1 / 139 / 556
[00:00:00] Starting bootstrapping analysis with 10 replicates.

[00:00:00] Bootstrap tree #1, logLikelihood: -1895.956367
[00:00:00] Bootstrap tree #2, logLikelihood: -1782.511771
[00:00:00] Bootstrap tree #3, logLikelihood: -1816.971035
[00:00:00] Bootstrap tree #4, logLikelihood: -1822.063536
[00:00:00] Bootstrap tree #5, logLikelihood: -1852.150472
[00:00:00] Bootstrap tree #6, logLikelihood: -1792.426859
[00:00:00] Bootstrap tree #7, logLikelihood: -1696.992319
[00:00:00] Bootstrap tree #8, logLikelihood: -1793.659971
[00:00:00] Bootstrap tree #9, logLikelihood: -1858.226455
[00:00:00] Bootstrap tree #10, logLikelihood: -1814.399597

Optimized model parameters:

   Partition 0: noname
   Rate heterogeneity: NONE
   Base frequencies (ML): 0.285528 0.245510 0.241394 0.227567 
   Substitution rates (ML): 1.235663 0.938633 1.583847 1.097921 1.401148 1.000000 
Bootstrap trees saved to: /home/morelbt/github/BenoitDatasets/families/alesim_s20_f50_sites400_d1.0_l0.5_seed42/pargenes/mlsearch_run/bootstraps/0_prunedfasta/0_prunedfasta_bs2.raxml.bootstraps

Execution log saved to: /home/morelbt/github/BenoitDatasets/families/alesim_s20_f50_sites400_d1.0_l0.5_seed42/pargenes/mlsearch_run/bootstraps/0_prunedfasta/0_prunedfasta_bs2.raxml.log

Analysis started: 11-Dec-2018 15:35:14 / finished: 11-Dec-2018 15:35:15

Elapsed time: 0.641 seconds

