
RAxML-NG v. 0.6.0git BETA released on 27.07.2018 by The Exelixis Lab.
Authors: Alexey Kozlov, Alexandros Stamatakis, Diego Darriba, Tomas Flouri, Benoit Morel.
Latest version: https://github.com/amkozlov/raxml-ng
Questions/problems/suggestions? Please visit: https://groups.google.com/forum/#!forum/raxml

WARNING: This is a BETA release, please use at your own risk!

RAxML-NG was called as follows:

mpi-scheduler --bootstrap --msa ../BenoitDatasets/families/jsim_s8_f100_sites300_d2.0_l1.0/pargenes/parse_run/results/23_fasta/23_fasta.raxml.rba --blopt nr_safe --model GTR --prefix ../BenoitDatasets/families/jsim_s8_f100_sites300_d2.0_l1.0/pargenes/mlsearch_run/bootstraps/23_fasta/23_fasta_bs1 --threads 1 --seed 2 --bs-trees 10

Analysis options:
  run mode: Bootstrapping
  start tree(s): 
  bootstrap replicates: 10
  random seed: 2
  tip-inner: ON
  pattern compression: ON
  per-rate scalers: OFF
  site repeats: OFF
  branch lengths: linked (ML estimate, algorithm: NR-SAFE)
  SIMD kernels: AVX2
  parallelization: NONE/sequential

WARNING: The model you specified on the command line (GTR) will be ignored 
         since the binary MSA file already contains a model definition.
         If you want to change the model, please re-run RAxML-NG 
         with the original PHYLIP/FASTA alignment and --redo option.

[00:00:00] Loading binary alignment from file: ../BenoitDatasets/families/jsim_s8_f100_sites300_d2.0_l1.0/pargenes/parse_run/results/23_fasta/23_fasta.raxml.rba
[00:00:00] Alignment comprises 10 taxa, 1 partitions and 299 patterns

Partition 0: noname
Model: GTR+FO
Alignment sites / patterns: 300 / 299
Gaps: 0.00 %
Invariant sites: 0.00 %


[00:00:00] Data distribution: max. partitions/sites/weight per thread: 1 / 299 / 1196
[00:00:00] Starting bootstrapping analysis with 10 replicates.

[00:00:00] Bootstrap tree #1, logLikelihood: -3482.944256
[00:00:00] Bootstrap tree #2, logLikelihood: -3489.213611
[00:00:00] Bootstrap tree #3, logLikelihood: -3533.118536
[00:00:00] Bootstrap tree #4, logLikelihood: -3536.541943
[00:00:01] Bootstrap tree #5, logLikelihood: -3500.847825
[00:00:01] Bootstrap tree #6, logLikelihood: -3498.601526
[00:00:01] Bootstrap tree #7, logLikelihood: -3536.358489
[00:00:01] Bootstrap tree #8, logLikelihood: -3447.847687
[00:00:01] Bootstrap tree #9, logLikelihood: -3454.638894
[00:00:02] Bootstrap tree #10, logLikelihood: -3520.671010

Optimized model parameters:

   Partition 0: noname
   Rate heterogeneity: NONE
   Base frequencies (ML): 0.258094 0.255124 0.238473 0.248309 
   Substitution rates (ML): 0.842799 0.659908 0.780553 1.229101 0.940505 1.000000 
Bootstrap trees saved to: /home/morelbt/github/BenoitDatasets/families/jsim_s8_f100_sites300_d2.0_l1.0/pargenes/mlsearch_run/bootstraps/23_fasta/23_fasta_bs1.raxml.bootstraps

Execution log saved to: /home/morelbt/github/BenoitDatasets/families/jsim_s8_f100_sites300_d2.0_l1.0/pargenes/mlsearch_run/bootstraps/23_fasta/23_fasta_bs1.raxml.log

Analysis started: 05-Dec-2018 13:32:49 / finished: 05-Dec-2018 13:32:52

Elapsed time: 2.159 seconds

