
RAxML-NG v. 0.6.0git BETA released on 27.07.2018 by The Exelixis Lab.
Authors: Alexey Kozlov, Alexandros Stamatakis, Diego Darriba, Tomas Flouri, Benoit Morel.
Latest version: https://github.com/amkozlov/raxml-ng
Questions/problems/suggestions? Please visit: https://groups.google.com/forum/#!forum/raxml

WARNING: This is a BETA release, please use at your own risk!

RAxML-NG was called as follows:

mpi-scheduler --bootstrap --msa ../BenoitDatasets/families/jsim_s27_f100_sites200_d2.0_l1.0_seed6/pargenes/parse_run/results/64_fasta/64_fasta.raxml.rba --blopt nr_safe --model GTR --prefix ../BenoitDatasets/families/jsim_s27_f100_sites200_d2.0_l1.0_seed6/pargenes/mlsearch_run/bootstraps/64_fasta/64_fasta_bs5 --threads 1 --seed 6 --bs-trees 10

Analysis options:
  run mode: Bootstrapping
  start tree(s): 
  bootstrap replicates: 10
  random seed: 6
  tip-inner: ON
  pattern compression: ON
  per-rate scalers: OFF
  site repeats: OFF
  branch lengths: linked (ML estimate, algorithm: NR-SAFE)
  SIMD kernels: AVX2
  parallelization: NONE/sequential

WARNING: The model you specified on the command line (GTR) will be ignored 
         since the binary MSA file already contains a model definition.
         If you want to change the model, please re-run RAxML-NG 
         with the original PHYLIP/FASTA alignment and --redo option.

[00:00:00] Loading binary alignment from file: ../BenoitDatasets/families/jsim_s27_f100_sites200_d2.0_l1.0_seed6/pargenes/parse_run/results/64_fasta/64_fasta.raxml.rba
[00:00:00] Alignment comprises 5 taxa, 1 partitions and 155 patterns

Partition 0: noname
Model: GTR+FO
Alignment sites / patterns: 200 / 155
Gaps: 0.00 %
Invariant sites: 2.00 %


[00:00:00] Data distribution: max. partitions/sites/weight per thread: 1 / 155 / 620
[00:00:00] Starting bootstrapping analysis with 10 replicates.

[00:00:00] Bootstrap tree #1, logLikelihood: -1226.351182
[00:00:00] Bootstrap tree #2, logLikelihood: -1247.620117
[00:00:00] Bootstrap tree #3, logLikelihood: -1243.393519
[00:00:00] Bootstrap tree #4, logLikelihood: -1218.219078
[00:00:00] Bootstrap tree #5, logLikelihood: -1179.722473
[00:00:00] Bootstrap tree #6, logLikelihood: -1246.714719
[00:00:00] Bootstrap tree #7, logLikelihood: -1206.211743
[00:00:00] Bootstrap tree #8, logLikelihood: -1246.917306
[00:00:00] Bootstrap tree #9, logLikelihood: -1256.009021
[00:00:00] Bootstrap tree #10, logLikelihood: -1236.685045

Optimized model parameters:

   Partition 0: noname
   Rate heterogeneity: NONE
   Base frequencies (ML): 0.235587 0.253544 0.261607 0.249263 
   Substitution rates (ML): 0.766023 0.278612 0.839280 1.213760 1.069846 1.000000 
Bootstrap trees saved to: /home/morelbt/github/BenoitDatasets/families/jsim_s27_f100_sites200_d2.0_l1.0_seed6/pargenes/mlsearch_run/bootstraps/64_fasta/64_fasta_bs5.raxml.bootstraps

Execution log saved to: /home/morelbt/github/BenoitDatasets/families/jsim_s27_f100_sites200_d2.0_l1.0_seed6/pargenes/mlsearch_run/bootstraps/64_fasta/64_fasta_bs5.raxml.log

Analysis started: 07-Dec-2018 15:27:56 / finished: 07-Dec-2018 15:27:56

Elapsed time: 0.246 seconds

