
RAxML-NG v. 0.6.0git BETA released on 27.07.2018 by The Exelixis Lab.
Authors: Alexey Kozlov, Alexandros Stamatakis, Diego Darriba, Tomas Flouri, Benoit Morel.
Latest version: https://github.com/amkozlov/raxml-ng
Questions/problems/suggestions? Please visit: https://groups.google.com/forum/#!forum/raxml

WARNING: This is a BETA release, please use at your own risk!

RAxML-NG was called as follows:

mpi-scheduler --bootstrap --msa ../BenoitDatasets/families/alesim_s20_f50_sites400_d1.0_l0.5_t0.5_seed42/pargenes/parse_run/results/50_pruned_fasta/50_pruned_fasta.raxml.rba --blopt nr_safe --model GTR --prefix ../BenoitDatasets/families/alesim_s20_f50_sites400_d1.0_l0.5_t0.5_seed42/pargenes/mlsearch_run/bootstraps/50_pruned_fasta/50_pruned_fasta_bs7 --threads 1 --seed 8 --bs-trees 10

Analysis options:
  run mode: Bootstrapping
  start tree(s): 
  bootstrap replicates: 10
  random seed: 8
  tip-inner: ON
  pattern compression: ON
  per-rate scalers: OFF
  site repeats: OFF
  branch lengths: linked (ML estimate, algorithm: NR-SAFE)
  SIMD kernels: AVX2
  parallelization: NONE/sequential

WARNING: The model you specified on the command line (GTR) will be ignored 
         since the binary MSA file already contains a model definition.
         If you want to change the model, please re-run RAxML-NG 
         with the original PHYLIP/FASTA alignment and --redo option.

[00:00:00] Loading binary alignment from file: ../BenoitDatasets/families/alesim_s20_f50_sites400_d1.0_l0.5_t0.5_seed42/pargenes/parse_run/results/50_pruned_fasta/50_pruned_fasta.raxml.rba
[00:00:00] Alignment comprises 8 taxa, 1 partitions and 107 patterns

Partition 0: noname
Model: GTR+FO
Alignment sites / patterns: 400 / 107
Gaps: 0.00 %
Invariant sites: 1.00 %


[00:00:00] Data distribution: max. partitions/sites/weight per thread: 1 / 107 / 428
[00:00:00] Starting bootstrapping analysis with 10 replicates.

[00:00:00] Bootstrap tree #1, logLikelihood: -1515.303316
[00:00:00] Bootstrap tree #2, logLikelihood: -1601.547647
[00:00:00] Bootstrap tree #3, logLikelihood: -1542.177586
[00:00:00] Bootstrap tree #4, logLikelihood: -1455.088324
[00:00:00] Bootstrap tree #5, logLikelihood: -1513.991006
[00:00:00] Bootstrap tree #6, logLikelihood: -1570.915666
[00:00:00] Bootstrap tree #7, logLikelihood: -1510.128992
[00:00:00] Bootstrap tree #8, logLikelihood: -1606.832365
[00:00:00] Bootstrap tree #9, logLikelihood: -1595.973425
[00:00:00] Bootstrap tree #10, logLikelihood: -1519.607308

Optimized model parameters:

   Partition 0: noname
   Rate heterogeneity: NONE
   Base frequencies (ML): 0.263710 0.252887 0.213070 0.270332 
   Substitution rates (ML): 0.769058 0.523044 0.636350 1.035058 0.747698 1.000000 
Bootstrap trees saved to: /home/morelbt/github/BenoitDatasets/families/alesim_s20_f50_sites400_d1.0_l0.5_t0.5_seed42/pargenes/mlsearch_run/bootstraps/50_pruned_fasta/50_pruned_fasta_bs7.raxml.bootstraps

Execution log saved to: /home/morelbt/github/BenoitDatasets/families/alesim_s20_f50_sites400_d1.0_l0.5_t0.5_seed42/pargenes/mlsearch_run/bootstraps/50_pruned_fasta/50_pruned_fasta_bs7.raxml.log

Analysis started: 22-Jan-2019 14:47:22 / finished: 22-Jan-2019 14:47:22

Elapsed time: 0.364 seconds

