
RAxML-NG v. 0.6.0git BETA released on 27.07.2018 by The Exelixis Lab.
Authors: Alexey Kozlov, Alexandros Stamatakis, Diego Darriba, Tomas Flouri, Benoit Morel.
Latest version: https://github.com/amkozlov/raxml-ng
Questions/problems/suggestions? Please visit: https://groups.google.com/forum/#!forum/raxml

WARNING: This is a BETA release, please use at your own risk!

RAxML-NG was called as follows:

mpi-scheduler --msa ../BenoitDatasets/families/alesim_s20_f50_sites400_d1.0_l0.5_t0.5_seed42/pargenes/parse_run/results/25_pruned_fasta/25_pruned_fasta.raxml.rba --blopt nr_safe --model GTR --prefix ../BenoitDatasets/families/alesim_s20_f50_sites400_d1.0_l0.5_t0.5_seed42/pargenes/mlsearch_run/results/25_pruned_fasta/25_pruned_fasta --threads 1 --seed 1

Analysis options:
  run mode: ML tree search
  start tree(s): random (1)
  random seed: 1
  tip-inner: ON
  pattern compression: ON
  per-rate scalers: OFF
  site repeats: OFF
  fast spr radius: AUTO
  spr subtree cutoff: 1.000000
  branch lengths: linked (ML estimate, algorithm: NR-SAFE)
  SIMD kernels: AVX2
  parallelization: NONE/sequential

WARNING: The model you specified on the command line (GTR) will be ignored 
         since the binary MSA file already contains a model definition.
         If you want to change the model, please re-run RAxML-NG 
         with the original PHYLIP/FASTA alignment and --redo option.

[00:00:00] Loading binary alignment from file: ../BenoitDatasets/families/alesim_s20_f50_sites400_d1.0_l0.5_t0.5_seed42/pargenes/parse_run/results/25_pruned_fasta/25_pruned_fasta.raxml.rba
[00:00:00] Alignment comprises 55 taxa, 1 partitions and 400 patterns

Partition 0: noname
Model: GTR+FO
Alignment sites / patterns: 400 / 400
Gaps: 0.00 %
Invariant sites: 0.00 %


[00:00:00] Generating 1 random starting tree(s) with 55 taxa
[00:00:00] Data distribution: max. partitions/sites/weight per thread: 1 / 400 / 1600

Starting ML tree search with 1 distinct starting trees

[00:00:00 -30213.039750] Initial branch length optimization
[00:00:00 -23495.823684] Model parameter optimization (eps = 10.000000)
[00:00:00 -23477.840346] AUTODETECT spr round 1 (radius: 5)
[00:00:00 -12706.244612] AUTODETECT spr round 2 (radius: 10)
[00:00:00 -10906.839443] AUTODETECT spr round 3 (radius: 15)
[00:00:00 -10904.706917] AUTODETECT spr round 4 (radius: 20)
[00:00:00 -10904.682065] SPR radius for FAST iterations: 15 (autodetect)
[00:00:00 -10904.682065] Model parameter optimization (eps = 3.000000)
[00:00:00 -10892.508566] FAST spr round 1 (radius: 15)
[00:00:01 -9962.441794] FAST spr round 2 (radius: 15)
[00:00:01 -9946.762833] FAST spr round 3 (radius: 15)
[00:00:01 -9943.416276] FAST spr round 4 (radius: 15)
[00:00:02 -9941.791903] FAST spr round 5 (radius: 15)
[00:00:02 -9941.454255] FAST spr round 6 (radius: 15)
[00:00:02 -9941.449088] Model parameter optimization (eps = 1.000000)
[00:00:02 -9939.849317] SLOW spr round 1 (radius: 5)
[00:00:03 -9939.345880] SLOW spr round 2 (radius: 5)
[00:00:04 -9939.344613] SLOW spr round 3 (radius: 10)
[00:00:05 -9939.344124] SLOW spr round 4 (radius: 15)
[00:00:06 -9939.343932] SLOW spr round 5 (radius: 20)
[00:00:06 -9939.343857] SLOW spr round 6 (radius: 25)
[00:00:06 -9939.343828] Model parameter optimization (eps = 0.100000)

[00:00:06] ML tree search #1, logLikelihood: -9939.338835


Optimized model parameters:

   Partition 0: noname
   Rate heterogeneity: NONE
   Base frequencies (ML): 0.238981 0.248691 0.253150 0.259177 
   Substitution rates (ML): 1.219182 1.118610 1.062329 1.063823 0.975526 1.000000 

Final LogLikelihood: -9939.338835

Best ML tree saved to: /home/morelbt/github/BenoitDatasets/families/alesim_s20_f50_sites400_d1.0_l0.5_t0.5_seed42/pargenes/mlsearch_run/results/25_pruned_fasta/25_pruned_fasta.raxml.bestTree
Optimized model saved to: /home/morelbt/github/BenoitDatasets/families/alesim_s20_f50_sites400_d1.0_l0.5_t0.5_seed42/pargenes/mlsearch_run/results/25_pruned_fasta/25_pruned_fasta.raxml.bestModel

Execution log saved to: /home/morelbt/github/BenoitDatasets/families/alesim_s20_f50_sites400_d1.0_l0.5_t0.5_seed42/pargenes/mlsearch_run/results/25_pruned_fasta/25_pruned_fasta.raxml.log

Analysis started: 22-Jan-2019 14:47:12 / finished: 22-Jan-2019 14:47:18

Elapsed time: 6.140 seconds

