
RAxML-NG v. 0.6.0git BETA released on 27.07.2018 by The Exelixis Lab.
Authors: Alexey Kozlov, Alexandros Stamatakis, Diego Darriba, Tomas Flouri, Benoit Morel.
Latest version: https://github.com/amkozlov/raxml-ng
Questions/problems/suggestions? Please visit: https://groups.google.com/forum/#!forum/raxml

WARNING: This is a BETA release, please use at your own risk!

RAxML-NG was called as follows:

mpi-scheduler --msa ../BenoitDatasets/families/jsim_s27_f100_sites1000_d2.0_l1.0_seed6/pargenes/parse_run/results/0_fasta/0_fasta.raxml.rba --blopt nr_safe --model GTR --prefix ../BenoitDatasets/families/jsim_s27_f100_sites1000_d2.0_l1.0_seed6/pargenes/mlsearch_run/results/0_fasta/0_fasta --threads 1 --seed 1

Analysis options:
  run mode: ML tree search
  start tree(s): random (1)
  random seed: 1
  tip-inner: ON
  pattern compression: ON
  per-rate scalers: OFF
  site repeats: OFF
  fast spr radius: AUTO
  spr subtree cutoff: 1.000000
  branch lengths: linked (ML estimate, algorithm: NR-SAFE)
  SIMD kernels: AVX2
  parallelization: NONE/sequential

WARNING: The model you specified on the command line (GTR) will be ignored 
         since the binary MSA file already contains a model definition.
         If you want to change the model, please re-run RAxML-NG 
         with the original PHYLIP/FASTA alignment and --redo option.

[00:00:00] Loading binary alignment from file: ../BenoitDatasets/families/jsim_s27_f100_sites1000_d2.0_l1.0_seed6/pargenes/parse_run/results/0_fasta/0_fasta.raxml.rba
[00:00:00] Alignment comprises 42 taxa, 1 partitions and 1000 patterns

Partition 0: noname
Model: GTR+FO
Alignment sites / patterns: 1000 / 1000
Gaps: 0.00 %
Invariant sites: 0.00 %


[00:00:00] Generating 1 random starting tree(s) with 42 taxa
[00:00:00] Data distribution: max. partitions/sites/weight per thread: 1 / 1000 / 4000

Starting ML tree search with 1 distinct starting trees

[00:00:00 -65567.259511] Initial branch length optimization
[00:00:00 -52448.412079] Model parameter optimization (eps = 10.000000)
[00:00:00 -52434.759452] AUTODETECT spr round 1 (radius: 5)
[00:00:00 -45897.809278] AUTODETECT spr round 2 (radius: 10)
[00:00:00 -42827.450243] AUTODETECT spr round 3 (radius: 15)
[00:00:01 -42814.906378] AUTODETECT spr round 4 (radius: 20)
[00:00:01 -42814.869829] SPR radius for FAST iterations: 15 (autodetect)
[00:00:01 -42814.869829] Model parameter optimization (eps = 3.000000)
[00:00:01 -42813.109777] FAST spr round 1 (radius: 15)
[00:00:02 -41538.523093] FAST spr round 2 (radius: 15)
[00:00:03 -41444.573549] FAST spr round 3 (radius: 15)
[00:00:04 -41441.124485] FAST spr round 4 (radius: 15)
[00:00:04 -41441.124366] Model parameter optimization (eps = 1.000000)
[00:00:05 -41440.373984] SLOW spr round 1 (radius: 5)
[00:00:08 -41440.373791] SLOW spr round 2 (radius: 10)
[00:00:10 -41440.373784] SLOW spr round 3 (radius: 15)
[00:00:11 -41440.373784] SLOW spr round 4 (radius: 20)
[00:00:11 -41440.373784] SLOW spr round 5 (radius: 25)
[00:00:11 -41440.373784] Model parameter optimization (eps = 0.100000)

[00:00:12] ML tree search #1, logLikelihood: -41440.174435


Optimized model parameters:

   Partition 0: noname
   Rate heterogeneity: NONE
   Base frequencies (ML): 0.249534 0.251576 0.249467 0.249423 
   Substitution rates (ML): 1.015268 1.013108 1.008212 1.057125 0.976352 1.000000 

Final LogLikelihood: -41440.174435

Best ML tree saved to: /home/morelbt/github/BenoitDatasets/families/jsim_s27_f100_sites1000_d2.0_l1.0_seed6/pargenes/mlsearch_run/results/0_fasta/0_fasta.raxml.bestTree
Optimized model saved to: /home/morelbt/github/BenoitDatasets/families/jsim_s27_f100_sites1000_d2.0_l1.0_seed6/pargenes/mlsearch_run/results/0_fasta/0_fasta.raxml.bestModel

Execution log saved to: /home/morelbt/github/BenoitDatasets/families/jsim_s27_f100_sites1000_d2.0_l1.0_seed6/pargenes/mlsearch_run/results/0_fasta/0_fasta.raxml.log

Analysis started: 07-Dec-2018 15:55:51 / finished: 07-Dec-2018 15:56:03

Elapsed time: 12.073 seconds

