
RAxML-NG v. 0.6.0git BETA released on 27.07.2018 by The Exelixis Lab.
Authors: Alexey Kozlov, Alexandros Stamatakis, Diego Darriba, Tomas Flouri, Benoit Morel.
Latest version: https://github.com/amkozlov/raxml-ng
Questions/problems/suggestions? Please visit: https://groups.google.com/forum/#!forum/raxml

WARNING: This is a BETA release, please use at your own risk!

RAxML-NG was called as follows:

mpi-scheduler --bootstrap --msa ../BenoitDatasets/families/jsim_s27_f100_sites1000_d2.0_l1.0_seed6/pargenes/parse_run/results/80_fasta/80_fasta.raxml.rba --blopt nr_safe --model GTR --prefix ../BenoitDatasets/families/jsim_s27_f100_sites1000_d2.0_l1.0_seed6/pargenes/mlsearch_run/bootstraps/80_fasta/80_fasta_bs3 --threads 1 --seed 4 --bs-trees 10

Analysis options:
  run mode: Bootstrapping
  start tree(s): 
  bootstrap replicates: 10
  random seed: 4
  tip-inner: ON
  pattern compression: ON
  per-rate scalers: OFF
  site repeats: OFF
  branch lengths: linked (ML estimate, algorithm: NR-SAFE)
  SIMD kernels: AVX2
  parallelization: NONE/sequential

WARNING: The model you specified on the command line (GTR) will be ignored 
         since the binary MSA file already contains a model definition.
         If you want to change the model, please re-run RAxML-NG 
         with the original PHYLIP/FASTA alignment and --redo option.

[00:00:00] Loading binary alignment from file: ../BenoitDatasets/families/jsim_s27_f100_sites1000_d2.0_l1.0_seed6/pargenes/parse_run/results/80_fasta/80_fasta.raxml.rba
[00:00:00] Alignment comprises 72 taxa, 1 partitions and 1000 patterns

Partition 0: noname
Model: GTR+FO
Alignment sites / patterns: 1000 / 1000
Gaps: 0.00 %
Invariant sites: 0.00 %


[00:00:00] Data distribution: max. partitions/sites/weight per thread: 1 / 1000 / 4000
[00:00:00] Starting bootstrapping analysis with 10 replicates.

[00:00:19] Bootstrap tree #1, logLikelihood: -65673.067157
[00:00:40] Bootstrap tree #2, logLikelihood: -65549.547796
[00:01:00] Bootstrap tree #3, logLikelihood: -65358.189684
[00:01:21] Bootstrap tree #4, logLikelihood: -65477.685732
[00:01:40] Bootstrap tree #5, logLikelihood: -65975.966873
[00:02:01] Bootstrap tree #6, logLikelihood: -65744.743764
[00:02:21] Bootstrap tree #7, logLikelihood: -65510.378351
[00:02:53] Bootstrap tree #8, logLikelihood: -65702.277951
[00:03:13] Bootstrap tree #9, logLikelihood: -65653.291135
[00:03:34] Bootstrap tree #10, logLikelihood: -65686.941172

Optimized model parameters:

   Partition 0: noname
   Rate heterogeneity: NONE
   Base frequencies (ML): 0.248646 0.248444 0.247765 0.255144 
   Substitution rates (ML): 0.995714 0.966042 1.009895 1.008361 0.947893 1.000000 
Bootstrap trees saved to: /home/morelbt/github/BenoitDatasets/families/jsim_s27_f100_sites1000_d2.0_l1.0_seed6/pargenes/mlsearch_run/bootstraps/80_fasta/80_fasta_bs3.raxml.bootstraps

Execution log saved to: /home/morelbt/github/BenoitDatasets/families/jsim_s27_f100_sites1000_d2.0_l1.0_seed6/pargenes/mlsearch_run/bootstraps/80_fasta/80_fasta_bs3.raxml.log

Analysis started: 07-Dec-2018 15:38:35 / finished: 07-Dec-2018 15:42:10

Elapsed time: 214.945 seconds

