
RAxML-NG v. 0.6.0git BETA released on 27.07.2018 by The Exelixis Lab.
Authors: Alexey Kozlov, Alexandros Stamatakis, Diego Darriba, Tomas Flouri, Benoit Morel.
Latest version: https://github.com/amkozlov/raxml-ng
Questions/problems/suggestions? Please visit: https://groups.google.com/forum/#!forum/raxml

WARNING: This is a BETA release, please use at your own risk!

RAxML-NG was called as follows:

mpi-scheduler --bootstrap --msa ../BenoitDatasets/families/jsim_s27_f100_sites200_d2.0_l1.0_seed6/pargenes/parse_run/results/36_fasta/36_fasta.raxml.rba --blopt nr_safe --model GTR --prefix ../BenoitDatasets/families/jsim_s27_f100_sites200_d2.0_l1.0_seed6/pargenes/mlsearch_run/bootstraps/36_fasta/36_fasta_bs7 --threads 1 --seed 8 --bs-trees 10

Analysis options:
  run mode: Bootstrapping
  start tree(s): 
  bootstrap replicates: 10
  random seed: 8
  tip-inner: ON
  pattern compression: ON
  per-rate scalers: OFF
  site repeats: OFF
  branch lengths: linked (ML estimate, algorithm: NR-SAFE)
  SIMD kernels: AVX2
  parallelization: NONE/sequential

WARNING: The model you specified on the command line (GTR) will be ignored 
         since the binary MSA file already contains a model definition.
         If you want to change the model, please re-run RAxML-NG 
         with the original PHYLIP/FASTA alignment and --redo option.

[00:00:00] Loading binary alignment from file: ../BenoitDatasets/families/jsim_s27_f100_sites200_d2.0_l1.0_seed6/pargenes/parse_run/results/36_fasta/36_fasta.raxml.rba
[00:00:00] Alignment comprises 25 taxa, 1 partitions and 200 patterns

Partition 0: noname
Model: GTR+FO
Alignment sites / patterns: 200 / 200
Gaps: 0.00 %
Invariant sites: 0.00 %


[00:00:00] Data distribution: max. partitions/sites/weight per thread: 1 / 200 / 800
[00:00:00] Starting bootstrapping analysis with 10 replicates.

[00:00:00] Bootstrap tree #1, logLikelihood: -4228.406236
[00:00:01] Bootstrap tree #2, logLikelihood: -4268.207521
[00:00:02] Bootstrap tree #3, logLikelihood: -4177.974875
[00:00:02] Bootstrap tree #4, logLikelihood: -4357.191441
[00:00:03] Bootstrap tree #5, logLikelihood: -4341.732664
[00:00:04] Bootstrap tree #6, logLikelihood: -4429.629947
[00:00:04] Bootstrap tree #7, logLikelihood: -4423.454714
[00:00:06] Bootstrap tree #8, logLikelihood: -4265.475152
[00:00:07] Bootstrap tree #9, logLikelihood: -4466.372327
[00:00:07] Bootstrap tree #10, logLikelihood: -4252.227410

Optimized model parameters:

   Partition 0: noname
   Rate heterogeneity: NONE
   Base frequencies (ML): 0.282305 0.234989 0.238395 0.244311 
   Substitution rates (ML): 1.030201 1.291729 1.091877 1.012307 1.290332 1.000000 
Bootstrap trees saved to: /home/morelbt/github/BenoitDatasets/families/jsim_s27_f100_sites200_d2.0_l1.0_seed6/pargenes/mlsearch_run/bootstraps/36_fasta/36_fasta_bs7.raxml.bootstraps

Execution log saved to: /home/morelbt/github/BenoitDatasets/families/jsim_s27_f100_sites200_d2.0_l1.0_seed6/pargenes/mlsearch_run/bootstraps/36_fasta/36_fasta_bs7.raxml.log

Analysis started: 07-Dec-2018 15:27:21 / finished: 07-Dec-2018 15:27:29

Elapsed time: 7.954 seconds

