
RAxML-NG v. 0.6.0git BETA released on 27.07.2018 by The Exelixis Lab.
Authors: Alexey Kozlov, Alexandros Stamatakis, Diego Darriba, Tomas Flouri, Benoit Morel.
Latest version: https://github.com/amkozlov/raxml-ng
Questions/problems/suggestions? Please visit: https://groups.google.com/forum/#!forum/raxml

WARNING: This is a BETA release, please use at your own risk!

RAxML-NG was called as follows:

mpi-scheduler --bootstrap --msa ../BenoitDatasets/families/alesim_s20_f50_sites400_d1.0_l0.5_seed42/pargenes/parse_run/results/16_prunedfasta/16_prunedfasta.raxml.rba --blopt nr_safe --model GTR --prefix ../BenoitDatasets/families/alesim_s20_f50_sites400_d1.0_l0.5_seed42/pargenes/mlsearch_run/bootstraps/16_prunedfasta/16_prunedfasta_bs3 --threads 1 --seed 4 --bs-trees 10

Analysis options:
  run mode: Bootstrapping
  start tree(s): 
  bootstrap replicates: 10
  random seed: 4
  tip-inner: ON
  pattern compression: ON
  per-rate scalers: OFF
  site repeats: OFF
  branch lengths: linked (ML estimate, algorithm: NR-SAFE)
  SIMD kernels: AVX2
  parallelization: NONE/sequential

WARNING: The model you specified on the command line (GTR) will be ignored 
         since the binary MSA file already contains a model definition.
         If you want to change the model, please re-run RAxML-NG 
         with the original PHYLIP/FASTA alignment and --redo option.

[00:00:00] Loading binary alignment from file: ../BenoitDatasets/families/alesim_s20_f50_sites400_d1.0_l0.5_seed42/pargenes/parse_run/results/16_prunedfasta/16_prunedfasta.raxml.rba
[00:00:00] Alignment comprises 29 taxa, 1 partitions and 394 patterns

Partition 0: noname
Model: GTR+FO
Alignment sites / patterns: 400 / 394
Gaps: 0.00 %
Invariant sites: 0.50 %


[00:00:00] Data distribution: max. partitions/sites/weight per thread: 1 / 394 / 1576
[00:00:00] Starting bootstrapping analysis with 10 replicates.

[00:00:01] Bootstrap tree #1, logLikelihood: -6211.867203
[00:00:02] Bootstrap tree #2, logLikelihood: -6143.417634
[00:00:04] Bootstrap tree #3, logLikelihood: -6184.153978
[00:00:05] Bootstrap tree #4, logLikelihood: -6420.747280
[00:00:07] Bootstrap tree #5, logLikelihood: -6157.236316
[00:00:08] Bootstrap tree #6, logLikelihood: -6232.257422
[00:00:09] Bootstrap tree #7, logLikelihood: -6040.144753
[00:00:11] Bootstrap tree #8, logLikelihood: -6263.325079
[00:00:12] Bootstrap tree #9, logLikelihood: -6332.988590
[00:00:14] Bootstrap tree #10, logLikelihood: -6058.874381

Optimized model parameters:

   Partition 0: noname
   Rate heterogeneity: NONE
   Base frequencies (ML): 0.235373 0.246475 0.267313 0.250838 
   Substitution rates (ML): 1.073556 0.853779 0.814141 1.104207 0.827494 1.000000 
Bootstrap trees saved to: /home/morelbt/github/BenoitDatasets/families/alesim_s20_f50_sites400_d1.0_l0.5_seed42/pargenes/mlsearch_run/bootstraps/16_prunedfasta/16_prunedfasta_bs3.raxml.bootstraps

Execution log saved to: /home/morelbt/github/BenoitDatasets/families/alesim_s20_f50_sites400_d1.0_l0.5_seed42/pargenes/mlsearch_run/bootstraps/16_prunedfasta/16_prunedfasta_bs3.raxml.log

Analysis started: 11-Dec-2018 15:34:26 / finished: 11-Dec-2018 15:34:40

Elapsed time: 14.352 seconds

