
RAxML-NG v. 0.6.0git BETA released on 27.07.2018 by The Exelixis Lab.
Authors: Alexey Kozlov, Alexandros Stamatakis, Diego Darriba, Tomas Flouri, Benoit Morel.
Latest version: https://github.com/amkozlov/raxml-ng
Questions/problems/suggestions? Please visit: https://groups.google.com/forum/#!forum/raxml

WARNING: This is a BETA release, please use at your own risk!

RAxML-NG was called as follows:

mpi-scheduler --msa ../BenoitDatasets/families/jsim_s27_f100_sites200_d0.2_l0.1_seed6/pargenes/parse_run/results/56_fasta/56_fasta.raxml.rba --blopt nr_safe --model GTR --prefix ../BenoitDatasets/families/jsim_s27_f100_sites200_d0.2_l0.1_seed6/pargenes/mlsearch_run/results/56_fasta/56_fasta --threads 1 --seed 1

Analysis options:
  run mode: ML tree search
  start tree(s): random (1)
  random seed: 1
  tip-inner: ON
  pattern compression: ON
  per-rate scalers: OFF
  site repeats: OFF
  fast spr radius: AUTO
  spr subtree cutoff: 1.000000
  branch lengths: linked (ML estimate, algorithm: NR-SAFE)
  SIMD kernels: AVX2
  parallelization: NONE/sequential

WARNING: The model you specified on the command line (GTR) will be ignored 
         since the binary MSA file already contains a model definition.
         If you want to change the model, please re-run RAxML-NG 
         with the original PHYLIP/FASTA alignment and --redo option.

[00:00:00] Loading binary alignment from file: ../BenoitDatasets/families/jsim_s27_f100_sites200_d0.2_l0.1_seed6/pargenes/parse_run/results/56_fasta/56_fasta.raxml.rba
[00:00:00] Alignment comprises 15 taxa, 1 partitions and 200 patterns

Partition 0: noname
Model: GTR+FO
Alignment sites / patterns: 200 / 200
Gaps: 0.00 %
Invariant sites: 0.50 %


[00:00:00] Generating 1 random starting tree(s) with 15 taxa
[00:00:00] Data distribution: max. partitions/sites/weight per thread: 1 / 200 / 800

Starting ML tree search with 1 distinct starting trees

[00:00:00 -4611.108437] Initial branch length optimization
[00:00:00 -3761.714147] Model parameter optimization (eps = 10.000000)
[00:00:00 -3743.321986] AUTODETECT spr round 1 (radius: 5)
[00:00:00 -3321.703869] AUTODETECT spr round 2 (radius: 10)
[00:00:00 -3321.640066] SPR radius for FAST iterations: 5 (autodetect)
[00:00:00 -3321.640066] Model parameter optimization (eps = 3.000000)
[00:00:00 -3317.974697] FAST spr round 1 (radius: 5)
[00:00:00 -3315.129973] FAST spr round 2 (radius: 5)
[00:00:00 -3315.026628] FAST spr round 3 (radius: 5)
[00:00:00 -3315.026186] Model parameter optimization (eps = 1.000000)
[00:00:00 -3315.006975] SLOW spr round 1 (radius: 5)
[00:00:00 -3315.006846] SLOW spr round 2 (radius: 10)
[00:00:00 -3315.006814] SLOW spr round 3 (radius: 15)
[00:00:00 -3315.006806] Model parameter optimization (eps = 0.100000)

[00:00:00] ML tree search #1, logLikelihood: -3315.006475


Optimized model parameters:

   Partition 0: noname
   Rate heterogeneity: NONE
   Base frequencies (ML): 0.239677 0.291024 0.236139 0.233161 
   Substitution rates (ML): 0.890488 1.011181 0.790615 0.906516 0.770003 1.000000 

Final LogLikelihood: -3315.006475

Best ML tree saved to: /home/morelbt/github/BenoitDatasets/families/jsim_s27_f100_sites200_d0.2_l0.1_seed6/pargenes/mlsearch_run/results/56_fasta/56_fasta.raxml.bestTree
Optimized model saved to: /home/morelbt/github/BenoitDatasets/families/jsim_s27_f100_sites200_d0.2_l0.1_seed6/pargenes/mlsearch_run/results/56_fasta/56_fasta.raxml.bestModel

Execution log saved to: /home/morelbt/github/BenoitDatasets/families/jsim_s27_f100_sites200_d0.2_l0.1_seed6/pargenes/mlsearch_run/results/56_fasta/56_fasta.raxml.log

Analysis started: 07-Dec-2018 16:06:19 / finished: 07-Dec-2018 16:06:19

Elapsed time: 0.405 seconds

