
RAxML-NG v. 0.6.0git BETA released on 27.07.2018 by The Exelixis Lab.
Authors: Alexey Kozlov, Alexandros Stamatakis, Diego Darriba, Tomas Flouri, Benoit Morel.
Latest version: https://github.com/amkozlov/raxml-ng
Questions/problems/suggestions? Please visit: https://groups.google.com/forum/#!forum/raxml

WARNING: This is a BETA release, please use at your own risk!

RAxML-NG was called as follows:

mpi-scheduler --bootstrap --msa ../BenoitDatasets/families/alesim_s20_f50_sites400_d1.0_l0.5_t0.5_seed42/pargenes/parse_run/results/21_pruned_fasta/21_pruned_fasta.raxml.rba --blopt nr_safe --model GTR --prefix ../BenoitDatasets/families/alesim_s20_f50_sites400_d1.0_l0.5_t0.5_seed42/pargenes/mlsearch_run/bootstraps/21_pruned_fasta/21_pruned_fasta_bs3 --threads 1 --seed 4 --bs-trees 10

Analysis options:
  run mode: Bootstrapping
  start tree(s): 
  bootstrap replicates: 10
  random seed: 4
  tip-inner: ON
  pattern compression: ON
  per-rate scalers: OFF
  site repeats: OFF
  branch lengths: linked (ML estimate, algorithm: NR-SAFE)
  SIMD kernels: AVX2
  parallelization: NONE/sequential

WARNING: The model you specified on the command line (GTR) will be ignored 
         since the binary MSA file already contains a model definition.
         If you want to change the model, please re-run RAxML-NG 
         with the original PHYLIP/FASTA alignment and --redo option.

[00:00:00] Loading binary alignment from file: ../BenoitDatasets/families/alesim_s20_f50_sites400_d1.0_l0.5_t0.5_seed42/pargenes/parse_run/results/21_pruned_fasta/21_pruned_fasta.raxml.rba
[00:00:00] Alignment comprises 14 taxa, 1 partitions and 239 patterns

Partition 0: noname
Model: GTR+FO
Alignment sites / patterns: 400 / 239
Gaps: 0.00 %
Invariant sites: 1.00 %


[00:00:00] Data distribution: max. partitions/sites/weight per thread: 1 / 239 / 956
[00:00:00] Starting bootstrapping analysis with 10 replicates.

[00:00:00] Bootstrap tree #1, logLikelihood: -2802.181218
[00:00:00] Bootstrap tree #2, logLikelihood: -2664.137921
[00:00:00] Bootstrap tree #3, logLikelihood: -2620.467522
[00:00:00] Bootstrap tree #4, logLikelihood: -2875.635714
[00:00:01] Bootstrap tree #5, logLikelihood: -2721.215662
[00:00:01] Bootstrap tree #6, logLikelihood: -2801.838123
[00:00:01] Bootstrap tree #7, logLikelihood: -2682.539897
[00:00:01] Bootstrap tree #8, logLikelihood: -2819.823073
[00:00:01] Bootstrap tree #9, logLikelihood: -2819.937569
[00:00:02] Bootstrap tree #10, logLikelihood: -2735.229844

Optimized model parameters:

   Partition 0: noname
   Rate heterogeneity: NONE
   Base frequencies (ML): 0.276872 0.219947 0.242195 0.260986 
   Substitution rates (ML): 1.001644 0.815633 1.046149 1.158268 1.170038 1.000000 
Bootstrap trees saved to: /home/morelbt/github/BenoitDatasets/families/alesim_s20_f50_sites400_d1.0_l0.5_t0.5_seed42/pargenes/mlsearch_run/bootstraps/21_pruned_fasta/21_pruned_fasta_bs3.raxml.bootstraps

Execution log saved to: /home/morelbt/github/BenoitDatasets/families/alesim_s20_f50_sites400_d1.0_l0.5_t0.5_seed42/pargenes/mlsearch_run/bootstraps/21_pruned_fasta/21_pruned_fasta_bs3.raxml.log

Analysis started: 22-Jan-2019 14:47:09 / finished: 22-Jan-2019 14:47:11

Elapsed time: 2.182 seconds

