
RAxML-NG v. 0.6.0git BETA released on 27.07.2018 by The Exelixis Lab.
Authors: Alexey Kozlov, Alexandros Stamatakis, Diego Darriba, Tomas Flouri, Benoit Morel.
Latest version: https://github.com/amkozlov/raxml-ng
Questions/problems/suggestions? Please visit: https://groups.google.com/forum/#!forum/raxml

WARNING: This is a BETA release, please use at your own risk!

RAxML-NG was called as follows:

mpi-scheduler --bootstrap --msa ../BenoitDatasets/families/jsim_s27_f100_sites200_d6.0_l3.0_seed6/pargenes/parse_run/results/35_fasta/35_fasta.raxml.rba --blopt nr_safe --model GTR --prefix ../BenoitDatasets/families/jsim_s27_f100_sites200_d6.0_l3.0_seed6/pargenes/mlsearch_run/bootstraps/35_fasta/35_fasta_bs3 --threads 1 --seed 4 --bs-trees 10

Analysis options:
  run mode: Bootstrapping
  start tree(s): 
  bootstrap replicates: 10
  random seed: 4
  tip-inner: ON
  pattern compression: ON
  per-rate scalers: OFF
  site repeats: OFF
  branch lengths: linked (ML estimate, algorithm: NR-SAFE)
  SIMD kernels: AVX2
  parallelization: NONE/sequential

WARNING: The model you specified on the command line (GTR) will be ignored 
         since the binary MSA file already contains a model definition.
         If you want to change the model, please re-run RAxML-NG 
         with the original PHYLIP/FASTA alignment and --redo option.

[00:00:00] Loading binary alignment from file: ../BenoitDatasets/families/jsim_s27_f100_sites200_d6.0_l3.0_seed6/pargenes/parse_run/results/35_fasta/35_fasta.raxml.rba
[00:00:00] Alignment comprises 8 taxa, 1 partitions and 98 patterns

Partition 0: noname
Model: GTR+FO
Alignment sites / patterns: 200 / 98
Gaps: 0.00 %
Invariant sites: 2.00 %


[00:00:00] Data distribution: max. partitions/sites/weight per thread: 1 / 98 / 392
[00:00:00] Starting bootstrapping analysis with 10 replicates.

[00:00:00] Bootstrap tree #1, logLikelihood: -1060.666396
[00:00:00] Bootstrap tree #2, logLikelihood: -998.561763
[00:00:00] Bootstrap tree #3, logLikelihood: -974.160289
[00:00:00] Bootstrap tree #4, logLikelihood: -1013.218249
[00:00:00] Bootstrap tree #5, logLikelihood: -1031.910081
[00:00:00] Bootstrap tree #6, logLikelihood: -1021.452777
[00:00:00] Bootstrap tree #7, logLikelihood: -1033.877775
[00:00:00] Bootstrap tree #8, logLikelihood: -1026.471550
[00:00:00] Bootstrap tree #9, logLikelihood: -988.930817
[00:00:00] Bootstrap tree #10, logLikelihood: -940.364404

Optimized model parameters:

   Partition 0: noname
   Rate heterogeneity: NONE
   Base frequencies (ML): 0.235947 0.273834 0.278554 0.211665 
   Substitution rates (ML): 0.706747 0.879727 1.283659 1.007715 1.004981 1.000000 
Bootstrap trees saved to: /home/morelbt/github/BenoitDatasets/families/jsim_s27_f100_sites200_d6.0_l3.0_seed6/pargenes/mlsearch_run/bootstraps/35_fasta/35_fasta_bs3.raxml.bootstraps

Execution log saved to: /home/morelbt/github/BenoitDatasets/families/jsim_s27_f100_sites200_d6.0_l3.0_seed6/pargenes/mlsearch_run/bootstraps/35_fasta/35_fasta_bs3.raxml.log

Analysis started: 07-Dec-2018 15:33:02 / finished: 07-Dec-2018 15:33:03

Elapsed time: 0.353 seconds

