
RAxML-NG v. 0.6.0git BETA released on 27.07.2018 by The Exelixis Lab.
Authors: Alexey Kozlov, Alexandros Stamatakis, Diego Darriba, Tomas Flouri, Benoit Morel.
Latest version: https://github.com/amkozlov/raxml-ng
Questions/problems/suggestions? Please visit: https://groups.google.com/forum/#!forum/raxml

WARNING: This is a BETA release, please use at your own risk!

RAxML-NG was called as follows:

mpi-scheduler --bootstrap --msa ../BenoitDatasets/families/jsim_s27_f100_sites200_d2.0_l1.0_seed6/pargenes/parse_run/results/2_fasta/2_fasta.raxml.rba --blopt nr_safe --model GTR --prefix ../BenoitDatasets/families/jsim_s27_f100_sites200_d2.0_l1.0_seed6/pargenes/mlsearch_run/bootstraps/2_fasta/2_fasta_bs8 --threads 1 --seed 9 --bs-trees 10

Analysis options:
  run mode: Bootstrapping
  start tree(s): 
  bootstrap replicates: 10
  random seed: 9
  tip-inner: ON
  pattern compression: ON
  per-rate scalers: OFF
  site repeats: OFF
  branch lengths: linked (ML estimate, algorithm: NR-SAFE)
  SIMD kernels: AVX2
  parallelization: NONE/sequential

WARNING: The model you specified on the command line (GTR) will be ignored 
         since the binary MSA file already contains a model definition.
         If you want to change the model, please re-run RAxML-NG 
         with the original PHYLIP/FASTA alignment and --redo option.

[00:00:00] Loading binary alignment from file: ../BenoitDatasets/families/jsim_s27_f100_sites200_d2.0_l1.0_seed6/pargenes/parse_run/results/2_fasta/2_fasta.raxml.rba
[00:00:00] Alignment comprises 16 taxa, 1 partitions and 200 patterns

Partition 0: noname
Model: GTR+FO
Alignment sites / patterns: 200 / 200
Gaps: 0.00 %
Invariant sites: 0.00 %


[00:00:00] Data distribution: max. partitions/sites/weight per thread: 1 / 200 / 800
[00:00:00] Starting bootstrapping analysis with 10 replicates.

[00:00:00] Bootstrap tree #1, logLikelihood: -3398.667093
[00:00:00] Bootstrap tree #2, logLikelihood: -3314.680704
[00:00:01] Bootstrap tree #3, logLikelihood: -3394.032340
[00:00:01] Bootstrap tree #4, logLikelihood: -3364.453680
[00:00:01] Bootstrap tree #5, logLikelihood: -3331.497615
[00:00:02] Bootstrap tree #6, logLikelihood: -3346.755751
[00:00:02] Bootstrap tree #7, logLikelihood: -3366.906705
[00:00:02] Bootstrap tree #8, logLikelihood: -3353.669128
[00:00:03] Bootstrap tree #9, logLikelihood: -3269.570576
[00:00:03] Bootstrap tree #10, logLikelihood: -3431.343242

Optimized model parameters:

   Partition 0: noname
   Rate heterogeneity: NONE
   Base frequencies (ML): 0.253636 0.265978 0.242308 0.238078 
   Substitution rates (ML): 0.758683 0.719730 0.826713 0.695995 0.658052 1.000000 
Bootstrap trees saved to: /home/morelbt/github/BenoitDatasets/families/jsim_s27_f100_sites200_d2.0_l1.0_seed6/pargenes/mlsearch_run/bootstraps/2_fasta/2_fasta_bs8.raxml.bootstraps

Execution log saved to: /home/morelbt/github/BenoitDatasets/families/jsim_s27_f100_sites200_d2.0_l1.0_seed6/pargenes/mlsearch_run/bootstraps/2_fasta/2_fasta_bs8.raxml.log

Analysis started: 07-Dec-2018 15:27:37 / finished: 07-Dec-2018 15:27:40

Elapsed time: 3.860 seconds

