
RAxML-NG v. 0.6.0git BETA released on 27.07.2018 by The Exelixis Lab.
Authors: Alexey Kozlov, Alexandros Stamatakis, Diego Darriba, Tomas Flouri, Benoit Morel.
Latest version: https://github.com/amkozlov/raxml-ng
Questions/problems/suggestions? Please visit: https://groups.google.com/forum/#!forum/raxml

WARNING: This is a BETA release, please use at your own risk!

RAxML-NG was called as follows:

mpi-scheduler --bootstrap --msa ../BenoitDatasets/families/alesim_s20_f50_sites400_d1.0_l0.5_seed42/pargenes/parse_run/results/31_prunedfasta/31_prunedfasta.raxml.rba --blopt nr_safe --model GTR --prefix ../BenoitDatasets/families/alesim_s20_f50_sites400_d1.0_l0.5_seed42/pargenes/mlsearch_run/bootstraps/31_prunedfasta/31_prunedfasta_bs1 --threads 1 --seed 2 --bs-trees 10

Analysis options:
  run mode: Bootstrapping
  start tree(s): 
  bootstrap replicates: 10
  random seed: 2
  tip-inner: ON
  pattern compression: ON
  per-rate scalers: OFF
  site repeats: OFF
  branch lengths: linked (ML estimate, algorithm: NR-SAFE)
  SIMD kernels: AVX2
  parallelization: NONE/sequential

WARNING: The model you specified on the command line (GTR) will be ignored 
         since the binary MSA file already contains a model definition.
         If you want to change the model, please re-run RAxML-NG 
         with the original PHYLIP/FASTA alignment and --redo option.

[00:00:00] Loading binary alignment from file: ../BenoitDatasets/families/alesim_s20_f50_sites400_d1.0_l0.5_seed42/pargenes/parse_run/results/31_prunedfasta/31_prunedfasta.raxml.rba
[00:00:00] Alignment comprises 9 taxa, 1 partitions and 151 patterns

Partition 0: noname
Model: GTR+FO
Alignment sites / patterns: 400 / 151
Gaps: 0.00 %
Invariant sites: 1.00 %


[00:00:00] Data distribution: max. partitions/sites/weight per thread: 1 / 151 / 604
[00:00:00] Starting bootstrapping analysis with 10 replicates.

[00:00:00] Bootstrap tree #1, logLikelihood: -1982.801733
[00:00:00] Bootstrap tree #2, logLikelihood: -1932.835672
[00:00:00] Bootstrap tree #3, logLikelihood: -1921.468683
[00:00:00] Bootstrap tree #4, logLikelihood: -2000.119477
[00:00:00] Bootstrap tree #5, logLikelihood: -1951.087241
[00:00:00] Bootstrap tree #6, logLikelihood: -1906.973051
[00:00:00] Bootstrap tree #7, logLikelihood: -1919.529518
[00:00:00] Bootstrap tree #8, logLikelihood: -1951.582873
[00:00:00] Bootstrap tree #9, logLikelihood: -2007.455835
[00:00:00] Bootstrap tree #10, logLikelihood: -1980.533916

Optimized model parameters:

   Partition 0: noname
   Rate heterogeneity: NONE
   Base frequencies (ML): 0.256292 0.249698 0.276270 0.217740 
   Substitution rates (ML): 1.500615 1.084026 1.797900 1.109103 0.842325 1.000000 
Bootstrap trees saved to: /home/morelbt/github/BenoitDatasets/families/alesim_s20_f50_sites400_d1.0_l0.5_seed42/pargenes/mlsearch_run/bootstraps/31_prunedfasta/31_prunedfasta_bs1.raxml.bootstraps

Execution log saved to: /home/morelbt/github/BenoitDatasets/families/alesim_s20_f50_sites400_d1.0_l0.5_seed42/pargenes/mlsearch_run/bootstraps/31_prunedfasta/31_prunedfasta_bs1.raxml.log

Analysis started: 11-Dec-2018 15:35:13 / finished: 11-Dec-2018 15:35:14

Elapsed time: 0.694 seconds

