
RAxML-NG v. 0.6.0git BETA released on 27.07.2018 by The Exelixis Lab.
Authors: Alexey Kozlov, Alexandros Stamatakis, Diego Darriba, Tomas Flouri, Benoit Morel.
Latest version: https://github.com/amkozlov/raxml-ng
Questions/problems/suggestions? Please visit: https://groups.google.com/forum/#!forum/raxml

WARNING: This is a BETA release, please use at your own risk!

RAxML-NG was called as follows:

mpi-scheduler --bootstrap --msa ../BenoitDatasets/families/alesim_s20_f50_sites200_d0.6_l0.3_seed42/pargenes/parse_run/results/47_prunedfasta/47_prunedfasta.raxml.rba --blopt nr_safe --model GTR --prefix ../BenoitDatasets/families/alesim_s20_f50_sites200_d0.6_l0.3_seed42/pargenes/mlsearch_run/bootstraps/47_prunedfasta/47_prunedfasta_bs3 --threads 1 --seed 4 --bs-trees 10

Analysis options:
  run mode: Bootstrapping
  start tree(s): 
  bootstrap replicates: 10
  random seed: 4
  tip-inner: ON
  pattern compression: ON
  per-rate scalers: OFF
  site repeats: OFF
  branch lengths: linked (ML estimate, algorithm: NR-SAFE)
  SIMD kernels: AVX2
  parallelization: NONE/sequential

WARNING: The model you specified on the command line (GTR) will be ignored 
         since the binary MSA file already contains a model definition.
         If you want to change the model, please re-run RAxML-NG 
         with the original PHYLIP/FASTA alignment and --redo option.

[00:00:00] Loading binary alignment from file: ../BenoitDatasets/families/alesim_s20_f50_sites200_d0.6_l0.3_seed42/pargenes/parse_run/results/47_prunedfasta/47_prunedfasta.raxml.rba
[00:00:00] Alignment comprises 33 taxa, 1 partitions and 200 patterns

Partition 0: noname
Model: GTR+FO
Alignment sites / patterns: 200 / 200
Gaps: 0.00 %
Invariant sites: 1.00 %


[00:00:00] Data distribution: max. partitions/sites/weight per thread: 1 / 200 / 800
[00:00:00] Starting bootstrapping analysis with 10 replicates.

[00:00:01] Bootstrap tree #1, logLikelihood: -3664.305707
[00:00:02] Bootstrap tree #2, logLikelihood: -3717.613139
[00:00:03] Bootstrap tree #3, logLikelihood: -3413.856788
[00:00:03] Bootstrap tree #4, logLikelihood: -3564.968710
[00:00:04] Bootstrap tree #5, logLikelihood: -3585.448008
[00:00:05] Bootstrap tree #6, logLikelihood: -3488.602917
[00:00:06] Bootstrap tree #7, logLikelihood: -3476.529577
[00:00:07] Bootstrap tree #8, logLikelihood: -3555.214560
[00:00:08] Bootstrap tree #9, logLikelihood: -3448.547708
[00:00:08] Bootstrap tree #10, logLikelihood: -3646.027060

Optimized model parameters:

   Partition 0: noname
   Rate heterogeneity: NONE
   Base frequencies (ML): 0.266531 0.248124 0.240183 0.245162 
   Substitution rates (ML): 0.905465 1.144947 1.090918 1.114051 1.201397 1.000000 
Bootstrap trees saved to: /home/morelbt/github/BenoitDatasets/families/alesim_s20_f50_sites200_d0.6_l0.3_seed42/pargenes/mlsearch_run/bootstraps/47_prunedfasta/47_prunedfasta_bs3.raxml.bootstraps

Execution log saved to: /home/morelbt/github/BenoitDatasets/families/alesim_s20_f50_sites200_d0.6_l0.3_seed42/pargenes/mlsearch_run/bootstraps/47_prunedfasta/47_prunedfasta_bs3.raxml.log

Analysis started: 11-Dec-2018 15:13:40 / finished: 11-Dec-2018 15:13:49

Elapsed time: 8.950 seconds

