
RAxML-NG v. 0.6.0git BETA released on 27.07.2018 by The Exelixis Lab.
Authors: Alexey Kozlov, Alexandros Stamatakis, Diego Darriba, Tomas Flouri, Benoit Morel.
Latest version: https://github.com/amkozlov/raxml-ng
Questions/problems/suggestions? Please visit: https://groups.google.com/forum/#!forum/raxml

WARNING: This is a BETA release, please use at your own risk!

RAxML-NG was called as follows:

mpi-scheduler --bootstrap --msa ../BenoitDatasets/families/jsim_s8_f100_sites300_d2.0_l1.0_t0.5_seed6/pargenes/parse_run/results/96_pruned_fasta/96_pruned_fasta.raxml.rba --blopt nr_safe --model GTR --prefix ../BenoitDatasets/families/jsim_s8_f100_sites300_d2.0_l1.0_t0.5_seed6/pargenes/mlsearch_run/bootstraps/96_pruned_fasta/96_pruned_fasta_bs4 --threads 1 --seed 5 --bs-trees 10

Analysis options:
  run mode: Bootstrapping
  start tree(s): 
  bootstrap replicates: 10
  random seed: 5
  tip-inner: ON
  pattern compression: ON
  per-rate scalers: OFF
  site repeats: OFF
  branch lengths: linked (ML estimate, algorithm: NR-SAFE)
  SIMD kernels: AVX2
  parallelization: NONE/sequential

WARNING: The model you specified on the command line (GTR) will be ignored 
         since the binary MSA file already contains a model definition.
         If you want to change the model, please re-run RAxML-NG 
         with the original PHYLIP/FASTA alignment and --redo option.

[00:00:00] Loading binary alignment from file: ../BenoitDatasets/families/jsim_s8_f100_sites300_d2.0_l1.0_t0.5_seed6/pargenes/parse_run/results/96_pruned_fasta/96_pruned_fasta.raxml.rba
[00:00:00] Alignment comprises 21 taxa, 1 partitions and 300 patterns

Partition 0: noname
Model: GTR+FO
Alignment sites / patterns: 300 / 300
Gaps: 0.00 %
Invariant sites: 0.00 %


[00:00:00] Data distribution: max. partitions/sites/weight per thread: 1 / 300 / 1200
[00:00:00] Starting bootstrapping analysis with 10 replicates.

[00:00:00] Bootstrap tree #1, logLikelihood: -5831.390141
[00:00:01] Bootstrap tree #2, logLikelihood: -6086.922164
[00:00:02] Bootstrap tree #3, logLikelihood: -5959.294110
[00:00:03] Bootstrap tree #4, logLikelihood: -5911.390714
[00:00:03] Bootstrap tree #5, logLikelihood: -5885.986093
[00:00:04] Bootstrap tree #6, logLikelihood: -5993.398260
[00:00:05] Bootstrap tree #7, logLikelihood: -5898.067467
[00:00:06] Bootstrap tree #8, logLikelihood: -6060.935202
[00:00:06] Bootstrap tree #9, logLikelihood: -5898.566436
[00:00:08] Bootstrap tree #10, logLikelihood: -5965.991733

Optimized model parameters:

   Partition 0: noname
   Rate heterogeneity: NONE
   Base frequencies (ML): 0.230981 0.257233 0.259904 0.251882 
   Substitution rates (ML): 1.266889 1.029660 0.932419 0.993724 0.816450 1.000000 
Bootstrap trees saved to: /home/morelbt/github/BenoitDatasets/families/jsim_s8_f100_sites300_d2.0_l1.0_t0.5_seed6/pargenes/mlsearch_run/bootstraps/96_pruned_fasta/96_pruned_fasta_bs4.raxml.bootstraps

Execution log saved to: /home/morelbt/github/BenoitDatasets/families/jsim_s8_f100_sites300_d2.0_l1.0_t0.5_seed6/pargenes/mlsearch_run/bootstraps/96_pruned_fasta/96_pruned_fasta_bs4.raxml.log

Analysis started: 14-Jan-2019 13:37:14 / finished: 14-Jan-2019 13:37:23

Elapsed time: 8.271 seconds

