
RAxML-NG v. 0.6.0git BETA released on 27.07.2018 by The Exelixis Lab.
Authors: Alexey Kozlov, Alexandros Stamatakis, Diego Darriba, Tomas Flouri, Benoit Morel.
Latest version: https://github.com/amkozlov/raxml-ng
Questions/problems/suggestions? Please visit: https://groups.google.com/forum/#!forum/raxml

WARNING: This is a BETA release, please use at your own risk!

RAxML-NG was called as follows:

mpi-scheduler --bootstrap --msa ../BenoitDatasets/families/jsim_s27_f100_sites1000_d2.0_l1.0_seed6/pargenes/parse_run/results/13_fasta/13_fasta.raxml.rba --blopt nr_safe --model GTR --prefix ../BenoitDatasets/families/jsim_s27_f100_sites1000_d2.0_l1.0_seed6/pargenes/mlsearch_run/bootstraps/13_fasta/13_fasta_bs4 --threads 1 --seed 5 --bs-trees 10

Analysis options:
  run mode: Bootstrapping
  start tree(s): 
  bootstrap replicates: 10
  random seed: 5
  tip-inner: ON
  pattern compression: ON
  per-rate scalers: OFF
  site repeats: OFF
  branch lengths: linked (ML estimate, algorithm: NR-SAFE)
  SIMD kernels: AVX2
  parallelization: NONE/sequential

WARNING: The model you specified on the command line (GTR) will be ignored 
         since the binary MSA file already contains a model definition.
         If you want to change the model, please re-run RAxML-NG 
         with the original PHYLIP/FASTA alignment and --redo option.

[00:00:00] Loading binary alignment from file: ../BenoitDatasets/families/jsim_s27_f100_sites1000_d2.0_l1.0_seed6/pargenes/parse_run/results/13_fasta/13_fasta.raxml.rba
[00:00:00] Alignment comprises 26 taxa, 1 partitions and 1000 patterns

Partition 0: noname
Model: GTR+FO
Alignment sites / patterns: 1000 / 1000
Gaps: 0.00 %
Invariant sites: 0.00 %


[00:00:00] Data distribution: max. partitions/sites/weight per thread: 1 / 1000 / 4000
[00:00:00] Starting bootstrapping analysis with 10 replicates.

[00:00:03] Bootstrap tree #1, logLikelihood: -24213.708511
[00:00:06] Bootstrap tree #2, logLikelihood: -24303.427927
[00:00:10] Bootstrap tree #3, logLikelihood: -24437.640794
[00:00:14] Bootstrap tree #4, logLikelihood: -24293.685944
[00:00:18] Bootstrap tree #5, logLikelihood: -24059.411433
[00:00:21] Bootstrap tree #6, logLikelihood: -24296.947834
[00:00:24] Bootstrap tree #7, logLikelihood: -24294.280779
[00:00:28] Bootstrap tree #8, logLikelihood: -24306.010536
[00:00:31] Bootstrap tree #9, logLikelihood: -24478.105156
[00:00:35] Bootstrap tree #10, logLikelihood: -24349.762573

Optimized model parameters:

   Partition 0: noname
   Rate heterogeneity: NONE
   Base frequencies (ML): 0.246178 0.256887 0.260126 0.236810 
   Substitution rates (ML): 1.029766 0.896271 1.012739 0.927073 0.890109 1.000000 
Bootstrap trees saved to: /home/morelbt/github/BenoitDatasets/families/jsim_s27_f100_sites1000_d2.0_l1.0_seed6/pargenes/mlsearch_run/bootstraps/13_fasta/13_fasta_bs4.raxml.bootstraps

Execution log saved to: /home/morelbt/github/BenoitDatasets/families/jsim_s27_f100_sites1000_d2.0_l1.0_seed6/pargenes/mlsearch_run/bootstraps/13_fasta/13_fasta_bs4.raxml.log

Analysis started: 07-Dec-2018 15:53:12 / finished: 07-Dec-2018 15:53:47

Elapsed time: 35.025 seconds

