
RAxML-NG v. 0.6.0git BETA released on 27.07.2018 by The Exelixis Lab.
Authors: Alexey Kozlov, Alexandros Stamatakis, Diego Darriba, Tomas Flouri, Benoit Morel.
Latest version: https://github.com/amkozlov/raxml-ng
Questions/problems/suggestions? Please visit: https://groups.google.com/forum/#!forum/raxml

WARNING: This is a BETA release, please use at your own risk!

RAxML-NG was called as follows:

mpi-scheduler --bootstrap --msa ../BenoitDatasets/families/jsim_s8_f100_sites300_d2.0_l1.0_t0.5_seed6/pargenes/parse_run/results/36_pruned_fasta/36_pruned_fasta.raxml.rba --blopt nr_safe --model GTR --prefix ../BenoitDatasets/families/jsim_s8_f100_sites300_d2.0_l1.0_t0.5_seed6/pargenes/mlsearch_run/bootstraps/36_pruned_fasta/36_pruned_fasta_bs0 --threads 1 --seed 1 --bs-trees 10

Analysis options:
  run mode: Bootstrapping
  start tree(s): 
  bootstrap replicates: 10
  random seed: 1
  tip-inner: ON
  pattern compression: ON
  per-rate scalers: OFF
  site repeats: OFF
  branch lengths: linked (ML estimate, algorithm: NR-SAFE)
  SIMD kernels: AVX2
  parallelization: NONE/sequential

WARNING: The model you specified on the command line (GTR) will be ignored 
         since the binary MSA file already contains a model definition.
         If you want to change the model, please re-run RAxML-NG 
         with the original PHYLIP/FASTA alignment and --redo option.

[00:00:00] Loading binary alignment from file: ../BenoitDatasets/families/jsim_s8_f100_sites300_d2.0_l1.0_t0.5_seed6/pargenes/parse_run/results/36_pruned_fasta/36_pruned_fasta.raxml.rba
[00:00:00] Alignment comprises 26 taxa, 1 partitions and 300 patterns

Partition 0: noname
Model: GTR+FO
Alignment sites / patterns: 300 / 300
Gaps: 0.00 %
Invariant sites: 0.00 %


[00:00:00] Data distribution: max. partitions/sites/weight per thread: 1 / 300 / 1200
[00:00:00] Starting bootstrapping analysis with 10 replicates.

[00:00:01] Bootstrap tree #1, logLikelihood: -7090.642893
[00:00:02] Bootstrap tree #2, logLikelihood: -7012.524228
[00:00:04] Bootstrap tree #3, logLikelihood: -7009.113821
[00:00:05] Bootstrap tree #4, logLikelihood: -7094.529652
[00:00:06] Bootstrap tree #5, logLikelihood: -7065.894830
[00:00:07] Bootstrap tree #6, logLikelihood: -6897.176177
[00:00:08] Bootstrap tree #7, logLikelihood: -7063.268264
[00:00:09] Bootstrap tree #8, logLikelihood: -7024.272136
[00:00:11] Bootstrap tree #9, logLikelihood: -7107.239281
[00:00:12] Bootstrap tree #10, logLikelihood: -7157.293329

Optimized model parameters:

   Partition 0: noname
   Rate heterogeneity: NONE
   Base frequencies (ML): 0.275649 0.252604 0.227075 0.244672 
   Substitution rates (ML): 1.037755 1.047349 1.160253 1.252416 1.154722 1.000000 
Bootstrap trees saved to: /home/morelbt/github/BenoitDatasets/families/jsim_s8_f100_sites300_d2.0_l1.0_t0.5_seed6/pargenes/mlsearch_run/bootstraps/36_pruned_fasta/36_pruned_fasta_bs0.raxml.bootstraps

Execution log saved to: /home/morelbt/github/BenoitDatasets/families/jsim_s8_f100_sites300_d2.0_l1.0_t0.5_seed6/pargenes/mlsearch_run/bootstraps/36_pruned_fasta/36_pruned_fasta_bs0.raxml.log

Analysis started: 14-Jan-2019 13:37:06 / finished: 14-Jan-2019 13:37:18

Elapsed time: 12.107 seconds

