
RAxML-NG v. 0.6.0git BETA released on 27.07.2018 by The Exelixis Lab.
Authors: Alexey Kozlov, Alexandros Stamatakis, Diego Darriba, Tomas Flouri, Benoit Morel.
Latest version: https://github.com/amkozlov/raxml-ng
Questions/problems/suggestions? Please visit: https://groups.google.com/forum/#!forum/raxml

WARNING: This is a BETA release, please use at your own risk!

RAxML-NG was called as follows:

mpi-scheduler --bootstrap --msa ../BenoitDatasets/families/jsim_s27_f100_sites1000_d2.0_l1.0_seed6/pargenes/parse_run/results/85_fasta/85_fasta.raxml.rba --blopt nr_safe --model GTR --prefix ../BenoitDatasets/families/jsim_s27_f100_sites1000_d2.0_l1.0_seed6/pargenes/mlsearch_run/bootstraps/85_fasta/85_fasta_bs9 --threads 1 --seed 10 --bs-trees 10

Analysis options:
  run mode: Bootstrapping
  start tree(s): 
  bootstrap replicates: 10
  random seed: 10
  tip-inner: ON
  pattern compression: ON
  per-rate scalers: OFF
  site repeats: OFF
  branch lengths: linked (ML estimate, algorithm: NR-SAFE)
  SIMD kernels: AVX2
  parallelization: NONE/sequential

WARNING: The model you specified on the command line (GTR) will be ignored 
         since the binary MSA file already contains a model definition.
         If you want to change the model, please re-run RAxML-NG 
         with the original PHYLIP/FASTA alignment and --redo option.

[00:00:00] Loading binary alignment from file: ../BenoitDatasets/families/jsim_s27_f100_sites1000_d2.0_l1.0_seed6/pargenes/parse_run/results/85_fasta/85_fasta.raxml.rba
[00:00:00] Alignment comprises 27 taxa, 1 partitions and 1000 patterns

Partition 0: noname
Model: GTR+FO
Alignment sites / patterns: 1000 / 1000
Gaps: 0.00 %
Invariant sites: 0.00 %


[00:00:00] Data distribution: max. partitions/sites/weight per thread: 1 / 1000 / 4000
[00:00:00] Starting bootstrapping analysis with 10 replicates.

[00:00:04] Bootstrap tree #1, logLikelihood: -27436.194187
[00:00:08] Bootstrap tree #2, logLikelihood: -27759.401247
[00:00:15] Bootstrap tree #3, logLikelihood: -27547.931940
[00:00:19] Bootstrap tree #4, logLikelihood: -27679.392399
[00:00:23] Bootstrap tree #5, logLikelihood: -27550.595400
[00:00:29] Bootstrap tree #6, logLikelihood: -27435.878174
[00:00:35] Bootstrap tree #7, logLikelihood: -27662.150435
[00:00:39] Bootstrap tree #8, logLikelihood: -27615.691289
[00:00:43] Bootstrap tree #9, logLikelihood: -27411.982700
[00:00:48] Bootstrap tree #10, logLikelihood: -27951.145425

Optimized model parameters:

   Partition 0: noname
   Rate heterogeneity: NONE
   Base frequencies (ML): 0.248646 0.247678 0.249475 0.254202 
   Substitution rates (ML): 1.076396 0.991872 1.010920 1.015721 0.974759 1.000000 
Bootstrap trees saved to: /home/morelbt/github/BenoitDatasets/families/jsim_s27_f100_sites1000_d2.0_l1.0_seed6/pargenes/mlsearch_run/bootstraps/85_fasta/85_fasta_bs9.raxml.bootstraps

Execution log saved to: /home/morelbt/github/BenoitDatasets/families/jsim_s27_f100_sites1000_d2.0_l1.0_seed6/pargenes/mlsearch_run/bootstraps/85_fasta/85_fasta_bs9.raxml.log

Analysis started: 07-Dec-2018 15:52:36 / finished: 07-Dec-2018 15:53:25

Elapsed time: 48.438 seconds

