
RAxML-NG v. 0.6.0git BETA released on 27.07.2018 by The Exelixis Lab.
Authors: Alexey Kozlov, Alexandros Stamatakis, Diego Darriba, Tomas Flouri, Benoit Morel.
Latest version: https://github.com/amkozlov/raxml-ng
Questions/problems/suggestions? Please visit: https://groups.google.com/forum/#!forum/raxml

WARNING: This is a BETA release, please use at your own risk!

RAxML-NG was called as follows:

mpi-scheduler --bootstrap --msa ../BenoitDatasets/families/jsim_s27_f100_sites1000_d2.0_l1.0_seed6/pargenes/parse_run/results/85_fasta/85_fasta.raxml.rba --blopt nr_safe --model GTR --prefix ../BenoitDatasets/families/jsim_s27_f100_sites1000_d2.0_l1.0_seed6/pargenes/mlsearch_run/bootstraps/85_fasta/85_fasta_bs0 --threads 1 --seed 1 --bs-trees 10

Analysis options:
  run mode: Bootstrapping
  start tree(s): 
  bootstrap replicates: 10
  random seed: 1
  tip-inner: ON
  pattern compression: ON
  per-rate scalers: OFF
  site repeats: OFF
  branch lengths: linked (ML estimate, algorithm: NR-SAFE)
  SIMD kernels: AVX2
  parallelization: NONE/sequential

WARNING: The model you specified on the command line (GTR) will be ignored 
         since the binary MSA file already contains a model definition.
         If you want to change the model, please re-run RAxML-NG 
         with the original PHYLIP/FASTA alignment and --redo option.

[00:00:00] Loading binary alignment from file: ../BenoitDatasets/families/jsim_s27_f100_sites1000_d2.0_l1.0_seed6/pargenes/parse_run/results/85_fasta/85_fasta.raxml.rba
[00:00:00] Alignment comprises 27 taxa, 1 partitions and 1000 patterns

Partition 0: noname
Model: GTR+FO
Alignment sites / patterns: 1000 / 1000
Gaps: 0.00 %
Invariant sites: 0.00 %


[00:00:00] Data distribution: max. partitions/sites/weight per thread: 1 / 1000 / 4000
[00:00:00] Starting bootstrapping analysis with 10 replicates.

[00:00:04] Bootstrap tree #1, logLikelihood: -27801.542026
[00:00:08] Bootstrap tree #2, logLikelihood: -27717.422229
[00:00:12] Bootstrap tree #3, logLikelihood: -27492.891578
[00:00:17] Bootstrap tree #4, logLikelihood: -27688.833530
[00:00:22] Bootstrap tree #5, logLikelihood: -27621.114410
[00:00:26] Bootstrap tree #6, logLikelihood: -27698.653054
[00:00:31] Bootstrap tree #7, logLikelihood: -27643.656776
[00:00:35] Bootstrap tree #8, logLikelihood: -27449.295161
[00:00:39] Bootstrap tree #9, logLikelihood: -27551.024699
[00:00:45] Bootstrap tree #10, logLikelihood: -27547.394295

Optimized model parameters:

   Partition 0: noname
   Rate heterogeneity: NONE
   Base frequencies (ML): 0.258161 0.239597 0.251269 0.250973 
   Substitution rates (ML): 1.002303 0.853452 0.895482 0.986005 0.866388 1.000000 
Bootstrap trees saved to: /home/morelbt/github/BenoitDatasets/families/jsim_s27_f100_sites1000_d2.0_l1.0_seed6/pargenes/mlsearch_run/bootstraps/85_fasta/85_fasta_bs0.raxml.bootstraps

Execution log saved to: /home/morelbt/github/BenoitDatasets/families/jsim_s27_f100_sites1000_d2.0_l1.0_seed6/pargenes/mlsearch_run/bootstraps/85_fasta/85_fasta_bs0.raxml.log

Analysis started: 07-Dec-2018 15:53:04 / finished: 07-Dec-2018 15:53:49

Elapsed time: 45.054 seconds

