
RAxML-NG v. 0.6.0git BETA released on 27.07.2018 by The Exelixis Lab.
Authors: Alexey Kozlov, Alexandros Stamatakis, Diego Darriba, Tomas Flouri, Benoit Morel.
Latest version: https://github.com/amkozlov/raxml-ng
Questions/problems/suggestions? Please visit: https://groups.google.com/forum/#!forum/raxml

WARNING: This is a BETA release, please use at your own risk!

RAxML-NG was called as follows:

mpi-scheduler --bootstrap --msa ../BenoitDatasets/families/jsim_s27_f100_sites200_d2.0_l1.0_seed6/pargenes/parse_run/results/18_fasta/18_fasta.raxml.rba --blopt nr_safe --model GTR --prefix ../BenoitDatasets/families/jsim_s27_f100_sites200_d2.0_l1.0_seed6/pargenes/mlsearch_run/bootstraps/18_fasta/18_fasta_bs6 --threads 1 --seed 7 --bs-trees 10

Analysis options:
  run mode: Bootstrapping
  start tree(s): 
  bootstrap replicates: 10
  random seed: 7
  tip-inner: ON
  pattern compression: ON
  per-rate scalers: OFF
  site repeats: OFF
  branch lengths: linked (ML estimate, algorithm: NR-SAFE)
  SIMD kernels: AVX2
  parallelization: NONE/sequential

WARNING: The model you specified on the command line (GTR) will be ignored 
         since the binary MSA file already contains a model definition.
         If you want to change the model, please re-run RAxML-NG 
         with the original PHYLIP/FASTA alignment and --redo option.

[00:00:00] Loading binary alignment from file: ../BenoitDatasets/families/jsim_s27_f100_sites200_d2.0_l1.0_seed6/pargenes/parse_run/results/18_fasta/18_fasta.raxml.rba
[00:00:00] Alignment comprises 6 taxa, 1 partitions and 164 patterns

Partition 0: noname
Model: GTR+FO
Alignment sites / patterns: 200 / 164
Gaps: 0.00 %
Invariant sites: 1.50 %


[00:00:00] Data distribution: max. partitions/sites/weight per thread: 1 / 164 / 656
[00:00:00] Starting bootstrapping analysis with 10 replicates.

[00:00:00] Bootstrap tree #1, logLikelihood: -1359.500612
[00:00:00] Bootstrap tree #2, logLikelihood: -1354.024446
[00:00:00] Bootstrap tree #3, logLikelihood: -1367.353480
[00:00:00] Bootstrap tree #4, logLikelihood: -1389.322939
[00:00:00] Bootstrap tree #5, logLikelihood: -1377.066667
[00:00:00] Bootstrap tree #6, logLikelihood: -1391.740874
[00:00:00] Bootstrap tree #7, logLikelihood: -1380.771553
[00:00:00] Bootstrap tree #8, logLikelihood: -1352.155198
[00:00:00] Bootstrap tree #9, logLikelihood: -1365.673112
[00:00:00] Bootstrap tree #10, logLikelihood: -1361.820463

Optimized model parameters:

   Partition 0: noname
   Rate heterogeneity: NONE
   Base frequencies (ML): 0.212113 0.284148 0.275892 0.227847 
   Substitution rates (ML): 0.977113 0.650348 1.157299 0.696746 1.046852 1.000000 
Bootstrap trees saved to: /home/morelbt/github/BenoitDatasets/families/jsim_s27_f100_sites200_d2.0_l1.0_seed6/pargenes/mlsearch_run/bootstraps/18_fasta/18_fasta_bs6.raxml.bootstraps

Execution log saved to: /home/morelbt/github/BenoitDatasets/families/jsim_s27_f100_sites200_d2.0_l1.0_seed6/pargenes/mlsearch_run/bootstraps/18_fasta/18_fasta_bs6.raxml.log

Analysis started: 07-Dec-2018 15:27:55 / finished: 07-Dec-2018 15:27:56

Elapsed time: 0.511 seconds

