
RAxML-NG v. 0.6.0git BETA released on 27.07.2018 by The Exelixis Lab.
Authors: Alexey Kozlov, Alexandros Stamatakis, Diego Darriba, Tomas Flouri, Benoit Morel.
Latest version: https://github.com/amkozlov/raxml-ng
Questions/problems/suggestions? Please visit: https://groups.google.com/forum/#!forum/raxml

WARNING: This is a BETA release, please use at your own risk!

RAxML-NG was called as follows:

mpi-scheduler --bootstrap --msa ../BenoitDatasets/families/jsim_s27_f100_sites200_d0.2_l0.1_seed6/pargenes/parse_run/results/81_fasta/81_fasta.raxml.rba --blopt nr_safe --model GTR --prefix ../BenoitDatasets/families/jsim_s27_f100_sites200_d0.2_l0.1_seed6/pargenes/mlsearch_run/bootstraps/81_fasta/81_fasta_bs3 --threads 1 --seed 4 --bs-trees 10

Analysis options:
  run mode: Bootstrapping
  start tree(s): 
  bootstrap replicates: 10
  random seed: 4
  tip-inner: ON
  pattern compression: ON
  per-rate scalers: OFF
  site repeats: OFF
  branch lengths: linked (ML estimate, algorithm: NR-SAFE)
  SIMD kernels: AVX2
  parallelization: NONE/sequential

WARNING: The model you specified on the command line (GTR) will be ignored 
         since the binary MSA file already contains a model definition.
         If you want to change the model, please re-run RAxML-NG 
         with the original PHYLIP/FASTA alignment and --redo option.

[00:00:00] Loading binary alignment from file: ../BenoitDatasets/families/jsim_s27_f100_sites200_d0.2_l0.1_seed6/pargenes/parse_run/results/81_fasta/81_fasta.raxml.rba
[00:00:00] Alignment comprises 14 taxa, 1 partitions and 200 patterns

Partition 0: noname
Model: GTR+FO
Alignment sites / patterns: 200 / 200
Gaps: 0.00 %
Invariant sites: 0.50 %


[00:00:00] Data distribution: max. partitions/sites/weight per thread: 1 / 200 / 800
[00:00:00] Starting bootstrapping analysis with 10 replicates.

[00:00:00] Bootstrap tree #1, logLikelihood: -3101.996999
[00:00:00] Bootstrap tree #2, logLikelihood: -3069.276085
[00:00:00] Bootstrap tree #3, logLikelihood: -3047.205478
[00:00:01] Bootstrap tree #4, logLikelihood: -3051.624734
[00:00:01] Bootstrap tree #5, logLikelihood: -3016.835728
[00:00:01] Bootstrap tree #6, logLikelihood: -2982.510169
[00:00:01] Bootstrap tree #7, logLikelihood: -3031.324458
[00:00:02] Bootstrap tree #8, logLikelihood: -3011.991726
[00:00:02] Bootstrap tree #9, logLikelihood: -3159.570067
[00:00:02] Bootstrap tree #10, logLikelihood: -3095.818481

Optimized model parameters:

   Partition 0: noname
   Rate heterogeneity: NONE
   Base frequencies (ML): 0.246431 0.258116 0.245316 0.250137 
   Substitution rates (ML): 0.682560 0.793634 0.844885 0.456801 0.961192 1.000000 
Bootstrap trees saved to: /home/morelbt/github/BenoitDatasets/families/jsim_s27_f100_sites200_d0.2_l0.1_seed6/pargenes/mlsearch_run/bootstraps/81_fasta/81_fasta_bs3.raxml.bootstraps

Execution log saved to: /home/morelbt/github/BenoitDatasets/families/jsim_s27_f100_sites200_d0.2_l0.1_seed6/pargenes/mlsearch_run/bootstraps/81_fasta/81_fasta_bs3.raxml.log

Analysis started: 07-Dec-2018 16:05:56 / finished: 07-Dec-2018 16:05:59

Elapsed time: 2.732 seconds

