
RAxML-NG v. 0.6.0git BETA released on 27.07.2018 by The Exelixis Lab.
Authors: Alexey Kozlov, Alexandros Stamatakis, Diego Darriba, Tomas Flouri, Benoit Morel.
Latest version: https://github.com/amkozlov/raxml-ng
Questions/problems/suggestions? Please visit: https://groups.google.com/forum/#!forum/raxml

WARNING: This is a BETA release, please use at your own risk!

RAxML-NG was called as follows:

mpi-scheduler --bootstrap --msa ../BenoitDatasets/families/alesim_s20_f50_sites400_d1.0_l0.5_seed42/pargenes/parse_run/results/11_prunedfasta/11_prunedfasta.raxml.rba --blopt nr_safe --model GTR --prefix ../BenoitDatasets/families/alesim_s20_f50_sites400_d1.0_l0.5_seed42/pargenes/mlsearch_run/bootstraps/11_prunedfasta/11_prunedfasta_bs0 --threads 1 --seed 1 --bs-trees 10

Analysis options:
  run mode: Bootstrapping
  start tree(s): 
  bootstrap replicates: 10
  random seed: 1
  tip-inner: ON
  pattern compression: ON
  per-rate scalers: OFF
  site repeats: OFF
  branch lengths: linked (ML estimate, algorithm: NR-SAFE)
  SIMD kernels: AVX2
  parallelization: NONE/sequential

WARNING: The model you specified on the command line (GTR) will be ignored 
         since the binary MSA file already contains a model definition.
         If you want to change the model, please re-run RAxML-NG 
         with the original PHYLIP/FASTA alignment and --redo option.

[00:00:00] Loading binary alignment from file: ../BenoitDatasets/families/alesim_s20_f50_sites400_d1.0_l0.5_seed42/pargenes/parse_run/results/11_prunedfasta/11_prunedfasta.raxml.rba
[00:00:00] Alignment comprises 36 taxa, 1 partitions and 400 patterns

Partition 0: noname
Model: GTR+FO
Alignment sites / patterns: 400 / 400
Gaps: 0.00 %
Invariant sites: 0.25 %


[00:00:00] Data distribution: max. partitions/sites/weight per thread: 1 / 400 / 1600
[00:00:00] Starting bootstrapping analysis with 10 replicates.

[00:00:01] Bootstrap tree #1, logLikelihood: -7634.904479
[00:00:04] Bootstrap tree #2, logLikelihood: -7576.137910
[00:00:06] Bootstrap tree #3, logLikelihood: -7735.760622
[00:00:08] Bootstrap tree #4, logLikelihood: -7484.795313
[00:00:09] Bootstrap tree #5, logLikelihood: -7586.821325
[00:00:11] Bootstrap tree #6, logLikelihood: -7348.152343
[00:00:13] Bootstrap tree #7, logLikelihood: -7583.888823
[00:00:15] Bootstrap tree #8, logLikelihood: -7618.618243
[00:00:17] Bootstrap tree #9, logLikelihood: -7391.769556
[00:00:19] Bootstrap tree #10, logLikelihood: -7418.724547

Optimized model parameters:

   Partition 0: noname
   Rate heterogeneity: NONE
   Base frequencies (ML): 0.274568 0.231128 0.281281 0.213023 
   Substitution rates (ML): 0.953257 0.725663 0.940129 0.903787 0.964088 1.000000 
Bootstrap trees saved to: /home/morelbt/github/BenoitDatasets/families/alesim_s20_f50_sites400_d1.0_l0.5_seed42/pargenes/mlsearch_run/bootstraps/11_prunedfasta/11_prunedfasta_bs0.raxml.bootstraps

Execution log saved to: /home/morelbt/github/BenoitDatasets/families/alesim_s20_f50_sites400_d1.0_l0.5_seed42/pargenes/mlsearch_run/bootstraps/11_prunedfasta/11_prunedfasta_bs0.raxml.log

Analysis started: 11-Dec-2018 15:34:16 / finished: 11-Dec-2018 15:34:35

Elapsed time: 19.414 seconds

