
RAxML-NG v. 0.6.0git BETA released on 27.07.2018 by The Exelixis Lab.
Authors: Alexey Kozlov, Alexandros Stamatakis, Diego Darriba, Tomas Flouri, Benoit Morel.
Latest version: https://github.com/amkozlov/raxml-ng
Questions/problems/suggestions? Please visit: https://groups.google.com/forum/#!forum/raxml

WARNING: This is a BETA release, please use at your own risk!

RAxML-NG was called as follows:

mpi-scheduler --bootstrap --msa ../BenoitDatasets/families/jsim_s27_f100_sites1000_d2.0_l1.0_seed6/pargenes/parse_run/results/60_fasta/60_fasta.raxml.rba --blopt nr_safe --model GTR --prefix ../BenoitDatasets/families/jsim_s27_f100_sites1000_d2.0_l1.0_seed6/pargenes/mlsearch_run/bootstraps/60_fasta/60_fasta_bs5 --threads 1 --seed 6 --bs-trees 10

Analysis options:
  run mode: Bootstrapping
  start tree(s): 
  bootstrap replicates: 10
  random seed: 6
  tip-inner: ON
  pattern compression: ON
  per-rate scalers: OFF
  site repeats: OFF
  branch lengths: linked (ML estimate, algorithm: NR-SAFE)
  SIMD kernels: AVX2
  parallelization: NONE/sequential

WARNING: The model you specified on the command line (GTR) will be ignored 
         since the binary MSA file already contains a model definition.
         If you want to change the model, please re-run RAxML-NG 
         with the original PHYLIP/FASTA alignment and --redo option.

[00:00:00] Loading binary alignment from file: ../BenoitDatasets/families/jsim_s27_f100_sites1000_d2.0_l1.0_seed6/pargenes/parse_run/results/60_fasta/60_fasta.raxml.rba
[00:00:00] Alignment comprises 5 taxa, 1 partitions and 233 patterns

Partition 0: noname
Model: GTR+FO
Alignment sites / patterns: 1000 / 233
Gaps: 0.00 %
Invariant sites: 0.40 %


[00:00:00] Data distribution: max. partitions/sites/weight per thread: 1 / 233 / 932
[00:00:00] Starting bootstrapping analysis with 10 replicates.

[00:00:00] Bootstrap tree #1, logLikelihood: -5071.623732
[00:00:00] Bootstrap tree #2, logLikelihood: -5108.242841
[00:00:00] Bootstrap tree #3, logLikelihood: -5096.419873
[00:00:00] Bootstrap tree #4, logLikelihood: -5055.348832
[00:00:00] Bootstrap tree #5, logLikelihood: -5094.209294
[00:00:00] Bootstrap tree #6, logLikelihood: -5025.336103
[00:00:00] Bootstrap tree #7, logLikelihood: -5080.165106
[00:00:00] Bootstrap tree #8, logLikelihood: -5078.975266
[00:00:00] Bootstrap tree #9, logLikelihood: -5114.755523
[00:00:00] Bootstrap tree #10, logLikelihood: -5148.090681

Optimized model parameters:

   Partition 0: noname
   Rate heterogeneity: NONE
   Base frequencies (ML): 0.249681 0.261047 0.253411 0.235861 
   Substitution rates (ML): 0.848492 0.978851 0.750718 1.137927 1.262378 1.000000 
Bootstrap trees saved to: /home/morelbt/github/BenoitDatasets/families/jsim_s27_f100_sites1000_d2.0_l1.0_seed6/pargenes/mlsearch_run/bootstraps/60_fasta/60_fasta_bs5.raxml.bootstraps

Execution log saved to: /home/morelbt/github/BenoitDatasets/families/jsim_s27_f100_sites1000_d2.0_l1.0_seed6/pargenes/mlsearch_run/bootstraps/60_fasta/60_fasta_bs5.raxml.log

Analysis started: 07-Dec-2018 15:56:07 / finished: 07-Dec-2018 15:56:07

Elapsed time: 0.408 seconds

