
RAxML-NG v. 0.6.0git BETA released on 27.07.2018 by The Exelixis Lab.
Authors: Alexey Kozlov, Alexandros Stamatakis, Diego Darriba, Tomas Flouri, Benoit Morel.
Latest version: https://github.com/amkozlov/raxml-ng
Questions/problems/suggestions? Please visit: https://groups.google.com/forum/#!forum/raxml

WARNING: This is a BETA release, please use at your own risk!

RAxML-NG was called as follows:

mpi-scheduler --msa ../BenoitDatasets/families/jsim_s27_f100_sites1000_d2.0_l1.0_seed6/pargenes/parse_run/results/35_fasta/35_fasta.raxml.rba --blopt nr_safe --model GTR --prefix ../BenoitDatasets/families/jsim_s27_f100_sites1000_d2.0_l1.0_seed6/pargenes/mlsearch_run/results/35_fasta/35_fasta --threads 1 --seed 1

Analysis options:
  run mode: ML tree search
  start tree(s): random (1)
  random seed: 1
  tip-inner: ON
  pattern compression: ON
  per-rate scalers: OFF
  site repeats: OFF
  fast spr radius: AUTO
  spr subtree cutoff: 1.000000
  branch lengths: linked (ML estimate, algorithm: NR-SAFE)
  SIMD kernels: AVX2
  parallelization: NONE/sequential

WARNING: The model you specified on the command line (GTR) will be ignored 
         since the binary MSA file already contains a model definition.
         If you want to change the model, please re-run RAxML-NG 
         with the original PHYLIP/FASTA alignment and --redo option.

[00:00:00] Loading binary alignment from file: ../BenoitDatasets/families/jsim_s27_f100_sites1000_d2.0_l1.0_seed6/pargenes/parse_run/results/35_fasta/35_fasta.raxml.rba
[00:00:00] Alignment comprises 11 taxa, 1 partitions and 958 patterns

Partition 0: noname
Model: GTR+FO
Alignment sites / patterns: 1000 / 958
Gaps: 0.00 %
Invariant sites: 0.30 %


[00:00:00] Generating 1 random starting tree(s) with 11 taxa
[00:00:00] Data distribution: max. partitions/sites/weight per thread: 1 / 958 / 3832

Starting ML tree search with 1 distinct starting trees

[00:00:00 -17142.241228] Initial branch length optimization
[00:00:00 -13207.784734] Model parameter optimization (eps = 10.000000)
[00:00:00 -13199.453307] AUTODETECT spr round 1 (radius: 5)
[00:00:00 -11244.587551] AUTODETECT spr round 2 (radius: 10)
[00:00:00 -11243.624775] SPR radius for FAST iterations: 10 (autodetect)
[00:00:00 -11243.624775] Model parameter optimization (eps = 3.000000)
[00:00:00 -11242.710474] FAST spr round 1 (radius: 10)
[00:00:00 -11094.573562] FAST spr round 2 (radius: 10)
[00:00:00 -11089.791062] FAST spr round 3 (radius: 10)
[00:00:00 -11089.685634] FAST spr round 4 (radius: 10)
[00:00:01 -11089.683477] Model parameter optimization (eps = 1.000000)
[00:00:01 -11089.426990] SLOW spr round 1 (radius: 5)
[00:00:01 -11089.412858] SLOW spr round 2 (radius: 10)
[00:00:01 -11089.409052] Model parameter optimization (eps = 0.100000)

[00:00:01] ML tree search #1, logLikelihood: -11089.405211


Optimized model parameters:

   Partition 0: noname
   Rate heterogeneity: NONE
   Base frequencies (ML): 0.260067 0.244972 0.254198 0.240763 
   Substitution rates (ML): 0.897217 0.790698 0.941694 0.805005 0.744303 1.000000 

Final LogLikelihood: -11089.405211

Best ML tree saved to: /home/morelbt/github/BenoitDatasets/families/jsim_s27_f100_sites1000_d2.0_l1.0_seed6/pargenes/mlsearch_run/results/35_fasta/35_fasta.raxml.bestTree
Optimized model saved to: /home/morelbt/github/BenoitDatasets/families/jsim_s27_f100_sites1000_d2.0_l1.0_seed6/pargenes/mlsearch_run/results/35_fasta/35_fasta.raxml.bestModel

Execution log saved to: /home/morelbt/github/BenoitDatasets/families/jsim_s27_f100_sites1000_d2.0_l1.0_seed6/pargenes/mlsearch_run/results/35_fasta/35_fasta.raxml.log

Analysis started: 07-Dec-2018 15:56:07 / finished: 07-Dec-2018 15:56:09

Elapsed time: 1.623 seconds

