
RAxML-NG v. 0.6.0git BETA released on 27.07.2018 by The Exelixis Lab.
Authors: Alexey Kozlov, Alexandros Stamatakis, Diego Darriba, Tomas Flouri, Benoit Morel.
Latest version: https://github.com/amkozlov/raxml-ng
Questions/problems/suggestions? Please visit: https://groups.google.com/forum/#!forum/raxml

WARNING: This is a BETA release, please use at your own risk!

RAxML-NG was called as follows:

mpi-scheduler --bootstrap --msa ../BenoitDatasets/families/alesim_s20_f50_sites200_d0.6_l0.3_seed42/pargenes/parse_run/results/8_prunedfasta/8_prunedfasta.raxml.rba --blopt nr_safe --model GTR --prefix ../BenoitDatasets/families/alesim_s20_f50_sites200_d0.6_l0.3_seed42/pargenes/mlsearch_run/bootstraps/8_prunedfasta/8_prunedfasta_bs2 --threads 1 --seed 3 --bs-trees 10

Analysis options:
  run mode: Bootstrapping
  start tree(s): 
  bootstrap replicates: 10
  random seed: 3
  tip-inner: ON
  pattern compression: ON
  per-rate scalers: OFF
  site repeats: OFF
  branch lengths: linked (ML estimate, algorithm: NR-SAFE)
  SIMD kernels: AVX2
  parallelization: NONE/sequential

WARNING: The model you specified on the command line (GTR) will be ignored 
         since the binary MSA file already contains a model definition.
         If you want to change the model, please re-run RAxML-NG 
         with the original PHYLIP/FASTA alignment and --redo option.

[00:00:00] Loading binary alignment from file: ../BenoitDatasets/families/alesim_s20_f50_sites200_d0.6_l0.3_seed42/pargenes/parse_run/results/8_prunedfasta/8_prunedfasta.raxml.rba
[00:00:00] Alignment comprises 11 taxa, 1 partitions and 88 patterns

Partition 0: noname
Model: GTR+FO
Alignment sites / patterns: 200 / 88
Gaps: 0.00 %
Invariant sites: 2.00 %


[00:00:00] Data distribution: max. partitions/sites/weight per thread: 1 / 88 / 352
[00:00:00] Starting bootstrapping analysis with 10 replicates.

[00:00:00] Bootstrap tree #1, logLikelihood: -898.277232
[00:00:00] Bootstrap tree #2, logLikelihood: -837.679844
[00:00:00] Bootstrap tree #3, logLikelihood: -889.463515
[00:00:00] Bootstrap tree #4, logLikelihood: -918.669896
[00:00:00] Bootstrap tree #5, logLikelihood: -924.599633
[00:00:00] Bootstrap tree #6, logLikelihood: -896.108297
[00:00:00] Bootstrap tree #7, logLikelihood: -850.744246
[00:00:00] Bootstrap tree #8, logLikelihood: -921.437417
[00:00:00] Bootstrap tree #9, logLikelihood: -866.671337
[00:00:00] Bootstrap tree #10, logLikelihood: -857.385441

Optimized model parameters:

   Partition 0: noname
   Rate heterogeneity: NONE
   Base frequencies (ML): 0.254706 0.263645 0.272298 0.209351 
   Substitution rates (ML): 0.498584 0.657812 1.493434 0.898100 1.494703 1.000000 
Bootstrap trees saved to: /home/morelbt/github/BenoitDatasets/families/alesim_s20_f50_sites200_d0.6_l0.3_seed42/pargenes/mlsearch_run/bootstraps/8_prunedfasta/8_prunedfasta_bs2.raxml.bootstraps

Execution log saved to: /home/morelbt/github/BenoitDatasets/families/alesim_s20_f50_sites200_d0.6_l0.3_seed42/pargenes/mlsearch_run/bootstraps/8_prunedfasta/8_prunedfasta_bs2.raxml.log

Analysis started: 11-Dec-2018 15:13:58 / finished: 11-Dec-2018 15:13:59

Elapsed time: 0.568 seconds

