
RAxML-NG v. 0.6.0git BETA released on 27.07.2018 by The Exelixis Lab.
Authors: Alexey Kozlov, Alexandros Stamatakis, Diego Darriba, Tomas Flouri, Benoit Morel.
Latest version: https://github.com/amkozlov/raxml-ng
Questions/problems/suggestions? Please visit: https://groups.google.com/forum/#!forum/raxml

WARNING: This is a BETA release, please use at your own risk!

RAxML-NG was called as follows:

mpi-scheduler --bootstrap --msa ../BenoitDatasets/families/alesim_s20_f50_sites400_d1.0_l0.5_t0.5_seed42/pargenes/parse_run/results/2_pruned_fasta/2_pruned_fasta.raxml.rba --blopt nr_safe --model GTR --prefix ../BenoitDatasets/families/alesim_s20_f50_sites400_d1.0_l0.5_t0.5_seed42/pargenes/mlsearch_run/bootstraps/2_pruned_fasta/2_pruned_fasta_bs3 --threads 1 --seed 4 --bs-trees 10

Analysis options:
  run mode: Bootstrapping
  start tree(s): 
  bootstrap replicates: 10
  random seed: 4
  tip-inner: ON
  pattern compression: ON
  per-rate scalers: OFF
  site repeats: OFF
  branch lengths: linked (ML estimate, algorithm: NR-SAFE)
  SIMD kernels: AVX2
  parallelization: NONE/sequential

WARNING: The model you specified on the command line (GTR) will be ignored 
         since the binary MSA file already contains a model definition.
         If you want to change the model, please re-run RAxML-NG 
         with the original PHYLIP/FASTA alignment and --redo option.

[00:00:00] Loading binary alignment from file: ../BenoitDatasets/families/alesim_s20_f50_sites400_d1.0_l0.5_t0.5_seed42/pargenes/parse_run/results/2_pruned_fasta/2_pruned_fasta.raxml.rba
[00:00:00] Alignment comprises 23 taxa, 1 partitions and 392 patterns

Partition 0: noname
Model: GTR+FO
Alignment sites / patterns: 400 / 392
Gaps: 0.00 %
Invariant sites: 0.50 %


[00:00:00] Data distribution: max. partitions/sites/weight per thread: 1 / 392 / 1568
[00:00:00] Starting bootstrapping analysis with 10 replicates.

[00:00:01] Bootstrap tree #1, logLikelihood: -5338.127590
[00:00:02] Bootstrap tree #2, logLikelihood: -5374.589858
[00:00:03] Bootstrap tree #3, logLikelihood: -5399.927286
[00:00:04] Bootstrap tree #4, logLikelihood: -5414.705489
[00:00:05] Bootstrap tree #5, logLikelihood: -5464.562485
[00:00:06] Bootstrap tree #6, logLikelihood: -5364.062819
[00:00:07] Bootstrap tree #7, logLikelihood: -5425.469102
[00:00:08] Bootstrap tree #8, logLikelihood: -5412.093214
[00:00:09] Bootstrap tree #9, logLikelihood: -5371.473410
[00:00:10] Bootstrap tree #10, logLikelihood: -5419.327697

Optimized model parameters:

   Partition 0: noname
   Rate heterogeneity: NONE
   Base frequencies (ML): 0.263729 0.247589 0.225052 0.263630 
   Substitution rates (ML): 0.899680 1.029598 0.833876 1.220903 0.927650 1.000000 
Bootstrap trees saved to: /home/morelbt/github/BenoitDatasets/families/alesim_s20_f50_sites400_d1.0_l0.5_t0.5_seed42/pargenes/mlsearch_run/bootstraps/2_pruned_fasta/2_pruned_fasta_bs3.raxml.bootstraps

Execution log saved to: /home/morelbt/github/BenoitDatasets/families/alesim_s20_f50_sites400_d1.0_l0.5_t0.5_seed42/pargenes/mlsearch_run/bootstraps/2_pruned_fasta/2_pruned_fasta_bs3.raxml.log

Analysis started: 22-Jan-2019 14:46:36 / finished: 22-Jan-2019 14:46:46

Elapsed time: 10.078 seconds

