
RAxML-NG v. 0.6.0git BETA released on 27.07.2018 by The Exelixis Lab.
Authors: Alexey Kozlov, Alexandros Stamatakis, Diego Darriba, Tomas Flouri, Benoit Morel.
Latest version: https://github.com/amkozlov/raxml-ng
Questions/problems/suggestions? Please visit: https://groups.google.com/forum/#!forum/raxml

WARNING: This is a BETA release, please use at your own risk!

RAxML-NG was called as follows:

mpi-scheduler --bootstrap --msa ../BenoitDatasets/families/jsim_s8_f100_sites300_d2.0_l1.0/pargenes/parse_run/results/60_fasta/60_fasta.raxml.rba --blopt nr_safe --model GTR --prefix ../BenoitDatasets/families/jsim_s8_f100_sites300_d2.0_l1.0/pargenes/mlsearch_run/bootstraps/60_fasta/60_fasta_bs7 --threads 1 --seed 8 --bs-trees 10

Analysis options:
  run mode: Bootstrapping
  start tree(s): 
  bootstrap replicates: 10
  random seed: 8
  tip-inner: ON
  pattern compression: ON
  per-rate scalers: OFF
  site repeats: OFF
  branch lengths: linked (ML estimate, algorithm: NR-SAFE)
  SIMD kernels: AVX2
  parallelization: NONE/sequential

WARNING: The model you specified on the command line (GTR) will be ignored 
         since the binary MSA file already contains a model definition.
         If you want to change the model, please re-run RAxML-NG 
         with the original PHYLIP/FASTA alignment and --redo option.

[00:00:00] Loading binary alignment from file: ../BenoitDatasets/families/jsim_s8_f100_sites300_d2.0_l1.0/pargenes/parse_run/results/60_fasta/60_fasta.raxml.rba
[00:00:00] Alignment comprises 9 taxa, 1 partitions and 299 patterns

Partition 0: noname
Model: GTR+FO
Alignment sites / patterns: 300 / 299
Gaps: 0.00 %
Invariant sites: 0.33 %


[00:00:00] Data distribution: max. partitions/sites/weight per thread: 1 / 299 / 1196
[00:00:00] Starting bootstrapping analysis with 10 replicates.

[00:00:00] Bootstrap tree #1, logLikelihood: -3273.468521
[00:00:00] Bootstrap tree #2, logLikelihood: -3242.155120
[00:00:00] Bootstrap tree #3, logLikelihood: -3241.099614
[00:00:00] Bootstrap tree #4, logLikelihood: -3255.618885
[00:00:00] Bootstrap tree #5, logLikelihood: -3225.968700
[00:00:00] Bootstrap tree #6, logLikelihood: -3301.844756
[00:00:01] Bootstrap tree #7, logLikelihood: -3213.496827
[00:00:01] Bootstrap tree #8, logLikelihood: -3334.636110
[00:00:01] Bootstrap tree #9, logLikelihood: -3239.768102
[00:00:01] Bootstrap tree #10, logLikelihood: -3249.837672

Optimized model parameters:

   Partition 0: noname
   Rate heterogeneity: NONE
   Base frequencies (ML): 0.273356 0.221844 0.272214 0.232586 
   Substitution rates (ML): 0.607350 0.419164 0.567210 0.595457 0.840342 1.000000 
Bootstrap trees saved to: /home/morelbt/github/BenoitDatasets/families/jsim_s8_f100_sites300_d2.0_l1.0/pargenes/mlsearch_run/bootstraps/60_fasta/60_fasta_bs7.raxml.bootstraps

Execution log saved to: /home/morelbt/github/BenoitDatasets/families/jsim_s8_f100_sites300_d2.0_l1.0/pargenes/mlsearch_run/bootstraps/60_fasta/60_fasta_bs7.raxml.log

Analysis started: 05-Dec-2018 13:32:53 / finished: 05-Dec-2018 13:32:54

Elapsed time: 1.663 seconds

