
RAxML-NG v. 0.6.0git BETA released on 27.07.2018 by The Exelixis Lab.
Authors: Alexey Kozlov, Alexandros Stamatakis, Diego Darriba, Tomas Flouri, Benoit Morel.
Latest version: https://github.com/amkozlov/raxml-ng
Questions/problems/suggestions? Please visit: https://groups.google.com/forum/#!forum/raxml

WARNING: This is a BETA release, please use at your own risk!

RAxML-NG was called as follows:

mpi-scheduler --msa ../BenoitDatasets/families/jsim_s8_f100_sites300_d2.0_l1.0/pargenes/parse_run/results/14_fasta/14_fasta.raxml.rba --blopt nr_safe --model GTR --prefix ../BenoitDatasets/families/jsim_s8_f100_sites300_d2.0_l1.0/pargenes/mlsearch_run/results/14_fasta/14_fasta --threads 1 --seed 1

Analysis options:
  run mode: ML tree search
  start tree(s): random (1)
  random seed: 1
  tip-inner: ON
  pattern compression: ON
  per-rate scalers: OFF
  site repeats: OFF
  fast spr radius: AUTO
  spr subtree cutoff: 1.000000
  branch lengths: linked (ML estimate, algorithm: NR-SAFE)
  SIMD kernels: AVX2
  parallelization: NONE/sequential

WARNING: The model you specified on the command line (GTR) will be ignored 
         since the binary MSA file already contains a model definition.
         If you want to change the model, please re-run RAxML-NG 
         with the original PHYLIP/FASTA alignment and --redo option.

[00:00:00] Loading binary alignment from file: ../BenoitDatasets/families/jsim_s8_f100_sites300_d2.0_l1.0/pargenes/parse_run/results/14_fasta/14_fasta.raxml.rba
[00:00:00] Alignment comprises 6 taxa, 1 partitions and 281 patterns

Partition 0: noname
Model: GTR+FO
Alignment sites / patterns: 300 / 281
Gaps: 0.00 %
Invariant sites: 1.00 %


[00:00:00] Generating 1 random starting tree(s) with 6 taxa
[00:00:00] Data distribution: max. partitions/sites/weight per thread: 1 / 281 / 1124

Starting ML tree search with 1 distinct starting trees

[00:00:00 -3099.257881] Initial branch length optimization
[00:00:00 -2441.774822] Model parameter optimization (eps = 10.000000)
[00:00:00 -2440.400429] AUTODETECT spr round 1 (radius: 5)
[00:00:00 -2437.720014] SPR radius for FAST iterations: 5 (autodetect)
[00:00:00 -2437.720014] Model parameter optimization (eps = 3.000000)
[00:00:00 -2437.274577] FAST spr round 1 (radius: 5)
[00:00:00 -2436.652413] FAST spr round 2 (radius: 5)
[00:00:00 -2436.645821] Model parameter optimization (eps = 1.000000)
[00:00:00 -2436.540415] SLOW spr round 1 (radius: 5)
[00:00:00 -2436.534431] Model parameter optimization (eps = 0.100000)

[00:00:00] ML tree search #1, logLikelihood: -2436.529407


Optimized model parameters:

   Partition 0: noname
   Rate heterogeneity: NONE
   Base frequencies (ML): 0.244732 0.256096 0.245292 0.253880 
   Substitution rates (ML): 0.775860 0.877968 1.161034 1.166979 1.009536 1.000000 

Final LogLikelihood: -2436.529407

Best ML tree saved to: /home/morelbt/github/BenoitDatasets/families/jsim_s8_f100_sites300_d2.0_l1.0/pargenes/mlsearch_run/results/14_fasta/14_fasta.raxml.bestTree
Optimized model saved to: /home/morelbt/github/BenoitDatasets/families/jsim_s8_f100_sites300_d2.0_l1.0/pargenes/mlsearch_run/results/14_fasta/14_fasta.raxml.bestModel

Execution log saved to: /home/morelbt/github/BenoitDatasets/families/jsim_s8_f100_sites300_d2.0_l1.0/pargenes/mlsearch_run/results/14_fasta/14_fasta.raxml.log

Analysis started: 05-Dec-2018 13:33:01 / finished: 05-Dec-2018 13:33:01

Elapsed time: 0.084 seconds

