
RAxML-NG v. 0.6.0git BETA released on 27.07.2018 by The Exelixis Lab.
Authors: Alexey Kozlov, Alexandros Stamatakis, Diego Darriba, Tomas Flouri, Benoit Morel.
Latest version: https://github.com/amkozlov/raxml-ng
Questions/problems/suggestions? Please visit: https://groups.google.com/forum/#!forum/raxml

WARNING: This is a BETA release, please use at your own risk!

RAxML-NG was called as follows:

mpi-scheduler --bootstrap --msa ../BenoitDatasets/families/jsim_s27_f100_sites1000_d2.0_l1.0_seed6/pargenes/parse_run/results/88_fasta/88_fasta.raxml.rba --blopt nr_safe --model GTR --prefix ../BenoitDatasets/families/jsim_s27_f100_sites1000_d2.0_l1.0_seed6/pargenes/mlsearch_run/bootstraps/88_fasta/88_fasta_bs8 --threads 1 --seed 9 --bs-trees 10

Analysis options:
  run mode: Bootstrapping
  start tree(s): 
  bootstrap replicates: 10
  random seed: 9
  tip-inner: ON
  pattern compression: ON
  per-rate scalers: OFF
  site repeats: OFF
  branch lengths: linked (ML estimate, algorithm: NR-SAFE)
  SIMD kernels: AVX2
  parallelization: NONE/sequential

WARNING: The model you specified on the command line (GTR) will be ignored 
         since the binary MSA file already contains a model definition.
         If you want to change the model, please re-run RAxML-NG 
         with the original PHYLIP/FASTA alignment and --redo option.

[00:00:00] Loading binary alignment from file: ../BenoitDatasets/families/jsim_s27_f100_sites1000_d2.0_l1.0_seed6/pargenes/parse_run/results/88_fasta/88_fasta.raxml.rba
[00:00:00] Alignment comprises 41 taxa, 1 partitions and 1000 patterns

Partition 0: noname
Model: GTR+FO
Alignment sites / patterns: 1000 / 1000
Gaps: 0.00 %
Invariant sites: 0.00 %


[00:00:00] Data distribution: max. partitions/sites/weight per thread: 1 / 1000 / 4000
[00:00:00] Starting bootstrapping analysis with 10 replicates.

[00:00:10] Bootstrap tree #1, logLikelihood: -37442.319868
[00:00:18] Bootstrap tree #2, logLikelihood: -37813.170372
[00:00:26] Bootstrap tree #3, logLikelihood: -37456.464804
[00:00:35] Bootstrap tree #4, logLikelihood: -37636.765308
[00:00:42] Bootstrap tree #5, logLikelihood: -37844.509492
[00:00:50] Bootstrap tree #6, logLikelihood: -37567.408143
[00:00:59] Bootstrap tree #7, logLikelihood: -37776.332007
[00:01:09] Bootstrap tree #8, logLikelihood: -37837.396987
[00:01:15] Bootstrap tree #9, logLikelihood: -37734.832095
[00:01:23] Bootstrap tree #10, logLikelihood: -37823.962519

Optimized model parameters:

   Partition 0: noname
   Rate heterogeneity: NONE
   Base frequencies (ML): 0.258497 0.250650 0.256573 0.234280 
   Substitution rates (ML): 1.003324 0.880817 0.958712 0.931293 0.963169 1.000000 
Bootstrap trees saved to: /home/morelbt/github/BenoitDatasets/families/jsim_s27_f100_sites1000_d2.0_l1.0_seed6/pargenes/mlsearch_run/bootstraps/88_fasta/88_fasta_bs8.raxml.bootstraps

Execution log saved to: /home/morelbt/github/BenoitDatasets/families/jsim_s27_f100_sites1000_d2.0_l1.0_seed6/pargenes/mlsearch_run/bootstraps/88_fasta/88_fasta_bs8.raxml.log

Analysis started: 07-Dec-2018 15:48:24 / finished: 07-Dec-2018 15:49:47

Elapsed time: 83.529 seconds

