
RAxML-NG v. 0.6.0git BETA released on 27.07.2018 by The Exelixis Lab.
Authors: Alexey Kozlov, Alexandros Stamatakis, Diego Darriba, Tomas Flouri, Benoit Morel.
Latest version: https://github.com/amkozlov/raxml-ng
Questions/problems/suggestions? Please visit: https://groups.google.com/forum/#!forum/raxml

WARNING: This is a BETA release, please use at your own risk!

RAxML-NG was called as follows:

mpi-scheduler --bootstrap --msa ../BenoitDatasets/families/jsim_s27_f100_sites1000_d2.0_l1.0_seed6/pargenes/parse_run/results/88_fasta/88_fasta.raxml.rba --blopt nr_safe --model GTR --prefix ../BenoitDatasets/families/jsim_s27_f100_sites1000_d2.0_l1.0_seed6/pargenes/mlsearch_run/bootstraps/88_fasta/88_fasta_bs2 --threads 1 --seed 3 --bs-trees 10

Analysis options:
  run mode: Bootstrapping
  start tree(s): 
  bootstrap replicates: 10
  random seed: 3
  tip-inner: ON
  pattern compression: ON
  per-rate scalers: OFF
  site repeats: OFF
  branch lengths: linked (ML estimate, algorithm: NR-SAFE)
  SIMD kernels: AVX2
  parallelization: NONE/sequential

WARNING: The model you specified on the command line (GTR) will be ignored 
         since the binary MSA file already contains a model definition.
         If you want to change the model, please re-run RAxML-NG 
         with the original PHYLIP/FASTA alignment and --redo option.

[00:00:00] Loading binary alignment from file: ../BenoitDatasets/families/jsim_s27_f100_sites1000_d2.0_l1.0_seed6/pargenes/parse_run/results/88_fasta/88_fasta.raxml.rba
[00:00:00] Alignment comprises 41 taxa, 1 partitions and 1000 patterns

Partition 0: noname
Model: GTR+FO
Alignment sites / patterns: 1000 / 1000
Gaps: 0.00 %
Invariant sites: 0.00 %


[00:00:00] Data distribution: max. partitions/sites/weight per thread: 1 / 1000 / 4000
[00:00:00] Starting bootstrapping analysis with 10 replicates.

[00:00:09] Bootstrap tree #1, logLikelihood: -37480.840535
[00:00:17] Bootstrap tree #2, logLikelihood: -38012.760443
[00:00:24] Bootstrap tree #3, logLikelihood: -37846.763321
[00:00:31] Bootstrap tree #4, logLikelihood: -37671.028900
[00:00:37] Bootstrap tree #5, logLikelihood: -37595.412279
[00:00:44] Bootstrap tree #6, logLikelihood: -37416.386089
[00:00:51] Bootstrap tree #7, logLikelihood: -37635.200050
[00:00:58] Bootstrap tree #8, logLikelihood: -37782.958786
[00:01:04] Bootstrap tree #9, logLikelihood: -37888.937487
[00:01:10] Bootstrap tree #10, logLikelihood: -37393.890844

Optimized model parameters:

   Partition 0: noname
   Rate heterogeneity: NONE
   Base frequencies (ML): 0.259879 0.244993 0.259386 0.235742 
   Substitution rates (ML): 0.941192 0.880929 0.980556 0.931377 0.954715 1.000000 
Bootstrap trees saved to: /home/morelbt/github/BenoitDatasets/families/jsim_s27_f100_sites1000_d2.0_l1.0_seed6/pargenes/mlsearch_run/bootstraps/88_fasta/88_fasta_bs2.raxml.bootstraps

Execution log saved to: /home/morelbt/github/BenoitDatasets/families/jsim_s27_f100_sites1000_d2.0_l1.0_seed6/pargenes/mlsearch_run/bootstraps/88_fasta/88_fasta_bs2.raxml.log

Analysis started: 07-Dec-2018 15:47:51 / finished: 07-Dec-2018 15:49:01

Elapsed time: 70.844 seconds

