
RAxML-NG v. 0.6.0git BETA released on 27.07.2018 by The Exelixis Lab.
Authors: Alexey Kozlov, Alexandros Stamatakis, Diego Darriba, Tomas Flouri, Benoit Morel.
Latest version: https://github.com/amkozlov/raxml-ng
Questions/problems/suggestions? Please visit: https://groups.google.com/forum/#!forum/raxml

WARNING: This is a BETA release, please use at your own risk!

RAxML-NG was called as follows:

mpi-scheduler --bootstrap --msa ../BenoitDatasets/families/alesim_s30_f50_sites200_d2.0_l1.0_seed42/pargenes/parse_run/results/17_prunedfasta/17_prunedfasta.raxml.rba --blopt nr_safe --model GTR --prefix ../BenoitDatasets/families/alesim_s30_f50_sites200_d2.0_l1.0_seed42/pargenes/mlsearch_run/bootstraps/17_prunedfasta/17_prunedfasta_bs7 --threads 1 --seed 8 --bs-trees 10

Analysis options:
  run mode: Bootstrapping
  start tree(s): 
  bootstrap replicates: 10
  random seed: 8
  tip-inner: ON
  pattern compression: ON
  per-rate scalers: OFF
  site repeats: OFF
  branch lengths: linked (ML estimate, algorithm: NR-SAFE)
  SIMD kernels: AVX2
  parallelization: NONE/sequential

WARNING: The model you specified on the command line (GTR) will be ignored 
         since the binary MSA file already contains a model definition.
         If you want to change the model, please re-run RAxML-NG 
         with the original PHYLIP/FASTA alignment and --redo option.

[00:00:00] Loading binary alignment from file: ../BenoitDatasets/families/alesim_s30_f50_sites200_d2.0_l1.0_seed42/pargenes/parse_run/results/17_prunedfasta/17_prunedfasta.raxml.rba
[00:00:00] Alignment comprises 136 taxa, 1 partitions and 200 patterns

Partition 0: noname
Model: GTR+FO
Alignment sites / patterns: 200 / 200
Gaps: 0.00 %
Invariant sites: 0.00 %


[00:00:00] Data distribution: max. partitions/sites/weight per thread: 1 / 200 / 800
[00:00:00] Starting bootstrapping analysis with 10 replicates.

[00:00:06] Bootstrap tree #1, logLikelihood: -9319.783818
[00:00:13] Bootstrap tree #2, logLikelihood: -9274.429673
[00:00:20] Bootstrap tree #3, logLikelihood: -9251.675566
[00:00:27] Bootstrap tree #4, logLikelihood: -9245.875587
[00:00:34] Bootstrap tree #5, logLikelihood: -9024.419678
[00:00:41] Bootstrap tree #6, logLikelihood: -9313.239293
[00:00:48] Bootstrap tree #7, logLikelihood: -9199.947964
[00:00:55] Bootstrap tree #8, logLikelihood: -9076.406302
[00:01:02] Bootstrap tree #9, logLikelihood: -9365.103695
[00:01:10] Bootstrap tree #10, logLikelihood: -9518.713716

Optimized model parameters:

   Partition 0: noname
   Rate heterogeneity: NONE
   Base frequencies (ML): 0.251364 0.249450 0.232216 0.266971 
   Substitution rates (ML): 0.950421 0.976407 1.044187 1.173742 1.099020 1.000000 
Bootstrap trees saved to: /home/morelbt/github/BenoitDatasets/families/alesim_s30_f50_sites200_d2.0_l1.0_seed42/pargenes/mlsearch_run/bootstraps/17_prunedfasta/17_prunedfasta_bs7.raxml.bootstraps

Execution log saved to: /home/morelbt/github/BenoitDatasets/families/alesim_s30_f50_sites200_d2.0_l1.0_seed42/pargenes/mlsearch_run/bootstraps/17_prunedfasta/17_prunedfasta_bs7.raxml.log

Analysis started: 11-Dec-2018 20:54:46 / finished: 11-Dec-2018 20:55:56

Elapsed time: 70.007 seconds

