
RAxML-NG v. 0.6.0git BETA released on 27.07.2018 by The Exelixis Lab.
Authors: Alexey Kozlov, Alexandros Stamatakis, Diego Darriba, Tomas Flouri, Benoit Morel.
Latest version: https://github.com/amkozlov/raxml-ng
Questions/problems/suggestions? Please visit: https://groups.google.com/forum/#!forum/raxml

WARNING: This is a BETA release, please use at your own risk!

RAxML-NG was called as follows:

mpi-scheduler --bootstrap --msa ../BenoitDatasets/families/alesim_s30_f50_sites200_d2.0_l1.0_seed42/pargenes/parse_run/results/17_prunedfasta/17_prunedfasta.raxml.rba --blopt nr_safe --model GTR --prefix ../BenoitDatasets/families/alesim_s30_f50_sites200_d2.0_l1.0_seed42/pargenes/mlsearch_run/bootstraps/17_prunedfasta/17_prunedfasta_bs9 --threads 1 --seed 10 --bs-trees 10

Analysis options:
  run mode: Bootstrapping
  start tree(s): 
  bootstrap replicates: 10
  random seed: 10
  tip-inner: ON
  pattern compression: ON
  per-rate scalers: OFF
  site repeats: OFF
  branch lengths: linked (ML estimate, algorithm: NR-SAFE)
  SIMD kernels: AVX2
  parallelization: NONE/sequential

WARNING: The model you specified on the command line (GTR) will be ignored 
         since the binary MSA file already contains a model definition.
         If you want to change the model, please re-run RAxML-NG 
         with the original PHYLIP/FASTA alignment and --redo option.

[00:00:00] Loading binary alignment from file: ../BenoitDatasets/families/alesim_s30_f50_sites200_d2.0_l1.0_seed42/pargenes/parse_run/results/17_prunedfasta/17_prunedfasta.raxml.rba
[00:00:00] Alignment comprises 136 taxa, 1 partitions and 200 patterns

Partition 0: noname
Model: GTR+FO
Alignment sites / patterns: 200 / 200
Gaps: 0.00 %
Invariant sites: 0.00 %


[00:00:00] Data distribution: max. partitions/sites/weight per thread: 1 / 200 / 800
[00:00:00] Starting bootstrapping analysis with 10 replicates.

[00:00:07] Bootstrap tree #1, logLikelihood: -9267.650474
[00:00:14] Bootstrap tree #2, logLikelihood: -9208.933100
[00:00:21] Bootstrap tree #3, logLikelihood: -9219.110702
[00:00:28] Bootstrap tree #4, logLikelihood: -9259.686279
[00:00:35] Bootstrap tree #5, logLikelihood: -9209.800798
[00:00:43] Bootstrap tree #6, logLikelihood: -9387.307163
[00:00:49] Bootstrap tree #7, logLikelihood: -9302.156691
[00:00:56] Bootstrap tree #8, logLikelihood: -9424.890596
[00:01:02] Bootstrap tree #9, logLikelihood: -9411.676712
[00:01:09] Bootstrap tree #10, logLikelihood: -9359.341552

Optimized model parameters:

   Partition 0: noname
   Rate heterogeneity: NONE
   Base frequencies (ML): 0.241305 0.245099 0.231576 0.282020 
   Substitution rates (ML): 1.032224 1.095678 1.206669 1.239989 1.010789 1.000000 
Bootstrap trees saved to: /home/morelbt/github/BenoitDatasets/families/alesim_s30_f50_sites200_d2.0_l1.0_seed42/pargenes/mlsearch_run/bootstraps/17_prunedfasta/17_prunedfasta_bs9.raxml.bootstraps

Execution log saved to: /home/morelbt/github/BenoitDatasets/families/alesim_s30_f50_sites200_d2.0_l1.0_seed42/pargenes/mlsearch_run/bootstraps/17_prunedfasta/17_prunedfasta_bs9.raxml.log

Analysis started: 11-Dec-2018 20:54:17 / finished: 11-Dec-2018 20:55:26

Elapsed time: 69.496 seconds

