
RAxML-NG v. 0.6.0git BETA released on 27.07.2018 by The Exelixis Lab.
Authors: Alexey Kozlov, Alexandros Stamatakis, Diego Darriba, Tomas Flouri, Benoit Morel.
Latest version: https://github.com/amkozlov/raxml-ng
Questions/problems/suggestions? Please visit: https://groups.google.com/forum/#!forum/raxml

WARNING: This is a BETA release, please use at your own risk!

RAxML-NG was called as follows:

mpi-scheduler --bootstrap --msa ../BenoitDatasets/families/jsim_s8_f100_sites300_d2.0_l1.0/pargenes/parse_run/results/20_fasta/20_fasta.raxml.rba --blopt nr_safe --model GTR --prefix ../BenoitDatasets/families/jsim_s8_f100_sites300_d2.0_l1.0/pargenes/mlsearch_run/bootstraps/20_fasta/20_fasta_bs6 --threads 1 --seed 7 --bs-trees 10

Analysis options:
  run mode: Bootstrapping
  start tree(s): 
  bootstrap replicates: 10
  random seed: 7
  tip-inner: ON
  pattern compression: ON
  per-rate scalers: OFF
  site repeats: OFF
  branch lengths: linked (ML estimate, algorithm: NR-SAFE)
  SIMD kernels: AVX2
  parallelization: NONE/sequential

WARNING: The model you specified on the command line (GTR) will be ignored 
         since the binary MSA file already contains a model definition.
         If you want to change the model, please re-run RAxML-NG 
         with the original PHYLIP/FASTA alignment and --redo option.

[00:00:00] Loading binary alignment from file: ../BenoitDatasets/families/jsim_s8_f100_sites300_d2.0_l1.0/pargenes/parse_run/results/20_fasta/20_fasta.raxml.rba
[00:00:00] Alignment comprises 4 taxa, 1 partitions and 102 patterns

Partition 0: noname
Model: GTR+FO
Alignment sites / patterns: 300 / 102
Gaps: 0.00 %
Invariant sites: 1.33 %


[00:00:00] Data distribution: max. partitions/sites/weight per thread: 1 / 102 / 408
[00:00:00] Starting bootstrapping analysis with 10 replicates.

[00:00:00] Bootstrap tree #1, logLikelihood: -1358.287779
[00:00:00] Bootstrap tree #2, logLikelihood: -1406.710664
[00:00:00] Bootstrap tree #3, logLikelihood: -1405.773391
[00:00:00] Bootstrap tree #4, logLikelihood: -1403.786112
[00:00:00] Bootstrap tree #5, logLikelihood: -1364.318413
[00:00:00] Bootstrap tree #6, logLikelihood: -1379.702348
[00:00:00] Bootstrap tree #7, logLikelihood: -1374.663610
[00:00:00] Bootstrap tree #8, logLikelihood: -1352.495256
[00:00:00] Bootstrap tree #9, logLikelihood: -1384.353572
[00:00:00] Bootstrap tree #10, logLikelihood: -1383.209546

Optimized model parameters:

   Partition 0: noname
   Rate heterogeneity: NONE
   Base frequencies (ML): 0.230522 0.253638 0.251688 0.264151 
   Substitution rates (ML): 0.707582 0.662439 0.945074 1.306355 1.112019 1.000000 
Bootstrap trees saved to: /home/morelbt/github/BenoitDatasets/families/jsim_s8_f100_sites300_d2.0_l1.0/pargenes/mlsearch_run/bootstraps/20_fasta/20_fasta_bs6.raxml.bootstraps

Execution log saved to: /home/morelbt/github/BenoitDatasets/families/jsim_s8_f100_sites300_d2.0_l1.0/pargenes/mlsearch_run/bootstraps/20_fasta/20_fasta_bs6.raxml.log

Analysis started: 05-Dec-2018 13:33:01 / finished: 05-Dec-2018 13:33:01

Elapsed time: 0.117 seconds

