
RAxML-NG v. 0.6.0git BETA released on 27.07.2018 by The Exelixis Lab.
Authors: Alexey Kozlov, Alexandros Stamatakis, Diego Darriba, Tomas Flouri, Benoit Morel.
Latest version: https://github.com/amkozlov/raxml-ng
Questions/problems/suggestions? Please visit: https://groups.google.com/forum/#!forum/raxml

WARNING: This is a BETA release, please use at your own risk!

RAxML-NG was called as follows:

mpi-scheduler --msa ../BenoitDatasets/families/jsim_s8_f100_sites300_d2.0_l1.0_t0.5_seed6/pargenes/parse_run/results/61_pruned_fasta/61_pruned_fasta.raxml.rba --blopt nr_safe --model GTR --prefix ../BenoitDatasets/families/jsim_s8_f100_sites300_d2.0_l1.0_t0.5_seed6/pargenes/mlsearch_run/results/61_pruned_fasta/61_pruned_fasta --threads 1 --seed 1

Analysis options:
  run mode: ML tree search
  start tree(s): random (1)
  random seed: 1
  tip-inner: ON
  pattern compression: ON
  per-rate scalers: OFF
  site repeats: OFF
  fast spr radius: AUTO
  spr subtree cutoff: 1.000000
  branch lengths: linked (ML estimate, algorithm: NR-SAFE)
  SIMD kernels: AVX2
  parallelization: NONE/sequential

WARNING: The model you specified on the command line (GTR) will be ignored 
         since the binary MSA file already contains a model definition.
         If you want to change the model, please re-run RAxML-NG 
         with the original PHYLIP/FASTA alignment and --redo option.

[00:00:00] Loading binary alignment from file: ../BenoitDatasets/families/jsim_s8_f100_sites300_d2.0_l1.0_t0.5_seed6/pargenes/parse_run/results/61_pruned_fasta/61_pruned_fasta.raxml.rba
[00:00:00] Alignment comprises 42 taxa, 1 partitions and 300 patterns

Partition 0: noname
Model: GTR+FO
Alignment sites / patterns: 300 / 300
Gaps: 0.00 %
Invariant sites: 0.00 %


[00:00:00] Generating 1 random starting tree(s) with 42 taxa
[00:00:00] Data distribution: max. partitions/sites/weight per thread: 1 / 300 / 1200

Starting ML tree search with 1 distinct starting trees

[00:00:00 -18365.109065] Initial branch length optimization
[00:00:00 -14547.061490] Model parameter optimization (eps = 10.000000)
[00:00:00 -14534.654836] AUTODETECT spr round 1 (radius: 5)
[00:00:00 -11087.206884] AUTODETECT spr round 2 (radius: 10)
[00:00:00 -10086.185931] AUTODETECT spr round 3 (radius: 15)
[00:00:00 -10086.166152] SPR radius for FAST iterations: 10 (autodetect)
[00:00:00 -10086.166152] Model parameter optimization (eps = 3.000000)
[00:00:00 -10085.050772] FAST spr round 1 (radius: 10)
[00:00:00 -9934.709815] FAST spr round 2 (radius: 10)
[00:00:00 -9930.191899] FAST spr round 3 (radius: 10)
[00:00:00 -9929.784093] FAST spr round 4 (radius: 10)
[00:00:01 -9929.667156] FAST spr round 5 (radius: 10)
[00:00:01 -9929.663371] Model parameter optimization (eps = 1.000000)
[00:00:01 -9928.855542] SLOW spr round 1 (radius: 5)
[00:00:02 -9928.850484] SLOW spr round 2 (radius: 10)
[00:00:02 -9928.848431] SLOW spr round 3 (radius: 15)
[00:00:02 -9928.847440] SLOW spr round 4 (radius: 20)
[00:00:02 -9928.846947] SLOW spr round 5 (radius: 25)
[00:00:02 -9928.846665] Model parameter optimization (eps = 0.100000)

[00:00:03] ML tree search #1, logLikelihood: -9928.821363


Optimized model parameters:

   Partition 0: noname
   Rate heterogeneity: NONE
   Base frequencies (ML): 0.258043 0.246022 0.244030 0.251906 
   Substitution rates (ML): 0.918315 0.990932 0.959420 0.943446 1.097340 1.000000 

Final LogLikelihood: -9928.821363

Best ML tree saved to: /home/morelbt/github/BenoitDatasets/families/jsim_s8_f100_sites300_d2.0_l1.0_t0.5_seed6/pargenes/mlsearch_run/results/61_pruned_fasta/61_pruned_fasta.raxml.bestTree
Optimized model saved to: /home/morelbt/github/BenoitDatasets/families/jsim_s8_f100_sites300_d2.0_l1.0_t0.5_seed6/pargenes/mlsearch_run/results/61_pruned_fasta/61_pruned_fasta.raxml.bestModel

Execution log saved to: /home/morelbt/github/BenoitDatasets/families/jsim_s8_f100_sites300_d2.0_l1.0_t0.5_seed6/pargenes/mlsearch_run/results/61_pruned_fasta/61_pruned_fasta.raxml.log

Analysis started: 14-Jan-2019 13:37:43 / finished: 14-Jan-2019 13:37:46

Elapsed time: 3.020 seconds

