
RAxML-NG v. 0.6.0git BETA released on 27.07.2018 by The Exelixis Lab.
Authors: Alexey Kozlov, Alexandros Stamatakis, Diego Darriba, Tomas Flouri, Benoit Morel.
Latest version: https://github.com/amkozlov/raxml-ng
Questions/problems/suggestions? Please visit: https://groups.google.com/forum/#!forum/raxml

WARNING: This is a BETA release, please use at your own risk!

RAxML-NG was called as follows:

mpi-scheduler --bootstrap --msa ../BenoitDatasets/families/alesim_s30_f50_sites200_d2.0_l1.0_seed42/pargenes/parse_run/results/16_prunedfasta/16_prunedfasta.raxml.rba --blopt nr_safe --model GTR --prefix ../BenoitDatasets/families/alesim_s30_f50_sites200_d2.0_l1.0_seed42/pargenes/mlsearch_run/bootstraps/16_prunedfasta/16_prunedfasta_bs6 --threads 1 --seed 7 --bs-trees 10

Analysis options:
  run mode: Bootstrapping
  start tree(s): 
  bootstrap replicates: 10
  random seed: 7
  tip-inner: ON
  pattern compression: ON
  per-rate scalers: OFF
  site repeats: OFF
  branch lengths: linked (ML estimate, algorithm: NR-SAFE)
  SIMD kernels: AVX2
  parallelization: NONE/sequential

WARNING: The model you specified on the command line (GTR) will be ignored 
         since the binary MSA file already contains a model definition.
         If you want to change the model, please re-run RAxML-NG 
         with the original PHYLIP/FASTA alignment and --redo option.

[00:00:00] Loading binary alignment from file: ../BenoitDatasets/families/alesim_s30_f50_sites200_d2.0_l1.0_seed42/pargenes/parse_run/results/16_prunedfasta/16_prunedfasta.raxml.rba
[00:00:00] Alignment comprises 12 taxa, 1 partitions and 61 patterns

Partition 0: noname
Model: GTR+FO
Alignment sites / patterns: 200 / 61
Gaps: 0.00 %
Invariant sites: 2.00 %


[00:00:00] Data distribution: max. partitions/sites/weight per thread: 1 / 61 / 244
[00:00:00] Starting bootstrapping analysis with 10 replicates.

[00:00:00] Bootstrap tree #1, logLikelihood: -653.716528
[00:00:00] Bootstrap tree #2, logLikelihood: -678.666259
[00:00:00] Bootstrap tree #3, logLikelihood: -661.191491
[00:00:00] Bootstrap tree #4, logLikelihood: -726.435865
[00:00:00] Bootstrap tree #5, logLikelihood: -774.059694
[00:00:00] Bootstrap tree #6, logLikelihood: -679.621955
[00:00:00] Bootstrap tree #7, logLikelihood: -786.680932
[00:00:00] Bootstrap tree #8, logLikelihood: -702.734815
[00:00:00] Bootstrap tree #9, logLikelihood: -725.982961
[00:00:00] Bootstrap tree #10, logLikelihood: -671.571492

Optimized model parameters:

   Partition 0: noname
   Rate heterogeneity: NONE
   Base frequencies (ML): 0.184735 0.281315 0.297486 0.236465 
   Substitution rates (ML): 7.556962 5.510718 6.226416 2.444017 8.145898 1.000000 
Bootstrap trees saved to: /home/morelbt/github/BenoitDatasets/families/alesim_s30_f50_sites200_d2.0_l1.0_seed42/pargenes/mlsearch_run/bootstraps/16_prunedfasta/16_prunedfasta_bs6.raxml.bootstraps

Execution log saved to: /home/morelbt/github/BenoitDatasets/families/alesim_s30_f50_sites200_d2.0_l1.0_seed42/pargenes/mlsearch_run/bootstraps/16_prunedfasta/16_prunedfasta_bs6.raxml.log

Analysis started: 11-Dec-2018 20:58:03 / finished: 11-Dec-2018 20:58:03

Elapsed time: 0.486 seconds

