
RAxML-NG v. 0.6.0git BETA released on 27.07.2018 by The Exelixis Lab.
Authors: Alexey Kozlov, Alexandros Stamatakis, Diego Darriba, Tomas Flouri, Benoit Morel.
Latest version: https://github.com/amkozlov/raxml-ng
Questions/problems/suggestions? Please visit: https://groups.google.com/forum/#!forum/raxml

WARNING: This is a BETA release, please use at your own risk!

RAxML-NG was called as follows:

mpi-scheduler --bootstrap --msa ../BenoitDatasets/families/jsim_s27_f100_sites1000_d2.0_l1.0_seed6/pargenes/parse_run/results/83_fasta/83_fasta.raxml.rba --blopt nr_safe --model GTR --prefix ../BenoitDatasets/families/jsim_s27_f100_sites1000_d2.0_l1.0_seed6/pargenes/mlsearch_run/bootstraps/83_fasta/83_fasta_bs4 --threads 1 --seed 5 --bs-trees 10

Analysis options:
  run mode: Bootstrapping
  start tree(s): 
  bootstrap replicates: 10
  random seed: 5
  tip-inner: ON
  pattern compression: ON
  per-rate scalers: OFF
  site repeats: OFF
  branch lengths: linked (ML estimate, algorithm: NR-SAFE)
  SIMD kernels: AVX2
  parallelization: NONE/sequential

WARNING: The model you specified on the command line (GTR) will be ignored 
         since the binary MSA file already contains a model definition.
         If you want to change the model, please re-run RAxML-NG 
         with the original PHYLIP/FASTA alignment and --redo option.

[00:00:00] Loading binary alignment from file: ../BenoitDatasets/families/jsim_s27_f100_sites1000_d2.0_l1.0_seed6/pargenes/parse_run/results/83_fasta/83_fasta.raxml.rba
[00:00:00] Alignment comprises 43 taxa, 1 partitions and 1000 patterns

Partition 0: noname
Model: GTR+FO
Alignment sites / patterns: 1000 / 1000
Gaps: 0.00 %
Invariant sites: 0.00 %


[00:00:00] Data distribution: max. partitions/sites/weight per thread: 1 / 1000 / 4000
[00:00:00] Starting bootstrapping analysis with 10 replicates.

[00:00:07] Bootstrap tree #1, logLikelihood: -38639.923416
[00:00:15] Bootstrap tree #2, logLikelihood: -38593.815782
[00:00:28] Bootstrap tree #3, logLikelihood: -38780.167816
[00:00:43] Bootstrap tree #4, logLikelihood: -38601.529670
[00:00:52] Bootstrap tree #5, logLikelihood: -38381.455203
[00:00:59] Bootstrap tree #6, logLikelihood: -38701.807200
[00:01:06] Bootstrap tree #7, logLikelihood: -38205.908135
[00:01:13] Bootstrap tree #8, logLikelihood: -38429.196962
[00:01:21] Bootstrap tree #9, logLikelihood: -38559.468425
[00:01:30] Bootstrap tree #10, logLikelihood: -38741.743336

Optimized model parameters:

   Partition 0: noname
   Rate heterogeneity: NONE
   Base frequencies (ML): 0.261386 0.236730 0.251935 0.249949 
   Substitution rates (ML): 0.994063 0.997047 0.925250 1.044519 1.053847 1.000000 
Bootstrap trees saved to: /home/morelbt/github/BenoitDatasets/families/jsim_s27_f100_sites1000_d2.0_l1.0_seed6/pargenes/mlsearch_run/bootstraps/83_fasta/83_fasta_bs4.raxml.bootstraps

Execution log saved to: /home/morelbt/github/BenoitDatasets/families/jsim_s27_f100_sites1000_d2.0_l1.0_seed6/pargenes/mlsearch_run/bootstraps/83_fasta/83_fasta_bs4.raxml.log

Analysis started: 07-Dec-2018 15:46:01 / finished: 07-Dec-2018 15:47:32

Elapsed time: 90.333 seconds

