
RAxML-NG v. 0.6.0git BETA released on 27.07.2018 by The Exelixis Lab.
Authors: Alexey Kozlov, Alexandros Stamatakis, Diego Darriba, Tomas Flouri, Benoit Morel.
Latest version: https://github.com/amkozlov/raxml-ng
Questions/problems/suggestions? Please visit: https://groups.google.com/forum/#!forum/raxml

WARNING: This is a BETA release, please use at your own risk!

RAxML-NG was called as follows:

mpi-scheduler --bootstrap --msa ../BenoitDatasets/families/alesim_s20_f50_sites400_d1.0_l0.5_t0.5_seed42/pargenes/parse_run/results/13_pruned_fasta/13_pruned_fasta.raxml.rba --blopt nr_safe --model GTR --prefix ../BenoitDatasets/families/alesim_s20_f50_sites400_d1.0_l0.5_t0.5_seed42/pargenes/mlsearch_run/bootstraps/13_pruned_fasta/13_pruned_fasta_bs1 --threads 1 --seed 2 --bs-trees 10

Analysis options:
  run mode: Bootstrapping
  start tree(s): 
  bootstrap replicates: 10
  random seed: 2
  tip-inner: ON
  pattern compression: ON
  per-rate scalers: OFF
  site repeats: OFF
  branch lengths: linked (ML estimate, algorithm: NR-SAFE)
  SIMD kernels: AVX2
  parallelization: NONE/sequential

WARNING: The model you specified on the command line (GTR) will be ignored 
         since the binary MSA file already contains a model definition.
         If you want to change the model, please re-run RAxML-NG 
         with the original PHYLIP/FASTA alignment and --redo option.

[00:00:00] Loading binary alignment from file: ../BenoitDatasets/families/alesim_s20_f50_sites400_d1.0_l0.5_t0.5_seed42/pargenes/parse_run/results/13_pruned_fasta/13_pruned_fasta.raxml.rba
[00:00:00] Alignment comprises 13 taxa, 1 partitions and 285 patterns

Partition 0: noname
Model: GTR+FO
Alignment sites / patterns: 400 / 285
Gaps: 0.00 %
Invariant sites: 1.00 %


[00:00:00] Data distribution: max. partitions/sites/weight per thread: 1 / 285 / 1140
[00:00:00] Starting bootstrapping analysis with 10 replicates.

[00:00:00] Bootstrap tree #1, logLikelihood: -3177.405799
[00:00:00] Bootstrap tree #2, logLikelihood: -3119.224370
[00:00:00] Bootstrap tree #3, logLikelihood: -3122.648868
[00:00:01] Bootstrap tree #4, logLikelihood: -3155.059196
[00:00:01] Bootstrap tree #5, logLikelihood: -3090.564352
[00:00:01] Bootstrap tree #6, logLikelihood: -3082.024900
[00:00:01] Bootstrap tree #7, logLikelihood: -3148.283335
[00:00:02] Bootstrap tree #8, logLikelihood: -3032.278418
[00:00:02] Bootstrap tree #9, logLikelihood: -3134.527731
[00:00:02] Bootstrap tree #10, logLikelihood: -3126.542970

Optimized model parameters:

   Partition 0: noname
   Rate heterogeneity: NONE
   Base frequencies (ML): 0.245348 0.262632 0.266807 0.225212 
   Substitution rates (ML): 0.912853 0.940253 0.715057 0.838569 0.505812 1.000000 
Bootstrap trees saved to: /home/morelbt/github/BenoitDatasets/families/alesim_s20_f50_sites400_d1.0_l0.5_t0.5_seed42/pargenes/mlsearch_run/bootstraps/13_pruned_fasta/13_pruned_fasta_bs1.raxml.bootstraps

Execution log saved to: /home/morelbt/github/BenoitDatasets/families/alesim_s20_f50_sites400_d1.0_l0.5_t0.5_seed42/pargenes/mlsearch_run/bootstraps/13_pruned_fasta/13_pruned_fasta_bs1.raxml.log

Analysis started: 22-Jan-2019 14:47:05 / finished: 22-Jan-2019 14:47:08

Elapsed time: 2.764 seconds

