
RAxML-NG v. 0.6.0git BETA released on 27.07.2018 by The Exelixis Lab.
Authors: Alexey Kozlov, Alexandros Stamatakis, Diego Darriba, Tomas Flouri, Benoit Morel.
Latest version: https://github.com/amkozlov/raxml-ng
Questions/problems/suggestions? Please visit: https://groups.google.com/forum/#!forum/raxml

WARNING: This is a BETA release, please use at your own risk!

RAxML-NG was called as follows:

mpi-scheduler --bootstrap --msa ../BenoitDatasets/families/alesim_s20_f50_sites400_d1.0_l0.5_t0.5_seed42/pargenes/parse_run/results/13_pruned_fasta/13_pruned_fasta.raxml.rba --blopt nr_safe --model GTR --prefix ../BenoitDatasets/families/alesim_s20_f50_sites400_d1.0_l0.5_t0.5_seed42/pargenes/mlsearch_run/bootstraps/13_pruned_fasta/13_pruned_fasta_bs9 --threads 1 --seed 10 --bs-trees 10

Analysis options:
  run mode: Bootstrapping
  start tree(s): 
  bootstrap replicates: 10
  random seed: 10
  tip-inner: ON
  pattern compression: ON
  per-rate scalers: OFF
  site repeats: OFF
  branch lengths: linked (ML estimate, algorithm: NR-SAFE)
  SIMD kernels: AVX2
  parallelization: NONE/sequential

WARNING: The model you specified on the command line (GTR) will be ignored 
         since the binary MSA file already contains a model definition.
         If you want to change the model, please re-run RAxML-NG 
         with the original PHYLIP/FASTA alignment and --redo option.

[00:00:00] Loading binary alignment from file: ../BenoitDatasets/families/alesim_s20_f50_sites400_d1.0_l0.5_t0.5_seed42/pargenes/parse_run/results/13_pruned_fasta/13_pruned_fasta.raxml.rba
[00:00:00] Alignment comprises 13 taxa, 1 partitions and 285 patterns

Partition 0: noname
Model: GTR+FO
Alignment sites / patterns: 400 / 285
Gaps: 0.00 %
Invariant sites: 1.00 %


[00:00:00] Data distribution: max. partitions/sites/weight per thread: 1 / 285 / 1140
[00:00:00] Starting bootstrapping analysis with 10 replicates.

[00:00:00] Bootstrap tree #1, logLikelihood: -2996.015509
[00:00:00] Bootstrap tree #2, logLikelihood: -3092.534320
[00:00:00] Bootstrap tree #3, logLikelihood: -3122.830812
[00:00:01] Bootstrap tree #4, logLikelihood: -3246.883285
[00:00:01] Bootstrap tree #5, logLikelihood: -3199.228664
[00:00:01] Bootstrap tree #6, logLikelihood: -3141.651097
[00:00:01] Bootstrap tree #7, logLikelihood: -3110.017956
[00:00:02] Bootstrap tree #8, logLikelihood: -3153.174350
[00:00:02] Bootstrap tree #9, logLikelihood: -3088.271492
[00:00:02] Bootstrap tree #10, logLikelihood: -3134.436287

Optimized model parameters:

   Partition 0: noname
   Rate heterogeneity: NONE
   Base frequencies (ML): 0.234449 0.226088 0.289480 0.249983 
   Substitution rates (ML): 0.865113 1.176774 0.819436 1.185900 0.931139 1.000000 
Bootstrap trees saved to: /home/morelbt/github/BenoitDatasets/families/alesim_s20_f50_sites400_d1.0_l0.5_t0.5_seed42/pargenes/mlsearch_run/bootstraps/13_pruned_fasta/13_pruned_fasta_bs9.raxml.bootstraps

Execution log saved to: /home/morelbt/github/BenoitDatasets/families/alesim_s20_f50_sites400_d1.0_l0.5_t0.5_seed42/pargenes/mlsearch_run/bootstraps/13_pruned_fasta/13_pruned_fasta_bs9.raxml.log

Analysis started: 22-Jan-2019 14:47:05 / finished: 22-Jan-2019 14:47:08

Elapsed time: 2.706 seconds

