
RAxML-NG v. 0.6.0git BETA released on 27.07.2018 by The Exelixis Lab.
Authors: Alexey Kozlov, Alexandros Stamatakis, Diego Darriba, Tomas Flouri, Benoit Morel.
Latest version: https://github.com/amkozlov/raxml-ng
Questions/problems/suggestions? Please visit: https://groups.google.com/forum/#!forum/raxml

WARNING: This is a BETA release, please use at your own risk!

RAxML-NG was called as follows:

mpi-scheduler --bootstrap --msa ../BenoitDatasets/families/jsim_s27_f100_sites1000_d2.0_l1.0_seed6/pargenes/parse_run/results/42_fasta/42_fasta.raxml.rba --blopt nr_safe --model GTR --prefix ../BenoitDatasets/families/jsim_s27_f100_sites1000_d2.0_l1.0_seed6/pargenes/mlsearch_run/bootstraps/42_fasta/42_fasta_bs8 --threads 1 --seed 9 --bs-trees 10

Analysis options:
  run mode: Bootstrapping
  start tree(s): 
  bootstrap replicates: 10
  random seed: 9
  tip-inner: ON
  pattern compression: ON
  per-rate scalers: OFF
  site repeats: OFF
  branch lengths: linked (ML estimate, algorithm: NR-SAFE)
  SIMD kernels: AVX2
  parallelization: NONE/sequential

WARNING: The model you specified on the command line (GTR) will be ignored 
         since the binary MSA file already contains a model definition.
         If you want to change the model, please re-run RAxML-NG 
         with the original PHYLIP/FASTA alignment and --redo option.

[00:00:00] Loading binary alignment from file: ../BenoitDatasets/families/jsim_s27_f100_sites1000_d2.0_l1.0_seed6/pargenes/parse_run/results/42_fasta/42_fasta.raxml.rba
[00:00:00] Alignment comprises 43 taxa, 1 partitions and 1000 patterns

Partition 0: noname
Model: GTR+FO
Alignment sites / patterns: 1000 / 1000
Gaps: 0.00 %
Invariant sites: 0.00 %


[00:00:00] Data distribution: max. partitions/sites/weight per thread: 1 / 1000 / 4000
[00:00:00] Starting bootstrapping analysis with 10 replicates.

[00:00:10] Bootstrap tree #1, logLikelihood: -39108.562482
[00:00:18] Bootstrap tree #2, logLikelihood: -39236.017664
[00:00:26] Bootstrap tree #3, logLikelihood: -38872.181505
[00:00:36] Bootstrap tree #4, logLikelihood: -39196.669083
[00:00:43] Bootstrap tree #5, logLikelihood: -39302.201357
[00:00:51] Bootstrap tree #6, logLikelihood: -39207.017126
[00:01:00] Bootstrap tree #7, logLikelihood: -39211.930271
[00:01:07] Bootstrap tree #8, logLikelihood: -39082.124429
[00:01:22] Bootstrap tree #9, logLikelihood: -38904.704720
[00:01:30] Bootstrap tree #10, logLikelihood: -39263.509118

Optimized model parameters:

   Partition 0: noname
   Rate heterogeneity: NONE
   Base frequencies (ML): 0.254837 0.247739 0.252703 0.244721 
   Substitution rates (ML): 0.887686 0.998211 0.900022 0.868440 0.922311 1.000000 
Bootstrap trees saved to: /home/morelbt/github/BenoitDatasets/families/jsim_s27_f100_sites1000_d2.0_l1.0_seed6/pargenes/mlsearch_run/bootstraps/42_fasta/42_fasta_bs8.raxml.bootstraps

Execution log saved to: /home/morelbt/github/BenoitDatasets/families/jsim_s27_f100_sites1000_d2.0_l1.0_seed6/pargenes/mlsearch_run/bootstraps/42_fasta/42_fasta_bs8.raxml.log

Analysis started: 07-Dec-2018 15:46:08 / finished: 07-Dec-2018 15:47:38

Elapsed time: 90.347 seconds

