
RAxML-NG v. 0.6.0git BETA released on 27.07.2018 by The Exelixis Lab.
Authors: Alexey Kozlov, Alexandros Stamatakis, Diego Darriba, Tomas Flouri, Benoit Morel.
Latest version: https://github.com/amkozlov/raxml-ng
Questions/problems/suggestions? Please visit: https://groups.google.com/forum/#!forum/raxml

WARNING: This is a BETA release, please use at your own risk!

RAxML-NG was called as follows:

mpi-scheduler --bootstrap --msa ../BenoitDatasets/families/jsim_s27_f100_sites200_d6.0_l3.0_seed6/pargenes/parse_run/results/86_fasta/86_fasta.raxml.rba --blopt nr_safe --model GTR --prefix ../BenoitDatasets/families/jsim_s27_f100_sites200_d6.0_l3.0_seed6/pargenes/mlsearch_run/bootstraps/86_fasta/86_fasta_bs2 --threads 1 --seed 3 --bs-trees 10

Analysis options:
  run mode: Bootstrapping
  start tree(s): 
  bootstrap replicates: 10
  random seed: 3
  tip-inner: ON
  pattern compression: ON
  per-rate scalers: OFF
  site repeats: OFF
  branch lengths: linked (ML estimate, algorithm: NR-SAFE)
  SIMD kernels: AVX2
  parallelization: NONE/sequential

WARNING: The model you specified on the command line (GTR) will be ignored 
         since the binary MSA file already contains a model definition.
         If you want to change the model, please re-run RAxML-NG 
         with the original PHYLIP/FASTA alignment and --redo option.

[00:00:00] Loading binary alignment from file: ../BenoitDatasets/families/jsim_s27_f100_sites200_d6.0_l3.0_seed6/pargenes/parse_run/results/86_fasta/86_fasta.raxml.rba
[00:00:00] Alignment comprises 7 taxa, 1 partitions and 94 patterns

Partition 0: noname
Model: GTR+FO
Alignment sites / patterns: 200 / 94
Gaps: 0.00 %
Invariant sites: 2.00 %


[00:00:00] Data distribution: max. partitions/sites/weight per thread: 1 / 94 / 376
[00:00:00] Starting bootstrapping analysis with 10 replicates.

[00:00:00] Bootstrap tree #1, logLikelihood: -920.035235
[00:00:00] Bootstrap tree #2, logLikelihood: -837.006195
[00:00:00] Bootstrap tree #3, logLikelihood: -929.676089
[00:00:00] Bootstrap tree #4, logLikelihood: -890.253774
[00:00:00] Bootstrap tree #5, logLikelihood: -949.199042
[00:00:00] Bootstrap tree #6, logLikelihood: -929.398073
[00:00:00] Bootstrap tree #7, logLikelihood: -879.701757
[00:00:00] Bootstrap tree #8, logLikelihood: -941.071155
[00:00:00] Bootstrap tree #9, logLikelihood: -894.961021
[00:00:00] Bootstrap tree #10, logLikelihood: -916.459358

Optimized model parameters:

   Partition 0: noname
   Rate heterogeneity: NONE
   Base frequencies (ML): 0.265336 0.311178 0.210556 0.212930 
   Substitution rates (ML): 0.381519 0.637073 0.813700 0.478205 0.643731 1.000000 
Bootstrap trees saved to: /home/morelbt/github/BenoitDatasets/families/jsim_s27_f100_sites200_d6.0_l3.0_seed6/pargenes/mlsearch_run/bootstraps/86_fasta/86_fasta_bs2.raxml.bootstraps

Execution log saved to: /home/morelbt/github/BenoitDatasets/families/jsim_s27_f100_sites200_d6.0_l3.0_seed6/pargenes/mlsearch_run/bootstraps/86_fasta/86_fasta_bs2.raxml.log

Analysis started: 07-Dec-2018 15:33:03 / finished: 07-Dec-2018 15:33:04

Elapsed time: 0.256 seconds

