
RAxML-NG v. 0.6.0git BETA released on 27.07.2018 by The Exelixis Lab.
Authors: Alexey Kozlov, Alexandros Stamatakis, Diego Darriba, Tomas Flouri, Benoit Morel.
Latest version: https://github.com/amkozlov/raxml-ng
Questions/problems/suggestions? Please visit: https://groups.google.com/forum/#!forum/raxml

WARNING: This is a BETA release, please use at your own risk!

RAxML-NG was called as follows:

mpi-scheduler --bootstrap --msa ../BenoitDatasets/families/jsim_s27_f100_sites200_d6.0_l3.0_seed6/pargenes/parse_run/results/41_fasta/41_fasta.raxml.rba --blopt nr_safe --model GTR --prefix ../BenoitDatasets/families/jsim_s27_f100_sites200_d6.0_l3.0_seed6/pargenes/mlsearch_run/bootstraps/41_fasta/41_fasta_bs9 --threads 1 --seed 10 --bs-trees 10

Analysis options:
  run mode: Bootstrapping
  start tree(s): 
  bootstrap replicates: 10
  random seed: 10
  tip-inner: ON
  pattern compression: ON
  per-rate scalers: OFF
  site repeats: OFF
  branch lengths: linked (ML estimate, algorithm: NR-SAFE)
  SIMD kernels: AVX2
  parallelization: NONE/sequential

WARNING: The model you specified on the command line (GTR) will be ignored 
         since the binary MSA file already contains a model definition.
         If you want to change the model, please re-run RAxML-NG 
         with the original PHYLIP/FASTA alignment and --redo option.

[00:00:00] Loading binary alignment from file: ../BenoitDatasets/families/jsim_s27_f100_sites200_d6.0_l3.0_seed6/pargenes/parse_run/results/41_fasta/41_fasta.raxml.rba
[00:00:00] Alignment comprises 4 taxa, 1 partitions and 53 patterns

Partition 0: noname
Model: GTR+FO
Alignment sites / patterns: 200 / 53
Gaps: 0.00 %
Invariant sites: 2.00 %


[00:00:00] Data distribution: max. partitions/sites/weight per thread: 1 / 53 / 212
[00:00:00] Starting bootstrapping analysis with 10 replicates.

[00:00:00] Bootstrap tree #1, logLikelihood: -637.075826
[00:00:00] Bootstrap tree #2, logLikelihood: -635.756725
[00:00:00] Bootstrap tree #3, logLikelihood: -659.834623
[00:00:00] Bootstrap tree #4, logLikelihood: -687.861095
[00:00:00] Bootstrap tree #5, logLikelihood: -681.270471
[00:00:00] Bootstrap tree #6, logLikelihood: -630.429122
[00:00:00] Bootstrap tree #7, logLikelihood: -633.907302
[00:00:00] Bootstrap tree #8, logLikelihood: -659.676812
[00:00:00] Bootstrap tree #9, logLikelihood: -694.018552
[00:00:00] Bootstrap tree #10, logLikelihood: -672.307568

Optimized model parameters:

   Partition 0: noname
   Rate heterogeneity: NONE
   Base frequencies (ML): 0.226405 0.258549 0.279659 0.235388 
   Substitution rates (ML): 1.131722 0.697214 0.872262 0.209626 0.390364 1.000000 
Bootstrap trees saved to: /home/morelbt/github/BenoitDatasets/families/jsim_s27_f100_sites200_d6.0_l3.0_seed6/pargenes/mlsearch_run/bootstraps/41_fasta/41_fasta_bs9.raxml.bootstraps

Execution log saved to: /home/morelbt/github/BenoitDatasets/families/jsim_s27_f100_sites200_d6.0_l3.0_seed6/pargenes/mlsearch_run/bootstraps/41_fasta/41_fasta_bs9.raxml.log

Analysis started: 07-Dec-2018 15:33:05 / finished: 07-Dec-2018 15:33:05

Elapsed time: 0.082 seconds

