
RAxML-NG v. 0.6.0git BETA released on 27.07.2018 by The Exelixis Lab.
Authors: Alexey Kozlov, Alexandros Stamatakis, Diego Darriba, Tomas Flouri, Benoit Morel.
Latest version: https://github.com/amkozlov/raxml-ng
Questions/problems/suggestions? Please visit: https://groups.google.com/forum/#!forum/raxml

WARNING: This is a BETA release, please use at your own risk!

RAxML-NG was called as follows:

mpi-scheduler --bootstrap --msa ../BenoitDatasets/families/jsim_s27_f100_sites200_d6.0_l3.0_seed6/pargenes/parse_run/results/84_fasta/84_fasta.raxml.rba --blopt nr_safe --model GTR --prefix ../BenoitDatasets/families/jsim_s27_f100_sites200_d6.0_l3.0_seed6/pargenes/mlsearch_run/bootstraps/84_fasta/84_fasta_bs2 --threads 1 --seed 3 --bs-trees 10

Analysis options:
  run mode: Bootstrapping
  start tree(s): 
  bootstrap replicates: 10
  random seed: 3
  tip-inner: ON
  pattern compression: ON
  per-rate scalers: OFF
  site repeats: OFF
  branch lengths: linked (ML estimate, algorithm: NR-SAFE)
  SIMD kernels: AVX2
  parallelization: NONE/sequential

WARNING: The model you specified on the command line (GTR) will be ignored 
         since the binary MSA file already contains a model definition.
         If you want to change the model, please re-run RAxML-NG 
         with the original PHYLIP/FASTA alignment and --redo option.

[00:00:00] Loading binary alignment from file: ../BenoitDatasets/families/jsim_s27_f100_sites200_d6.0_l3.0_seed6/pargenes/parse_run/results/84_fasta/84_fasta.raxml.rba
[00:00:00] Alignment comprises 9 taxa, 1 partitions and 124 patterns

Partition 0: noname
Model: GTR+FO
Alignment sites / patterns: 200 / 124
Gaps: 0.00 %
Invariant sites: 2.00 %


[00:00:00] Data distribution: max. partitions/sites/weight per thread: 1 / 124 / 496
[00:00:00] Starting bootstrapping analysis with 10 replicates.

[00:00:00] Bootstrap tree #1, logLikelihood: -1272.700191
[00:00:00] Bootstrap tree #2, logLikelihood: -1168.233285
[00:00:00] Bootstrap tree #3, logLikelihood: -1217.890346
[00:00:00] Bootstrap tree #4, logLikelihood: -1236.860609
[00:00:00] Bootstrap tree #5, logLikelihood: -1264.784519
[00:00:00] Bootstrap tree #6, logLikelihood: -1308.083294
[00:00:00] Bootstrap tree #7, logLikelihood: -1221.690311
[00:00:00] Bootstrap tree #8, logLikelihood: -1220.244670
[00:00:00] Bootstrap tree #9, logLikelihood: -1236.115996
[00:00:00] Bootstrap tree #10, logLikelihood: -1215.455108

Optimized model parameters:

   Partition 0: noname
   Rate heterogeneity: NONE
   Base frequencies (ML): 0.320418 0.246944 0.220477 0.212160 
   Substitution rates (ML): 0.832235 0.869918 0.472414 0.896795 1.118309 1.000000 
Bootstrap trees saved to: /home/morelbt/github/BenoitDatasets/families/jsim_s27_f100_sites200_d6.0_l3.0_seed6/pargenes/mlsearch_run/bootstraps/84_fasta/84_fasta_bs2.raxml.bootstraps

Execution log saved to: /home/morelbt/github/BenoitDatasets/families/jsim_s27_f100_sites200_d6.0_l3.0_seed6/pargenes/mlsearch_run/bootstraps/84_fasta/84_fasta_bs2.raxml.log

Analysis started: 07-Dec-2018 15:33:00 / finished: 07-Dec-2018 15:33:01

Elapsed time: 0.550 seconds

