
RAxML-NG v. 0.6.0git BETA released on 27.07.2018 by The Exelixis Lab.
Authors: Alexey Kozlov, Alexandros Stamatakis, Diego Darriba, Tomas Flouri, Benoit Morel.
Latest version: https://github.com/amkozlov/raxml-ng
Questions/problems/suggestions? Please visit: https://groups.google.com/forum/#!forum/raxml

WARNING: This is a BETA release, please use at your own risk!

RAxML-NG was called as follows:

mpi-scheduler --bootstrap --msa ../BenoitDatasets/families/alesim_s20_f50_sites400_d1.0_l0.5_seed42/pargenes/parse_run/results/8_prunedfasta/8_prunedfasta.raxml.rba --blopt nr_safe --model GTR --prefix ../BenoitDatasets/families/alesim_s20_f50_sites400_d1.0_l0.5_seed42/pargenes/mlsearch_run/bootstraps/8_prunedfasta/8_prunedfasta_bs7 --threads 1 --seed 8 --bs-trees 10

Analysis options:
  run mode: Bootstrapping
  start tree(s): 
  bootstrap replicates: 10
  random seed: 8
  tip-inner: ON
  pattern compression: ON
  per-rate scalers: OFF
  site repeats: OFF
  branch lengths: linked (ML estimate, algorithm: NR-SAFE)
  SIMD kernels: AVX2
  parallelization: NONE/sequential

WARNING: The model you specified on the command line (GTR) will be ignored 
         since the binary MSA file already contains a model definition.
         If you want to change the model, please re-run RAxML-NG 
         with the original PHYLIP/FASTA alignment and --redo option.

[00:00:00] Loading binary alignment from file: ../BenoitDatasets/families/alesim_s20_f50_sites400_d1.0_l0.5_seed42/pargenes/parse_run/results/8_prunedfasta/8_prunedfasta.raxml.rba
[00:00:00] Alignment comprises 23 taxa, 1 partitions and 337 patterns

Partition 0: noname
Model: GTR+FO
Alignment sites / patterns: 400 / 337
Gaps: 0.00 %
Invariant sites: 1.00 %


[00:00:00] Data distribution: max. partitions/sites/weight per thread: 1 / 337 / 1348
[00:00:00] Starting bootstrapping analysis with 10 replicates.

[00:00:00] Bootstrap tree #1, logLikelihood: -4231.018115
[00:00:01] Bootstrap tree #2, logLikelihood: -4115.578142
[00:00:02] Bootstrap tree #3, logLikelihood: -4212.759256
[00:00:03] Bootstrap tree #4, logLikelihood: -4024.374236
[00:00:03] Bootstrap tree #5, logLikelihood: -3952.092295
[00:00:04] Bootstrap tree #6, logLikelihood: -4146.856460
[00:00:05] Bootstrap tree #7, logLikelihood: -4119.180420
[00:00:05] Bootstrap tree #8, logLikelihood: -4152.498883
[00:00:07] Bootstrap tree #9, logLikelihood: -4236.023577
[00:00:07] Bootstrap tree #10, logLikelihood: -4040.640213

Optimized model parameters:

   Partition 0: noname
   Rate heterogeneity: NONE
   Base frequencies (ML): 0.264120 0.240821 0.257022 0.238038 
   Substitution rates (ML): 0.877358 0.897657 0.774840 1.203258 1.218565 1.000000 
Bootstrap trees saved to: /home/morelbt/github/BenoitDatasets/families/alesim_s20_f50_sites400_d1.0_l0.5_seed42/pargenes/mlsearch_run/bootstraps/8_prunedfasta/8_prunedfasta_bs7.raxml.bootstraps

Execution log saved to: /home/morelbt/github/BenoitDatasets/families/alesim_s20_f50_sites400_d1.0_l0.5_seed42/pargenes/mlsearch_run/bootstraps/8_prunedfasta/8_prunedfasta_bs7.raxml.log

Analysis started: 11-Dec-2018 15:34:50 / finished: 11-Dec-2018 15:34:58

Elapsed time: 7.781 seconds

