
RAxML-NG v. 0.6.0git BETA released on 27.07.2018 by The Exelixis Lab.
Authors: Alexey Kozlov, Alexandros Stamatakis, Diego Darriba, Tomas Flouri, Benoit Morel.
Latest version: https://github.com/amkozlov/raxml-ng
Questions/problems/suggestions? Please visit: https://groups.google.com/forum/#!forum/raxml

WARNING: This is a BETA release, please use at your own risk!

RAxML-NG was called as follows:

mpi-scheduler --bootstrap --msa ../BenoitDatasets/families/jsim_s8_f100_sites300_d2.0_l1.0/pargenes/parse_run/results/47_fasta/47_fasta.raxml.rba --blopt nr_safe --model GTR --prefix ../BenoitDatasets/families/jsim_s8_f100_sites300_d2.0_l1.0/pargenes/mlsearch_run/bootstraps/47_fasta/47_fasta_bs4 --threads 1 --seed 5 --bs-trees 10

Analysis options:
  run mode: Bootstrapping
  start tree(s): 
  bootstrap replicates: 10
  random seed: 5
  tip-inner: ON
  pattern compression: ON
  per-rate scalers: OFF
  site repeats: OFF
  branch lengths: linked (ML estimate, algorithm: NR-SAFE)
  SIMD kernels: AVX2
  parallelization: NONE/sequential

WARNING: The model you specified on the command line (GTR) will be ignored 
         since the binary MSA file already contains a model definition.
         If you want to change the model, please re-run RAxML-NG 
         with the original PHYLIP/FASTA alignment and --redo option.

[00:00:00] Loading binary alignment from file: ../BenoitDatasets/families/jsim_s8_f100_sites300_d2.0_l1.0/pargenes/parse_run/results/47_fasta/47_fasta.raxml.rba
[00:00:00] Alignment comprises 10 taxa, 1 partitions and 251 patterns

Partition 0: noname
Model: GTR+FO
Alignment sites / patterns: 300 / 251
Gaps: 0.00 %
Invariant sites: 1.33 %


[00:00:00] Data distribution: max. partitions/sites/weight per thread: 1 / 251 / 1004
[00:00:00] Starting bootstrapping analysis with 10 replicates.

[00:00:00] Bootstrap tree #1, logLikelihood: -2377.325035
[00:00:00] Bootstrap tree #2, logLikelihood: -2380.397653
[00:00:00] Bootstrap tree #3, logLikelihood: -2451.318606
[00:00:00] Bootstrap tree #4, logLikelihood: -2431.023930
[00:00:00] Bootstrap tree #5, logLikelihood: -2408.789964
[00:00:00] Bootstrap tree #6, logLikelihood: -2450.964588
[00:00:01] Bootstrap tree #7, logLikelihood: -2390.621484
[00:00:01] Bootstrap tree #8, logLikelihood: -2459.491973
[00:00:01] Bootstrap tree #9, logLikelihood: -2446.336520
[00:00:01] Bootstrap tree #10, logLikelihood: -2456.729364

Optimized model parameters:

   Partition 0: noname
   Rate heterogeneity: NONE
   Base frequencies (ML): 0.257557 0.255395 0.228757 0.258291 
   Substitution rates (ML): 1.425879 1.410755 0.716272 1.207449 1.247800 1.000000 
Bootstrap trees saved to: /home/morelbt/github/BenoitDatasets/families/jsim_s8_f100_sites300_d2.0_l1.0/pargenes/mlsearch_run/bootstraps/47_fasta/47_fasta_bs4.raxml.bootstraps

Execution log saved to: /home/morelbt/github/BenoitDatasets/families/jsim_s8_f100_sites300_d2.0_l1.0/pargenes/mlsearch_run/bootstraps/47_fasta/47_fasta_bs4.raxml.log

Analysis started: 05-Dec-2018 13:32:54 / finished: 05-Dec-2018 13:32:56

Elapsed time: 1.651 seconds

