
RAxML-NG v. 0.6.0git BETA released on 27.07.2018 by The Exelixis Lab.
Authors: Alexey Kozlov, Alexandros Stamatakis, Diego Darriba, Tomas Flouri, Benoit Morel.
Latest version: https://github.com/amkozlov/raxml-ng
Questions/problems/suggestions? Please visit: https://groups.google.com/forum/#!forum/raxml

WARNING: This is a BETA release, please use at your own risk!

RAxML-NG was called as follows:

mpi-scheduler --bootstrap --msa ../BenoitDatasets/families/jsim_s8_f100_sites300_d2.0_l1.0/pargenes/parse_run/results/47_fasta/47_fasta.raxml.rba --blopt nr_safe --model GTR --prefix ../BenoitDatasets/families/jsim_s8_f100_sites300_d2.0_l1.0/pargenes/mlsearch_run/bootstraps/47_fasta/47_fasta_bs5 --threads 1 --seed 6 --bs-trees 10

Analysis options:
  run mode: Bootstrapping
  start tree(s): 
  bootstrap replicates: 10
  random seed: 6
  tip-inner: ON
  pattern compression: ON
  per-rate scalers: OFF
  site repeats: OFF
  branch lengths: linked (ML estimate, algorithm: NR-SAFE)
  SIMD kernels: AVX2
  parallelization: NONE/sequential

WARNING: The model you specified on the command line (GTR) will be ignored 
         since the binary MSA file already contains a model definition.
         If you want to change the model, please re-run RAxML-NG 
         with the original PHYLIP/FASTA alignment and --redo option.

[00:00:00] Loading binary alignment from file: ../BenoitDatasets/families/jsim_s8_f100_sites300_d2.0_l1.0/pargenes/parse_run/results/47_fasta/47_fasta.raxml.rba
[00:00:00] Alignment comprises 10 taxa, 1 partitions and 251 patterns

Partition 0: noname
Model: GTR+FO
Alignment sites / patterns: 300 / 251
Gaps: 0.00 %
Invariant sites: 1.33 %


[00:00:00] Data distribution: max. partitions/sites/weight per thread: 1 / 251 / 1004
[00:00:00] Starting bootstrapping analysis with 10 replicates.

[00:00:00] Bootstrap tree #1, logLikelihood: -2466.459893
[00:00:00] Bootstrap tree #2, logLikelihood: -2412.885288
[00:00:00] Bootstrap tree #3, logLikelihood: -2432.254291
[00:00:00] Bootstrap tree #4, logLikelihood: -2484.890821
[00:00:00] Bootstrap tree #5, logLikelihood: -2369.232689
[00:00:00] Bootstrap tree #6, logLikelihood: -2416.694310
[00:00:01] Bootstrap tree #7, logLikelihood: -2454.802919
[00:00:01] Bootstrap tree #8, logLikelihood: -2414.830440
[00:00:01] Bootstrap tree #9, logLikelihood: -2451.962576
[00:00:01] Bootstrap tree #10, logLikelihood: -2462.317351

Optimized model parameters:

   Partition 0: noname
   Rate heterogeneity: NONE
   Base frequencies (ML): 0.267388 0.261227 0.221100 0.250285 
   Substitution rates (ML): 1.228571 1.239125 0.549744 1.457954 1.315681 1.000000 
Bootstrap trees saved to: /home/morelbt/github/BenoitDatasets/families/jsim_s8_f100_sites300_d2.0_l1.0/pargenes/mlsearch_run/bootstraps/47_fasta/47_fasta_bs5.raxml.bootstraps

Execution log saved to: /home/morelbt/github/BenoitDatasets/families/jsim_s8_f100_sites300_d2.0_l1.0/pargenes/mlsearch_run/bootstraps/47_fasta/47_fasta_bs5.raxml.log

Analysis started: 05-Dec-2018 13:32:54 / finished: 05-Dec-2018 13:32:56

Elapsed time: 1.546 seconds

