
RAxML-NG v. 0.6.0git BETA released on 27.07.2018 by The Exelixis Lab.
Authors: Alexey Kozlov, Alexandros Stamatakis, Diego Darriba, Tomas Flouri, Benoit Morel.
Latest version: https://github.com/amkozlov/raxml-ng
Questions/problems/suggestions? Please visit: https://groups.google.com/forum/#!forum/raxml

WARNING: This is a BETA release, please use at your own risk!

RAxML-NG was called as follows:

mpi-scheduler --bootstrap --msa ../BenoitDatasets/families/jsim_s8_f100_sites300_d2.0_l1.0/pargenes/parse_run/results/47_fasta/47_fasta.raxml.rba --blopt nr_safe --model GTR --prefix ../BenoitDatasets/families/jsim_s8_f100_sites300_d2.0_l1.0/pargenes/mlsearch_run/bootstraps/47_fasta/47_fasta_bs0 --threads 1 --seed 1 --bs-trees 10

Analysis options:
  run mode: Bootstrapping
  start tree(s): 
  bootstrap replicates: 10
  random seed: 1
  tip-inner: ON
  pattern compression: ON
  per-rate scalers: OFF
  site repeats: OFF
  branch lengths: linked (ML estimate, algorithm: NR-SAFE)
  SIMD kernels: AVX2
  parallelization: NONE/sequential

WARNING: The model you specified on the command line (GTR) will be ignored 
         since the binary MSA file already contains a model definition.
         If you want to change the model, please re-run RAxML-NG 
         with the original PHYLIP/FASTA alignment and --redo option.

[00:00:00] Loading binary alignment from file: ../BenoitDatasets/families/jsim_s8_f100_sites300_d2.0_l1.0/pargenes/parse_run/results/47_fasta/47_fasta.raxml.rba
[00:00:00] Alignment comprises 10 taxa, 1 partitions and 251 patterns

Partition 0: noname
Model: GTR+FO
Alignment sites / patterns: 300 / 251
Gaps: 0.00 %
Invariant sites: 1.33 %


[00:00:00] Data distribution: max. partitions/sites/weight per thread: 1 / 251 / 1004
[00:00:00] Starting bootstrapping analysis with 10 replicates.

[00:00:00] Bootstrap tree #1, logLikelihood: -2444.450140
[00:00:00] Bootstrap tree #2, logLikelihood: -2366.879633
[00:00:00] Bootstrap tree #3, logLikelihood: -2413.653353
[00:00:00] Bootstrap tree #4, logLikelihood: -2436.825903
[00:00:00] Bootstrap tree #5, logLikelihood: -2319.647484
[00:00:00] Bootstrap tree #6, logLikelihood: -2433.021264
[00:00:01] Bootstrap tree #7, logLikelihood: -2468.817512
[00:00:01] Bootstrap tree #8, logLikelihood: -2436.004720
[00:00:01] Bootstrap tree #9, logLikelihood: -2434.071578
[00:00:01] Bootstrap tree #10, logLikelihood: -2465.259290

Optimized model parameters:

   Partition 0: noname
   Rate heterogeneity: NONE
   Base frequencies (ML): 0.268104 0.239369 0.209460 0.283067 
   Substitution rates (ML): 1.269225 1.165153 0.626527 1.759311 1.200926 1.000000 
Bootstrap trees saved to: /home/morelbt/github/BenoitDatasets/families/jsim_s8_f100_sites300_d2.0_l1.0/pargenes/mlsearch_run/bootstraps/47_fasta/47_fasta_bs0.raxml.bootstraps

Execution log saved to: /home/morelbt/github/BenoitDatasets/families/jsim_s8_f100_sites300_d2.0_l1.0/pargenes/mlsearch_run/bootstraps/47_fasta/47_fasta_bs0.raxml.log

Analysis started: 05-Dec-2018 13:32:55 / finished: 05-Dec-2018 13:32:56

Elapsed time: 1.680 seconds

