
RAxML-NG v. 0.6.0git BETA released on 27.07.2018 by The Exelixis Lab.
Authors: Alexey Kozlov, Alexandros Stamatakis, Diego Darriba, Tomas Flouri, Benoit Morel.
Latest version: https://github.com/amkozlov/raxml-ng
Questions/problems/suggestions? Please visit: https://groups.google.com/forum/#!forum/raxml

WARNING: This is a BETA release, please use at your own risk!

RAxML-NG was called as follows:

mpi-scheduler --msa ../BenoitDatasets/families/jsim_s27_f100_sites200_d2.0_l1.0_seed6/pargenes/parse_run/results/53_fasta/53_fasta.raxml.rba --blopt nr_safe --model GTR --prefix ../BenoitDatasets/families/jsim_s27_f100_sites200_d2.0_l1.0_seed6/pargenes/mlsearch_run/results/53_fasta/53_fasta --threads 1 --seed 1

Analysis options:
  run mode: ML tree search
  start tree(s): random (1)
  random seed: 1
  tip-inner: ON
  pattern compression: ON
  per-rate scalers: OFF
  site repeats: OFF
  fast spr radius: AUTO
  spr subtree cutoff: 1.000000
  branch lengths: linked (ML estimate, algorithm: NR-SAFE)
  SIMD kernels: AVX2
  parallelization: NONE/sequential

WARNING: The model you specified on the command line (GTR) will be ignored 
         since the binary MSA file already contains a model definition.
         If you want to change the model, please re-run RAxML-NG 
         with the original PHYLIP/FASTA alignment and --redo option.

[00:00:00] Loading binary alignment from file: ../BenoitDatasets/families/jsim_s27_f100_sites200_d2.0_l1.0_seed6/pargenes/parse_run/results/53_fasta/53_fasta.raxml.rba
[00:00:00] Alignment comprises 35 taxa, 1 partitions and 200 patterns

Partition 0: noname
Model: GTR+FO
Alignment sites / patterns: 200 / 200
Gaps: 0.00 %
Invariant sites: 0.00 %


[00:00:00] Generating 1 random starting tree(s) with 35 taxa
[00:00:00] Data distribution: max. partitions/sites/weight per thread: 1 / 200 / 800

Starting ML tree search with 1 distinct starting trees

[00:00:00 -10836.236612] Initial branch length optimization
[00:00:00 -8665.595809] Model parameter optimization (eps = 10.000000)
[00:00:00 -8651.579307] AUTODETECT spr round 1 (radius: 5)
[00:00:00 -6947.499748] AUTODETECT spr round 2 (radius: 10)
[00:00:00 -6934.712854] AUTODETECT spr round 3 (radius: 15)
[00:00:00 -6934.709813] SPR radius for FAST iterations: 10 (autodetect)
[00:00:00 -6934.709813] Model parameter optimization (eps = 3.000000)
[00:00:00 -6930.083748] FAST spr round 1 (radius: 10)
[00:00:00 -6875.827990] FAST spr round 2 (radius: 10)
[00:00:00 -6875.479787] FAST spr round 3 (radius: 10)
[00:00:00 -6875.478979] Model parameter optimization (eps = 1.000000)
[00:00:00 -6875.427454] SLOW spr round 1 (radius: 5)
[00:00:00 -6875.427274] SLOW spr round 2 (radius: 10)
[00:00:01 -6875.427250] SLOW spr round 3 (radius: 15)
[00:00:01 -6875.427246] SLOW spr round 4 (radius: 20)
[00:00:01 -6875.427246] SLOW spr round 5 (radius: 25)
[00:00:01 -6875.427246] Model parameter optimization (eps = 0.100000)

[00:00:01] ML tree search #1, logLikelihood: -6875.419056


Optimized model parameters:

   Partition 0: noname
   Rate heterogeneity: NONE
   Base frequencies (ML): 0.250569 0.252950 0.250814 0.245666 
   Substitution rates (ML): 1.031028 1.097769 1.123979 0.942129 1.159468 1.000000 

Final LogLikelihood: -6875.419056

Best ML tree saved to: /home/morelbt/github/BenoitDatasets/families/jsim_s27_f100_sites200_d2.0_l1.0_seed6/pargenes/mlsearch_run/results/53_fasta/53_fasta.raxml.bestTree
Optimized model saved to: /home/morelbt/github/BenoitDatasets/families/jsim_s27_f100_sites200_d2.0_l1.0_seed6/pargenes/mlsearch_run/results/53_fasta/53_fasta.raxml.bestModel

Execution log saved to: /home/morelbt/github/BenoitDatasets/families/jsim_s27_f100_sites200_d2.0_l1.0_seed6/pargenes/mlsearch_run/results/53_fasta/53_fasta.raxml.log

Analysis started: 07-Dec-2018 15:27:56 / finished: 07-Dec-2018 15:27:57

Elapsed time: 1.447 seconds

