
RAxML-NG v. 0.6.0git BETA released on 27.07.2018 by The Exelixis Lab.
Authors: Alexey Kozlov, Alexandros Stamatakis, Diego Darriba, Tomas Flouri, Benoit Morel.
Latest version: https://github.com/amkozlov/raxml-ng
Questions/problems/suggestions? Please visit: https://groups.google.com/forum/#!forum/raxml

WARNING: This is a BETA release, please use at your own risk!

RAxML-NG was called as follows:

mpi-scheduler --bootstrap --msa ../BenoitDatasets/families/alesim_s30_f50_sites200_d2.0_l1.0_seed42/pargenes/parse_run/results/10_prunedfasta/10_prunedfasta.raxml.rba --blopt nr_safe --model GTR --prefix ../BenoitDatasets/families/alesim_s30_f50_sites200_d2.0_l1.0_seed42/pargenes/mlsearch_run/bootstraps/10_prunedfasta/10_prunedfasta_bs7 --threads 1 --seed 8 --bs-trees 10

Analysis options:
  run mode: Bootstrapping
  start tree(s): 
  bootstrap replicates: 10
  random seed: 8
  tip-inner: ON
  pattern compression: ON
  per-rate scalers: OFF
  site repeats: OFF
  branch lengths: linked (ML estimate, algorithm: NR-SAFE)
  SIMD kernels: AVX2
  parallelization: NONE/sequential

WARNING: The model you specified on the command line (GTR) will be ignored 
         since the binary MSA file already contains a model definition.
         If you want to change the model, please re-run RAxML-NG 
         with the original PHYLIP/FASTA alignment and --redo option.

[00:00:00] Loading binary alignment from file: ../BenoitDatasets/families/alesim_s30_f50_sites200_d2.0_l1.0_seed42/pargenes/parse_run/results/10_prunedfasta/10_prunedfasta.raxml.rba
[00:00:00] Alignment comprises 633 taxa, 1 partitions and 200 patterns

Partition 0: noname
Model: GTR+FO
Alignment sites / patterns: 200 / 200
Gaps: 0.00 %
Invariant sites: 0.00 %


[00:00:00] Data distribution: max. partitions/sites/weight per thread: 1 / 200 / 800
[00:00:00] Starting bootstrapping analysis with 10 replicates.

[00:01:43] Bootstrap tree #1, logLikelihood: -43889.769121
[00:03:31] Bootstrap tree #2, logLikelihood: -45625.579964
[00:05:33] Bootstrap tree #3, logLikelihood: -43874.635768
[00:08:02] Bootstrap tree #4, logLikelihood: -44321.342165
[00:10:02] Bootstrap tree #5, logLikelihood: -43064.366034
[00:11:55] Bootstrap tree #6, logLikelihood: -43774.213585
[00:14:11] Bootstrap tree #7, logLikelihood: -48863.832727
[00:21:14] Bootstrap tree #8, logLikelihood: -43540.474561
[00:23:16] Bootstrap tree #9, logLikelihood: -43945.767971
[00:25:47] Bootstrap tree #10, logLikelihood: -44570.849801

Optimized model parameters:

   Partition 0: noname
   Rate heterogeneity: NONE
   Base frequencies (ML): 0.256732 0.257753 0.247817 0.237698 
   Substitution rates (ML): 0.863060 0.901348 0.933915 0.970242 0.928267 1.000000 
Bootstrap trees saved to: /home/morelbt/github/BenoitDatasets/families/alesim_s30_f50_sites200_d2.0_l1.0_seed42/pargenes/mlsearch_run/bootstraps/10_prunedfasta/10_prunedfasta_bs7.raxml.bootstraps

Execution log saved to: /home/morelbt/github/BenoitDatasets/families/alesim_s30_f50_sites200_d2.0_l1.0_seed42/pargenes/mlsearch_run/bootstraps/10_prunedfasta/10_prunedfasta_bs7.raxml.log

Analysis started: 11-Dec-2018 20:15:52 / finished: 11-Dec-2018 20:41:40

Elapsed time: 1547.861 seconds

