
RAxML-NG v. 0.6.0git BETA released on 27.07.2018 by The Exelixis Lab.
Authors: Alexey Kozlov, Alexandros Stamatakis, Diego Darriba, Tomas Flouri, Benoit Morel.
Latest version: https://github.com/amkozlov/raxml-ng
Questions/problems/suggestions? Please visit: https://groups.google.com/forum/#!forum/raxml

WARNING: This is a BETA release, please use at your own risk!

RAxML-NG was called as follows:

mpi-scheduler --msa ../BenoitDatasets/families/jsim_s27_f100_sites1000_d2.0_l1.0_seed6/pargenes/parse_run/results/30_fasta/30_fasta.raxml.rba --blopt nr_safe --model GTR --prefix ../BenoitDatasets/families/jsim_s27_f100_sites1000_d2.0_l1.0_seed6/pargenes/mlsearch_run/results/30_fasta/30_fasta --threads 1 --seed 1

Analysis options:
  run mode: ML tree search
  start tree(s): random (1)
  random seed: 1
  tip-inner: ON
  pattern compression: ON
  per-rate scalers: OFF
  site repeats: OFF
  fast spr radius: AUTO
  spr subtree cutoff: 1.000000
  branch lengths: linked (ML estimate, algorithm: NR-SAFE)
  SIMD kernels: AVX2
  parallelization: NONE/sequential

WARNING: The model you specified on the command line (GTR) will be ignored 
         since the binary MSA file already contains a model definition.
         If you want to change the model, please re-run RAxML-NG 
         with the original PHYLIP/FASTA alignment and --redo option.

[00:00:00] Loading binary alignment from file: ../BenoitDatasets/families/jsim_s27_f100_sites1000_d2.0_l1.0_seed6/pargenes/parse_run/results/30_fasta/30_fasta.raxml.rba
[00:00:00] Alignment comprises 22 taxa, 1 partitions and 998 patterns

Partition 0: noname
Model: GTR+FO
Alignment sites / patterns: 1000 / 998
Gaps: 0.00 %
Invariant sites: 0.10 %


[00:00:00] Generating 1 random starting tree(s) with 22 taxa
[00:00:00] Data distribution: max. partitions/sites/weight per thread: 1 / 998 / 3992

Starting ML tree search with 1 distinct starting trees

[00:00:00 -30210.605863] Initial branch length optimization
[00:00:00 -25120.359613] Model parameter optimization (eps = 10.000000)
[00:00:00 -25110.723842] AUTODETECT spr round 1 (radius: 5)
[00:00:00 -20383.427618] AUTODETECT spr round 2 (radius: 10)
[00:00:00 -20165.709145] AUTODETECT spr round 3 (radius: 15)
[00:00:00 -20165.703497] SPR radius for FAST iterations: 10 (autodetect)
[00:00:00 -20165.703497] Model parameter optimization (eps = 3.000000)
[00:00:00 -20162.008710] FAST spr round 1 (radius: 10)
[00:00:00 -19846.908554] FAST spr round 2 (radius: 10)
[00:00:01 -19845.412292] FAST spr round 3 (radius: 10)
[00:00:01 -19844.793631] FAST spr round 4 (radius: 10)
[00:00:01 -19844.793422] Model parameter optimization (eps = 1.000000)
[00:00:01 -19844.537500] SLOW spr round 1 (radius: 5)
[00:00:02 -19844.537463] SLOW spr round 2 (radius: 10)
[00:00:03 -19844.537462] SLOW spr round 3 (radius: 15)
[00:00:03 -19844.537461] SLOW spr round 4 (radius: 20)
[00:00:03 -19844.537461] Model parameter optimization (eps = 0.100000)

[00:00:03] ML tree search #1, logLikelihood: -19844.513001


Optimized model parameters:

   Partition 0: noname
   Rate heterogeneity: NONE
   Base frequencies (ML): 0.250986 0.248442 0.260046 0.240526 
   Substitution rates (ML): 0.963979 0.881633 0.969491 1.005774 1.002625 1.000000 

Final LogLikelihood: -19844.513001

Best ML tree saved to: /home/morelbt/github/BenoitDatasets/families/jsim_s27_f100_sites1000_d2.0_l1.0_seed6/pargenes/mlsearch_run/results/30_fasta/30_fasta.raxml.bestTree
Optimized model saved to: /home/morelbt/github/BenoitDatasets/families/jsim_s27_f100_sites1000_d2.0_l1.0_seed6/pargenes/mlsearch_run/results/30_fasta/30_fasta.raxml.bestModel

Execution log saved to: /home/morelbt/github/BenoitDatasets/families/jsim_s27_f100_sites1000_d2.0_l1.0_seed6/pargenes/mlsearch_run/results/30_fasta/30_fasta.raxml.log

Analysis started: 07-Dec-2018 15:56:04 / finished: 07-Dec-2018 15:56:08

Elapsed time: 3.504 seconds

