
RAxML-NG v. 0.6.0git BETA released on 27.07.2018 by The Exelixis Lab.
Authors: Alexey Kozlov, Alexandros Stamatakis, Diego Darriba, Tomas Flouri, Benoit Morel.
Latest version: https://github.com/amkozlov/raxml-ng
Questions/problems/suggestions? Please visit: https://groups.google.com/forum/#!forum/raxml

WARNING: This is a BETA release, please use at your own risk!

RAxML-NG was called as follows:

mpi-scheduler --bootstrap --msa ../BenoitDatasets/families/jsim_s27_f100_sites200_d6.0_l3.0_seed6/pargenes/parse_run/results/98_fasta/98_fasta.raxml.rba --blopt nr_safe --model GTR --prefix ../BenoitDatasets/families/jsim_s27_f100_sites200_d6.0_l3.0_seed6/pargenes/mlsearch_run/bootstraps/98_fasta/98_fasta_bs7 --threads 1 --seed 8 --bs-trees 10

Analysis options:
  run mode: Bootstrapping
  start tree(s): 
  bootstrap replicates: 10
  random seed: 8
  tip-inner: ON
  pattern compression: ON
  per-rate scalers: OFF
  site repeats: OFF
  branch lengths: linked (ML estimate, algorithm: NR-SAFE)
  SIMD kernels: AVX2
  parallelization: NONE/sequential

WARNING: The model you specified on the command line (GTR) will be ignored 
         since the binary MSA file already contains a model definition.
         If you want to change the model, please re-run RAxML-NG 
         with the original PHYLIP/FASTA alignment and --redo option.

[00:00:00] Loading binary alignment from file: ../BenoitDatasets/families/jsim_s27_f100_sites200_d6.0_l3.0_seed6/pargenes/parse_run/results/98_fasta/98_fasta.raxml.rba
[00:00:00] Alignment comprises 9 taxa, 1 partitions and 158 patterns

Partition 0: noname
Model: GTR+FO
Alignment sites / patterns: 200 / 158
Gaps: 0.00 %
Invariant sites: 2.00 %


[00:00:00] Data distribution: max. partitions/sites/weight per thread: 1 / 158 / 632
[00:00:00] Starting bootstrapping analysis with 10 replicates.

[00:00:00] Bootstrap tree #1, logLikelihood: -1481.224378
[00:00:00] Bootstrap tree #2, logLikelihood: -1525.087511
[00:00:00] Bootstrap tree #3, logLikelihood: -1516.822486
[00:00:00] Bootstrap tree #4, logLikelihood: -1561.115072
[00:00:00] Bootstrap tree #5, logLikelihood: -1484.009074
[00:00:00] Bootstrap tree #6, logLikelihood: -1585.052613
[00:00:00] Bootstrap tree #7, logLikelihood: -1509.692130
[00:00:00] Bootstrap tree #8, logLikelihood: -1548.489802
[00:00:00] Bootstrap tree #9, logLikelihood: -1542.148470
[00:00:00] Bootstrap tree #10, logLikelihood: -1469.639314

Optimized model parameters:

   Partition 0: noname
   Rate heterogeneity: NONE
   Base frequencies (ML): 0.311989 0.218187 0.186635 0.283189 
   Substitution rates (ML): 0.456642 0.787245 0.599054 1.267634 0.657613 1.000000 
Bootstrap trees saved to: /home/morelbt/github/BenoitDatasets/families/jsim_s27_f100_sites200_d6.0_l3.0_seed6/pargenes/mlsearch_run/bootstraps/98_fasta/98_fasta_bs7.raxml.bootstraps

Execution log saved to: /home/morelbt/github/BenoitDatasets/families/jsim_s27_f100_sites200_d6.0_l3.0_seed6/pargenes/mlsearch_run/bootstraps/98_fasta/98_fasta_bs7.raxml.log

Analysis started: 07-Dec-2018 15:32:58 / finished: 07-Dec-2018 15:32:59

Elapsed time: 0.837 seconds

