
RAxML-NG v. 0.6.0git BETA released on 27.07.2018 by The Exelixis Lab.
Authors: Alexey Kozlov, Alexandros Stamatakis, Diego Darriba, Tomas Flouri, Benoit Morel.
Latest version: https://github.com/amkozlov/raxml-ng
Questions/problems/suggestions? Please visit: https://groups.google.com/forum/#!forum/raxml

WARNING: This is a BETA release, please use at your own risk!

RAxML-NG was called as follows:

mpi-scheduler --msa ../BenoitDatasets/families/jsim_s8_f100_sites300_d2.0_l1.0_t0.5_seed6/pargenes/parse_run/results/95_pruned_fasta/95_pruned_fasta.raxml.rba --blopt nr_safe --model GTR --prefix ../BenoitDatasets/families/jsim_s8_f100_sites300_d2.0_l1.0_t0.5_seed6/pargenes/mlsearch_run/results/95_pruned_fasta/95_pruned_fasta --threads 1 --seed 1

Analysis options:
  run mode: ML tree search
  start tree(s): random (1)
  random seed: 1
  tip-inner: ON
  pattern compression: ON
  per-rate scalers: OFF
  site repeats: OFF
  fast spr radius: AUTO
  spr subtree cutoff: 1.000000
  branch lengths: linked (ML estimate, algorithm: NR-SAFE)
  SIMD kernels: AVX2
  parallelization: NONE/sequential

WARNING: The model you specified on the command line (GTR) will be ignored 
         since the binary MSA file already contains a model definition.
         If you want to change the model, please re-run RAxML-NG 
         with the original PHYLIP/FASTA alignment and --redo option.

[00:00:00] Loading binary alignment from file: ../BenoitDatasets/families/jsim_s8_f100_sites300_d2.0_l1.0_t0.5_seed6/pargenes/parse_run/results/95_pruned_fasta/95_pruned_fasta.raxml.rba
[00:00:00] Alignment comprises 4 taxa, 1 partitions and 132 patterns

Partition 0: noname
Model: GTR+FO
Alignment sites / patterns: 300 / 132
Gaps: 0.00 %
Invariant sites: 1.33 %


[00:00:00] Generating 1 random starting tree(s) with 4 taxa
[00:00:00] Data distribution: max. partitions/sites/weight per thread: 1 / 132 / 528

Starting ML tree search with 1 distinct starting trees

[00:00:00 -1832.943643] Initial branch length optimization
[00:00:00 -1526.144696] Model parameter optimization (eps = 10.000000)
[00:00:00 -1516.220618] SPR radius for FAST iterations: 5 (autodetect)
[00:00:00 -1516.220618] Model parameter optimization (eps = 3.000000)
[00:00:00 -1516.130812] FAST spr round 1 (radius: 5)
[00:00:00 -1478.860175] FAST spr round 2 (radius: 5)
[00:00:00 -1478.859713] Model parameter optimization (eps = 1.000000)
[00:00:00 -1477.316166] SLOW spr round 1 (radius: 5)
[00:00:00 -1477.311228] Model parameter optimization (eps = 0.100000)

[00:00:00] ML tree search #1, logLikelihood: -1477.310578


Optimized model parameters:

   Partition 0: noname
   Rate heterogeneity: NONE
   Base frequencies (ML): 0.258426 0.234163 0.271715 0.235696 
   Substitution rates (ML): 0.892125 1.517954 1.494017 0.901842 1.627412 1.000000 

Final LogLikelihood: -1477.310578

Best ML tree saved to: /home/morelbt/github/BenoitDatasets/families/jsim_s8_f100_sites300_d2.0_l1.0_t0.5_seed6/pargenes/mlsearch_run/results/95_pruned_fasta/95_pruned_fasta.raxml.bestTree
Optimized model saved to: /home/morelbt/github/BenoitDatasets/families/jsim_s8_f100_sites300_d2.0_l1.0_t0.5_seed6/pargenes/mlsearch_run/results/95_pruned_fasta/95_pruned_fasta.raxml.bestModel

Execution log saved to: /home/morelbt/github/BenoitDatasets/families/jsim_s8_f100_sites300_d2.0_l1.0_t0.5_seed6/pargenes/mlsearch_run/results/95_pruned_fasta/95_pruned_fasta.raxml.log

Analysis started: 14-Jan-2019 13:37:49 / finished: 14-Jan-2019 13:37:49

Elapsed time: 0.022 seconds

