
RAxML-NG v. 0.6.0git BETA released on 27.07.2018 by The Exelixis Lab.
Authors: Alexey Kozlov, Alexandros Stamatakis, Diego Darriba, Tomas Flouri, Benoit Morel.
Latest version: https://github.com/amkozlov/raxml-ng
Questions/problems/suggestions? Please visit: https://groups.google.com/forum/#!forum/raxml

WARNING: This is a BETA release, please use at your own risk!

RAxML-NG was called as follows:

mpi-scheduler --bootstrap --msa ../BenoitDatasets/families/alesim_s30_f50_sites200_d2.0_l1.0_seed42/pargenes/parse_run/results/47_prunedfasta/47_prunedfasta.raxml.rba --blopt nr_safe --model GTR --prefix ../BenoitDatasets/families/alesim_s30_f50_sites200_d2.0_l1.0_seed42/pargenes/mlsearch_run/bootstraps/47_prunedfasta/47_prunedfasta_bs7 --threads 1 --seed 8 --bs-trees 10

Analysis options:
  run mode: Bootstrapping
  start tree(s): 
  bootstrap replicates: 10
  random seed: 8
  tip-inner: ON
  pattern compression: ON
  per-rate scalers: OFF
  site repeats: OFF
  branch lengths: linked (ML estimate, algorithm: NR-SAFE)
  SIMD kernels: AVX2
  parallelization: NONE/sequential

WARNING: The model you specified on the command line (GTR) will be ignored 
         since the binary MSA file already contains a model definition.
         If you want to change the model, please re-run RAxML-NG 
         with the original PHYLIP/FASTA alignment and --redo option.

[00:00:00] Loading binary alignment from file: ../BenoitDatasets/families/alesim_s30_f50_sites200_d2.0_l1.0_seed42/pargenes/parse_run/results/47_prunedfasta/47_prunedfasta.raxml.rba
[00:00:00] Alignment comprises 127 taxa, 1 partitions and 200 patterns

Partition 0: noname
Model: GTR+FO
Alignment sites / patterns: 200 / 200
Gaps: 0.00 %
Invariant sites: 0.00 %


[00:00:00] Data distribution: max. partitions/sites/weight per thread: 1 / 200 / 800
[00:00:00] Starting bootstrapping analysis with 10 replicates.

[00:00:06] Bootstrap tree #1, logLikelihood: -8670.853791
[00:00:13] Bootstrap tree #2, logLikelihood: -8477.184317
[00:00:20] Bootstrap tree #3, logLikelihood: -8523.937673
[00:00:27] Bootstrap tree #4, logLikelihood: -7985.158615
[00:00:34] Bootstrap tree #5, logLikelihood: -8386.599832
[00:00:42] Bootstrap tree #6, logLikelihood: -8391.550763
[00:00:50] Bootstrap tree #7, logLikelihood: -8637.405429
[00:00:56] Bootstrap tree #8, logLikelihood: -8359.603644
[00:01:03] Bootstrap tree #9, logLikelihood: -8461.338805
[00:01:10] Bootstrap tree #10, logLikelihood: -8197.862844

Optimized model parameters:

   Partition 0: noname
   Rate heterogeneity: NONE
   Base frequencies (ML): 0.267508 0.257561 0.244909 0.230023 
   Substitution rates (ML): 0.750904 0.768531 0.990737 1.049505 1.112154 1.000000 
Bootstrap trees saved to: /home/morelbt/github/BenoitDatasets/families/alesim_s30_f50_sites200_d2.0_l1.0_seed42/pargenes/mlsearch_run/bootstraps/47_prunedfasta/47_prunedfasta_bs7.raxml.bootstraps

Execution log saved to: /home/morelbt/github/BenoitDatasets/families/alesim_s30_f50_sites200_d2.0_l1.0_seed42/pargenes/mlsearch_run/bootstraps/47_prunedfasta/47_prunedfasta_bs7.raxml.log

Analysis started: 11-Dec-2018 20:55:14 / finished: 11-Dec-2018 20:56:24

Elapsed time: 70.078 seconds

