
RAxML-NG v. 0.6.0git BETA released on 27.07.2018 by The Exelixis Lab.
Authors: Alexey Kozlov, Alexandros Stamatakis, Diego Darriba, Tomas Flouri, Benoit Morel.
Latest version: https://github.com/amkozlov/raxml-ng
Questions/problems/suggestions? Please visit: https://groups.google.com/forum/#!forum/raxml

WARNING: This is a BETA release, please use at your own risk!

RAxML-NG was called as follows:

mpi-scheduler --msa ../BenoitDatasets/families/alesim_s20_f50_sites400_d1.0_l0.5_t0.5_seed42/pargenes/parse_run/results/49_pruned_fasta/49_pruned_fasta.raxml.rba --blopt nr_safe --model GTR --prefix ../BenoitDatasets/families/alesim_s20_f50_sites400_d1.0_l0.5_t0.5_seed42/pargenes/mlsearch_run/results/49_pruned_fasta/49_pruned_fasta --threads 1 --seed 1

Analysis options:
  run mode: ML tree search
  start tree(s): random (1)
  random seed: 1
  tip-inner: ON
  pattern compression: ON
  per-rate scalers: OFF
  site repeats: OFF
  fast spr radius: AUTO
  spr subtree cutoff: 1.000000
  branch lengths: linked (ML estimate, algorithm: NR-SAFE)
  SIMD kernels: AVX2
  parallelization: NONE/sequential

WARNING: The model you specified on the command line (GTR) will be ignored 
         since the binary MSA file already contains a model definition.
         If you want to change the model, please re-run RAxML-NG 
         with the original PHYLIP/FASTA alignment and --redo option.

[00:00:00] Loading binary alignment from file: ../BenoitDatasets/families/alesim_s20_f50_sites400_d1.0_l0.5_t0.5_seed42/pargenes/parse_run/results/49_pruned_fasta/49_pruned_fasta.raxml.rba
[00:00:00] Alignment comprises 40 taxa, 1 partitions and 400 patterns

Partition 0: noname
Model: GTR+FO
Alignment sites / patterns: 400 / 400
Gaps: 0.00 %
Invariant sites: 0.50 %


[00:00:00] Generating 1 random starting tree(s) with 40 taxa
[00:00:00] Data distribution: max. partitions/sites/weight per thread: 1 / 400 / 1600

Starting ML tree search with 1 distinct starting trees

[00:00:00 -21100.484885] Initial branch length optimization
[00:00:00 -16001.993515] Model parameter optimization (eps = 10.000000)
[00:00:00 -15973.060375] AUTODETECT spr round 1 (radius: 5)
[00:00:00 -10539.544725] AUTODETECT spr round 2 (radius: 10)
[00:00:00 -9303.928457] AUTODETECT spr round 3 (radius: 15)
[00:00:00 -9293.411854] AUTODETECT spr round 4 (radius: 20)
[00:00:00 -9293.401377] SPR radius for FAST iterations: 15 (autodetect)
[00:00:00 -9293.401377] Model parameter optimization (eps = 3.000000)
[00:00:00 -9283.169274] FAST spr round 1 (radius: 15)
[00:00:00 -8520.703639] FAST spr round 2 (radius: 15)
[00:00:00 -8133.341099] FAST spr round 3 (radius: 15)
[00:00:01 -8131.022640] FAST spr round 4 (radius: 15)
[00:00:01 -8131.021931] Model parameter optimization (eps = 1.000000)
[00:00:01 -8129.202326] SLOW spr round 1 (radius: 5)
[00:00:02 -8129.201384] SLOW spr round 2 (radius: 10)
[00:00:02 -8129.201279] SLOW spr round 3 (radius: 15)
[00:00:03 -8129.201260] SLOW spr round 4 (radius: 20)
[00:00:03 -8129.201256] SLOW spr round 5 (radius: 25)
[00:00:03 -8129.201254] Model parameter optimization (eps = 0.100000)

[00:00:03] ML tree search #1, logLikelihood: -8129.196966


Optimized model parameters:

   Partition 0: noname
   Rate heterogeneity: NONE
   Base frequencies (ML): 0.244773 0.247889 0.228094 0.279244 
   Substitution rates (ML): 1.053463 1.287005 1.078343 1.236899 1.113128 1.000000 

Final LogLikelihood: -8129.196966

Best ML tree saved to: /home/morelbt/github/BenoitDatasets/families/alesim_s20_f50_sites400_d1.0_l0.5_t0.5_seed42/pargenes/mlsearch_run/results/49_pruned_fasta/49_pruned_fasta.raxml.bestTree
Optimized model saved to: /home/morelbt/github/BenoitDatasets/families/alesim_s20_f50_sites400_d1.0_l0.5_t0.5_seed42/pargenes/mlsearch_run/results/49_pruned_fasta/49_pruned_fasta.raxml.bestModel

Execution log saved to: /home/morelbt/github/BenoitDatasets/families/alesim_s20_f50_sites400_d1.0_l0.5_t0.5_seed42/pargenes/mlsearch_run/results/49_pruned_fasta/49_pruned_fasta.raxml.log

Analysis started: 22-Jan-2019 14:47:15 / finished: 22-Jan-2019 14:47:19

Elapsed time: 3.099 seconds

