
RAxML-NG v. 0.6.0git BETA released on 27.07.2018 by The Exelixis Lab.
Authors: Alexey Kozlov, Alexandros Stamatakis, Diego Darriba, Tomas Flouri, Benoit Morel.
Latest version: https://github.com/amkozlov/raxml-ng
Questions/problems/suggestions? Please visit: https://groups.google.com/forum/#!forum/raxml

WARNING: This is a BETA release, please use at your own risk!

RAxML-NG was called as follows:

mpi-scheduler --bootstrap --msa ../BenoitDatasets/families/alesim_s20_f50_sites400_d1.0_l0.5_seed42/pargenes/parse_run/results/29_prunedfasta/29_prunedfasta.raxml.rba --blopt nr_safe --model GTR --prefix ../BenoitDatasets/families/alesim_s20_f50_sites400_d1.0_l0.5_seed42/pargenes/mlsearch_run/bootstraps/29_prunedfasta/29_prunedfasta_bs0 --threads 1 --seed 1 --bs-trees 10

Analysis options:
  run mode: Bootstrapping
  start tree(s): 
  bootstrap replicates: 10
  random seed: 1
  tip-inner: ON
  pattern compression: ON
  per-rate scalers: OFF
  site repeats: OFF
  branch lengths: linked (ML estimate, algorithm: NR-SAFE)
  SIMD kernels: AVX2
  parallelization: NONE/sequential

WARNING: The model you specified on the command line (GTR) will be ignored 
         since the binary MSA file already contains a model definition.
         If you want to change the model, please re-run RAxML-NG 
         with the original PHYLIP/FASTA alignment and --redo option.

[00:00:00] Loading binary alignment from file: ../BenoitDatasets/families/alesim_s20_f50_sites400_d1.0_l0.5_seed42/pargenes/parse_run/results/29_prunedfasta/29_prunedfasta.raxml.rba
[00:00:00] Alignment comprises 26 taxa, 1 partitions and 371 patterns

Partition 0: noname
Model: GTR+FO
Alignment sites / patterns: 400 / 371
Gaps: 0.00 %
Invariant sites: 1.00 %


[00:00:00] Data distribution: max. partitions/sites/weight per thread: 1 / 371 / 1484
[00:00:00] Starting bootstrapping analysis with 10 replicates.

[00:00:00] Bootstrap tree #1, logLikelihood: -4887.560254
[00:00:01] Bootstrap tree #2, logLikelihood: -4843.460574
[00:00:03] Bootstrap tree #3, logLikelihood: -4918.423262
[00:00:05] Bootstrap tree #4, logLikelihood: -4773.826675
[00:00:06] Bootstrap tree #5, logLikelihood: -4840.623878
[00:00:07] Bootstrap tree #6, logLikelihood: -4911.442977
[00:00:07] Bootstrap tree #7, logLikelihood: -4851.614029
[00:00:08] Bootstrap tree #8, logLikelihood: -4974.035547
[00:00:09] Bootstrap tree #9, logLikelihood: -4871.894772
[00:00:11] Bootstrap tree #10, logLikelihood: -5014.215510

Optimized model parameters:

   Partition 0: noname
   Rate heterogeneity: NONE
   Base frequencies (ML): 0.246623 0.239232 0.244963 0.269182 
   Substitution rates (ML): 0.893480 1.051022 0.888475 1.131901 0.784495 1.000000 
Bootstrap trees saved to: /home/morelbt/github/BenoitDatasets/families/alesim_s20_f50_sites400_d1.0_l0.5_seed42/pargenes/mlsearch_run/bootstraps/29_prunedfasta/29_prunedfasta_bs0.raxml.bootstraps

Execution log saved to: /home/morelbt/github/BenoitDatasets/families/alesim_s20_f50_sites400_d1.0_l0.5_seed42/pargenes/mlsearch_run/bootstraps/29_prunedfasta/29_prunedfasta_bs0.raxml.log

Analysis started: 11-Dec-2018 15:34:43 / finished: 11-Dec-2018 15:34:54

Elapsed time: 11.029 seconds

