
RAxML-NG v. 0.6.0git BETA released on 27.07.2018 by The Exelixis Lab.
Authors: Alexey Kozlov, Alexandros Stamatakis, Diego Darriba, Tomas Flouri, Benoit Morel.
Latest version: https://github.com/amkozlov/raxml-ng
Questions/problems/suggestions? Please visit: https://groups.google.com/forum/#!forum/raxml

WARNING: This is a BETA release, please use at your own risk!

RAxML-NG was called as follows:

mpi-scheduler --bootstrap --msa ../BenoitDatasets/families/jsim_s27_f100_sites1000_d2.0_l1.0_seed6/pargenes/parse_run/results/22_fasta/22_fasta.raxml.rba --blopt nr_safe --model GTR --prefix ../BenoitDatasets/families/jsim_s27_f100_sites1000_d2.0_l1.0_seed6/pargenes/mlsearch_run/bootstraps/22_fasta/22_fasta_bs2 --threads 1 --seed 3 --bs-trees 10

Analysis options:
  run mode: Bootstrapping
  start tree(s): 
  bootstrap replicates: 10
  random seed: 3
  tip-inner: ON
  pattern compression: ON
  per-rate scalers: OFF
  site repeats: OFF
  branch lengths: linked (ML estimate, algorithm: NR-SAFE)
  SIMD kernels: AVX2
  parallelization: NONE/sequential

WARNING: The model you specified on the command line (GTR) will be ignored 
         since the binary MSA file already contains a model definition.
         If you want to change the model, please re-run RAxML-NG 
         with the original PHYLIP/FASTA alignment and --redo option.

[00:00:00] Loading binary alignment from file: ../BenoitDatasets/families/jsim_s27_f100_sites1000_d2.0_l1.0_seed6/pargenes/parse_run/results/22_fasta/22_fasta.raxml.rba
[00:00:00] Alignment comprises 14 taxa, 1 partitions and 976 patterns

Partition 0: noname
Model: GTR+FO
Alignment sites / patterns: 1000 / 976
Gaps: 0.00 %
Invariant sites: 0.30 %


[00:00:00] Data distribution: max. partitions/sites/weight per thread: 1 / 976 / 3904
[00:00:00] Starting bootstrapping analysis with 10 replicates.

[00:00:01] Bootstrap tree #1, logLikelihood: -12560.293000
[00:00:02] Bootstrap tree #2, logLikelihood: -12683.180880
[00:00:03] Bootstrap tree #3, logLikelihood: -12727.299744
[00:00:05] Bootstrap tree #4, logLikelihood: -12499.343263
[00:00:06] Bootstrap tree #5, logLikelihood: -12646.993149
[00:00:07] Bootstrap tree #6, logLikelihood: -12584.858864
[00:00:08] Bootstrap tree #7, logLikelihood: -12527.755622
[00:00:09] Bootstrap tree #8, logLikelihood: -12584.777687
[00:00:11] Bootstrap tree #9, logLikelihood: -12622.000648
[00:00:12] Bootstrap tree #10, logLikelihood: -12557.994104

Optimized model parameters:

   Partition 0: noname
   Rate heterogeneity: NONE
   Base frequencies (ML): 0.270910 0.234929 0.248142 0.246020 
   Substitution rates (ML): 1.080934 1.014151 1.070876 1.153315 1.186480 1.000000 
Bootstrap trees saved to: /home/morelbt/github/BenoitDatasets/families/jsim_s27_f100_sites1000_d2.0_l1.0_seed6/pargenes/mlsearch_run/bootstraps/22_fasta/22_fasta_bs2.raxml.bootstraps

Execution log saved to: /home/morelbt/github/BenoitDatasets/families/jsim_s27_f100_sites1000_d2.0_l1.0_seed6/pargenes/mlsearch_run/bootstraps/22_fasta/22_fasta_bs2.raxml.log

Analysis started: 07-Dec-2018 15:55:01 / finished: 07-Dec-2018 15:55:13

Elapsed time: 12.241 seconds

