
RAxML-NG v. 0.6.0git BETA released on 27.07.2018 by The Exelixis Lab.
Authors: Alexey Kozlov, Alexandros Stamatakis, Diego Darriba, Tomas Flouri, Benoit Morel.
Latest version: https://github.com/amkozlov/raxml-ng
Questions/problems/suggestions? Please visit: https://groups.google.com/forum/#!forum/raxml

WARNING: This is a BETA release, please use at your own risk!

RAxML-NG was called as follows:

mpi-scheduler --msa ../BenoitDatasets/families/jsim_s27_f100_sites200_d0.2_l0.1_seed6/pargenes/parse_run/results/4_fasta/4_fasta.raxml.rba --blopt nr_safe --model GTR --prefix ../BenoitDatasets/families/jsim_s27_f100_sites200_d0.2_l0.1_seed6/pargenes/mlsearch_run/results/4_fasta/4_fasta --threads 1 --seed 1

Analysis options:
  run mode: ML tree search
  start tree(s): random (1)
  random seed: 1
  tip-inner: ON
  pattern compression: ON
  per-rate scalers: OFF
  site repeats: OFF
  fast spr radius: AUTO
  spr subtree cutoff: 1.000000
  branch lengths: linked (ML estimate, algorithm: NR-SAFE)
  SIMD kernels: AVX2
  parallelization: NONE/sequential

WARNING: The model you specified on the command line (GTR) will be ignored 
         since the binary MSA file already contains a model definition.
         If you want to change the model, please re-run RAxML-NG 
         with the original PHYLIP/FASTA alignment and --redo option.

[00:00:00] Loading binary alignment from file: ../BenoitDatasets/families/jsim_s27_f100_sites200_d0.2_l0.1_seed6/pargenes/parse_run/results/4_fasta/4_fasta.raxml.rba
[00:00:00] Alignment comprises 13 taxa, 1 partitions and 200 patterns

Partition 0: noname
Model: GTR+FO
Alignment sites / patterns: 200 / 200
Gaps: 0.00 %
Invariant sites: 0.00 %


[00:00:00] Generating 1 random starting tree(s) with 13 taxa
[00:00:00] Data distribution: max. partitions/sites/weight per thread: 1 / 200 / 800

Starting ML tree search with 1 distinct starting trees

[00:00:00 -3964.995708] Initial branch length optimization
[00:00:00 -3250.197174] Model parameter optimization (eps = 10.000000)
[00:00:00 -3241.993647] AUTODETECT spr round 1 (radius: 5)
[00:00:00 -2967.551481] AUTODETECT spr round 2 (radius: 10)
[00:00:00 -2967.506294] SPR radius for FAST iterations: 5 (autodetect)
[00:00:00 -2967.506294] Model parameter optimization (eps = 3.000000)
[00:00:00 -2965.254532] FAST spr round 1 (radius: 5)
[00:00:00 -2956.780689] FAST spr round 2 (radius: 5)
[00:00:00 -2956.171377] FAST spr round 3 (radius: 5)
[00:00:00 -2956.170713] Model parameter optimization (eps = 1.000000)
[00:00:00 -2955.920241] SLOW spr round 1 (radius: 5)
[00:00:00 -2955.918021] SLOW spr round 2 (radius: 10)
[00:00:00 -2955.917938] Model parameter optimization (eps = 0.100000)

[00:00:00] ML tree search #1, logLikelihood: -2955.917234


Optimized model parameters:

   Partition 0: noname
   Rate heterogeneity: NONE
   Base frequencies (ML): 0.246121 0.283029 0.234951 0.235899 
   Substitution rates (ML): 1.280190 1.501035 1.501698 1.098624 1.096614 1.000000 

Final LogLikelihood: -2955.917234

Best ML tree saved to: /home/morelbt/github/BenoitDatasets/families/jsim_s27_f100_sites200_d0.2_l0.1_seed6/pargenes/mlsearch_run/results/4_fasta/4_fasta.raxml.bestTree
Optimized model saved to: /home/morelbt/github/BenoitDatasets/families/jsim_s27_f100_sites200_d0.2_l0.1_seed6/pargenes/mlsearch_run/results/4_fasta/4_fasta.raxml.bestModel

Execution log saved to: /home/morelbt/github/BenoitDatasets/families/jsim_s27_f100_sites200_d0.2_l0.1_seed6/pargenes/mlsearch_run/results/4_fasta/4_fasta.raxml.log

Analysis started: 07-Dec-2018 16:06:19 / finished: 07-Dec-2018 16:06:20

Elapsed time: 0.324 seconds

