
RAxML-NG v. 0.6.0git BETA released on 27.07.2018 by The Exelixis Lab.
Authors: Alexey Kozlov, Alexandros Stamatakis, Diego Darriba, Tomas Flouri, Benoit Morel.
Latest version: https://github.com/amkozlov/raxml-ng
Questions/problems/suggestions? Please visit: https://groups.google.com/forum/#!forum/raxml

WARNING: This is a BETA release, please use at your own risk!

RAxML-NG was called as follows:

mpi-scheduler --bootstrap --msa ../BenoitDatasets/families/alesim_s30_f50_sites200_d2.0_l1.0_seed42/pargenes/parse_run/results/3_prunedfasta/3_prunedfasta.raxml.rba --blopt nr_safe --model GTR --prefix ../BenoitDatasets/families/alesim_s30_f50_sites200_d2.0_l1.0_seed42/pargenes/mlsearch_run/bootstraps/3_prunedfasta/3_prunedfasta_bs7 --threads 1 --seed 8 --bs-trees 10

Analysis options:
  run mode: Bootstrapping
  start tree(s): 
  bootstrap replicates: 10
  random seed: 8
  tip-inner: ON
  pattern compression: ON
  per-rate scalers: OFF
  site repeats: OFF
  branch lengths: linked (ML estimate, algorithm: NR-SAFE)
  SIMD kernels: AVX2
  parallelization: NONE/sequential

WARNING: The model you specified on the command line (GTR) will be ignored 
         since the binary MSA file already contains a model definition.
         If you want to change the model, please re-run RAxML-NG 
         with the original PHYLIP/FASTA alignment and --redo option.

[00:00:00] Loading binary alignment from file: ../BenoitDatasets/families/alesim_s30_f50_sites200_d2.0_l1.0_seed42/pargenes/parse_run/results/3_prunedfasta/3_prunedfasta.raxml.rba
[00:00:00] Alignment comprises 44 taxa, 1 partitions and 199 patterns

Partition 0: noname
Model: GTR+FO
Alignment sites / patterns: 200 / 199
Gaps: 0.00 %
Invariant sites: 0.50 %


[00:00:00] Data distribution: max. partitions/sites/weight per thread: 1 / 199 / 796
[00:00:00] Starting bootstrapping analysis with 10 replicates.

[00:00:01] Bootstrap tree #1, logLikelihood: -3495.494757
[00:00:02] Bootstrap tree #2, logLikelihood: -3445.866893
[00:00:03] Bootstrap tree #3, logLikelihood: -3293.004020
[00:00:04] Bootstrap tree #4, logLikelihood: -3486.957731
[00:00:05] Bootstrap tree #5, logLikelihood: -3410.809679
[00:00:06] Bootstrap tree #6, logLikelihood: -3390.585625
[00:00:07] Bootstrap tree #7, logLikelihood: -3460.721995
[00:00:08] Bootstrap tree #8, logLikelihood: -3290.575880
[00:00:09] Bootstrap tree #9, logLikelihood: -3433.649530
[00:00:10] Bootstrap tree #10, logLikelihood: -3447.421001

Optimized model parameters:

   Partition 0: noname
   Rate heterogeneity: NONE
   Base frequencies (ML): 0.253956 0.218083 0.250132 0.277829 
   Substitution rates (ML): 1.187380 1.286487 1.108381 1.456773 1.561330 1.000000 
Bootstrap trees saved to: /home/morelbt/github/BenoitDatasets/families/alesim_s30_f50_sites200_d2.0_l1.0_seed42/pargenes/mlsearch_run/bootstraps/3_prunedfasta/3_prunedfasta_bs7.raxml.bootstraps

Execution log saved to: /home/morelbt/github/BenoitDatasets/families/alesim_s30_f50_sites200_d2.0_l1.0_seed42/pargenes/mlsearch_run/bootstraps/3_prunedfasta/3_prunedfasta_bs7.raxml.log

Analysis started: 11-Dec-2018 20:57:33 / finished: 11-Dec-2018 20:57:44

Elapsed time: 10.342 seconds

