
RAxML-NG v. 0.6.0git BETA released on 27.07.2018 by The Exelixis Lab.
Authors: Alexey Kozlov, Alexandros Stamatakis, Diego Darriba, Tomas Flouri, Benoit Morel.
Latest version: https://github.com/amkozlov/raxml-ng
Questions/problems/suggestions? Please visit: https://groups.google.com/forum/#!forum/raxml

WARNING: This is a BETA release, please use at your own risk!

RAxML-NG was called as follows:

mpi-scheduler --bootstrap --msa ../BenoitDatasets/families/jsim_s27_f100_sites200_d6.0_l3.0_seed6/pargenes/parse_run/results/12_fasta/12_fasta.raxml.rba --blopt nr_safe --model GTR --prefix ../BenoitDatasets/families/jsim_s27_f100_sites200_d6.0_l3.0_seed6/pargenes/mlsearch_run/bootstraps/12_fasta/12_fasta_bs5 --threads 1 --seed 6 --bs-trees 10

Analysis options:
  run mode: Bootstrapping
  start tree(s): 
  bootstrap replicates: 10
  random seed: 6
  tip-inner: ON
  pattern compression: ON
  per-rate scalers: OFF
  site repeats: OFF
  branch lengths: linked (ML estimate, algorithm: NR-SAFE)
  SIMD kernels: AVX2
  parallelization: NONE/sequential

WARNING: The model you specified on the command line (GTR) will be ignored 
         since the binary MSA file already contains a model definition.
         If you want to change the model, please re-run RAxML-NG 
         with the original PHYLIP/FASTA alignment and --redo option.

[00:00:00] Loading binary alignment from file: ../BenoitDatasets/families/jsim_s27_f100_sites200_d6.0_l3.0_seed6/pargenes/parse_run/results/12_fasta/12_fasta.raxml.rba
[00:00:00] Alignment comprises 5 taxa, 1 partitions and 70 patterns

Partition 0: noname
Model: GTR+FO
Alignment sites / patterns: 200 / 70
Gaps: 0.00 %
Invariant sites: 2.00 %


[00:00:00] Data distribution: max. partitions/sites/weight per thread: 1 / 70 / 280
[00:00:00] Starting bootstrapping analysis with 10 replicates.

[00:00:00] Bootstrap tree #1, logLikelihood: -851.361193
[00:00:00] Bootstrap tree #2, logLikelihood: -831.909248
[00:00:00] Bootstrap tree #3, logLikelihood: -821.938433
[00:00:00] Bootstrap tree #4, logLikelihood: -820.589619
[00:00:00] Bootstrap tree #5, logLikelihood: -869.129987
[00:00:00] Bootstrap tree #6, logLikelihood: -840.213163
[00:00:00] Bootstrap tree #7, logLikelihood: -809.180877
[00:00:00] Bootstrap tree #8, logLikelihood: -813.156751
[00:00:00] Bootstrap tree #9, logLikelihood: -814.986313
[00:00:00] Bootstrap tree #10, logLikelihood: -847.164734

Optimized model parameters:

   Partition 0: noname
   Rate heterogeneity: NONE
   Base frequencies (ML): 0.315871 0.267303 0.204022 0.212804 
   Substitution rates (ML): 0.892919 0.530668 0.861500 0.842968 0.532448 1.000000 
Bootstrap trees saved to: /home/morelbt/github/BenoitDatasets/families/jsim_s27_f100_sites200_d6.0_l3.0_seed6/pargenes/mlsearch_run/bootstraps/12_fasta/12_fasta_bs5.raxml.bootstraps

Execution log saved to: /home/morelbt/github/BenoitDatasets/families/jsim_s27_f100_sites200_d6.0_l3.0_seed6/pargenes/mlsearch_run/bootstraps/12_fasta/12_fasta_bs5.raxml.log

Analysis started: 07-Dec-2018 15:33:05 / finished: 07-Dec-2018 15:33:05

Elapsed time: 0.142 seconds

