
RAxML-NG v. 0.6.0git BETA released on 27.07.2018 by The Exelixis Lab.
Authors: Alexey Kozlov, Alexandros Stamatakis, Diego Darriba, Tomas Flouri, Benoit Morel.
Latest version: https://github.com/amkozlov/raxml-ng
Questions/problems/suggestions? Please visit: https://groups.google.com/forum/#!forum/raxml

WARNING: This is a BETA release, please use at your own risk!

RAxML-NG was called as follows:

mpi-scheduler --bootstrap --msa ../BenoitDatasets/families/alesim_s30_f50_sites200_d2.0_l1.0_seed42/pargenes/parse_run/results/34_prunedfasta/34_prunedfasta.raxml.rba --blopt nr_safe --model GTR --prefix ../BenoitDatasets/families/alesim_s30_f50_sites200_d2.0_l1.0_seed42/pargenes/mlsearch_run/bootstraps/34_prunedfasta/34_prunedfasta_bs9 --threads 1 --seed 10 --bs-trees 10

Analysis options:
  run mode: Bootstrapping
  start tree(s): 
  bootstrap replicates: 10
  random seed: 10
  tip-inner: ON
  pattern compression: ON
  per-rate scalers: OFF
  site repeats: OFF
  branch lengths: linked (ML estimate, algorithm: NR-SAFE)
  SIMD kernels: AVX2
  parallelization: NONE/sequential

WARNING: The model you specified on the command line (GTR) will be ignored 
         since the binary MSA file already contains a model definition.
         If you want to change the model, please re-run RAxML-NG 
         with the original PHYLIP/FASTA alignment and --redo option.

[00:00:00] Loading binary alignment from file: ../BenoitDatasets/families/alesim_s30_f50_sites200_d2.0_l1.0_seed42/pargenes/parse_run/results/34_prunedfasta/34_prunedfasta.raxml.rba
[00:00:00] Alignment comprises 51 taxa, 1 partitions and 184 patterns

Partition 0: noname
Model: GTR+FO
Alignment sites / patterns: 200 / 184
Gaps: 0.00 %
Invariant sites: 2.00 %


[00:00:00] Data distribution: max. partitions/sites/weight per thread: 1 / 184 / 736
[00:00:00] Starting bootstrapping analysis with 10 replicates.

[00:00:01] Bootstrap tree #1, logLikelihood: -2772.537526
[00:00:02] Bootstrap tree #2, logLikelihood: -2671.698367
[00:00:03] Bootstrap tree #3, logLikelihood: -2879.836387
[00:00:05] Bootstrap tree #4, logLikelihood: -2956.732603
[00:00:06] Bootstrap tree #5, logLikelihood: -2837.999023
[00:00:07] Bootstrap tree #6, logLikelihood: -2761.827432
[00:00:08] Bootstrap tree #7, logLikelihood: -2630.260467
[00:00:09] Bootstrap tree #8, logLikelihood: -2856.342677
[00:00:10] Bootstrap tree #9, logLikelihood: -2889.093644
[00:00:12] Bootstrap tree #10, logLikelihood: -2853.446982

Optimized model parameters:

   Partition 0: noname
   Rate heterogeneity: NONE
   Base frequencies (ML): 0.243783 0.256751 0.247225 0.252241 
   Substitution rates (ML): 1.207486 1.357256 1.035613 1.194930 0.786420 1.000000 
Bootstrap trees saved to: /home/morelbt/github/BenoitDatasets/families/alesim_s30_f50_sites200_d2.0_l1.0_seed42/pargenes/mlsearch_run/bootstraps/34_prunedfasta/34_prunedfasta_bs9.raxml.bootstraps

Execution log saved to: /home/morelbt/github/BenoitDatasets/families/alesim_s30_f50_sites200_d2.0_l1.0_seed42/pargenes/mlsearch_run/bootstraps/34_prunedfasta/34_prunedfasta_bs9.raxml.log

Analysis started: 11-Dec-2018 20:57:28 / finished: 11-Dec-2018 20:57:40

Elapsed time: 12.017 seconds

