
RAxML-NG v. 0.6.0git BETA released on 27.07.2018 by The Exelixis Lab.
Authors: Alexey Kozlov, Alexandros Stamatakis, Diego Darriba, Tomas Flouri, Benoit Morel.
Latest version: https://github.com/amkozlov/raxml-ng
Questions/problems/suggestions? Please visit: https://groups.google.com/forum/#!forum/raxml

WARNING: This is a BETA release, please use at your own risk!

RAxML-NG was called as follows:

mpi-scheduler --bootstrap --msa ../BenoitDatasets/families/jsim_s8_f100_sites300_d2.0_l1.0_t0.5_seed6/pargenes/parse_run/results/16_pruned_fasta/16_pruned_fasta.raxml.rba --blopt nr_safe --model GTR --prefix ../BenoitDatasets/families/jsim_s8_f100_sites300_d2.0_l1.0_t0.5_seed6/pargenes/mlsearch_run/bootstraps/16_pruned_fasta/16_pruned_fasta_bs3 --threads 1 --seed 4 --bs-trees 10

Analysis options:
  run mode: Bootstrapping
  start tree(s): 
  bootstrap replicates: 10
  random seed: 4
  tip-inner: ON
  pattern compression: ON
  per-rate scalers: OFF
  site repeats: OFF
  branch lengths: linked (ML estimate, algorithm: NR-SAFE)
  SIMD kernels: AVX2
  parallelization: NONE/sequential

WARNING: The model you specified on the command line (GTR) will be ignored 
         since the binary MSA file already contains a model definition.
         If you want to change the model, please re-run RAxML-NG 
         with the original PHYLIP/FASTA alignment and --redo option.

[00:00:00] Loading binary alignment from file: ../BenoitDatasets/families/jsim_s8_f100_sites300_d2.0_l1.0_t0.5_seed6/pargenes/parse_run/results/16_pruned_fasta/16_pruned_fasta.raxml.rba
[00:00:00] Alignment comprises 6 taxa, 1 partitions and 131 patterns

Partition 0: noname
Model: GTR+FO
Alignment sites / patterns: 300 / 131
Gaps: 0.00 %
Invariant sites: 1.33 %


[00:00:00] Data distribution: max. partitions/sites/weight per thread: 1 / 131 / 524
[00:00:00] Starting bootstrapping analysis with 10 replicates.

[00:00:00] Bootstrap tree #1, logLikelihood: -1458.900181
[00:00:00] Bootstrap tree #2, logLikelihood: -1492.669849
[00:00:00] Bootstrap tree #3, logLikelihood: -1457.873319
[00:00:00] Bootstrap tree #4, logLikelihood: -1545.727229
[00:00:00] Bootstrap tree #5, logLikelihood: -1439.530289
[00:00:00] Bootstrap tree #6, logLikelihood: -1518.986682
[00:00:00] Bootstrap tree #7, logLikelihood: -1421.551234
[00:00:00] Bootstrap tree #8, logLikelihood: -1493.201530
[00:00:00] Bootstrap tree #9, logLikelihood: -1462.376105
[00:00:00] Bootstrap tree #10, logLikelihood: -1485.634192

Optimized model parameters:

   Partition 0: noname
   Rate heterogeneity: NONE
   Base frequencies (ML): 0.236548 0.222272 0.207597 0.333583 
   Substitution rates (ML): 0.633574 1.932083 1.099141 2.128887 0.910498 1.000000 
Bootstrap trees saved to: /home/morelbt/github/BenoitDatasets/families/jsim_s8_f100_sites300_d2.0_l1.0_t0.5_seed6/pargenes/mlsearch_run/bootstraps/16_pruned_fasta/16_pruned_fasta_bs3.raxml.bootstraps

Execution log saved to: /home/morelbt/github/BenoitDatasets/families/jsim_s8_f100_sites300_d2.0_l1.0_t0.5_seed6/pargenes/mlsearch_run/bootstraps/16_pruned_fasta/16_pruned_fasta_bs3.raxml.log

Analysis started: 14-Jan-2019 13:37:47 / finished: 14-Jan-2019 13:37:48

Elapsed time: 0.312 seconds

