
RAxML-NG v. 0.6.0git BETA released on 27.07.2018 by The Exelixis Lab.
Authors: Alexey Kozlov, Alexandros Stamatakis, Diego Darriba, Tomas Flouri, Benoit Morel.
Latest version: https://github.com/amkozlov/raxml-ng
Questions/problems/suggestions? Please visit: https://groups.google.com/forum/#!forum/raxml

WARNING: This is a BETA release, please use at your own risk!

RAxML-NG was called as follows:

mpi-scheduler --bootstrap --msa ../BenoitDatasets/families/jsim_s27_f100_sites200_d2.0_l1.0_seed6/pargenes/parse_run/results/60_fasta/60_fasta.raxml.rba --blopt nr_safe --model GTR --prefix ../BenoitDatasets/families/jsim_s27_f100_sites200_d2.0_l1.0_seed6/pargenes/mlsearch_run/bootstraps/60_fasta/60_fasta_bs6 --threads 1 --seed 7 --bs-trees 10

Analysis options:
  run mode: Bootstrapping
  start tree(s): 
  bootstrap replicates: 10
  random seed: 7
  tip-inner: ON
  pattern compression: ON
  per-rate scalers: OFF
  site repeats: OFF
  branch lengths: linked (ML estimate, algorithm: NR-SAFE)
  SIMD kernels: AVX2
  parallelization: NONE/sequential

WARNING: The model you specified on the command line (GTR) will be ignored 
         since the binary MSA file already contains a model definition.
         If you want to change the model, please re-run RAxML-NG 
         with the original PHYLIP/FASTA alignment and --redo option.

[00:00:00] Loading binary alignment from file: ../BenoitDatasets/families/jsim_s27_f100_sites200_d2.0_l1.0_seed6/pargenes/parse_run/results/60_fasta/60_fasta.raxml.rba
[00:00:00] Alignment comprises 5 taxa, 1 partitions and 109 patterns

Partition 0: noname
Model: GTR+FO
Alignment sites / patterns: 200 / 109
Gaps: 0.00 %
Invariant sites: 2.00 %


[00:00:00] Data distribution: max. partitions/sites/weight per thread: 1 / 109 / 436
[00:00:00] Starting bootstrapping analysis with 10 replicates.

[00:00:00] Bootstrap tree #1, logLikelihood: -1001.283886
[00:00:00] Bootstrap tree #2, logLikelihood: -1017.792095
[00:00:00] Bootstrap tree #3, logLikelihood: -1009.264284
[00:00:00] Bootstrap tree #4, logLikelihood: -1015.994685
[00:00:00] Bootstrap tree #5, logLikelihood: -1018.890260
[00:00:00] Bootstrap tree #6, logLikelihood: -1026.080890
[00:00:00] Bootstrap tree #7, logLikelihood: -1025.344445
[00:00:00] Bootstrap tree #8, logLikelihood: -1022.915661
[00:00:00] Bootstrap tree #9, logLikelihood: -973.786216
[00:00:00] Bootstrap tree #10, logLikelihood: -1017.505640

Optimized model parameters:

   Partition 0: noname
   Rate heterogeneity: NONE
   Base frequencies (ML): 0.288817 0.243494 0.295797 0.171893 
   Substitution rates (ML): 0.567195 0.474855 1.510845 0.876402 0.716906 1.000000 
Bootstrap trees saved to: /home/morelbt/github/BenoitDatasets/families/jsim_s27_f100_sites200_d2.0_l1.0_seed6/pargenes/mlsearch_run/bootstraps/60_fasta/60_fasta_bs6.raxml.bootstraps

Execution log saved to: /home/morelbt/github/BenoitDatasets/families/jsim_s27_f100_sites200_d2.0_l1.0_seed6/pargenes/mlsearch_run/bootstraps/60_fasta/60_fasta_bs6.raxml.log

Analysis started: 07-Dec-2018 15:27:57 / finished: 07-Dec-2018 15:27:57

Elapsed time: 0.206 seconds

