
RAxML-NG v. 0.6.0git BETA released on 27.07.2018 by The Exelixis Lab.
Authors: Alexey Kozlov, Alexandros Stamatakis, Diego Darriba, Tomas Flouri, Benoit Morel.
Latest version: https://github.com/amkozlov/raxml-ng
Questions/problems/suggestions? Please visit: https://groups.google.com/forum/#!forum/raxml

WARNING: This is a BETA release, please use at your own risk!

RAxML-NG was called as follows:

mpi-scheduler --bootstrap --msa ../BenoitDatasets/families/jsim_s8_f100_sites300_d2.0_l1.0/pargenes/parse_run/results/54_fasta/54_fasta.raxml.rba --blopt nr_safe --model GTR --prefix ../BenoitDatasets/families/jsim_s8_f100_sites300_d2.0_l1.0/pargenes/mlsearch_run/bootstraps/54_fasta/54_fasta_bs1 --threads 1 --seed 2 --bs-trees 10

Analysis options:
  run mode: Bootstrapping
  start tree(s): 
  bootstrap replicates: 10
  random seed: 2
  tip-inner: ON
  pattern compression: ON
  per-rate scalers: OFF
  site repeats: OFF
  branch lengths: linked (ML estimate, algorithm: NR-SAFE)
  SIMD kernels: AVX2
  parallelization: NONE/sequential

WARNING: The model you specified on the command line (GTR) will be ignored 
         since the binary MSA file already contains a model definition.
         If you want to change the model, please re-run RAxML-NG 
         with the original PHYLIP/FASTA alignment and --redo option.

[00:00:00] Loading binary alignment from file: ../BenoitDatasets/families/jsim_s8_f100_sites300_d2.0_l1.0/pargenes/parse_run/results/54_fasta/54_fasta.raxml.rba
[00:00:00] Alignment comprises 64 taxa, 1 partitions and 300 patterns

Partition 0: noname
Model: GTR+FO
Alignment sites / patterns: 300 / 300
Gaps: 0.00 %
Invariant sites: 0.00 %


[00:00:00] Data distribution: max. partitions/sites/weight per thread: 1 / 300 / 1200
[00:00:00] Starting bootstrapping analysis with 10 replicates.

[00:00:07] Bootstrap tree #1, logLikelihood: -16876.648209
[00:00:14] Bootstrap tree #2, logLikelihood: -17014.307150
[00:00:19] Bootstrap tree #3, logLikelihood: -17079.244255
[00:00:24] Bootstrap tree #4, logLikelihood: -16722.962630
[00:00:34] Bootstrap tree #5, logLikelihood: -17199.918475
[00:00:40] Bootstrap tree #6, logLikelihood: -17006.393857
[00:00:46] Bootstrap tree #7, logLikelihood: -17051.608488
[00:00:52] Bootstrap tree #8, logLikelihood: -16989.202185
[00:00:59] Bootstrap tree #9, logLikelihood: -17050.564602
[00:01:05] Bootstrap tree #10, logLikelihood: -17085.818458

Optimized model parameters:

   Partition 0: noname
   Rate heterogeneity: NONE
   Base frequencies (ML): 0.233733 0.266657 0.249477 0.250132 
   Substitution rates (ML): 0.983546 1.226820 1.178474 1.048510 0.989191 1.000000 
Bootstrap trees saved to: /home/morelbt/github/BenoitDatasets/families/jsim_s8_f100_sites300_d2.0_l1.0/pargenes/mlsearch_run/bootstraps/54_fasta/54_fasta_bs1.raxml.bootstraps

Execution log saved to: /home/morelbt/github/BenoitDatasets/families/jsim_s8_f100_sites300_d2.0_l1.0/pargenes/mlsearch_run/bootstraps/54_fasta/54_fasta_bs1.raxml.log

Analysis started: 05-Dec-2018 13:29:20 / finished: 05-Dec-2018 13:30:25

Elapsed time: 65.253 seconds

