
RAxML-NG v. 0.6.0git BETA released on 27.07.2018 by The Exelixis Lab.
Authors: Alexey Kozlov, Alexandros Stamatakis, Diego Darriba, Tomas Flouri, Benoit Morel.
Latest version: https://github.com/amkozlov/raxml-ng
Questions/problems/suggestions? Please visit: https://groups.google.com/forum/#!forum/raxml

WARNING: This is a BETA release, please use at your own risk!

RAxML-NG was called as follows:

mpi-scheduler --msa ../BenoitDatasets/families/jsim_s8_f100_sites300_d2.0_l1.0_t0.5_seed6/pargenes/parse_run/results/5_pruned_fasta/5_pruned_fasta.raxml.rba --blopt nr_safe --model GTR --prefix ../BenoitDatasets/families/jsim_s8_f100_sites300_d2.0_l1.0_t0.5_seed6/pargenes/mlsearch_run/results/5_pruned_fasta/5_pruned_fasta --threads 1 --seed 1

Analysis options:
  run mode: ML tree search
  start tree(s): random (1)
  random seed: 1
  tip-inner: ON
  pattern compression: ON
  per-rate scalers: OFF
  site repeats: OFF
  fast spr radius: AUTO
  spr subtree cutoff: 1.000000
  branch lengths: linked (ML estimate, algorithm: NR-SAFE)
  SIMD kernels: AVX2
  parallelization: NONE/sequential

WARNING: The model you specified on the command line (GTR) will be ignored 
         since the binary MSA file already contains a model definition.
         If you want to change the model, please re-run RAxML-NG 
         with the original PHYLIP/FASTA alignment and --redo option.

[00:00:00] Loading binary alignment from file: ../BenoitDatasets/families/jsim_s8_f100_sites300_d2.0_l1.0_t0.5_seed6/pargenes/parse_run/results/5_pruned_fasta/5_pruned_fasta.raxml.rba
[00:00:00] Alignment comprises 7 taxa, 1 partitions and 233 patterns

Partition 0: noname
Model: GTR+FO
Alignment sites / patterns: 300 / 233
Gaps: 0.00 %
Invariant sites: 1.33 %


[00:00:00] Generating 1 random starting tree(s) with 7 taxa
[00:00:00] Data distribution: max. partitions/sites/weight per thread: 1 / 233 / 932

Starting ML tree search with 1 distinct starting trees

[00:00:00 -2656.958092] Initial branch length optimization
[00:00:00 -2410.697657] Model parameter optimization (eps = 10.000000)
[00:00:00 -2350.731532] AUTODETECT spr round 1 (radius: 5)
[00:00:00 -2171.240924] SPR radius for FAST iterations: 5 (autodetect)
[00:00:00 -2171.240924] Model parameter optimization (eps = 3.000000)
[00:00:00 -2171.148681] FAST spr round 1 (radius: 5)
[00:00:00 -2171.148503] Model parameter optimization (eps = 1.000000)
[00:00:00 -2171.142207] SLOW spr round 1 (radius: 5)
[00:00:00 -2171.142205] Model parameter optimization (eps = 0.100000)

[00:00:00] ML tree search #1, logLikelihood: -2171.142000


Optimized model parameters:

   Partition 0: noname
   Rate heterogeneity: NONE
   Base frequencies (ML): 0.229387 0.263953 0.252651 0.254008 
   Substitution rates (ML): 0.994975 1.101490 0.786516 1.138517 0.891520 1.000000 

Final LogLikelihood: -2171.142000

Best ML tree saved to: /home/morelbt/github/BenoitDatasets/families/jsim_s8_f100_sites300_d2.0_l1.0_t0.5_seed6/pargenes/mlsearch_run/results/5_pruned_fasta/5_pruned_fasta.raxml.bestTree
Optimized model saved to: /home/morelbt/github/BenoitDatasets/families/jsim_s8_f100_sites300_d2.0_l1.0_t0.5_seed6/pargenes/mlsearch_run/results/5_pruned_fasta/5_pruned_fasta.raxml.bestModel

Execution log saved to: /home/morelbt/github/BenoitDatasets/families/jsim_s8_f100_sites300_d2.0_l1.0_t0.5_seed6/pargenes/mlsearch_run/results/5_pruned_fasta/5_pruned_fasta.raxml.log

Analysis started: 14-Jan-2019 13:37:49 / finished: 14-Jan-2019 13:37:49

Elapsed time: 0.075 seconds

