
RAxML-NG v. 0.6.0git BETA released on 27.07.2018 by The Exelixis Lab.
Authors: Alexey Kozlov, Alexandros Stamatakis, Diego Darriba, Tomas Flouri, Benoit Morel.
Latest version: https://github.com/amkozlov/raxml-ng
Questions/problems/suggestions? Please visit: https://groups.google.com/forum/#!forum/raxml

WARNING: This is a BETA release, please use at your own risk!

RAxML-NG was called as follows:

mpi-scheduler --bootstrap --msa ../BenoitDatasets/families/jsim_s27_f100_sites200_d6.0_l3.0_seed6/pargenes/parse_run/results/69_fasta/69_fasta.raxml.rba --blopt nr_safe --model GTR --prefix ../BenoitDatasets/families/jsim_s27_f100_sites200_d6.0_l3.0_seed6/pargenes/mlsearch_run/bootstraps/69_fasta/69_fasta_bs7 --threads 1 --seed 8 --bs-trees 10

Analysis options:
  run mode: Bootstrapping
  start tree(s): 
  bootstrap replicates: 10
  random seed: 8
  tip-inner: ON
  pattern compression: ON
  per-rate scalers: OFF
  site repeats: OFF
  branch lengths: linked (ML estimate, algorithm: NR-SAFE)
  SIMD kernels: AVX2
  parallelization: NONE/sequential

WARNING: The model you specified on the command line (GTR) will be ignored 
         since the binary MSA file already contains a model definition.
         If you want to change the model, please re-run RAxML-NG 
         with the original PHYLIP/FASTA alignment and --redo option.

[00:00:00] Loading binary alignment from file: ../BenoitDatasets/families/jsim_s27_f100_sites200_d6.0_l3.0_seed6/pargenes/parse_run/results/69_fasta/69_fasta.raxml.rba
[00:00:00] Alignment comprises 16 taxa, 1 partitions and 198 patterns

Partition 0: noname
Model: GTR+FO
Alignment sites / patterns: 200 / 198
Gaps: 0.00 %
Invariant sites: 0.50 %


[00:00:00] Data distribution: max. partitions/sites/weight per thread: 1 / 198 / 792
[00:00:00] Starting bootstrapping analysis with 10 replicates.

[00:00:00] Bootstrap tree #1, logLikelihood: -2657.898561
[00:00:00] Bootstrap tree #2, logLikelihood: -2682.036509
[00:00:00] Bootstrap tree #3, logLikelihood: -2689.106652
[00:00:01] Bootstrap tree #4, logLikelihood: -2669.019262
[00:00:01] Bootstrap tree #5, logLikelihood: -2782.534119
[00:00:01] Bootstrap tree #6, logLikelihood: -2658.216060
[00:00:02] Bootstrap tree #7, logLikelihood: -2674.806787
[00:00:02] Bootstrap tree #8, logLikelihood: -2638.800043
[00:00:02] Bootstrap tree #9, logLikelihood: -2753.344650
[00:00:02] Bootstrap tree #10, logLikelihood: -2671.698238

Optimized model parameters:

   Partition 0: noname
   Rate heterogeneity: NONE
   Base frequencies (ML): 0.240230 0.214716 0.273610 0.271444 
   Substitution rates (ML): 1.165465 0.747967 0.988857 0.947761 0.995778 1.000000 
Bootstrap trees saved to: /home/morelbt/github/BenoitDatasets/families/jsim_s27_f100_sites200_d6.0_l3.0_seed6/pargenes/mlsearch_run/bootstraps/69_fasta/69_fasta_bs7.raxml.bootstraps

Execution log saved to: /home/morelbt/github/BenoitDatasets/families/jsim_s27_f100_sites200_d6.0_l3.0_seed6/pargenes/mlsearch_run/bootstraps/69_fasta/69_fasta_bs7.raxml.log

Analysis started: 07-Dec-2018 15:32:52 / finished: 07-Dec-2018 15:32:55

Elapsed time: 2.956 seconds

