
RAxML-NG v. 0.6.0git BETA released on 27.07.2018 by The Exelixis Lab.
Authors: Alexey Kozlov, Alexandros Stamatakis, Diego Darriba, Tomas Flouri, Benoit Morel.
Latest version: https://github.com/amkozlov/raxml-ng
Questions/problems/suggestions? Please visit: https://groups.google.com/forum/#!forum/raxml

WARNING: This is a BETA release, please use at your own risk!

RAxML-NG was called as follows:

mpi-scheduler --msa ../BenoitDatasets/families/jsim_s27_f100_sites1000_d2.0_l1.0_seed6/pargenes/parse_run/results/53_fasta/53_fasta.raxml.rba --blopt nr_safe --model GTR --prefix ../BenoitDatasets/families/jsim_s27_f100_sites1000_d2.0_l1.0_seed6/pargenes/mlsearch_run/results/53_fasta/53_fasta --threads 1 --seed 1

Analysis options:
  run mode: ML tree search
  start tree(s): random (1)
  random seed: 1
  tip-inner: ON
  pattern compression: ON
  per-rate scalers: OFF
  site repeats: OFF
  fast spr radius: AUTO
  spr subtree cutoff: 1.000000
  branch lengths: linked (ML estimate, algorithm: NR-SAFE)
  SIMD kernels: AVX2
  parallelization: NONE/sequential

WARNING: The model you specified on the command line (GTR) will be ignored 
         since the binary MSA file already contains a model definition.
         If you want to change the model, please re-run RAxML-NG 
         with the original PHYLIP/FASTA alignment and --redo option.

[00:00:00] Loading binary alignment from file: ../BenoitDatasets/families/jsim_s27_f100_sites1000_d2.0_l1.0_seed6/pargenes/parse_run/results/53_fasta/53_fasta.raxml.rba
[00:00:00] Alignment comprises 35 taxa, 1 partitions and 1000 patterns

Partition 0: noname
Model: GTR+FO
Alignment sites / patterns: 1000 / 1000
Gaps: 0.00 %
Invariant sites: 0.00 %


[00:00:00] Generating 1 random starting tree(s) with 35 taxa
[00:00:00] Data distribution: max. partitions/sites/weight per thread: 1 / 1000 / 4000

Starting ML tree search with 1 distinct starting trees

[00:00:00 -54124.867675] Initial branch length optimization
[00:00:00 -43405.838370] Model parameter optimization (eps = 10.000000)
[00:00:00 -43402.847409] AUTODETECT spr round 1 (radius: 5)
[00:00:00 -35367.860931] AUTODETECT spr round 2 (radius: 10)
[00:00:00 -34919.429240] AUTODETECT spr round 3 (radius: 15)
[00:00:00 -34919.421542] SPR radius for FAST iterations: 10 (autodetect)
[00:00:00 -34919.421542] Model parameter optimization (eps = 3.000000)
[00:00:00 -34917.440693] FAST spr round 1 (radius: 10)
[00:00:01 -34632.338285] FAST spr round 2 (radius: 10)
[00:00:02 -34610.984017] FAST spr round 3 (radius: 10)
[00:00:02 -34609.136306] FAST spr round 4 (radius: 10)
[00:00:03 -34608.875796] FAST spr round 5 (radius: 10)
[00:00:03 -34608.875076] Model parameter optimization (eps = 1.000000)
[00:00:03 -34608.769825] SLOW spr round 1 (radius: 5)
[00:00:05 -34608.769773] SLOW spr round 2 (radius: 10)
[00:00:07 -34608.769772] SLOW spr round 3 (radius: 15)
[00:00:08 -34608.769772] SLOW spr round 4 (radius: 20)
[00:00:08 -34608.769772] SLOW spr round 5 (radius: 25)
[00:00:08 -34608.769772] Model parameter optimization (eps = 0.100000)

[00:00:08] ML tree search #1, logLikelihood: -34608.759712


Optimized model parameters:

   Partition 0: noname
   Rate heterogeneity: NONE
   Base frequencies (ML): 0.250010 0.248973 0.252507 0.248510 
   Substitution rates (ML): 1.015036 1.015683 0.987319 1.012819 0.982277 1.000000 

Final LogLikelihood: -34608.759712

Best ML tree saved to: /home/morelbt/github/BenoitDatasets/families/jsim_s27_f100_sites1000_d2.0_l1.0_seed6/pargenes/mlsearch_run/results/53_fasta/53_fasta.raxml.bestTree
Optimized model saved to: /home/morelbt/github/BenoitDatasets/families/jsim_s27_f100_sites1000_d2.0_l1.0_seed6/pargenes/mlsearch_run/results/53_fasta/53_fasta.raxml.bestModel

Execution log saved to: /home/morelbt/github/BenoitDatasets/families/jsim_s27_f100_sites1000_d2.0_l1.0_seed6/pargenes/mlsearch_run/results/53_fasta/53_fasta.raxml.log

Analysis started: 07-Dec-2018 15:55:55 / finished: 07-Dec-2018 15:56:03

Elapsed time: 8.284 seconds

