
RAxML-NG v. 0.6.0git BETA released on 27.07.2018 by The Exelixis Lab.
Authors: Alexey Kozlov, Alexandros Stamatakis, Diego Darriba, Tomas Flouri, Benoit Morel.
Latest version: https://github.com/amkozlov/raxml-ng
Questions/problems/suggestions? Please visit: https://groups.google.com/forum/#!forum/raxml

WARNING: This is a BETA release, please use at your own risk!

RAxML-NG was called as follows:

mpi-scheduler --bootstrap --msa ../BenoitDatasets/families/jsim_s27_f100_sites200_d6.0_l3.0_seed6/pargenes/parse_run/results/65_fasta/65_fasta.raxml.rba --blopt nr_safe --model GTR --prefix ../BenoitDatasets/families/jsim_s27_f100_sites200_d6.0_l3.0_seed6/pargenes/mlsearch_run/bootstraps/65_fasta/65_fasta_bs4 --threads 1 --seed 5 --bs-trees 10

Analysis options:
  run mode: Bootstrapping
  start tree(s): 
  bootstrap replicates: 10
  random seed: 5
  tip-inner: ON
  pattern compression: ON
  per-rate scalers: OFF
  site repeats: OFF
  branch lengths: linked (ML estimate, algorithm: NR-SAFE)
  SIMD kernels: AVX2
  parallelization: NONE/sequential

WARNING: The model you specified on the command line (GTR) will be ignored 
         since the binary MSA file already contains a model definition.
         If you want to change the model, please re-run RAxML-NG 
         with the original PHYLIP/FASTA alignment and --redo option.

[00:00:00] Loading binary alignment from file: ../BenoitDatasets/families/jsim_s27_f100_sites200_d6.0_l3.0_seed6/pargenes/parse_run/results/65_fasta/65_fasta.raxml.rba
[00:00:00] Alignment comprises 8 taxa, 1 partitions and 170 patterns

Partition 0: noname
Model: GTR+FO
Alignment sites / patterns: 200 / 170
Gaps: 0.00 %
Invariant sites: 2.00 %


[00:00:00] Data distribution: max. partitions/sites/weight per thread: 1 / 170 / 680
[00:00:00] Starting bootstrapping analysis with 10 replicates.

[00:00:00] Bootstrap tree #1, logLikelihood: -1484.651153
[00:00:00] Bootstrap tree #2, logLikelihood: -1537.276937
[00:00:00] Bootstrap tree #3, logLikelihood: -1595.386083
[00:00:00] Bootstrap tree #4, logLikelihood: -1478.988937
[00:00:00] Bootstrap tree #5, logLikelihood: -1525.425584
[00:00:00] Bootstrap tree #6, logLikelihood: -1553.654491
[00:00:00] Bootstrap tree #7, logLikelihood: -1487.639241
[00:00:00] Bootstrap tree #8, logLikelihood: -1510.626718
[00:00:00] Bootstrap tree #9, logLikelihood: -1454.189502
[00:00:00] Bootstrap tree #10, logLikelihood: -1555.286169

Optimized model parameters:

   Partition 0: noname
   Rate heterogeneity: NONE
   Base frequencies (ML): 0.243100 0.258090 0.254124 0.244686 
   Substitution rates (ML): 1.043650 1.161318 1.073516 0.878696 0.816052 1.000000 
Bootstrap trees saved to: /home/morelbt/github/BenoitDatasets/families/jsim_s27_f100_sites200_d6.0_l3.0_seed6/pargenes/mlsearch_run/bootstraps/65_fasta/65_fasta_bs4.raxml.bootstraps

Execution log saved to: /home/morelbt/github/BenoitDatasets/families/jsim_s27_f100_sites200_d6.0_l3.0_seed6/pargenes/mlsearch_run/bootstraps/65_fasta/65_fasta_bs4.raxml.log

Analysis started: 07-Dec-2018 15:32:59 / finished: 07-Dec-2018 15:33:00

Elapsed time: 0.780 seconds

