
RAxML-NG v. 0.6.0git BETA released on 27.07.2018 by The Exelixis Lab.
Authors: Alexey Kozlov, Alexandros Stamatakis, Diego Darriba, Tomas Flouri, Benoit Morel.
Latest version: https://github.com/amkozlov/raxml-ng
Questions/problems/suggestions? Please visit: https://groups.google.com/forum/#!forum/raxml

WARNING: This is a BETA release, please use at your own risk!

RAxML-NG was called as follows:

mpi-scheduler --msa ../BenoitDatasets/families/sim_s15_f50_d2.0_l1.0/pargenes/parse_run/results/30_pruned_fasta/30_pruned_fasta.raxml.rba --model GTR --prefix ../BenoitDatasets/families/sim_s15_f50_d2.0_l1.0/pargenes/mlsearch_run/results/30_pruned_fasta/30_pruned_fasta --threads 1 --seed 1

Analysis options:
  run mode: ML tree search
  start tree(s): random (1)
  random seed: 1
  tip-inner: ON
  pattern compression: ON
  per-rate scalers: OFF
  site repeats: OFF
  fast spr radius: AUTO
  spr subtree cutoff: 1.000000
  branch lengths: linked (ML estimate, algorithm: NR-FAST)
  SIMD kernels: AVX2
  parallelization: NONE/sequential

WARNING: The model you specified on the command line (GTR) will be ignored 
         since the binary MSA file already contains a model definition.
         If you want to change the model, please re-run RAxML-NG 
         with the original PHYLIP/FASTA alignment and --redo option.

[00:00:00] Loading binary alignment from file: ../BenoitDatasets/families/sim_s15_f50_d2.0_l1.0/pargenes/parse_run/results/30_pruned_fasta/30_pruned_fasta.raxml.rba
[00:00:00] Alignment comprises 69 taxa, 1 partitions and 193 patterns

Partition 0: noname
Model: GTR+FO
Alignment sites / patterns: 200 / 193
Gaps: 0.00 %
Invariant sites: 2.00 %


[00:00:00] Generating 1 random starting tree(s) with 69 taxa
[00:00:00] Data distribution: max. partitions/sites/weight per thread: 1 / 193 / 772

Starting ML tree search with 1 distinct starting trees

[00:00:00 -10398.205561] Initial branch length optimization
[00:00:00 -9229.563604] Model parameter optimization (eps = 10.000000)
[00:00:00 -9211.814474] AUTODETECT spr round 1 (radius: 5)
[00:00:00 -4058.411325] AUTODETECT spr round 2 (radius: 10)
[00:00:00 -3519.554144] AUTODETECT spr round 3 (radius: 15)
[00:00:00 -3519.553955] SPR radius for FAST iterations: 10 (autodetect)
[00:00:00 -3519.553955] Model parameter optimization (eps = 3.000000)
[00:00:00 -3513.036039] FAST spr round 1 (radius: 10)
[00:00:00 -3298.162115] FAST spr round 2 (radius: 10)
[00:00:00 -3295.357740] FAST spr round 3 (radius: 10)
[00:00:00 -3295.357733] Model parameter optimization (eps = 1.000000)
[00:00:00 -3295.114641] SLOW spr round 1 (radius: 5)
[00:00:01 -3294.526893] SLOW spr round 2 (radius: 5)
[00:00:01 -3294.526885] SLOW spr round 3 (radius: 10)
[00:00:01 -3294.526885] SLOW spr round 4 (radius: 15)
[00:00:01 -3294.526885] SLOW spr round 5 (radius: 20)
[00:00:01 -3294.526885] SLOW spr round 6 (radius: 25)
[00:00:01 -3294.526885] Model parameter optimization (eps = 0.100000)

[00:00:01] ML tree search #1, logLikelihood: -3294.513209


Optimized model parameters:

   Partition 0: noname
   Rate heterogeneity: NONE
   Base frequencies (ML): 0.265953 0.224712 0.257002 0.252333 
   Substitution rates (ML): 1.119059 0.908555 0.926370 1.089596 1.026160 1.000000 

Final LogLikelihood: -3294.513209

Best ML tree saved to: /home/morelbt/github/BenoitDatasets/families/sim_s15_f50_d2.0_l1.0/pargenes/mlsearch_run/results/30_pruned_fasta/30_pruned_fasta.raxml.bestTree
Optimized model saved to: /home/morelbt/github/BenoitDatasets/families/sim_s15_f50_d2.0_l1.0/pargenes/mlsearch_run/results/30_pruned_fasta/30_pruned_fasta.raxml.bestModel

Execution log saved to: /home/morelbt/github/BenoitDatasets/families/sim_s15_f50_d2.0_l1.0/pargenes/mlsearch_run/results/30_pruned_fasta/30_pruned_fasta.raxml.log

Analysis started: 28-Nov-2018 10:14:08 / finished: 28-Nov-2018 10:14:10

Elapsed time: 1.934 seconds

