
RAxML-NG v. 0.6.0git BETA released on 27.07.2018 by The Exelixis Lab.
Authors: Alexey Kozlov, Alexandros Stamatakis, Diego Darriba, Tomas Flouri, Benoit Morel.
Latest version: https://github.com/amkozlov/raxml-ng
Questions/problems/suggestions? Please visit: https://groups.google.com/forum/#!forum/raxml

WARNING: This is a BETA release, please use at your own risk!

RAxML-NG was called as follows:

mpi-scheduler --bootstrap --msa ../BenoitDatasets/families/jsim_s27_f100_sites200_d6.0_l3.0_seed6/pargenes/parse_run/results/49_fasta/49_fasta.raxml.rba --blopt nr_safe --model GTR --prefix ../BenoitDatasets/families/jsim_s27_f100_sites200_d6.0_l3.0_seed6/pargenes/mlsearch_run/bootstraps/49_fasta/49_fasta_bs5 --threads 1 --seed 6 --bs-trees 10

Analysis options:
  run mode: Bootstrapping
  start tree(s): 
  bootstrap replicates: 10
  random seed: 6
  tip-inner: ON
  pattern compression: ON
  per-rate scalers: OFF
  site repeats: OFF
  branch lengths: linked (ML estimate, algorithm: NR-SAFE)
  SIMD kernels: AVX2
  parallelization: NONE/sequential

WARNING: The model you specified on the command line (GTR) will be ignored 
         since the binary MSA file already contains a model definition.
         If you want to change the model, please re-run RAxML-NG 
         with the original PHYLIP/FASTA alignment and --redo option.

[00:00:00] Loading binary alignment from file: ../BenoitDatasets/families/jsim_s27_f100_sites200_d6.0_l3.0_seed6/pargenes/parse_run/results/49_fasta/49_fasta.raxml.rba
[00:00:00] Alignment comprises 4 taxa, 1 partitions and 26 patterns

Partition 0: noname
Model: GTR+FO
Alignment sites / patterns: 200 / 26
Gaps: 0.00 %
Invariant sites: 2.00 %


[00:00:00] Data distribution: max. partitions/sites/weight per thread: 1 / 26 / 104
[00:00:00] Starting bootstrapping analysis with 10 replicates.

[00:00:00] Bootstrap tree #1, logLikelihood: -504.871336
[00:00:00] Bootstrap tree #2, logLikelihood: -475.605460
[00:00:00] Bootstrap tree #3, logLikelihood: -448.368953
[00:00:00] Bootstrap tree #4, logLikelihood: -483.068036
[00:00:00] Bootstrap tree #5, logLikelihood: -468.106547
[00:00:00] Bootstrap tree #6, logLikelihood: -462.083596
[00:00:00] Bootstrap tree #7, logLikelihood: -466.249839
[00:00:00] Bootstrap tree #8, logLikelihood: -438.624276
[00:00:00] Bootstrap tree #9, logLikelihood: -436.164074
[00:00:00] Bootstrap tree #10, logLikelihood: -424.277166

Optimized model parameters:

   Partition 0: noname
   Rate heterogeneity: NONE
   Base frequencies (ML): 0.268269 0.287631 0.200209 0.243892 
   Substitution rates (ML): 0.542973 1.361245 0.505341 1.943777 0.984852 1.000000 
Bootstrap trees saved to: /home/morelbt/github/BenoitDatasets/families/jsim_s27_f100_sites200_d6.0_l3.0_seed6/pargenes/mlsearch_run/bootstraps/49_fasta/49_fasta_bs5.raxml.bootstraps

Execution log saved to: /home/morelbt/github/BenoitDatasets/families/jsim_s27_f100_sites200_d6.0_l3.0_seed6/pargenes/mlsearch_run/bootstraps/49_fasta/49_fasta_bs5.raxml.log

Analysis started: 07-Dec-2018 15:33:05 / finished: 07-Dec-2018 15:33:05

Elapsed time: 0.052 seconds

