
RAxML-NG v. 0.6.0git BETA released on 27.07.2018 by The Exelixis Lab.
Authors: Alexey Kozlov, Alexandros Stamatakis, Diego Darriba, Tomas Flouri, Benoit Morel.
Latest version: https://github.com/amkozlov/raxml-ng
Questions/problems/suggestions? Please visit: https://groups.google.com/forum/#!forum/raxml

WARNING: This is a BETA release, please use at your own risk!

RAxML-NG was called as follows:

mpi-scheduler --msa ../BenoitDatasets/families/jsim_s27_f100_sites1000_d2.0_l1.0_seed6/pargenes/parse_run/results/2_fasta/2_fasta.raxml.rba --blopt nr_safe --model GTR --prefix ../BenoitDatasets/families/jsim_s27_f100_sites1000_d2.0_l1.0_seed6/pargenes/mlsearch_run/results/2_fasta/2_fasta --threads 1 --seed 1

Analysis options:
  run mode: ML tree search
  start tree(s): random (1)
  random seed: 1
  tip-inner: ON
  pattern compression: ON
  per-rate scalers: OFF
  site repeats: OFF
  fast spr radius: AUTO
  spr subtree cutoff: 1.000000
  branch lengths: linked (ML estimate, algorithm: NR-SAFE)
  SIMD kernels: AVX2
  parallelization: NONE/sequential

WARNING: The model you specified on the command line (GTR) will be ignored 
         since the binary MSA file already contains a model definition.
         If you want to change the model, please re-run RAxML-NG 
         with the original PHYLIP/FASTA alignment and --redo option.

[00:00:00] Loading binary alignment from file: ../BenoitDatasets/families/jsim_s27_f100_sites1000_d2.0_l1.0_seed6/pargenes/parse_run/results/2_fasta/2_fasta.raxml.rba
[00:00:00] Alignment comprises 16 taxa, 1 partitions and 998 patterns

Partition 0: noname
Model: GTR+FO
Alignment sites / patterns: 1000 / 998
Gaps: 0.00 %
Invariant sites: 0.10 %


[00:00:00] Generating 1 random starting tree(s) with 16 taxa
[00:00:00] Data distribution: max. partitions/sites/weight per thread: 1 / 998 / 3992

Starting ML tree search with 1 distinct starting trees

[00:00:00 -24531.082175] Initial branch length optimization
[00:00:00 -18339.732150] Model parameter optimization (eps = 10.000000)
[00:00:00 -18336.683346] AUTODETECT spr round 1 (radius: 5)
[00:00:00 -17070.049346] AUTODETECT spr round 2 (radius: 10)
[00:00:00 -17049.569096] AUTODETECT spr round 3 (radius: 15)
[00:00:00 -17049.518123] SPR radius for FAST iterations: 10 (autodetect)
[00:00:00 -17049.518123] Model parameter optimization (eps = 3.000000)
[00:00:00 -17046.400854] FAST spr round 1 (radius: 10)
[00:00:00 -16996.636592] FAST spr round 2 (radius: 10)
[00:00:00 -16996.514138] FAST spr round 3 (radius: 10)
[00:00:01 -16996.513725] Model parameter optimization (eps = 1.000000)
[00:00:01 -16996.469524] SLOW spr round 1 (radius: 5)
[00:00:01 -16996.433804] SLOW spr round 2 (radius: 10)
[00:00:02 -16996.411517] SLOW spr round 3 (radius: 15)
[00:00:02 -16996.394256] Model parameter optimization (eps = 0.100000)

[00:00:02] ML tree search #1, logLikelihood: -16996.347734


Optimized model parameters:

   Partition 0: noname
   Rate heterogeneity: NONE
   Base frequencies (ML): 0.246479 0.252879 0.251399 0.249242 
   Substitution rates (ML): 0.985596 1.010224 0.945099 0.954584 0.978138 1.000000 

Final LogLikelihood: -16996.347734

Best ML tree saved to: /home/morelbt/github/BenoitDatasets/families/jsim_s27_f100_sites1000_d2.0_l1.0_seed6/pargenes/mlsearch_run/results/2_fasta/2_fasta.raxml.bestTree
Optimized model saved to: /home/morelbt/github/BenoitDatasets/families/jsim_s27_f100_sites1000_d2.0_l1.0_seed6/pargenes/mlsearch_run/results/2_fasta/2_fasta.raxml.bestModel

Execution log saved to: /home/morelbt/github/BenoitDatasets/families/jsim_s27_f100_sites1000_d2.0_l1.0_seed6/pargenes/mlsearch_run/results/2_fasta/2_fasta.raxml.log

Analysis started: 07-Dec-2018 15:56:05 / finished: 07-Dec-2018 15:56:07

Elapsed time: 2.437 seconds

