
RAxML-NG v. 0.6.0git BETA released on 27.07.2018 by The Exelixis Lab.
Authors: Alexey Kozlov, Alexandros Stamatakis, Diego Darriba, Tomas Flouri, Benoit Morel.
Latest version: https://github.com/amkozlov/raxml-ng
Questions/problems/suggestions? Please visit: https://groups.google.com/forum/#!forum/raxml

WARNING: This is a BETA release, please use at your own risk!

RAxML-NG was called as follows:

mpi-scheduler --bootstrap --msa ../BenoitDatasets/families/alesim_s20_f50_sites200_d0.6_l0.3_seed42/pargenes/parse_run/results/14_prunedfasta/14_prunedfasta.raxml.rba --blopt nr_safe --model GTR --prefix ../BenoitDatasets/families/alesim_s20_f50_sites200_d0.6_l0.3_seed42/pargenes/mlsearch_run/bootstraps/14_prunedfasta/14_prunedfasta_bs3 --threads 1 --seed 4 --bs-trees 10

Analysis options:
  run mode: Bootstrapping
  start tree(s): 
  bootstrap replicates: 10
  random seed: 4
  tip-inner: ON
  pattern compression: ON
  per-rate scalers: OFF
  site repeats: OFF
  branch lengths: linked (ML estimate, algorithm: NR-SAFE)
  SIMD kernels: AVX2
  parallelization: NONE/sequential

WARNING: The model you specified on the command line (GTR) will be ignored 
         since the binary MSA file already contains a model definition.
         If you want to change the model, please re-run RAxML-NG 
         with the original PHYLIP/FASTA alignment and --redo option.

[00:00:00] Loading binary alignment from file: ../BenoitDatasets/families/alesim_s20_f50_sites200_d0.6_l0.3_seed42/pargenes/parse_run/results/14_prunedfasta/14_prunedfasta.raxml.rba
[00:00:00] Alignment comprises 8 taxa, 1 partitions and 66 patterns

Partition 0: noname
Model: GTR+FO
Alignment sites / patterns: 200 / 66
Gaps: 0.00 %
Invariant sites: 2.00 %


[00:00:00] Data distribution: max. partitions/sites/weight per thread: 1 / 66 / 264
[00:00:00] Starting bootstrapping analysis with 10 replicates.

[00:00:00] Bootstrap tree #1, logLikelihood: -769.111705
[00:00:00] Bootstrap tree #2, logLikelihood: -727.741844
[00:00:00] Bootstrap tree #3, logLikelihood: -643.952240
[00:00:00] Bootstrap tree #4, logLikelihood: -769.086281
[00:00:00] Bootstrap tree #5, logLikelihood: -760.663012
[00:00:00] Bootstrap tree #6, logLikelihood: -777.095398
[00:00:00] Bootstrap tree #7, logLikelihood: -729.569951
[00:00:00] Bootstrap tree #8, logLikelihood: -675.132652
[00:00:00] Bootstrap tree #9, logLikelihood: -711.603904
[00:00:00] Bootstrap tree #10, logLikelihood: -764.156218

Optimized model parameters:

   Partition 0: noname
   Rate heterogeneity: NONE
   Base frequencies (ML): 0.246232 0.264583 0.227936 0.261249 
   Substitution rates (ML): 1.424787 1.223924 1.305931 0.982015 2.396871 1.000000 
Bootstrap trees saved to: /home/morelbt/github/BenoitDatasets/families/alesim_s20_f50_sites200_d0.6_l0.3_seed42/pargenes/mlsearch_run/bootstraps/14_prunedfasta/14_prunedfasta_bs3.raxml.bootstraps

Execution log saved to: /home/morelbt/github/BenoitDatasets/families/alesim_s20_f50_sites200_d0.6_l0.3_seed42/pargenes/mlsearch_run/bootstraps/14_prunedfasta/14_prunedfasta_bs3.raxml.log

Analysis started: 11-Dec-2018 15:13:59 / finished: 11-Dec-2018 15:14:00

Elapsed time: 0.257 seconds

