
RAxML-NG v. 0.6.0git BETA released on 27.07.2018 by The Exelixis Lab.
Authors: Alexey Kozlov, Alexandros Stamatakis, Diego Darriba, Tomas Flouri, Benoit Morel.
Latest version: https://github.com/amkozlov/raxml-ng
Questions/problems/suggestions? Please visit: https://groups.google.com/forum/#!forum/raxml

WARNING: This is a BETA release, please use at your own risk!

RAxML-NG was called as follows:

mpi-scheduler --bootstrap --msa ../BenoitDatasets/families/jsim_s27_f100_sites1000_d2.0_l1.0_seed6/pargenes/parse_run/results/17_fasta/17_fasta.raxml.rba --blopt nr_safe --model GTR --prefix ../BenoitDatasets/families/jsim_s27_f100_sites1000_d2.0_l1.0_seed6/pargenes/mlsearch_run/bootstraps/17_fasta/17_fasta_bs1 --threads 1 --seed 2 --bs-trees 10

Analysis options:
  run mode: Bootstrapping
  start tree(s): 
  bootstrap replicates: 10
  random seed: 2
  tip-inner: ON
  pattern compression: ON
  per-rate scalers: OFF
  site repeats: OFF
  branch lengths: linked (ML estimate, algorithm: NR-SAFE)
  SIMD kernels: AVX2
  parallelization: NONE/sequential

WARNING: The model you specified on the command line (GTR) will be ignored 
         since the binary MSA file already contains a model definition.
         If you want to change the model, please re-run RAxML-NG 
         with the original PHYLIP/FASTA alignment and --redo option.

[00:00:00] Loading binary alignment from file: ../BenoitDatasets/families/jsim_s27_f100_sites1000_d2.0_l1.0_seed6/pargenes/parse_run/results/17_fasta/17_fasta.raxml.rba
[00:00:00] Alignment comprises 27 taxa, 1 partitions and 1000 patterns

Partition 0: noname
Model: GTR+FO
Alignment sites / patterns: 1000 / 1000
Gaps: 0.00 %
Invariant sites: 0.00 %


[00:00:00] Data distribution: max. partitions/sites/weight per thread: 1 / 1000 / 4000
[00:00:00] Starting bootstrapping analysis with 10 replicates.

[00:00:02] Bootstrap tree #1, logLikelihood: -24643.079787
[00:00:06] Bootstrap tree #2, logLikelihood: -24949.124814
[00:00:09] Bootstrap tree #3, logLikelihood: -24563.473753
[00:00:12] Bootstrap tree #4, logLikelihood: -24728.047989
[00:00:16] Bootstrap tree #5, logLikelihood: -24720.170417
[00:00:20] Bootstrap tree #6, logLikelihood: -24671.610533
[00:00:24] Bootstrap tree #7, logLikelihood: -24810.231451
[00:00:27] Bootstrap tree #8, logLikelihood: -24838.487381
[00:00:31] Bootstrap tree #9, logLikelihood: -24906.077066
[00:00:36] Bootstrap tree #10, logLikelihood: -24824.409352

Optimized model parameters:

   Partition 0: noname
   Rate heterogeneity: NONE
   Base frequencies (ML): 0.254133 0.251548 0.244387 0.249933 
   Substitution rates (ML): 1.175736 1.168965 1.186601 1.051973 1.070250 1.000000 
Bootstrap trees saved to: /home/morelbt/github/BenoitDatasets/families/jsim_s27_f100_sites1000_d2.0_l1.0_seed6/pargenes/mlsearch_run/bootstraps/17_fasta/17_fasta_bs1.raxml.bootstraps

Execution log saved to: /home/morelbt/github/BenoitDatasets/families/jsim_s27_f100_sites1000_d2.0_l1.0_seed6/pargenes/mlsearch_run/bootstraps/17_fasta/17_fasta_bs1.raxml.log

Analysis started: 07-Dec-2018 15:53:02 / finished: 07-Dec-2018 15:53:38

Elapsed time: 36.409 seconds

