
RAxML-NG v. 0.6.0git BETA released on 27.07.2018 by The Exelixis Lab.
Authors: Alexey Kozlov, Alexandros Stamatakis, Diego Darriba, Tomas Flouri, Benoit Morel.
Latest version: https://github.com/amkozlov/raxml-ng
Questions/problems/suggestions? Please visit: https://groups.google.com/forum/#!forum/raxml

WARNING: This is a BETA release, please use at your own risk!

RAxML-NG was called as follows:

mpi-scheduler --bootstrap --msa ../BenoitDatasets/families/alesim_s20_f50_sites200_d0.6_l0.3_seed42/pargenes/parse_run/results/36_prunedfasta/36_prunedfasta.raxml.rba --blopt nr_safe --model GTR --prefix ../BenoitDatasets/families/alesim_s20_f50_sites200_d0.6_l0.3_seed42/pargenes/mlsearch_run/bootstraps/36_prunedfasta/36_prunedfasta_bs1 --threads 1 --seed 2 --bs-trees 10

Analysis options:
  run mode: Bootstrapping
  start tree(s): 
  bootstrap replicates: 10
  random seed: 2
  tip-inner: ON
  pattern compression: ON
  per-rate scalers: OFF
  site repeats: OFF
  branch lengths: linked (ML estimate, algorithm: NR-SAFE)
  SIMD kernels: AVX2
  parallelization: NONE/sequential

WARNING: The model you specified on the command line (GTR) will be ignored 
         since the binary MSA file already contains a model definition.
         If you want to change the model, please re-run RAxML-NG 
         with the original PHYLIP/FASTA alignment and --redo option.

[00:00:00] Loading binary alignment from file: ../BenoitDatasets/families/alesim_s20_f50_sites200_d0.6_l0.3_seed42/pargenes/parse_run/results/36_prunedfasta/36_prunedfasta.raxml.rba
[00:00:00] Alignment comprises 6 taxa, 1 partitions and 44 patterns

Partition 0: noname
Model: GTR+FO
Alignment sites / patterns: 200 / 44
Gaps: 0.00 %
Invariant sites: 2.00 %


[00:00:00] Data distribution: max. partitions/sites/weight per thread: 1 / 44 / 176
[00:00:00] Starting bootstrapping analysis with 10 replicates.

[00:00:00] Bootstrap tree #1, logLikelihood: -540.065794
[00:00:00] Bootstrap tree #2, logLikelihood: -549.713366
[00:00:00] Bootstrap tree #3, logLikelihood: -516.984682
[00:00:00] Bootstrap tree #4, logLikelihood: -557.474274
[00:00:00] Bootstrap tree #5, logLikelihood: -559.925799
[00:00:00] Bootstrap tree #6, logLikelihood: -567.900600
[00:00:00] Bootstrap tree #7, logLikelihood: -565.436509
[00:00:00] Bootstrap tree #8, logLikelihood: -519.234651
[00:00:00] Bootstrap tree #9, logLikelihood: -533.416805
[00:00:00] Bootstrap tree #10, logLikelihood: -567.420398

Optimized model parameters:

   Partition 0: noname
   Rate heterogeneity: NONE
   Base frequencies (ML): 0.143328 0.304367 0.296632 0.255673 
   Substitution rates (ML): 1.118784 1.791456 1.300821 0.787305 0.650659 1.000000 
Bootstrap trees saved to: /home/morelbt/github/BenoitDatasets/families/alesim_s20_f50_sites200_d0.6_l0.3_seed42/pargenes/mlsearch_run/bootstraps/36_prunedfasta/36_prunedfasta_bs1.raxml.bootstraps

Execution log saved to: /home/morelbt/github/BenoitDatasets/families/alesim_s20_f50_sites200_d0.6_l0.3_seed42/pargenes/mlsearch_run/bootstraps/36_prunedfasta/36_prunedfasta_bs1.raxml.log

Analysis started: 11-Dec-2018 15:14:00 / finished: 11-Dec-2018 15:14:00

Elapsed time: 0.122 seconds

