
RAxML-NG v. 0.6.0git BETA released on 27.07.2018 by The Exelixis Lab.
Authors: Alexey Kozlov, Alexandros Stamatakis, Diego Darriba, Tomas Flouri, Benoit Morel.
Latest version: https://github.com/amkozlov/raxml-ng
Questions/problems/suggestions? Please visit: https://groups.google.com/forum/#!forum/raxml

WARNING: This is a BETA release, please use at your own risk!

RAxML-NG was called as follows:

mpi-scheduler --msa ../BenoitDatasets/families/alesim_s20_f50_sites200_d0.6_l0.3_seed42/pargenes/parse_run/results/16_prunedfasta/16_prunedfasta.raxml.rba --blopt nr_safe --model GTR --prefix ../BenoitDatasets/families/alesim_s20_f50_sites200_d0.6_l0.3_seed42/pargenes/mlsearch_run/results/16_prunedfasta/16_prunedfasta --threads 1 --seed 1

Analysis options:
  run mode: ML tree search
  start tree(s): random (1)
  random seed: 1
  tip-inner: ON
  pattern compression: ON
  per-rate scalers: OFF
  site repeats: OFF
  fast spr radius: AUTO
  spr subtree cutoff: 1.000000
  branch lengths: linked (ML estimate, algorithm: NR-SAFE)
  SIMD kernels: AVX2
  parallelization: NONE/sequential

WARNING: The model you specified on the command line (GTR) will be ignored 
         since the binary MSA file already contains a model definition.
         If you want to change the model, please re-run RAxML-NG 
         with the original PHYLIP/FASTA alignment and --redo option.

[00:00:00] Loading binary alignment from file: ../BenoitDatasets/families/alesim_s20_f50_sites200_d0.6_l0.3_seed42/pargenes/parse_run/results/16_prunedfasta/16_prunedfasta.raxml.rba
[00:00:00] Alignment comprises 76 taxa, 1 partitions and 200 patterns

Partition 0: noname
Model: GTR+FO
Alignment sites / patterns: 200 / 200
Gaps: 0.00 %
Invariant sites: 0.00 %


[00:00:00] Generating 1 random starting tree(s) with 76 taxa
[00:00:00] Data distribution: max. partitions/sites/weight per thread: 1 / 200 / 800

Starting ML tree search with 1 distinct starting trees

[00:00:00 -24233.706874] Initial branch length optimization
[00:00:00 -17120.495513] Model parameter optimization (eps = 10.000000)
[00:00:00 -17107.595112] AUTODETECT spr round 1 (radius: 5)
[00:00:00 -13411.561380] AUTODETECT spr round 2 (radius: 10)
[00:00:00 -11141.909951] AUTODETECT spr round 3 (radius: 15)
[00:00:00 -9499.213039] AUTODETECT spr round 4 (radius: 20)
[00:00:00 -9494.304173] AUTODETECT spr round 5 (radius: 25)
[00:00:00 -9494.250890] SPR radius for FAST iterations: 20 (autodetect)
[00:00:00 -9494.250890] Model parameter optimization (eps = 3.000000)
[00:00:00 -9483.717296] FAST spr round 1 (radius: 20)
[00:00:01 -7718.240201] FAST spr round 2 (radius: 20)
[00:00:01 -7510.347729] FAST spr round 3 (radius: 20)
[00:00:01 -7506.803428] FAST spr round 4 (radius: 20)
[00:00:01 -7506.462254] FAST spr round 5 (radius: 20)
[00:00:01 -7506.316453] FAST spr round 6 (radius: 20)
[00:00:01 -7506.316447] Model parameter optimization (eps = 1.000000)
[00:00:02 -7505.848043] SLOW spr round 1 (radius: 5)
[00:00:02 -7504.903977] SLOW spr round 2 (radius: 5)
[00:00:03 -7502.553762] SLOW spr round 3 (radius: 5)
[00:00:03 -7501.871841] SLOW spr round 4 (radius: 5)
[00:00:04 -7501.811716] SLOW spr round 5 (radius: 10)
[00:00:04 -7501.811139] SLOW spr round 6 (radius: 15)
[00:00:05 -7501.811137] SLOW spr round 7 (radius: 20)
[00:00:05 -7501.811137] SLOW spr round 8 (radius: 25)
[00:00:05 -7501.811136] Model parameter optimization (eps = 0.100000)

[00:00:05] ML tree search #1, logLikelihood: -7501.764607


Optimized model parameters:

   Partition 0: noname
   Rate heterogeneity: NONE
   Base frequencies (ML): 0.244187 0.241774 0.273685 0.240354 
   Substitution rates (ML): 1.172306 1.025139 1.064970 1.019562 1.182111 1.000000 

Final LogLikelihood: -7501.764607

Best ML tree saved to: /home/morelbt/github/BenoitDatasets/families/alesim_s20_f50_sites200_d0.6_l0.3_seed42/pargenes/mlsearch_run/results/16_prunedfasta/16_prunedfasta.raxml.bestTree
Optimized model saved to: /home/morelbt/github/BenoitDatasets/families/alesim_s20_f50_sites200_d0.6_l0.3_seed42/pargenes/mlsearch_run/results/16_prunedfasta/16_prunedfasta.raxml.bestModel

Execution log saved to: /home/morelbt/github/BenoitDatasets/families/alesim_s20_f50_sites200_d0.6_l0.3_seed42/pargenes/mlsearch_run/results/16_prunedfasta/16_prunedfasta.raxml.log

Analysis started: 11-Dec-2018 15:13:57 / finished: 11-Dec-2018 15:14:03

Elapsed time: 5.782 seconds

