
RAxML-NG v. 0.6.0git BETA released on 27.07.2018 by The Exelixis Lab.
Authors: Alexey Kozlov, Alexandros Stamatakis, Diego Darriba, Tomas Flouri, Benoit Morel.
Latest version: https://github.com/amkozlov/raxml-ng
Questions/problems/suggestions? Please visit: https://groups.google.com/forum/#!forum/raxml

WARNING: This is a BETA release, please use at your own risk!

RAxML-NG was called as follows:

mpi-scheduler --bootstrap --msa ../BenoitDatasets/families/alesim_s30_f50_sites200_d2.0_l1.0_seed42/pargenes/parse_run/results/41_prunedfasta/41_prunedfasta.raxml.rba --blopt nr_safe --model GTR --prefix ../BenoitDatasets/families/alesim_s30_f50_sites200_d2.0_l1.0_seed42/pargenes/mlsearch_run/bootstraps/41_prunedfasta/41_prunedfasta_bs5 --threads 1 --seed 6 --bs-trees 10

Analysis options:
  run mode: Bootstrapping
  start tree(s): 
  bootstrap replicates: 10
  random seed: 6
  tip-inner: ON
  pattern compression: ON
  per-rate scalers: OFF
  site repeats: OFF
  branch lengths: linked (ML estimate, algorithm: NR-SAFE)
  SIMD kernels: AVX2
  parallelization: NONE/sequential

WARNING: The model you specified on the command line (GTR) will be ignored 
         since the binary MSA file already contains a model definition.
         If you want to change the model, please re-run RAxML-NG 
         with the original PHYLIP/FASTA alignment and --redo option.

[00:00:00] Loading binary alignment from file: ../BenoitDatasets/families/alesim_s30_f50_sites200_d2.0_l1.0_seed42/pargenes/parse_run/results/41_prunedfasta/41_prunedfasta.raxml.rba
[00:00:00] Alignment comprises 232 taxa, 1 partitions and 200 patterns

Partition 0: noname
Model: GTR+FO
Alignment sites / patterns: 200 / 200
Gaps: 0.00 %
Invariant sites: 0.00 %


[00:00:00] Data distribution: max. partitions/sites/weight per thread: 1 / 200 / 800
[00:00:00] Starting bootstrapping analysis with 10 replicates.

[00:00:17] Bootstrap tree #1, logLikelihood: -13642.187582
[00:00:35] Bootstrap tree #2, logLikelihood: -13590.535830
[00:00:53] Bootstrap tree #3, logLikelihood: -13653.346557
[00:01:10] Bootstrap tree #4, logLikelihood: -13617.086349
[00:01:28] Bootstrap tree #5, logLikelihood: -13344.558197
[00:01:46] Bootstrap tree #6, logLikelihood: -13130.863943
[00:02:02] Bootstrap tree #7, logLikelihood: -13648.935101
[00:02:19] Bootstrap tree #8, logLikelihood: -13475.448491
[00:02:50] Bootstrap tree #9, logLikelihood: -13704.878707
[00:03:06] Bootstrap tree #10, logLikelihood: -13686.870200

Optimized model parameters:

   Partition 0: noname
   Rate heterogeneity: NONE
   Base frequencies (ML): 0.260395 0.257629 0.253303 0.228673 
   Substitution rates (ML): 0.974194 0.894942 0.981574 0.940659 1.154185 1.000000 
Bootstrap trees saved to: /home/morelbt/github/BenoitDatasets/families/alesim_s30_f50_sites200_d2.0_l1.0_seed42/pargenes/mlsearch_run/bootstraps/41_prunedfasta/41_prunedfasta_bs5.raxml.bootstraps

Execution log saved to: /home/morelbt/github/BenoitDatasets/families/alesim_s30_f50_sites200_d2.0_l1.0_seed42/pargenes/mlsearch_run/bootstraps/41_prunedfasta/41_prunedfasta_bs5.raxml.log

Analysis started: 11-Dec-2018 20:50:48 / finished: 11-Dec-2018 20:53:55

Elapsed time: 186.634 seconds

