
RAxML-NG v. 0.6.0git BETA released on 27.07.2018 by The Exelixis Lab.
Authors: Alexey Kozlov, Alexandros Stamatakis, Diego Darriba, Tomas Flouri, Benoit Morel.
Latest version: https://github.com/amkozlov/raxml-ng
Questions/problems/suggestions? Please visit: https://groups.google.com/forum/#!forum/raxml

WARNING: This is a BETA release, please use at your own risk!

RAxML-NG was called as follows:

mpi-scheduler --bootstrap --msa ../BenoitDatasets/families/jsim_s27_f100_sites1000_d2.0_l1.0_seed6/pargenes/parse_run/results/79_fasta/79_fasta.raxml.rba --blopt nr_safe --model GTR --prefix ../BenoitDatasets/families/jsim_s27_f100_sites1000_d2.0_l1.0_seed6/pargenes/mlsearch_run/bootstraps/79_fasta/79_fasta_bs2 --threads 1 --seed 3 --bs-trees 10

Analysis options:
  run mode: Bootstrapping
  start tree(s): 
  bootstrap replicates: 10
  random seed: 3
  tip-inner: ON
  pattern compression: ON
  per-rate scalers: OFF
  site repeats: OFF
  branch lengths: linked (ML estimate, algorithm: NR-SAFE)
  SIMD kernels: AVX2
  parallelization: NONE/sequential

WARNING: The model you specified on the command line (GTR) will be ignored 
         since the binary MSA file already contains a model definition.
         If you want to change the model, please re-run RAxML-NG 
         with the original PHYLIP/FASTA alignment and --redo option.

[00:00:00] Loading binary alignment from file: ../BenoitDatasets/families/jsim_s27_f100_sites1000_d2.0_l1.0_seed6/pargenes/parse_run/results/79_fasta/79_fasta.raxml.rba
[00:00:00] Alignment comprises 55 taxa, 1 partitions and 1000 patterns

Partition 0: noname
Model: GTR+FO
Alignment sites / patterns: 1000 / 1000
Gaps: 0.00 %
Invariant sites: 0.00 %


[00:00:00] Data distribution: max. partitions/sites/weight per thread: 1 / 1000 / 4000
[00:00:00] Starting bootstrapping analysis with 10 replicates.

[00:00:11] Bootstrap tree #1, logLikelihood: -47006.494219
[00:00:22] Bootstrap tree #2, logLikelihood: -46132.717766
[00:00:35] Bootstrap tree #3, logLikelihood: -46266.774397
[00:00:45] Bootstrap tree #4, logLikelihood: -46265.848702
[00:00:58] Bootstrap tree #5, logLikelihood: -46218.912693
[00:01:12] Bootstrap tree #6, logLikelihood: -46887.585721
[00:01:27] Bootstrap tree #7, logLikelihood: -46490.275185
[00:01:39] Bootstrap tree #8, logLikelihood: -46494.837039
[00:01:50] Bootstrap tree #9, logLikelihood: -46274.675887
[00:02:02] Bootstrap tree #10, logLikelihood: -46432.116905

Optimized model parameters:

   Partition 0: noname
   Rate heterogeneity: NONE
   Base frequencies (ML): 0.252233 0.258047 0.253051 0.236670 
   Substitution rates (ML): 0.980384 0.955951 0.971782 0.969027 1.012315 1.000000 
Bootstrap trees saved to: /home/morelbt/github/BenoitDatasets/families/jsim_s27_f100_sites1000_d2.0_l1.0_seed6/pargenes/mlsearch_run/bootstraps/79_fasta/79_fasta_bs2.raxml.bootstraps

Execution log saved to: /home/morelbt/github/BenoitDatasets/families/jsim_s27_f100_sites1000_d2.0_l1.0_seed6/pargenes/mlsearch_run/bootstraps/79_fasta/79_fasta_bs2.raxml.log

Analysis started: 07-Dec-2018 15:41:46 / finished: 07-Dec-2018 15:43:49

Elapsed time: 123.001 seconds

