
RAxML-NG v. 0.6.0git BETA released on 27.07.2018 by The Exelixis Lab.
Authors: Alexey Kozlov, Alexandros Stamatakis, Diego Darriba, Tomas Flouri, Benoit Morel.
Latest version: https://github.com/amkozlov/raxml-ng
Questions/problems/suggestions? Please visit: https://groups.google.com/forum/#!forum/raxml

WARNING: This is a BETA release, please use at your own risk!

RAxML-NG was called as follows:

mpi-scheduler --msa ../BenoitDatasets/families/jsim_s27_f100_sites200_d2.0_l1.0_seed6/pargenes/parse_run/results/95_fasta/95_fasta.raxml.rba --blopt nr_safe --model GTR --prefix ../BenoitDatasets/families/jsim_s27_f100_sites200_d2.0_l1.0_seed6/pargenes/mlsearch_run/results/95_fasta/95_fasta --threads 1 --seed 1

Analysis options:
  run mode: ML tree search
  start tree(s): random (1)
  random seed: 1
  tip-inner: ON
  pattern compression: ON
  per-rate scalers: OFF
  site repeats: OFF
  fast spr radius: AUTO
  spr subtree cutoff: 1.000000
  branch lengths: linked (ML estimate, algorithm: NR-SAFE)
  SIMD kernels: AVX2
  parallelization: NONE/sequential

WARNING: The model you specified on the command line (GTR) will be ignored 
         since the binary MSA file already contains a model definition.
         If you want to change the model, please re-run RAxML-NG 
         with the original PHYLIP/FASTA alignment and --redo option.

[00:00:00] Loading binary alignment from file: ../BenoitDatasets/families/jsim_s27_f100_sites200_d2.0_l1.0_seed6/pargenes/parse_run/results/95_fasta/95_fasta.raxml.rba
[00:00:00] Alignment comprises 6 taxa, 1 partitions and 170 patterns

Partition 0: noname
Model: GTR+FO
Alignment sites / patterns: 200 / 170
Gaps: 0.00 %
Invariant sites: 1.50 %


[00:00:00] Generating 1 random starting tree(s) with 6 taxa
[00:00:00] Data distribution: max. partitions/sites/weight per thread: 1 / 170 / 680

Starting ML tree search with 1 distinct starting trees

[00:00:00 -1799.599379] Initial branch length optimization
[00:00:00 -1379.804001] Model parameter optimization (eps = 10.000000)
[00:00:00 -1376.445043] AUTODETECT spr round 1 (radius: 5)
[00:00:00 -1373.271355] SPR radius for FAST iterations: 5 (autodetect)
[00:00:00 -1373.271355] Model parameter optimization (eps = 3.000000)
[00:00:00 -1372.442674] FAST spr round 1 (radius: 5)
[00:00:00 -1371.878191] FAST spr round 2 (radius: 5)
[00:00:00 -1371.851746] Model parameter optimization (eps = 1.000000)
[00:00:00 -1371.808129] SLOW spr round 1 (radius: 5)
[00:00:00 -1371.807215] Model parameter optimization (eps = 0.100000)

[00:00:00] ML tree search #1, logLikelihood: -1371.806383


Optimized model parameters:

   Partition 0: noname
   Rate heterogeneity: NONE
   Base frequencies (ML): 0.247097 0.222847 0.246004 0.284051 
   Substitution rates (ML): 1.357119 0.763867 0.889611 1.117606 1.338996 1.000000 

Final LogLikelihood: -1371.806383

Best ML tree saved to: /home/morelbt/github/BenoitDatasets/families/jsim_s27_f100_sites200_d2.0_l1.0_seed6/pargenes/mlsearch_run/results/95_fasta/95_fasta.raxml.bestTree
Optimized model saved to: /home/morelbt/github/BenoitDatasets/families/jsim_s27_f100_sites200_d2.0_l1.0_seed6/pargenes/mlsearch_run/results/95_fasta/95_fasta.raxml.bestModel

Execution log saved to: /home/morelbt/github/BenoitDatasets/families/jsim_s27_f100_sites200_d2.0_l1.0_seed6/pargenes/mlsearch_run/results/95_fasta/95_fasta.raxml.log

Analysis started: 07-Dec-2018 15:27:58 / finished: 07-Dec-2018 15:27:59

Elapsed time: 0.060 seconds

