
RAxML-NG v. 0.6.0git BETA released on 27.07.2018 by The Exelixis Lab.
Authors: Alexey Kozlov, Alexandros Stamatakis, Diego Darriba, Tomas Flouri, Benoit Morel.
Latest version: https://github.com/amkozlov/raxml-ng
Questions/problems/suggestions? Please visit: https://groups.google.com/forum/#!forum/raxml

WARNING: This is a BETA release, please use at your own risk!

RAxML-NG was called as follows:

mpi-scheduler --bootstrap --msa ../BenoitDatasets/families/alesim_s20_f50_sites400_d1.0_l0.5_t0.5_seed42/pargenes/parse_run/results/23_pruned_fasta/23_pruned_fasta.raxml.rba --blopt nr_safe --model GTR --prefix ../BenoitDatasets/families/alesim_s20_f50_sites400_d1.0_l0.5_t0.5_seed42/pargenes/mlsearch_run/bootstraps/23_pruned_fasta/23_pruned_fasta_bs7 --threads 1 --seed 8 --bs-trees 10

Analysis options:
  run mode: Bootstrapping
  start tree(s): 
  bootstrap replicates: 10
  random seed: 8
  tip-inner: ON
  pattern compression: ON
  per-rate scalers: OFF
  site repeats: OFF
  branch lengths: linked (ML estimate, algorithm: NR-SAFE)
  SIMD kernels: AVX2
  parallelization: NONE/sequential

WARNING: The model you specified on the command line (GTR) will be ignored 
         since the binary MSA file already contains a model definition.
         If you want to change the model, please re-run RAxML-NG 
         with the original PHYLIP/FASTA alignment and --redo option.

[00:00:00] Loading binary alignment from file: ../BenoitDatasets/families/alesim_s20_f50_sites400_d1.0_l0.5_t0.5_seed42/pargenes/parse_run/results/23_pruned_fasta/23_pruned_fasta.raxml.rba
[00:00:00] Alignment comprises 211 taxa, 1 partitions and 400 patterns

Partition 0: noname
Model: GTR+FO
Alignment sites / patterns: 400 / 400
Gaps: 0.00 %
Invariant sites: 0.00 %


[00:00:00] Data distribution: max. partitions/sites/weight per thread: 1 / 400 / 1600
[00:00:00] Starting bootstrapping analysis with 10 replicates.

[00:01:17] Bootstrap tree #1, logLikelihood: -39602.220198
[00:01:48] Bootstrap tree #2, logLikelihood: -39392.695690
[00:02:27] Bootstrap tree #3, logLikelihood: -39200.777264
[00:03:03] Bootstrap tree #4, logLikelihood: -41197.155105
[00:03:39] Bootstrap tree #5, logLikelihood: -38764.686352
[00:04:18] Bootstrap tree #6, logLikelihood: -38999.906413
[00:04:52] Bootstrap tree #7, logLikelihood: -39149.662980
[00:05:49] Bootstrap tree #8, logLikelihood: -42115.543606
[00:06:25] Bootstrap tree #9, logLikelihood: -39408.004531
[00:07:49] Bootstrap tree #10, logLikelihood: -38516.537205

Optimized model parameters:

   Partition 0: noname
   Rate heterogeneity: NONE
   Base frequencies (ML): 0.261427 0.254509 0.244798 0.239266 
   Substitution rates (ML): 0.856362 0.874802 0.860985 0.851624 0.997553 1.000000 
Bootstrap trees saved to: /home/morelbt/github/BenoitDatasets/families/alesim_s20_f50_sites400_d1.0_l0.5_t0.5_seed42/pargenes/mlsearch_run/bootstraps/23_pruned_fasta/23_pruned_fasta_bs7.raxml.bootstraps

Execution log saved to: /home/morelbt/github/BenoitDatasets/families/alesim_s20_f50_sites400_d1.0_l0.5_t0.5_seed42/pargenes/mlsearch_run/bootstraps/23_pruned_fasta/23_pruned_fasta_bs7.raxml.log

Analysis started: 22-Jan-2019 14:23:30 / finished: 22-Jan-2019 14:31:19

Elapsed time: 469.419 seconds

