
RAxML-NG v. 0.6.0git BETA released on 27.07.2018 by The Exelixis Lab.
Authors: Alexey Kozlov, Alexandros Stamatakis, Diego Darriba, Tomas Flouri, Benoit Morel.
Latest version: https://github.com/amkozlov/raxml-ng
Questions/problems/suggestions? Please visit: https://groups.google.com/forum/#!forum/raxml

WARNING: This is a BETA release, please use at your own risk!

RAxML-NG was called as follows:

mpi-scheduler --bootstrap --msa ../BenoitDatasets/families/alesim_s20_f50_sites400_d1.0_l0.5_t0.5_seed42/pargenes/parse_run/results/23_pruned_fasta/23_pruned_fasta.raxml.rba --blopt nr_safe --model GTR --prefix ../BenoitDatasets/families/alesim_s20_f50_sites400_d1.0_l0.5_t0.5_seed42/pargenes/mlsearch_run/bootstraps/23_pruned_fasta/23_pruned_fasta_bs8 --threads 1 --seed 9 --bs-trees 10

Analysis options:
  run mode: Bootstrapping
  start tree(s): 
  bootstrap replicates: 10
  random seed: 9
  tip-inner: ON
  pattern compression: ON
  per-rate scalers: OFF
  site repeats: OFF
  branch lengths: linked (ML estimate, algorithm: NR-SAFE)
  SIMD kernels: AVX2
  parallelization: NONE/sequential

WARNING: The model you specified on the command line (GTR) will be ignored 
         since the binary MSA file already contains a model definition.
         If you want to change the model, please re-run RAxML-NG 
         with the original PHYLIP/FASTA alignment and --redo option.

[00:00:00] Loading binary alignment from file: ../BenoitDatasets/families/alesim_s20_f50_sites400_d1.0_l0.5_t0.5_seed42/pargenes/parse_run/results/23_pruned_fasta/23_pruned_fasta.raxml.rba
[00:00:00] Alignment comprises 211 taxa, 1 partitions and 400 patterns

Partition 0: noname
Model: GTR+FO
Alignment sites / patterns: 400 / 400
Gaps: 0.00 %
Invariant sites: 0.00 %


[00:00:00] Data distribution: max. partitions/sites/weight per thread: 1 / 400 / 1600
[00:00:00] Starting bootstrapping analysis with 10 replicates.

[00:01:01] Bootstrap tree #1, logLikelihood: -39522.059809
[00:02:00] Bootstrap tree #2, logLikelihood: -40213.173495
[00:02:39] Bootstrap tree #3, logLikelihood: -39185.033816
[00:03:27] Bootstrap tree #4, logLikelihood: -39247.099277
[00:04:16] Bootstrap tree #5, logLikelihood: -38576.648851
[00:05:11] Bootstrap tree #6, logLikelihood: -39548.174863
[00:05:59] Bootstrap tree #7, logLikelihood: -39510.540252
[00:07:06] Bootstrap tree #8, logLikelihood: -39041.674335
[00:08:01] Bootstrap tree #9, logLikelihood: -39046.428190
[00:08:48] Bootstrap tree #10, logLikelihood: -39080.156718

Optimized model parameters:

   Partition 0: noname
   Rate heterogeneity: NONE
   Base frequencies (ML): 0.259161 0.248147 0.245292 0.247401 
   Substitution rates (ML): 0.951455 0.931126 0.970523 0.856123 0.963800 1.000000 
Bootstrap trees saved to: /home/morelbt/github/BenoitDatasets/families/alesim_s20_f50_sites400_d1.0_l0.5_t0.5_seed42/pargenes/mlsearch_run/bootstraps/23_pruned_fasta/23_pruned_fasta_bs8.raxml.bootstraps

Execution log saved to: /home/morelbt/github/BenoitDatasets/families/alesim_s20_f50_sites400_d1.0_l0.5_t0.5_seed42/pargenes/mlsearch_run/bootstraps/23_pruned_fasta/23_pruned_fasta_bs8.raxml.log

Analysis started: 22-Jan-2019 14:23:30 / finished: 22-Jan-2019 14:32:18

Elapsed time: 528.473 seconds

