
RAxML-NG v. 0.6.0git BETA released on 27.07.2018 by The Exelixis Lab.
Authors: Alexey Kozlov, Alexandros Stamatakis, Diego Darriba, Tomas Flouri, Benoit Morel.
Latest version: https://github.com/amkozlov/raxml-ng
Questions/problems/suggestions? Please visit: https://groups.google.com/forum/#!forum/raxml

WARNING: This is a BETA release, please use at your own risk!

RAxML-NG was called as follows:

mpi-scheduler --bootstrap --msa ../BenoitDatasets/families/alesim_s20_f50_sites400_d1.0_l0.5_t0.5_seed42/pargenes/parse_run/results/23_pruned_fasta/23_pruned_fasta.raxml.rba --blopt nr_safe --model GTR --prefix ../BenoitDatasets/families/alesim_s20_f50_sites400_d1.0_l0.5_t0.5_seed42/pargenes/mlsearch_run/bootstraps/23_pruned_fasta/23_pruned_fasta_bs9 --threads 1 --seed 10 --bs-trees 10

Analysis options:
  run mode: Bootstrapping
  start tree(s): 
  bootstrap replicates: 10
  random seed: 10
  tip-inner: ON
  pattern compression: ON
  per-rate scalers: OFF
  site repeats: OFF
  branch lengths: linked (ML estimate, algorithm: NR-SAFE)
  SIMD kernels: AVX2
  parallelization: NONE/sequential

WARNING: The model you specified on the command line (GTR) will be ignored 
         since the binary MSA file already contains a model definition.
         If you want to change the model, please re-run RAxML-NG 
         with the original PHYLIP/FASTA alignment and --redo option.

[00:00:00] Loading binary alignment from file: ../BenoitDatasets/families/alesim_s20_f50_sites400_d1.0_l0.5_t0.5_seed42/pargenes/parse_run/results/23_pruned_fasta/23_pruned_fasta.raxml.rba
[00:00:00] Alignment comprises 211 taxa, 1 partitions and 400 patterns

Partition 0: noname
Model: GTR+FO
Alignment sites / patterns: 400 / 400
Gaps: 0.00 %
Invariant sites: 0.00 %


[00:00:00] Data distribution: max. partitions/sites/weight per thread: 1 / 400 / 1600
[00:00:00] Starting bootstrapping analysis with 10 replicates.

[00:00:31] Bootstrap tree #1, logLikelihood: -40465.044233
[00:01:26] Bootstrap tree #2, logLikelihood: -39142.407191
[00:02:43] Bootstrap tree #3, logLikelihood: -39691.425457
[00:03:14] Bootstrap tree #4, logLikelihood: -39595.135833
[00:03:58] Bootstrap tree #5, logLikelihood: -39165.292333
[00:04:37] Bootstrap tree #6, logLikelihood: -38693.662728
[00:05:21] Bootstrap tree #7, logLikelihood: -39384.173702
[00:06:14] Bootstrap tree #8, logLikelihood: -40352.941922
[00:07:01] Bootstrap tree #9, logLikelihood: -39151.778097
[00:07:55] Bootstrap tree #10, logLikelihood: -38639.183668

Optimized model parameters:

   Partition 0: noname
   Rate heterogeneity: NONE
   Base frequencies (ML): 0.253815 0.247409 0.250068 0.248708 
   Substitution rates (ML): 0.893907 0.913852 0.885696 0.871439 1.000006 1.000000 
Bootstrap trees saved to: /home/morelbt/github/BenoitDatasets/families/alesim_s20_f50_sites400_d1.0_l0.5_t0.5_seed42/pargenes/mlsearch_run/bootstraps/23_pruned_fasta/23_pruned_fasta_bs9.raxml.bootstraps

Execution log saved to: /home/morelbt/github/BenoitDatasets/families/alesim_s20_f50_sites400_d1.0_l0.5_t0.5_seed42/pargenes/mlsearch_run/bootstraps/23_pruned_fasta/23_pruned_fasta_bs9.raxml.log

Analysis started: 22-Jan-2019 14:23:30 / finished: 22-Jan-2019 14:31:26

Elapsed time: 475.788 seconds

