
RAxML-NG v. 0.6.0git BETA released on 27.07.2018 by The Exelixis Lab.
Authors: Alexey Kozlov, Alexandros Stamatakis, Diego Darriba, Tomas Flouri, Benoit Morel.
Latest version: https://github.com/amkozlov/raxml-ng
Questions/problems/suggestions? Please visit: https://groups.google.com/forum/#!forum/raxml

WARNING: This is a BETA release, please use at your own risk!

RAxML-NG was called as follows:

mpi-scheduler --bootstrap --msa ../BenoitDatasets/families/jsim_s27_f100_sites200_d2.0_l1.0_seed6/pargenes/parse_run/results/86_fasta/86_fasta.raxml.rba --blopt nr_safe --model GTR --prefix ../BenoitDatasets/families/jsim_s27_f100_sites200_d2.0_l1.0_seed6/pargenes/mlsearch_run/bootstraps/86_fasta/86_fasta_bs0 --threads 1 --seed 1 --bs-trees 10

Analysis options:
  run mode: Bootstrapping
  start tree(s): 
  bootstrap replicates: 10
  random seed: 1
  tip-inner: ON
  pattern compression: ON
  per-rate scalers: OFF
  site repeats: OFF
  branch lengths: linked (ML estimate, algorithm: NR-SAFE)
  SIMD kernels: AVX2
  parallelization: NONE/sequential

WARNING: The model you specified on the command line (GTR) will be ignored 
         since the binary MSA file already contains a model definition.
         If you want to change the model, please re-run RAxML-NG 
         with the original PHYLIP/FASTA alignment and --redo option.

[00:00:00] Loading binary alignment from file: ../BenoitDatasets/families/jsim_s27_f100_sites200_d2.0_l1.0_seed6/pargenes/parse_run/results/86_fasta/86_fasta.raxml.rba
[00:00:00] Alignment comprises 10 taxa, 1 partitions and 194 patterns

Partition 0: noname
Model: GTR+FO
Alignment sites / patterns: 200 / 194
Gaps: 0.00 %
Invariant sites: 1.00 %


[00:00:00] Data distribution: max. partitions/sites/weight per thread: 1 / 194 / 776
[00:00:00] Starting bootstrapping analysis with 10 replicates.

[00:00:00] Bootstrap tree #1, logLikelihood: -2148.745101
[00:00:00] Bootstrap tree #2, logLikelihood: -2101.636373
[00:00:00] Bootstrap tree #3, logLikelihood: -2085.414350
[00:00:00] Bootstrap tree #4, logLikelihood: -2125.719058
[00:00:00] Bootstrap tree #5, logLikelihood: -2062.562323
[00:00:01] Bootstrap tree #6, logLikelihood: -2125.478841
[00:00:01] Bootstrap tree #7, logLikelihood: -2080.617063
[00:00:01] Bootstrap tree #8, logLikelihood: -2139.530704
[00:00:01] Bootstrap tree #9, logLikelihood: -2049.459597
[00:00:01] Bootstrap tree #10, logLikelihood: -2065.106836

Optimized model parameters:

   Partition 0: noname
   Rate heterogeneity: NONE
   Base frequencies (ML): 0.260482 0.251720 0.250231 0.237567 
   Substitution rates (ML): 1.288836 0.969538 1.073260 0.923818 1.002687 1.000000 
Bootstrap trees saved to: /home/morelbt/github/BenoitDatasets/families/jsim_s27_f100_sites200_d2.0_l1.0_seed6/pargenes/mlsearch_run/bootstraps/86_fasta/86_fasta_bs0.raxml.bootstraps

Execution log saved to: /home/morelbt/github/BenoitDatasets/families/jsim_s27_f100_sites200_d2.0_l1.0_seed6/pargenes/mlsearch_run/bootstraps/86_fasta/86_fasta_bs0.raxml.log

Analysis started: 07-Dec-2018 15:27:52 / finished: 07-Dec-2018 15:27:53

Elapsed time: 1.715 seconds

