
RAxML-NG v. 0.6.0git BETA released on 27.07.2018 by The Exelixis Lab.
Authors: Alexey Kozlov, Alexandros Stamatakis, Diego Darriba, Tomas Flouri, Benoit Morel.
Latest version: https://github.com/amkozlov/raxml-ng
Questions/problems/suggestions? Please visit: https://groups.google.com/forum/#!forum/raxml

WARNING: This is a BETA release, please use at your own risk!

RAxML-NG was called as follows:

mpi-scheduler --bootstrap --msa ../BenoitDatasets/families/alesim_s30_f50_sites200_d2.0_l1.0_seed42/pargenes/parse_run/results/31_prunedfasta/31_prunedfasta.raxml.rba --blopt nr_safe --model GTR --prefix ../BenoitDatasets/families/alesim_s30_f50_sites200_d2.0_l1.0_seed42/pargenes/mlsearch_run/bootstraps/31_prunedfasta/31_prunedfasta_bs6 --threads 1 --seed 7 --bs-trees 10

Analysis options:
  run mode: Bootstrapping
  start tree(s): 
  bootstrap replicates: 10
  random seed: 7
  tip-inner: ON
  pattern compression: ON
  per-rate scalers: OFF
  site repeats: OFF
  branch lengths: linked (ML estimate, algorithm: NR-SAFE)
  SIMD kernels: AVX2
  parallelization: NONE/sequential

WARNING: The model you specified on the command line (GTR) will be ignored 
         since the binary MSA file already contains a model definition.
         If you want to change the model, please re-run RAxML-NG 
         with the original PHYLIP/FASTA alignment and --redo option.

[00:00:00] Loading binary alignment from file: ../BenoitDatasets/families/alesim_s30_f50_sites200_d2.0_l1.0_seed42/pargenes/parse_run/results/31_prunedfasta/31_prunedfasta.raxml.rba
[00:00:00] Alignment comprises 4 taxa, 1 partitions and 30 patterns

Partition 0: noname
Model: GTR+FO
Alignment sites / patterns: 200 / 30
Gaps: 0.00 %
Invariant sites: 2.00 %


[00:00:00] Data distribution: max. partitions/sites/weight per thread: 1 / 30 / 120
[00:00:00] Starting bootstrapping analysis with 10 replicates.

[00:00:00] Bootstrap tree #1, logLikelihood: -459.240194
[00:00:00] Bootstrap tree #2, logLikelihood: -417.304216
[00:00:00] Bootstrap tree #3, logLikelihood: -432.403953
[00:00:00] Bootstrap tree #4, logLikelihood: -470.164118
[00:00:00] Bootstrap tree #5, logLikelihood: -517.938897
[00:00:00] Bootstrap tree #6, logLikelihood: -449.582079
[00:00:00] Bootstrap tree #7, logLikelihood: -493.213757
[00:00:00] Bootstrap tree #8, logLikelihood: -449.373436
[00:00:00] Bootstrap tree #9, logLikelihood: -473.301843
[00:00:00] Bootstrap tree #10, logLikelihood: -463.402045

Optimized model parameters:

   Partition 0: noname
   Rate heterogeneity: NONE
   Base frequencies (ML): 0.216827 0.264410 0.281798 0.236965 
   Substitution rates (ML): 1.813427 1.246167 2.320451 0.105257 2.106393 1.000000 
Bootstrap trees saved to: /home/morelbt/github/BenoitDatasets/families/alesim_s30_f50_sites200_d2.0_l1.0_seed42/pargenes/mlsearch_run/bootstraps/31_prunedfasta/31_prunedfasta_bs6.raxml.bootstraps

Execution log saved to: /home/morelbt/github/BenoitDatasets/families/alesim_s30_f50_sites200_d2.0_l1.0_seed42/pargenes/mlsearch_run/bootstraps/31_prunedfasta/31_prunedfasta_bs6.raxml.log

Analysis started: 11-Dec-2018 20:58:06 / finished: 11-Dec-2018 20:58:06

Elapsed time: 0.058 seconds

