
RAxML-NG v. 0.6.0git BETA released on 27.07.2018 by The Exelixis Lab.
Authors: Alexey Kozlov, Alexandros Stamatakis, Diego Darriba, Tomas Flouri, Benoit Morel.
Latest version: https://github.com/amkozlov/raxml-ng
Questions/problems/suggestions? Please visit: https://groups.google.com/forum/#!forum/raxml

WARNING: This is a BETA release, please use at your own risk!

RAxML-NG was called as follows:

mpi-scheduler --bootstrap --msa ../BenoitDatasets/families/alesim_s20_f50_sites400_d1.0_l0.5_t0.5_seed42/pargenes/parse_run/results/54_pruned_fasta/54_pruned_fasta.raxml.rba --blopt nr_safe --model GTR --prefix ../BenoitDatasets/families/alesim_s20_f50_sites400_d1.0_l0.5_t0.5_seed42/pargenes/mlsearch_run/bootstraps/54_pruned_fasta/54_pruned_fasta_bs7 --threads 1 --seed 8 --bs-trees 10

Analysis options:
  run mode: Bootstrapping
  start tree(s): 
  bootstrap replicates: 10
  random seed: 8
  tip-inner: ON
  pattern compression: ON
  per-rate scalers: OFF
  site repeats: OFF
  branch lengths: linked (ML estimate, algorithm: NR-SAFE)
  SIMD kernels: AVX2
  parallelization: NONE/sequential

WARNING: The model you specified on the command line (GTR) will be ignored 
         since the binary MSA file already contains a model definition.
         If you want to change the model, please re-run RAxML-NG 
         with the original PHYLIP/FASTA alignment and --redo option.

[00:00:00] Loading binary alignment from file: ../BenoitDatasets/families/alesim_s20_f50_sites400_d1.0_l0.5_t0.5_seed42/pargenes/parse_run/results/54_pruned_fasta/54_pruned_fasta.raxml.rba
[00:00:00] Alignment comprises 15 taxa, 1 partitions and 318 patterns

Partition 0: noname
Model: GTR+FO
Alignment sites / patterns: 400 / 318
Gaps: 0.00 %
Invariant sites: 1.00 %


[00:00:00] Data distribution: max. partitions/sites/weight per thread: 1 / 318 / 1272
[00:00:00] Starting bootstrapping analysis with 10 replicates.

[00:00:00] Bootstrap tree #1, logLikelihood: -3542.149953
[00:00:00] Bootstrap tree #2, logLikelihood: -3563.897890
[00:00:01] Bootstrap tree #3, logLikelihood: -3523.276930
[00:00:01] Bootstrap tree #4, logLikelihood: -3516.684662
[00:00:01] Bootstrap tree #5, logLikelihood: -3492.053053
[00:00:02] Bootstrap tree #6, logLikelihood: -3560.166518
[00:00:02] Bootstrap tree #7, logLikelihood: -3480.467022
[00:00:03] Bootstrap tree #8, logLikelihood: -3495.324989
[00:00:03] Bootstrap tree #9, logLikelihood: -3473.400021
[00:00:03] Bootstrap tree #10, logLikelihood: -3377.844268

Optimized model parameters:

   Partition 0: noname
   Rate heterogeneity: NONE
   Base frequencies (ML): 0.263163 0.227356 0.244691 0.264790 
   Substitution rates (ML): 0.599522 0.871607 0.501274 0.710872 0.674007 1.000000 
Bootstrap trees saved to: /home/morelbt/github/BenoitDatasets/families/alesim_s20_f50_sites400_d1.0_l0.5_t0.5_seed42/pargenes/mlsearch_run/bootstraps/54_pruned_fasta/54_pruned_fasta_bs7.raxml.bootstraps

Execution log saved to: /home/morelbt/github/BenoitDatasets/families/alesim_s20_f50_sites400_d1.0_l0.5_t0.5_seed42/pargenes/mlsearch_run/bootstraps/54_pruned_fasta/54_pruned_fasta_bs7.raxml.log

Analysis started: 22-Jan-2019 14:46:55 / finished: 22-Jan-2019 14:46:59

Elapsed time: 3.677 seconds

