
RAxML-NG v. 0.6.0git BETA released on 27.07.2018 by The Exelixis Lab.
Authors: Alexey Kozlov, Alexandros Stamatakis, Diego Darriba, Tomas Flouri, Benoit Morel.
Latest version: https://github.com/amkozlov/raxml-ng
Questions/problems/suggestions? Please visit: https://groups.google.com/forum/#!forum/raxml

WARNING: This is a BETA release, please use at your own risk!

RAxML-NG was called as follows:

mpi-scheduler --bootstrap --msa ../BenoitDatasets/families/jsim_s27_f100_sites1000_d2.0_l1.0_seed6/pargenes/parse_run/results/90_fasta/90_fasta.raxml.rba --blopt nr_safe --model GTR --prefix ../BenoitDatasets/families/jsim_s27_f100_sites1000_d2.0_l1.0_seed6/pargenes/mlsearch_run/bootstraps/90_fasta/90_fasta_bs0 --threads 1 --seed 1 --bs-trees 10

Analysis options:
  run mode: Bootstrapping
  start tree(s): 
  bootstrap replicates: 10
  random seed: 1
  tip-inner: ON
  pattern compression: ON
  per-rate scalers: OFF
  site repeats: OFF
  branch lengths: linked (ML estimate, algorithm: NR-SAFE)
  SIMD kernels: AVX2
  parallelization: NONE/sequential

WARNING: The model you specified on the command line (GTR) will be ignored 
         since the binary MSA file already contains a model definition.
         If you want to change the model, please re-run RAxML-NG 
         with the original PHYLIP/FASTA alignment and --redo option.

[00:00:00] Loading binary alignment from file: ../BenoitDatasets/families/jsim_s27_f100_sites1000_d2.0_l1.0_seed6/pargenes/parse_run/results/90_fasta/90_fasta.raxml.rba
[00:00:00] Alignment comprises 25 taxa, 1 partitions and 1000 patterns

Partition 0: noname
Model: GTR+FO
Alignment sites / patterns: 1000 / 1000
Gaps: 0.00 %
Invariant sites: 0.00 %


[00:00:00] Data distribution: max. partitions/sites/weight per thread: 1 / 1000 / 4000
[00:00:00] Starting bootstrapping analysis with 10 replicates.

[00:00:06] Bootstrap tree #1, logLikelihood: -22378.673009
[00:00:09] Bootstrap tree #2, logLikelihood: -21783.876854
[00:00:12] Bootstrap tree #3, logLikelihood: -22229.046245
[00:00:16] Bootstrap tree #4, logLikelihood: -21877.568420
[00:00:19] Bootstrap tree #5, logLikelihood: -22186.990880
[00:00:24] Bootstrap tree #6, logLikelihood: -22101.649111
[00:00:30] Bootstrap tree #7, logLikelihood: -22384.698739
[00:00:33] Bootstrap tree #8, logLikelihood: -22012.953808
[00:00:36] Bootstrap tree #9, logLikelihood: -22010.642869
[00:00:40] Bootstrap tree #10, logLikelihood: -22084.586780

Optimized model parameters:

   Partition 0: noname
   Rate heterogeneity: NONE
   Base frequencies (ML): 0.264856 0.244746 0.233273 0.257124 
   Substitution rates (ML): 1.010308 0.872548 0.870508 0.970611 0.895362 1.000000 
Bootstrap trees saved to: /home/morelbt/github/BenoitDatasets/families/jsim_s27_f100_sites1000_d2.0_l1.0_seed6/pargenes/mlsearch_run/bootstraps/90_fasta/90_fasta_bs0.raxml.bootstraps

Execution log saved to: /home/morelbt/github/BenoitDatasets/families/jsim_s27_f100_sites1000_d2.0_l1.0_seed6/pargenes/mlsearch_run/bootstraps/90_fasta/90_fasta_bs0.raxml.log

Analysis started: 07-Dec-2018 15:53:46 / finished: 07-Dec-2018 15:54:27

Elapsed time: 40.237 seconds

