
RAxML-NG v. 0.6.0git BETA released on 27.07.2018 by The Exelixis Lab.
Authors: Alexey Kozlov, Alexandros Stamatakis, Diego Darriba, Tomas Flouri, Benoit Morel.
Latest version: https://github.com/amkozlov/raxml-ng
Questions/problems/suggestions? Please visit: https://groups.google.com/forum/#!forum/raxml

WARNING: This is a BETA release, please use at your own risk!

RAxML-NG was called as follows:

mpi-scheduler --bootstrap --msa ../BenoitDatasets/families/jsim_s8_f100_sites300_d2.0_l1.0/pargenes/parse_run/results/16_fasta/16_fasta.raxml.rba --blopt nr_safe --model GTR --prefix ../BenoitDatasets/families/jsim_s8_f100_sites300_d2.0_l1.0/pargenes/mlsearch_run/bootstraps/16_fasta/16_fasta_bs0 --threads 1 --seed 1 --bs-trees 10

Analysis options:
  run mode: Bootstrapping
  start tree(s): 
  bootstrap replicates: 10
  random seed: 1
  tip-inner: ON
  pattern compression: ON
  per-rate scalers: OFF
  site repeats: OFF
  branch lengths: linked (ML estimate, algorithm: NR-SAFE)
  SIMD kernels: AVX2
  parallelization: NONE/sequential

WARNING: The model you specified on the command line (GTR) will be ignored 
         since the binary MSA file already contains a model definition.
         If you want to change the model, please re-run RAxML-NG 
         with the original PHYLIP/FASTA alignment and --redo option.

[00:00:00] Loading binary alignment from file: ../BenoitDatasets/families/jsim_s8_f100_sites300_d2.0_l1.0/pargenes/parse_run/results/16_fasta/16_fasta.raxml.rba
[00:00:00] Alignment comprises 11 taxa, 1 partitions and 297 patterns

Partition 0: noname
Model: GTR+FO
Alignment sites / patterns: 300 / 297
Gaps: 0.00 %
Invariant sites: 0.67 %


[00:00:00] Data distribution: max. partitions/sites/weight per thread: 1 / 297 / 1188
[00:00:00] Starting bootstrapping analysis with 10 replicates.

[00:00:00] Bootstrap tree #1, logLikelihood: -3383.846889
[00:00:00] Bootstrap tree #2, logLikelihood: -3410.036071
[00:00:00] Bootstrap tree #3, logLikelihood: -3386.444133
[00:00:01] Bootstrap tree #4, logLikelihood: -3421.323301
[00:00:01] Bootstrap tree #5, logLikelihood: -3340.434891
[00:00:01] Bootstrap tree #6, logLikelihood: -3472.238685
[00:00:01] Bootstrap tree #7, logLikelihood: -3384.532308
[00:00:02] Bootstrap tree #8, logLikelihood: -3382.202488
[00:00:02] Bootstrap tree #9, logLikelihood: -3359.089724
[00:00:02] Bootstrap tree #10, logLikelihood: -3339.161657

Optimized model parameters:

   Partition 0: noname
   Rate heterogeneity: NONE
   Base frequencies (ML): 0.272794 0.228111 0.228601 0.270493 
   Substitution rates (ML): 1.351012 0.900036 0.755710 1.277034 1.083788 1.000000 
Bootstrap trees saved to: /home/morelbt/github/BenoitDatasets/families/jsim_s8_f100_sites300_d2.0_l1.0/pargenes/mlsearch_run/bootstraps/16_fasta/16_fasta_bs0.raxml.bootstraps

Execution log saved to: /home/morelbt/github/BenoitDatasets/families/jsim_s8_f100_sites300_d2.0_l1.0/pargenes/mlsearch_run/bootstraps/16_fasta/16_fasta_bs0.raxml.log

Analysis started: 05-Dec-2018 13:32:47 / finished: 05-Dec-2018 13:32:50

Elapsed time: 2.750 seconds

