
RAxML-NG v. 0.6.0git BETA released on 27.07.2018 by The Exelixis Lab.
Authors: Alexey Kozlov, Alexandros Stamatakis, Diego Darriba, Tomas Flouri, Benoit Morel.
Latest version: https://github.com/amkozlov/raxml-ng
Questions/problems/suggestions? Please visit: https://groups.google.com/forum/#!forum/raxml

WARNING: This is a BETA release, please use at your own risk!

RAxML-NG was called as follows:

mpi-scheduler --bootstrap --msa ../BenoitDatasets/families/alesim_s30_f50_sites200_d2.0_l1.0_seed42/pargenes/parse_run/results/42_prunedfasta/42_prunedfasta.raxml.rba --blopt nr_safe --model GTR --prefix ../BenoitDatasets/families/alesim_s30_f50_sites200_d2.0_l1.0_seed42/pargenes/mlsearch_run/bootstraps/42_prunedfasta/42_prunedfasta_bs3 --threads 1 --seed 4 --bs-trees 10

Analysis options:
  run mode: Bootstrapping
  start tree(s): 
  bootstrap replicates: 10
  random seed: 4
  tip-inner: ON
  pattern compression: ON
  per-rate scalers: OFF
  site repeats: OFF
  branch lengths: linked (ML estimate, algorithm: NR-SAFE)
  SIMD kernels: AVX2
  parallelization: NONE/sequential

WARNING: The model you specified on the command line (GTR) will be ignored 
         since the binary MSA file already contains a model definition.
         If you want to change the model, please re-run RAxML-NG 
         with the original PHYLIP/FASTA alignment and --redo option.

[00:00:00] Loading binary alignment from file: ../BenoitDatasets/families/alesim_s30_f50_sites200_d2.0_l1.0_seed42/pargenes/parse_run/results/42_prunedfasta/42_prunedfasta.raxml.rba
[00:00:00] Alignment comprises 51 taxa, 1 partitions and 199 patterns

Partition 0: noname
Model: GTR+FO
Alignment sites / patterns: 200 / 199
Gaps: 0.00 %
Invariant sites: 0.50 %


[00:00:00] Data distribution: max. partitions/sites/weight per thread: 1 / 199 / 796
[00:00:00] Starting bootstrapping analysis with 10 replicates.

[00:00:01] Bootstrap tree #1, logLikelihood: -3551.012595
[00:00:02] Bootstrap tree #2, logLikelihood: -3453.935566
[00:00:03] Bootstrap tree #3, logLikelihood: -3441.650820
[00:00:04] Bootstrap tree #4, logLikelihood: -3502.249032
[00:00:06] Bootstrap tree #5, logLikelihood: -3481.135489
[00:00:07] Bootstrap tree #6, logLikelihood: -3562.262852
[00:00:08] Bootstrap tree #7, logLikelihood: -3458.524645
[00:00:09] Bootstrap tree #8, logLikelihood: -3570.556724
[00:00:10] Bootstrap tree #9, logLikelihood: -3472.898950
[00:00:12] Bootstrap tree #10, logLikelihood: -3630.134124

Optimized model parameters:

   Partition 0: noname
   Rate heterogeneity: NONE
   Base frequencies (ML): 0.228076 0.290290 0.237064 0.244570 
   Substitution rates (ML): 0.984568 1.434054 1.018038 0.869252 1.300816 1.000000 
Bootstrap trees saved to: /home/morelbt/github/BenoitDatasets/families/alesim_s30_f50_sites200_d2.0_l1.0_seed42/pargenes/mlsearch_run/bootstraps/42_prunedfasta/42_prunedfasta_bs3.raxml.bootstraps

Execution log saved to: /home/morelbt/github/BenoitDatasets/families/alesim_s30_f50_sites200_d2.0_l1.0_seed42/pargenes/mlsearch_run/bootstraps/42_prunedfasta/42_prunedfasta_bs3.raxml.log

Analysis started: 11-Dec-2018 20:57:21 / finished: 11-Dec-2018 20:57:33

Elapsed time: 12.350 seconds

