
RAxML-NG v. 0.6.0git BETA released on 27.07.2018 by The Exelixis Lab.
Authors: Alexey Kozlov, Alexandros Stamatakis, Diego Darriba, Tomas Flouri, Benoit Morel.
Latest version: https://github.com/amkozlov/raxml-ng
Questions/problems/suggestions? Please visit: https://groups.google.com/forum/#!forum/raxml

WARNING: This is a BETA release, please use at your own risk!

RAxML-NG was called as follows:

mpi-scheduler --msa ../BenoitDatasets/families/alesim_s30_f50_sites200_d2.0_l1.0_seed42/pargenes/parse_run/results/29_prunedfasta/29_prunedfasta.raxml.rba --blopt nr_safe --model GTR --prefix ../BenoitDatasets/families/alesim_s30_f50_sites200_d2.0_l1.0_seed42/pargenes/mlsearch_run/results/29_prunedfasta/29_prunedfasta --threads 1 --seed 1

Analysis options:
  run mode: ML tree search
  start tree(s): random (1)
  random seed: 1
  tip-inner: ON
  pattern compression: ON
  per-rate scalers: OFF
  site repeats: OFF
  fast spr radius: AUTO
  spr subtree cutoff: 1.000000
  branch lengths: linked (ML estimate, algorithm: NR-SAFE)
  SIMD kernels: AVX2
  parallelization: NONE/sequential

WARNING: The model you specified on the command line (GTR) will be ignored 
         since the binary MSA file already contains a model definition.
         If you want to change the model, please re-run RAxML-NG 
         with the original PHYLIP/FASTA alignment and --redo option.

[00:00:00] Loading binary alignment from file: ../BenoitDatasets/families/alesim_s30_f50_sites200_d2.0_l1.0_seed42/pargenes/parse_run/results/29_prunedfasta/29_prunedfasta.raxml.rba
[00:00:00] Alignment comprises 177 taxa, 1 partitions and 200 patterns

Partition 0: noname
Model: GTR+FO
Alignment sites / patterns: 200 / 200
Gaps: 0.00 %
Invariant sites: 0.00 %


[00:00:00] Generating 1 random starting tree(s) with 177 taxa
[00:00:00] Data distribution: max. partitions/sites/weight per thread: 1 / 200 / 800

Starting ML tree search with 1 distinct starting trees

[00:00:00 -52941.430052] Initial branch length optimization
[00:00:00 -39638.788437] Model parameter optimization (eps = 10.000000)
[00:00:00 -39585.436841] AUTODETECT spr round 1 (radius: 5)
[00:00:00 -29882.195962] AUTODETECT spr round 2 (radius: 10)
[00:00:01 -20148.566680] AUTODETECT spr round 3 (radius: 15)
[00:00:01 -16411.576805] AUTODETECT spr round 4 (radius: 20)
[00:00:02 -15990.364526] AUTODETECT spr round 5 (radius: 25)
[00:00:03 -15990.342867] SPR radius for FAST iterations: 20 (autodetect)
[00:00:03 -15990.342867] Model parameter optimization (eps = 3.000000)
[00:00:03 -15983.442260] FAST spr round 1 (radius: 20)
[00:00:03 -12314.128139] FAST spr round 2 (radius: 20)
[00:00:04 -11799.201166] FAST spr round 3 (radius: 20)
[00:00:05 -11795.538324] FAST spr round 4 (radius: 20)
[00:00:05 -11793.781021] FAST spr round 5 (radius: 20)
[00:00:05 -11793.779934] Model parameter optimization (eps = 1.000000)
[00:00:05 -11791.879765] SLOW spr round 1 (radius: 5)
[00:00:07 -11789.553360] SLOW spr round 2 (radius: 5)
[00:00:08 -11789.553279] SLOW spr round 3 (radius: 10)
[00:00:10 -11789.553275] SLOW spr round 4 (radius: 15)
[00:00:13 -11789.553273] SLOW spr round 5 (radius: 20)
[00:00:15 -11789.553273] SLOW spr round 6 (radius: 25)
[00:00:16 -11789.553272] Model parameter optimization (eps = 0.100000)

[00:00:16] ML tree search #1, logLikelihood: -11789.524156


Optimized model parameters:

   Partition 0: noname
   Rate heterogeneity: NONE
   Base frequencies (ML): 0.261655 0.237699 0.233095 0.267552 
   Substitution rates (ML): 0.994761 1.084601 1.071644 1.173008 0.923893 1.000000 

Final LogLikelihood: -11789.524156

Best ML tree saved to: /home/morelbt/github/BenoitDatasets/families/alesim_s30_f50_sites200_d2.0_l1.0_seed42/pargenes/mlsearch_run/results/29_prunedfasta/29_prunedfasta.raxml.bestTree
Optimized model saved to: /home/morelbt/github/BenoitDatasets/families/alesim_s30_f50_sites200_d2.0_l1.0_seed42/pargenes/mlsearch_run/results/29_prunedfasta/29_prunedfasta.raxml.bestModel

Execution log saved to: /home/morelbt/github/BenoitDatasets/families/alesim_s30_f50_sites200_d2.0_l1.0_seed42/pargenes/mlsearch_run/results/29_prunedfasta/29_prunedfasta.raxml.log

Analysis started: 11-Dec-2018 20:57:57 / finished: 11-Dec-2018 20:58:14

Elapsed time: 16.306 seconds

