
RAxML-NG v. 0.6.0git BETA released on 27.07.2018 by The Exelixis Lab.
Authors: Alexey Kozlov, Alexandros Stamatakis, Diego Darriba, Tomas Flouri, Benoit Morel.
Latest version: https://github.com/amkozlov/raxml-ng
Questions/problems/suggestions? Please visit: https://groups.google.com/forum/#!forum/raxml

WARNING: This is a BETA release, please use at your own risk!

RAxML-NG was called as follows:

mpi-scheduler --msa ../BenoitDatasets/families/jsim_s8_f100_sites300_d2.0_l1.0/pargenes/parse_run/results/62_fasta/62_fasta.raxml.rba --blopt nr_safe --model GTR --prefix ../BenoitDatasets/families/jsim_s8_f100_sites300_d2.0_l1.0/pargenes/mlsearch_run/results/62_fasta/62_fasta --threads 1 --seed 1

Analysis options:
  run mode: ML tree search
  start tree(s): random (1)
  random seed: 1
  tip-inner: ON
  pattern compression: ON
  per-rate scalers: OFF
  site repeats: OFF
  fast spr radius: AUTO
  spr subtree cutoff: 1.000000
  branch lengths: linked (ML estimate, algorithm: NR-SAFE)
  SIMD kernels: AVX2
  parallelization: NONE/sequential

WARNING: The model you specified on the command line (GTR) will be ignored 
         since the binary MSA file already contains a model definition.
         If you want to change the model, please re-run RAxML-NG 
         with the original PHYLIP/FASTA alignment and --redo option.

[00:00:00] Loading binary alignment from file: ../BenoitDatasets/families/jsim_s8_f100_sites300_d2.0_l1.0/pargenes/parse_run/results/62_fasta/62_fasta.raxml.rba
[00:00:00] Alignment comprises 45 taxa, 1 partitions and 300 patterns

Partition 0: noname
Model: GTR+FO
Alignment sites / patterns: 300 / 300
Gaps: 0.00 %
Invariant sites: 0.00 %


[00:00:00] Generating 1 random starting tree(s) with 45 taxa
[00:00:00] Data distribution: max. partitions/sites/weight per thread: 1 / 300 / 1200

Starting ML tree search with 1 distinct starting trees

[00:00:00 -20620.965880] Initial branch length optimization
[00:00:00 -15981.395522] Model parameter optimization (eps = 10.000000)
[00:00:00 -15966.936718] AUTODETECT spr round 1 (radius: 5)
[00:00:00 -13650.101604] AUTODETECT spr round 2 (radius: 10)
[00:00:00 -12221.948161] AUTODETECT spr round 3 (radius: 15)
[00:00:00 -11845.375369] AUTODETECT spr round 4 (radius: 20)
[00:00:00 -11845.345304] SPR radius for FAST iterations: 15 (autodetect)
[00:00:00 -11845.345304] Model parameter optimization (eps = 3.000000)
[00:00:00 -11839.098356] FAST spr round 1 (radius: 15)
[00:00:00 -11322.044124] FAST spr round 2 (radius: 15)
[00:00:00 -11282.591337] FAST spr round 3 (radius: 15)
[00:00:01 -11277.525099] FAST spr round 4 (radius: 15)
[00:00:01 -11277.475160] Model parameter optimization (eps = 1.000000)
[00:00:01 -11275.855381] SLOW spr round 1 (radius: 5)
[00:00:02 -11275.807365] SLOW spr round 2 (radius: 10)
[00:00:02 -11275.801750] SLOW spr round 3 (radius: 15)
[00:00:03 -11275.798317] SLOW spr round 4 (radius: 20)
[00:00:03 -11275.796243] SLOW spr round 5 (radius: 25)
[00:00:03 -11275.794991] Model parameter optimization (eps = 0.100000)

[00:00:03] ML tree search #1, logLikelihood: -11275.785876


Optimized model parameters:

   Partition 0: noname
   Rate heterogeneity: NONE
   Base frequencies (ML): 0.246835 0.251008 0.245008 0.257149 
   Substitution rates (ML): 1.035389 0.983690 0.963849 1.066163 0.881639 1.000000 

Final LogLikelihood: -11275.785876

Best ML tree saved to: /home/morelbt/github/BenoitDatasets/families/jsim_s8_f100_sites300_d2.0_l1.0/pargenes/mlsearch_run/results/62_fasta/62_fasta.raxml.bestTree
Optimized model saved to: /home/morelbt/github/BenoitDatasets/families/jsim_s8_f100_sites300_d2.0_l1.0/pargenes/mlsearch_run/results/62_fasta/62_fasta.raxml.bestModel

Execution log saved to: /home/morelbt/github/BenoitDatasets/families/jsim_s8_f100_sites300_d2.0_l1.0/pargenes/mlsearch_run/results/62_fasta/62_fasta.raxml.log

Analysis started: 05-Dec-2018 13:32:58 / finished: 05-Dec-2018 13:33:01

Elapsed time: 3.385 seconds

