
RAxML-NG v. 0.6.0git BETA released on 27.07.2018 by The Exelixis Lab.
Authors: Alexey Kozlov, Alexandros Stamatakis, Diego Darriba, Tomas Flouri, Benoit Morel.
Latest version: https://github.com/amkozlov/raxml-ng
Questions/problems/suggestions? Please visit: https://groups.google.com/forum/#!forum/raxml

WARNING: This is a BETA release, please use at your own risk!

RAxML-NG was called as follows:

mpi-scheduler --bootstrap --msa ../BenoitDatasets/families/jsim_s27_f100_sites200_d6.0_l3.0_seed6/pargenes/parse_run/results/86_fasta/86_fasta.raxml.rba --blopt nr_safe --model GTR --prefix ../BenoitDatasets/families/jsim_s27_f100_sites200_d6.0_l3.0_seed6/pargenes/mlsearch_run/bootstraps/86_fasta/86_fasta_bs9 --threads 1 --seed 10 --bs-trees 10

Analysis options:
  run mode: Bootstrapping
  start tree(s): 
  bootstrap replicates: 10
  random seed: 10
  tip-inner: ON
  pattern compression: ON
  per-rate scalers: OFF
  site repeats: OFF
  branch lengths: linked (ML estimate, algorithm: NR-SAFE)
  SIMD kernels: AVX2
  parallelization: NONE/sequential

WARNING: The model you specified on the command line (GTR) will be ignored 
         since the binary MSA file already contains a model definition.
         If you want to change the model, please re-run RAxML-NG 
         with the original PHYLIP/FASTA alignment and --redo option.

[00:00:00] Loading binary alignment from file: ../BenoitDatasets/families/jsim_s27_f100_sites200_d6.0_l3.0_seed6/pargenes/parse_run/results/86_fasta/86_fasta.raxml.rba
[00:00:00] Alignment comprises 7 taxa, 1 partitions and 94 patterns

Partition 0: noname
Model: GTR+FO
Alignment sites / patterns: 200 / 94
Gaps: 0.00 %
Invariant sites: 2.00 %


[00:00:00] Data distribution: max. partitions/sites/weight per thread: 1 / 94 / 376
[00:00:00] Starting bootstrapping analysis with 10 replicates.

[00:00:00] Bootstrap tree #1, logLikelihood: -908.303037
[00:00:00] Bootstrap tree #2, logLikelihood: -896.522981
[00:00:00] Bootstrap tree #3, logLikelihood: -928.879105
[00:00:00] Bootstrap tree #4, logLikelihood: -943.704329
[00:00:00] Bootstrap tree #5, logLikelihood: -956.552518
[00:00:00] Bootstrap tree #6, logLikelihood: -924.546273
[00:00:00] Bootstrap tree #7, logLikelihood: -880.939071
[00:00:00] Bootstrap tree #8, logLikelihood: -874.233825
[00:00:00] Bootstrap tree #9, logLikelihood: -951.581629
[00:00:00] Bootstrap tree #10, logLikelihood: -905.195339

Optimized model parameters:

   Partition 0: noname
   Rate heterogeneity: NONE
   Base frequencies (ML): 0.252215 0.270440 0.234308 0.243037 
   Substitution rates (ML): 0.767230 0.849531 0.777574 0.694425 1.550834 1.000000 
Bootstrap trees saved to: /home/morelbt/github/BenoitDatasets/families/jsim_s27_f100_sites200_d6.0_l3.0_seed6/pargenes/mlsearch_run/bootstraps/86_fasta/86_fasta_bs9.raxml.bootstraps

Execution log saved to: /home/morelbt/github/BenoitDatasets/families/jsim_s27_f100_sites200_d6.0_l3.0_seed6/pargenes/mlsearch_run/bootstraps/86_fasta/86_fasta_bs9.raxml.log

Analysis started: 07-Dec-2018 15:33:03 / finished: 07-Dec-2018 15:33:04

Elapsed time: 0.258 seconds

