
RAxML-NG v. 0.6.0git BETA released on 27.07.2018 by The Exelixis Lab.
Authors: Alexey Kozlov, Alexandros Stamatakis, Diego Darriba, Tomas Flouri, Benoit Morel.
Latest version: https://github.com/amkozlov/raxml-ng
Questions/problems/suggestions? Please visit: https://groups.google.com/forum/#!forum/raxml

WARNING: This is a BETA release, please use at your own risk!

RAxML-NG was called as follows:

mpi-scheduler --bootstrap --msa ../BenoitDatasets/families/alesim_s20_f50_sites200_d0.6_l0.3_seed42/pargenes/parse_run/results/40_prunedfasta/40_prunedfasta.raxml.rba --blopt nr_safe --model GTR --prefix ../BenoitDatasets/families/alesim_s20_f50_sites200_d0.6_l0.3_seed42/pargenes/mlsearch_run/bootstraps/40_prunedfasta/40_prunedfasta_bs5 --threads 1 --seed 6 --bs-trees 10

Analysis options:
  run mode: Bootstrapping
  start tree(s): 
  bootstrap replicates: 10
  random seed: 6
  tip-inner: ON
  pattern compression: ON
  per-rate scalers: OFF
  site repeats: OFF
  branch lengths: linked (ML estimate, algorithm: NR-SAFE)
  SIMD kernels: AVX2
  parallelization: NONE/sequential

WARNING: The model you specified on the command line (GTR) will be ignored 
         since the binary MSA file already contains a model definition.
         If you want to change the model, please re-run RAxML-NG 
         with the original PHYLIP/FASTA alignment and --redo option.

[00:00:00] Loading binary alignment from file: ../BenoitDatasets/families/alesim_s20_f50_sites200_d0.6_l0.3_seed42/pargenes/parse_run/results/40_prunedfasta/40_prunedfasta.raxml.rba
[00:00:00] Alignment comprises 44 taxa, 1 partitions and 200 patterns

Partition 0: noname
Model: GTR+FO
Alignment sites / patterns: 200 / 200
Gaps: 0.00 %
Invariant sites: 0.00 %


[00:00:00] Data distribution: max. partitions/sites/weight per thread: 1 / 200 / 800
[00:00:00] Starting bootstrapping analysis with 10 replicates.

[00:00:01] Bootstrap tree #1, logLikelihood: -4069.629907
[00:00:02] Bootstrap tree #2, logLikelihood: -4075.173070
[00:00:04] Bootstrap tree #3, logLikelihood: -4199.692614
[00:00:05] Bootstrap tree #4, logLikelihood: -4145.336834
[00:00:06] Bootstrap tree #5, logLikelihood: -4217.641189
[00:00:08] Bootstrap tree #6, logLikelihood: -4016.352874
[00:00:09] Bootstrap tree #7, logLikelihood: -4058.646291
[00:00:10] Bootstrap tree #8, logLikelihood: -4032.054385
[00:00:11] Bootstrap tree #9, logLikelihood: -4020.712168
[00:00:13] Bootstrap tree #10, logLikelihood: -4168.294272

Optimized model parameters:

   Partition 0: noname
   Rate heterogeneity: NONE
   Base frequencies (ML): 0.219513 0.276464 0.266694 0.237329 
   Substitution rates (ML): 0.752158 0.739495 0.874623 0.726070 0.874907 1.000000 
Bootstrap trees saved to: /home/morelbt/github/BenoitDatasets/families/alesim_s20_f50_sites200_d0.6_l0.3_seed42/pargenes/mlsearch_run/bootstraps/40_prunedfasta/40_prunedfasta_bs5.raxml.bootstraps

Execution log saved to: /home/morelbt/github/BenoitDatasets/families/alesim_s20_f50_sites200_d0.6_l0.3_seed42/pargenes/mlsearch_run/bootstraps/40_prunedfasta/40_prunedfasta_bs5.raxml.log

Analysis started: 11-Dec-2018 15:13:23 / finished: 11-Dec-2018 15:13:36

Elapsed time: 13.076 seconds

