
RAxML-NG v. 0.6.0git BETA released on 27.07.2018 by The Exelixis Lab.
Authors: Alexey Kozlov, Alexandros Stamatakis, Diego Darriba, Tomas Flouri, Benoit Morel.
Latest version: https://github.com/amkozlov/raxml-ng
Questions/problems/suggestions? Please visit: https://groups.google.com/forum/#!forum/raxml

WARNING: This is a BETA release, please use at your own risk!

RAxML-NG was called as follows:

mpi-scheduler --bootstrap --msa ../BenoitDatasets/families/jsim_s8_f100_sites300_d2.0_l1.0_t0.5_seed6/pargenes/parse_run/results/73_pruned_fasta/73_pruned_fasta.raxml.rba --blopt nr_safe --model GTR --prefix ../BenoitDatasets/families/jsim_s8_f100_sites300_d2.0_l1.0_t0.5_seed6/pargenes/mlsearch_run/bootstraps/73_pruned_fasta/73_pruned_fasta_bs6 --threads 1 --seed 7 --bs-trees 10

Analysis options:
  run mode: Bootstrapping
  start tree(s): 
  bootstrap replicates: 10
  random seed: 7
  tip-inner: ON
  pattern compression: ON
  per-rate scalers: OFF
  site repeats: OFF
  branch lengths: linked (ML estimate, algorithm: NR-SAFE)
  SIMD kernels: AVX2
  parallelization: NONE/sequential

WARNING: The model you specified on the command line (GTR) will be ignored 
         since the binary MSA file already contains a model definition.
         If you want to change the model, please re-run RAxML-NG 
         with the original PHYLIP/FASTA alignment and --redo option.

[00:00:00] Loading binary alignment from file: ../BenoitDatasets/families/jsim_s8_f100_sites300_d2.0_l1.0_t0.5_seed6/pargenes/parse_run/results/73_pruned_fasta/73_pruned_fasta.raxml.rba
[00:00:00] Alignment comprises 5 taxa, 1 partitions and 169 patterns

Partition 0: noname
Model: GTR+FO
Alignment sites / patterns: 300 / 169
Gaps: 0.00 %
Invariant sites: 1.33 %


[00:00:00] Data distribution: max. partitions/sites/weight per thread: 1 / 169 / 676
[00:00:00] Starting bootstrapping analysis with 10 replicates.

[00:00:00] Bootstrap tree #1, logLikelihood: -1756.266224
[00:00:00] Bootstrap tree #2, logLikelihood: -1710.104645
[00:00:00] Bootstrap tree #3, logLikelihood: -1702.848675
[00:00:00] Bootstrap tree #4, logLikelihood: -1708.923267
[00:00:00] Bootstrap tree #5, logLikelihood: -1685.575524
[00:00:00] Bootstrap tree #6, logLikelihood: -1677.050624
[00:00:00] Bootstrap tree #7, logLikelihood: -1708.519082
[00:00:00] Bootstrap tree #8, logLikelihood: -1727.818455
[00:00:00] Bootstrap tree #9, logLikelihood: -1734.085769
[00:00:00] Bootstrap tree #10, logLikelihood: -1715.209581

Optimized model parameters:

   Partition 0: noname
   Rate heterogeneity: NONE
   Base frequencies (ML): 0.243073 0.286929 0.247754 0.222244 
   Substitution rates (ML): 1.040192 1.532812 1.315654 0.866233 0.990031 1.000000 
Bootstrap trees saved to: /home/morelbt/github/BenoitDatasets/families/jsim_s8_f100_sites300_d2.0_l1.0_t0.5_seed6/pargenes/mlsearch_run/bootstraps/73_pruned_fasta/73_pruned_fasta_bs6.raxml.bootstraps

Execution log saved to: /home/morelbt/github/BenoitDatasets/families/jsim_s8_f100_sites300_d2.0_l1.0_t0.5_seed6/pargenes/mlsearch_run/bootstraps/73_pruned_fasta/73_pruned_fasta_bs6.raxml.log

Analysis started: 14-Jan-2019 13:37:47 / finished: 14-Jan-2019 13:37:47

Elapsed time: 0.263 seconds

