
RAxML-NG v. 0.6.0git BETA released on 27.07.2018 by The Exelixis Lab.
Authors: Alexey Kozlov, Alexandros Stamatakis, Diego Darriba, Tomas Flouri, Benoit Morel.
Latest version: https://github.com/amkozlov/raxml-ng
Questions/problems/suggestions? Please visit: https://groups.google.com/forum/#!forum/raxml

WARNING: This is a BETA release, please use at your own risk!

RAxML-NG was called as follows:

mpi-scheduler --bootstrap --msa ../BenoitDatasets/families/jsim_s8_f100_sites300_d2.0_l1.0/pargenes/parse_run/results/97_fasta/97_fasta.raxml.rba --blopt nr_safe --model GTR --prefix ../BenoitDatasets/families/jsim_s8_f100_sites300_d2.0_l1.0/pargenes/mlsearch_run/bootstraps/97_fasta/97_fasta_bs0 --threads 1 --seed 1 --bs-trees 10

Analysis options:
  run mode: Bootstrapping
  start tree(s): 
  bootstrap replicates: 10
  random seed: 1
  tip-inner: ON
  pattern compression: ON
  per-rate scalers: OFF
  site repeats: OFF
  branch lengths: linked (ML estimate, algorithm: NR-SAFE)
  SIMD kernels: AVX2
  parallelization: NONE/sequential

WARNING: The model you specified on the command line (GTR) will be ignored 
         since the binary MSA file already contains a model definition.
         If you want to change the model, please re-run RAxML-NG 
         with the original PHYLIP/FASTA alignment and --redo option.

[00:00:00] Loading binary alignment from file: ../BenoitDatasets/families/jsim_s8_f100_sites300_d2.0_l1.0/pargenes/parse_run/results/97_fasta/97_fasta.raxml.rba
[00:00:00] Alignment comprises 5 taxa, 1 partitions and 139 patterns

Partition 0: noname
Model: GTR+FO
Alignment sites / patterns: 300 / 139
Gaps: 0.00 %
Invariant sites: 1.33 %


[00:00:00] Data distribution: max. partitions/sites/weight per thread: 1 / 139 / 556
[00:00:00] Starting bootstrapping analysis with 10 replicates.

[00:00:00] Bootstrap tree #1, logLikelihood: -1508.266739
[00:00:00] Bootstrap tree #2, logLikelihood: -1556.702026
[00:00:00] Bootstrap tree #3, logLikelihood: -1487.443371
[00:00:00] Bootstrap tree #4, logLikelihood: -1530.878708
[00:00:00] Bootstrap tree #5, logLikelihood: -1480.534211
[00:00:00] Bootstrap tree #6, logLikelihood: -1545.994671
[00:00:00] Bootstrap tree #7, logLikelihood: -1530.761649
[00:00:00] Bootstrap tree #8, logLikelihood: -1488.363618
[00:00:00] Bootstrap tree #9, logLikelihood: -1508.780606
[00:00:00] Bootstrap tree #10, logLikelihood: -1523.278689

Optimized model parameters:

   Partition 0: noname
   Rate heterogeneity: NONE
   Base frequencies (ML): 0.253657 0.238451 0.258678 0.249213 
   Substitution rates (ML): 0.687872 1.466723 0.624450 1.534066 1.505097 1.000000 
Bootstrap trees saved to: /home/morelbt/github/BenoitDatasets/families/jsim_s8_f100_sites300_d2.0_l1.0/pargenes/mlsearch_run/bootstraps/97_fasta/97_fasta_bs0.raxml.bootstraps

Execution log saved to: /home/morelbt/github/BenoitDatasets/families/jsim_s8_f100_sites300_d2.0_l1.0/pargenes/mlsearch_run/bootstraps/97_fasta/97_fasta_bs0.raxml.log

Analysis started: 05-Dec-2018 13:32:59 / finished: 05-Dec-2018 13:33:00

Elapsed time: 0.200 seconds

