
RAxML-NG v. 0.6.0git BETA released on 27.07.2018 by The Exelixis Lab.
Authors: Alexey Kozlov, Alexandros Stamatakis, Diego Darriba, Tomas Flouri, Benoit Morel.
Latest version: https://github.com/amkozlov/raxml-ng
Questions/problems/suggestions? Please visit: https://groups.google.com/forum/#!forum/raxml

WARNING: This is a BETA release, please use at your own risk!

RAxML-NG was called as follows:

mpi-scheduler --bootstrap --msa ../BenoitDatasets/families/jsim_s27_f100_sites200_d2.0_l1.0_seed6/pargenes/parse_run/results/52_fasta/52_fasta.raxml.rba --blopt nr_safe --model GTR --prefix ../BenoitDatasets/families/jsim_s27_f100_sites200_d2.0_l1.0_seed6/pargenes/mlsearch_run/bootstraps/52_fasta/52_fasta_bs2 --threads 1 --seed 3 --bs-trees 10

Analysis options:
  run mode: Bootstrapping
  start tree(s): 
  bootstrap replicates: 10
  random seed: 3
  tip-inner: ON
  pattern compression: ON
  per-rate scalers: OFF
  site repeats: OFF
  branch lengths: linked (ML estimate, algorithm: NR-SAFE)
  SIMD kernels: AVX2
  parallelization: NONE/sequential

WARNING: The model you specified on the command line (GTR) will be ignored 
         since the binary MSA file already contains a model definition.
         If you want to change the model, please re-run RAxML-NG 
         with the original PHYLIP/FASTA alignment and --redo option.

[00:00:00] Loading binary alignment from file: ../BenoitDatasets/families/jsim_s27_f100_sites200_d2.0_l1.0_seed6/pargenes/parse_run/results/52_fasta/52_fasta.raxml.rba
[00:00:00] Alignment comprises 7 taxa, 1 partitions and 185 patterns

Partition 0: noname
Model: GTR+FO
Alignment sites / patterns: 200 / 185
Gaps: 0.00 %
Invariant sites: 0.00 %


[00:00:00] Data distribution: max. partitions/sites/weight per thread: 1 / 185 / 740
[00:00:00] Starting bootstrapping analysis with 10 replicates.

[00:00:00] Bootstrap tree #1, logLikelihood: -1552.495874
[00:00:00] Bootstrap tree #2, logLikelihood: -1539.049115
[00:00:00] Bootstrap tree #3, logLikelihood: -1524.977327
[00:00:00] Bootstrap tree #4, logLikelihood: -1537.278672
[00:00:00] Bootstrap tree #5, logLikelihood: -1527.487163
[00:00:00] Bootstrap tree #6, logLikelihood: -1487.408277
[00:00:00] Bootstrap tree #7, logLikelihood: -1523.841536
[00:00:00] Bootstrap tree #8, logLikelihood: -1498.119054
[00:00:00] Bootstrap tree #9, logLikelihood: -1488.545770
[00:00:00] Bootstrap tree #10, logLikelihood: -1502.735163

Optimized model parameters:

   Partition 0: noname
   Rate heterogeneity: NONE
   Base frequencies (ML): 0.244412 0.247488 0.249310 0.258790 
   Substitution rates (ML): 1.473252 2.037312 0.627055 0.184829 1.128999 1.000000 
Bootstrap trees saved to: /home/morelbt/github/BenoitDatasets/families/jsim_s27_f100_sites200_d2.0_l1.0_seed6/pargenes/mlsearch_run/bootstraps/52_fasta/52_fasta_bs2.raxml.bootstraps

Execution log saved to: /home/morelbt/github/BenoitDatasets/families/jsim_s27_f100_sites200_d2.0_l1.0_seed6/pargenes/mlsearch_run/bootstraps/52_fasta/52_fasta_bs2.raxml.log

Analysis started: 07-Dec-2018 15:27:54 / finished: 07-Dec-2018 15:27:55

Elapsed time: 0.586 seconds

