
RAxML-NG v. 0.6.0git BETA released on 27.07.2018 by The Exelixis Lab.
Authors: Alexey Kozlov, Alexandros Stamatakis, Diego Darriba, Tomas Flouri, Benoit Morel.
Latest version: https://github.com/amkozlov/raxml-ng
Questions/problems/suggestions? Please visit: https://groups.google.com/forum/#!forum/raxml

WARNING: This is a BETA release, please use at your own risk!

RAxML-NG was called as follows:

mpi-scheduler --bootstrap --msa ../BenoitDatasets/families/alesim_s20_f50_sites400_d1.0_l0.5_seed42/pargenes/parse_run/results/22_prunedfasta/22_prunedfasta.raxml.rba --blopt nr_safe --model GTR --prefix ../BenoitDatasets/families/alesim_s20_f50_sites400_d1.0_l0.5_seed42/pargenes/mlsearch_run/bootstraps/22_prunedfasta/22_prunedfasta_bs3 --threads 1 --seed 4 --bs-trees 10

Analysis options:
  run mode: Bootstrapping
  start tree(s): 
  bootstrap replicates: 10
  random seed: 4
  tip-inner: ON
  pattern compression: ON
  per-rate scalers: OFF
  site repeats: OFF
  branch lengths: linked (ML estimate, algorithm: NR-SAFE)
  SIMD kernels: AVX2
  parallelization: NONE/sequential

WARNING: The model you specified on the command line (GTR) will be ignored 
         since the binary MSA file already contains a model definition.
         If you want to change the model, please re-run RAxML-NG 
         with the original PHYLIP/FASTA alignment and --redo option.

[00:00:00] Loading binary alignment from file: ../BenoitDatasets/families/alesim_s20_f50_sites400_d1.0_l0.5_seed42/pargenes/parse_run/results/22_prunedfasta/22_prunedfasta.raxml.rba
[00:00:00] Alignment comprises 152 taxa, 1 partitions and 400 patterns

Partition 0: noname
Model: GTR+FO
Alignment sites / patterns: 400 / 400
Gaps: 0.00 %
Invariant sites: 0.00 %


[00:00:00] Data distribution: max. partitions/sites/weight per thread: 1 / 400 / 1600
[00:00:00] Starting bootstrapping analysis with 10 replicates.

[00:00:19] Bootstrap tree #1, logLikelihood: -29094.458449
[00:00:38] Bootstrap tree #2, logLikelihood: -29840.442350
[00:01:13] Bootstrap tree #3, logLikelihood: -29031.310461
[00:01:34] Bootstrap tree #4, logLikelihood: -29133.298515
[00:02:01] Bootstrap tree #5, logLikelihood: -29081.869329
[00:02:23] Bootstrap tree #6, logLikelihood: -29461.891802
[00:02:47] Bootstrap tree #7, logLikelihood: -28888.840989
[00:03:14] Bootstrap tree #8, logLikelihood: -29508.426642
[00:03:40] Bootstrap tree #9, logLikelihood: -29903.945963
[00:04:02] Bootstrap tree #10, logLikelihood: -28967.679825

Optimized model parameters:

   Partition 0: noname
   Rate heterogeneity: NONE
   Base frequencies (ML): 0.245803 0.251905 0.255373 0.246920 
   Substitution rates (ML): 0.989781 1.110879 0.980913 1.101812 0.978755 1.000000 
Bootstrap trees saved to: /home/morelbt/github/BenoitDatasets/families/alesim_s20_f50_sites400_d1.0_l0.5_seed42/pargenes/mlsearch_run/bootstraps/22_prunedfasta/22_prunedfasta_bs3.raxml.bootstraps

Execution log saved to: /home/morelbt/github/BenoitDatasets/families/alesim_s20_f50_sites400_d1.0_l0.5_seed42/pargenes/mlsearch_run/bootstraps/22_prunedfasta/22_prunedfasta_bs3.raxml.log

Analysis started: 11-Dec-2018 15:24:01 / finished: 11-Dec-2018 15:28:03

Elapsed time: 242.179 seconds

