
RAxML-NG v. 0.6.0git BETA released on 27.07.2018 by The Exelixis Lab.
Authors: Alexey Kozlov, Alexandros Stamatakis, Diego Darriba, Tomas Flouri, Benoit Morel.
Latest version: https://github.com/amkozlov/raxml-ng
Questions/problems/suggestions? Please visit: https://groups.google.com/forum/#!forum/raxml

WARNING: This is a BETA release, please use at your own risk!

RAxML-NG was called as follows:

mpi-scheduler --bootstrap --msa ../BenoitDatasets/families/alesim_s20_f50_sites400_d1.0_l0.5_t0.5_seed42/pargenes/parse_run/results/43_pruned_fasta/43_pruned_fasta.raxml.rba --blopt nr_safe --model GTR --prefix ../BenoitDatasets/families/alesim_s20_f50_sites400_d1.0_l0.5_t0.5_seed42/pargenes/mlsearch_run/bootstraps/43_pruned_fasta/43_pruned_fasta_bs8 --threads 1 --seed 9 --bs-trees 10

Analysis options:
  run mode: Bootstrapping
  start tree(s): 
  bootstrap replicates: 10
  random seed: 9
  tip-inner: ON
  pattern compression: ON
  per-rate scalers: OFF
  site repeats: OFF
  branch lengths: linked (ML estimate, algorithm: NR-SAFE)
  SIMD kernels: AVX2
  parallelization: NONE/sequential

WARNING: The model you specified on the command line (GTR) will be ignored 
         since the binary MSA file already contains a model definition.
         If you want to change the model, please re-run RAxML-NG 
         with the original PHYLIP/FASTA alignment and --redo option.

[00:00:00] Loading binary alignment from file: ../BenoitDatasets/families/alesim_s20_f50_sites400_d1.0_l0.5_t0.5_seed42/pargenes/parse_run/results/43_pruned_fasta/43_pruned_fasta.raxml.rba
[00:00:00] Alignment comprises 135 taxa, 1 partitions and 400 patterns

Partition 0: noname
Model: GTR+FO
Alignment sites / patterns: 400 / 400
Gaps: 0.00 %
Invariant sites: 0.00 %


[00:00:00] Data distribution: max. partitions/sites/weight per thread: 1 / 400 / 1600
[00:00:00] Starting bootstrapping analysis with 10 replicates.

[00:00:17] Bootstrap tree #1, logLikelihood: -22652.923706
[00:00:33] Bootstrap tree #2, logLikelihood: -22369.594957
[00:00:58] Bootstrap tree #3, logLikelihood: -22873.704765
[00:01:14] Bootstrap tree #4, logLikelihood: -22906.997889
[00:01:28] Bootstrap tree #5, logLikelihood: -22631.121798
[00:01:44] Bootstrap tree #6, logLikelihood: -22522.948356
[00:02:15] Bootstrap tree #7, logLikelihood: -22599.970551
[00:02:30] Bootstrap tree #8, logLikelihood: -22298.068014
[00:02:46] Bootstrap tree #9, logLikelihood: -22461.936165
[00:03:02] Bootstrap tree #10, logLikelihood: -22945.540610

Optimized model parameters:

   Partition 0: noname
   Rate heterogeneity: NONE
   Base frequencies (ML): 0.258150 0.264034 0.238196 0.239621 
   Substitution rates (ML): 0.935458 1.045487 1.145159 0.930339 0.978280 1.000000 
Bootstrap trees saved to: /home/morelbt/github/BenoitDatasets/families/alesim_s20_f50_sites400_d1.0_l0.5_t0.5_seed42/pargenes/mlsearch_run/bootstraps/43_pruned_fasta/43_pruned_fasta_bs8.raxml.bootstraps

Execution log saved to: /home/morelbt/github/BenoitDatasets/families/alesim_s20_f50_sites400_d1.0_l0.5_t0.5_seed42/pargenes/mlsearch_run/bootstraps/43_pruned_fasta/43_pruned_fasta_bs8.raxml.log

Analysis started: 22-Jan-2019 14:38:55 / finished: 22-Jan-2019 14:41:57

Elapsed time: 182.174 seconds

