
RAxML-NG v. 0.6.0git BETA released on 27.07.2018 by The Exelixis Lab.
Authors: Alexey Kozlov, Alexandros Stamatakis, Diego Darriba, Tomas Flouri, Benoit Morel.
Latest version: https://github.com/amkozlov/raxml-ng
Questions/problems/suggestions? Please visit: https://groups.google.com/forum/#!forum/raxml

WARNING: This is a BETA release, please use at your own risk!

RAxML-NG was called as follows:

mpi-scheduler --bootstrap --msa ../BenoitDatasets/families/jsim_s8_f100_sites300_d2.0_l1.0/pargenes/parse_run/results/92_fasta/92_fasta.raxml.rba --blopt nr_safe --model GTR --prefix ../BenoitDatasets/families/jsim_s8_f100_sites300_d2.0_l1.0/pargenes/mlsearch_run/bootstraps/92_fasta/92_fasta_bs7 --threads 1 --seed 8 --bs-trees 10

Analysis options:
  run mode: Bootstrapping
  start tree(s): 
  bootstrap replicates: 10
  random seed: 8
  tip-inner: ON
  pattern compression: ON
  per-rate scalers: OFF
  site repeats: OFF
  branch lengths: linked (ML estimate, algorithm: NR-SAFE)
  SIMD kernels: AVX2
  parallelization: NONE/sequential

WARNING: The model you specified on the command line (GTR) will be ignored 
         since the binary MSA file already contains a model definition.
         If you want to change the model, please re-run RAxML-NG 
         with the original PHYLIP/FASTA alignment and --redo option.

[00:00:00] Loading binary alignment from file: ../BenoitDatasets/families/jsim_s8_f100_sites300_d2.0_l1.0/pargenes/parse_run/results/92_fasta/92_fasta.raxml.rba
[00:00:00] Alignment comprises 14 taxa, 1 partitions and 295 patterns

Partition 0: noname
Model: GTR+FO
Alignment sites / patterns: 300 / 295
Gaps: 0.00 %
Invariant sites: 0.67 %


[00:00:00] Data distribution: max. partitions/sites/weight per thread: 1 / 295 / 1180
[00:00:00] Starting bootstrapping analysis with 10 replicates.

[00:00:00] Bootstrap tree #1, logLikelihood: -3484.251664
[00:00:00] Bootstrap tree #2, logLikelihood: -3550.406125
[00:00:00] Bootstrap tree #3, logLikelihood: -3580.975476
[00:00:01] Bootstrap tree #4, logLikelihood: -3484.457564
[00:00:01] Bootstrap tree #5, logLikelihood: -3411.873774
[00:00:02] Bootstrap tree #6, logLikelihood: -3480.946116
[00:00:02] Bootstrap tree #7, logLikelihood: -3552.967969
[00:00:03] Bootstrap tree #8, logLikelihood: -3502.396647
[00:00:03] Bootstrap tree #9, logLikelihood: -3452.995241
[00:00:03] Bootstrap tree #10, logLikelihood: -3535.600101

Optimized model parameters:

   Partition 0: noname
   Rate heterogeneity: NONE
   Base frequencies (ML): 0.253214 0.247240 0.256124 0.243422 
   Substitution rates (ML): 1.203683 1.073175 0.982519 0.896672 1.132542 1.000000 
Bootstrap trees saved to: /home/morelbt/github/BenoitDatasets/families/jsim_s8_f100_sites300_d2.0_l1.0/pargenes/mlsearch_run/bootstraps/92_fasta/92_fasta_bs7.raxml.bootstraps

Execution log saved to: /home/morelbt/github/BenoitDatasets/families/jsim_s8_f100_sites300_d2.0_l1.0/pargenes/mlsearch_run/bootstraps/92_fasta/92_fasta_bs7.raxml.log

Analysis started: 05-Dec-2018 13:32:40 / finished: 05-Dec-2018 13:32:44

Elapsed time: 3.807 seconds

