
RAxML-NG v. 0.6.0git BETA released on 27.07.2018 by The Exelixis Lab.
Authors: Alexey Kozlov, Alexandros Stamatakis, Diego Darriba, Tomas Flouri, Benoit Morel.
Latest version: https://github.com/amkozlov/raxml-ng
Questions/problems/suggestions? Please visit: https://groups.google.com/forum/#!forum/raxml

WARNING: This is a BETA release, please use at your own risk!

RAxML-NG was called as follows:

mpi-scheduler --bootstrap --msa ../BenoitDatasets/families/jsim_s27_f100_sites1000_d2.0_l1.0_seed6/pargenes/parse_run/results/31_fasta/31_fasta.raxml.rba --blopt nr_safe --model GTR --prefix ../BenoitDatasets/families/jsim_s27_f100_sites1000_d2.0_l1.0_seed6/pargenes/mlsearch_run/bootstraps/31_fasta/31_fasta_bs0 --threads 1 --seed 1 --bs-trees 10

Analysis options:
  run mode: Bootstrapping
  start tree(s): 
  bootstrap replicates: 10
  random seed: 1
  tip-inner: ON
  pattern compression: ON
  per-rate scalers: OFF
  site repeats: OFF
  branch lengths: linked (ML estimate, algorithm: NR-SAFE)
  SIMD kernels: AVX2
  parallelization: NONE/sequential

WARNING: The model you specified on the command line (GTR) will be ignored 
         since the binary MSA file already contains a model definition.
         If you want to change the model, please re-run RAxML-NG 
         with the original PHYLIP/FASTA alignment and --redo option.

[00:00:00] Loading binary alignment from file: ../BenoitDatasets/families/jsim_s27_f100_sites1000_d2.0_l1.0_seed6/pargenes/parse_run/results/31_fasta/31_fasta.raxml.rba
[00:00:00] Alignment comprises 50 taxa, 1 partitions and 1000 patterns

Partition 0: noname
Model: GTR+FO
Alignment sites / patterns: 1000 / 1000
Gaps: 0.00 %
Invariant sites: 0.00 %


[00:00:00] Data distribution: max. partitions/sites/weight per thread: 1 / 1000 / 4000
[00:00:00] Starting bootstrapping analysis with 10 replicates.

[00:00:11] Bootstrap tree #1, logLikelihood: -45875.786599
[00:00:25] Bootstrap tree #2, logLikelihood: -46708.571003
[00:00:35] Bootstrap tree #3, logLikelihood: -46000.628244
[00:00:49] Bootstrap tree #4, logLikelihood: -46238.565911
[00:00:59] Bootstrap tree #5, logLikelihood: -46142.287271
[00:01:09] Bootstrap tree #6, logLikelihood: -46385.837592
[00:01:22] Bootstrap tree #7, logLikelihood: -46250.733484
[00:01:36] Bootstrap tree #8, logLikelihood: -46078.021971
[00:01:50] Bootstrap tree #9, logLikelihood: -46065.762984
[00:02:02] Bootstrap tree #10, logLikelihood: -46108.825350

Optimized model parameters:

   Partition 0: noname
   Rate heterogeneity: NONE
   Base frequencies (ML): 0.259110 0.250015 0.247563 0.243312 
   Substitution rates (ML): 0.979101 0.935205 0.949921 0.988526 1.040518 1.000000 
Bootstrap trees saved to: /home/morelbt/github/BenoitDatasets/families/jsim_s27_f100_sites1000_d2.0_l1.0_seed6/pargenes/mlsearch_run/bootstraps/31_fasta/31_fasta_bs0.raxml.bootstraps

Execution log saved to: /home/morelbt/github/BenoitDatasets/families/jsim_s27_f100_sites1000_d2.0_l1.0_seed6/pargenes/mlsearch_run/bootstraps/31_fasta/31_fasta_bs0.raxml.log

Analysis started: 07-Dec-2018 15:43:49 / finished: 07-Dec-2018 15:45:51

Elapsed time: 122.313 seconds

