
RAxML-NG v. 0.6.0git BETA released on 27.07.2018 by The Exelixis Lab.
Authors: Alexey Kozlov, Alexandros Stamatakis, Diego Darriba, Tomas Flouri, Benoit Morel.
Latest version: https://github.com/amkozlov/raxml-ng
Questions/problems/suggestions? Please visit: https://groups.google.com/forum/#!forum/raxml

WARNING: This is a BETA release, please use at your own risk!

RAxML-NG was called as follows:

mpi-scheduler --bootstrap --msa ../BenoitDatasets/families/jsim_s27_f100_sites1000_d2.0_l1.0_seed6/pargenes/parse_run/results/67_fasta/67_fasta.raxml.rba --blopt nr_safe --model GTR --prefix ../BenoitDatasets/families/jsim_s27_f100_sites1000_d2.0_l1.0_seed6/pargenes/mlsearch_run/bootstraps/67_fasta/67_fasta_bs7 --threads 1 --seed 8 --bs-trees 10

Analysis options:
  run mode: Bootstrapping
  start tree(s): 
  bootstrap replicates: 10
  random seed: 8
  tip-inner: ON
  pattern compression: ON
  per-rate scalers: OFF
  site repeats: OFF
  branch lengths: linked (ML estimate, algorithm: NR-SAFE)
  SIMD kernels: AVX2
  parallelization: NONE/sequential

WARNING: The model you specified on the command line (GTR) will be ignored 
         since the binary MSA file already contains a model definition.
         If you want to change the model, please re-run RAxML-NG 
         with the original PHYLIP/FASTA alignment and --redo option.

[00:00:00] Loading binary alignment from file: ../BenoitDatasets/families/jsim_s27_f100_sites1000_d2.0_l1.0_seed6/pargenes/parse_run/results/67_fasta/67_fasta.raxml.rba
[00:00:00] Alignment comprises 29 taxa, 1 partitions and 1000 patterns

Partition 0: noname
Model: GTR+FO
Alignment sites / patterns: 1000 / 1000
Gaps: 0.00 %
Invariant sites: 0.00 %


[00:00:00] Data distribution: max. partitions/sites/weight per thread: 1 / 1000 / 4000
[00:00:00] Starting bootstrapping analysis with 10 replicates.

[00:00:04] Bootstrap tree #1, logLikelihood: -25526.952096
[00:00:08] Bootstrap tree #2, logLikelihood: -25728.069642
[00:00:12] Bootstrap tree #3, logLikelihood: -25627.217577
[00:00:17] Bootstrap tree #4, logLikelihood: -25554.854557
[00:00:21] Bootstrap tree #5, logLikelihood: -25561.955829
[00:00:26] Bootstrap tree #6, logLikelihood: -25719.726151
[00:00:30] Bootstrap tree #7, logLikelihood: -25797.144794
[00:00:35] Bootstrap tree #8, logLikelihood: -25774.206763
[00:00:40] Bootstrap tree #9, logLikelihood: -25579.164290
[00:00:44] Bootstrap tree #10, logLikelihood: -25649.601442

Optimized model parameters:

   Partition 0: noname
   Rate heterogeneity: NONE
   Base frequencies (ML): 0.252301 0.248134 0.252924 0.246640 
   Substitution rates (ML): 1.035964 0.895336 0.957565 0.946890 1.053705 1.000000 
Bootstrap trees saved to: /home/morelbt/github/BenoitDatasets/families/jsim_s27_f100_sites1000_d2.0_l1.0_seed6/pargenes/mlsearch_run/bootstraps/67_fasta/67_fasta_bs7.raxml.bootstraps

Execution log saved to: /home/morelbt/github/BenoitDatasets/families/jsim_s27_f100_sites1000_d2.0_l1.0_seed6/pargenes/mlsearch_run/bootstraps/67_fasta/67_fasta_bs7.raxml.log

Analysis started: 07-Dec-2018 15:52:01 / finished: 07-Dec-2018 15:52:46

Elapsed time: 44.625 seconds

