
RAxML-NG v. 0.6.0git BETA released on 27.07.2018 by The Exelixis Lab.
Authors: Alexey Kozlov, Alexandros Stamatakis, Diego Darriba, Tomas Flouri, Benoit Morel.
Latest version: https://github.com/amkozlov/raxml-ng
Questions/problems/suggestions? Please visit: https://groups.google.com/forum/#!forum/raxml

WARNING: This is a BETA release, please use at your own risk!

RAxML-NG was called as follows:

mpi-scheduler --bootstrap --msa ../BenoitDatasets/families/jsim_s27_f100_sites1000_d2.0_l1.0_seed6/pargenes/parse_run/results/67_fasta/67_fasta.raxml.rba --blopt nr_safe --model GTR --prefix ../BenoitDatasets/families/jsim_s27_f100_sites1000_d2.0_l1.0_seed6/pargenes/mlsearch_run/bootstraps/67_fasta/67_fasta_bs4 --threads 1 --seed 5 --bs-trees 10

Analysis options:
  run mode: Bootstrapping
  start tree(s): 
  bootstrap replicates: 10
  random seed: 5
  tip-inner: ON
  pattern compression: ON
  per-rate scalers: OFF
  site repeats: OFF
  branch lengths: linked (ML estimate, algorithm: NR-SAFE)
  SIMD kernels: AVX2
  parallelization: NONE/sequential

WARNING: The model you specified on the command line (GTR) will be ignored 
         since the binary MSA file already contains a model definition.
         If you want to change the model, please re-run RAxML-NG 
         with the original PHYLIP/FASTA alignment and --redo option.

[00:00:00] Loading binary alignment from file: ../BenoitDatasets/families/jsim_s27_f100_sites1000_d2.0_l1.0_seed6/pargenes/parse_run/results/67_fasta/67_fasta.raxml.rba
[00:00:00] Alignment comprises 29 taxa, 1 partitions and 1000 patterns

Partition 0: noname
Model: GTR+FO
Alignment sites / patterns: 1000 / 1000
Gaps: 0.00 %
Invariant sites: 0.00 %


[00:00:00] Data distribution: max. partitions/sites/weight per thread: 1 / 1000 / 4000
[00:00:00] Starting bootstrapping analysis with 10 replicates.

[00:00:05] Bootstrap tree #1, logLikelihood: -25677.646535
[00:00:10] Bootstrap tree #2, logLikelihood: -25688.913220
[00:00:19] Bootstrap tree #3, logLikelihood: -25663.685665
[00:00:23] Bootstrap tree #4, logLikelihood: -25904.981001
[00:00:30] Bootstrap tree #5, logLikelihood: -25434.690275
[00:00:35] Bootstrap tree #6, logLikelihood: -25806.104526
[00:00:39] Bootstrap tree #7, logLikelihood: -25615.673353
[00:00:44] Bootstrap tree #8, logLikelihood: -25580.711794
[00:00:48] Bootstrap tree #9, logLikelihood: -25381.327003
[00:00:52] Bootstrap tree #10, logLikelihood: -25822.192500

Optimized model parameters:

   Partition 0: noname
   Rate heterogeneity: NONE
   Base frequencies (ML): 0.249635 0.248744 0.251654 0.249967 
   Substitution rates (ML): 1.064768 0.935743 1.020088 1.005011 1.055138 1.000000 
Bootstrap trees saved to: /home/morelbt/github/BenoitDatasets/families/jsim_s27_f100_sites1000_d2.0_l1.0_seed6/pargenes/mlsearch_run/bootstraps/67_fasta/67_fasta_bs4.raxml.bootstraps

Execution log saved to: /home/morelbt/github/BenoitDatasets/families/jsim_s27_f100_sites1000_d2.0_l1.0_seed6/pargenes/mlsearch_run/bootstraps/67_fasta/67_fasta_bs4.raxml.log

Analysis started: 07-Dec-2018 15:51:59 / finished: 07-Dec-2018 15:52:51

Elapsed time: 52.663 seconds

