
RAxML-NG v. 0.6.0git BETA released on 27.07.2018 by The Exelixis Lab.
Authors: Alexey Kozlov, Alexandros Stamatakis, Diego Darriba, Tomas Flouri, Benoit Morel.
Latest version: https://github.com/amkozlov/raxml-ng
Questions/problems/suggestions? Please visit: https://groups.google.com/forum/#!forum/raxml

WARNING: This is a BETA release, please use at your own risk!

RAxML-NG was called as follows:

mpi-scheduler --bootstrap --msa ../BenoitDatasets/families/jsim_s27_f100_sites200_d2.0_l1.0_seed6/pargenes/parse_run/results/74_fasta/74_fasta.raxml.rba --blopt nr_safe --model GTR --prefix ../BenoitDatasets/families/jsim_s27_f100_sites200_d2.0_l1.0_seed6/pargenes/mlsearch_run/bootstraps/74_fasta/74_fasta_bs9 --threads 1 --seed 10 --bs-trees 10

Analysis options:
  run mode: Bootstrapping
  start tree(s): 
  bootstrap replicates: 10
  random seed: 10
  tip-inner: ON
  pattern compression: ON
  per-rate scalers: OFF
  site repeats: OFF
  branch lengths: linked (ML estimate, algorithm: NR-SAFE)
  SIMD kernels: AVX2
  parallelization: NONE/sequential

WARNING: The model you specified on the command line (GTR) will be ignored 
         since the binary MSA file already contains a model definition.
         If you want to change the model, please re-run RAxML-NG 
         with the original PHYLIP/FASTA alignment and --redo option.

[00:00:00] Loading binary alignment from file: ../BenoitDatasets/families/jsim_s27_f100_sites200_d2.0_l1.0_seed6/pargenes/parse_run/results/74_fasta/74_fasta.raxml.rba
[00:00:00] Alignment comprises 10 taxa, 1 partitions and 196 patterns

Partition 0: noname
Model: GTR+FO
Alignment sites / patterns: 200 / 196
Gaps: 0.00 %
Invariant sites: 1.00 %


[00:00:00] Data distribution: max. partitions/sites/weight per thread: 1 / 196 / 784
[00:00:00] Starting bootstrapping analysis with 10 replicates.

[00:00:00] Bootstrap tree #1, logLikelihood: -2199.240575
[00:00:00] Bootstrap tree #2, logLikelihood: -2188.852044
[00:00:00] Bootstrap tree #3, logLikelihood: -2179.300948
[00:00:00] Bootstrap tree #4, logLikelihood: -2208.726038
[00:00:00] Bootstrap tree #5, logLikelihood: -2218.558964
[00:00:00] Bootstrap tree #6, logLikelihood: -2155.033592
[00:00:01] Bootstrap tree #7, logLikelihood: -2195.024841
[00:00:01] Bootstrap tree #8, logLikelihood: -2207.518578
[00:00:01] Bootstrap tree #9, logLikelihood: -2200.159819
[00:00:01] Bootstrap tree #10, logLikelihood: -2258.180111

Optimized model parameters:

   Partition 0: noname
   Rate heterogeneity: NONE
   Base frequencies (ML): 0.271931 0.246990 0.242212 0.238868 
   Substitution rates (ML): 1.062891 0.687062 0.898324 1.337690 0.930000 1.000000 
Bootstrap trees saved to: /home/morelbt/github/BenoitDatasets/families/jsim_s27_f100_sites200_d2.0_l1.0_seed6/pargenes/mlsearch_run/bootstraps/74_fasta/74_fasta_bs9.raxml.bootstraps

Execution log saved to: /home/morelbt/github/BenoitDatasets/families/jsim_s27_f100_sites200_d2.0_l1.0_seed6/pargenes/mlsearch_run/bootstraps/74_fasta/74_fasta_bs9.raxml.log

Analysis started: 07-Dec-2018 15:27:50 / finished: 07-Dec-2018 15:27:52

Elapsed time: 1.564 seconds

