
RAxML-NG v. 0.6.0git BETA released on 27.07.2018 by The Exelixis Lab.
Authors: Alexey Kozlov, Alexandros Stamatakis, Diego Darriba, Tomas Flouri, Benoit Morel.
Latest version: https://github.com/amkozlov/raxml-ng
Questions/problems/suggestions? Please visit: https://groups.google.com/forum/#!forum/raxml

WARNING: This is a BETA release, please use at your own risk!

RAxML-NG was called as follows:

mpi-scheduler --bootstrap --msa ../BenoitDatasets/families/jsim_s8_f100_sites300_d2.0_l1.0/pargenes/parse_run/results/7_fasta/7_fasta.raxml.rba --blopt nr_safe --model GTR --prefix ../BenoitDatasets/families/jsim_s8_f100_sites300_d2.0_l1.0/pargenes/mlsearch_run/bootstraps/7_fasta/7_fasta_bs2 --threads 1 --seed 3 --bs-trees 10

Analysis options:
  run mode: Bootstrapping
  start tree(s): 
  bootstrap replicates: 10
  random seed: 3
  tip-inner: ON
  pattern compression: ON
  per-rate scalers: OFF
  site repeats: OFF
  branch lengths: linked (ML estimate, algorithm: NR-SAFE)
  SIMD kernels: AVX2
  parallelization: NONE/sequential

WARNING: The model you specified on the command line (GTR) will be ignored 
         since the binary MSA file already contains a model definition.
         If you want to change the model, please re-run RAxML-NG 
         with the original PHYLIP/FASTA alignment and --redo option.

[00:00:00] Loading binary alignment from file: ../BenoitDatasets/families/jsim_s8_f100_sites300_d2.0_l1.0/pargenes/parse_run/results/7_fasta/7_fasta.raxml.rba
[00:00:00] Alignment comprises 9 taxa, 1 partitions and 284 patterns

Partition 0: noname
Model: GTR+FO
Alignment sites / patterns: 300 / 284
Gaps: 0.00 %
Invariant sites: 0.67 %


[00:00:00] Data distribution: max. partitions/sites/weight per thread: 1 / 284 / 1136
[00:00:00] Starting bootstrapping analysis with 10 replicates.

[00:00:00] Bootstrap tree #1, logLikelihood: -2729.567536
[00:00:00] Bootstrap tree #2, logLikelihood: -2673.133996
[00:00:00] Bootstrap tree #3, logLikelihood: -2715.723134
[00:00:00] Bootstrap tree #4, logLikelihood: -2720.949916
[00:00:00] Bootstrap tree #5, logLikelihood: -2643.690452
[00:00:00] Bootstrap tree #6, logLikelihood: -2676.536752
[00:00:00] Bootstrap tree #7, logLikelihood: -2668.239219
[00:00:01] Bootstrap tree #8, logLikelihood: -2716.818528
[00:00:01] Bootstrap tree #9, logLikelihood: -2715.152926
[00:00:01] Bootstrap tree #10, logLikelihood: -2740.065026

Optimized model parameters:

   Partition 0: noname
   Rate heterogeneity: NONE
   Base frequencies (ML): 0.265648 0.230764 0.249843 0.253745 
   Substitution rates (ML): 1.227969 1.525888 1.109473 1.223437 0.888849 1.000000 
Bootstrap trees saved to: /home/morelbt/github/BenoitDatasets/families/jsim_s8_f100_sites300_d2.0_l1.0/pargenes/mlsearch_run/bootstraps/7_fasta/7_fasta_bs2.raxml.bootstraps

Execution log saved to: /home/morelbt/github/BenoitDatasets/families/jsim_s8_f100_sites300_d2.0_l1.0/pargenes/mlsearch_run/bootstraps/7_fasta/7_fasta_bs2.raxml.log

Analysis started: 05-Dec-2018 13:32:53 / finished: 05-Dec-2018 13:32:55

Elapsed time: 1.459 seconds

