
RAxML-NG v. 0.6.0git BETA released on 27.07.2018 by The Exelixis Lab.
Authors: Alexey Kozlov, Alexandros Stamatakis, Diego Darriba, Tomas Flouri, Benoit Morel.
Latest version: https://github.com/amkozlov/raxml-ng
Questions/problems/suggestions? Please visit: https://groups.google.com/forum/#!forum/raxml

WARNING: This is a BETA release, please use at your own risk!

RAxML-NG was called as follows:

mpi-scheduler --bootstrap --msa ../BenoitDatasets/families/jsim_s8_f100_sites300_d2.0_l1.0/pargenes/parse_run/results/7_fasta/7_fasta.raxml.rba --blopt nr_safe --model GTR --prefix ../BenoitDatasets/families/jsim_s8_f100_sites300_d2.0_l1.0/pargenes/mlsearch_run/bootstraps/7_fasta/7_fasta_bs1 --threads 1 --seed 2 --bs-trees 10

Analysis options:
  run mode: Bootstrapping
  start tree(s): 
  bootstrap replicates: 10
  random seed: 2
  tip-inner: ON
  pattern compression: ON
  per-rate scalers: OFF
  site repeats: OFF
  branch lengths: linked (ML estimate, algorithm: NR-SAFE)
  SIMD kernels: AVX2
  parallelization: NONE/sequential

WARNING: The model you specified on the command line (GTR) will be ignored 
         since the binary MSA file already contains a model definition.
         If you want to change the model, please re-run RAxML-NG 
         with the original PHYLIP/FASTA alignment and --redo option.

[00:00:00] Loading binary alignment from file: ../BenoitDatasets/families/jsim_s8_f100_sites300_d2.0_l1.0/pargenes/parse_run/results/7_fasta/7_fasta.raxml.rba
[00:00:00] Alignment comprises 9 taxa, 1 partitions and 284 patterns

Partition 0: noname
Model: GTR+FO
Alignment sites / patterns: 300 / 284
Gaps: 0.00 %
Invariant sites: 0.67 %


[00:00:00] Data distribution: max. partitions/sites/weight per thread: 1 / 284 / 1136
[00:00:00] Starting bootstrapping analysis with 10 replicates.

[00:00:00] Bootstrap tree #1, logLikelihood: -2770.922156
[00:00:00] Bootstrap tree #2, logLikelihood: -2748.770040
[00:00:00] Bootstrap tree #3, logLikelihood: -2721.834811
[00:00:00] Bootstrap tree #4, logLikelihood: -2681.392932
[00:00:00] Bootstrap tree #5, logLikelihood: -2744.326672
[00:00:00] Bootstrap tree #6, logLikelihood: -2722.719511
[00:00:01] Bootstrap tree #7, logLikelihood: -2786.020930
[00:00:01] Bootstrap tree #8, logLikelihood: -2741.844597
[00:00:01] Bootstrap tree #9, logLikelihood: -2701.691197
[00:00:01] Bootstrap tree #10, logLikelihood: -2748.069478

Optimized model parameters:

   Partition 0: noname
   Rate heterogeneity: NONE
   Base frequencies (ML): 0.226991 0.247936 0.272355 0.252719 
   Substitution rates (ML): 1.398340 0.870714 1.123545 0.845421 1.000492 1.000000 
Bootstrap trees saved to: /home/morelbt/github/BenoitDatasets/families/jsim_s8_f100_sites300_d2.0_l1.0/pargenes/mlsearch_run/bootstraps/7_fasta/7_fasta_bs1.raxml.bootstraps

Execution log saved to: /home/morelbt/github/BenoitDatasets/families/jsim_s8_f100_sites300_d2.0_l1.0/pargenes/mlsearch_run/bootstraps/7_fasta/7_fasta_bs1.raxml.log

Analysis started: 05-Dec-2018 13:32:53 / finished: 05-Dec-2018 13:32:55

Elapsed time: 1.629 seconds

