
RAxML-NG v. 0.6.0git BETA released on 27.07.2018 by The Exelixis Lab.
Authors: Alexey Kozlov, Alexandros Stamatakis, Diego Darriba, Tomas Flouri, Benoit Morel.
Latest version: https://github.com/amkozlov/raxml-ng
Questions/problems/suggestions? Please visit: https://groups.google.com/forum/#!forum/raxml

WARNING: This is a BETA release, please use at your own risk!

RAxML-NG was called as follows:

mpi-scheduler --bootstrap --msa ../BenoitDatasets/families/jsim_s8_f100_sites300_d2.0_l1.0/pargenes/parse_run/results/45_fasta/45_fasta.raxml.rba --blopt nr_safe --model GTR --prefix ../BenoitDatasets/families/jsim_s8_f100_sites300_d2.0_l1.0/pargenes/mlsearch_run/bootstraps/45_fasta/45_fasta_bs4 --threads 1 --seed 5 --bs-trees 10

Analysis options:
  run mode: Bootstrapping
  start tree(s): 
  bootstrap replicates: 10
  random seed: 5
  tip-inner: ON
  pattern compression: ON
  per-rate scalers: OFF
  site repeats: OFF
  branch lengths: linked (ML estimate, algorithm: NR-SAFE)
  SIMD kernels: AVX2
  parallelization: NONE/sequential

WARNING: The model you specified on the command line (GTR) will be ignored 
         since the binary MSA file already contains a model definition.
         If you want to change the model, please re-run RAxML-NG 
         with the original PHYLIP/FASTA alignment and --redo option.

[00:00:00] Loading binary alignment from file: ../BenoitDatasets/families/jsim_s8_f100_sites300_d2.0_l1.0/pargenes/parse_run/results/45_fasta/45_fasta.raxml.rba
[00:00:00] Alignment comprises 7 taxa, 1 partitions and 295 patterns

Partition 0: noname
Model: GTR+FO
Alignment sites / patterns: 300 / 295
Gaps: 0.00 %
Invariant sites: 0.33 %


[00:00:00] Data distribution: max. partitions/sites/weight per thread: 1 / 295 / 1180
[00:00:00] Starting bootstrapping analysis with 10 replicates.

[00:00:00] Bootstrap tree #1, logLikelihood: -2555.698181
[00:00:00] Bootstrap tree #2, logLikelihood: -2596.563022
[00:00:00] Bootstrap tree #3, logLikelihood: -2575.343455
[00:00:00] Bootstrap tree #4, logLikelihood: -2573.938243
[00:00:00] Bootstrap tree #5, logLikelihood: -2585.230891
[00:00:00] Bootstrap tree #6, logLikelihood: -2565.182845
[00:00:00] Bootstrap tree #7, logLikelihood: -2565.112770
[00:00:00] Bootstrap tree #8, logLikelihood: -2591.499022
[00:00:00] Bootstrap tree #9, logLikelihood: -2579.322307
[00:00:01] Bootstrap tree #10, logLikelihood: -2584.405030

Optimized model parameters:

   Partition 0: noname
   Rate heterogeneity: NONE
   Base frequencies (ML): 0.258683 0.248477 0.244215 0.248624 
   Substitution rates (ML): 0.572924 1.494964 0.574549 1.817152 0.557129 1.000000 
Bootstrap trees saved to: /home/morelbt/github/BenoitDatasets/families/jsim_s8_f100_sites300_d2.0_l1.0/pargenes/mlsearch_run/bootstraps/45_fasta/45_fasta_bs4.raxml.bootstraps

Execution log saved to: /home/morelbt/github/BenoitDatasets/families/jsim_s8_f100_sites300_d2.0_l1.0/pargenes/mlsearch_run/bootstraps/45_fasta/45_fasta_bs4.raxml.log

Analysis started: 05-Dec-2018 13:32:56 / finished: 05-Dec-2018 13:32:57

Elapsed time: 1.040 seconds

