
RAxML-NG v. 0.6.0git BETA released on 27.07.2018 by The Exelixis Lab.
Authors: Alexey Kozlov, Alexandros Stamatakis, Diego Darriba, Tomas Flouri, Benoit Morel.
Latest version: https://github.com/amkozlov/raxml-ng
Questions/problems/suggestions? Please visit: https://groups.google.com/forum/#!forum/raxml

WARNING: This is a BETA release, please use at your own risk!

RAxML-NG was called as follows:

mpi-scheduler --bootstrap --msa ../BenoitDatasets/families/jsim_s27_f100_sites200_d2.0_l1.0_seed6/pargenes/parse_run/results/96_fasta/96_fasta.raxml.rba --blopt nr_safe --model GTR --prefix ../BenoitDatasets/families/jsim_s27_f100_sites200_d2.0_l1.0_seed6/pargenes/mlsearch_run/bootstraps/96_fasta/96_fasta_bs2 --threads 1 --seed 3 --bs-trees 10

Analysis options:
  run mode: Bootstrapping
  start tree(s): 
  bootstrap replicates: 10
  random seed: 3
  tip-inner: ON
  pattern compression: ON
  per-rate scalers: OFF
  site repeats: OFF
  branch lengths: linked (ML estimate, algorithm: NR-SAFE)
  SIMD kernels: AVX2
  parallelization: NONE/sequential

WARNING: The model you specified on the command line (GTR) will be ignored 
         since the binary MSA file already contains a model definition.
         If you want to change the model, please re-run RAxML-NG 
         with the original PHYLIP/FASTA alignment and --redo option.

[00:00:00] Loading binary alignment from file: ../BenoitDatasets/families/jsim_s27_f100_sites200_d2.0_l1.0_seed6/pargenes/parse_run/results/96_fasta/96_fasta.raxml.rba
[00:00:00] Alignment comprises 4 taxa, 1 partitions and 124 patterns

Partition 0: noname
Model: GTR+FO
Alignment sites / patterns: 200 / 124
Gaps: 0.00 %
Invariant sites: 2.00 %


[00:00:00] Data distribution: max. partitions/sites/weight per thread: 1 / 124 / 496
[00:00:00] Starting bootstrapping analysis with 10 replicates.

[00:00:00] Bootstrap tree #1, logLikelihood: -1031.976933
[00:00:00] Bootstrap tree #2, logLikelihood: -1039.900219
[00:00:00] Bootstrap tree #3, logLikelihood: -1017.124321
[00:00:00] Bootstrap tree #4, logLikelihood: -1040.307955
[00:00:00] Bootstrap tree #5, logLikelihood: -1035.347823
[00:00:00] Bootstrap tree #6, logLikelihood: -1018.460314
[00:00:00] Bootstrap tree #7, logLikelihood: -1037.075447
[00:00:00] Bootstrap tree #8, logLikelihood: -1049.583011
[00:00:00] Bootstrap tree #9, logLikelihood: -1032.992817
[00:00:00] Bootstrap tree #10, logLikelihood: -1031.619014

Optimized model parameters:

   Partition 0: noname
   Rate heterogeneity: NONE
   Base frequencies (ML): 0.276016 0.294549 0.233769 0.195665 
   Substitution rates (ML): 0.922778 0.618146 0.279380 0.197064 0.708249 1.000000 
Bootstrap trees saved to: /home/morelbt/github/BenoitDatasets/families/jsim_s27_f100_sites200_d2.0_l1.0_seed6/pargenes/mlsearch_run/bootstraps/96_fasta/96_fasta_bs2.raxml.bootstraps

Execution log saved to: /home/morelbt/github/BenoitDatasets/families/jsim_s27_f100_sites200_d2.0_l1.0_seed6/pargenes/mlsearch_run/bootstraps/96_fasta/96_fasta_bs2.raxml.log

Analysis started: 07-Dec-2018 15:27:57 / finished: 07-Dec-2018 15:27:58

Elapsed time: 0.144 seconds

