
RAxML-NG v. 0.6.0git BETA released on 27.07.2018 by The Exelixis Lab.
Authors: Alexey Kozlov, Alexandros Stamatakis, Diego Darriba, Tomas Flouri, Benoit Morel.
Latest version: https://github.com/amkozlov/raxml-ng
Questions/problems/suggestions? Please visit: https://groups.google.com/forum/#!forum/raxml

WARNING: This is a BETA release, please use at your own risk!

RAxML-NG was called as follows:

mpi-scheduler --bootstrap --msa ../BenoitDatasets/families/alesim_s20_f50_sites400_d1.0_l0.5_seed42/pargenes/parse_run/results/47_prunedfasta/47_prunedfasta.raxml.rba --blopt nr_safe --model GTR --prefix ../BenoitDatasets/families/alesim_s20_f50_sites400_d1.0_l0.5_seed42/pargenes/mlsearch_run/bootstraps/47_prunedfasta/47_prunedfasta_bs6 --threads 1 --seed 7 --bs-trees 10

Analysis options:
  run mode: Bootstrapping
  start tree(s): 
  bootstrap replicates: 10
  random seed: 7
  tip-inner: ON
  pattern compression: ON
  per-rate scalers: OFF
  site repeats: OFF
  branch lengths: linked (ML estimate, algorithm: NR-SAFE)
  SIMD kernels: AVX2
  parallelization: NONE/sequential

WARNING: The model you specified on the command line (GTR) will be ignored 
         since the binary MSA file already contains a model definition.
         If you want to change the model, please re-run RAxML-NG 
         with the original PHYLIP/FASTA alignment and --redo option.

[00:00:00] Loading binary alignment from file: ../BenoitDatasets/families/alesim_s20_f50_sites400_d1.0_l0.5_seed42/pargenes/parse_run/results/47_prunedfasta/47_prunedfasta.raxml.rba
[00:00:00] Alignment comprises 5 taxa, 1 partitions and 43 patterns

Partition 0: noname
Model: GTR+FO
Alignment sites / patterns: 400 / 43
Gaps: 0.00 %
Invariant sites: 1.00 %


[00:00:00] Data distribution: max. partitions/sites/weight per thread: 1 / 43 / 172
[00:00:00] Starting bootstrapping analysis with 10 replicates.

[00:00:00] Bootstrap tree #1, logLikelihood: -911.054794
[00:00:00] Bootstrap tree #2, logLikelihood: -909.587342
[00:00:00] Bootstrap tree #3, logLikelihood: -963.102391
[00:00:00] Bootstrap tree #4, logLikelihood: -968.181793
[00:00:00] Bootstrap tree #5, logLikelihood: -937.985219
[00:00:00] Bootstrap tree #6, logLikelihood: -936.131433
[00:00:00] Bootstrap tree #7, logLikelihood: -926.958115
[00:00:00] Bootstrap tree #8, logLikelihood: -897.052922
[00:00:00] Bootstrap tree #9, logLikelihood: -928.543024
[00:00:00] Bootstrap tree #10, logLikelihood: -931.539430

Optimized model parameters:

   Partition 0: noname
   Rate heterogeneity: NONE
   Base frequencies (ML): 0.279600 0.255731 0.232868 0.231801 
   Substitution rates (ML): 2.064378 0.879173 1.205582 1.674796 0.497613 1.000000 
Bootstrap trees saved to: /home/morelbt/github/BenoitDatasets/families/alesim_s20_f50_sites400_d1.0_l0.5_seed42/pargenes/mlsearch_run/bootstraps/47_prunedfasta/47_prunedfasta_bs6.raxml.bootstraps

Execution log saved to: /home/morelbt/github/BenoitDatasets/families/alesim_s20_f50_sites400_d1.0_l0.5_seed42/pargenes/mlsearch_run/bootstraps/47_prunedfasta/47_prunedfasta_bs6.raxml.log

Analysis started: 11-Dec-2018 15:35:17 / finished: 11-Dec-2018 15:35:17

Elapsed time: 0.091 seconds

