
RAxML-NG v. 0.6.0git BETA released on 27.07.2018 by The Exelixis Lab.
Authors: Alexey Kozlov, Alexandros Stamatakis, Diego Darriba, Tomas Flouri, Benoit Morel.
Latest version: https://github.com/amkozlov/raxml-ng
Questions/problems/suggestions? Please visit: https://groups.google.com/forum/#!forum/raxml

WARNING: This is a BETA release, please use at your own risk!

RAxML-NG was called as follows:

mpi-scheduler --bootstrap --msa ../BenoitDatasets/families/jsim_s27_f100_sites1000_d2.0_l1.0_seed6/pargenes/parse_run/results/62_fasta/62_fasta.raxml.rba --blopt nr_safe --model GTR --prefix ../BenoitDatasets/families/jsim_s27_f100_sites1000_d2.0_l1.0_seed6/pargenes/mlsearch_run/bootstraps/62_fasta/62_fasta_bs0 --threads 1 --seed 1 --bs-trees 10

Analysis options:
  run mode: Bootstrapping
  start tree(s): 
  bootstrap replicates: 10
  random seed: 1
  tip-inner: ON
  pattern compression: ON
  per-rate scalers: OFF
  site repeats: OFF
  branch lengths: linked (ML estimate, algorithm: NR-SAFE)
  SIMD kernels: AVX2
  parallelization: NONE/sequential

WARNING: The model you specified on the command line (GTR) will be ignored 
         since the binary MSA file already contains a model definition.
         If you want to change the model, please re-run RAxML-NG 
         with the original PHYLIP/FASTA alignment and --redo option.

[00:00:00] Loading binary alignment from file: ../BenoitDatasets/families/jsim_s27_f100_sites1000_d2.0_l1.0_seed6/pargenes/parse_run/results/62_fasta/62_fasta.raxml.rba
[00:00:00] Alignment comprises 35 taxa, 1 partitions and 1000 patterns

Partition 0: noname
Model: GTR+FO
Alignment sites / patterns: 1000 / 1000
Gaps: 0.00 %
Invariant sites: 0.00 %


[00:00:00] Data distribution: max. partitions/sites/weight per thread: 1 / 1000 / 4000
[00:00:00] Starting bootstrapping analysis with 10 replicates.

[00:00:07] Bootstrap tree #1, logLikelihood: -33693.104285
[00:00:14] Bootstrap tree #2, logLikelihood: -33753.970280
[00:00:19] Bootstrap tree #3, logLikelihood: -33325.361134
[00:00:25] Bootstrap tree #4, logLikelihood: -33922.821128
[00:00:31] Bootstrap tree #5, logLikelihood: -33334.735125
[00:00:38] Bootstrap tree #6, logLikelihood: -33204.934841
[00:00:45] Bootstrap tree #7, logLikelihood: -33282.224398
[00:00:51] Bootstrap tree #8, logLikelihood: -33347.014553
[00:00:57] Bootstrap tree #9, logLikelihood: -33283.607808
[00:01:03] Bootstrap tree #10, logLikelihood: -33369.700854

Optimized model parameters:

   Partition 0: noname
   Rate heterogeneity: NONE
   Base frequencies (ML): 0.273986 0.239121 0.247025 0.239867 
   Substitution rates (ML): 0.956722 0.990861 0.916735 1.068568 1.009880 1.000000 
Bootstrap trees saved to: /home/morelbt/github/BenoitDatasets/families/jsim_s27_f100_sites1000_d2.0_l1.0_seed6/pargenes/mlsearch_run/bootstraps/62_fasta/62_fasta_bs0.raxml.bootstraps

Execution log saved to: /home/morelbt/github/BenoitDatasets/families/jsim_s27_f100_sites1000_d2.0_l1.0_seed6/pargenes/mlsearch_run/bootstraps/62_fasta/62_fasta_bs0.raxml.log

Analysis started: 07-Dec-2018 15:50:00 / finished: 07-Dec-2018 15:51:03

Elapsed time: 63.636 seconds

