
RAxML-NG v. 0.6.0git BETA released on 27.07.2018 by The Exelixis Lab.
Authors: Alexey Kozlov, Alexandros Stamatakis, Diego Darriba, Tomas Flouri, Benoit Morel.
Latest version: https://github.com/amkozlov/raxml-ng
Questions/problems/suggestions? Please visit: https://groups.google.com/forum/#!forum/raxml

WARNING: This is a BETA release, please use at your own risk!

RAxML-NG was called as follows:

mpi-scheduler --bootstrap --msa ../BenoitDatasets/families/alesim_s20_f50_sites200_d0.6_l0.3_seed42/pargenes/parse_run/results/38_prunedfasta/38_prunedfasta.raxml.rba --blopt nr_safe --model GTR --prefix ../BenoitDatasets/families/alesim_s20_f50_sites200_d0.6_l0.3_seed42/pargenes/mlsearch_run/bootstraps/38_prunedfasta/38_prunedfasta_bs5 --threads 1 --seed 6 --bs-trees 10

Analysis options:
  run mode: Bootstrapping
  start tree(s): 
  bootstrap replicates: 10
  random seed: 6
  tip-inner: ON
  pattern compression: ON
  per-rate scalers: OFF
  site repeats: OFF
  branch lengths: linked (ML estimate, algorithm: NR-SAFE)
  SIMD kernels: AVX2
  parallelization: NONE/sequential

WARNING: The model you specified on the command line (GTR) will be ignored 
         since the binary MSA file already contains a model definition.
         If you want to change the model, please re-run RAxML-NG 
         with the original PHYLIP/FASTA alignment and --redo option.

[00:00:00] Loading binary alignment from file: ../BenoitDatasets/families/alesim_s20_f50_sites200_d0.6_l0.3_seed42/pargenes/parse_run/results/38_prunedfasta/38_prunedfasta.raxml.rba
[00:00:00] Alignment comprises 8 taxa, 1 partitions and 70 patterns

Partition 0: noname
Model: GTR+FO
Alignment sites / patterns: 200 / 70
Gaps: 0.00 %
Invariant sites: 2.00 %


[00:00:00] Data distribution: max. partitions/sites/weight per thread: 1 / 70 / 280
[00:00:00] Starting bootstrapping analysis with 10 replicates.

[00:00:00] Bootstrap tree #1, logLikelihood: -774.663386
[00:00:00] Bootstrap tree #2, logLikelihood: -765.034711
[00:00:00] Bootstrap tree #3, logLikelihood: -754.514164
[00:00:00] Bootstrap tree #4, logLikelihood: -733.513907
[00:00:00] Bootstrap tree #5, logLikelihood: -751.624274
[00:00:00] Bootstrap tree #6, logLikelihood: -685.560479
[00:00:00] Bootstrap tree #7, logLikelihood: -768.789183
[00:00:00] Bootstrap tree #8, logLikelihood: -749.637459
[00:00:00] Bootstrap tree #9, logLikelihood: -721.623944
[00:00:00] Bootstrap tree #10, logLikelihood: -740.264723

Optimized model parameters:

   Partition 0: noname
   Rate heterogeneity: NONE
   Base frequencies (ML): 0.253438 0.249955 0.246986 0.249622 
   Substitution rates (ML): 0.621916 0.314496 1.088257 1.593919 0.693775 1.000000 
Bootstrap trees saved to: /home/morelbt/github/BenoitDatasets/families/alesim_s20_f50_sites200_d0.6_l0.3_seed42/pargenes/mlsearch_run/bootstraps/38_prunedfasta/38_prunedfasta_bs5.raxml.bootstraps

Execution log saved to: /home/morelbt/github/BenoitDatasets/families/alesim_s20_f50_sites200_d0.6_l0.3_seed42/pargenes/mlsearch_run/bootstraps/38_prunedfasta/38_prunedfasta_bs5.raxml.log

Analysis started: 11-Dec-2018 15:13:59 / finished: 11-Dec-2018 15:13:59

Elapsed time: 0.278 seconds

