
RAxML-NG v. 0.6.0git BETA released on 27.07.2018 by The Exelixis Lab.
Authors: Alexey Kozlov, Alexandros Stamatakis, Diego Darriba, Tomas Flouri, Benoit Morel.
Latest version: https://github.com/amkozlov/raxml-ng
Questions/problems/suggestions? Please visit: https://groups.google.com/forum/#!forum/raxml

WARNING: This is a BETA release, please use at your own risk!

RAxML-NG was called as follows:

mpi-scheduler --msa ../BenoitDatasets/families/jsim_s27_f100_sites1000_d2.0_l1.0_seed6/pargenes/parse_run/results/88_fasta/88_fasta.raxml.rba --blopt nr_safe --model GTR --prefix ../BenoitDatasets/families/jsim_s27_f100_sites1000_d2.0_l1.0_seed6/pargenes/mlsearch_run/results/88_fasta/88_fasta --threads 1 --seed 1

Analysis options:
  run mode: ML tree search
  start tree(s): random (1)
  random seed: 1
  tip-inner: ON
  pattern compression: ON
  per-rate scalers: OFF
  site repeats: OFF
  fast spr radius: AUTO
  spr subtree cutoff: 1.000000
  branch lengths: linked (ML estimate, algorithm: NR-SAFE)
  SIMD kernels: AVX2
  parallelization: NONE/sequential

WARNING: The model you specified on the command line (GTR) will be ignored 
         since the binary MSA file already contains a model definition.
         If you want to change the model, please re-run RAxML-NG 
         with the original PHYLIP/FASTA alignment and --redo option.

[00:00:00] Loading binary alignment from file: ../BenoitDatasets/families/jsim_s27_f100_sites1000_d2.0_l1.0_seed6/pargenes/parse_run/results/88_fasta/88_fasta.raxml.rba
[00:00:00] Alignment comprises 41 taxa, 1 partitions and 1000 patterns

Partition 0: noname
Model: GTR+FO
Alignment sites / patterns: 1000 / 1000
Gaps: 0.00 %
Invariant sites: 0.00 %


[00:00:00] Generating 1 random starting tree(s) with 41 taxa
[00:00:00] Data distribution: max. partitions/sites/weight per thread: 1 / 1000 / 4000

Starting ML tree search with 1 distinct starting trees

[00:00:00 -61645.660526] Initial branch length optimization
[00:00:00 -49967.069951] Model parameter optimization (eps = 10.000000)
[00:00:00 -49942.739988] AUTODETECT spr round 1 (radius: 5)
[00:00:00 -40222.048062] AUTODETECT spr round 2 (radius: 10)
[00:00:00 -38056.393016] AUTODETECT spr round 3 (radius: 15)
[00:00:00 -38056.375231] SPR radius for FAST iterations: 10 (autodetect)
[00:00:00 -38056.375231] Model parameter optimization (eps = 3.000000)
[00:00:01 -38052.412559] FAST spr round 1 (radius: 10)
[00:00:02 -37747.686575] FAST spr round 2 (radius: 10)
[00:00:02 -37730.946795] FAST spr round 3 (radius: 10)
[00:00:03 -37728.639981] FAST spr round 4 (radius: 10)
[00:00:04 -37726.457787] FAST spr round 5 (radius: 10)
[00:00:04 -37726.131426] FAST spr round 6 (radius: 10)
[00:00:05 -37725.817265] FAST spr round 7 (radius: 10)
[00:00:06 -37725.578617] FAST spr round 8 (radius: 10)
[00:00:06 -37725.577578] Model parameter optimization (eps = 1.000000)
[00:00:06 -37725.288208] SLOW spr round 1 (radius: 5)
[00:00:09 -37725.287923] SLOW spr round 2 (radius: 10)
[00:00:11 -37725.287904] SLOW spr round 3 (radius: 15)
[00:00:12 -37725.287902] SLOW spr round 4 (radius: 20)
[00:00:12 -37725.287902] SLOW spr round 5 (radius: 25)
[00:00:12 -37725.287902] Model parameter optimization (eps = 0.100000)

[00:00:12] ML tree search #1, logLikelihood: -37725.252577


Optimized model parameters:

   Partition 0: noname
   Rate heterogeneity: NONE
   Base frequencies (ML): 0.255110 0.244380 0.261256 0.239254 
   Substitution rates (ML): 0.986930 0.891111 0.982664 0.947166 0.987786 1.000000 

Final LogLikelihood: -37725.252577

Best ML tree saved to: /home/morelbt/github/BenoitDatasets/families/jsim_s27_f100_sites1000_d2.0_l1.0_seed6/pargenes/mlsearch_run/results/88_fasta/88_fasta.raxml.bestTree
Optimized model saved to: /home/morelbt/github/BenoitDatasets/families/jsim_s27_f100_sites1000_d2.0_l1.0_seed6/pargenes/mlsearch_run/results/88_fasta/88_fasta.raxml.bestModel

Execution log saved to: /home/morelbt/github/BenoitDatasets/families/jsim_s27_f100_sites1000_d2.0_l1.0_seed6/pargenes/mlsearch_run/results/88_fasta/88_fasta.raxml.log

Analysis started: 07-Dec-2018 15:55:51 / finished: 07-Dec-2018 15:56:04

Elapsed time: 12.751 seconds

