
RAxML-NG v. 0.6.0git BETA released on 27.07.2018 by The Exelixis Lab.
Authors: Alexey Kozlov, Alexandros Stamatakis, Diego Darriba, Tomas Flouri, Benoit Morel.
Latest version: https://github.com/amkozlov/raxml-ng
Questions/problems/suggestions? Please visit: https://groups.google.com/forum/#!forum/raxml

WARNING: This is a BETA release, please use at your own risk!

RAxML-NG was called as follows:

mpi-scheduler --bootstrap --msa ../BenoitDatasets/families/jsim_s27_f100_sites1000_d2.0_l1.0_seed6/pargenes/parse_run/results/83_fasta/83_fasta.raxml.rba --blopt nr_safe --model GTR --prefix ../BenoitDatasets/families/jsim_s27_f100_sites1000_d2.0_l1.0_seed6/pargenes/mlsearch_run/bootstraps/83_fasta/83_fasta_bs7 --threads 1 --seed 8 --bs-trees 10

Analysis options:
  run mode: Bootstrapping
  start tree(s): 
  bootstrap replicates: 10
  random seed: 8
  tip-inner: ON
  pattern compression: ON
  per-rate scalers: OFF
  site repeats: OFF
  branch lengths: linked (ML estimate, algorithm: NR-SAFE)
  SIMD kernels: AVX2
  parallelization: NONE/sequential

WARNING: The model you specified on the command line (GTR) will be ignored 
         since the binary MSA file already contains a model definition.
         If you want to change the model, please re-run RAxML-NG 
         with the original PHYLIP/FASTA alignment and --redo option.

[00:00:00] Loading binary alignment from file: ../BenoitDatasets/families/jsim_s27_f100_sites1000_d2.0_l1.0_seed6/pargenes/parse_run/results/83_fasta/83_fasta.raxml.rba
[00:00:00] Alignment comprises 43 taxa, 1 partitions and 1000 patterns

Partition 0: noname
Model: GTR+FO
Alignment sites / patterns: 1000 / 1000
Gaps: 0.00 %
Invariant sites: 0.00 %


[00:00:00] Data distribution: max. partitions/sites/weight per thread: 1 / 1000 / 4000
[00:00:00] Starting bootstrapping analysis with 10 replicates.

[00:00:10] Bootstrap tree #1, logLikelihood: -38732.047094
[00:00:18] Bootstrap tree #2, logLikelihood: -38223.188322
[00:00:26] Bootstrap tree #3, logLikelihood: -38228.305729
[00:00:34] Bootstrap tree #4, logLikelihood: -38781.404134
[00:00:44] Bootstrap tree #5, logLikelihood: -38762.297479
[00:00:52] Bootstrap tree #6, logLikelihood: -38298.619974
[00:01:01] Bootstrap tree #7, logLikelihood: -38438.871583
[00:01:09] Bootstrap tree #8, logLikelihood: -38708.722062
[00:01:18] Bootstrap tree #9, logLikelihood: -38276.464120
[00:01:25] Bootstrap tree #10, logLikelihood: -38316.465714

Optimized model parameters:

   Partition 0: noname
   Rate heterogeneity: NONE
   Base frequencies (ML): 0.262438 0.229514 0.250790 0.257258 
   Substitution rates (ML): 1.086006 1.017261 0.944167 1.117753 1.090144 1.000000 
Bootstrap trees saved to: /home/morelbt/github/BenoitDatasets/families/jsim_s27_f100_sites1000_d2.0_l1.0_seed6/pargenes/mlsearch_run/bootstraps/83_fasta/83_fasta_bs7.raxml.bootstraps

Execution log saved to: /home/morelbt/github/BenoitDatasets/families/jsim_s27_f100_sites1000_d2.0_l1.0_seed6/pargenes/mlsearch_run/bootstraps/83_fasta/83_fasta_bs7.raxml.log

Analysis started: 07-Dec-2018 15:46:03 / finished: 07-Dec-2018 15:47:28

Elapsed time: 85.789 seconds

