
RAxML-NG v. 0.6.0git BETA released on 27.07.2018 by The Exelixis Lab.
Authors: Alexey Kozlov, Alexandros Stamatakis, Diego Darriba, Tomas Flouri, Benoit Morel.
Latest version: https://github.com/amkozlov/raxml-ng
Questions/problems/suggestions? Please visit: https://groups.google.com/forum/#!forum/raxml

WARNING: This is a BETA release, please use at your own risk!

RAxML-NG was called as follows:

mpi-scheduler --bootstrap --msa ../BenoitDatasets/families/jsim_s27_f100_sites1000_d2.0_l1.0_seed6/pargenes/parse_run/results/30_fasta/30_fasta.raxml.rba --blopt nr_safe --model GTR --prefix ../BenoitDatasets/families/jsim_s27_f100_sites1000_d2.0_l1.0_seed6/pargenes/mlsearch_run/bootstraps/30_fasta/30_fasta_bs3 --threads 1 --seed 4 --bs-trees 10

Analysis options:
  run mode: Bootstrapping
  start tree(s): 
  bootstrap replicates: 10
  random seed: 4
  tip-inner: ON
  pattern compression: ON
  per-rate scalers: OFF
  site repeats: OFF
  branch lengths: linked (ML estimate, algorithm: NR-SAFE)
  SIMD kernels: AVX2
  parallelization: NONE/sequential

WARNING: The model you specified on the command line (GTR) will be ignored 
         since the binary MSA file already contains a model definition.
         If you want to change the model, please re-run RAxML-NG 
         with the original PHYLIP/FASTA alignment and --redo option.

[00:00:00] Loading binary alignment from file: ../BenoitDatasets/families/jsim_s27_f100_sites1000_d2.0_l1.0_seed6/pargenes/parse_run/results/30_fasta/30_fasta.raxml.rba
[00:00:00] Alignment comprises 22 taxa, 1 partitions and 998 patterns

Partition 0: noname
Model: GTR+FO
Alignment sites / patterns: 1000 / 998
Gaps: 0.00 %
Invariant sites: 0.10 %


[00:00:00] Data distribution: max. partitions/sites/weight per thread: 1 / 998 / 3992
[00:00:00] Starting bootstrapping analysis with 10 replicates.

[00:00:01] Bootstrap tree #1, logLikelihood: -19903.837758
[00:00:03] Bootstrap tree #2, logLikelihood: -19665.194824
[00:00:05] Bootstrap tree #3, logLikelihood: -19511.555510
[00:00:08] Bootstrap tree #4, logLikelihood: -19869.208345
[00:00:10] Bootstrap tree #5, logLikelihood: -19927.640176
[00:00:13] Bootstrap tree #6, logLikelihood: -19853.509148
[00:00:15] Bootstrap tree #7, logLikelihood: -19939.298049
[00:00:17] Bootstrap tree #8, logLikelihood: -20078.874443
[00:00:19] Bootstrap tree #9, logLikelihood: -19891.720650
[00:00:22] Bootstrap tree #10, logLikelihood: -19721.149074

Optimized model parameters:

   Partition 0: noname
   Rate heterogeneity: NONE
   Base frequencies (ML): 0.250648 0.247662 0.254203 0.247487 
   Substitution rates (ML): 1.022643 1.002130 0.941696 1.115152 1.029386 1.000000 
Bootstrap trees saved to: /home/morelbt/github/BenoitDatasets/families/jsim_s27_f100_sites1000_d2.0_l1.0_seed6/pargenes/mlsearch_run/bootstraps/30_fasta/30_fasta_bs3.raxml.bootstraps

Execution log saved to: /home/morelbt/github/BenoitDatasets/families/jsim_s27_f100_sites1000_d2.0_l1.0_seed6/pargenes/mlsearch_run/bootstraps/30_fasta/30_fasta_bs3.raxml.log

Analysis started: 07-Dec-2018 15:54:04 / finished: 07-Dec-2018 15:54:26

Elapsed time: 22.006 seconds

