
RAxML-NG v. 0.6.0git BETA released on 27.07.2018 by The Exelixis Lab.
Authors: Alexey Kozlov, Alexandros Stamatakis, Diego Darriba, Tomas Flouri, Benoit Morel.
Latest version: https://github.com/amkozlov/raxml-ng
Questions/problems/suggestions? Please visit: https://groups.google.com/forum/#!forum/raxml

WARNING: This is a BETA release, please use at your own risk!

RAxML-NG was called as follows:

mpi-scheduler --bootstrap --msa ../BenoitDatasets/families/jsim_s27_f100_sites1000_d2.0_l1.0_seed6/pargenes/parse_run/results/30_fasta/30_fasta.raxml.rba --blopt nr_safe --model GTR --prefix ../BenoitDatasets/families/jsim_s27_f100_sites1000_d2.0_l1.0_seed6/pargenes/mlsearch_run/bootstraps/30_fasta/30_fasta_bs4 --threads 1 --seed 5 --bs-trees 10

Analysis options:
  run mode: Bootstrapping
  start tree(s): 
  bootstrap replicates: 10
  random seed: 5
  tip-inner: ON
  pattern compression: ON
  per-rate scalers: OFF
  site repeats: OFF
  branch lengths: linked (ML estimate, algorithm: NR-SAFE)
  SIMD kernels: AVX2
  parallelization: NONE/sequential

WARNING: The model you specified on the command line (GTR) will be ignored 
         since the binary MSA file already contains a model definition.
         If you want to change the model, please re-run RAxML-NG 
         with the original PHYLIP/FASTA alignment and --redo option.

[00:00:00] Loading binary alignment from file: ../BenoitDatasets/families/jsim_s27_f100_sites1000_d2.0_l1.0_seed6/pargenes/parse_run/results/30_fasta/30_fasta.raxml.rba
[00:00:00] Alignment comprises 22 taxa, 1 partitions and 998 patterns

Partition 0: noname
Model: GTR+FO
Alignment sites / patterns: 1000 / 998
Gaps: 0.00 %
Invariant sites: 0.10 %


[00:00:00] Data distribution: max. partitions/sites/weight per thread: 1 / 998 / 3992
[00:00:00] Starting bootstrapping analysis with 10 replicates.

[00:00:02] Bootstrap tree #1, logLikelihood: -19767.617844
[00:00:04] Bootstrap tree #2, logLikelihood: -19908.126117
[00:00:06] Bootstrap tree #3, logLikelihood: -19958.451186
[00:00:08] Bootstrap tree #4, logLikelihood: -19634.588219
[00:00:11] Bootstrap tree #5, logLikelihood: -20035.788399
[00:00:14] Bootstrap tree #6, logLikelihood: -19809.034218
[00:00:16] Bootstrap tree #7, logLikelihood: -19596.052282
[00:00:18] Bootstrap tree #8, logLikelihood: -19803.043348
[00:00:20] Bootstrap tree #9, logLikelihood: -19850.443443
[00:00:22] Bootstrap tree #10, logLikelihood: -20035.443775

Optimized model parameters:

   Partition 0: noname
   Rate heterogeneity: NONE
   Base frequencies (ML): 0.252094 0.252401 0.258472 0.237033 
   Substitution rates (ML): 0.953250 0.844100 0.950965 1.005654 0.968917 1.000000 
Bootstrap trees saved to: /home/morelbt/github/BenoitDatasets/families/jsim_s27_f100_sites1000_d2.0_l1.0_seed6/pargenes/mlsearch_run/bootstraps/30_fasta/30_fasta_bs4.raxml.bootstraps

Execution log saved to: /home/morelbt/github/BenoitDatasets/families/jsim_s27_f100_sites1000_d2.0_l1.0_seed6/pargenes/mlsearch_run/bootstraps/30_fasta/30_fasta_bs4.raxml.log

Analysis started: 07-Dec-2018 15:54:05 / finished: 07-Dec-2018 15:54:28

Elapsed time: 22.714 seconds

