
RAxML-NG v. 0.6.0git BETA released on 27.07.2018 by The Exelixis Lab.
Authors: Alexey Kozlov, Alexandros Stamatakis, Diego Darriba, Tomas Flouri, Benoit Morel.
Latest version: https://github.com/amkozlov/raxml-ng
Questions/problems/suggestions? Please visit: https://groups.google.com/forum/#!forum/raxml

WARNING: This is a BETA release, please use at your own risk!

RAxML-NG was called as follows:

mpi-scheduler --bootstrap --msa ../BenoitDatasets/families/alesim_s20_f50_sites400_d1.0_l0.5_seed42/pargenes/parse_run/results/9_prunedfasta/9_prunedfasta.raxml.rba --blopt nr_safe --model GTR --prefix ../BenoitDatasets/families/alesim_s20_f50_sites400_d1.0_l0.5_seed42/pargenes/mlsearch_run/bootstraps/9_prunedfasta/9_prunedfasta_bs9 --threads 1 --seed 10 --bs-trees 10

Analysis options:
  run mode: Bootstrapping
  start tree(s): 
  bootstrap replicates: 10
  random seed: 10
  tip-inner: ON
  pattern compression: ON
  per-rate scalers: OFF
  site repeats: OFF
  branch lengths: linked (ML estimate, algorithm: NR-SAFE)
  SIMD kernels: AVX2
  parallelization: NONE/sequential

WARNING: The model you specified on the command line (GTR) will be ignored 
         since the binary MSA file already contains a model definition.
         If you want to change the model, please re-run RAxML-NG 
         with the original PHYLIP/FASTA alignment and --redo option.

[00:00:00] Loading binary alignment from file: ../BenoitDatasets/families/alesim_s20_f50_sites400_d1.0_l0.5_seed42/pargenes/parse_run/results/9_prunedfasta/9_prunedfasta.raxml.rba
[00:00:00] Alignment comprises 28 taxa, 1 partitions and 367 patterns

Partition 0: noname
Model: GTR+FO
Alignment sites / patterns: 400 / 367
Gaps: 0.00 %
Invariant sites: 0.75 %


[00:00:00] Data distribution: max. partitions/sites/weight per thread: 1 / 367 / 1468
[00:00:00] Starting bootstrapping analysis with 10 replicates.

[00:00:00] Bootstrap tree #1, logLikelihood: -5315.718863
[00:00:01] Bootstrap tree #2, logLikelihood: -5312.431719
[00:00:02] Bootstrap tree #3, logLikelihood: -5168.027927
[00:00:04] Bootstrap tree #4, logLikelihood: -5146.956119
[00:00:05] Bootstrap tree #5, logLikelihood: -5098.229756
[00:00:06] Bootstrap tree #6, logLikelihood: -5158.124855
[00:00:07] Bootstrap tree #7, logLikelihood: -5264.770890
[00:00:08] Bootstrap tree #8, logLikelihood: -5174.966560
[00:00:09] Bootstrap tree #9, logLikelihood: -5192.758778
[00:00:10] Bootstrap tree #10, logLikelihood: -5236.127333

Optimized model parameters:

   Partition 0: noname
   Rate heterogeneity: NONE
   Base frequencies (ML): 0.263998 0.232942 0.240492 0.262568 
   Substitution rates (ML): 1.226066 0.892536 1.076042 1.232789 1.184073 1.000000 
Bootstrap trees saved to: /home/morelbt/github/BenoitDatasets/families/alesim_s20_f50_sites400_d1.0_l0.5_seed42/pargenes/mlsearch_run/bootstraps/9_prunedfasta/9_prunedfasta_bs9.raxml.bootstraps

Execution log saved to: /home/morelbt/github/BenoitDatasets/families/alesim_s20_f50_sites400_d1.0_l0.5_seed42/pargenes/mlsearch_run/bootstraps/9_prunedfasta/9_prunedfasta_bs9.raxml.log

Analysis started: 11-Dec-2018 15:34:35 / finished: 11-Dec-2018 15:34:45

Elapsed time: 10.024 seconds

