
RAxML-NG v. 0.6.0git BETA released on 27.07.2018 by The Exelixis Lab.
Authors: Alexey Kozlov, Alexandros Stamatakis, Diego Darriba, Tomas Flouri, Benoit Morel.
Latest version: https://github.com/amkozlov/raxml-ng
Questions/problems/suggestions? Please visit: https://groups.google.com/forum/#!forum/raxml

WARNING: This is a BETA release, please use at your own risk!

RAxML-NG was called as follows:

mpi-scheduler --bootstrap --msa ../BenoitDatasets/families/alesim_s30_f50_sites200_d2.0_l1.0_seed42/pargenes/parse_run/results/20_prunedfasta/20_prunedfasta.raxml.rba --blopt nr_safe --model GTR --prefix ../BenoitDatasets/families/alesim_s30_f50_sites200_d2.0_l1.0_seed42/pargenes/mlsearch_run/bootstraps/20_prunedfasta/20_prunedfasta_bs8 --threads 1 --seed 9 --bs-trees 10

Analysis options:
  run mode: Bootstrapping
  start tree(s): 
  bootstrap replicates: 10
  random seed: 9
  tip-inner: ON
  pattern compression: ON
  per-rate scalers: OFF
  site repeats: OFF
  branch lengths: linked (ML estimate, algorithm: NR-SAFE)
  SIMD kernels: AVX2
  parallelization: NONE/sequential

WARNING: The model you specified on the command line (GTR) will be ignored 
         since the binary MSA file already contains a model definition.
         If you want to change the model, please re-run RAxML-NG 
         with the original PHYLIP/FASTA alignment and --redo option.

[00:00:00] Loading binary alignment from file: ../BenoitDatasets/families/alesim_s30_f50_sites200_d2.0_l1.0_seed42/pargenes/parse_run/results/20_prunedfasta/20_prunedfasta.raxml.rba
[00:00:00] Alignment comprises 137 taxa, 1 partitions and 200 patterns

Partition 0: noname
Model: GTR+FO
Alignment sites / patterns: 200 / 200
Gaps: 0.00 %
Invariant sites: 0.00 %


[00:00:00] Data distribution: max. partitions/sites/weight per thread: 1 / 200 / 800
[00:00:00] Starting bootstrapping analysis with 10 replicates.

[00:00:07] Bootstrap tree #1, logLikelihood: -9736.313739
[00:00:19] Bootstrap tree #2, logLikelihood: -10040.234239
[00:00:27] Bootstrap tree #3, logLikelihood: -10038.488969
[00:00:36] Bootstrap tree #4, logLikelihood: -9670.110560
[00:00:51] Bootstrap tree #5, logLikelihood: -10075.733024
[00:01:01] Bootstrap tree #6, logLikelihood: -9615.903364
[00:01:10] Bootstrap tree #7, logLikelihood: -9877.106171
[00:01:22] Bootstrap tree #8, logLikelihood: -9738.938376
[00:01:30] Bootstrap tree #9, logLikelihood: -9710.555009
[00:01:37] Bootstrap tree #10, logLikelihood: -10107.594702

Optimized model parameters:

   Partition 0: noname
   Rate heterogeneity: NONE
   Base frequencies (ML): 0.251743 0.243310 0.263365 0.241582 
   Substitution rates (ML): 1.196294 1.233086 1.150193 1.169214 1.169335 1.000000 
Bootstrap trees saved to: /home/morelbt/github/BenoitDatasets/families/alesim_s30_f50_sites200_d2.0_l1.0_seed42/pargenes/mlsearch_run/bootstraps/20_prunedfasta/20_prunedfasta_bs8.raxml.bootstraps

Execution log saved to: /home/morelbt/github/BenoitDatasets/families/alesim_s30_f50_sites200_d2.0_l1.0_seed42/pargenes/mlsearch_run/bootstraps/20_prunedfasta/20_prunedfasta_bs8.raxml.log

Analysis started: 11-Dec-2018 20:53:58 / finished: 11-Dec-2018 20:55:35

Elapsed time: 97.564 seconds

