
RAxML-NG v. 0.6.0git BETA released on 27.07.2018 by The Exelixis Lab.
Authors: Alexey Kozlov, Alexandros Stamatakis, Diego Darriba, Tomas Flouri, Benoit Morel.
Latest version: https://github.com/amkozlov/raxml-ng
Questions/problems/suggestions? Please visit: https://groups.google.com/forum/#!forum/raxml

WARNING: This is a BETA release, please use at your own risk!

RAxML-NG was called as follows:

mpi-scheduler --msa ../BenoitDatasets/families/jsim_s27_f100_sites200_d0.2_l0.1_seed6/pargenes/parse_run/results/16_fasta/16_fasta.raxml.rba --blopt nr_safe --model GTR --prefix ../BenoitDatasets/families/jsim_s27_f100_sites200_d0.2_l0.1_seed6/pargenes/mlsearch_run/results/16_fasta/16_fasta --threads 1 --seed 1

Analysis options:
  run mode: ML tree search
  start tree(s): random (1)
  random seed: 1
  tip-inner: ON
  pattern compression: ON
  per-rate scalers: OFF
  site repeats: OFF
  fast spr radius: AUTO
  spr subtree cutoff: 1.000000
  branch lengths: linked (ML estimate, algorithm: NR-SAFE)
  SIMD kernels: AVX2
  parallelization: NONE/sequential

WARNING: The model you specified on the command line (GTR) will be ignored 
         since the binary MSA file already contains a model definition.
         If you want to change the model, please re-run RAxML-NG 
         with the original PHYLIP/FASTA alignment and --redo option.

[00:00:00] Loading binary alignment from file: ../BenoitDatasets/families/jsim_s27_f100_sites200_d0.2_l0.1_seed6/pargenes/parse_run/results/16_fasta/16_fasta.raxml.rba
[00:00:00] Alignment comprises 23 taxa, 1 partitions and 200 patterns

Partition 0: noname
Model: GTR+FO
Alignment sites / patterns: 200 / 200
Gaps: 0.00 %
Invariant sites: 0.00 %


[00:00:00] Generating 1 random starting tree(s) with 23 taxa
[00:00:00] Data distribution: max. partitions/sites/weight per thread: 1 / 200 / 800

Starting ML tree search with 1 distinct starting trees

[00:00:00 -7621.389205] Initial branch length optimization
[00:00:00 -6049.216908] Model parameter optimization (eps = 10.000000)
[00:00:00 -6039.355868] AUTODETECT spr round 1 (radius: 5)
[00:00:00 -5411.408293] AUTODETECT spr round 2 (radius: 10)
[00:00:00 -5406.548203] AUTODETECT spr round 3 (radius: 15)
[00:00:00 -5406.474261] SPR radius for FAST iterations: 10 (autodetect)
[00:00:00 -5406.474261] Model parameter optimization (eps = 3.000000)
[00:00:00 -5405.540463] FAST spr round 1 (radius: 10)
[00:00:00 -5356.562102] FAST spr round 2 (radius: 10)
[00:00:00 -5356.557242] Model parameter optimization (eps = 1.000000)
[00:00:00 -5356.285952] SLOW spr round 1 (radius: 5)
[00:00:00 -5356.281099] SLOW spr round 2 (radius: 10)
[00:00:00 -5356.278998] SLOW spr round 3 (radius: 15)
[00:00:00 -5356.277897] SLOW spr round 4 (radius: 20)
[00:00:00 -5356.277319] Model parameter optimization (eps = 0.100000)

[00:00:00] ML tree search #1, logLikelihood: -5356.268815


Optimized model parameters:

   Partition 0: noname
   Rate heterogeneity: NONE
   Base frequencies (ML): 0.248313 0.256411 0.233457 0.261820 
   Substitution rates (ML): 0.998696 1.172701 1.066244 0.951303 0.969369 1.000000 

Final LogLikelihood: -5356.268815

Best ML tree saved to: /home/morelbt/github/BenoitDatasets/families/jsim_s27_f100_sites200_d0.2_l0.1_seed6/pargenes/mlsearch_run/results/16_fasta/16_fasta.raxml.bestTree
Optimized model saved to: /home/morelbt/github/BenoitDatasets/families/jsim_s27_f100_sites200_d0.2_l0.1_seed6/pargenes/mlsearch_run/results/16_fasta/16_fasta.raxml.bestModel

Execution log saved to: /home/morelbt/github/BenoitDatasets/families/jsim_s27_f100_sites200_d0.2_l0.1_seed6/pargenes/mlsearch_run/results/16_fasta/16_fasta.raxml.log

Analysis started: 07-Dec-2018 16:06:18 / finished: 07-Dec-2018 16:06:19

Elapsed time: 0.801 seconds

