
RAxML-NG v. 0.6.0git BETA released on 27.07.2018 by The Exelixis Lab.
Authors: Alexey Kozlov, Alexandros Stamatakis, Diego Darriba, Tomas Flouri, Benoit Morel.
Latest version: https://github.com/amkozlov/raxml-ng
Questions/problems/suggestions? Please visit: https://groups.google.com/forum/#!forum/raxml

WARNING: This is a BETA release, please use at your own risk!

RAxML-NG was called as follows:

mpi-scheduler --bootstrap --msa ../BenoitDatasets/families/jsim_s27_f100_sites200_d0.2_l0.1_seed6/pargenes/parse_run/results/22_fasta/22_fasta.raxml.rba --blopt nr_safe --model GTR --prefix ../BenoitDatasets/families/jsim_s27_f100_sites200_d0.2_l0.1_seed6/pargenes/mlsearch_run/bootstraps/22_fasta/22_fasta_bs4 --threads 1 --seed 5 --bs-trees 10

Analysis options:
  run mode: Bootstrapping
  start tree(s): 
  bootstrap replicates: 10
  random seed: 5
  tip-inner: ON
  pattern compression: ON
  per-rate scalers: OFF
  site repeats: OFF
  branch lengths: linked (ML estimate, algorithm: NR-SAFE)
  SIMD kernels: AVX2
  parallelization: NONE/sequential

WARNING: The model you specified on the command line (GTR) will be ignored 
         since the binary MSA file already contains a model definition.
         If you want to change the model, please re-run RAxML-NG 
         with the original PHYLIP/FASTA alignment and --redo option.

[00:00:00] Loading binary alignment from file: ../BenoitDatasets/families/jsim_s27_f100_sites200_d0.2_l0.1_seed6/pargenes/parse_run/results/22_fasta/22_fasta.raxml.rba
[00:00:00] Alignment comprises 5 taxa, 1 partitions and 169 patterns

Partition 0: noname
Model: GTR+FO
Alignment sites / patterns: 200 / 169
Gaps: 0.00 %
Invariant sites: 2.00 %


[00:00:00] Data distribution: max. partitions/sites/weight per thread: 1 / 169 / 676
[00:00:00] Starting bootstrapping analysis with 10 replicates.

[00:00:00] Bootstrap tree #1, logLikelihood: -1296.839260
[00:00:00] Bootstrap tree #2, logLikelihood: -1312.594946
[00:00:00] Bootstrap tree #3, logLikelihood: -1297.462806
[00:00:00] Bootstrap tree #4, logLikelihood: -1299.715943
[00:00:00] Bootstrap tree #5, logLikelihood: -1310.475098
[00:00:00] Bootstrap tree #6, logLikelihood: -1311.084969
[00:00:00] Bootstrap tree #7, logLikelihood: -1289.008217
[00:00:00] Bootstrap tree #8, logLikelihood: -1304.397705
[00:00:00] Bootstrap tree #9, logLikelihood: -1301.272478
[00:00:00] Bootstrap tree #10, logLikelihood: -1305.286021

Optimized model parameters:

   Partition 0: noname
   Rate heterogeneity: NONE
   Base frequencies (ML): 0.254864 0.181711 0.297236 0.266189 
   Substitution rates (ML): 1.180966 0.303212 0.739747 0.996208 0.151164 1.000000 
Bootstrap trees saved to: /home/morelbt/github/BenoitDatasets/families/jsim_s27_f100_sites200_d0.2_l0.1_seed6/pargenes/mlsearch_run/bootstraps/22_fasta/22_fasta_bs4.raxml.bootstraps

Execution log saved to: /home/morelbt/github/BenoitDatasets/families/jsim_s27_f100_sites200_d0.2_l0.1_seed6/pargenes/mlsearch_run/bootstraps/22_fasta/22_fasta_bs4.raxml.log

Analysis started: 07-Dec-2018 16:06:18 / finished: 07-Dec-2018 16:06:18

Elapsed time: 0.264 seconds

