
RAxML-NG v. 0.6.0git BETA released on 27.07.2018 by The Exelixis Lab.
Authors: Alexey Kozlov, Alexandros Stamatakis, Diego Darriba, Tomas Flouri, Benoit Morel.
Latest version: https://github.com/amkozlov/raxml-ng
Questions/problems/suggestions? Please visit: https://groups.google.com/forum/#!forum/raxml

WARNING: This is a BETA release, please use at your own risk!

RAxML-NG was called as follows:

mpi-scheduler --bootstrap --msa ../BenoitDatasets/families/alesim_s30_f50_sites200_d2.0_l1.0_seed42/pargenes/parse_run/results/3_prunedfasta/3_prunedfasta.raxml.rba --blopt nr_safe --model GTR --prefix ../BenoitDatasets/families/alesim_s30_f50_sites200_d2.0_l1.0_seed42/pargenes/mlsearch_run/bootstraps/3_prunedfasta/3_prunedfasta_bs1 --threads 1 --seed 2 --bs-trees 10

Analysis options:
  run mode: Bootstrapping
  start tree(s): 
  bootstrap replicates: 10
  random seed: 2
  tip-inner: ON
  pattern compression: ON
  per-rate scalers: OFF
  site repeats: OFF
  branch lengths: linked (ML estimate, algorithm: NR-SAFE)
  SIMD kernels: AVX2
  parallelization: NONE/sequential

WARNING: The model you specified on the command line (GTR) will be ignored 
         since the binary MSA file already contains a model definition.
         If you want to change the model, please re-run RAxML-NG 
         with the original PHYLIP/FASTA alignment and --redo option.

[00:00:00] Loading binary alignment from file: ../BenoitDatasets/families/alesim_s30_f50_sites200_d2.0_l1.0_seed42/pargenes/parse_run/results/3_prunedfasta/3_prunedfasta.raxml.rba
[00:00:00] Alignment comprises 44 taxa, 1 partitions and 199 patterns

Partition 0: noname
Model: GTR+FO
Alignment sites / patterns: 200 / 199
Gaps: 0.00 %
Invariant sites: 0.50 %


[00:00:00] Data distribution: max. partitions/sites/weight per thread: 1 / 199 / 796
[00:00:00] Starting bootstrapping analysis with 10 replicates.

[00:00:01] Bootstrap tree #1, logLikelihood: -3450.541897
[00:00:02] Bootstrap tree #2, logLikelihood: -3419.586135
[00:00:03] Bootstrap tree #3, logLikelihood: -3470.106393
[00:00:04] Bootstrap tree #4, logLikelihood: -3445.527677
[00:00:05] Bootstrap tree #5, logLikelihood: -3519.641164
[00:00:06] Bootstrap tree #6, logLikelihood: -3422.982256
[00:00:07] Bootstrap tree #7, logLikelihood: -3461.186630
[00:00:08] Bootstrap tree #8, logLikelihood: -3574.759406
[00:00:09] Bootstrap tree #9, logLikelihood: -3353.171393
[00:00:10] Bootstrap tree #10, logLikelihood: -3400.118764

Optimized model parameters:

   Partition 0: noname
   Rate heterogeneity: NONE
   Base frequencies (ML): 0.219045 0.275969 0.259031 0.245955 
   Substitution rates (ML): 1.161209 1.416924 1.332867 1.134045 1.204659 1.000000 
Bootstrap trees saved to: /home/morelbt/github/BenoitDatasets/families/alesim_s30_f50_sites200_d2.0_l1.0_seed42/pargenes/mlsearch_run/bootstraps/3_prunedfasta/3_prunedfasta_bs1.raxml.bootstraps

Execution log saved to: /home/morelbt/github/BenoitDatasets/families/alesim_s30_f50_sites200_d2.0_l1.0_seed42/pargenes/mlsearch_run/bootstraps/3_prunedfasta/3_prunedfasta_bs1.raxml.log

Analysis started: 11-Dec-2018 20:57:35 / finished: 11-Dec-2018 20:57:45

Elapsed time: 10.657 seconds

