
RAxML-NG v. 0.6.0git BETA released on 27.07.2018 by The Exelixis Lab.
Authors: Alexey Kozlov, Alexandros Stamatakis, Diego Darriba, Tomas Flouri, Benoit Morel.
Latest version: https://github.com/amkozlov/raxml-ng
Questions/problems/suggestions? Please visit: https://groups.google.com/forum/#!forum/raxml

WARNING: This is a BETA release, please use at your own risk!

RAxML-NG was called as follows:

mpi-scheduler --bootstrap --msa ../BenoitDatasets/families/alesim_s30_f50_sites200_d2.0_l1.0_seed42/pargenes/parse_run/results/3_prunedfasta/3_prunedfasta.raxml.rba --blopt nr_safe --model GTR --prefix ../BenoitDatasets/families/alesim_s30_f50_sites200_d2.0_l1.0_seed42/pargenes/mlsearch_run/bootstraps/3_prunedfasta/3_prunedfasta_bs8 --threads 1 --seed 9 --bs-trees 10

Analysis options:
  run mode: Bootstrapping
  start tree(s): 
  bootstrap replicates: 10
  random seed: 9
  tip-inner: ON
  pattern compression: ON
  per-rate scalers: OFF
  site repeats: OFF
  branch lengths: linked (ML estimate, algorithm: NR-SAFE)
  SIMD kernels: AVX2
  parallelization: NONE/sequential

WARNING: The model you specified on the command line (GTR) will be ignored 
         since the binary MSA file already contains a model definition.
         If you want to change the model, please re-run RAxML-NG 
         with the original PHYLIP/FASTA alignment and --redo option.

[00:00:00] Loading binary alignment from file: ../BenoitDatasets/families/alesim_s30_f50_sites200_d2.0_l1.0_seed42/pargenes/parse_run/results/3_prunedfasta/3_prunedfasta.raxml.rba
[00:00:00] Alignment comprises 44 taxa, 1 partitions and 199 patterns

Partition 0: noname
Model: GTR+FO
Alignment sites / patterns: 200 / 199
Gaps: 0.00 %
Invariant sites: 0.50 %


[00:00:00] Data distribution: max. partitions/sites/weight per thread: 1 / 199 / 796
[00:00:00] Starting bootstrapping analysis with 10 replicates.

[00:00:01] Bootstrap tree #1, logLikelihood: -3342.046731
[00:00:01] Bootstrap tree #2, logLikelihood: -3442.530204
[00:00:02] Bootstrap tree #3, logLikelihood: -3488.854834
[00:00:03] Bootstrap tree #4, logLikelihood: -3380.707759
[00:00:04] Bootstrap tree #5, logLikelihood: -3255.615092
[00:00:05] Bootstrap tree #6, logLikelihood: -3316.264718
[00:00:06] Bootstrap tree #7, logLikelihood: -3489.646054
[00:00:07] Bootstrap tree #8, logLikelihood: -3483.418115
[00:00:08] Bootstrap tree #9, logLikelihood: -3543.207118
[00:00:09] Bootstrap tree #10, logLikelihood: -3356.645648

Optimized model parameters:

   Partition 0: noname
   Rate heterogeneity: NONE
   Base frequencies (ML): 0.250062 0.238374 0.269774 0.241790 
   Substitution rates (ML): 1.061758 1.564873 1.305408 1.095990 1.325677 1.000000 
Bootstrap trees saved to: /home/morelbt/github/BenoitDatasets/families/alesim_s30_f50_sites200_d2.0_l1.0_seed42/pargenes/mlsearch_run/bootstraps/3_prunedfasta/3_prunedfasta_bs8.raxml.bootstraps

Execution log saved to: /home/morelbt/github/BenoitDatasets/families/alesim_s30_f50_sites200_d2.0_l1.0_seed42/pargenes/mlsearch_run/bootstraps/3_prunedfasta/3_prunedfasta_bs8.raxml.log

Analysis started: 11-Dec-2018 20:57:34 / finished: 11-Dec-2018 20:57:43

Elapsed time: 9.772 seconds

