
RAxML-NG v. 0.6.0git BETA released on 27.07.2018 by The Exelixis Lab.
Authors: Alexey Kozlov, Alexandros Stamatakis, Diego Darriba, Tomas Flouri, Benoit Morel.
Latest version: https://github.com/amkozlov/raxml-ng
Questions/problems/suggestions? Please visit: https://groups.google.com/forum/#!forum/raxml

WARNING: This is a BETA release, please use at your own risk!

RAxML-NG was called as follows:

mpi-scheduler --bootstrap --msa ../BenoitDatasets/families/jsim_s8_f100_sites300_d2.0_l1.0/pargenes/parse_run/results/8_fasta/8_fasta.raxml.rba --blopt nr_safe --model GTR --prefix ../BenoitDatasets/families/jsim_s8_f100_sites300_d2.0_l1.0/pargenes/mlsearch_run/bootstraps/8_fasta/8_fasta_bs9 --threads 1 --seed 10 --bs-trees 10

Analysis options:
  run mode: Bootstrapping
  start tree(s): 
  bootstrap replicates: 10
  random seed: 10
  tip-inner: ON
  pattern compression: ON
  per-rate scalers: OFF
  site repeats: OFF
  branch lengths: linked (ML estimate, algorithm: NR-SAFE)
  SIMD kernels: AVX2
  parallelization: NONE/sequential

WARNING: The model you specified on the command line (GTR) will be ignored 
         since the binary MSA file already contains a model definition.
         If you want to change the model, please re-run RAxML-NG 
         with the original PHYLIP/FASTA alignment and --redo option.

[00:00:00] Loading binary alignment from file: ../BenoitDatasets/families/jsim_s8_f100_sites300_d2.0_l1.0/pargenes/parse_run/results/8_fasta/8_fasta.raxml.rba
[00:00:00] Alignment comprises 18 taxa, 1 partitions and 300 patterns

Partition 0: noname
Model: GTR+FO
Alignment sites / patterns: 300 / 300
Gaps: 0.00 %
Invariant sites: 0.00 %


[00:00:00] Data distribution: max. partitions/sites/weight per thread: 1 / 300 / 1200
[00:00:00] Starting bootstrapping analysis with 10 replicates.

[00:00:00] Bootstrap tree #1, logLikelihood: -6552.306134
[00:00:02] Bootstrap tree #2, logLikelihood: -6591.111947
[00:00:03] Bootstrap tree #3, logLikelihood: -6701.182104
[00:00:04] Bootstrap tree #4, logLikelihood: -6622.987037
[00:00:05] Bootstrap tree #5, logLikelihood: -6598.288043
[00:00:06] Bootstrap tree #6, logLikelihood: -6570.407038
[00:00:06] Bootstrap tree #7, logLikelihood: -6626.350437
[00:00:08] Bootstrap tree #8, logLikelihood: -6587.622166
[00:00:09] Bootstrap tree #9, logLikelihood: -6653.210758
[00:00:10] Bootstrap tree #10, logLikelihood: -6685.336115

Optimized model parameters:

   Partition 0: noname
   Rate heterogeneity: NONE
   Base frequencies (ML): 0.238596 0.244544 0.258337 0.258524 
   Substitution rates (ML): 1.096477 1.214409 0.718916 0.993740 0.782292 1.000000 
Bootstrap trees saved to: /home/morelbt/github/BenoitDatasets/families/jsim_s8_f100_sites300_d2.0_l1.0/pargenes/mlsearch_run/bootstraps/8_fasta/8_fasta_bs9.raxml.bootstraps

Execution log saved to: /home/morelbt/github/BenoitDatasets/families/jsim_s8_f100_sites300_d2.0_l1.0/pargenes/mlsearch_run/bootstraps/8_fasta/8_fasta_bs9.raxml.log

Analysis started: 05-Dec-2018 13:32:24 / finished: 05-Dec-2018 13:32:34

Elapsed time: 10.051 seconds

