
RAxML-NG v. 0.6.0git BETA released on 27.07.2018 by The Exelixis Lab.
Authors: Alexey Kozlov, Alexandros Stamatakis, Diego Darriba, Tomas Flouri, Benoit Morel.
Latest version: https://github.com/amkozlov/raxml-ng
Questions/problems/suggestions? Please visit: https://groups.google.com/forum/#!forum/raxml

WARNING: This is a BETA release, please use at your own risk!

RAxML-NG was called as follows:

mpi-scheduler --bootstrap --msa ../BenoitDatasets/families/jsim_s27_f100_sites1000_d2.0_l1.0_seed6/pargenes/parse_run/results/35_fasta/35_fasta.raxml.rba --blopt nr_safe --model GTR --prefix ../BenoitDatasets/families/jsim_s27_f100_sites1000_d2.0_l1.0_seed6/pargenes/mlsearch_run/bootstraps/35_fasta/35_fasta_bs2 --threads 1 --seed 3 --bs-trees 10

Analysis options:
  run mode: Bootstrapping
  start tree(s): 
  bootstrap replicates: 10
  random seed: 3
  tip-inner: ON
  pattern compression: ON
  per-rate scalers: OFF
  site repeats: OFF
  branch lengths: linked (ML estimate, algorithm: NR-SAFE)
  SIMD kernels: AVX2
  parallelization: NONE/sequential

WARNING: The model you specified on the command line (GTR) will be ignored 
         since the binary MSA file already contains a model definition.
         If you want to change the model, please re-run RAxML-NG 
         with the original PHYLIP/FASTA alignment and --redo option.

[00:00:00] Loading binary alignment from file: ../BenoitDatasets/families/jsim_s27_f100_sites1000_d2.0_l1.0_seed6/pargenes/parse_run/results/35_fasta/35_fasta.raxml.rba
[00:00:00] Alignment comprises 11 taxa, 1 partitions and 958 patterns

Partition 0: noname
Model: GTR+FO
Alignment sites / patterns: 1000 / 958
Gaps: 0.00 %
Invariant sites: 0.30 %


[00:00:00] Data distribution: max. partitions/sites/weight per thread: 1 / 958 / 3832
[00:00:00] Starting bootstrapping analysis with 10 replicates.

[00:00:00] Bootstrap tree #1, logLikelihood: -11184.788245
[00:00:01] Bootstrap tree #2, logLikelihood: -10979.544739
[00:00:03] Bootstrap tree #3, logLikelihood: -11094.045901
[00:00:04] Bootstrap tree #4, logLikelihood: -11083.213912
[00:00:05] Bootstrap tree #5, logLikelihood: -11005.330861
[00:00:07] Bootstrap tree #6, logLikelihood: -11030.223621
[00:00:08] Bootstrap tree #7, logLikelihood: -11034.752319
[00:00:09] Bootstrap tree #8, logLikelihood: -11193.305711
[00:00:10] Bootstrap tree #9, logLikelihood: -11100.723685
[00:00:11] Bootstrap tree #10, logLikelihood: -10978.168554

Optimized model parameters:

   Partition 0: noname
   Rate heterogeneity: NONE
   Base frequencies (ML): 0.267069 0.245687 0.244049 0.243195 
   Substitution rates (ML): 0.867361 0.741402 0.859193 0.755914 0.757959 1.000000 
Bootstrap trees saved to: /home/morelbt/github/BenoitDatasets/families/jsim_s27_f100_sites1000_d2.0_l1.0_seed6/pargenes/mlsearch_run/bootstraps/35_fasta/35_fasta_bs2.raxml.bootstraps

Execution log saved to: /home/morelbt/github/BenoitDatasets/families/jsim_s27_f100_sites1000_d2.0_l1.0_seed6/pargenes/mlsearch_run/bootstraps/35_fasta/35_fasta_bs2.raxml.log

Analysis started: 07-Dec-2018 15:55:22 / finished: 07-Dec-2018 15:55:34

Elapsed time: 11.478 seconds

