
RAxML-NG v. 0.6.0git BETA released on 27.07.2018 by The Exelixis Lab.
Authors: Alexey Kozlov, Alexandros Stamatakis, Diego Darriba, Tomas Flouri, Benoit Morel.
Latest version: https://github.com/amkozlov/raxml-ng
Questions/problems/suggestions? Please visit: https://groups.google.com/forum/#!forum/raxml

WARNING: This is a BETA release, please use at your own risk!

RAxML-NG was called as follows:

mpi-scheduler --bootstrap --msa ../BenoitDatasets/families/jsim_s27_f100_sites1000_d2.0_l1.0_seed6/pargenes/parse_run/results/96_fasta/96_fasta.raxml.rba --blopt nr_safe --model GTR --prefix ../BenoitDatasets/families/jsim_s27_f100_sites1000_d2.0_l1.0_seed6/pargenes/mlsearch_run/bootstraps/96_fasta/96_fasta_bs5 --threads 1 --seed 6 --bs-trees 10

Analysis options:
  run mode: Bootstrapping
  start tree(s): 
  bootstrap replicates: 10
  random seed: 6
  tip-inner: ON
  pattern compression: ON
  per-rate scalers: OFF
  site repeats: OFF
  branch lengths: linked (ML estimate, algorithm: NR-SAFE)
  SIMD kernels: AVX2
  parallelization: NONE/sequential

WARNING: The model you specified on the command line (GTR) will be ignored 
         since the binary MSA file already contains a model definition.
         If you want to change the model, please re-run RAxML-NG 
         with the original PHYLIP/FASTA alignment and --redo option.

[00:00:00] Loading binary alignment from file: ../BenoitDatasets/families/jsim_s27_f100_sites1000_d2.0_l1.0_seed6/pargenes/parse_run/results/96_fasta/96_fasta.raxml.rba
[00:00:00] Alignment comprises 4 taxa, 1 partitions and 239 patterns

Partition 0: noname
Model: GTR+FO
Alignment sites / patterns: 1000 / 239
Gaps: 0.00 %
Invariant sites: 0.40 %


[00:00:00] Data distribution: max. partitions/sites/weight per thread: 1 / 239 / 956
[00:00:00] Starting bootstrapping analysis with 10 replicates.

[00:00:00] Bootstrap tree #1, logLikelihood: -5214.599432
[00:00:00] Bootstrap tree #2, logLikelihood: -5227.259281
[00:00:00] Bootstrap tree #3, logLikelihood: -5223.299173
[00:00:00] Bootstrap tree #4, logLikelihood: -5163.754121
[00:00:00] Bootstrap tree #5, logLikelihood: -5175.516641
[00:00:00] Bootstrap tree #6, logLikelihood: -5241.155684
[00:00:00] Bootstrap tree #7, logLikelihood: -5220.343116
[00:00:00] Bootstrap tree #8, logLikelihood: -5214.350115
[00:00:00] Bootstrap tree #9, logLikelihood: -5229.153114
[00:00:00] Bootstrap tree #10, logLikelihood: -5217.925363

Optimized model parameters:

   Partition 0: noname
   Rate heterogeneity: NONE
   Base frequencies (ML): 0.236096 0.259273 0.255463 0.249168 
   Substitution rates (ML): 1.093547 0.777238 0.946960 0.669923 0.899823 1.000000 
Bootstrap trees saved to: /home/morelbt/github/BenoitDatasets/families/jsim_s27_f100_sites1000_d2.0_l1.0_seed6/pargenes/mlsearch_run/bootstraps/96_fasta/96_fasta_bs5.raxml.bootstraps

Execution log saved to: /home/morelbt/github/BenoitDatasets/families/jsim_s27_f100_sites1000_d2.0_l1.0_seed6/pargenes/mlsearch_run/bootstraps/96_fasta/96_fasta_bs5.raxml.log

Analysis started: 07-Dec-2018 15:56:07 / finished: 07-Dec-2018 15:56:08

Elapsed time: 0.267 seconds

