
RAxML-NG v. 0.6.0git BETA released on 27.07.2018 by The Exelixis Lab.
Authors: Alexey Kozlov, Alexandros Stamatakis, Diego Darriba, Tomas Flouri, Benoit Morel.
Latest version: https://github.com/amkozlov/raxml-ng
Questions/problems/suggestions? Please visit: https://groups.google.com/forum/#!forum/raxml

WARNING: This is a BETA release, please use at your own risk!

RAxML-NG was called as follows:

mpi-scheduler --bootstrap --msa ../BenoitDatasets/families/jsim_s27_f100_sites200_d2.0_l1.0_seed6/pargenes/parse_run/results/61_fasta/61_fasta.raxml.rba --blopt nr_safe --model GTR --prefix ../BenoitDatasets/families/jsim_s27_f100_sites200_d2.0_l1.0_seed6/pargenes/mlsearch_run/bootstraps/61_fasta/61_fasta_bs0 --threads 1 --seed 1 --bs-trees 10

Analysis options:
  run mode: Bootstrapping
  start tree(s): 
  bootstrap replicates: 10
  random seed: 1
  tip-inner: ON
  pattern compression: ON
  per-rate scalers: OFF
  site repeats: OFF
  branch lengths: linked (ML estimate, algorithm: NR-SAFE)
  SIMD kernels: AVX2
  parallelization: NONE/sequential

WARNING: The model you specified on the command line (GTR) will be ignored 
         since the binary MSA file already contains a model definition.
         If you want to change the model, please re-run RAxML-NG 
         with the original PHYLIP/FASTA alignment and --redo option.

[00:00:00] Loading binary alignment from file: ../BenoitDatasets/families/jsim_s27_f100_sites200_d2.0_l1.0_seed6/pargenes/parse_run/results/61_fasta/61_fasta.raxml.rba
[00:00:00] Alignment comprises 13 taxa, 1 partitions and 193 patterns

Partition 0: noname
Model: GTR+FO
Alignment sites / patterns: 200 / 193
Gaps: 0.00 %
Invariant sites: 0.50 %


[00:00:00] Data distribution: max. partitions/sites/weight per thread: 1 / 193 / 772
[00:00:00] Starting bootstrapping analysis with 10 replicates.

[00:00:00] Bootstrap tree #1, logLikelihood: -2226.310316
[00:00:00] Bootstrap tree #2, logLikelihood: -2221.284779
[00:00:00] Bootstrap tree #3, logLikelihood: -2216.880602
[00:00:00] Bootstrap tree #4, logLikelihood: -2244.521137
[00:00:01] Bootstrap tree #5, logLikelihood: -2174.702727
[00:00:01] Bootstrap tree #6, logLikelihood: -2283.258538
[00:00:01] Bootstrap tree #7, logLikelihood: -2236.826818
[00:00:01] Bootstrap tree #8, logLikelihood: -2132.841422
[00:00:01] Bootstrap tree #9, logLikelihood: -2237.158056
[00:00:02] Bootstrap tree #10, logLikelihood: -2262.393920

Optimized model parameters:

   Partition 0: noname
   Rate heterogeneity: NONE
   Base frequencies (ML): 0.270001 0.267402 0.233972 0.228625 
   Substitution rates (ML): 0.589488 1.005002 0.576151 0.760582 0.948739 1.000000 
Bootstrap trees saved to: /home/morelbt/github/BenoitDatasets/families/jsim_s27_f100_sites200_d2.0_l1.0_seed6/pargenes/mlsearch_run/bootstraps/61_fasta/61_fasta_bs0.raxml.bootstraps

Execution log saved to: /home/morelbt/github/BenoitDatasets/families/jsim_s27_f100_sites200_d2.0_l1.0_seed6/pargenes/mlsearch_run/bootstraps/61_fasta/61_fasta_bs0.raxml.log

Analysis started: 07-Dec-2018 15:27:46 / finished: 07-Dec-2018 15:27:48

Elapsed time: 2.184 seconds

