
RAxML-NG v. 0.6.0git BETA released on 27.07.2018 by The Exelixis Lab.
Authors: Alexey Kozlov, Alexandros Stamatakis, Diego Darriba, Tomas Flouri, Benoit Morel.
Latest version: https://github.com/amkozlov/raxml-ng
Questions/problems/suggestions? Please visit: https://groups.google.com/forum/#!forum/raxml

WARNING: This is a BETA release, please use at your own risk!

RAxML-NG was called as follows:

mpi-scheduler --msa ../BenoitDatasets/families/jsim_s27_f100_sites1000_d2.0_l1.0_seed6/pargenes/parse_run/results/13_fasta/13_fasta.raxml.rba --blopt nr_safe --model GTR --prefix ../BenoitDatasets/families/jsim_s27_f100_sites1000_d2.0_l1.0_seed6/pargenes/mlsearch_run/results/13_fasta/13_fasta --threads 1 --seed 1

Analysis options:
  run mode: ML tree search
  start tree(s): random (1)
  random seed: 1
  tip-inner: ON
  pattern compression: ON
  per-rate scalers: OFF
  site repeats: OFF
  fast spr radius: AUTO
  spr subtree cutoff: 1.000000
  branch lengths: linked (ML estimate, algorithm: NR-SAFE)
  SIMD kernels: AVX2
  parallelization: NONE/sequential

WARNING: The model you specified on the command line (GTR) will be ignored 
         since the binary MSA file already contains a model definition.
         If you want to change the model, please re-run RAxML-NG 
         with the original PHYLIP/FASTA alignment and --redo option.

[00:00:00] Loading binary alignment from file: ../BenoitDatasets/families/jsim_s27_f100_sites1000_d2.0_l1.0_seed6/pargenes/parse_run/results/13_fasta/13_fasta.raxml.rba
[00:00:00] Alignment comprises 26 taxa, 1 partitions and 1000 patterns

Partition 0: noname
Model: GTR+FO
Alignment sites / patterns: 1000 / 1000
Gaps: 0.00 %
Invariant sites: 0.00 %


[00:00:00] Generating 1 random starting tree(s) with 26 taxa
[00:00:00] Data distribution: max. partitions/sites/weight per thread: 1 / 1000 / 4000

Starting ML tree search with 1 distinct starting trees

[00:00:00 -37881.433999] Initial branch length optimization
[00:00:00 -30011.891376] Model parameter optimization (eps = 10.000000)
[00:00:00 -30000.924217] AUTODETECT spr round 1 (radius: 5)
[00:00:00 -24661.121771] AUTODETECT spr round 2 (radius: 10)
[00:00:00 -24600.667981] AUTODETECT spr round 3 (radius: 15)
[00:00:00 -24600.642857] SPR radius for FAST iterations: 10 (autodetect)
[00:00:00 -24600.642857] Model parameter optimization (eps = 3.000000)
[00:00:00 -24595.287634] FAST spr round 1 (radius: 10)
[00:00:01 -24342.242406] FAST spr round 2 (radius: 10)
[00:00:01 -24340.106071] FAST spr round 3 (radius: 10)
[00:00:01 -24338.386070] FAST spr round 4 (radius: 10)
[00:00:02 -24338.385128] Model parameter optimization (eps = 1.000000)
[00:00:02 -24338.127542] SLOW spr round 1 (radius: 5)
[00:00:03 -24338.127440] SLOW spr round 2 (radius: 10)
[00:00:04 -24338.127439] SLOW spr round 3 (radius: 15)
[00:00:05 -24338.127439] SLOW spr round 4 (radius: 20)
[00:00:05 -24338.127439] SLOW spr round 5 (radius: 25)
[00:00:05 -24338.127439] Model parameter optimization (eps = 0.100000)

[00:00:05] ML tree search #1, logLikelihood: -24338.121873


Optimized model parameters:

   Partition 0: noname
   Rate heterogeneity: NONE
   Base frequencies (ML): 0.249914 0.253534 0.252818 0.243734 
   Substitution rates (ML): 1.013218 0.944657 0.983922 0.968332 0.967201 1.000000 

Final LogLikelihood: -24338.121873

Best ML tree saved to: /home/morelbt/github/BenoitDatasets/families/jsim_s27_f100_sites1000_d2.0_l1.0_seed6/pargenes/mlsearch_run/results/13_fasta/13_fasta.raxml.bestTree
Optimized model saved to: /home/morelbt/github/BenoitDatasets/families/jsim_s27_f100_sites1000_d2.0_l1.0_seed6/pargenes/mlsearch_run/results/13_fasta/13_fasta.raxml.bestModel

Execution log saved to: /home/morelbt/github/BenoitDatasets/families/jsim_s27_f100_sites1000_d2.0_l1.0_seed6/pargenes/mlsearch_run/results/13_fasta/13_fasta.raxml.log

Analysis started: 07-Dec-2018 15:56:03 / finished: 07-Dec-2018 15:56:08

Elapsed time: 5.088 seconds

