
RAxML-NG v. 0.6.0git BETA released on 27.07.2018 by The Exelixis Lab.
Authors: Alexey Kozlov, Alexandros Stamatakis, Diego Darriba, Tomas Flouri, Benoit Morel.
Latest version: https://github.com/amkozlov/raxml-ng
Questions/problems/suggestions? Please visit: https://groups.google.com/forum/#!forum/raxml

WARNING: This is a BETA release, please use at your own risk!

RAxML-NG was called as follows:

mpi-scheduler --bootstrap --msa ../BenoitDatasets/families/jsim_s27_f100_sites200_d6.0_l3.0_seed6/pargenes/parse_run/results/59_fasta/59_fasta.raxml.rba --blopt nr_safe --model GTR --prefix ../BenoitDatasets/families/jsim_s27_f100_sites200_d6.0_l3.0_seed6/pargenes/mlsearch_run/bootstraps/59_fasta/59_fasta_bs3 --threads 1 --seed 4 --bs-trees 10

Analysis options:
  run mode: Bootstrapping
  start tree(s): 
  bootstrap replicates: 10
  random seed: 4
  tip-inner: ON
  pattern compression: ON
  per-rate scalers: OFF
  site repeats: OFF
  branch lengths: linked (ML estimate, algorithm: NR-SAFE)
  SIMD kernels: AVX2
  parallelization: NONE/sequential

WARNING: The model you specified on the command line (GTR) will be ignored 
         since the binary MSA file already contains a model definition.
         If you want to change the model, please re-run RAxML-NG 
         with the original PHYLIP/FASTA alignment and --redo option.

[00:00:00] Loading binary alignment from file: ../BenoitDatasets/families/jsim_s27_f100_sites200_d6.0_l3.0_seed6/pargenes/parse_run/results/59_fasta/59_fasta.raxml.rba
[00:00:00] Alignment comprises 16 taxa, 1 partitions and 181 patterns

Partition 0: noname
Model: GTR+FO
Alignment sites / patterns: 200 / 181
Gaps: 0.00 %
Invariant sites: 2.00 %


[00:00:00] Data distribution: max. partitions/sites/weight per thread: 1 / 181 / 724
[00:00:00] Starting bootstrapping analysis with 10 replicates.

[00:00:00] Bootstrap tree #1, logLikelihood: -2322.377473
[00:00:00] Bootstrap tree #2, logLikelihood: -2121.937240
[00:00:00] Bootstrap tree #3, logLikelihood: -2119.154345
[00:00:01] Bootstrap tree #4, logLikelihood: -2174.805387
[00:00:01] Bootstrap tree #5, logLikelihood: -2149.789278
[00:00:01] Bootstrap tree #6, logLikelihood: -2137.153409
[00:00:01] Bootstrap tree #7, logLikelihood: -2191.882815
[00:00:01] Bootstrap tree #8, logLikelihood: -2114.462715
[00:00:02] Bootstrap tree #9, logLikelihood: -2184.705781
[00:00:02] Bootstrap tree #10, logLikelihood: -2027.741339

Optimized model parameters:

   Partition 0: noname
   Rate heterogeneity: NONE
   Base frequencies (ML): 0.279649 0.262773 0.226481 0.231098 
   Substitution rates (ML): 0.525973 0.425029 0.727302 0.402880 0.428462 1.000000 
Bootstrap trees saved to: /home/morelbt/github/BenoitDatasets/families/jsim_s27_f100_sites200_d6.0_l3.0_seed6/pargenes/mlsearch_run/bootstraps/59_fasta/59_fasta_bs3.raxml.bootstraps

Execution log saved to: /home/morelbt/github/BenoitDatasets/families/jsim_s27_f100_sites200_d6.0_l3.0_seed6/pargenes/mlsearch_run/bootstraps/59_fasta/59_fasta_bs3.raxml.log

Analysis started: 07-Dec-2018 15:32:52 / finished: 07-Dec-2018 15:32:54

Elapsed time: 2.306 seconds

