
RAxML-NG v. 0.6.0git BETA released on 27.07.2018 by The Exelixis Lab.
Authors: Alexey Kozlov, Alexandros Stamatakis, Diego Darriba, Tomas Flouri, Benoit Morel.
Latest version: https://github.com/amkozlov/raxml-ng
Questions/problems/suggestions? Please visit: https://groups.google.com/forum/#!forum/raxml

WARNING: This is a BETA release, please use at your own risk!

RAxML-NG was called as follows:

mpi-scheduler --bootstrap --msa ../BenoitDatasets/families/jsim_s27_f100_sites1000_d2.0_l1.0_seed6/pargenes/parse_run/results/50_fasta/50_fasta.raxml.rba --blopt nr_safe --model GTR --prefix ../BenoitDatasets/families/jsim_s27_f100_sites1000_d2.0_l1.0_seed6/pargenes/mlsearch_run/bootstraps/50_fasta/50_fasta_bs2 --threads 1 --seed 3 --bs-trees 10

Analysis options:
  run mode: Bootstrapping
  start tree(s): 
  bootstrap replicates: 10
  random seed: 3
  tip-inner: ON
  pattern compression: ON
  per-rate scalers: OFF
  site repeats: OFF
  branch lengths: linked (ML estimate, algorithm: NR-SAFE)
  SIMD kernels: AVX2
  parallelization: NONE/sequential

WARNING: The model you specified on the command line (GTR) will be ignored 
         since the binary MSA file already contains a model definition.
         If you want to change the model, please re-run RAxML-NG 
         with the original PHYLIP/FASTA alignment and --redo option.

[00:00:00] Loading binary alignment from file: ../BenoitDatasets/families/jsim_s27_f100_sites1000_d2.0_l1.0_seed6/pargenes/parse_run/results/50_fasta/50_fasta.raxml.rba
[00:00:00] Alignment comprises 16 taxa, 1 partitions and 989 patterns

Partition 0: noname
Model: GTR+FO
Alignment sites / patterns: 1000 / 989
Gaps: 0.00 %
Invariant sites: 0.30 %


[00:00:00] Data distribution: max. partitions/sites/weight per thread: 1 / 989 / 3956
[00:00:00] Starting bootstrapping analysis with 10 replicates.

[00:00:01] Bootstrap tree #1, logLikelihood: -14251.565161
[00:00:03] Bootstrap tree #2, logLikelihood: -14653.696853
[00:00:04] Bootstrap tree #3, logLikelihood: -14389.619888
[00:00:05] Bootstrap tree #4, logLikelihood: -14382.508130
[00:00:07] Bootstrap tree #5, logLikelihood: -14124.989915
[00:00:09] Bootstrap tree #6, logLikelihood: -14138.796948
[00:00:11] Bootstrap tree #7, logLikelihood: -14240.556462
[00:00:12] Bootstrap tree #8, logLikelihood: -14257.811402
[00:00:14] Bootstrap tree #9, logLikelihood: -14379.933669
[00:00:15] Bootstrap tree #10, logLikelihood: -14426.545753

Optimized model parameters:

   Partition 0: noname
   Rate heterogeneity: NONE
   Base frequencies (ML): 0.268563 0.256594 0.239454 0.235390 
   Substitution rates (ML): 0.874862 0.907154 0.790123 0.852091 0.930694 1.000000 
Bootstrap trees saved to: /home/morelbt/github/BenoitDatasets/families/jsim_s27_f100_sites1000_d2.0_l1.0_seed6/pargenes/mlsearch_run/bootstraps/50_fasta/50_fasta_bs2.raxml.bootstraps

Execution log saved to: /home/morelbt/github/BenoitDatasets/families/jsim_s27_f100_sites1000_d2.0_l1.0_seed6/pargenes/mlsearch_run/bootstraps/50_fasta/50_fasta_bs2.raxml.log

Analysis started: 07-Dec-2018 15:54:44 / finished: 07-Dec-2018 15:55:00

Elapsed time: 15.972 seconds

