
RAxML-NG v. 0.6.0git BETA released on 27.07.2018 by The Exelixis Lab.
Authors: Alexey Kozlov, Alexandros Stamatakis, Diego Darriba, Tomas Flouri, Benoit Morel.
Latest version: https://github.com/amkozlov/raxml-ng
Questions/problems/suggestions? Please visit: https://groups.google.com/forum/#!forum/raxml

WARNING: This is a BETA release, please use at your own risk!

RAxML-NG was called as follows:

mpi-scheduler --bootstrap --msa ../BenoitDatasets/families/jsim_s27_f100_sites200_d2.0_l1.0_seed6/pargenes/parse_run/results/28_fasta/28_fasta.raxml.rba --blopt nr_safe --model GTR --prefix ../BenoitDatasets/families/jsim_s27_f100_sites200_d2.0_l1.0_seed6/pargenes/mlsearch_run/bootstraps/28_fasta/28_fasta_bs8 --threads 1 --seed 9 --bs-trees 10

Analysis options:
  run mode: Bootstrapping
  start tree(s): 
  bootstrap replicates: 10
  random seed: 9
  tip-inner: ON
  pattern compression: ON
  per-rate scalers: OFF
  site repeats: OFF
  branch lengths: linked (ML estimate, algorithm: NR-SAFE)
  SIMD kernels: AVX2
  parallelization: NONE/sequential

WARNING: The model you specified on the command line (GTR) will be ignored 
         since the binary MSA file already contains a model definition.
         If you want to change the model, please re-run RAxML-NG 
         with the original PHYLIP/FASTA alignment and --redo option.

[00:00:00] Loading binary alignment from file: ../BenoitDatasets/families/jsim_s27_f100_sites200_d2.0_l1.0_seed6/pargenes/parse_run/results/28_fasta/28_fasta.raxml.rba
[00:00:00] Alignment comprises 21 taxa, 1 partitions and 200 patterns

Partition 0: noname
Model: GTR+FO
Alignment sites / patterns: 200 / 200
Gaps: 0.00 %
Invariant sites: 0.00 %


[00:00:00] Data distribution: max. partitions/sites/weight per thread: 1 / 200 / 800
[00:00:00] Starting bootstrapping analysis with 10 replicates.

[00:00:00] Bootstrap tree #1, logLikelihood: -3943.011728
[00:00:01] Bootstrap tree #2, logLikelihood: -4071.469136
[00:00:01] Bootstrap tree #3, logLikelihood: -3962.845482
[00:00:02] Bootstrap tree #4, logLikelihood: -4098.039626
[00:00:03] Bootstrap tree #5, logLikelihood: -4025.490349
[00:00:03] Bootstrap tree #6, logLikelihood: -4032.475486
[00:00:04] Bootstrap tree #7, logLikelihood: -4035.696347
[00:00:05] Bootstrap tree #8, logLikelihood: -4032.521702
[00:00:05] Bootstrap tree #9, logLikelihood: -4022.200583
[00:00:06] Bootstrap tree #10, logLikelihood: -4032.079215

Optimized model parameters:

   Partition 0: noname
   Rate heterogeneity: NONE
   Base frequencies (ML): 0.243529 0.234045 0.252002 0.270423 
   Substitution rates (ML): 0.894154 1.055973 0.877001 1.020949 0.939826 1.000000 
Bootstrap trees saved to: /home/morelbt/github/BenoitDatasets/families/jsim_s27_f100_sites200_d2.0_l1.0_seed6/pargenes/mlsearch_run/bootstraps/28_fasta/28_fasta_bs8.raxml.bootstraps

Execution log saved to: /home/morelbt/github/BenoitDatasets/families/jsim_s27_f100_sites200_d2.0_l1.0_seed6/pargenes/mlsearch_run/bootstraps/28_fasta/28_fasta_bs8.raxml.log

Analysis started: 07-Dec-2018 15:27:34 / finished: 07-Dec-2018 15:27:41

Elapsed time: 6.562 seconds

