
RAxML-NG v. 0.6.0git BETA released on 27.07.2018 by The Exelixis Lab.
Authors: Alexey Kozlov, Alexandros Stamatakis, Diego Darriba, Tomas Flouri, Benoit Morel.
Latest version: https://github.com/amkozlov/raxml-ng
Questions/problems/suggestions? Please visit: https://groups.google.com/forum/#!forum/raxml

WARNING: This is a BETA release, please use at your own risk!

RAxML-NG was called as follows:

mpi-scheduler --bootstrap --msa ../BenoitDatasets/families/alesim_s20_f50_sites400_d1.0_l0.5_seed42/pargenes/parse_run/results/50_prunedfasta/50_prunedfasta.raxml.rba --blopt nr_safe --model GTR --prefix ../BenoitDatasets/families/alesim_s20_f50_sites400_d1.0_l0.5_seed42/pargenes/mlsearch_run/bootstraps/50_prunedfasta/50_prunedfasta_bs9 --threads 1 --seed 10 --bs-trees 10

Analysis options:
  run mode: Bootstrapping
  start tree(s): 
  bootstrap replicates: 10
  random seed: 10
  tip-inner: ON
  pattern compression: ON
  per-rate scalers: OFF
  site repeats: OFF
  branch lengths: linked (ML estimate, algorithm: NR-SAFE)
  SIMD kernels: AVX2
  parallelization: NONE/sequential

WARNING: The model you specified on the command line (GTR) will be ignored 
         since the binary MSA file already contains a model definition.
         If you want to change the model, please re-run RAxML-NG 
         with the original PHYLIP/FASTA alignment and --redo option.

[00:00:00] Loading binary alignment from file: ../BenoitDatasets/families/alesim_s20_f50_sites400_d1.0_l0.5_seed42/pargenes/parse_run/results/50_prunedfasta/50_prunedfasta.raxml.rba
[00:00:00] Alignment comprises 66 taxa, 1 partitions and 400 patterns

Partition 0: noname
Model: GTR+FO
Alignment sites / patterns: 400 / 400
Gaps: 0.00 %
Invariant sites: 0.00 %


[00:00:00] Data distribution: max. partitions/sites/weight per thread: 1 / 400 / 1600
[00:00:00] Starting bootstrapping analysis with 10 replicates.

[00:00:04] Bootstrap tree #1, logLikelihood: -13590.168174
[00:00:10] Bootstrap tree #2, logLikelihood: -13773.311065
[00:00:16] Bootstrap tree #3, logLikelihood: -13578.042965
[00:00:22] Bootstrap tree #4, logLikelihood: -13392.260628
[00:00:27] Bootstrap tree #5, logLikelihood: -13717.436813
[00:00:32] Bootstrap tree #6, logLikelihood: -13452.698826
[00:00:38] Bootstrap tree #7, logLikelihood: -13359.401382
[00:00:44] Bootstrap tree #8, logLikelihood: -13641.211659
[00:00:48] Bootstrap tree #9, logLikelihood: -13565.353285
[00:00:54] Bootstrap tree #10, logLikelihood: -13343.044750

Optimized model parameters:

   Partition 0: noname
   Rate heterogeneity: NONE
   Base frequencies (ML): 0.259895 0.241799 0.240463 0.257843 
   Substitution rates (ML): 0.857445 0.928574 1.070192 1.065666 0.930582 1.000000 
Bootstrap trees saved to: /home/morelbt/github/BenoitDatasets/families/alesim_s20_f50_sites400_d1.0_l0.5_seed42/pargenes/mlsearch_run/bootstraps/50_prunedfasta/50_prunedfasta_bs9.raxml.bootstraps

Execution log saved to: /home/morelbt/github/BenoitDatasets/families/alesim_s20_f50_sites400_d1.0_l0.5_seed42/pargenes/mlsearch_run/bootstraps/50_prunedfasta/50_prunedfasta_bs9.raxml.log

Analysis started: 11-Dec-2018 15:32:14 / finished: 11-Dec-2018 15:33:08

Elapsed time: 54.041 seconds

