
RAxML-NG v. 0.6.0git BETA released on 27.07.2018 by The Exelixis Lab.
Authors: Alexey Kozlov, Alexandros Stamatakis, Diego Darriba, Tomas Flouri, Benoit Morel.
Latest version: https://github.com/amkozlov/raxml-ng
Questions/problems/suggestions? Please visit: https://groups.google.com/forum/#!forum/raxml

WARNING: This is a BETA release, please use at your own risk!

RAxML-NG was called as follows:

mpi-scheduler --bootstrap --msa ../BenoitDatasets/families/jsim_s8_f100_sites300_d2.0_l1.0_t0.5_seed6/pargenes/parse_run/results/99_pruned_fasta/99_pruned_fasta.raxml.rba --blopt nr_safe --model GTR --prefix ../BenoitDatasets/families/jsim_s8_f100_sites300_d2.0_l1.0_t0.5_seed6/pargenes/mlsearch_run/bootstraps/99_pruned_fasta/99_pruned_fasta_bs2 --threads 1 --seed 3 --bs-trees 10

Analysis options:
  run mode: Bootstrapping
  start tree(s): 
  bootstrap replicates: 10
  random seed: 3
  tip-inner: ON
  pattern compression: ON
  per-rate scalers: OFF
  site repeats: OFF
  branch lengths: linked (ML estimate, algorithm: NR-SAFE)
  SIMD kernels: AVX2
  parallelization: NONE/sequential

WARNING: The model you specified on the command line (GTR) will be ignored 
         since the binary MSA file already contains a model definition.
         If you want to change the model, please re-run RAxML-NG 
         with the original PHYLIP/FASTA alignment and --redo option.

[00:00:00] Loading binary alignment from file: ../BenoitDatasets/families/jsim_s8_f100_sites300_d2.0_l1.0_t0.5_seed6/pargenes/parse_run/results/99_pruned_fasta/99_pruned_fasta.raxml.rba
[00:00:00] Alignment comprises 47 taxa, 1 partitions and 300 patterns

Partition 0: noname
Model: GTR+FO
Alignment sites / patterns: 300 / 300
Gaps: 0.00 %
Invariant sites: 0.00 %


[00:00:00] Data distribution: max. partitions/sites/weight per thread: 1 / 300 / 1200
[00:00:00] Starting bootstrapping analysis with 10 replicates.

[00:00:02] Bootstrap tree #1, logLikelihood: -12270.906733
[00:00:05] Bootstrap tree #2, logLikelihood: -12186.480095
[00:00:08] Bootstrap tree #3, logLikelihood: -12224.636426
[00:00:11] Bootstrap tree #4, logLikelihood: -12209.256278
[00:00:14] Bootstrap tree #5, logLikelihood: -12426.536887
[00:00:16] Bootstrap tree #6, logLikelihood: -12354.908744
[00:00:19] Bootstrap tree #7, logLikelihood: -12229.998426
[00:00:23] Bootstrap tree #8, logLikelihood: -12370.178572
[00:00:25] Bootstrap tree #9, logLikelihood: -12274.821577
[00:00:28] Bootstrap tree #10, logLikelihood: -12162.628385

Optimized model parameters:

   Partition 0: noname
   Rate heterogeneity: NONE
   Base frequencies (ML): 0.231845 0.261655 0.249215 0.257286 
   Substitution rates (ML): 0.920393 0.968947 0.945131 0.882360 0.830872 1.000000 
Bootstrap trees saved to: /home/morelbt/github/BenoitDatasets/families/jsim_s8_f100_sites300_d2.0_l1.0_t0.5_seed6/pargenes/mlsearch_run/bootstraps/99_pruned_fasta/99_pruned_fasta_bs2.raxml.bootstraps

Execution log saved to: /home/morelbt/github/BenoitDatasets/families/jsim_s8_f100_sites300_d2.0_l1.0_t0.5_seed6/pargenes/mlsearch_run/bootstraps/99_pruned_fasta/99_pruned_fasta_bs2.raxml.log

Analysis started: 14-Jan-2019 13:33:58 / finished: 14-Jan-2019 13:34:26

Elapsed time: 28.289 seconds

