
RAxML-NG v. 0.6.0git BETA released on 27.07.2018 by The Exelixis Lab.
Authors: Alexey Kozlov, Alexandros Stamatakis, Diego Darriba, Tomas Flouri, Benoit Morel.
Latest version: https://github.com/amkozlov/raxml-ng
Questions/problems/suggestions? Please visit: https://groups.google.com/forum/#!forum/raxml

WARNING: This is a BETA release, please use at your own risk!

RAxML-NG was called as follows:

mpi-scheduler --bootstrap --msa ../BenoitDatasets/families/jsim_s27_f100_sites1000_d2.0_l1.0_seed6/pargenes/parse_run/results/68_fasta/68_fasta.raxml.rba --blopt nr_safe --model GTR --prefix ../BenoitDatasets/families/jsim_s27_f100_sites1000_d2.0_l1.0_seed6/pargenes/mlsearch_run/bootstraps/68_fasta/68_fasta_bs4 --threads 1 --seed 5 --bs-trees 10

Analysis options:
  run mode: Bootstrapping
  start tree(s): 
  bootstrap replicates: 10
  random seed: 5
  tip-inner: ON
  pattern compression: ON
  per-rate scalers: OFF
  site repeats: OFF
  branch lengths: linked (ML estimate, algorithm: NR-SAFE)
  SIMD kernels: AVX2
  parallelization: NONE/sequential

WARNING: The model you specified on the command line (GTR) will be ignored 
         since the binary MSA file already contains a model definition.
         If you want to change the model, please re-run RAxML-NG 
         with the original PHYLIP/FASTA alignment and --redo option.

[00:00:00] Loading binary alignment from file: ../BenoitDatasets/families/jsim_s27_f100_sites1000_d2.0_l1.0_seed6/pargenes/parse_run/results/68_fasta/68_fasta.raxml.rba
[00:00:00] Alignment comprises 51 taxa, 1 partitions and 1000 patterns

Partition 0: noname
Model: GTR+FO
Alignment sites / patterns: 1000 / 1000
Gaps: 0.00 %
Invariant sites: 0.00 %


[00:00:00] Data distribution: max. partitions/sites/weight per thread: 1 / 1000 / 4000
[00:00:00] Starting bootstrapping analysis with 10 replicates.

[00:00:14] Bootstrap tree #1, logLikelihood: -49385.420974
[00:00:27] Bootstrap tree #2, logLikelihood: -49236.184980
[00:00:40] Bootstrap tree #3, logLikelihood: -49463.784172
[00:00:50] Bootstrap tree #4, logLikelihood: -49723.309513
[00:01:04] Bootstrap tree #5, logLikelihood: -49489.891688
[00:01:16] Bootstrap tree #6, logLikelihood: -49700.597518
[00:01:28] Bootstrap tree #7, logLikelihood: -49462.387483
[00:01:39] Bootstrap tree #8, logLikelihood: -49863.036818
[00:01:59] Bootstrap tree #9, logLikelihood: -49430.995601
[00:02:12] Bootstrap tree #10, logLikelihood: -49946.175063

Optimized model parameters:

   Partition 0: noname
   Rate heterogeneity: NONE
   Base frequencies (ML): 0.254013 0.239900 0.256948 0.249140 
   Substitution rates (ML): 1.077109 1.084927 1.084530 0.971006 1.085013 1.000000 
Bootstrap trees saved to: /home/morelbt/github/BenoitDatasets/families/jsim_s27_f100_sites1000_d2.0_l1.0_seed6/pargenes/mlsearch_run/bootstraps/68_fasta/68_fasta_bs4.raxml.bootstraps

Execution log saved to: /home/morelbt/github/BenoitDatasets/families/jsim_s27_f100_sites1000_d2.0_l1.0_seed6/pargenes/mlsearch_run/bootstraps/68_fasta/68_fasta_bs4.raxml.log

Analysis started: 07-Dec-2018 15:42:11 / finished: 07-Dec-2018 15:44:24

Elapsed time: 132.115 seconds

