
RAxML-NG v. 0.6.0git BETA released on 27.07.2018 by The Exelixis Lab.
Authors: Alexey Kozlov, Alexandros Stamatakis, Diego Darriba, Tomas Flouri, Benoit Morel.
Latest version: https://github.com/amkozlov/raxml-ng
Questions/problems/suggestions? Please visit: https://groups.google.com/forum/#!forum/raxml

WARNING: This is a BETA release, please use at your own risk!

RAxML-NG was called as follows:

mpi-scheduler --bootstrap --msa ../BenoitDatasets/families/alesim_s30_f50_sites200_d2.0_l1.0_seed42/pargenes/parse_run/results/29_prunedfasta/29_prunedfasta.raxml.rba --blopt nr_safe --model GTR --prefix ../BenoitDatasets/families/alesim_s30_f50_sites200_d2.0_l1.0_seed42/pargenes/mlsearch_run/bootstraps/29_prunedfasta/29_prunedfasta_bs0 --threads 1 --seed 1 --bs-trees 10

Analysis options:
  run mode: Bootstrapping
  start tree(s): 
  bootstrap replicates: 10
  random seed: 1
  tip-inner: ON
  pattern compression: ON
  per-rate scalers: OFF
  site repeats: OFF
  branch lengths: linked (ML estimate, algorithm: NR-SAFE)
  SIMD kernels: AVX2
  parallelization: NONE/sequential

WARNING: The model you specified on the command line (GTR) will be ignored 
         since the binary MSA file already contains a model definition.
         If you want to change the model, please re-run RAxML-NG 
         with the original PHYLIP/FASTA alignment and --redo option.

[00:00:00] Loading binary alignment from file: ../BenoitDatasets/families/alesim_s30_f50_sites200_d2.0_l1.0_seed42/pargenes/parse_run/results/29_prunedfasta/29_prunedfasta.raxml.rba
[00:00:00] Alignment comprises 177 taxa, 1 partitions and 200 patterns

Partition 0: noname
Model: GTR+FO
Alignment sites / patterns: 200 / 200
Gaps: 0.00 %
Invariant sites: 0.00 %


[00:00:00] Data distribution: max. partitions/sites/weight per thread: 1 / 200 / 800
[00:00:00] Starting bootstrapping analysis with 10 replicates.

[00:00:11] Bootstrap tree #1, logLikelihood: -11549.279950
[00:00:27] Bootstrap tree #2, logLikelihood: -11274.424265
[00:00:42] Bootstrap tree #3, logLikelihood: -11943.627020
[00:00:53] Bootstrap tree #4, logLikelihood: -11666.570564
[00:01:04] Bootstrap tree #5, logLikelihood: -11529.070233
[00:01:16] Bootstrap tree #6, logLikelihood: -11565.989925
[00:01:30] Bootstrap tree #7, logLikelihood: -11860.985348
[00:01:41] Bootstrap tree #8, logLikelihood: -11480.554676
[00:01:52] Bootstrap tree #9, logLikelihood: -11877.368854
[00:02:11] Bootstrap tree #10, logLikelihood: -11462.342150

Optimized model parameters:

   Partition 0: noname
   Rate heterogeneity: NONE
   Base frequencies (ML): 0.280287 0.236326 0.222540 0.260847 
   Substitution rates (ML): 0.862393 0.941905 0.983052 1.048460 0.780878 1.000000 
Bootstrap trees saved to: /home/morelbt/github/BenoitDatasets/families/alesim_s30_f50_sites200_d2.0_l1.0_seed42/pargenes/mlsearch_run/bootstraps/29_prunedfasta/29_prunedfasta_bs0.raxml.bootstraps

Execution log saved to: /home/morelbt/github/BenoitDatasets/families/alesim_s30_f50_sites200_d2.0_l1.0_seed42/pargenes/mlsearch_run/bootstraps/29_prunedfasta/29_prunedfasta_bs0.raxml.log

Analysis started: 11-Dec-2018 20:52:17 / finished: 11-Dec-2018 20:54:29

Elapsed time: 131.927 seconds

