
RAxML-NG v. 0.6.0git BETA released on 27.07.2018 by The Exelixis Lab.
Authors: Alexey Kozlov, Alexandros Stamatakis, Diego Darriba, Tomas Flouri, Benoit Morel.
Latest version: https://github.com/amkozlov/raxml-ng
Questions/problems/suggestions? Please visit: https://groups.google.com/forum/#!forum/raxml

WARNING: This is a BETA release, please use at your own risk!

RAxML-NG was called as follows:

mpi-scheduler --bootstrap --msa ../BenoitDatasets/families/jsim_s27_f100_sites200_d2.0_l1.0_seed6/pargenes/parse_run/results/14_fasta/14_fasta.raxml.rba --blopt nr_safe --model GTR --prefix ../BenoitDatasets/families/jsim_s27_f100_sites200_d2.0_l1.0_seed6/pargenes/mlsearch_run/bootstraps/14_fasta/14_fasta_bs7 --threads 1 --seed 8 --bs-trees 10

Analysis options:
  run mode: Bootstrapping
  start tree(s): 
  bootstrap replicates: 10
  random seed: 8
  tip-inner: ON
  pattern compression: ON
  per-rate scalers: OFF
  site repeats: OFF
  branch lengths: linked (ML estimate, algorithm: NR-SAFE)
  SIMD kernels: AVX2
  parallelization: NONE/sequential

WARNING: The model you specified on the command line (GTR) will be ignored 
         since the binary MSA file already contains a model definition.
         If you want to change the model, please re-run RAxML-NG 
         with the original PHYLIP/FASTA alignment and --redo option.

[00:00:00] Loading binary alignment from file: ../BenoitDatasets/families/jsim_s27_f100_sites200_d2.0_l1.0_seed6/pargenes/parse_run/results/14_fasta/14_fasta.raxml.rba
[00:00:00] Alignment comprises 5 taxa, 1 partitions and 170 patterns

Partition 0: noname
Model: GTR+FO
Alignment sites / patterns: 200 / 170
Gaps: 0.00 %
Invariant sites: 1.50 %


[00:00:00] Data distribution: max. partitions/sites/weight per thread: 1 / 170 / 680
[00:00:00] Starting bootstrapping analysis with 10 replicates.

[00:00:00] Bootstrap tree #1, logLikelihood: -1328.024721
[00:00:00] Bootstrap tree #2, logLikelihood: -1343.572885
[00:00:00] Bootstrap tree #3, logLikelihood: -1335.347988
[00:00:00] Bootstrap tree #4, logLikelihood: -1324.544112
[00:00:00] Bootstrap tree #5, logLikelihood: -1334.918385
[00:00:00] Bootstrap tree #6, logLikelihood: -1320.117744
[00:00:00] Bootstrap tree #7, logLikelihood: -1337.717006
[00:00:00] Bootstrap tree #8, logLikelihood: -1327.195017
[00:00:00] Bootstrap tree #9, logLikelihood: -1330.929713
[00:00:00] Bootstrap tree #10, logLikelihood: -1330.098972

Optimized model parameters:

   Partition 0: noname
   Rate heterogeneity: NONE
   Base frequencies (ML): 0.212992 0.262056 0.261722 0.263230 
   Substitution rates (ML): 0.860045 1.200533 0.729610 2.614674 0.458212 1.000000 
Bootstrap trees saved to: /home/morelbt/github/BenoitDatasets/families/jsim_s27_f100_sites200_d2.0_l1.0_seed6/pargenes/mlsearch_run/bootstraps/14_fasta/14_fasta_bs7.raxml.bootstraps

Execution log saved to: /home/morelbt/github/BenoitDatasets/families/jsim_s27_f100_sites200_d2.0_l1.0_seed6/pargenes/mlsearch_run/bootstraps/14_fasta/14_fasta_bs7.raxml.log

Analysis started: 07-Dec-2018 15:27:56 / finished: 07-Dec-2018 15:27:56

Elapsed time: 0.264 seconds

