
RAxML-NG v. 0.6.0git BETA released on 27.07.2018 by The Exelixis Lab.
Authors: Alexey Kozlov, Alexandros Stamatakis, Diego Darriba, Tomas Flouri, Benoit Morel.
Latest version: https://github.com/amkozlov/raxml-ng
Questions/problems/suggestions? Please visit: https://groups.google.com/forum/#!forum/raxml

WARNING: This is a BETA release, please use at your own risk!

RAxML-NG was called as follows:

mpi-scheduler --msa ../BenoitDatasets/families/jsim_s27_f100_sites200_d0.2_l0.1_seed6/pargenes/parse_run/results/80_fasta/80_fasta.raxml.rba --blopt nr_safe --model GTR --prefix ../BenoitDatasets/families/jsim_s27_f100_sites200_d0.2_l0.1_seed6/pargenes/mlsearch_run/results/80_fasta/80_fasta --threads 1 --seed 1

Analysis options:
  run mode: ML tree search
  start tree(s): random (1)
  random seed: 1
  tip-inner: ON
  pattern compression: ON
  per-rate scalers: OFF
  site repeats: OFF
  fast spr radius: AUTO
  spr subtree cutoff: 1.000000
  branch lengths: linked (ML estimate, algorithm: NR-SAFE)
  SIMD kernels: AVX2
  parallelization: NONE/sequential

WARNING: The model you specified on the command line (GTR) will be ignored 
         since the binary MSA file already contains a model definition.
         If you want to change the model, please re-run RAxML-NG 
         with the original PHYLIP/FASTA alignment and --redo option.

[00:00:00] Loading binary alignment from file: ../BenoitDatasets/families/jsim_s27_f100_sites200_d0.2_l0.1_seed6/pargenes/parse_run/results/80_fasta/80_fasta.raxml.rba
[00:00:00] Alignment comprises 16 taxa, 1 partitions and 200 patterns

Partition 0: noname
Model: GTR+FO
Alignment sites / patterns: 200 / 200
Gaps: 0.00 %
Invariant sites: 0.00 %


[00:00:00] Generating 1 random starting tree(s) with 16 taxa
[00:00:00] Data distribution: max. partitions/sites/weight per thread: 1 / 200 / 800

Starting ML tree search with 1 distinct starting trees

[00:00:00 -5075.909633] Initial branch length optimization
[00:00:00 -4094.199030] Model parameter optimization (eps = 10.000000)
[00:00:00 -4087.129306] AUTODETECT spr round 1 (radius: 5)
[00:00:00 -3773.794173] AUTODETECT spr round 2 (radius: 10)
[00:00:00 -3773.766992] SPR radius for FAST iterations: 5 (autodetect)
[00:00:00 -3773.766992] Model parameter optimization (eps = 3.000000)
[00:00:00 -3772.208108] FAST spr round 1 (radius: 5)
[00:00:00 -3744.673472] FAST spr round 2 (radius: 5)
[00:00:00 -3742.809941] FAST spr round 3 (radius: 5)
[00:00:00 -3742.744687] Model parameter optimization (eps = 1.000000)
[00:00:00 -3742.193394] SLOW spr round 1 (radius: 5)
[00:00:00 -3742.123487] SLOW spr round 2 (radius: 10)
[00:00:00 -3742.119682] SLOW spr round 3 (radius: 15)
[00:00:00 -3742.118865] Model parameter optimization (eps = 0.100000)

[00:00:00] ML tree search #1, logLikelihood: -3742.108019


Optimized model parameters:

   Partition 0: noname
   Rate heterogeneity: NONE
   Base frequencies (ML): 0.247050 0.266397 0.229208 0.257345 
   Substitution rates (ML): 0.779415 1.015724 0.926936 0.899509 0.870647 1.000000 

Final LogLikelihood: -3742.108019

Best ML tree saved to: /home/morelbt/github/BenoitDatasets/families/jsim_s27_f100_sites200_d0.2_l0.1_seed6/pargenes/mlsearch_run/results/80_fasta/80_fasta.raxml.bestTree
Optimized model saved to: /home/morelbt/github/BenoitDatasets/families/jsim_s27_f100_sites200_d0.2_l0.1_seed6/pargenes/mlsearch_run/results/80_fasta/80_fasta.raxml.bestModel

Execution log saved to: /home/morelbt/github/BenoitDatasets/families/jsim_s27_f100_sites200_d0.2_l0.1_seed6/pargenes/mlsearch_run/results/80_fasta/80_fasta.raxml.log

Analysis started: 07-Dec-2018 16:06:19 / finished: 07-Dec-2018 16:06:19

Elapsed time: 0.487 seconds

