
RAxML-NG v. 0.6.0git BETA released on 27.07.2018 by The Exelixis Lab.
Authors: Alexey Kozlov, Alexandros Stamatakis, Diego Darriba, Tomas Flouri, Benoit Morel.
Latest version: https://github.com/amkozlov/raxml-ng
Questions/problems/suggestions? Please visit: https://groups.google.com/forum/#!forum/raxml

WARNING: This is a BETA release, please use at your own risk!

RAxML-NG was called as follows:

mpi-scheduler --msa ../BenoitDatasets/families/jsim_s27_f100_sites200_d6.0_l3.0_seed6/pargenes/parse_run/results/11_fasta/11_fasta.raxml.rba --blopt nr_safe --model GTR --prefix ../BenoitDatasets/families/jsim_s27_f100_sites200_d6.0_l3.0_seed6/pargenes/mlsearch_run/results/11_fasta/11_fasta --threads 1 --seed 1

Analysis options:
  run mode: ML tree search
  start tree(s): random (1)
  random seed: 1
  tip-inner: ON
  pattern compression: ON
  per-rate scalers: OFF
  site repeats: OFF
  fast spr radius: AUTO
  spr subtree cutoff: 1.000000
  branch lengths: linked (ML estimate, algorithm: NR-SAFE)
  SIMD kernels: AVX2
  parallelization: NONE/sequential

WARNING: The model you specified on the command line (GTR) will be ignored 
         since the binary MSA file already contains a model definition.
         If you want to change the model, please re-run RAxML-NG 
         with the original PHYLIP/FASTA alignment and --redo option.

[00:00:00] Loading binary alignment from file: ../BenoitDatasets/families/jsim_s27_f100_sites200_d6.0_l3.0_seed6/pargenes/parse_run/results/11_fasta/11_fasta.raxml.rba
[00:00:00] Alignment comprises 5 taxa, 1 partitions and 34 patterns

Partition 0: noname
Model: GTR+FO
Alignment sites / patterns: 200 / 34
Gaps: 0.00 %
Invariant sites: 2.00 %


[00:00:00] Generating 1 random starting tree(s) with 5 taxa
[00:00:00] Data distribution: max. partitions/sites/weight per thread: 1 / 34 / 136

Starting ML tree search with 1 distinct starting trees

[00:00:00 -801.620111] Initial branch length optimization
[00:00:00 -634.659964] Model parameter optimization (eps = 10.000000)
[00:00:00 -632.112894] AUTODETECT spr round 1 (radius: 5)
[00:00:00 -630.850738] SPR radius for FAST iterations: 5 (autodetect)
[00:00:00 -630.850738] Model parameter optimization (eps = 3.000000)
[00:00:00 -630.704267] FAST spr round 1 (radius: 5)
[00:00:00 -630.696788] Model parameter optimization (eps = 1.000000)
[00:00:00 -630.693270] SLOW spr round 1 (radius: 5)
[00:00:00 -630.692954] Model parameter optimization (eps = 0.100000)

[00:00:00] ML tree search #1, logLikelihood: -630.692913


Optimized model parameters:

   Partition 0: noname
   Rate heterogeneity: NONE
   Base frequencies (ML): 0.257599 0.242448 0.260879 0.239074 
   Substitution rates (ML): 0.620879 0.850532 1.306609 0.761368 0.980376 1.000000 

Final LogLikelihood: -630.692913

Best ML tree saved to: /home/morelbt/github/BenoitDatasets/families/jsim_s27_f100_sites200_d6.0_l3.0_seed6/pargenes/mlsearch_run/results/11_fasta/11_fasta.raxml.bestTree
Optimized model saved to: /home/morelbt/github/BenoitDatasets/families/jsim_s27_f100_sites200_d6.0_l3.0_seed6/pargenes/mlsearch_run/results/11_fasta/11_fasta.raxml.bestModel

Execution log saved to: /home/morelbt/github/BenoitDatasets/families/jsim_s27_f100_sites200_d6.0_l3.0_seed6/pargenes/mlsearch_run/results/11_fasta/11_fasta.raxml.log

Analysis started: 07-Dec-2018 15:33:05 / finished: 07-Dec-2018 15:33:05

Elapsed time: 0.009 seconds

