
RAxML-NG v. 0.6.0git BETA released on 27.07.2018 by The Exelixis Lab.
Authors: Alexey Kozlov, Alexandros Stamatakis, Diego Darriba, Tomas Flouri, Benoit Morel.
Latest version: https://github.com/amkozlov/raxml-ng
Questions/problems/suggestions? Please visit: https://groups.google.com/forum/#!forum/raxml

WARNING: This is a BETA release, please use at your own risk!

RAxML-NG was called as follows:

mpi-scheduler --bootstrap --msa ../BenoitDatasets/families/jsim_s27_f100_sites200_d6.0_l3.0_seed6/pargenes/parse_run/results/9_fasta/9_fasta.raxml.rba --blopt nr_safe --model GTR --prefix ../BenoitDatasets/families/jsim_s27_f100_sites200_d6.0_l3.0_seed6/pargenes/mlsearch_run/bootstraps/9_fasta/9_fasta_bs1 --threads 1 --seed 2 --bs-trees 10

Analysis options:
  run mode: Bootstrapping
  start tree(s): 
  bootstrap replicates: 10
  random seed: 2
  tip-inner: ON
  pattern compression: ON
  per-rate scalers: OFF
  site repeats: OFF
  branch lengths: linked (ML estimate, algorithm: NR-SAFE)
  SIMD kernels: AVX2
  parallelization: NONE/sequential

WARNING: The model you specified on the command line (GTR) will be ignored 
         since the binary MSA file already contains a model definition.
         If you want to change the model, please re-run RAxML-NG 
         with the original PHYLIP/FASTA alignment and --redo option.

[00:00:00] Loading binary alignment from file: ../BenoitDatasets/families/jsim_s27_f100_sites200_d6.0_l3.0_seed6/pargenes/parse_run/results/9_fasta/9_fasta.raxml.rba
[00:00:00] Alignment comprises 10 taxa, 1 partitions and 154 patterns

Partition 0: noname
Model: GTR+FO
Alignment sites / patterns: 200 / 154
Gaps: 0.00 %
Invariant sites: 2.00 %


[00:00:00] Data distribution: max. partitions/sites/weight per thread: 1 / 154 / 616
[00:00:00] Starting bootstrapping analysis with 10 replicates.

[00:00:00] Bootstrap tree #1, logLikelihood: -1491.353953
[00:00:00] Bootstrap tree #2, logLikelihood: -1430.917161
[00:00:00] Bootstrap tree #3, logLikelihood: -1490.945491
[00:00:00] Bootstrap tree #4, logLikelihood: -1410.044297
[00:00:00] Bootstrap tree #5, logLikelihood: -1450.431066
[00:00:00] Bootstrap tree #6, logLikelihood: -1464.846127
[00:00:00] Bootstrap tree #7, logLikelihood: -1444.292550
[00:00:00] Bootstrap tree #8, logLikelihood: -1434.357861
[00:00:00] Bootstrap tree #9, logLikelihood: -1469.780032
[00:00:00] Bootstrap tree #10, logLikelihood: -1443.016974

Optimized model parameters:

   Partition 0: noname
   Rate heterogeneity: NONE
   Base frequencies (ML): 0.245800 0.228820 0.268926 0.256453 
   Substitution rates (ML): 1.827861 1.427195 0.997483 1.056694 1.098067 1.000000 
Bootstrap trees saved to: /home/morelbt/github/BenoitDatasets/families/jsim_s27_f100_sites200_d6.0_l3.0_seed6/pargenes/mlsearch_run/bootstraps/9_fasta/9_fasta_bs1.raxml.bootstraps

Execution log saved to: /home/morelbt/github/BenoitDatasets/families/jsim_s27_f100_sites200_d6.0_l3.0_seed6/pargenes/mlsearch_run/bootstraps/9_fasta/9_fasta_bs1.raxml.log

Analysis started: 07-Dec-2018 15:32:57 / finished: 07-Dec-2018 15:32:58

Elapsed time: 0.777 seconds

