
RAxML-NG v. 0.6.0git BETA released on 27.07.2018 by The Exelixis Lab.
Authors: Alexey Kozlov, Alexandros Stamatakis, Diego Darriba, Tomas Flouri, Benoit Morel.
Latest version: https://github.com/amkozlov/raxml-ng
Questions/problems/suggestions? Please visit: https://groups.google.com/forum/#!forum/raxml

WARNING: This is a BETA release, please use at your own risk!

RAxML-NG was called as follows:

mpi-scheduler --bootstrap --msa ../BenoitDatasets/families/alesim_s20_f50_sites400_d1.0_l0.5_t0.5_seed42/pargenes/parse_run/results/20_pruned_fasta/20_pruned_fasta.raxml.rba --blopt nr_safe --model GTR --prefix ../BenoitDatasets/families/alesim_s20_f50_sites400_d1.0_l0.5_t0.5_seed42/pargenes/mlsearch_run/bootstraps/20_pruned_fasta/20_pruned_fasta_bs7 --threads 1 --seed 8 --bs-trees 10

Analysis options:
  run mode: Bootstrapping
  start tree(s): 
  bootstrap replicates: 10
  random seed: 8
  tip-inner: ON
  pattern compression: ON
  per-rate scalers: OFF
  site repeats: OFF
  branch lengths: linked (ML estimate, algorithm: NR-SAFE)
  SIMD kernels: AVX2
  parallelization: NONE/sequential

WARNING: The model you specified on the command line (GTR) will be ignored 
         since the binary MSA file already contains a model definition.
         If you want to change the model, please re-run RAxML-NG 
         with the original PHYLIP/FASTA alignment and --redo option.

[00:00:00] Loading binary alignment from file: ../BenoitDatasets/families/alesim_s20_f50_sites400_d1.0_l0.5_t0.5_seed42/pargenes/parse_run/results/20_pruned_fasta/20_pruned_fasta.raxml.rba
[00:00:00] Alignment comprises 44 taxa, 1 partitions and 400 patterns

Partition 0: noname
Model: GTR+FO
Alignment sites / patterns: 400 / 400
Gaps: 0.00 %
Invariant sites: 0.00 %


[00:00:00] Data distribution: max. partitions/sites/weight per thread: 1 / 400 / 1600
[00:00:00] Starting bootstrapping analysis with 10 replicates.

[00:00:03] Bootstrap tree #1, logLikelihood: -8542.993653
[00:00:06] Bootstrap tree #2, logLikelihood: -8502.456318
[00:00:10] Bootstrap tree #3, logLikelihood: -8591.671892
[00:00:13] Bootstrap tree #4, logLikelihood: -8301.723058
[00:00:15] Bootstrap tree #5, logLikelihood: -8445.939950
[00:00:18] Bootstrap tree #6, logLikelihood: -8495.855966
[00:00:20] Bootstrap tree #7, logLikelihood: -8408.209122
[00:00:23] Bootstrap tree #8, logLikelihood: -8554.021686
[00:00:26] Bootstrap tree #9, logLikelihood: -8457.418623
[00:00:28] Bootstrap tree #10, logLikelihood: -8346.406164

Optimized model parameters:

   Partition 0: noname
   Rate heterogeneity: NONE
   Base frequencies (ML): 0.245861 0.244643 0.259682 0.249814 
   Substitution rates (ML): 0.740843 0.763508 0.958748 0.880970 0.865640 1.000000 
Bootstrap trees saved to: /home/morelbt/github/BenoitDatasets/families/alesim_s20_f50_sites400_d1.0_l0.5_t0.5_seed42/pargenes/mlsearch_run/bootstraps/20_pruned_fasta/20_pruned_fasta_bs7.raxml.bootstraps

Execution log saved to: /home/morelbt/github/BenoitDatasets/families/alesim_s20_f50_sites400_d1.0_l0.5_t0.5_seed42/pargenes/mlsearch_run/bootstraps/20_pruned_fasta/20_pruned_fasta_bs7.raxml.log

Analysis started: 22-Jan-2019 14:45:05 / finished: 22-Jan-2019 14:45:33

Elapsed time: 28.520 seconds

