
RAxML-NG v. 0.6.0git BETA released on 27.07.2018 by The Exelixis Lab.
Authors: Alexey Kozlov, Alexandros Stamatakis, Diego Darriba, Tomas Flouri, Benoit Morel.
Latest version: https://github.com/amkozlov/raxml-ng
Questions/problems/suggestions? Please visit: https://groups.google.com/forum/#!forum/raxml

WARNING: This is a BETA release, please use at your own risk!

RAxML-NG was called as follows:

mpi-scheduler --bootstrap --msa ../BenoitDatasets/families/alesim_s20_f50_sites400_d1.0_l0.5_t0.5_seed42/pargenes/parse_run/results/20_pruned_fasta/20_pruned_fasta.raxml.rba --blopt nr_safe --model GTR --prefix ../BenoitDatasets/families/alesim_s20_f50_sites400_d1.0_l0.5_t0.5_seed42/pargenes/mlsearch_run/bootstraps/20_pruned_fasta/20_pruned_fasta_bs9 --threads 1 --seed 10 --bs-trees 10

Analysis options:
  run mode: Bootstrapping
  start tree(s): 
  bootstrap replicates: 10
  random seed: 10
  tip-inner: ON
  pattern compression: ON
  per-rate scalers: OFF
  site repeats: OFF
  branch lengths: linked (ML estimate, algorithm: NR-SAFE)
  SIMD kernels: AVX2
  parallelization: NONE/sequential

WARNING: The model you specified on the command line (GTR) will be ignored 
         since the binary MSA file already contains a model definition.
         If you want to change the model, please re-run RAxML-NG 
         with the original PHYLIP/FASTA alignment and --redo option.

[00:00:00] Loading binary alignment from file: ../BenoitDatasets/families/alesim_s20_f50_sites400_d1.0_l0.5_t0.5_seed42/pargenes/parse_run/results/20_pruned_fasta/20_pruned_fasta.raxml.rba
[00:00:00] Alignment comprises 44 taxa, 1 partitions and 400 patterns

Partition 0: noname
Model: GTR+FO
Alignment sites / patterns: 400 / 400
Gaps: 0.00 %
Invariant sites: 0.00 %


[00:00:00] Data distribution: max. partitions/sites/weight per thread: 1 / 400 / 1600
[00:00:00] Starting bootstrapping analysis with 10 replicates.

[00:00:02] Bootstrap tree #1, logLikelihood: -8125.368279
[00:00:05] Bootstrap tree #2, logLikelihood: -8412.828834
[00:00:07] Bootstrap tree #3, logLikelihood: -8379.664182
[00:00:10] Bootstrap tree #4, logLikelihood: -8541.771462
[00:00:12] Bootstrap tree #5, logLikelihood: -8392.760976
[00:00:15] Bootstrap tree #6, logLikelihood: -8505.851936
[00:00:17] Bootstrap tree #7, logLikelihood: -8167.266928
[00:00:20] Bootstrap tree #8, logLikelihood: -8451.646483
[00:00:23] Bootstrap tree #9, logLikelihood: -8394.904343
[00:00:25] Bootstrap tree #10, logLikelihood: -8249.957493

Optimized model parameters:

   Partition 0: noname
   Rate heterogeneity: NONE
   Base frequencies (ML): 0.236971 0.237429 0.269681 0.255919 
   Substitution rates (ML): 0.957570 1.065063 0.948709 0.879248 1.019702 1.000000 
Bootstrap trees saved to: /home/morelbt/github/BenoitDatasets/families/alesim_s20_f50_sites400_d1.0_l0.5_t0.5_seed42/pargenes/mlsearch_run/bootstraps/20_pruned_fasta/20_pruned_fasta_bs9.raxml.bootstraps

Execution log saved to: /home/morelbt/github/BenoitDatasets/families/alesim_s20_f50_sites400_d1.0_l0.5_t0.5_seed42/pargenes/mlsearch_run/bootstraps/20_pruned_fasta/20_pruned_fasta_bs9.raxml.log

Analysis started: 22-Jan-2019 14:45:02 / finished: 22-Jan-2019 14:45:27

Elapsed time: 25.552 seconds

