
RAxML-NG v. 0.6.0git BETA released on 27.07.2018 by The Exelixis Lab.
Authors: Alexey Kozlov, Alexandros Stamatakis, Diego Darriba, Tomas Flouri, Benoit Morel.
Latest version: https://github.com/amkozlov/raxml-ng
Questions/problems/suggestions? Please visit: https://groups.google.com/forum/#!forum/raxml

WARNING: This is a BETA release, please use at your own risk!

RAxML-NG was called as follows:

mpi-scheduler --msa ../BenoitDatasets/families/jsim_s8_f100_sites300_d2.0_l1.0_t0.5_seed6/pargenes/parse_run/results/37_pruned_fasta/37_pruned_fasta.raxml.rba --blopt nr_safe --model GTR --prefix ../BenoitDatasets/families/jsim_s8_f100_sites300_d2.0_l1.0_t0.5_seed6/pargenes/mlsearch_run/results/37_pruned_fasta/37_pruned_fasta --threads 1 --seed 1

Analysis options:
  run mode: ML tree search
  start tree(s): random (1)
  random seed: 1
  tip-inner: ON
  pattern compression: ON
  per-rate scalers: OFF
  site repeats: OFF
  fast spr radius: AUTO
  spr subtree cutoff: 1.000000
  branch lengths: linked (ML estimate, algorithm: NR-SAFE)
  SIMD kernels: AVX2
  parallelization: NONE/sequential

WARNING: The model you specified on the command line (GTR) will be ignored 
         since the binary MSA file already contains a model definition.
         If you want to change the model, please re-run RAxML-NG 
         with the original PHYLIP/FASTA alignment and --redo option.

[00:00:00] Loading binary alignment from file: ../BenoitDatasets/families/jsim_s8_f100_sites300_d2.0_l1.0_t0.5_seed6/pargenes/parse_run/results/37_pruned_fasta/37_pruned_fasta.raxml.rba
[00:00:00] Alignment comprises 13 taxa, 1 partitions and 285 patterns

Partition 0: noname
Model: GTR+FO
Alignment sites / patterns: 300 / 285
Gaps: 0.00 %
Invariant sites: 0.67 %


[00:00:00] Generating 1 random starting tree(s) with 13 taxa
[00:00:00] Data distribution: max. partitions/sites/weight per thread: 1 / 285 / 1140

Starting ML tree search with 1 distinct starting trees

[00:00:00 -5557.046522] Initial branch length optimization
[00:00:00 -4152.496943] Model parameter optimization (eps = 10.000000)
[00:00:00 -4134.118893] AUTODETECT spr round 1 (radius: 5)
[00:00:00 -3343.274208] AUTODETECT spr round 2 (radius: 10)
[00:00:00 -3343.249951] SPR radius for FAST iterations: 5 (autodetect)
[00:00:00 -3343.249951] Model parameter optimization (eps = 3.000000)
[00:00:00 -3335.243484] FAST spr round 1 (radius: 5)
[00:00:00 -3332.351078] FAST spr round 2 (radius: 5)
[00:00:00 -3331.530020] FAST spr round 3 (radius: 5)
[00:00:00 -3331.528409] Model parameter optimization (eps = 1.000000)
[00:00:00 -3331.495829] SLOW spr round 1 (radius: 5)
[00:00:00 -3331.493944] SLOW spr round 2 (radius: 10)
[00:00:00 -3331.492391] Model parameter optimization (eps = 0.100000)

[00:00:00] ML tree search #1, logLikelihood: -3331.491229


Optimized model parameters:

   Partition 0: noname
   Rate heterogeneity: NONE
   Base frequencies (ML): 0.238533 0.264151 0.246832 0.250484 
   Substitution rates (ML): 1.110240 1.507301 1.098037 1.206274 1.154312 1.000000 

Final LogLikelihood: -3331.491229

Best ML tree saved to: /home/morelbt/github/BenoitDatasets/families/jsim_s8_f100_sites300_d2.0_l1.0_t0.5_seed6/pargenes/mlsearch_run/results/37_pruned_fasta/37_pruned_fasta.raxml.bestTree
Optimized model saved to: /home/morelbt/github/BenoitDatasets/families/jsim_s8_f100_sites300_d2.0_l1.0_t0.5_seed6/pargenes/mlsearch_run/results/37_pruned_fasta/37_pruned_fasta.raxml.bestModel

Execution log saved to: /home/morelbt/github/BenoitDatasets/families/jsim_s8_f100_sites300_d2.0_l1.0_t0.5_seed6/pargenes/mlsearch_run/results/37_pruned_fasta/37_pruned_fasta.raxml.log

Analysis started: 14-Jan-2019 13:37:49 / finished: 14-Jan-2019 13:37:49

Elapsed time: 0.423 seconds

