
RAxML-NG v. 0.6.0git BETA released on 27.07.2018 by The Exelixis Lab.
Authors: Alexey Kozlov, Alexandros Stamatakis, Diego Darriba, Tomas Flouri, Benoit Morel.
Latest version: https://github.com/amkozlov/raxml-ng
Questions/problems/suggestions? Please visit: https://groups.google.com/forum/#!forum/raxml

WARNING: This is a BETA release, please use at your own risk!

RAxML-NG was called as follows:

mpi-scheduler --bootstrap --msa ../BenoitDatasets/families/alesim_s20_f50_sites400_d1.0_l0.5_t0.5_seed42/pargenes/parse_run/results/36_pruned_fasta/36_pruned_fasta.raxml.rba --blopt nr_safe --model GTR --prefix ../BenoitDatasets/families/alesim_s20_f50_sites400_d1.0_l0.5_t0.5_seed42/pargenes/mlsearch_run/bootstraps/36_pruned_fasta/36_pruned_fasta_bs9 --threads 1 --seed 10 --bs-trees 10

Analysis options:
  run mode: Bootstrapping
  start tree(s): 
  bootstrap replicates: 10
  random seed: 10
  tip-inner: ON
  pattern compression: ON
  per-rate scalers: OFF
  site repeats: OFF
  branch lengths: linked (ML estimate, algorithm: NR-SAFE)
  SIMD kernels: AVX2
  parallelization: NONE/sequential

WARNING: The model you specified on the command line (GTR) will be ignored 
         since the binary MSA file already contains a model definition.
         If you want to change the model, please re-run RAxML-NG 
         with the original PHYLIP/FASTA alignment and --redo option.

[00:00:00] Loading binary alignment from file: ../BenoitDatasets/families/alesim_s20_f50_sites400_d1.0_l0.5_t0.5_seed42/pargenes/parse_run/results/36_pruned_fasta/36_pruned_fasta.raxml.rba
[00:00:00] Alignment comprises 4 taxa, 1 partitions and 61 patterns

Partition 0: noname
Model: GTR+FO
Alignment sites / patterns: 400 / 61
Gaps: 0.00 %
Invariant sites: 1.00 %


[00:00:00] Data distribution: max. partitions/sites/weight per thread: 1 / 61 / 244
[00:00:00] Starting bootstrapping analysis with 10 replicates.

[00:00:00] Bootstrap tree #1, logLikelihood: -1132.635551
[00:00:00] Bootstrap tree #2, logLikelihood: -1192.410800
[00:00:00] Bootstrap tree #3, logLikelihood: -1152.609247
[00:00:00] Bootstrap tree #4, logLikelihood: -1174.286855
[00:00:00] Bootstrap tree #5, logLikelihood: -1191.001111
[00:00:00] Bootstrap tree #6, logLikelihood: -1118.294053
[00:00:00] Bootstrap tree #7, logLikelihood: -1151.583640
[00:00:00] Bootstrap tree #8, logLikelihood: -1136.437192
[00:00:00] Bootstrap tree #9, logLikelihood: -1173.587665
[00:00:00] Bootstrap tree #10, logLikelihood: -1179.485772

Optimized model parameters:

   Partition 0: noname
   Rate heterogeneity: NONE
   Base frequencies (ML): 0.220538 0.234329 0.272574 0.272560 
   Substitution rates (ML): 1.249616 0.832040 1.669238 1.688032 1.114107 1.000000 
Bootstrap trees saved to: /home/morelbt/github/BenoitDatasets/families/alesim_s20_f50_sites400_d1.0_l0.5_t0.5_seed42/pargenes/mlsearch_run/bootstraps/36_pruned_fasta/36_pruned_fasta_bs9.raxml.bootstraps

Execution log saved to: /home/morelbt/github/BenoitDatasets/families/alesim_s20_f50_sites400_d1.0_l0.5_t0.5_seed42/pargenes/mlsearch_run/bootstraps/36_pruned_fasta/36_pruned_fasta_bs9.raxml.log

Analysis started: 22-Jan-2019 14:47:23 / finished: 22-Jan-2019 14:47:23

Elapsed time: 0.074 seconds

