
RAxML-NG v. 0.6.0git BETA released on 27.07.2018 by The Exelixis Lab.
Authors: Alexey Kozlov, Alexandros Stamatakis, Diego Darriba, Tomas Flouri, Benoit Morel.
Latest version: https://github.com/amkozlov/raxml-ng
Questions/problems/suggestions? Please visit: https://groups.google.com/forum/#!forum/raxml

WARNING: This is a BETA release, please use at your own risk!

RAxML-NG was called as follows:

mpi-scheduler --bootstrap --msa ../BenoitDatasets/families/alesim_s30_f50_sites200_d2.0_l1.0_seed42/pargenes/parse_run/results/26_prunedfasta/26_prunedfasta.raxml.rba --blopt nr_safe --model GTR --prefix ../BenoitDatasets/families/alesim_s30_f50_sites200_d2.0_l1.0_seed42/pargenes/mlsearch_run/bootstraps/26_prunedfasta/26_prunedfasta_bs0 --threads 1 --seed 1 --bs-trees 10

Analysis options:
  run mode: Bootstrapping
  start tree(s): 
  bootstrap replicates: 10
  random seed: 1
  tip-inner: ON
  pattern compression: ON
  per-rate scalers: OFF
  site repeats: OFF
  branch lengths: linked (ML estimate, algorithm: NR-SAFE)
  SIMD kernels: AVX2
  parallelization: NONE/sequential

WARNING: The model you specified on the command line (GTR) will be ignored 
         since the binary MSA file already contains a model definition.
         If you want to change the model, please re-run RAxML-NG 
         with the original PHYLIP/FASTA alignment and --redo option.

[00:00:00] Loading binary alignment from file: ../BenoitDatasets/families/alesim_s30_f50_sites200_d2.0_l1.0_seed42/pargenes/parse_run/results/26_prunedfasta/26_prunedfasta.raxml.rba
[00:00:00] Alignment comprises 200 taxa, 1 partitions and 200 patterns

Partition 0: noname
Model: GTR+FO
Alignment sites / patterns: 200 / 200
Gaps: 0.00 %
Invariant sites: 0.00 %


[00:00:00] Data distribution: max. partitions/sites/weight per thread: 1 / 200 / 800
[00:00:00] Starting bootstrapping analysis with 10 replicates.

[00:00:14] Bootstrap tree #1, logLikelihood: -13353.794986
[00:00:28] Bootstrap tree #2, logLikelihood: -13160.892672
[00:00:42] Bootstrap tree #3, logLikelihood: -13350.467795
[00:00:57] Bootstrap tree #4, logLikelihood: -13153.310866
[00:01:12] Bootstrap tree #5, logLikelihood: -13682.785398
[00:01:27] Bootstrap tree #6, logLikelihood: -13168.001028
[00:01:42] Bootstrap tree #7, logLikelihood: -13133.464542
[00:01:56] Bootstrap tree #8, logLikelihood: -13382.994329
[00:02:12] Bootstrap tree #9, logLikelihood: -12943.158642
[00:02:26] Bootstrap tree #10, logLikelihood: -13072.749542

Optimized model parameters:

   Partition 0: noname
   Rate heterogeneity: NONE
   Base frequencies (ML): 0.249818 0.244804 0.246337 0.259041 
   Substitution rates (ML): 1.297729 1.167024 1.113242 1.097831 1.116231 1.000000 
Bootstrap trees saved to: /home/morelbt/github/BenoitDatasets/families/alesim_s30_f50_sites200_d2.0_l1.0_seed42/pargenes/mlsearch_run/bootstraps/26_prunedfasta/26_prunedfasta_bs0.raxml.bootstraps

Execution log saved to: /home/morelbt/github/BenoitDatasets/families/alesim_s30_f50_sites200_d2.0_l1.0_seed42/pargenes/mlsearch_run/bootstraps/26_prunedfasta/26_prunedfasta_bs0.raxml.log

Analysis started: 11-Dec-2018 20:51:44 / finished: 11-Dec-2018 20:54:10

Elapsed time: 146.036 seconds

