
RAxML-NG v. 0.6.0git BETA released on 27.07.2018 by The Exelixis Lab.
Authors: Alexey Kozlov, Alexandros Stamatakis, Diego Darriba, Tomas Flouri, Benoit Morel.
Latest version: https://github.com/amkozlov/raxml-ng
Questions/problems/suggestions? Please visit: https://groups.google.com/forum/#!forum/raxml

WARNING: This is a BETA release, please use at your own risk!

RAxML-NG was called as follows:

mpi-scheduler --bootstrap --msa ../BenoitDatasets/families/jsim_s8_f100_sites300_d2.0_l1.0/pargenes/parse_run/results/73_fasta/73_fasta.raxml.rba --blopt nr_safe --model GTR --prefix ../BenoitDatasets/families/jsim_s8_f100_sites300_d2.0_l1.0/pargenes/mlsearch_run/bootstraps/73_fasta/73_fasta_bs3 --threads 1 --seed 4 --bs-trees 10

Analysis options:
  run mode: Bootstrapping
  start tree(s): 
  bootstrap replicates: 10
  random seed: 4
  tip-inner: ON
  pattern compression: ON
  per-rate scalers: OFF
  site repeats: OFF
  branch lengths: linked (ML estimate, algorithm: NR-SAFE)
  SIMD kernels: AVX2
  parallelization: NONE/sequential

WARNING: The model you specified on the command line (GTR) will be ignored 
         since the binary MSA file already contains a model definition.
         If you want to change the model, please re-run RAxML-NG 
         with the original PHYLIP/FASTA alignment and --redo option.

[00:00:00] Loading binary alignment from file: ../BenoitDatasets/families/jsim_s8_f100_sites300_d2.0_l1.0/pargenes/parse_run/results/73_fasta/73_fasta.raxml.rba
[00:00:00] Alignment comprises 14 taxa, 1 partitions and 300 patterns

Partition 0: noname
Model: GTR+FO
Alignment sites / patterns: 300 / 300
Gaps: 0.00 %
Invariant sites: 0.00 %


[00:00:00] Data distribution: max. partitions/sites/weight per thread: 1 / 300 / 1200
[00:00:00] Starting bootstrapping analysis with 10 replicates.

[00:00:00] Bootstrap tree #1, logLikelihood: -4371.595565
[00:00:00] Bootstrap tree #2, logLikelihood: -4242.624873
[00:00:01] Bootstrap tree #3, logLikelihood: -4226.765016
[00:00:01] Bootstrap tree #4, logLikelihood: -4315.387135
[00:00:02] Bootstrap tree #5, logLikelihood: -4270.822500
[00:00:02] Bootstrap tree #6, logLikelihood: -4267.041968
[00:00:03] Bootstrap tree #7, logLikelihood: -4365.255091
[00:00:03] Bootstrap tree #8, logLikelihood: -4325.107435
[00:00:04] Bootstrap tree #9, logLikelihood: -4301.921342
[00:00:04] Bootstrap tree #10, logLikelihood: -4238.199541

Optimized model parameters:

   Partition 0: noname
   Rate heterogeneity: NONE
   Base frequencies (ML): 0.252853 0.235140 0.257162 0.254845 
   Substitution rates (ML): 0.833033 0.852866 0.632108 0.915070 0.745377 1.000000 
Bootstrap trees saved to: /home/morelbt/github/BenoitDatasets/families/jsim_s8_f100_sites300_d2.0_l1.0/pargenes/mlsearch_run/bootstraps/73_fasta/73_fasta_bs3.raxml.bootstraps

Execution log saved to: /home/morelbt/github/BenoitDatasets/families/jsim_s8_f100_sites300_d2.0_l1.0/pargenes/mlsearch_run/bootstraps/73_fasta/73_fasta_bs3.raxml.log

Analysis started: 05-Dec-2018 13:32:35 / finished: 05-Dec-2018 13:32:40

Elapsed time: 4.477 seconds

