
RAxML-NG v. 0.6.0git BETA released on 27.07.2018 by The Exelixis Lab.
Authors: Alexey Kozlov, Alexandros Stamatakis, Diego Darriba, Tomas Flouri, Benoit Morel.
Latest version: https://github.com/amkozlov/raxml-ng
Questions/problems/suggestions? Please visit: https://groups.google.com/forum/#!forum/raxml

WARNING: This is a BETA release, please use at your own risk!

RAxML-NG was called as follows:

mpi-scheduler --bootstrap --msa ../BenoitDatasets/families/alesim_s20_f50_sites400_d1.0_l0.5_seed42/pargenes/parse_run/results/40_prunedfasta/40_prunedfasta.raxml.rba --blopt nr_safe --model GTR --prefix ../BenoitDatasets/families/alesim_s20_f50_sites400_d1.0_l0.5_seed42/pargenes/mlsearch_run/bootstraps/40_prunedfasta/40_prunedfasta_bs6 --threads 1 --seed 7 --bs-trees 10

Analysis options:
  run mode: Bootstrapping
  start tree(s): 
  bootstrap replicates: 10
  random seed: 7
  tip-inner: ON
  pattern compression: ON
  per-rate scalers: OFF
  site repeats: OFF
  branch lengths: linked (ML estimate, algorithm: NR-SAFE)
  SIMD kernels: AVX2
  parallelization: NONE/sequential

WARNING: The model you specified on the command line (GTR) will be ignored 
         since the binary MSA file already contains a model definition.
         If you want to change the model, please re-run RAxML-NG 
         with the original PHYLIP/FASTA alignment and --redo option.

[00:00:00] Loading binary alignment from file: ../BenoitDatasets/families/alesim_s20_f50_sites400_d1.0_l0.5_seed42/pargenes/parse_run/results/40_prunedfasta/40_prunedfasta.raxml.rba
[00:00:00] Alignment comprises 258 taxa, 1 partitions and 400 patterns

Partition 0: noname
Model: GTR+FO
Alignment sites / patterns: 400 / 400
Gaps: 0.00 %
Invariant sites: 0.00 %


[00:00:00] Data distribution: max. partitions/sites/weight per thread: 1 / 400 / 1600
[00:00:00] Starting bootstrapping analysis with 10 replicates.

[00:00:58] Bootstrap tree #1, logLikelihood: -49985.624619
[00:02:54] Bootstrap tree #2, logLikelihood: -50309.424740
[00:05:58] Bootstrap tree #3, logLikelihood: -50592.514540
[00:08:34] Bootstrap tree #4, logLikelihood: -50311.931164
[00:09:47] Bootstrap tree #5, logLikelihood: -50356.748726
[00:10:48] Bootstrap tree #6, logLikelihood: -50468.368632
[00:11:56] Bootstrap tree #7, logLikelihood: -50306.027378
[00:13:30] Bootstrap tree #8, logLikelihood: -50134.303005
[00:14:56] Bootstrap tree #9, logLikelihood: -52228.741937
[00:18:11] Bootstrap tree #10, logLikelihood: -50518.706287

Optimized model parameters:

   Partition 0: noname
   Rate heterogeneity: NONE
   Base frequencies (ML): 0.245945 0.256618 0.247686 0.249751 
   Substitution rates (ML): 1.047841 0.936494 1.059654 0.989287 0.959628 1.000000 
Bootstrap trees saved to: /home/morelbt/github/BenoitDatasets/families/alesim_s20_f50_sites400_d1.0_l0.5_seed42/pargenes/mlsearch_run/bootstraps/40_prunedfasta/40_prunedfasta_bs6.raxml.bootstraps

Execution log saved to: /home/morelbt/github/BenoitDatasets/families/alesim_s20_f50_sites400_d1.0_l0.5_seed42/pargenes/mlsearch_run/bootstraps/40_prunedfasta/40_prunedfasta_bs6.raxml.log

Analysis started: 11-Dec-2018 15:24:01 / finished: 11-Dec-2018 15:42:12

Elapsed time: 1091.287 seconds

