
RAxML-NG v. 0.6.0git BETA released on 27.07.2018 by The Exelixis Lab.
Authors: Alexey Kozlov, Alexandros Stamatakis, Diego Darriba, Tomas Flouri, Benoit Morel.
Latest version: https://github.com/amkozlov/raxml-ng
Questions/problems/suggestions? Please visit: https://groups.google.com/forum/#!forum/raxml

WARNING: This is a BETA release, please use at your own risk!

RAxML-NG was called as follows:

mpi-scheduler --bootstrap --msa ../BenoitDatasets/families/alesim_s20_f50_sites400_d1.0_l0.5_t0.5_seed42/pargenes/parse_run/results/24_pruned_fasta/24_pruned_fasta.raxml.rba --blopt nr_safe --model GTR --prefix ../BenoitDatasets/families/alesim_s20_f50_sites400_d1.0_l0.5_t0.5_seed42/pargenes/mlsearch_run/bootstraps/24_pruned_fasta/24_pruned_fasta_bs0 --threads 1 --seed 1 --bs-trees 10

Analysis options:
  run mode: Bootstrapping
  start tree(s): 
  bootstrap replicates: 10
  random seed: 1
  tip-inner: ON
  pattern compression: ON
  per-rate scalers: OFF
  site repeats: OFF
  branch lengths: linked (ML estimate, algorithm: NR-SAFE)
  SIMD kernels: AVX2
  parallelization: NONE/sequential

WARNING: The model you specified on the command line (GTR) will be ignored 
         since the binary MSA file already contains a model definition.
         If you want to change the model, please re-run RAxML-NG 
         with the original PHYLIP/FASTA alignment and --redo option.

[00:00:00] Loading binary alignment from file: ../BenoitDatasets/families/alesim_s20_f50_sites400_d1.0_l0.5_t0.5_seed42/pargenes/parse_run/results/24_pruned_fasta/24_pruned_fasta.raxml.rba
[00:00:00] Alignment comprises 61 taxa, 1 partitions and 400 patterns

Partition 0: noname
Model: GTR+FO
Alignment sites / patterns: 400 / 400
Gaps: 0.00 %
Invariant sites: 0.00 %


[00:00:00] Data distribution: max. partitions/sites/weight per thread: 1 / 400 / 1600
[00:00:00] Starting bootstrapping analysis with 10 replicates.

[00:00:05] Bootstrap tree #1, logLikelihood: -13479.246947
[00:00:09] Bootstrap tree #2, logLikelihood: -13286.118028
[00:00:14] Bootstrap tree #3, logLikelihood: -13306.579954
[00:00:19] Bootstrap tree #4, logLikelihood: -13318.884205
[00:00:24] Bootstrap tree #5, logLikelihood: -13367.156185
[00:00:30] Bootstrap tree #6, logLikelihood: -13369.005231
[00:00:34] Bootstrap tree #7, logLikelihood: -13314.539452
[00:00:40] Bootstrap tree #8, logLikelihood: -13350.911414
[00:00:45] Bootstrap tree #9, logLikelihood: -13461.027491
[00:00:49] Bootstrap tree #10, logLikelihood: -13407.657892

Optimized model parameters:

   Partition 0: noname
   Rate heterogeneity: NONE
   Base frequencies (ML): 0.262175 0.249403 0.228340 0.260082 
   Substitution rates (ML): 0.779833 0.939849 0.889794 0.881191 1.078751 1.000000 
Bootstrap trees saved to: /home/morelbt/github/BenoitDatasets/families/alesim_s20_f50_sites400_d1.0_l0.5_t0.5_seed42/pargenes/mlsearch_run/bootstraps/24_pruned_fasta/24_pruned_fasta_bs0.raxml.bootstraps

Execution log saved to: /home/morelbt/github/BenoitDatasets/families/alesim_s20_f50_sites400_d1.0_l0.5_t0.5_seed42/pargenes/mlsearch_run/bootstraps/24_pruned_fasta/24_pruned_fasta_bs0.raxml.log

Analysis started: 22-Jan-2019 14:43:01 / finished: 22-Jan-2019 14:43:50

Elapsed time: 49.299 seconds

