
RAxML-NG v. 0.6.0git BETA released on 27.07.2018 by The Exelixis Lab.
Authors: Alexey Kozlov, Alexandros Stamatakis, Diego Darriba, Tomas Flouri, Benoit Morel.
Latest version: https://github.com/amkozlov/raxml-ng
Questions/problems/suggestions? Please visit: https://groups.google.com/forum/#!forum/raxml

WARNING: This is a BETA release, please use at your own risk!

RAxML-NG was called as follows:

mpi-scheduler --bootstrap --msa ../BenoitDatasets/families/jsim_s27_f100_sites1000_d2.0_l1.0_seed6/pargenes/parse_run/results/56_fasta/56_fasta.raxml.rba --blopt nr_safe --model GTR --prefix ../BenoitDatasets/families/jsim_s27_f100_sites1000_d2.0_l1.0_seed6/pargenes/mlsearch_run/bootstraps/56_fasta/56_fasta_bs5 --threads 1 --seed 6 --bs-trees 10

Analysis options:
  run mode: Bootstrapping
  start tree(s): 
  bootstrap replicates: 10
  random seed: 6
  tip-inner: ON
  pattern compression: ON
  per-rate scalers: OFF
  site repeats: OFF
  branch lengths: linked (ML estimate, algorithm: NR-SAFE)
  SIMD kernels: AVX2
  parallelization: NONE/sequential

WARNING: The model you specified on the command line (GTR) will be ignored 
         since the binary MSA file already contains a model definition.
         If you want to change the model, please re-run RAxML-NG 
         with the original PHYLIP/FASTA alignment and --redo option.

[00:00:00] Loading binary alignment from file: ../BenoitDatasets/families/jsim_s27_f100_sites1000_d2.0_l1.0_seed6/pargenes/parse_run/results/56_fasta/56_fasta.raxml.rba
[00:00:00] Alignment comprises 54 taxa, 1 partitions and 1000 patterns

Partition 0: noname
Model: GTR+FO
Alignment sites / patterns: 1000 / 1000
Gaps: 0.00 %
Invariant sites: 0.00 %


[00:00:00] Data distribution: max. partitions/sites/weight per thread: 1 / 1000 / 4000
[00:00:00] Starting bootstrapping analysis with 10 replicates.

[00:00:15] Bootstrap tree #1, logLikelihood: -49349.320832
[00:00:29] Bootstrap tree #2, logLikelihood: -49645.231161
[00:00:40] Bootstrap tree #3, logLikelihood: -49656.784594
[00:00:54] Bootstrap tree #4, logLikelihood: -49598.678368
[00:01:07] Bootstrap tree #5, logLikelihood: -49865.086276
[00:01:22] Bootstrap tree #6, logLikelihood: -49773.068180
[00:01:35] Bootstrap tree #7, logLikelihood: -49549.124823
[00:01:48] Bootstrap tree #8, logLikelihood: -49385.572463
[00:02:02] Bootstrap tree #9, logLikelihood: -49515.943509
[00:02:16] Bootstrap tree #10, logLikelihood: -49735.181316

Optimized model parameters:

   Partition 0: noname
   Rate heterogeneity: NONE
   Base frequencies (ML): 0.254705 0.247264 0.249655 0.248375 
   Substitution rates (ML): 1.029416 1.011177 0.975160 1.086028 1.065187 1.000000 
Bootstrap trees saved to: /home/morelbt/github/BenoitDatasets/families/jsim_s27_f100_sites1000_d2.0_l1.0_seed6/pargenes/mlsearch_run/bootstraps/56_fasta/56_fasta_bs5.raxml.bootstraps

Execution log saved to: /home/morelbt/github/BenoitDatasets/families/jsim_s27_f100_sites1000_d2.0_l1.0_seed6/pargenes/mlsearch_run/bootstraps/56_fasta/56_fasta_bs5.raxml.log

Analysis started: 07-Dec-2018 15:41:51 / finished: 07-Dec-2018 15:44:08

Elapsed time: 136.742 seconds

