
RAxML-NG v. 0.6.0git BETA released on 27.07.2018 by The Exelixis Lab.
Authors: Alexey Kozlov, Alexandros Stamatakis, Diego Darriba, Tomas Flouri, Benoit Morel.
Latest version: https://github.com/amkozlov/raxml-ng
Questions/problems/suggestions? Please visit: https://groups.google.com/forum/#!forum/raxml

WARNING: This is a BETA release, please use at your own risk!

RAxML-NG was called as follows:

mpi-scheduler --bootstrap --msa ../BenoitDatasets/families/alesim_s30_f50_sites200_d2.0_l1.0_seed42/pargenes/parse_run/results/14_prunedfasta/14_prunedfasta.raxml.rba --blopt nr_safe --model GTR --prefix ../BenoitDatasets/families/alesim_s30_f50_sites200_d2.0_l1.0_seed42/pargenes/mlsearch_run/bootstraps/14_prunedfasta/14_prunedfasta_bs4 --threads 1 --seed 5 --bs-trees 10

Analysis options:
  run mode: Bootstrapping
  start tree(s): 
  bootstrap replicates: 10
  random seed: 5
  tip-inner: ON
  pattern compression: ON
  per-rate scalers: OFF
  site repeats: OFF
  branch lengths: linked (ML estimate, algorithm: NR-SAFE)
  SIMD kernels: AVX2
  parallelization: NONE/sequential

WARNING: The model you specified on the command line (GTR) will be ignored 
         since the binary MSA file already contains a model definition.
         If you want to change the model, please re-run RAxML-NG 
         with the original PHYLIP/FASTA alignment and --redo option.

[00:00:00] Loading binary alignment from file: ../BenoitDatasets/families/alesim_s30_f50_sites200_d2.0_l1.0_seed42/pargenes/parse_run/results/14_prunedfasta/14_prunedfasta.raxml.rba
[00:00:00] Alignment comprises 505 taxa, 1 partitions and 200 patterns

Partition 0: noname
Model: GTR+FO
Alignment sites / patterns: 200 / 200
Gaps: 0.00 %
Invariant sites: 0.00 %


[00:00:00] Data distribution: max. partitions/sites/weight per thread: 1 / 200 / 800
[00:00:00] Starting bootstrapping analysis with 10 replicates.

[00:02:32] Bootstrap tree #1, logLikelihood: -35099.703452
[00:04:11] Bootstrap tree #2, logLikelihood: -34635.365043
[00:05:50] Bootstrap tree #3, logLikelihood: -34169.795418
[00:07:11] Bootstrap tree #4, logLikelihood: -33939.395998
[00:09:23] Bootstrap tree #5, logLikelihood: -33967.956792
[00:11:49] Bootstrap tree #6, logLikelihood: -34519.743293
[00:13:05] Bootstrap tree #7, logLikelihood: -34195.144276
[00:14:13] Bootstrap tree #8, logLikelihood: -34463.036476
[00:16:11] Bootstrap tree #9, logLikelihood: -37114.747234
[00:17:09] Bootstrap tree #10, logLikelihood: -38845.691056

Optimized model parameters:

   Partition 0: noname
   Rate heterogeneity: NONE
   Base frequencies (ML): 0.241883 0.264851 0.241149 0.252117 
   Substitution rates (ML): 0.998213 1.056038 1.070302 0.971127 0.972241 1.000000 
Bootstrap trees saved to: /home/morelbt/github/BenoitDatasets/families/alesim_s30_f50_sites200_d2.0_l1.0_seed42/pargenes/mlsearch_run/bootstraps/14_prunedfasta/14_prunedfasta_bs4.raxml.bootstraps

Execution log saved to: /home/morelbt/github/BenoitDatasets/families/alesim_s30_f50_sites200_d2.0_l1.0_seed42/pargenes/mlsearch_run/bootstraps/14_prunedfasta/14_prunedfasta_bs4.raxml.log

Analysis started: 11-Dec-2018 20:15:52 / finished: 11-Dec-2018 20:33:02

Elapsed time: 1029.735 seconds

