
RAxML-NG v. 0.6.0git BETA released on 27.07.2018 by The Exelixis Lab.
Authors: Alexey Kozlov, Alexandros Stamatakis, Diego Darriba, Tomas Flouri, Benoit Morel.
Latest version: https://github.com/amkozlov/raxml-ng
Questions/problems/suggestions? Please visit: https://groups.google.com/forum/#!forum/raxml

WARNING: This is a BETA release, please use at your own risk!

RAxML-NG was called as follows:

mpi-scheduler --bootstrap --msa ../BenoitDatasets/families/alesim_s30_f50_sites200_d2.0_l1.0_seed42/pargenes/parse_run/results/24_prunedfasta/24_prunedfasta.raxml.rba --blopt nr_safe --model GTR --prefix ../BenoitDatasets/families/alesim_s30_f50_sites200_d2.0_l1.0_seed42/pargenes/mlsearch_run/bootstraps/24_prunedfasta/24_prunedfasta_bs1 --threads 1 --seed 2 --bs-trees 10

Analysis options:
  run mode: Bootstrapping
  start tree(s): 
  bootstrap replicates: 10
  random seed: 2
  tip-inner: ON
  pattern compression: ON
  per-rate scalers: OFF
  site repeats: OFF
  branch lengths: linked (ML estimate, algorithm: NR-SAFE)
  SIMD kernels: AVX2
  parallelization: NONE/sequential

WARNING: The model you specified on the command line (GTR) will be ignored 
         since the binary MSA file already contains a model definition.
         If you want to change the model, please re-run RAxML-NG 
         with the original PHYLIP/FASTA alignment and --redo option.

[00:00:00] Loading binary alignment from file: ../BenoitDatasets/families/alesim_s30_f50_sites200_d2.0_l1.0_seed42/pargenes/parse_run/results/24_prunedfasta/24_prunedfasta.raxml.rba
[00:00:00] Alignment comprises 415 taxa, 1 partitions and 200 patterns

Partition 0: noname
Model: GTR+FO
Alignment sites / patterns: 200 / 200
Gaps: 0.00 %
Invariant sites: 0.00 %


[00:00:00] Data distribution: max. partitions/sites/weight per thread: 1 / 200 / 800
[00:00:00] Starting bootstrapping analysis with 10 replicates.

[00:00:54] Bootstrap tree #1, logLikelihood: -26157.962679
[00:01:46] Bootstrap tree #2, logLikelihood: -25800.479796
[00:02:40] Bootstrap tree #3, logLikelihood: -25877.257297
[00:03:31] Bootstrap tree #4, logLikelihood: -25731.223633
[00:04:27] Bootstrap tree #5, logLikelihood: -25578.344375
[00:05:37] Bootstrap tree #6, logLikelihood: -26340.125050
[00:06:33] Bootstrap tree #7, logLikelihood: -25570.930533
[00:07:26] Bootstrap tree #8, logLikelihood: -26226.280261
[00:08:21] Bootstrap tree #9, logLikelihood: -25712.762990
[00:09:28] Bootstrap tree #10, logLikelihood: -25820.859418

Optimized model parameters:

   Partition 0: noname
   Rate heterogeneity: NONE
   Base frequencies (ML): 0.248005 0.241167 0.246127 0.264700 
   Substitution rates (ML): 1.063953 1.103821 0.936372 1.007358 1.069738 1.000000 
Bootstrap trees saved to: /home/morelbt/github/BenoitDatasets/families/alesim_s30_f50_sites200_d2.0_l1.0_seed42/pargenes/mlsearch_run/bootstraps/24_prunedfasta/24_prunedfasta_bs1.raxml.bootstraps

Execution log saved to: /home/morelbt/github/BenoitDatasets/families/alesim_s30_f50_sites200_d2.0_l1.0_seed42/pargenes/mlsearch_run/bootstraps/24_prunedfasta/24_prunedfasta_bs1.raxml.log

Analysis started: 11-Dec-2018 20:44:12 / finished: 11-Dec-2018 20:53:41

Elapsed time: 569.011 seconds

