
RAxML-NG v. 0.6.0git BETA released on 27.07.2018 by The Exelixis Lab.
Authors: Alexey Kozlov, Alexandros Stamatakis, Diego Darriba, Tomas Flouri, Benoit Morel.
Latest version: https://github.com/amkozlov/raxml-ng
Questions/problems/suggestions? Please visit: https://groups.google.com/forum/#!forum/raxml

WARNING: This is a BETA release, please use at your own risk!

RAxML-NG was called as follows:

mpi-scheduler --bootstrap --msa ../BenoitDatasets/families/alesim_s30_f50_sites200_d2.0_l1.0_seed42/pargenes/parse_run/results/2_prunedfasta/2_prunedfasta.raxml.rba --blopt nr_safe --model GTR --prefix ../BenoitDatasets/families/alesim_s30_f50_sites200_d2.0_l1.0_seed42/pargenes/mlsearch_run/bootstraps/2_prunedfasta/2_prunedfasta_bs6 --threads 1 --seed 7 --bs-trees 10

Analysis options:
  run mode: Bootstrapping
  start tree(s): 
  bootstrap replicates: 10
  random seed: 7
  tip-inner: ON
  pattern compression: ON
  per-rate scalers: OFF
  site repeats: OFF
  branch lengths: linked (ML estimate, algorithm: NR-SAFE)
  SIMD kernels: AVX2
  parallelization: NONE/sequential

WARNING: The model you specified on the command line (GTR) will be ignored 
         since the binary MSA file already contains a model definition.
         If you want to change the model, please re-run RAxML-NG 
         with the original PHYLIP/FASTA alignment and --redo option.

[00:00:00] Loading binary alignment from file: ../BenoitDatasets/families/alesim_s30_f50_sites200_d2.0_l1.0_seed42/pargenes/parse_run/results/2_prunedfasta/2_prunedfasta.raxml.rba
[00:00:00] Alignment comprises 1051 taxa, 1 partitions and 200 patterns

Partition 0: noname
Model: GTR+FO
Alignment sites / patterns: 200 / 200
Gaps: 0.00 %
Invariant sites: 0.00 %


[00:00:00] Data distribution: max. partitions/sites/weight per thread: 1 / 200 / 800
[00:00:00] Starting bootstrapping analysis with 10 replicates.

[00:06:44] Bootstrap tree #1, logLikelihood: -83392.599022
[00:13:02] Bootstrap tree #2, logLikelihood: -80018.178867
[00:21:32] Bootstrap tree #3, logLikelihood: -72886.626955
[00:26:45] Bootstrap tree #4, logLikelihood: -75804.814500
[00:44:07] Bootstrap tree #5, logLikelihood: -86226.992343
[00:48:24] Bootstrap tree #6, logLikelihood: -89900.567878
[00:54:38] Bootstrap tree #7, logLikelihood: -87190.767849
[00:59:51] Bootstrap tree #8, logLikelihood: -77760.927155
[01:04:10] Bootstrap tree #9, logLikelihood: -80761.732583
[01:13:37] Bootstrap tree #10, logLikelihood: -76760.541817

Optimized model parameters:

   Partition 0: noname
   Rate heterogeneity: NONE
   Base frequencies (ML): 0.253973 0.252145 0.253737 0.240145 
   Substitution rates (ML): 1.033200 1.024855 1.043052 1.018094 1.047573 1.000000 
Bootstrap trees saved to: /home/morelbt/github/BenoitDatasets/families/alesim_s30_f50_sites200_d2.0_l1.0_seed42/pargenes/mlsearch_run/bootstraps/2_prunedfasta/2_prunedfasta_bs6.raxml.bootstraps

Execution log saved to: /home/morelbt/github/BenoitDatasets/families/alesim_s30_f50_sites200_d2.0_l1.0_seed42/pargenes/mlsearch_run/bootstraps/2_prunedfasta/2_prunedfasta_bs6.raxml.log

Analysis started: 11-Dec-2018 20:15:52 / finished: 11-Dec-2018 21:29:30

Elapsed time: 4417.446 seconds

