
RAxML-NG v. 0.6.0git BETA released on 27.07.2018 by The Exelixis Lab.
Authors: Alexey Kozlov, Alexandros Stamatakis, Diego Darriba, Tomas Flouri, Benoit Morel.
Latest version: https://github.com/amkozlov/raxml-ng
Questions/problems/suggestions? Please visit: https://groups.google.com/forum/#!forum/raxml

WARNING: This is a BETA release, please use at your own risk!

RAxML-NG was called as follows:

mpi-scheduler --bootstrap --msa ../BenoitDatasets/families/jsim_s8_f100_sites300_d2.0_l1.0/pargenes/parse_run/results/41_fasta/41_fasta.raxml.rba --blopt nr_safe --model GTR --prefix ../BenoitDatasets/families/jsim_s8_f100_sites300_d2.0_l1.0/pargenes/mlsearch_run/bootstraps/41_fasta/41_fasta_bs5 --threads 1 --seed 6 --bs-trees 10

Analysis options:
  run mode: Bootstrapping
  start tree(s): 
  bootstrap replicates: 10
  random seed: 6
  tip-inner: ON
  pattern compression: ON
  per-rate scalers: OFF
  site repeats: OFF
  branch lengths: linked (ML estimate, algorithm: NR-SAFE)
  SIMD kernels: AVX2
  parallelization: NONE/sequential

WARNING: The model you specified on the command line (GTR) will be ignored 
         since the binary MSA file already contains a model definition.
         If you want to change the model, please re-run RAxML-NG 
         with the original PHYLIP/FASTA alignment and --redo option.

[00:00:00] Loading binary alignment from file: ../BenoitDatasets/families/jsim_s8_f100_sites300_d2.0_l1.0/pargenes/parse_run/results/41_fasta/41_fasta.raxml.rba
[00:00:00] Alignment comprises 13 taxa, 1 partitions and 300 patterns

Partition 0: noname
Model: GTR+FO
Alignment sites / patterns: 300 / 300
Gaps: 0.00 %
Invariant sites: 0.33 %


[00:00:00] Data distribution: max. partitions/sites/weight per thread: 1 / 300 / 1200
[00:00:00] Starting bootstrapping analysis with 10 replicates.

[00:00:00] Bootstrap tree #1, logLikelihood: -3752.751599
[00:00:00] Bootstrap tree #2, logLikelihood: -3749.870698
[00:00:01] Bootstrap tree #3, logLikelihood: -3769.888794
[00:00:01] Bootstrap tree #4, logLikelihood: -3693.178394
[00:00:01] Bootstrap tree #5, logLikelihood: -3650.484990
[00:00:02] Bootstrap tree #6, logLikelihood: -3699.835033
[00:00:02] Bootstrap tree #7, logLikelihood: -3726.797758
[00:00:03] Bootstrap tree #8, logLikelihood: -3707.471410
[00:00:03] Bootstrap tree #9, logLikelihood: -3660.057525
[00:00:03] Bootstrap tree #10, logLikelihood: -3768.751326

Optimized model parameters:

   Partition 0: noname
   Rate heterogeneity: NONE
   Base frequencies (ML): 0.259954 0.254110 0.257901 0.228036 
   Substitution rates (ML): 0.755883 0.813612 0.745847 0.751546 0.468488 1.000000 
Bootstrap trees saved to: /home/morelbt/github/BenoitDatasets/families/jsim_s8_f100_sites300_d2.0_l1.0/pargenes/mlsearch_run/bootstraps/41_fasta/41_fasta_bs5.raxml.bootstraps

Execution log saved to: /home/morelbt/github/BenoitDatasets/families/jsim_s8_f100_sites300_d2.0_l1.0/pargenes/mlsearch_run/bootstraps/41_fasta/41_fasta_bs5.raxml.log

Analysis started: 05-Dec-2018 13:32:42 / finished: 05-Dec-2018 13:32:46

Elapsed time: 3.829 seconds

