
RAxML-NG v. 0.6.0git BETA released on 27.07.2018 by The Exelixis Lab.
Authors: Alexey Kozlov, Alexandros Stamatakis, Diego Darriba, Tomas Flouri, Benoit Morel.
Latest version: https://github.com/amkozlov/raxml-ng
Questions/problems/suggestions? Please visit: https://groups.google.com/forum/#!forum/raxml

WARNING: This is a BETA release, please use at your own risk!

RAxML-NG was called as follows:

mpi-scheduler --bootstrap --msa ../BenoitDatasets/families/alesim_s30_f50_sites200_d2.0_l1.0_seed42/pargenes/parse_run/results/42_prunedfasta/42_prunedfasta.raxml.rba --blopt nr_safe --model GTR --prefix ../BenoitDatasets/families/alesim_s30_f50_sites200_d2.0_l1.0_seed42/pargenes/mlsearch_run/bootstraps/42_prunedfasta/42_prunedfasta_bs4 --threads 1 --seed 5 --bs-trees 10

Analysis options:
  run mode: Bootstrapping
  start tree(s): 
  bootstrap replicates: 10
  random seed: 5
  tip-inner: ON
  pattern compression: ON
  per-rate scalers: OFF
  site repeats: OFF
  branch lengths: linked (ML estimate, algorithm: NR-SAFE)
  SIMD kernels: AVX2
  parallelization: NONE/sequential

WARNING: The model you specified on the command line (GTR) will be ignored 
         since the binary MSA file already contains a model definition.
         If you want to change the model, please re-run RAxML-NG 
         with the original PHYLIP/FASTA alignment and --redo option.

[00:00:00] Loading binary alignment from file: ../BenoitDatasets/families/alesim_s30_f50_sites200_d2.0_l1.0_seed42/pargenes/parse_run/results/42_prunedfasta/42_prunedfasta.raxml.rba
[00:00:00] Alignment comprises 51 taxa, 1 partitions and 199 patterns

Partition 0: noname
Model: GTR+FO
Alignment sites / patterns: 200 / 199
Gaps: 0.00 %
Invariant sites: 0.50 %


[00:00:00] Data distribution: max. partitions/sites/weight per thread: 1 / 199 / 796
[00:00:00] Starting bootstrapping analysis with 10 replicates.

[00:00:01] Bootstrap tree #1, logLikelihood: -3440.033724
[00:00:02] Bootstrap tree #2, logLikelihood: -3454.020339
[00:00:03] Bootstrap tree #3, logLikelihood: -3589.227306
[00:00:04] Bootstrap tree #4, logLikelihood: -3468.634062
[00:00:06] Bootstrap tree #5, logLikelihood: -3539.472150
[00:00:07] Bootstrap tree #6, logLikelihood: -3619.790828
[00:00:08] Bootstrap tree #7, logLikelihood: -3481.749978
[00:00:09] Bootstrap tree #8, logLikelihood: -3560.673612
[00:00:11] Bootstrap tree #9, logLikelihood: -3440.436665
[00:00:12] Bootstrap tree #10, logLikelihood: -3504.503894

Optimized model parameters:

   Partition 0: noname
   Rate heterogeneity: NONE
   Base frequencies (ML): 0.238126 0.300286 0.221985 0.239603 
   Substitution rates (ML): 0.797741 1.192103 0.977605 0.706732 1.080657 1.000000 
Bootstrap trees saved to: /home/morelbt/github/BenoitDatasets/families/alesim_s30_f50_sites200_d2.0_l1.0_seed42/pargenes/mlsearch_run/bootstraps/42_prunedfasta/42_prunedfasta_bs4.raxml.bootstraps

Execution log saved to: /home/morelbt/github/BenoitDatasets/families/alesim_s30_f50_sites200_d2.0_l1.0_seed42/pargenes/mlsearch_run/bootstraps/42_prunedfasta/42_prunedfasta_bs4.raxml.log

Analysis started: 11-Dec-2018 20:57:21 / finished: 11-Dec-2018 20:57:33

Elapsed time: 12.418 seconds

