
RAxML-NG v. 0.6.0git BETA released on 27.07.2018 by The Exelixis Lab.
Authors: Alexey Kozlov, Alexandros Stamatakis, Diego Darriba, Tomas Flouri, Benoit Morel.
Latest version: https://github.com/amkozlov/raxml-ng
Questions/problems/suggestions? Please visit: https://groups.google.com/forum/#!forum/raxml

WARNING: This is a BETA release, please use at your own risk!

RAxML-NG was called as follows:

mpi-scheduler --bootstrap --msa ../BenoitDatasets/families/alesim_s30_f50_sites200_d2.0_l1.0_seed42/pargenes/parse_run/results/42_prunedfasta/42_prunedfasta.raxml.rba --blopt nr_safe --model GTR --prefix ../BenoitDatasets/families/alesim_s30_f50_sites200_d2.0_l1.0_seed42/pargenes/mlsearch_run/bootstraps/42_prunedfasta/42_prunedfasta_bs9 --threads 1 --seed 10 --bs-trees 10

Analysis options:
  run mode: Bootstrapping
  start tree(s): 
  bootstrap replicates: 10
  random seed: 10
  tip-inner: ON
  pattern compression: ON
  per-rate scalers: OFF
  site repeats: OFF
  branch lengths: linked (ML estimate, algorithm: NR-SAFE)
  SIMD kernels: AVX2
  parallelization: NONE/sequential

WARNING: The model you specified on the command line (GTR) will be ignored 
         since the binary MSA file already contains a model definition.
         If you want to change the model, please re-run RAxML-NG 
         with the original PHYLIP/FASTA alignment and --redo option.

[00:00:00] Loading binary alignment from file: ../BenoitDatasets/families/alesim_s30_f50_sites200_d2.0_l1.0_seed42/pargenes/parse_run/results/42_prunedfasta/42_prunedfasta.raxml.rba
[00:00:00] Alignment comprises 51 taxa, 1 partitions and 199 patterns

Partition 0: noname
Model: GTR+FO
Alignment sites / patterns: 200 / 199
Gaps: 0.00 %
Invariant sites: 0.50 %


[00:00:00] Data distribution: max. partitions/sites/weight per thread: 1 / 199 / 796
[00:00:00] Starting bootstrapping analysis with 10 replicates.

[00:00:01] Bootstrap tree #1, logLikelihood: -3452.086537
[00:00:02] Bootstrap tree #2, logLikelihood: -3412.094152
[00:00:03] Bootstrap tree #3, logLikelihood: -3602.785635
[00:00:05] Bootstrap tree #4, logLikelihood: -3542.625704
[00:00:06] Bootstrap tree #5, logLikelihood: -3465.807805
[00:00:07] Bootstrap tree #6, logLikelihood: -3489.192252
[00:00:09] Bootstrap tree #7, logLikelihood: -3388.818205
[00:00:10] Bootstrap tree #8, logLikelihood: -3475.727662
[00:00:11] Bootstrap tree #9, logLikelihood: -3544.373624
[00:00:12] Bootstrap tree #10, logLikelihood: -3459.614308

Optimized model parameters:

   Partition 0: noname
   Rate heterogeneity: NONE
   Base frequencies (ML): 0.224557 0.294021 0.230311 0.251110 
   Substitution rates (ML): 1.007634 1.672631 1.124181 1.048292 1.143732 1.000000 
Bootstrap trees saved to: /home/morelbt/github/BenoitDatasets/families/alesim_s30_f50_sites200_d2.0_l1.0_seed42/pargenes/mlsearch_run/bootstraps/42_prunedfasta/42_prunedfasta_bs9.raxml.bootstraps

Execution log saved to: /home/morelbt/github/BenoitDatasets/families/alesim_s30_f50_sites200_d2.0_l1.0_seed42/pargenes/mlsearch_run/bootstraps/42_prunedfasta/42_prunedfasta_bs9.raxml.log

Analysis started: 11-Dec-2018 20:57:21 / finished: 11-Dec-2018 20:57:34

Elapsed time: 12.764 seconds

