
RAxML-NG v. 0.6.0git BETA released on 27.07.2018 by The Exelixis Lab.
Authors: Alexey Kozlov, Alexandros Stamatakis, Diego Darriba, Tomas Flouri, Benoit Morel.
Latest version: https://github.com/amkozlov/raxml-ng
Questions/problems/suggestions? Please visit: https://groups.google.com/forum/#!forum/raxml

WARNING: This is a BETA release, please use at your own risk!

RAxML-NG was called as follows:

mpi-scheduler --bootstrap --msa ../BenoitDatasets/families/jsim_s27_f100_sites200_d6.0_l3.0_seed6/pargenes/parse_run/results/43_fasta/43_fasta.raxml.rba --blopt nr_safe --model GTR --prefix ../BenoitDatasets/families/jsim_s27_f100_sites200_d6.0_l3.0_seed6/pargenes/mlsearch_run/bootstraps/43_fasta/43_fasta_bs5 --threads 1 --seed 6 --bs-trees 10

Analysis options:
  run mode: Bootstrapping
  start tree(s): 
  bootstrap replicates: 10
  random seed: 6
  tip-inner: ON
  pattern compression: ON
  per-rate scalers: OFF
  site repeats: OFF
  branch lengths: linked (ML estimate, algorithm: NR-SAFE)
  SIMD kernels: AVX2
  parallelization: NONE/sequential

WARNING: The model you specified on the command line (GTR) will be ignored 
         since the binary MSA file already contains a model definition.
         If you want to change the model, please re-run RAxML-NG 
         with the original PHYLIP/FASTA alignment and --redo option.

[00:00:00] Loading binary alignment from file: ../BenoitDatasets/families/jsim_s27_f100_sites200_d6.0_l3.0_seed6/pargenes/parse_run/results/43_fasta/43_fasta.raxml.rba
[00:00:00] Alignment comprises 6 taxa, 1 partitions and 119 patterns

Partition 0: noname
Model: GTR+FO
Alignment sites / patterns: 200 / 119
Gaps: 0.00 %
Invariant sites: 2.00 %


[00:00:00] Data distribution: max. partitions/sites/weight per thread: 1 / 119 / 476
[00:00:00] Starting bootstrapping analysis with 10 replicates.

[00:00:00] Bootstrap tree #1, logLikelihood: -1086.035965
[00:00:00] Bootstrap tree #2, logLikelihood: -1042.335033
[00:00:00] Bootstrap tree #3, logLikelihood: -1067.318316
[00:00:00] Bootstrap tree #4, logLikelihood: -1096.394391
[00:00:00] Bootstrap tree #5, logLikelihood: -1060.117164
[00:00:00] Bootstrap tree #6, logLikelihood: -1065.240061
[00:00:00] Bootstrap tree #7, logLikelihood: -1116.866533
[00:00:00] Bootstrap tree #8, logLikelihood: -1078.169781
[00:00:00] Bootstrap tree #9, logLikelihood: -1081.913424
[00:00:00] Bootstrap tree #10, logLikelihood: -1056.886615

Optimized model parameters:

   Partition 0: noname
   Rate heterogeneity: NONE
   Base frequencies (ML): 0.251255 0.241024 0.225061 0.282661 
   Substitution rates (ML): 0.758364 1.096290 0.799393 0.936720 1.490540 1.000000 
Bootstrap trees saved to: /home/morelbt/github/BenoitDatasets/families/jsim_s27_f100_sites200_d6.0_l3.0_seed6/pargenes/mlsearch_run/bootstraps/43_fasta/43_fasta_bs5.raxml.bootstraps

Execution log saved to: /home/morelbt/github/BenoitDatasets/families/jsim_s27_f100_sites200_d6.0_l3.0_seed6/pargenes/mlsearch_run/bootstraps/43_fasta/43_fasta_bs5.raxml.log

Analysis started: 07-Dec-2018 15:33:03 / finished: 07-Dec-2018 15:33:03

Elapsed time: 0.261 seconds

