
RAxML-NG v. 0.6.0git BETA released on 27.07.2018 by The Exelixis Lab.
Authors: Alexey Kozlov, Alexandros Stamatakis, Diego Darriba, Tomas Flouri, Benoit Morel.
Latest version: https://github.com/amkozlov/raxml-ng
Questions/problems/suggestions? Please visit: https://groups.google.com/forum/#!forum/raxml

WARNING: This is a BETA release, please use at your own risk!

RAxML-NG was called as follows:

mpi-scheduler --bootstrap --msa ../BenoitDatasets/families/jsim_s27_f100_sites1000_d2.0_l1.0_seed6/pargenes/parse_run/results/41_fasta/41_fasta.raxml.rba --blopt nr_safe --model GTR --prefix ../BenoitDatasets/families/jsim_s27_f100_sites1000_d2.0_l1.0_seed6/pargenes/mlsearch_run/bootstraps/41_fasta/41_fasta_bs7 --threads 1 --seed 8 --bs-trees 10

Analysis options:
  run mode: Bootstrapping
  start tree(s): 
  bootstrap replicates: 10
  random seed: 8
  tip-inner: ON
  pattern compression: ON
  per-rate scalers: OFF
  site repeats: OFF
  branch lengths: linked (ML estimate, algorithm: NR-SAFE)
  SIMD kernels: AVX2
  parallelization: NONE/sequential

WARNING: The model you specified on the command line (GTR) will be ignored 
         since the binary MSA file already contains a model definition.
         If you want to change the model, please re-run RAxML-NG 
         with the original PHYLIP/FASTA alignment and --redo option.

[00:00:00] Loading binary alignment from file: ../BenoitDatasets/families/jsim_s27_f100_sites1000_d2.0_l1.0_seed6/pargenes/parse_run/results/41_fasta/41_fasta.raxml.rba
[00:00:00] Alignment comprises 10 taxa, 1 partitions and 882 patterns

Partition 0: noname
Model: GTR+FO
Alignment sites / patterns: 1000 / 882
Gaps: 0.00 %
Invariant sites: 0.40 %


[00:00:00] Data distribution: max. partitions/sites/weight per thread: 1 / 882 / 3528
[00:00:00] Starting bootstrapping analysis with 10 replicates.

[00:00:00] Bootstrap tree #1, logLikelihood: -10051.024779
[00:00:01] Bootstrap tree #2, logLikelihood: -9982.653916
[00:00:01] Bootstrap tree #3, logLikelihood: -9994.735829
[00:00:02] Bootstrap tree #4, logLikelihood: -10068.654996
[00:00:02] Bootstrap tree #5, logLikelihood: -10064.307836
[00:00:03] Bootstrap tree #6, logLikelihood: -10099.552995
[00:00:04] Bootstrap tree #7, logLikelihood: -10157.094629
[00:00:04] Bootstrap tree #8, logLikelihood: -10179.231937
[00:00:05] Bootstrap tree #9, logLikelihood: -10154.187488
[00:00:06] Bootstrap tree #10, logLikelihood: -10135.042042

Optimized model parameters:

   Partition 0: noname
   Rate heterogeneity: NONE
   Base frequencies (ML): 0.257759 0.239615 0.241614 0.261013 
   Substitution rates (ML): 1.098953 0.970316 0.934452 0.910198 1.023511 1.000000 
Bootstrap trees saved to: /home/morelbt/github/BenoitDatasets/families/jsim_s27_f100_sites1000_d2.0_l1.0_seed6/pargenes/mlsearch_run/bootstraps/41_fasta/41_fasta_bs7.raxml.bootstraps

Execution log saved to: /home/morelbt/github/BenoitDatasets/families/jsim_s27_f100_sites1000_d2.0_l1.0_seed6/pargenes/mlsearch_run/bootstraps/41_fasta/41_fasta_bs7.raxml.log

Analysis started: 07-Dec-2018 15:55:39 / finished: 07-Dec-2018 15:55:45

Elapsed time: 6.047 seconds

