
RAxML-NG v. 0.6.0git BETA released on 27.07.2018 by The Exelixis Lab.
Authors: Alexey Kozlov, Alexandros Stamatakis, Diego Darriba, Tomas Flouri, Benoit Morel.
Latest version: https://github.com/amkozlov/raxml-ng
Questions/problems/suggestions? Please visit: https://groups.google.com/forum/#!forum/raxml

WARNING: This is a BETA release, please use at your own risk!

RAxML-NG was called as follows:

mpi-scheduler --bootstrap --msa ../BenoitDatasets/families/alesim_s20_f50_sites400_d1.0_l0.5_t0.5_seed42/pargenes/parse_run/results/40_pruned_fasta/40_pruned_fasta.raxml.rba --blopt nr_safe --model GTR --prefix ../BenoitDatasets/families/alesim_s20_f50_sites400_d1.0_l0.5_t0.5_seed42/pargenes/mlsearch_run/bootstraps/40_pruned_fasta/40_pruned_fasta_bs9 --threads 1 --seed 10 --bs-trees 10

Analysis options:
  run mode: Bootstrapping
  start tree(s): 
  bootstrap replicates: 10
  random seed: 10
  tip-inner: ON
  pattern compression: ON
  per-rate scalers: OFF
  site repeats: OFF
  branch lengths: linked (ML estimate, algorithm: NR-SAFE)
  SIMD kernels: AVX2
  parallelization: NONE/sequential

WARNING: The model you specified on the command line (GTR) will be ignored 
         since the binary MSA file already contains a model definition.
         If you want to change the model, please re-run RAxML-NG 
         with the original PHYLIP/FASTA alignment and --redo option.

[00:00:00] Loading binary alignment from file: ../BenoitDatasets/families/alesim_s20_f50_sites400_d1.0_l0.5_t0.5_seed42/pargenes/parse_run/results/40_pruned_fasta/40_pruned_fasta.raxml.rba
[00:00:00] Alignment comprises 51 taxa, 1 partitions and 400 patterns

Partition 0: noname
Model: GTR+FO
Alignment sites / patterns: 400 / 400
Gaps: 0.00 %
Invariant sites: 0.00 %


[00:00:00] Data distribution: max. partitions/sites/weight per thread: 1 / 400 / 1600
[00:00:00] Starting bootstrapping analysis with 10 replicates.

[00:00:03] Bootstrap tree #1, logLikelihood: -9472.922933
[00:00:08] Bootstrap tree #2, logLikelihood: -9576.706752
[00:00:12] Bootstrap tree #3, logLikelihood: -9707.017234
[00:00:16] Bootstrap tree #4, logLikelihood: -9466.343576
[00:00:21] Bootstrap tree #5, logLikelihood: -9722.586338
[00:00:25] Bootstrap tree #6, logLikelihood: -9676.096306
[00:00:28] Bootstrap tree #7, logLikelihood: -9636.089888
[00:00:34] Bootstrap tree #8, logLikelihood: -9334.698847
[00:00:38] Bootstrap tree #9, logLikelihood: -9568.176617
[00:00:41] Bootstrap tree #10, logLikelihood: -9495.467468

Optimized model parameters:

   Partition 0: noname
   Rate heterogeneity: NONE
   Base frequencies (ML): 0.231340 0.245107 0.264189 0.259364 
   Substitution rates (ML): 1.230000 1.122904 1.013523 1.169828 0.979225 1.000000 
Bootstrap trees saved to: /home/morelbt/github/BenoitDatasets/families/alesim_s20_f50_sites400_d1.0_l0.5_t0.5_seed42/pargenes/mlsearch_run/bootstraps/40_pruned_fasta/40_pruned_fasta_bs9.raxml.bootstraps

Execution log saved to: /home/morelbt/github/BenoitDatasets/families/alesim_s20_f50_sites400_d1.0_l0.5_t0.5_seed42/pargenes/mlsearch_run/bootstraps/40_pruned_fasta/40_pruned_fasta_bs9.raxml.log

Analysis started: 22-Jan-2019 14:44:33 / finished: 22-Jan-2019 14:45:14

Elapsed time: 41.296 seconds

