
RAxML-NG v. 0.6.0git BETA released on 27.07.2018 by The Exelixis Lab.
Authors: Alexey Kozlov, Alexandros Stamatakis, Diego Darriba, Tomas Flouri, Benoit Morel.
Latest version: https://github.com/amkozlov/raxml-ng
Questions/problems/suggestions? Please visit: https://groups.google.com/forum/#!forum/raxml

WARNING: This is a BETA release, please use at your own risk!

RAxML-NG was called as follows:

mpi-scheduler --bootstrap --msa ../BenoitDatasets/families/alesim_s20_f50_sites400_d1.0_l0.5_seed42/pargenes/parse_run/results/46_prunedfasta/46_prunedfasta.raxml.rba --blopt nr_safe --model GTR --prefix ../BenoitDatasets/families/alesim_s20_f50_sites400_d1.0_l0.5_seed42/pargenes/mlsearch_run/bootstraps/46_prunedfasta/46_prunedfasta_bs1 --threads 1 --seed 2 --bs-trees 10

Analysis options:
  run mode: Bootstrapping
  start tree(s): 
  bootstrap replicates: 10
  random seed: 2
  tip-inner: ON
  pattern compression: ON
  per-rate scalers: OFF
  site repeats: OFF
  branch lengths: linked (ML estimate, algorithm: NR-SAFE)
  SIMD kernels: AVX2
  parallelization: NONE/sequential

WARNING: The model you specified on the command line (GTR) will be ignored 
         since the binary MSA file already contains a model definition.
         If you want to change the model, please re-run RAxML-NG 
         with the original PHYLIP/FASTA alignment and --redo option.

[00:00:00] Loading binary alignment from file: ../BenoitDatasets/families/alesim_s20_f50_sites400_d1.0_l0.5_seed42/pargenes/parse_run/results/46_prunedfasta/46_prunedfasta.raxml.rba
[00:00:00] Alignment comprises 75 taxa, 1 partitions and 400 patterns

Partition 0: noname
Model: GTR+FO
Alignment sites / patterns: 400 / 400
Gaps: 0.00 %
Invariant sites: 0.00 %


[00:00:00] Data distribution: max. partitions/sites/weight per thread: 1 / 400 / 1600
[00:00:00] Starting bootstrapping analysis with 10 replicates.

[00:00:05] Bootstrap tree #1, logLikelihood: -15140.738557
[00:00:12] Bootstrap tree #2, logLikelihood: -14769.917053
[00:00:18] Bootstrap tree #3, logLikelihood: -15085.553438
[00:00:30] Bootstrap tree #4, logLikelihood: -15034.210104
[00:00:40] Bootstrap tree #5, logLikelihood: -15000.108251
[00:00:47] Bootstrap tree #6, logLikelihood: -15036.424722
[00:00:53] Bootstrap tree #7, logLikelihood: -15127.000973
[00:00:59] Bootstrap tree #8, logLikelihood: -15444.300710
[00:01:07] Bootstrap tree #9, logLikelihood: -15047.155090
[00:01:16] Bootstrap tree #10, logLikelihood: -14833.038928

Optimized model parameters:

   Partition 0: noname
   Rate heterogeneity: NONE
   Base frequencies (ML): 0.257224 0.240972 0.261433 0.240370 
   Substitution rates (ML): 0.962494 0.863391 0.938754 0.952037 1.007174 1.000000 
Bootstrap trees saved to: /home/morelbt/github/BenoitDatasets/families/alesim_s20_f50_sites400_d1.0_l0.5_seed42/pargenes/mlsearch_run/bootstraps/46_prunedfasta/46_prunedfasta_bs1.raxml.bootstraps

Execution log saved to: /home/morelbt/github/BenoitDatasets/families/alesim_s20_f50_sites400_d1.0_l0.5_seed42/pargenes/mlsearch_run/bootstraps/46_prunedfasta/46_prunedfasta_bs1.raxml.log

Analysis started: 11-Dec-2018 15:31:16 / finished: 11-Dec-2018 15:32:33

Elapsed time: 76.872 seconds

