
RAxML-NG v. 0.6.0git BETA released on 27.07.2018 by The Exelixis Lab.
Authors: Alexey Kozlov, Alexandros Stamatakis, Diego Darriba, Tomas Flouri, Benoit Morel.
Latest version: https://github.com/amkozlov/raxml-ng
Questions/problems/suggestions? Please visit: https://groups.google.com/forum/#!forum/raxml

WARNING: This is a BETA release, please use at your own risk!

RAxML-NG was called as follows:

mpi-scheduler --bootstrap --msa ../BenoitDatasets/families/alesim_s20_f50_sites200_d0.6_l0.3_seed42/pargenes/parse_run/results/24_prunedfasta/24_prunedfasta.raxml.rba --blopt nr_safe --model GTR --prefix ../BenoitDatasets/families/alesim_s20_f50_sites200_d0.6_l0.3_seed42/pargenes/mlsearch_run/bootstraps/24_prunedfasta/24_prunedfasta_bs7 --threads 1 --seed 8 --bs-trees 10

Analysis options:
  run mode: Bootstrapping
  start tree(s): 
  bootstrap replicates: 10
  random seed: 8
  tip-inner: ON
  pattern compression: ON
  per-rate scalers: OFF
  site repeats: OFF
  branch lengths: linked (ML estimate, algorithm: NR-SAFE)
  SIMD kernels: AVX2
  parallelization: NONE/sequential

WARNING: The model you specified on the command line (GTR) will be ignored 
         since the binary MSA file already contains a model definition.
         If you want to change the model, please re-run RAxML-NG 
         with the original PHYLIP/FASTA alignment and --redo option.

[00:00:00] Loading binary alignment from file: ../BenoitDatasets/families/alesim_s20_f50_sites200_d0.6_l0.3_seed42/pargenes/parse_run/results/24_prunedfasta/24_prunedfasta.raxml.rba
[00:00:00] Alignment comprises 7 taxa, 1 partitions and 48 patterns

Partition 0: noname
Model: GTR+FO
Alignment sites / patterns: 200 / 48
Gaps: 0.00 %
Invariant sites: 2.00 %


[00:00:00] Data distribution: max. partitions/sites/weight per thread: 1 / 48 / 192
[00:00:00] Starting bootstrapping analysis with 10 replicates.

[00:00:00] Bootstrap tree #1, logLikelihood: -621.793137
[00:00:00] Bootstrap tree #2, logLikelihood: -625.097135
[00:00:00] Bootstrap tree #3, logLikelihood: -610.961435
[00:00:00] Bootstrap tree #4, logLikelihood: -641.696993
[00:00:00] Bootstrap tree #5, logLikelihood: -656.671241
[00:00:00] Bootstrap tree #6, logLikelihood: -681.044256
[00:00:00] Bootstrap tree #7, logLikelihood: -616.787033
[00:00:00] Bootstrap tree #8, logLikelihood: -607.320499
[00:00:00] Bootstrap tree #9, logLikelihood: -619.369332
[00:00:00] Bootstrap tree #10, logLikelihood: -613.992629

Optimized model parameters:

   Partition 0: noname
   Rate heterogeneity: NONE
   Base frequencies (ML): 0.305838 0.267398 0.213713 0.213051 
   Substitution rates (ML): 1.826926 1.591578 0.461402 1.363337 0.743672 1.000000 
Bootstrap trees saved to: /home/morelbt/github/BenoitDatasets/families/alesim_s20_f50_sites200_d0.6_l0.3_seed42/pargenes/mlsearch_run/bootstraps/24_prunedfasta/24_prunedfasta_bs7.raxml.bootstraps

Execution log saved to: /home/morelbt/github/BenoitDatasets/families/alesim_s20_f50_sites200_d0.6_l0.3_seed42/pargenes/mlsearch_run/bootstraps/24_prunedfasta/24_prunedfasta_bs7.raxml.log

Analysis started: 11-Dec-2018 15:14:00 / finished: 11-Dec-2018 15:14:00

Elapsed time: 0.173 seconds

