
RAxML-NG v. 0.6.0git BETA released on 27.07.2018 by The Exelixis Lab.
Authors: Alexey Kozlov, Alexandros Stamatakis, Diego Darriba, Tomas Flouri, Benoit Morel.
Latest version: https://github.com/amkozlov/raxml-ng
Questions/problems/suggestions? Please visit: https://groups.google.com/forum/#!forum/raxml

WARNING: This is a BETA release, please use at your own risk!

RAxML-NG was called as follows:

mpi-scheduler --bootstrap --msa ../BenoitDatasets/families/jsim_s27_f100_sites1000_d2.0_l1.0_seed6/pargenes/parse_run/results/58_fasta/58_fasta.raxml.rba --blopt nr_safe --model GTR --prefix ../BenoitDatasets/families/jsim_s27_f100_sites1000_d2.0_l1.0_seed6/pargenes/mlsearch_run/bootstraps/58_fasta/58_fasta_bs0 --threads 1 --seed 1 --bs-trees 10

Analysis options:
  run mode: Bootstrapping
  start tree(s): 
  bootstrap replicates: 10
  random seed: 1
  tip-inner: ON
  pattern compression: ON
  per-rate scalers: OFF
  site repeats: OFF
  branch lengths: linked (ML estimate, algorithm: NR-SAFE)
  SIMD kernels: AVX2
  parallelization: NONE/sequential

WARNING: The model you specified on the command line (GTR) will be ignored 
         since the binary MSA file already contains a model definition.
         If you want to change the model, please re-run RAxML-NG 
         with the original PHYLIP/FASTA alignment and --redo option.

[00:00:00] Loading binary alignment from file: ../BenoitDatasets/families/jsim_s27_f100_sites1000_d2.0_l1.0_seed6/pargenes/parse_run/results/58_fasta/58_fasta.raxml.rba
[00:00:00] Alignment comprises 35 taxa, 1 partitions and 1000 patterns

Partition 0: noname
Model: GTR+FO
Alignment sites / patterns: 1000 / 1000
Gaps: 0.00 %
Invariant sites: 0.00 %


[00:00:00] Data distribution: max. partitions/sites/weight per thread: 1 / 1000 / 4000
[00:00:00] Starting bootstrapping analysis with 10 replicates.

[00:00:06] Bootstrap tree #1, logLikelihood: -33215.993389
[00:00:13] Bootstrap tree #2, logLikelihood: -33216.737862
[00:00:19] Bootstrap tree #3, logLikelihood: -33114.199122
[00:00:25] Bootstrap tree #4, logLikelihood: -32907.908104
[00:00:33] Bootstrap tree #5, logLikelihood: -32926.576901
[00:00:39] Bootstrap tree #6, logLikelihood: -33073.429256
[00:00:45] Bootstrap tree #7, logLikelihood: -33090.003128
[00:00:53] Bootstrap tree #8, logLikelihood: -32815.678863
[00:01:06] Bootstrap tree #9, logLikelihood: -32848.060227
[00:01:16] Bootstrap tree #10, logLikelihood: -32861.452710

Optimized model parameters:

   Partition 0: noname
   Rate heterogeneity: NONE
   Base frequencies (ML): 0.261068 0.236945 0.248075 0.253912 
   Substitution rates (ML): 1.027337 1.053826 0.922051 1.116531 1.098964 1.000000 
Bootstrap trees saved to: /home/morelbt/github/BenoitDatasets/families/jsim_s27_f100_sites1000_d2.0_l1.0_seed6/pargenes/mlsearch_run/bootstraps/58_fasta/58_fasta_bs0.raxml.bootstraps

Execution log saved to: /home/morelbt/github/BenoitDatasets/families/jsim_s27_f100_sites1000_d2.0_l1.0_seed6/pargenes/mlsearch_run/bootstraps/58_fasta/58_fasta_bs0.raxml.log

Analysis started: 07-Dec-2018 15:49:34 / finished: 07-Dec-2018 15:50:51

Elapsed time: 76.926 seconds

