
RAxML-NG v. 0.6.0git BETA released on 27.07.2018 by The Exelixis Lab.
Authors: Alexey Kozlov, Alexandros Stamatakis, Diego Darriba, Tomas Flouri, Benoit Morel.
Latest version: https://github.com/amkozlov/raxml-ng
Questions/problems/suggestions? Please visit: https://groups.google.com/forum/#!forum/raxml

WARNING: This is a BETA release, please use at your own risk!

RAxML-NG was called as follows:

mpi-scheduler --bootstrap --msa ../BenoitDatasets/families/jsim_s27_f100_sites1000_d2.0_l1.0_seed6/pargenes/parse_run/results/42_fasta/42_fasta.raxml.rba --blopt nr_safe --model GTR --prefix ../BenoitDatasets/families/jsim_s27_f100_sites1000_d2.0_l1.0_seed6/pargenes/mlsearch_run/bootstraps/42_fasta/42_fasta_bs5 --threads 1 --seed 6 --bs-trees 10

Analysis options:
  run mode: Bootstrapping
  start tree(s): 
  bootstrap replicates: 10
  random seed: 6
  tip-inner: ON
  pattern compression: ON
  per-rate scalers: OFF
  site repeats: OFF
  branch lengths: linked (ML estimate, algorithm: NR-SAFE)
  SIMD kernels: AVX2
  parallelization: NONE/sequential

WARNING: The model you specified on the command line (GTR) will be ignored 
         since the binary MSA file already contains a model definition.
         If you want to change the model, please re-run RAxML-NG 
         with the original PHYLIP/FASTA alignment and --redo option.

[00:00:00] Loading binary alignment from file: ../BenoitDatasets/families/jsim_s27_f100_sites1000_d2.0_l1.0_seed6/pargenes/parse_run/results/42_fasta/42_fasta.raxml.rba
[00:00:00] Alignment comprises 43 taxa, 1 partitions and 1000 patterns

Partition 0: noname
Model: GTR+FO
Alignment sites / patterns: 1000 / 1000
Gaps: 0.00 %
Invariant sites: 0.00 %


[00:00:00] Data distribution: max. partitions/sites/weight per thread: 1 / 1000 / 4000
[00:00:00] Starting bootstrapping analysis with 10 replicates.

[00:00:13] Bootstrap tree #1, logLikelihood: -39000.011028
[00:00:22] Bootstrap tree #2, logLikelihood: -39009.019162
[00:00:33] Bootstrap tree #3, logLikelihood: -38943.991139
[00:00:40] Bootstrap tree #4, logLikelihood: -39184.188586
[00:00:49] Bootstrap tree #5, logLikelihood: -38978.478510
[00:00:57] Bootstrap tree #6, logLikelihood: -38822.473416
[00:01:09] Bootstrap tree #7, logLikelihood: -39000.190140
[00:01:17] Bootstrap tree #8, logLikelihood: -38903.885592
[00:01:25] Bootstrap tree #9, logLikelihood: -39078.432093
[00:01:33] Bootstrap tree #10, logLikelihood: -39003.843392

Optimized model parameters:

   Partition 0: noname
   Rate heterogeneity: NONE
   Base frequencies (ML): 0.248757 0.252893 0.250249 0.248100 
   Substitution rates (ML): 0.813637 0.952746 0.847087 0.913729 0.945230 1.000000 
Bootstrap trees saved to: /home/morelbt/github/BenoitDatasets/families/jsim_s27_f100_sites1000_d2.0_l1.0_seed6/pargenes/mlsearch_run/bootstraps/42_fasta/42_fasta_bs5.raxml.bootstraps

Execution log saved to: /home/morelbt/github/BenoitDatasets/families/jsim_s27_f100_sites1000_d2.0_l1.0_seed6/pargenes/mlsearch_run/bootstraps/42_fasta/42_fasta_bs5.raxml.log

Analysis started: 07-Dec-2018 15:45:58 / finished: 07-Dec-2018 15:47:32

Elapsed time: 93.321 seconds

