
RAxML-NG v. 0.6.0git BETA released on 27.07.2018 by The Exelixis Lab.
Authors: Alexey Kozlov, Alexandros Stamatakis, Diego Darriba, Tomas Flouri, Benoit Morel.
Latest version: https://github.com/amkozlov/raxml-ng
Questions/problems/suggestions? Please visit: https://groups.google.com/forum/#!forum/raxml

WARNING: This is a BETA release, please use at your own risk!

RAxML-NG was called as follows:

mpi-scheduler --msa ../BenoitDatasets/families/alesim_s30_f50_sites200_d2.0_l1.0_seed42/pargenes/parse_run/results/24_prunedfasta/24_prunedfasta.raxml.rba --blopt nr_safe --model GTR --prefix ../BenoitDatasets/families/alesim_s30_f50_sites200_d2.0_l1.0_seed42/pargenes/mlsearch_run/results/24_prunedfasta/24_prunedfasta --threads 1 --seed 1

Analysis options:
  run mode: ML tree search
  start tree(s): random (1)
  random seed: 1
  tip-inner: ON
  pattern compression: ON
  per-rate scalers: OFF
  site repeats: OFF
  fast spr radius: AUTO
  spr subtree cutoff: 1.000000
  branch lengths: linked (ML estimate, algorithm: NR-SAFE)
  SIMD kernels: AVX2
  parallelization: NONE/sequential

WARNING: The model you specified on the command line (GTR) will be ignored 
         since the binary MSA file already contains a model definition.
         If you want to change the model, please re-run RAxML-NG 
         with the original PHYLIP/FASTA alignment and --redo option.

[00:00:00] Loading binary alignment from file: ../BenoitDatasets/families/alesim_s30_f50_sites200_d2.0_l1.0_seed42/pargenes/parse_run/results/24_prunedfasta/24_prunedfasta.raxml.rba
[00:00:00] Alignment comprises 415 taxa, 1 partitions and 200 patterns

Partition 0: noname
Model: GTR+FO
Alignment sites / patterns: 200 / 200
Gaps: 0.00 %
Invariant sites: 0.00 %


[00:00:00] Generating 1 random starting tree(s) with 415 taxa
[00:00:00] Data distribution: max. partitions/sites/weight per thread: 1 / 200 / 800

Starting ML tree search with 1 distinct starting trees

[00:00:00 -115590.968679] Initial branch length optimization
[00:00:00 -91825.866442] Model parameter optimization (eps = 10.000000)
[00:00:00 -91789.961295] AUTODETECT spr round 1 (radius: 5)
[00:00:01 -65740.064295] AUTODETECT spr round 2 (radius: 10)
[00:00:04 -45455.945887] AUTODETECT spr round 3 (radius: 15)
[00:00:07 -33682.732471] AUTODETECT spr round 4 (radius: 20)
[00:00:12 -33575.800542] AUTODETECT spr round 5 (radius: 25)
[00:00:16 -33530.358098] SPR radius for FAST iterations: 25 (autodetect)
[00:00:16 -33530.358098] Model parameter optimization (eps = 3.000000)
[00:00:16 -33520.151966] FAST spr round 1 (radius: 25)
[00:00:18 -26864.566941] FAST spr round 2 (radius: 25)
[00:00:20 -26383.131081] FAST spr round 3 (radius: 25)
[00:00:22 -26322.672071] FAST spr round 4 (radius: 25)
[00:00:23 -26322.554108] FAST spr round 5 (radius: 25)
[00:00:24 -26322.554108] Model parameter optimization (eps = 1.000000)
[00:00:25 -26321.038374] SLOW spr round 1 (radius: 5)
[00:00:29 -26317.285737] SLOW spr round 2 (radius: 5)
[00:00:32 -26315.955907] SLOW spr round 3 (radius: 5)
[00:00:36 -26315.955736] SLOW spr round 4 (radius: 10)
[00:00:41 -26315.955733] SLOW spr round 5 (radius: 15)
[00:00:56 -26315.955733] SLOW spr round 6 (radius: 20)
[00:01:14 -26315.955732] SLOW spr round 7 (radius: 25)
[00:01:17 -26315.955732] Model parameter optimization (eps = 0.100000)

[00:01:17] ML tree search #1, logLikelihood: -26315.888029


Optimized model parameters:

   Partition 0: noname
   Rate heterogeneity: NONE
   Base frequencies (ML): 0.250338 0.244985 0.250549 0.254128 
   Substitution rates (ML): 1.061676 1.031924 1.016881 0.980014 1.096029 1.000000 

Final LogLikelihood: -26315.888029

Best ML tree saved to: /home/morelbt/github/BenoitDatasets/families/alesim_s30_f50_sites200_d2.0_l1.0_seed42/pargenes/mlsearch_run/results/24_prunedfasta/24_prunedfasta.raxml.bestTree
Optimized model saved to: /home/morelbt/github/BenoitDatasets/families/alesim_s30_f50_sites200_d2.0_l1.0_seed42/pargenes/mlsearch_run/results/24_prunedfasta/24_prunedfasta.raxml.bestModel

Execution log saved to: /home/morelbt/github/BenoitDatasets/families/alesim_s30_f50_sites200_d2.0_l1.0_seed42/pargenes/mlsearch_run/results/24_prunedfasta/24_prunedfasta.raxml.log

Analysis started: 11-Dec-2018 20:57:44 / finished: 11-Dec-2018 20:59:02

Elapsed time: 77.971 seconds

