
RAxML-NG v. 0.6.0git BETA released on 27.07.2018 by The Exelixis Lab.
Authors: Alexey Kozlov, Alexandros Stamatakis, Diego Darriba, Tomas Flouri, Benoit Morel.
Latest version: https://github.com/amkozlov/raxml-ng
Questions/problems/suggestions? Please visit: https://groups.google.com/forum/#!forum/raxml

WARNING: This is a BETA release, please use at your own risk!

RAxML-NG was called as follows:

mpi-scheduler --bootstrap --msa ../BenoitDatasets/families/alesim_s30_f50_sites200_d2.0_l1.0_seed42/pargenes/parse_run/results/21_prunedfasta/21_prunedfasta.raxml.rba --blopt nr_safe --model GTR --prefix ../BenoitDatasets/families/alesim_s30_f50_sites200_d2.0_l1.0_seed42/pargenes/mlsearch_run/bootstraps/21_prunedfasta/21_prunedfasta_bs1 --threads 1 --seed 2 --bs-trees 10

Analysis options:
  run mode: Bootstrapping
  start tree(s): 
  bootstrap replicates: 10
  random seed: 2
  tip-inner: ON
  pattern compression: ON
  per-rate scalers: OFF
  site repeats: OFF
  branch lengths: linked (ML estimate, algorithm: NR-SAFE)
  SIMD kernels: AVX2
  parallelization: NONE/sequential

WARNING: The model you specified on the command line (GTR) will be ignored 
         since the binary MSA file already contains a model definition.
         If you want to change the model, please re-run RAxML-NG 
         with the original PHYLIP/FASTA alignment and --redo option.

[00:00:00] Loading binary alignment from file: ../BenoitDatasets/families/alesim_s30_f50_sites200_d2.0_l1.0_seed42/pargenes/parse_run/results/21_prunedfasta/21_prunedfasta.raxml.rba
[00:00:00] Alignment comprises 13 taxa, 1 partitions and 64 patterns

Partition 0: noname
Model: GTR+FO
Alignment sites / patterns: 200 / 64
Gaps: 0.00 %
Invariant sites: 2.00 %


[00:00:00] Data distribution: max. partitions/sites/weight per thread: 1 / 64 / 256
[00:00:00] Starting bootstrapping analysis with 10 replicates.

[00:00:00] Bootstrap tree #1, logLikelihood: -676.501540
[00:00:00] Bootstrap tree #2, logLikelihood: -732.064107
[00:00:00] Bootstrap tree #3, logLikelihood: -736.993988
[00:00:00] Bootstrap tree #4, logLikelihood: -669.286296
[00:00:00] Bootstrap tree #5, logLikelihood: -643.838042
[00:00:00] Bootstrap tree #6, logLikelihood: -718.039747
[00:00:00] Bootstrap tree #7, logLikelihood: -712.247106
[00:00:00] Bootstrap tree #8, logLikelihood: -701.364291
[00:00:00] Bootstrap tree #9, logLikelihood: -729.275597
[00:00:00] Bootstrap tree #10, logLikelihood: -705.879521

Optimized model parameters:

   Partition 0: noname
   Rate heterogeneity: NONE
   Base frequencies (ML): 0.215286 0.295353 0.206910 0.282450 
   Substitution rates (ML): 0.919837 0.879709 1.407259 0.351801 0.467054 1.000000 
Bootstrap trees saved to: /home/morelbt/github/BenoitDatasets/families/alesim_s30_f50_sites200_d2.0_l1.0_seed42/pargenes/mlsearch_run/bootstraps/21_prunedfasta/21_prunedfasta_bs1.raxml.bootstraps

Execution log saved to: /home/morelbt/github/BenoitDatasets/families/alesim_s30_f50_sites200_d2.0_l1.0_seed42/pargenes/mlsearch_run/bootstraps/21_prunedfasta/21_prunedfasta_bs1.raxml.log

Analysis started: 11-Dec-2018 20:58:02 / finished: 11-Dec-2018 20:58:02

Elapsed time: 0.577 seconds

