
RAxML-NG v. 0.6.0git BETA released on 27.07.2018 by The Exelixis Lab.
Authors: Alexey Kozlov, Alexandros Stamatakis, Diego Darriba, Tomas Flouri, Benoit Morel.
Latest version: https://github.com/amkozlov/raxml-ng
Questions/problems/suggestions? Please visit: https://groups.google.com/forum/#!forum/raxml

WARNING: This is a BETA release, please use at your own risk!

RAxML-NG was called as follows:

mpi-scheduler --bootstrap --msa ../BenoitDatasets/families/jsim_s27_f100_sites1000_d2.0_l1.0_seed6/pargenes/parse_run/results/47_fasta/47_fasta.raxml.rba --blopt nr_safe --model GTR --prefix ../BenoitDatasets/families/jsim_s27_f100_sites1000_d2.0_l1.0_seed6/pargenes/mlsearch_run/bootstraps/47_fasta/47_fasta_bs4 --threads 1 --seed 5 --bs-trees 10

Analysis options:
  run mode: Bootstrapping
  start tree(s): 
  bootstrap replicates: 10
  random seed: 5
  tip-inner: ON
  pattern compression: ON
  per-rate scalers: OFF
  site repeats: OFF
  branch lengths: linked (ML estimate, algorithm: NR-SAFE)
  SIMD kernels: AVX2
  parallelization: NONE/sequential

WARNING: The model you specified on the command line (GTR) will be ignored 
         since the binary MSA file already contains a model definition.
         If you want to change the model, please re-run RAxML-NG 
         with the original PHYLIP/FASTA alignment and --redo option.

[00:00:00] Loading binary alignment from file: ../BenoitDatasets/families/jsim_s27_f100_sites1000_d2.0_l1.0_seed6/pargenes/parse_run/results/47_fasta/47_fasta.raxml.rba
[00:00:00] Alignment comprises 48 taxa, 1 partitions and 1000 patterns

Partition 0: noname
Model: GTR+FO
Alignment sites / patterns: 1000 / 1000
Gaps: 0.00 %
Invariant sites: 0.00 %


[00:00:00] Data distribution: max. partitions/sites/weight per thread: 1 / 1000 / 4000
[00:00:00] Starting bootstrapping analysis with 10 replicates.

[00:00:10] Bootstrap tree #1, logLikelihood: -44952.529486
[00:00:22] Bootstrap tree #2, logLikelihood: -44734.375932
[00:00:34] Bootstrap tree #3, logLikelihood: -45134.675164
[00:00:45] Bootstrap tree #4, logLikelihood: -44707.183920
[00:00:55] Bootstrap tree #5, logLikelihood: -44831.356899
[00:01:08] Bootstrap tree #6, logLikelihood: -44849.530970
[00:01:20] Bootstrap tree #7, logLikelihood: -45005.262160
[00:01:33] Bootstrap tree #8, logLikelihood: -44877.556674
[00:01:48] Bootstrap tree #9, logLikelihood: -44948.519205
[00:02:00] Bootstrap tree #10, logLikelihood: -44767.485810

Optimized model parameters:

   Partition 0: noname
   Rate heterogeneity: NONE
   Base frequencies (ML): 0.258234 0.253537 0.264401 0.223829 
   Substitution rates (ML): 0.877260 0.920085 1.033529 0.888455 0.992383 1.000000 
Bootstrap trees saved to: /home/morelbt/github/BenoitDatasets/families/jsim_s27_f100_sites1000_d2.0_l1.0_seed6/pargenes/mlsearch_run/bootstraps/47_fasta/47_fasta_bs4.raxml.bootstraps

Execution log saved to: /home/morelbt/github/BenoitDatasets/families/jsim_s27_f100_sites1000_d2.0_l1.0_seed6/pargenes/mlsearch_run/bootstraps/47_fasta/47_fasta_bs4.raxml.log

Analysis started: 07-Dec-2018 15:43:58 / finished: 07-Dec-2018 15:45:58

Elapsed time: 120.525 seconds

