
RAxML-NG v. 0.6.0git BETA released on 27.07.2018 by The Exelixis Lab.
Authors: Alexey Kozlov, Alexandros Stamatakis, Diego Darriba, Tomas Flouri, Benoit Morel.
Latest version: https://github.com/amkozlov/raxml-ng
Questions/problems/suggestions? Please visit: https://groups.google.com/forum/#!forum/raxml

WARNING: This is a BETA release, please use at your own risk!

RAxML-NG was called as follows:

mpi-scheduler --bootstrap --msa ../BenoitDatasets/families/jsim_s27_f100_sites1000_d2.0_l1.0_seed6/pargenes/parse_run/results/47_fasta/47_fasta.raxml.rba --blopt nr_safe --model GTR --prefix ../BenoitDatasets/families/jsim_s27_f100_sites1000_d2.0_l1.0_seed6/pargenes/mlsearch_run/bootstraps/47_fasta/47_fasta_bs5 --threads 1 --seed 6 --bs-trees 10

Analysis options:
  run mode: Bootstrapping
  start tree(s): 
  bootstrap replicates: 10
  random seed: 6
  tip-inner: ON
  pattern compression: ON
  per-rate scalers: OFF
  site repeats: OFF
  branch lengths: linked (ML estimate, algorithm: NR-SAFE)
  SIMD kernels: AVX2
  parallelization: NONE/sequential

WARNING: The model you specified on the command line (GTR) will be ignored 
         since the binary MSA file already contains a model definition.
         If you want to change the model, please re-run RAxML-NG 
         with the original PHYLIP/FASTA alignment and --redo option.

[00:00:00] Loading binary alignment from file: ../BenoitDatasets/families/jsim_s27_f100_sites1000_d2.0_l1.0_seed6/pargenes/parse_run/results/47_fasta/47_fasta.raxml.rba
[00:00:00] Alignment comprises 48 taxa, 1 partitions and 1000 patterns

Partition 0: noname
Model: GTR+FO
Alignment sites / patterns: 1000 / 1000
Gaps: 0.00 %
Invariant sites: 0.00 %


[00:00:00] Data distribution: max. partitions/sites/weight per thread: 1 / 1000 / 4000
[00:00:00] Starting bootstrapping analysis with 10 replicates.

[00:00:12] Bootstrap tree #1, logLikelihood: -44977.344063
[00:00:21] Bootstrap tree #2, logLikelihood: -44809.399444
[00:00:32] Bootstrap tree #3, logLikelihood: -45069.437064
[00:00:44] Bootstrap tree #4, logLikelihood: -44634.279687
[00:00:55] Bootstrap tree #5, logLikelihood: -45155.112128
[00:01:06] Bootstrap tree #6, logLikelihood: -44831.418211
[00:01:21] Bootstrap tree #7, logLikelihood: -44772.330589
[00:01:34] Bootstrap tree #8, logLikelihood: -44916.892777
[00:01:45] Bootstrap tree #9, logLikelihood: -45211.133909
[00:01:58] Bootstrap tree #10, logLikelihood: -44980.798670

Optimized model parameters:

   Partition 0: noname
   Rate heterogeneity: NONE
   Base frequencies (ML): 0.261363 0.255797 0.247952 0.234889 
   Substitution rates (ML): 0.877800 0.928758 0.925783 0.908183 0.951182 1.000000 
Bootstrap trees saved to: /home/morelbt/github/BenoitDatasets/families/jsim_s27_f100_sites1000_d2.0_l1.0_seed6/pargenes/mlsearch_run/bootstraps/47_fasta/47_fasta_bs5.raxml.bootstraps

Execution log saved to: /home/morelbt/github/BenoitDatasets/families/jsim_s27_f100_sites1000_d2.0_l1.0_seed6/pargenes/mlsearch_run/bootstraps/47_fasta/47_fasta_bs5.raxml.log

Analysis started: 07-Dec-2018 15:44:09 / finished: 07-Dec-2018 15:46:08

Elapsed time: 118.646 seconds

