
RAxML-NG v. 0.6.0git BETA released on 27.07.2018 by The Exelixis Lab.
Authors: Alexey Kozlov, Alexandros Stamatakis, Diego Darriba, Tomas Flouri, Benoit Morel.
Latest version: https://github.com/amkozlov/raxml-ng
Questions/problems/suggestions? Please visit: https://groups.google.com/forum/#!forum/raxml

WARNING: This is a BETA release, please use at your own risk!

RAxML-NG was called as follows:

mpi-scheduler --bootstrap --msa ../BenoitDatasets/families/jsim_s27_f100_sites1000_d2.0_l1.0_seed6/pargenes/parse_run/results/53_fasta/53_fasta.raxml.rba --blopt nr_safe --model GTR --prefix ../BenoitDatasets/families/jsim_s27_f100_sites1000_d2.0_l1.0_seed6/pargenes/mlsearch_run/bootstraps/53_fasta/53_fasta_bs4 --threads 1 --seed 5 --bs-trees 10

Analysis options:
  run mode: Bootstrapping
  start tree(s): 
  bootstrap replicates: 10
  random seed: 5
  tip-inner: ON
  pattern compression: ON
  per-rate scalers: OFF
  site repeats: OFF
  branch lengths: linked (ML estimate, algorithm: NR-SAFE)
  SIMD kernels: AVX2
  parallelization: NONE/sequential

WARNING: The model you specified on the command line (GTR) will be ignored 
         since the binary MSA file already contains a model definition.
         If you want to change the model, please re-run RAxML-NG 
         with the original PHYLIP/FASTA alignment and --redo option.

[00:00:00] Loading binary alignment from file: ../BenoitDatasets/families/jsim_s27_f100_sites1000_d2.0_l1.0_seed6/pargenes/parse_run/results/53_fasta/53_fasta.raxml.rba
[00:00:00] Alignment comprises 35 taxa, 1 partitions and 1000 patterns

Partition 0: noname
Model: GTR+FO
Alignment sites / patterns: 1000 / 1000
Gaps: 0.00 %
Invariant sites: 0.00 %


[00:00:00] Data distribution: max. partitions/sites/weight per thread: 1 / 1000 / 4000
[00:00:00] Starting bootstrapping analysis with 10 replicates.

[00:00:06] Bootstrap tree #1, logLikelihood: -34439.471760
[00:00:11] Bootstrap tree #2, logLikelihood: -34297.349650
[00:00:17] Bootstrap tree #3, logLikelihood: -34686.983941
[00:00:23] Bootstrap tree #4, logLikelihood: -34623.215664
[00:00:28] Bootstrap tree #5, logLikelihood: -34682.537494
[00:00:35] Bootstrap tree #6, logLikelihood: -34760.775827
[00:00:42] Bootstrap tree #7, logLikelihood: -34633.707611
[00:00:47] Bootstrap tree #8, logLikelihood: -34482.929829
[00:00:53] Bootstrap tree #9, logLikelihood: -34802.291064
[00:00:58] Bootstrap tree #10, logLikelihood: -34605.994138

Optimized model parameters:

   Partition 0: noname
   Rate heterogeneity: NONE
   Base frequencies (ML): 0.254027 0.249641 0.254074 0.242259 
   Substitution rates (ML): 0.982645 0.968523 0.963298 1.013159 0.964270 1.000000 
Bootstrap trees saved to: /home/morelbt/github/BenoitDatasets/families/jsim_s27_f100_sites1000_d2.0_l1.0_seed6/pargenes/mlsearch_run/bootstraps/53_fasta/53_fasta_bs4.raxml.bootstraps

Execution log saved to: /home/morelbt/github/BenoitDatasets/families/jsim_s27_f100_sites1000_d2.0_l1.0_seed6/pargenes/mlsearch_run/bootstraps/53_fasta/53_fasta_bs4.raxml.log

Analysis started: 07-Dec-2018 15:50:03 / finished: 07-Dec-2018 15:51:01

Elapsed time: 58.346 seconds

