
RAxML-NG v. 0.6.0git BETA released on 27.07.2018 by The Exelixis Lab.
Authors: Alexey Kozlov, Alexandros Stamatakis, Diego Darriba, Tomas Flouri, Benoit Morel.
Latest version: https://github.com/amkozlov/raxml-ng
Questions/problems/suggestions? Please visit: https://groups.google.com/forum/#!forum/raxml

WARNING: This is a BETA release, please use at your own risk!

RAxML-NG was called as follows:

mpi-scheduler --msa ../BenoitDatasets/families/jsim_s27_f100_sites200_d0.2_l0.1_seed6/pargenes/parse_run/results/35_fasta/35_fasta.raxml.rba --blopt nr_safe --model GTR --prefix ../BenoitDatasets/families/jsim_s27_f100_sites200_d0.2_l0.1_seed6/pargenes/mlsearch_run/results/35_fasta/35_fasta --threads 1 --seed 1

Analysis options:
  run mode: ML tree search
  start tree(s): random (1)
  random seed: 1
  tip-inner: ON
  pattern compression: ON
  per-rate scalers: OFF
  site repeats: OFF
  fast spr radius: AUTO
  spr subtree cutoff: 1.000000
  branch lengths: linked (ML estimate, algorithm: NR-SAFE)
  SIMD kernels: AVX2
  parallelization: NONE/sequential

WARNING: The model you specified on the command line (GTR) will be ignored 
         since the binary MSA file already contains a model definition.
         If you want to change the model, please re-run RAxML-NG 
         with the original PHYLIP/FASTA alignment and --redo option.

[00:00:00] Loading binary alignment from file: ../BenoitDatasets/families/jsim_s27_f100_sites200_d0.2_l0.1_seed6/pargenes/parse_run/results/35_fasta/35_fasta.raxml.rba
[00:00:00] Alignment comprises 26 taxa, 1 partitions and 200 patterns

Partition 0: noname
Model: GTR+FO
Alignment sites / patterns: 200 / 200
Gaps: 0.00 %
Invariant sites: 0.00 %


[00:00:00] Generating 1 random starting tree(s) with 26 taxa
[00:00:00] Data distribution: max. partitions/sites/weight per thread: 1 / 200 / 800

Starting ML tree search with 1 distinct starting trees

[00:00:00 -8664.595750] Initial branch length optimization
[00:00:00 -6835.323178] Model parameter optimization (eps = 10.000000)
[00:00:00 -6825.390909] AUTODETECT spr round 1 (radius: 5)
[00:00:00 -6150.949544] AUTODETECT spr round 2 (radius: 10)
[00:00:00 -5988.211955] AUTODETECT spr round 3 (radius: 15)
[00:00:00 -5988.180008] SPR radius for FAST iterations: 10 (autodetect)
[00:00:00 -5988.180008] Model parameter optimization (eps = 3.000000)
[00:00:00 -5985.236409] FAST spr round 1 (radius: 10)
[00:00:00 -5937.149316] FAST spr round 2 (radius: 10)
[00:00:00 -5936.876939] FAST spr round 3 (radius: 10)
[00:00:00 -5936.875973] Model parameter optimization (eps = 1.000000)
[00:00:00 -5936.693719] SLOW spr round 1 (radius: 5)
[00:00:00 -5936.570179] SLOW spr round 2 (radius: 5)
[00:00:00 -5936.537849] SLOW spr round 3 (radius: 10)
[00:00:01 -5936.536532] SLOW spr round 4 (radius: 15)
[00:00:01 -5936.536190] SLOW spr round 5 (radius: 20)
[00:00:01 -5936.536083] SLOW spr round 6 (radius: 25)
[00:00:01 -5936.536047] Model parameter optimization (eps = 0.100000)

[00:00:01] ML tree search #1, logLikelihood: -5936.517931


Optimized model parameters:

   Partition 0: noname
   Rate heterogeneity: NONE
   Base frequencies (ML): 0.259760 0.262841 0.253568 0.223831 
   Substitution rates (ML): 1.060815 1.164643 1.258085 1.294594 1.171655 1.000000 

Final LogLikelihood: -5936.517931

Best ML tree saved to: /home/morelbt/github/BenoitDatasets/families/jsim_s27_f100_sites200_d0.2_l0.1_seed6/pargenes/mlsearch_run/results/35_fasta/35_fasta.raxml.bestTree
Optimized model saved to: /home/morelbt/github/BenoitDatasets/families/jsim_s27_f100_sites200_d0.2_l0.1_seed6/pargenes/mlsearch_run/results/35_fasta/35_fasta.raxml.bestModel

Execution log saved to: /home/morelbt/github/BenoitDatasets/families/jsim_s27_f100_sites200_d0.2_l0.1_seed6/pargenes/mlsearch_run/results/35_fasta/35_fasta.raxml.log

Analysis started: 07-Dec-2018 16:06:18 / finished: 07-Dec-2018 16:06:19

Elapsed time: 1.331 seconds

