
RAxML-NG v. 0.6.0git BETA released on 27.07.2018 by The Exelixis Lab.
Authors: Alexey Kozlov, Alexandros Stamatakis, Diego Darriba, Tomas Flouri, Benoit Morel.
Latest version: https://github.com/amkozlov/raxml-ng
Questions/problems/suggestions? Please visit: https://groups.google.com/forum/#!forum/raxml

WARNING: This is a BETA release, please use at your own risk!

RAxML-NG was called as follows:

mpi-scheduler --bootstrap --msa ../BenoitDatasets/families/alesim_s20_f50_sites200_d0.6_l0.3_seed42/pargenes/parse_run/results/6_prunedfasta/6_prunedfasta.raxml.rba --blopt nr_safe --model GTR --prefix ../BenoitDatasets/families/alesim_s20_f50_sites200_d0.6_l0.3_seed42/pargenes/mlsearch_run/bootstraps/6_prunedfasta/6_prunedfasta_bs1 --threads 1 --seed 2 --bs-trees 10

Analysis options:
  run mode: Bootstrapping
  start tree(s): 
  bootstrap replicates: 10
  random seed: 2
  tip-inner: ON
  pattern compression: ON
  per-rate scalers: OFF
  site repeats: OFF
  branch lengths: linked (ML estimate, algorithm: NR-SAFE)
  SIMD kernels: AVX2
  parallelization: NONE/sequential

WARNING: The model you specified on the command line (GTR) will be ignored 
         since the binary MSA file already contains a model definition.
         If you want to change the model, please re-run RAxML-NG 
         with the original PHYLIP/FASTA alignment and --redo option.

[00:00:00] Loading binary alignment from file: ../BenoitDatasets/families/alesim_s20_f50_sites200_d0.6_l0.3_seed42/pargenes/parse_run/results/6_prunedfasta/6_prunedfasta.raxml.rba
[00:00:00] Alignment comprises 5 taxa, 1 partitions and 30 patterns

Partition 0: noname
Model: GTR+FO
Alignment sites / patterns: 200 / 30
Gaps: 0.00 %
Invariant sites: 2.00 %


[00:00:00] Data distribution: max. partitions/sites/weight per thread: 1 / 30 / 120
[00:00:00] Starting bootstrapping analysis with 10 replicates.

[00:00:00] Bootstrap tree #1, logLikelihood: -439.564463
[00:00:00] Bootstrap tree #2, logLikelihood: -505.229836
[00:00:00] Bootstrap tree #3, logLikelihood: -494.140637
[00:00:00] Bootstrap tree #4, logLikelihood: -509.566111
[00:00:00] Bootstrap tree #5, logLikelihood: -499.406675
[00:00:00] Bootstrap tree #6, logLikelihood: -444.523610
[00:00:00] Bootstrap tree #7, logLikelihood: -493.607467
[00:00:00] Bootstrap tree #8, logLikelihood: -457.810564
[00:00:00] Bootstrap tree #9, logLikelihood: -496.943906
[00:00:00] Bootstrap tree #10, logLikelihood: -448.202236

Optimized model parameters:

   Partition 0: noname
   Rate heterogeneity: NONE
   Base frequencies (ML): 0.191426 0.331231 0.264058 0.213285 
   Substitution rates (ML): 3.334293 0.833973 1.032437 0.043779 0.766876 1.000000 
Bootstrap trees saved to: /home/morelbt/github/BenoitDatasets/families/alesim_s20_f50_sites200_d0.6_l0.3_seed42/pargenes/mlsearch_run/bootstraps/6_prunedfasta/6_prunedfasta_bs1.raxml.bootstraps

Execution log saved to: /home/morelbt/github/BenoitDatasets/families/alesim_s20_f50_sites200_d0.6_l0.3_seed42/pargenes/mlsearch_run/bootstraps/6_prunedfasta/6_prunedfasta_bs1.raxml.log

Analysis started: 11-Dec-2018 15:14:00 / finished: 11-Dec-2018 15:14:00

Elapsed time: 0.081 seconds

