
RAxML-NG v. 0.6.0git BETA released on 27.07.2018 by The Exelixis Lab.
Authors: Alexey Kozlov, Alexandros Stamatakis, Diego Darriba, Tomas Flouri, Benoit Morel.
Latest version: https://github.com/amkozlov/raxml-ng
Questions/problems/suggestions? Please visit: https://groups.google.com/forum/#!forum/raxml

WARNING: This is a BETA release, please use at your own risk!

RAxML-NG was called as follows:

mpi-scheduler --bootstrap --msa ../BenoitDatasets/families/jsim_s8_f100_sites300_d2.0_l1.0/pargenes/parse_run/results/15_fasta/15_fasta.raxml.rba --blopt nr_safe --model GTR --prefix ../BenoitDatasets/families/jsim_s8_f100_sites300_d2.0_l1.0/pargenes/mlsearch_run/bootstraps/15_fasta/15_fasta_bs0 --threads 1 --seed 1 --bs-trees 10

Analysis options:
  run mode: Bootstrapping
  start tree(s): 
  bootstrap replicates: 10
  random seed: 1
  tip-inner: ON
  pattern compression: ON
  per-rate scalers: OFF
  site repeats: OFF
  branch lengths: linked (ML estimate, algorithm: NR-SAFE)
  SIMD kernels: AVX2
  parallelization: NONE/sequential

WARNING: The model you specified on the command line (GTR) will be ignored 
         since the binary MSA file already contains a model definition.
         If you want to change the model, please re-run RAxML-NG 
         with the original PHYLIP/FASTA alignment and --redo option.

[00:00:00] Loading binary alignment from file: ../BenoitDatasets/families/jsim_s8_f100_sites300_d2.0_l1.0/pargenes/parse_run/results/15_fasta/15_fasta.raxml.rba
[00:00:00] Alignment comprises 10 taxa, 1 partitions and 291 patterns

Partition 0: noname
Model: GTR+FO
Alignment sites / patterns: 300 / 291
Gaps: 0.00 %
Invariant sites: 0.33 %


[00:00:00] Data distribution: max. partitions/sites/weight per thread: 1 / 291 / 1164
[00:00:00] Starting bootstrapping analysis with 10 replicates.

[00:00:00] Bootstrap tree #1, logLikelihood: -3094.776840
[00:00:00] Bootstrap tree #2, logLikelihood: -3180.306612
[00:00:00] Bootstrap tree #3, logLikelihood: -3110.879508
[00:00:00] Bootstrap tree #4, logLikelihood: -3111.488925
[00:00:00] Bootstrap tree #5, logLikelihood: -3063.219341
[00:00:01] Bootstrap tree #6, logLikelihood: -3228.962497
[00:00:01] Bootstrap tree #7, logLikelihood: -3167.031942
[00:00:01] Bootstrap tree #8, logLikelihood: -3120.979743
[00:00:01] Bootstrap tree #9, logLikelihood: -3131.420468
[00:00:01] Bootstrap tree #10, logLikelihood: -3098.683727

Optimized model parameters:

   Partition 0: noname
   Rate heterogeneity: NONE
   Base frequencies (ML): 0.249600 0.217261 0.266385 0.266754 
   Substitution rates (ML): 1.545673 1.787376 1.184920 1.983249 1.692865 1.000000 
Bootstrap trees saved to: /home/morelbt/github/BenoitDatasets/families/jsim_s8_f100_sites300_d2.0_l1.0/pargenes/mlsearch_run/bootstraps/15_fasta/15_fasta_bs0.raxml.bootstraps

Execution log saved to: /home/morelbt/github/BenoitDatasets/families/jsim_s8_f100_sites300_d2.0_l1.0/pargenes/mlsearch_run/bootstraps/15_fasta/15_fasta_bs0.raxml.log

Analysis started: 05-Dec-2018 13:32:51 / finished: 05-Dec-2018 13:32:53

Elapsed time: 1.950 seconds

