
RAxML-NG v. 0.6.0git BETA released on 27.07.2018 by The Exelixis Lab.
Authors: Alexey Kozlov, Alexandros Stamatakis, Diego Darriba, Tomas Flouri, Benoit Morel.
Latest version: https://github.com/amkozlov/raxml-ng
Questions/problems/suggestions? Please visit: https://groups.google.com/forum/#!forum/raxml

WARNING: This is a BETA release, please use at your own risk!

RAxML-NG was called as follows:

mpi-scheduler --msa ../BenoitDatasets/families/jsim_s8_f100_sites300_d2.0_l1.0_t0.5_seed6/pargenes/parse_run/results/93_pruned_fasta/93_pruned_fasta.raxml.rba --blopt nr_safe --model GTR --prefix ../BenoitDatasets/families/jsim_s8_f100_sites300_d2.0_l1.0_t0.5_seed6/pargenes/mlsearch_run/results/93_pruned_fasta/93_pruned_fasta --threads 1 --seed 1

Analysis options:
  run mode: ML tree search
  start tree(s): random (1)
  random seed: 1
  tip-inner: ON
  pattern compression: ON
  per-rate scalers: OFF
  site repeats: OFF
  fast spr radius: AUTO
  spr subtree cutoff: 1.000000
  branch lengths: linked (ML estimate, algorithm: NR-SAFE)
  SIMD kernels: AVX2
  parallelization: NONE/sequential

WARNING: The model you specified on the command line (GTR) will be ignored 
         since the binary MSA file already contains a model definition.
         If you want to change the model, please re-run RAxML-NG 
         with the original PHYLIP/FASTA alignment and --redo option.

[00:00:00] Loading binary alignment from file: ../BenoitDatasets/families/jsim_s8_f100_sites300_d2.0_l1.0_t0.5_seed6/pargenes/parse_run/results/93_pruned_fasta/93_pruned_fasta.raxml.rba
[00:00:00] Alignment comprises 31 taxa, 1 partitions and 300 patterns

Partition 0: noname
Model: GTR+FO
Alignment sites / patterns: 300 / 300
Gaps: 0.00 %
Invariant sites: 0.00 %


[00:00:00] Generating 1 random starting tree(s) with 31 taxa
[00:00:00] Data distribution: max. partitions/sites/weight per thread: 1 / 300 / 1200

Starting ML tree search with 1 distinct starting trees

[00:00:00 -13402.333964] Initial branch length optimization
[00:00:00 -10430.617137] Model parameter optimization (eps = 10.000000)
[00:00:00 -10416.134688] AUTODETECT spr round 1 (radius: 5)
[00:00:00 -8452.082245] AUTODETECT spr round 2 (radius: 10)
[00:00:00 -8428.274466] AUTODETECT spr round 3 (radius: 15)
[00:00:00 -8428.262712] SPR radius for FAST iterations: 10 (autodetect)
[00:00:00 -8428.262712] Model parameter optimization (eps = 3.000000)
[00:00:00 -8424.161168] FAST spr round 1 (radius: 10)
[00:00:00 -8302.993064] FAST spr round 2 (radius: 10)
[00:00:00 -8300.024645] FAST spr round 3 (radius: 10)
[00:00:00 -8299.751667] FAST spr round 4 (radius: 10)
[00:00:00 -8299.751452] Model parameter optimization (eps = 1.000000)
[00:00:00 -8299.493942] SLOW spr round 1 (radius: 5)
[00:00:01 -8298.543137] SLOW spr round 2 (radius: 5)
[00:00:01 -8298.163480] SLOW spr round 3 (radius: 5)
[00:00:02 -8298.126007] SLOW spr round 4 (radius: 10)
[00:00:02 -8298.124765] SLOW spr round 5 (radius: 15)
[00:00:02 -8298.124388] SLOW spr round 6 (radius: 20)
[00:00:02 -8298.124226] SLOW spr round 7 (radius: 25)
[00:00:02 -8298.124151] Model parameter optimization (eps = 0.100000)

[00:00:02] ML tree search #1, logLikelihood: -8298.065039


Optimized model parameters:

   Partition 0: noname
   Rate heterogeneity: NONE
   Base frequencies (ML): 0.255776 0.244233 0.267891 0.232099 
   Substitution rates (ML): 0.988758 1.064080 1.224994 1.066857 1.109419 1.000000 

Final LogLikelihood: -8298.065039

Best ML tree saved to: /home/morelbt/github/BenoitDatasets/families/jsim_s8_f100_sites300_d2.0_l1.0_t0.5_seed6/pargenes/mlsearch_run/results/93_pruned_fasta/93_pruned_fasta.raxml.bestTree
Optimized model saved to: /home/morelbt/github/BenoitDatasets/families/jsim_s8_f100_sites300_d2.0_l1.0_t0.5_seed6/pargenes/mlsearch_run/results/93_pruned_fasta/93_pruned_fasta.raxml.bestModel

Execution log saved to: /home/morelbt/github/BenoitDatasets/families/jsim_s8_f100_sites300_d2.0_l1.0_t0.5_seed6/pargenes/mlsearch_run/results/93_pruned_fasta/93_pruned_fasta.raxml.log

Analysis started: 14-Jan-2019 13:37:47 / finished: 14-Jan-2019 13:37:50

Elapsed time: 2.924 seconds

