
RAxML-NG v. 0.6.0git BETA released on 27.07.2018 by The Exelixis Lab.
Authors: Alexey Kozlov, Alexandros Stamatakis, Diego Darriba, Tomas Flouri, Benoit Morel.
Latest version: https://github.com/amkozlov/raxml-ng
Questions/problems/suggestions? Please visit: https://groups.google.com/forum/#!forum/raxml

WARNING: This is a BETA release, please use at your own risk!

RAxML-NG was called as follows:

mpi-scheduler --bootstrap --msa ../BenoitDatasets/families/jsim_s27_f100_sites200_d6.0_l3.0_seed6/pargenes/parse_run/results/85_fasta/85_fasta.raxml.rba --blopt nr_safe --model GTR --prefix ../BenoitDatasets/families/jsim_s27_f100_sites200_d6.0_l3.0_seed6/pargenes/mlsearch_run/bootstraps/85_fasta/85_fasta_bs4 --threads 1 --seed 5 --bs-trees 10

Analysis options:
  run mode: Bootstrapping
  start tree(s): 
  bootstrap replicates: 10
  random seed: 5
  tip-inner: ON
  pattern compression: ON
  per-rate scalers: OFF
  site repeats: OFF
  branch lengths: linked (ML estimate, algorithm: NR-SAFE)
  SIMD kernels: AVX2
  parallelization: NONE/sequential

WARNING: The model you specified on the command line (GTR) will be ignored 
         since the binary MSA file already contains a model definition.
         If you want to change the model, please re-run RAxML-NG 
         with the original PHYLIP/FASTA alignment and --redo option.

[00:00:00] Loading binary alignment from file: ../BenoitDatasets/families/jsim_s27_f100_sites200_d6.0_l3.0_seed6/pargenes/parse_run/results/85_fasta/85_fasta.raxml.rba
[00:00:00] Alignment comprises 4 taxa, 1 partitions and 47 patterns

Partition 0: noname
Model: GTR+FO
Alignment sites / patterns: 200 / 47
Gaps: 0.00 %
Invariant sites: 2.00 %


[00:00:00] Data distribution: max. partitions/sites/weight per thread: 1 / 47 / 188
[00:00:00] Starting bootstrapping analysis with 10 replicates.

[00:00:00] Bootstrap tree #1, logLikelihood: -638.846328
[00:00:00] Bootstrap tree #2, logLikelihood: -684.923712
[00:00:00] Bootstrap tree #3, logLikelihood: -670.741572
[00:00:00] Bootstrap tree #4, logLikelihood: -667.206468
[00:00:00] Bootstrap tree #5, logLikelihood: -660.987493
[00:00:00] Bootstrap tree #6, logLikelihood: -649.770589
[00:00:00] Bootstrap tree #7, logLikelihood: -627.299550
[00:00:00] Bootstrap tree #8, logLikelihood: -648.328373
[00:00:00] Bootstrap tree #9, logLikelihood: -639.061258
[00:00:00] Bootstrap tree #10, logLikelihood: -642.974882

Optimized model parameters:

   Partition 0: noname
   Rate heterogeneity: NONE
   Base frequencies (ML): 0.248216 0.289288 0.282380 0.180115 
   Substitution rates (ML): 0.336814 0.910246 0.159075 0.384576 1.193644 1.000000 
Bootstrap trees saved to: /home/morelbt/github/BenoitDatasets/families/jsim_s27_f100_sites200_d6.0_l3.0_seed6/pargenes/mlsearch_run/bootstraps/85_fasta/85_fasta_bs4.raxml.bootstraps

Execution log saved to: /home/morelbt/github/BenoitDatasets/families/jsim_s27_f100_sites200_d6.0_l3.0_seed6/pargenes/mlsearch_run/bootstraps/85_fasta/85_fasta_bs4.raxml.log

Analysis started: 07-Dec-2018 15:33:05 / finished: 07-Dec-2018 15:33:05

Elapsed time: 0.073 seconds

