
RAxML-NG v. 0.6.0git BETA released on 27.07.2018 by The Exelixis Lab.
Authors: Alexey Kozlov, Alexandros Stamatakis, Diego Darriba, Tomas Flouri, Benoit Morel.
Latest version: https://github.com/amkozlov/raxml-ng
Questions/problems/suggestions? Please visit: https://groups.google.com/forum/#!forum/raxml

WARNING: This is a BETA release, please use at your own risk!

RAxML-NG was called as follows:

mpi-scheduler --bootstrap --msa ../BenoitDatasets/families/jsim_s27_f100_sites1000_d2.0_l1.0_seed6/pargenes/parse_run/results/40_fasta/40_fasta.raxml.rba --blopt nr_safe --model GTR --prefix ../BenoitDatasets/families/jsim_s27_f100_sites1000_d2.0_l1.0_seed6/pargenes/mlsearch_run/bootstraps/40_fasta/40_fasta_bs4 --threads 1 --seed 5 --bs-trees 10

Analysis options:
  run mode: Bootstrapping
  start tree(s): 
  bootstrap replicates: 10
  random seed: 5
  tip-inner: ON
  pattern compression: ON
  per-rate scalers: OFF
  site repeats: OFF
  branch lengths: linked (ML estimate, algorithm: NR-SAFE)
  SIMD kernels: AVX2
  parallelization: NONE/sequential

WARNING: The model you specified on the command line (GTR) will be ignored 
         since the binary MSA file already contains a model definition.
         If you want to change the model, please re-run RAxML-NG 
         with the original PHYLIP/FASTA alignment and --redo option.

[00:00:00] Loading binary alignment from file: ../BenoitDatasets/families/jsim_s27_f100_sites1000_d2.0_l1.0_seed6/pargenes/parse_run/results/40_fasta/40_fasta.raxml.rba
[00:00:00] Alignment comprises 31 taxa, 1 partitions and 1000 patterns

Partition 0: noname
Model: GTR+FO
Alignment sites / patterns: 1000 / 1000
Gaps: 0.00 %
Invariant sites: 0.00 %


[00:00:00] Data distribution: max. partitions/sites/weight per thread: 1 / 1000 / 4000
[00:00:00] Starting bootstrapping analysis with 10 replicates.

[00:00:03] Bootstrap tree #1, logLikelihood: -25749.021878
[00:00:06] Bootstrap tree #2, logLikelihood: -25433.183250
[00:00:10] Bootstrap tree #3, logLikelihood: -25503.056225
[00:00:13] Bootstrap tree #4, logLikelihood: -25481.907829
[00:00:17] Bootstrap tree #5, logLikelihood: -25545.767964
[00:00:21] Bootstrap tree #6, logLikelihood: -25308.543386
[00:00:25] Bootstrap tree #7, logLikelihood: -25701.468958
[00:00:29] Bootstrap tree #8, logLikelihood: -25486.108302
[00:00:33] Bootstrap tree #9, logLikelihood: -25825.832091
[00:00:37] Bootstrap tree #10, logLikelihood: -25670.813284

Optimized model parameters:

   Partition 0: noname
   Rate heterogeneity: NONE
   Base frequencies (ML): 0.264804 0.242888 0.247177 0.245131 
   Substitution rates (ML): 0.962572 1.008481 0.996087 1.002257 0.974820 1.000000 
Bootstrap trees saved to: /home/morelbt/github/BenoitDatasets/families/jsim_s27_f100_sites1000_d2.0_l1.0_seed6/pargenes/mlsearch_run/bootstraps/40_fasta/40_fasta_bs4.raxml.bootstraps

Execution log saved to: /home/morelbt/github/BenoitDatasets/families/jsim_s27_f100_sites1000_d2.0_l1.0_seed6/pargenes/mlsearch_run/bootstraps/40_fasta/40_fasta_bs4.raxml.log

Analysis started: 07-Dec-2018 15:51:45 / finished: 07-Dec-2018 15:52:22

Elapsed time: 37.066 seconds

