
RAxML-NG v. 0.6.0git BETA released on 27.07.2018 by The Exelixis Lab.
Authors: Alexey Kozlov, Alexandros Stamatakis, Diego Darriba, Tomas Flouri, Benoit Morel.
Latest version: https://github.com/amkozlov/raxml-ng
Questions/problems/suggestions? Please visit: https://groups.google.com/forum/#!forum/raxml

WARNING: This is a BETA release, please use at your own risk!

RAxML-NG was called as follows:

mpi-scheduler --bootstrap --msa ../BenoitDatasets/families/jsim_s27_f100_sites1000_d2.0_l1.0_seed6/pargenes/parse_run/results/40_fasta/40_fasta.raxml.rba --blopt nr_safe --model GTR --prefix ../BenoitDatasets/families/jsim_s27_f100_sites1000_d2.0_l1.0_seed6/pargenes/mlsearch_run/bootstraps/40_fasta/40_fasta_bs2 --threads 1 --seed 3 --bs-trees 10

Analysis options:
  run mode: Bootstrapping
  start tree(s): 
  bootstrap replicates: 10
  random seed: 3
  tip-inner: ON
  pattern compression: ON
  per-rate scalers: OFF
  site repeats: OFF
  branch lengths: linked (ML estimate, algorithm: NR-SAFE)
  SIMD kernels: AVX2
  parallelization: NONE/sequential

WARNING: The model you specified on the command line (GTR) will be ignored 
         since the binary MSA file already contains a model definition.
         If you want to change the model, please re-run RAxML-NG 
         with the original PHYLIP/FASTA alignment and --redo option.

[00:00:00] Loading binary alignment from file: ../BenoitDatasets/families/jsim_s27_f100_sites1000_d2.0_l1.0_seed6/pargenes/parse_run/results/40_fasta/40_fasta.raxml.rba
[00:00:00] Alignment comprises 31 taxa, 1 partitions and 1000 patterns

Partition 0: noname
Model: GTR+FO
Alignment sites / patterns: 1000 / 1000
Gaps: 0.00 %
Invariant sites: 0.00 %


[00:00:00] Data distribution: max. partitions/sites/weight per thread: 1 / 1000 / 4000
[00:00:00] Starting bootstrapping analysis with 10 replicates.

[00:00:04] Bootstrap tree #1, logLikelihood: -25413.384914
[00:00:09] Bootstrap tree #2, logLikelihood: -25761.435482
[00:00:13] Bootstrap tree #3, logLikelihood: -25433.568733
[00:00:17] Bootstrap tree #4, logLikelihood: -25304.617472
[00:00:20] Bootstrap tree #5, logLikelihood: -25537.692525
[00:00:24] Bootstrap tree #6, logLikelihood: -25334.882048
[00:00:28] Bootstrap tree #7, logLikelihood: -25319.122348
[00:00:32] Bootstrap tree #8, logLikelihood: -25347.325319
[00:00:36] Bootstrap tree #9, logLikelihood: -25676.953664
[00:00:39] Bootstrap tree #10, logLikelihood: -25402.225852

Optimized model parameters:

   Partition 0: noname
   Rate heterogeneity: NONE
   Base frequencies (ML): 0.261075 0.236874 0.249255 0.252796 
   Substitution rates (ML): 1.034803 1.101246 0.975445 1.130742 0.926626 1.000000 
Bootstrap trees saved to: /home/morelbt/github/BenoitDatasets/families/jsim_s27_f100_sites1000_d2.0_l1.0_seed6/pargenes/mlsearch_run/bootstraps/40_fasta/40_fasta_bs2.raxml.bootstraps

Execution log saved to: /home/morelbt/github/BenoitDatasets/families/jsim_s27_f100_sites1000_d2.0_l1.0_seed6/pargenes/mlsearch_run/bootstraps/40_fasta/40_fasta_bs2.raxml.log

Analysis started: 07-Dec-2018 15:51:43 / finished: 07-Dec-2018 15:52:23

Elapsed time: 39.570 seconds

