
RAxML-NG v. 0.6.0git BETA released on 27.07.2018 by The Exelixis Lab.
Authors: Alexey Kozlov, Alexandros Stamatakis, Diego Darriba, Tomas Flouri, Benoit Morel.
Latest version: https://github.com/amkozlov/raxml-ng
Questions/problems/suggestions? Please visit: https://groups.google.com/forum/#!forum/raxml

WARNING: This is a BETA release, please use at your own risk!

RAxML-NG was called as follows:

mpi-scheduler --bootstrap --msa ../BenoitDatasets/families/alesim_s20_f50_sites400_d1.0_l0.5_t0.5_seed42/pargenes/parse_run/results/34_pruned_fasta/34_pruned_fasta.raxml.rba --blopt nr_safe --model GTR --prefix ../BenoitDatasets/families/alesim_s20_f50_sites400_d1.0_l0.5_t0.5_seed42/pargenes/mlsearch_run/bootstraps/34_pruned_fasta/34_pruned_fasta_bs3 --threads 1 --seed 4 --bs-trees 10

Analysis options:
  run mode: Bootstrapping
  start tree(s): 
  bootstrap replicates: 10
  random seed: 4
  tip-inner: ON
  pattern compression: ON
  per-rate scalers: OFF
  site repeats: OFF
  branch lengths: linked (ML estimate, algorithm: NR-SAFE)
  SIMD kernels: AVX2
  parallelization: NONE/sequential

WARNING: The model you specified on the command line (GTR) will be ignored 
         since the binary MSA file already contains a model definition.
         If you want to change the model, please re-run RAxML-NG 
         with the original PHYLIP/FASTA alignment and --redo option.

[00:00:00] Loading binary alignment from file: ../BenoitDatasets/families/alesim_s20_f50_sites400_d1.0_l0.5_t0.5_seed42/pargenes/parse_run/results/34_pruned_fasta/34_pruned_fasta.raxml.rba
[00:00:00] Alignment comprises 174 taxa, 1 partitions and 400 patterns

Partition 0: noname
Model: GTR+FO
Alignment sites / patterns: 400 / 400
Gaps: 0.00 %
Invariant sites: 0.00 %


[00:00:00] Data distribution: max. partitions/sites/weight per thread: 1 / 400 / 1600
[00:00:00] Starting bootstrapping analysis with 10 replicates.

[00:00:49] Bootstrap tree #1, logLikelihood: -34290.385578
[00:01:16] Bootstrap tree #2, logLikelihood: -33882.072309
[00:01:43] Bootstrap tree #3, logLikelihood: -34089.268675
[00:02:13] Bootstrap tree #4, logLikelihood: -34262.696966
[00:02:42] Bootstrap tree #5, logLikelihood: -34311.981204
[00:03:11] Bootstrap tree #6, logLikelihood: -33616.937873
[00:03:37] Bootstrap tree #7, logLikelihood: -34190.221785
[00:04:07] Bootstrap tree #8, logLikelihood: -34453.581952
[00:04:33] Bootstrap tree #9, logLikelihood: -34103.980358
[00:05:01] Bootstrap tree #10, logLikelihood: -33292.140762

Optimized model parameters:

   Partition 0: noname
   Rate heterogeneity: NONE
   Base frequencies (ML): 0.239817 0.252516 0.248504 0.259163 
   Substitution rates (ML): 1.014755 1.018397 0.993516 0.984771 1.053501 1.000000 
Bootstrap trees saved to: /home/morelbt/github/BenoitDatasets/families/alesim_s20_f50_sites400_d1.0_l0.5_t0.5_seed42/pargenes/mlsearch_run/bootstraps/34_pruned_fasta/34_pruned_fasta_bs3.raxml.bootstraps

Execution log saved to: /home/morelbt/github/BenoitDatasets/families/alesim_s20_f50_sites400_d1.0_l0.5_t0.5_seed42/pargenes/mlsearch_run/bootstraps/34_pruned_fasta/34_pruned_fasta_bs3.raxml.log

Analysis started: 22-Jan-2019 14:29:59 / finished: 22-Jan-2019 14:35:00

Elapsed time: 301.042 seconds

