
RAxML-NG v. 0.6.0git BETA released on 27.07.2018 by The Exelixis Lab.
Authors: Alexey Kozlov, Alexandros Stamatakis, Diego Darriba, Tomas Flouri, Benoit Morel.
Latest version: https://github.com/amkozlov/raxml-ng
Questions/problems/suggestions? Please visit: https://groups.google.com/forum/#!forum/raxml

WARNING: This is a BETA release, please use at your own risk!

RAxML-NG was called as follows:

mpi-scheduler --bootstrap --msa ../BenoitDatasets/families/alesim_s20_f50_sites400_d1.0_l0.5_t0.5_seed42/pargenes/parse_run/results/48_pruned_fasta/48_pruned_fasta.raxml.rba --blopt nr_safe --model GTR --prefix ../BenoitDatasets/families/alesim_s20_f50_sites400_d1.0_l0.5_t0.5_seed42/pargenes/mlsearch_run/bootstraps/48_pruned_fasta/48_pruned_fasta_bs0 --threads 1 --seed 1 --bs-trees 10

Analysis options:
  run mode: Bootstrapping
  start tree(s): 
  bootstrap replicates: 10
  random seed: 1
  tip-inner: ON
  pattern compression: ON
  per-rate scalers: OFF
  site repeats: OFF
  branch lengths: linked (ML estimate, algorithm: NR-SAFE)
  SIMD kernels: AVX2
  parallelization: NONE/sequential

WARNING: The model you specified on the command line (GTR) will be ignored 
         since the binary MSA file already contains a model definition.
         If you want to change the model, please re-run RAxML-NG 
         with the original PHYLIP/FASTA alignment and --redo option.

[00:00:00] Loading binary alignment from file: ../BenoitDatasets/families/alesim_s20_f50_sites400_d1.0_l0.5_t0.5_seed42/pargenes/parse_run/results/48_pruned_fasta/48_pruned_fasta.raxml.rba
[00:00:00] Alignment comprises 71 taxa, 1 partitions and 400 patterns

Partition 0: noname
Model: GTR+FO
Alignment sites / patterns: 400 / 400
Gaps: 0.00 %
Invariant sites: 0.00 %


[00:00:00] Data distribution: max. partitions/sites/weight per thread: 1 / 400 / 1600
[00:00:00] Starting bootstrapping analysis with 10 replicates.

[00:00:06] Bootstrap tree #1, logLikelihood: -13582.748966
[00:00:13] Bootstrap tree #2, logLikelihood: -13402.829914
[00:00:19] Bootstrap tree #3, logLikelihood: -13403.486465
[00:00:25] Bootstrap tree #4, logLikelihood: -13427.567602
[00:00:31] Bootstrap tree #5, logLikelihood: -13514.894233
[00:00:38] Bootstrap tree #6, logLikelihood: -13813.907450
[00:00:46] Bootstrap tree #7, logLikelihood: -13438.176106
[00:00:54] Bootstrap tree #8, logLikelihood: -13335.645931
[00:01:00] Bootstrap tree #9, logLikelihood: -13367.568724
[00:01:06] Bootstrap tree #10, logLikelihood: -13607.589900

Optimized model parameters:

   Partition 0: noname
   Rate heterogeneity: NONE
   Base frequencies (ML): 0.251483 0.238114 0.261886 0.248517 
   Substitution rates (ML): 1.082673 0.881641 0.930951 1.078819 0.963925 1.000000 
Bootstrap trees saved to: /home/morelbt/github/BenoitDatasets/families/alesim_s20_f50_sites400_d1.0_l0.5_t0.5_seed42/pargenes/mlsearch_run/bootstraps/48_pruned_fasta/48_pruned_fasta_bs0.raxml.bootstraps

Execution log saved to: /home/morelbt/github/BenoitDatasets/families/alesim_s20_f50_sites400_d1.0_l0.5_t0.5_seed42/pargenes/mlsearch_run/bootstraps/48_pruned_fasta/48_pruned_fasta_bs0.raxml.log

Analysis started: 22-Jan-2019 14:42:59 / finished: 22-Jan-2019 14:44:06

Elapsed time: 66.891 seconds

