
RAxML-NG v. 0.6.0git BETA released on 27.07.2018 by The Exelixis Lab.
Authors: Alexey Kozlov, Alexandros Stamatakis, Diego Darriba, Tomas Flouri, Benoit Morel.
Latest version: https://github.com/amkozlov/raxml-ng
Questions/problems/suggestions? Please visit: https://groups.google.com/forum/#!forum/raxml

WARNING: This is a BETA release, please use at your own risk!

RAxML-NG was called as follows:

mpi-scheduler --bootstrap --msa ../BenoitDatasets/families/jsim_s27_f100_sites200_d6.0_l3.0_seed6/pargenes/parse_run/results/51_fasta/51_fasta.raxml.rba --blopt nr_safe --model GTR --prefix ../BenoitDatasets/families/jsim_s27_f100_sites200_d6.0_l3.0_seed6/pargenes/mlsearch_run/bootstraps/51_fasta/51_fasta_bs8 --threads 1 --seed 9 --bs-trees 10

Analysis options:
  run mode: Bootstrapping
  start tree(s): 
  bootstrap replicates: 10
  random seed: 9
  tip-inner: ON
  pattern compression: ON
  per-rate scalers: OFF
  site repeats: OFF
  branch lengths: linked (ML estimate, algorithm: NR-SAFE)
  SIMD kernels: AVX2
  parallelization: NONE/sequential

WARNING: The model you specified on the command line (GTR) will be ignored 
         since the binary MSA file already contains a model definition.
         If you want to change the model, please re-run RAxML-NG 
         with the original PHYLIP/FASTA alignment and --redo option.

[00:00:00] Loading binary alignment from file: ../BenoitDatasets/families/jsim_s27_f100_sites200_d6.0_l3.0_seed6/pargenes/parse_run/results/51_fasta/51_fasta.raxml.rba
[00:00:00] Alignment comprises 6 taxa, 1 partitions and 107 patterns

Partition 0: noname
Model: GTR+FO
Alignment sites / patterns: 200 / 107
Gaps: 0.00 %
Invariant sites: 2.00 %


[00:00:00] Data distribution: max. partitions/sites/weight per thread: 1 / 107 / 428
[00:00:00] Starting bootstrapping analysis with 10 replicates.

[00:00:00] Bootstrap tree #1, logLikelihood: -1017.809483
[00:00:00] Bootstrap tree #2, logLikelihood: -1080.643016
[00:00:00] Bootstrap tree #3, logLikelihood: -1114.085290
[00:00:00] Bootstrap tree #4, logLikelihood: -1031.827608
[00:00:00] Bootstrap tree #5, logLikelihood: -1078.238481
[00:00:00] Bootstrap tree #6, logLikelihood: -1041.279509
[00:00:00] Bootstrap tree #7, logLikelihood: -1052.203549
[00:00:00] Bootstrap tree #8, logLikelihood: -988.738237
[00:00:00] Bootstrap tree #9, logLikelihood: -1033.286717
[00:00:00] Bootstrap tree #10, logLikelihood: -1066.576315

Optimized model parameters:

   Partition 0: noname
   Rate heterogeneity: NONE
   Base frequencies (ML): 0.267413 0.261603 0.254710 0.216273 
   Substitution rates (ML): 0.734541 0.857715 0.511370 0.451258 0.514745 1.000000 
Bootstrap trees saved to: /home/morelbt/github/BenoitDatasets/families/jsim_s27_f100_sites200_d6.0_l3.0_seed6/pargenes/mlsearch_run/bootstraps/51_fasta/51_fasta_bs8.raxml.bootstraps

Execution log saved to: /home/morelbt/github/BenoitDatasets/families/jsim_s27_f100_sites200_d6.0_l3.0_seed6/pargenes/mlsearch_run/bootstraps/51_fasta/51_fasta_bs8.raxml.log

Analysis started: 07-Dec-2018 15:33:03 / finished: 07-Dec-2018 15:33:04

Elapsed time: 0.260 seconds

