
RAxML-NG v. 0.6.0git BETA released on 27.07.2018 by The Exelixis Lab.
Authors: Alexey Kozlov, Alexandros Stamatakis, Diego Darriba, Tomas Flouri, Benoit Morel.
Latest version: https://github.com/amkozlov/raxml-ng
Questions/problems/suggestions? Please visit: https://groups.google.com/forum/#!forum/raxml

WARNING: This is a BETA release, please use at your own risk!

RAxML-NG was called as follows:

mpi-scheduler --bootstrap --msa ../BenoitDatasets/families/alesim_s20_f50_sites400_d1.0_l0.5_t0.5_seed42/pargenes/parse_run/results/3_pruned_fasta/3_pruned_fasta.raxml.rba --blopt nr_safe --model GTR --prefix ../BenoitDatasets/families/alesim_s20_f50_sites400_d1.0_l0.5_t0.5_seed42/pargenes/mlsearch_run/bootstraps/3_pruned_fasta/3_pruned_fasta_bs4 --threads 1 --seed 5 --bs-trees 10

Analysis options:
  run mode: Bootstrapping
  start tree(s): 
  bootstrap replicates: 10
  random seed: 5
  tip-inner: ON
  pattern compression: ON
  per-rate scalers: OFF
  site repeats: OFF
  branch lengths: linked (ML estimate, algorithm: NR-SAFE)
  SIMD kernels: AVX2
  parallelization: NONE/sequential

WARNING: The model you specified on the command line (GTR) will be ignored 
         since the binary MSA file already contains a model definition.
         If you want to change the model, please re-run RAxML-NG 
         with the original PHYLIP/FASTA alignment and --redo option.

[00:00:00] Loading binary alignment from file: ../BenoitDatasets/families/alesim_s20_f50_sites400_d1.0_l0.5_t0.5_seed42/pargenes/parse_run/results/3_pruned_fasta/3_pruned_fasta.raxml.rba
[00:00:00] Alignment comprises 394 taxa, 1 partitions and 400 patterns

Partition 0: noname
Model: GTR+FO
Alignment sites / patterns: 400 / 400
Gaps: 0.00 %
Invariant sites: 0.00 %


[00:00:00] Data distribution: max. partitions/sites/weight per thread: 1 / 400 / 1600
[00:00:00] Starting bootstrapping analysis with 10 replicates.

[00:03:59] Bootstrap tree #1, logLikelihood: -75832.292436
[00:06:19] Bootstrap tree #2, logLikelihood: -74233.976513
[00:10:29] Bootstrap tree #3, logLikelihood: -75164.560463
[00:12:20] Bootstrap tree #4, logLikelihood: -75233.501558
[00:15:30] Bootstrap tree #5, logLikelihood: -74321.690078
[00:20:33] Bootstrap tree #6, logLikelihood: -73448.333615
[00:24:38] Bootstrap tree #7, logLikelihood: -75015.397213
[00:31:37] Bootstrap tree #8, logLikelihood: -74610.474281
[00:35:47] Bootstrap tree #9, logLikelihood: -74975.799846
[00:37:42] Bootstrap tree #10, logLikelihood: -75017.485554

Optimized model parameters:

   Partition 0: noname
   Rate heterogeneity: NONE
   Base frequencies (ML): 0.232319 0.255647 0.258737 0.253298 
   Substitution rates (ML): 1.085373 1.071351 1.047099 0.967138 0.996066 1.000000 
Bootstrap trees saved to: /home/morelbt/github/BenoitDatasets/families/alesim_s20_f50_sites400_d1.0_l0.5_t0.5_seed42/pargenes/mlsearch_run/bootstraps/3_pruned_fasta/3_pruned_fasta_bs4.raxml.bootstraps

Execution log saved to: /home/morelbt/github/BenoitDatasets/families/alesim_s20_f50_sites400_d1.0_l0.5_t0.5_seed42/pargenes/mlsearch_run/bootstraps/3_pruned_fasta/3_pruned_fasta_bs4.raxml.log

Analysis started: 22-Jan-2019 14:23:30 / finished: 22-Jan-2019 15:01:13

Elapsed time: 2262.723 seconds

