
RAxML-NG v. 0.6.0git BETA released on 27.07.2018 by The Exelixis Lab.
Authors: Alexey Kozlov, Alexandros Stamatakis, Diego Darriba, Tomas Flouri, Benoit Morel.
Latest version: https://github.com/amkozlov/raxml-ng
Questions/problems/suggestions? Please visit: https://groups.google.com/forum/#!forum/raxml

WARNING: This is a BETA release, please use at your own risk!

RAxML-NG was called as follows:

mpi-scheduler --bootstrap --msa ../BenoitDatasets/families/alesim_s20_f50_sites400_d1.0_l0.5_t0.5_seed42/pargenes/parse_run/results/3_pruned_fasta/3_pruned_fasta.raxml.rba --blopt nr_safe --model GTR --prefix ../BenoitDatasets/families/alesim_s20_f50_sites400_d1.0_l0.5_t0.5_seed42/pargenes/mlsearch_run/bootstraps/3_pruned_fasta/3_pruned_fasta_bs5 --threads 1 --seed 6 --bs-trees 10

Analysis options:
  run mode: Bootstrapping
  start tree(s): 
  bootstrap replicates: 10
  random seed: 6
  tip-inner: ON
  pattern compression: ON
  per-rate scalers: OFF
  site repeats: OFF
  branch lengths: linked (ML estimate, algorithm: NR-SAFE)
  SIMD kernels: AVX2
  parallelization: NONE/sequential

WARNING: The model you specified on the command line (GTR) will be ignored 
         since the binary MSA file already contains a model definition.
         If you want to change the model, please re-run RAxML-NG 
         with the original PHYLIP/FASTA alignment and --redo option.

[00:00:00] Loading binary alignment from file: ../BenoitDatasets/families/alesim_s20_f50_sites400_d1.0_l0.5_t0.5_seed42/pargenes/parse_run/results/3_pruned_fasta/3_pruned_fasta.raxml.rba
[00:00:00] Alignment comprises 394 taxa, 1 partitions and 400 patterns

Partition 0: noname
Model: GTR+FO
Alignment sites / patterns: 400 / 400
Gaps: 0.00 %
Invariant sites: 0.00 %


[00:00:00] Data distribution: max. partitions/sites/weight per thread: 1 / 400 / 1600
[00:00:00] Starting bootstrapping analysis with 10 replicates.

[00:02:57] Bootstrap tree #1, logLikelihood: -75183.480051
[00:08:03] Bootstrap tree #2, logLikelihood: -73982.734500
[00:10:12] Bootstrap tree #3, logLikelihood: -74189.744253
[00:13:08] Bootstrap tree #4, logLikelihood: -73736.561100
[00:15:06] Bootstrap tree #5, logLikelihood: -74889.072157
[00:16:55] Bootstrap tree #6, logLikelihood: -75674.888004
[00:21:43] Bootstrap tree #7, logLikelihood: -75516.316013
[00:26:34] Bootstrap tree #8, logLikelihood: -74222.563867
[00:29:00] Bootstrap tree #9, logLikelihood: -75205.103164
[00:33:31] Bootstrap tree #10, logLikelihood: -75612.437688

Optimized model parameters:

   Partition 0: noname
   Rate heterogeneity: NONE
   Base frequencies (ML): 0.244616 0.255314 0.252185 0.247884 
   Substitution rates (ML): 0.974861 1.027666 1.033515 0.961692 1.013750 1.000000 
Bootstrap trees saved to: /home/morelbt/github/BenoitDatasets/families/alesim_s20_f50_sites400_d1.0_l0.5_t0.5_seed42/pargenes/mlsearch_run/bootstraps/3_pruned_fasta/3_pruned_fasta_bs5.raxml.bootstraps

Execution log saved to: /home/morelbt/github/BenoitDatasets/families/alesim_s20_f50_sites400_d1.0_l0.5_t0.5_seed42/pargenes/mlsearch_run/bootstraps/3_pruned_fasta/3_pruned_fasta_bs5.raxml.log

Analysis started: 22-Jan-2019 14:23:30 / finished: 22-Jan-2019 14:57:02

Elapsed time: 2011.976 seconds

