
RAxML-NG v. 0.6.0git BETA released on 27.07.2018 by The Exelixis Lab.
Authors: Alexey Kozlov, Alexandros Stamatakis, Diego Darriba, Tomas Flouri, Benoit Morel.
Latest version: https://github.com/amkozlov/raxml-ng
Questions/problems/suggestions? Please visit: https://groups.google.com/forum/#!forum/raxml

WARNING: This is a BETA release, please use at your own risk!

RAxML-NG was called as follows:

mpi-scheduler --bootstrap --msa ../BenoitDatasets/families/alesim_s20_f50_sites400_d1.0_l0.5_t0.5_seed42/pargenes/parse_run/results/3_pruned_fasta/3_pruned_fasta.raxml.rba --blopt nr_safe --model GTR --prefix ../BenoitDatasets/families/alesim_s20_f50_sites400_d1.0_l0.5_t0.5_seed42/pargenes/mlsearch_run/bootstraps/3_pruned_fasta/3_pruned_fasta_bs2 --threads 1 --seed 3 --bs-trees 10

Analysis options:
  run mode: Bootstrapping
  start tree(s): 
  bootstrap replicates: 10
  random seed: 3
  tip-inner: ON
  pattern compression: ON
  per-rate scalers: OFF
  site repeats: OFF
  branch lengths: linked (ML estimate, algorithm: NR-SAFE)
  SIMD kernels: AVX2
  parallelization: NONE/sequential

WARNING: The model you specified on the command line (GTR) will be ignored 
         since the binary MSA file already contains a model definition.
         If you want to change the model, please re-run RAxML-NG 
         with the original PHYLIP/FASTA alignment and --redo option.

[00:00:00] Loading binary alignment from file: ../BenoitDatasets/families/alesim_s20_f50_sites400_d1.0_l0.5_t0.5_seed42/pargenes/parse_run/results/3_pruned_fasta/3_pruned_fasta.raxml.rba
[00:00:00] Alignment comprises 394 taxa, 1 partitions and 400 patterns

Partition 0: noname
Model: GTR+FO
Alignment sites / patterns: 400 / 400
Gaps: 0.00 %
Invariant sites: 0.00 %


[00:00:00] Data distribution: max. partitions/sites/weight per thread: 1 / 400 / 1600
[00:00:00] Starting bootstrapping analysis with 10 replicates.

[00:04:26] Bootstrap tree #1, logLikelihood: -75571.582214
[00:10:36] Bootstrap tree #2, logLikelihood: -75110.122405
[00:17:46] Bootstrap tree #3, logLikelihood: -73959.997214
[00:19:58] Bootstrap tree #4, logLikelihood: -77988.610486
[00:22:58] Bootstrap tree #5, logLikelihood: -74540.662976
[00:24:28] Bootstrap tree #6, logLikelihood: -74788.447688
[00:25:59] Bootstrap tree #7, logLikelihood: -76092.794061
[00:32:15] Bootstrap tree #8, logLikelihood: -75004.461943
[00:34:36] Bootstrap tree #9, logLikelihood: -73735.236817
[00:37:28] Bootstrap tree #10, logLikelihood: -74358.724606

Optimized model parameters:

   Partition 0: noname
   Rate heterogeneity: NONE
   Base frequencies (ML): 0.244448 0.262738 0.250506 0.242307 
   Substitution rates (ML): 0.932471 1.001607 1.029559 0.948344 1.014031 1.000000 
Bootstrap trees saved to: /home/morelbt/github/BenoitDatasets/families/alesim_s20_f50_sites400_d1.0_l0.5_t0.5_seed42/pargenes/mlsearch_run/bootstraps/3_pruned_fasta/3_pruned_fasta_bs2.raxml.bootstraps

Execution log saved to: /home/morelbt/github/BenoitDatasets/families/alesim_s20_f50_sites400_d1.0_l0.5_t0.5_seed42/pargenes/mlsearch_run/bootstraps/3_pruned_fasta/3_pruned_fasta_bs2.raxml.log

Analysis started: 22-Jan-2019 14:23:30 / finished: 22-Jan-2019 15:00:59

Elapsed time: 2248.674 seconds

