
RAxML-NG v. 0.6.0git BETA released on 27.07.2018 by The Exelixis Lab.
Authors: Alexey Kozlov, Alexandros Stamatakis, Diego Darriba, Tomas Flouri, Benoit Morel.
Latest version: https://github.com/amkozlov/raxml-ng
Questions/problems/suggestions? Please visit: https://groups.google.com/forum/#!forum/raxml

WARNING: This is a BETA release, please use at your own risk!

RAxML-NG was called as follows:

mpi-scheduler --bootstrap --msa ../BenoitDatasets/families/alesim_s20_f50_sites200_d0.6_l0.3_seed42/pargenes/parse_run/results/25_prunedfasta/25_prunedfasta.raxml.rba --blopt nr_safe --model GTR --prefix ../BenoitDatasets/families/alesim_s20_f50_sites200_d0.6_l0.3_seed42/pargenes/mlsearch_run/bootstraps/25_prunedfasta/25_prunedfasta_bs3 --threads 1 --seed 4 --bs-trees 10

Analysis options:
  run mode: Bootstrapping
  start tree(s): 
  bootstrap replicates: 10
  random seed: 4
  tip-inner: ON
  pattern compression: ON
  per-rate scalers: OFF
  site repeats: OFF
  branch lengths: linked (ML estimate, algorithm: NR-SAFE)
  SIMD kernels: AVX2
  parallelization: NONE/sequential

WARNING: The model you specified on the command line (GTR) will be ignored 
         since the binary MSA file already contains a model definition.
         If you want to change the model, please re-run RAxML-NG 
         with the original PHYLIP/FASTA alignment and --redo option.

[00:00:00] Loading binary alignment from file: ../BenoitDatasets/families/alesim_s20_f50_sites200_d0.6_l0.3_seed42/pargenes/parse_run/results/25_prunedfasta/25_prunedfasta.raxml.rba
[00:00:00] Alignment comprises 55 taxa, 1 partitions and 200 patterns

Partition 0: noname
Model: GTR+FO
Alignment sites / patterns: 200 / 200
Gaps: 0.00 %
Invariant sites: 0.00 %


[00:00:00] Data distribution: max. partitions/sites/weight per thread: 1 / 200 / 800
[00:00:00] Starting bootstrapping analysis with 10 replicates.

[00:00:02] Bootstrap tree #1, logLikelihood: -6016.022479
[00:00:04] Bootstrap tree #2, logLikelihood: -5998.511423
[00:00:06] Bootstrap tree #3, logLikelihood: -6009.985573
[00:00:08] Bootstrap tree #4, logLikelihood: -5987.489729
[00:00:11] Bootstrap tree #5, logLikelihood: -5940.865607
[00:00:13] Bootstrap tree #6, logLikelihood: -6113.544479
[00:00:16] Bootstrap tree #7, logLikelihood: -6011.415177
[00:00:18] Bootstrap tree #8, logLikelihood: -5963.730227
[00:00:20] Bootstrap tree #9, logLikelihood: -5901.420363
[00:00:23] Bootstrap tree #10, logLikelihood: -6046.304531

Optimized model parameters:

   Partition 0: noname
   Rate heterogeneity: NONE
   Base frequencies (ML): 0.261415 0.242092 0.251445 0.245048 
   Substitution rates (ML): 1.032296 1.042030 0.803851 0.949474 1.270952 1.000000 
Bootstrap trees saved to: /home/morelbt/github/BenoitDatasets/families/alesim_s20_f50_sites200_d0.6_l0.3_seed42/pargenes/mlsearch_run/bootstraps/25_prunedfasta/25_prunedfasta_bs3.raxml.bootstraps

Execution log saved to: /home/morelbt/github/BenoitDatasets/families/alesim_s20_f50_sites200_d0.6_l0.3_seed42/pargenes/mlsearch_run/bootstraps/25_prunedfasta/25_prunedfasta_bs3.raxml.log

Analysis started: 11-Dec-2018 15:12:59 / finished: 11-Dec-2018 15:13:22

Elapsed time: 23.210 seconds

