
RAxML-NG v. 0.6.0git BETA released on 27.07.2018 by The Exelixis Lab.
Authors: Alexey Kozlov, Alexandros Stamatakis, Diego Darriba, Tomas Flouri, Benoit Morel.
Latest version: https://github.com/amkozlov/raxml-ng
Questions/problems/suggestions? Please visit: https://groups.google.com/forum/#!forum/raxml

WARNING: This is a BETA release, please use at your own risk!

RAxML-NG was called as follows:

mpi-scheduler --msa ../BenoitDatasets/families/jsim_s27_f100_sites1000_d2.0_l1.0_seed6/pargenes/parse_run/results/94_fasta/94_fasta.raxml.rba --blopt nr_safe --model GTR --prefix ../BenoitDatasets/families/jsim_s27_f100_sites1000_d2.0_l1.0_seed6/pargenes/mlsearch_run/results/94_fasta/94_fasta --threads 1 --seed 1

Analysis options:
  run mode: ML tree search
  start tree(s): random (1)
  random seed: 1
  tip-inner: ON
  pattern compression: ON
  per-rate scalers: OFF
  site repeats: OFF
  fast spr radius: AUTO
  spr subtree cutoff: 1.000000
  branch lengths: linked (ML estimate, algorithm: NR-SAFE)
  SIMD kernels: AVX2
  parallelization: NONE/sequential

WARNING: The model you specified on the command line (GTR) will be ignored 
         since the binary MSA file already contains a model definition.
         If you want to change the model, please re-run RAxML-NG 
         with the original PHYLIP/FASTA alignment and --redo option.

[00:00:00] Loading binary alignment from file: ../BenoitDatasets/families/jsim_s27_f100_sites1000_d2.0_l1.0_seed6/pargenes/parse_run/results/94_fasta/94_fasta.raxml.rba
[00:00:00] Alignment comprises 11 taxa, 1 partitions and 923 patterns

Partition 0: noname
Model: GTR+FO
Alignment sites / patterns: 1000 / 923
Gaps: 0.00 %
Invariant sites: 0.40 %


[00:00:00] Generating 1 random starting tree(s) with 11 taxa
[00:00:00] Data distribution: max. partitions/sites/weight per thread: 1 / 923 / 3692

Starting ML tree search with 1 distinct starting trees

[00:00:00 -15179.204034] Initial branch length optimization
[00:00:00 -12220.752887] Model parameter optimization (eps = 10.000000)
[00:00:00 -12217.145373] AUTODETECT spr round 1 (radius: 5)
[00:00:00 -10886.146516] AUTODETECT spr round 2 (radius: 10)
[00:00:00 -10886.073959] SPR radius for FAST iterations: 5 (autodetect)
[00:00:00 -10886.073959] Model parameter optimization (eps = 3.000000)
[00:00:00 -10885.161549] FAST spr round 1 (radius: 5)
[00:00:00 -10883.641923] FAST spr round 2 (radius: 5)
[00:00:00 -10883.526824] FAST spr round 3 (radius: 5)
[00:00:00 -10883.503107] Model parameter optimization (eps = 1.000000)
[00:00:00 -10883.433022] SLOW spr round 1 (radius: 5)
[00:00:00 -10883.412535] SLOW spr round 2 (radius: 10)
[00:00:01 -10883.395968] Model parameter optimization (eps = 0.100000)

[00:00:01] ML tree search #1, logLikelihood: -10883.387651


Optimized model parameters:

   Partition 0: noname
   Rate heterogeneity: NONE
   Base frequencies (ML): 0.243018 0.244867 0.253143 0.258973 
   Substitution rates (ML): 1.168606 1.013109 1.059159 0.987795 0.900235 1.000000 

Final LogLikelihood: -10883.387651

Best ML tree saved to: /home/morelbt/github/BenoitDatasets/families/jsim_s27_f100_sites1000_d2.0_l1.0_seed6/pargenes/mlsearch_run/results/94_fasta/94_fasta.raxml.bestTree
Optimized model saved to: /home/morelbt/github/BenoitDatasets/families/jsim_s27_f100_sites1000_d2.0_l1.0_seed6/pargenes/mlsearch_run/results/94_fasta/94_fasta.raxml.bestModel

Execution log saved to: /home/morelbt/github/BenoitDatasets/families/jsim_s27_f100_sites1000_d2.0_l1.0_seed6/pargenes/mlsearch_run/results/94_fasta/94_fasta.raxml.log

Analysis started: 07-Dec-2018 15:56:07 / finished: 07-Dec-2018 15:56:08

Elapsed time: 1.025 seconds

