
RAxML-NG v. 0.6.0git BETA released on 27.07.2018 by The Exelixis Lab.
Authors: Alexey Kozlov, Alexandros Stamatakis, Diego Darriba, Tomas Flouri, Benoit Morel.
Latest version: https://github.com/amkozlov/raxml-ng
Questions/problems/suggestions? Please visit: https://groups.google.com/forum/#!forum/raxml

WARNING: This is a BETA release, please use at your own risk!

RAxML-NG was called as follows:

mpi-scheduler --msa ../BenoitDatasets/families/jsim_s27_f100_sites200_d2.0_l1.0_seed6/pargenes/parse_run/results/6_fasta/6_fasta.raxml.rba --blopt nr_safe --model GTR --prefix ../BenoitDatasets/families/jsim_s27_f100_sites200_d2.0_l1.0_seed6/pargenes/mlsearch_run/results/6_fasta/6_fasta --threads 1 --seed 1

Analysis options:
  run mode: ML tree search
  start tree(s): random (1)
  random seed: 1
  tip-inner: ON
  pattern compression: ON
  per-rate scalers: OFF
  site repeats: OFF
  fast spr radius: AUTO
  spr subtree cutoff: 1.000000
  branch lengths: linked (ML estimate, algorithm: NR-SAFE)
  SIMD kernels: AVX2
  parallelization: NONE/sequential

WARNING: The model you specified on the command line (GTR) will be ignored 
         since the binary MSA file already contains a model definition.
         If you want to change the model, please re-run RAxML-NG 
         with the original PHYLIP/FASTA alignment and --redo option.

[00:00:00] Loading binary alignment from file: ../BenoitDatasets/families/jsim_s27_f100_sites200_d2.0_l1.0_seed6/pargenes/parse_run/results/6_fasta/6_fasta.raxml.rba
[00:00:00] Alignment comprises 12 taxa, 1 partitions and 198 patterns

Partition 0: noname
Model: GTR+FO
Alignment sites / patterns: 200 / 198
Gaps: 0.00 %
Invariant sites: 0.50 %


[00:00:00] Generating 1 random starting tree(s) with 12 taxa
[00:00:00] Data distribution: max. partitions/sites/weight per thread: 1 / 198 / 792

Starting ML tree search with 1 distinct starting trees

[00:00:00 -3292.729411] Initial branch length optimization
[00:00:00 -2663.711596] Model parameter optimization (eps = 10.000000)
[00:00:00 -2659.396855] AUTODETECT spr round 1 (radius: 5)
[00:00:00 -2578.978509] AUTODETECT spr round 2 (radius: 10)
[00:00:00 -2578.974880] SPR radius for FAST iterations: 5 (autodetect)
[00:00:00 -2578.974880] Model parameter optimization (eps = 3.000000)
[00:00:00 -2578.288095] FAST spr round 1 (radius: 5)
[00:00:00 -2439.199194] FAST spr round 2 (radius: 5)
[00:00:00 -2435.847955] FAST spr round 3 (radius: 5)
[00:00:00 -2435.662442] FAST spr round 4 (radius: 5)
[00:00:00 -2435.660025] Model parameter optimization (eps = 1.000000)
[00:00:00 -2435.429639] SLOW spr round 1 (radius: 5)
[00:00:00 -2435.429214] SLOW spr round 2 (radius: 10)
[00:00:00 -2435.429208] Model parameter optimization (eps = 0.100000)

[00:00:00] ML tree search #1, logLikelihood: -2435.424885


Optimized model parameters:

   Partition 0: noname
   Rate heterogeneity: NONE
   Base frequencies (ML): 0.243046 0.246586 0.252184 0.258184 
   Substitution rates (ML): 1.340805 1.028792 1.244445 1.068532 1.110017 1.000000 

Final LogLikelihood: -2435.424885

Best ML tree saved to: /home/morelbt/github/BenoitDatasets/families/jsim_s27_f100_sites200_d2.0_l1.0_seed6/pargenes/mlsearch_run/results/6_fasta/6_fasta.raxml.bestTree
Optimized model saved to: /home/morelbt/github/BenoitDatasets/families/jsim_s27_f100_sites200_d2.0_l1.0_seed6/pargenes/mlsearch_run/results/6_fasta/6_fasta.raxml.bestModel

Execution log saved to: /home/morelbt/github/BenoitDatasets/families/jsim_s27_f100_sites200_d2.0_l1.0_seed6/pargenes/mlsearch_run/results/6_fasta/6_fasta.raxml.log

Analysis started: 07-Dec-2018 15:27:58 / finished: 07-Dec-2018 15:27:59

Elapsed time: 0.324 seconds

