
RAxML-NG v. 0.6.0git BETA released on 27.07.2018 by The Exelixis Lab.
Authors: Alexey Kozlov, Alexandros Stamatakis, Diego Darriba, Tomas Flouri, Benoit Morel.
Latest version: https://github.com/amkozlov/raxml-ng
Questions/problems/suggestions? Please visit: https://groups.google.com/forum/#!forum/raxml

WARNING: This is a BETA release, please use at your own risk!

RAxML-NG was called as follows:

mpi-scheduler --bootstrap --msa ../BenoitDatasets/families/jsim_s27_f100_sites200_d6.0_l3.0_seed6/pargenes/parse_run/results/32_fasta/32_fasta.raxml.rba --blopt nr_safe --model GTR --prefix ../BenoitDatasets/families/jsim_s27_f100_sites200_d6.0_l3.0_seed6/pargenes/mlsearch_run/bootstraps/32_fasta/32_fasta_bs8 --threads 1 --seed 9 --bs-trees 10

Analysis options:
  run mode: Bootstrapping
  start tree(s): 
  bootstrap replicates: 10
  random seed: 9
  tip-inner: ON
  pattern compression: ON
  per-rate scalers: OFF
  site repeats: OFF
  branch lengths: linked (ML estimate, algorithm: NR-SAFE)
  SIMD kernels: AVX2
  parallelization: NONE/sequential

WARNING: The model you specified on the command line (GTR) will be ignored 
         since the binary MSA file already contains a model definition.
         If you want to change the model, please re-run RAxML-NG 
         with the original PHYLIP/FASTA alignment and --redo option.

[00:00:00] Loading binary alignment from file: ../BenoitDatasets/families/jsim_s27_f100_sites200_d6.0_l3.0_seed6/pargenes/parse_run/results/32_fasta/32_fasta.raxml.rba
[00:00:00] Alignment comprises 5 taxa, 1 partitions and 47 patterns

Partition 0: noname
Model: GTR+FO
Alignment sites / patterns: 200 / 47
Gaps: 0.00 %
Invariant sites: 2.00 %


[00:00:00] Data distribution: max. partitions/sites/weight per thread: 1 / 47 / 188
[00:00:00] Starting bootstrapping analysis with 10 replicates.

[00:00:00] Bootstrap tree #1, logLikelihood: -652.725286
[00:00:00] Bootstrap tree #2, logLikelihood: -630.986055
[00:00:00] Bootstrap tree #3, logLikelihood: -685.181074
[00:00:00] Bootstrap tree #4, logLikelihood: -691.706348
[00:00:00] Bootstrap tree #5, logLikelihood: -644.325682
[00:00:00] Bootstrap tree #6, logLikelihood: -672.542007
[00:00:00] Bootstrap tree #7, logLikelihood: -670.148586
[00:00:00] Bootstrap tree #8, logLikelihood: -660.181734
[00:00:00] Bootstrap tree #9, logLikelihood: -684.913220
[00:00:00] Bootstrap tree #10, logLikelihood: -691.274802

Optimized model parameters:

   Partition 0: noname
   Rate heterogeneity: NONE
   Base frequencies (ML): 0.257352 0.256255 0.274219 0.212173 
   Substitution rates (ML): 1.620186 1.952913 2.393043 0.988580 1.006177 1.000000 
Bootstrap trees saved to: /home/morelbt/github/BenoitDatasets/families/jsim_s27_f100_sites200_d6.0_l3.0_seed6/pargenes/mlsearch_run/bootstraps/32_fasta/32_fasta_bs8.raxml.bootstraps

Execution log saved to: /home/morelbt/github/BenoitDatasets/families/jsim_s27_f100_sites200_d6.0_l3.0_seed6/pargenes/mlsearch_run/bootstraps/32_fasta/32_fasta_bs8.raxml.log

Analysis started: 07-Dec-2018 15:33:05 / finished: 07-Dec-2018 15:33:05

Elapsed time: 0.113 seconds

