
RAxML-NG v. 0.6.0git BETA released on 27.07.2018 by The Exelixis Lab.
Authors: Alexey Kozlov, Alexandros Stamatakis, Diego Darriba, Tomas Flouri, Benoit Morel.
Latest version: https://github.com/amkozlov/raxml-ng
Questions/problems/suggestions? Please visit: https://groups.google.com/forum/#!forum/raxml

WARNING: This is a BETA release, please use at your own risk!

RAxML-NG was called as follows:

mpi-scheduler --bootstrap --msa ../BenoitDatasets/families/jsim_s8_f100_sites300_d2.0_l1.0/pargenes/parse_run/results/98_fasta/98_fasta.raxml.rba --blopt nr_safe --model GTR --prefix ../BenoitDatasets/families/jsim_s8_f100_sites300_d2.0_l1.0/pargenes/mlsearch_run/bootstraps/98_fasta/98_fasta_bs1 --threads 1 --seed 2 --bs-trees 10

Analysis options:
  run mode: Bootstrapping
  start tree(s): 
  bootstrap replicates: 10
  random seed: 2
  tip-inner: ON
  pattern compression: ON
  per-rate scalers: OFF
  site repeats: OFF
  branch lengths: linked (ML estimate, algorithm: NR-SAFE)
  SIMD kernels: AVX2
  parallelization: NONE/sequential

WARNING: The model you specified on the command line (GTR) will be ignored 
         since the binary MSA file already contains a model definition.
         If you want to change the model, please re-run RAxML-NG 
         with the original PHYLIP/FASTA alignment and --redo option.

[00:00:00] Loading binary alignment from file: ../BenoitDatasets/families/jsim_s8_f100_sites300_d2.0_l1.0/pargenes/parse_run/results/98_fasta/98_fasta.raxml.rba
[00:00:00] Alignment comprises 45 taxa, 1 partitions and 300 patterns

Partition 0: noname
Model: GTR+FO
Alignment sites / patterns: 300 / 300
Gaps: 0.00 %
Invariant sites: 0.00 %


[00:00:00] Data distribution: max. partitions/sites/weight per thread: 1 / 300 / 1200
[00:00:00] Starting bootstrapping analysis with 10 replicates.

[00:00:02] Bootstrap tree #1, logLikelihood: -12512.580130
[00:00:05] Bootstrap tree #2, logLikelihood: -12595.385391
[00:00:09] Bootstrap tree #3, logLikelihood: -12639.711017
[00:00:12] Bootstrap tree #4, logLikelihood: -12702.766812
[00:00:15] Bootstrap tree #5, logLikelihood: -12745.094031
[00:00:20] Bootstrap tree #6, logLikelihood: -12593.867842
[00:00:23] Bootstrap tree #7, logLikelihood: -12617.986522
[00:00:26] Bootstrap tree #8, logLikelihood: -12508.153067
[00:00:29] Bootstrap tree #9, logLikelihood: -12455.658876
[00:00:32] Bootstrap tree #10, logLikelihood: -12569.288496

Optimized model parameters:

   Partition 0: noname
   Rate heterogeneity: NONE
   Base frequencies (ML): 0.239289 0.266443 0.253893 0.240375 
   Substitution rates (ML): 1.012094 1.082673 1.191374 0.882449 1.039412 1.000000 
Bootstrap trees saved to: /home/morelbt/github/BenoitDatasets/families/jsim_s8_f100_sites300_d2.0_l1.0/pargenes/mlsearch_run/bootstraps/98_fasta/98_fasta_bs1.raxml.bootstraps

Execution log saved to: /home/morelbt/github/BenoitDatasets/families/jsim_s8_f100_sites300_d2.0_l1.0/pargenes/mlsearch_run/bootstraps/98_fasta/98_fasta_bs1.raxml.log

Analysis started: 05-Dec-2018 13:30:36 / finished: 05-Dec-2018 13:31:08

Elapsed time: 32.893 seconds

