
RAxML-NG v. 0.6.0git BETA released on 27.07.2018 by The Exelixis Lab.
Authors: Alexey Kozlov, Alexandros Stamatakis, Diego Darriba, Tomas Flouri, Benoit Morel.
Latest version: https://github.com/amkozlov/raxml-ng
Questions/problems/suggestions? Please visit: https://groups.google.com/forum/#!forum/raxml

WARNING: This is a BETA release, please use at your own risk!

RAxML-NG was called as follows:

mpi-scheduler --bootstrap --msa ../BenoitDatasets/families/jsim_s8_f100_sites300_d2.0_l1.0/pargenes/parse_run/results/98_fasta/98_fasta.raxml.rba --blopt nr_safe --model GTR --prefix ../BenoitDatasets/families/jsim_s8_f100_sites300_d2.0_l1.0/pargenes/mlsearch_run/bootstraps/98_fasta/98_fasta_bs8 --threads 1 --seed 9 --bs-trees 10

Analysis options:
  run mode: Bootstrapping
  start tree(s): 
  bootstrap replicates: 10
  random seed: 9
  tip-inner: ON
  pattern compression: ON
  per-rate scalers: OFF
  site repeats: OFF
  branch lengths: linked (ML estimate, algorithm: NR-SAFE)
  SIMD kernels: AVX2
  parallelization: NONE/sequential

WARNING: The model you specified on the command line (GTR) will be ignored 
         since the binary MSA file already contains a model definition.
         If you want to change the model, please re-run RAxML-NG 
         with the original PHYLIP/FASTA alignment and --redo option.

[00:00:00] Loading binary alignment from file: ../BenoitDatasets/families/jsim_s8_f100_sites300_d2.0_l1.0/pargenes/parse_run/results/98_fasta/98_fasta.raxml.rba
[00:00:00] Alignment comprises 45 taxa, 1 partitions and 300 patterns

Partition 0: noname
Model: GTR+FO
Alignment sites / patterns: 300 / 300
Gaps: 0.00 %
Invariant sites: 0.00 %


[00:00:00] Data distribution: max. partitions/sites/weight per thread: 1 / 300 / 1200
[00:00:00] Starting bootstrapping analysis with 10 replicates.

[00:00:03] Bootstrap tree #1, logLikelihood: -12732.855282
[00:00:07] Bootstrap tree #2, logLikelihood: -12598.141509
[00:00:10] Bootstrap tree #3, logLikelihood: -12376.837250
[00:00:13] Bootstrap tree #4, logLikelihood: -12590.890304
[00:00:16] Bootstrap tree #5, logLikelihood: -12495.411152
[00:00:19] Bootstrap tree #6, logLikelihood: -12656.185059
[00:00:22] Bootstrap tree #7, logLikelihood: -12680.437981
[00:00:25] Bootstrap tree #8, logLikelihood: -12632.329823
[00:00:30] Bootstrap tree #9, logLikelihood: -12621.748253
[00:00:33] Bootstrap tree #10, logLikelihood: -12675.612120

Optimized model parameters:

   Partition 0: noname
   Rate heterogeneity: NONE
   Base frequencies (ML): 0.246699 0.257739 0.245499 0.250063 
   Substitution rates (ML): 0.962996 0.971907 1.010790 0.973105 0.901008 1.000000 
Bootstrap trees saved to: /home/morelbt/github/BenoitDatasets/families/jsim_s8_f100_sites300_d2.0_l1.0/pargenes/mlsearch_run/bootstraps/98_fasta/98_fasta_bs8.raxml.bootstraps

Execution log saved to: /home/morelbt/github/BenoitDatasets/families/jsim_s8_f100_sites300_d2.0_l1.0/pargenes/mlsearch_run/bootstraps/98_fasta/98_fasta_bs8.raxml.log

Analysis started: 05-Dec-2018 13:30:36 / finished: 05-Dec-2018 13:31:10

Elapsed time: 33.361 seconds

