
RAxML-NG v. 0.6.0git BETA released on 27.07.2018 by The Exelixis Lab.
Authors: Alexey Kozlov, Alexandros Stamatakis, Diego Darriba, Tomas Flouri, Benoit Morel.
Latest version: https://github.com/amkozlov/raxml-ng
Questions/problems/suggestions? Please visit: https://groups.google.com/forum/#!forum/raxml

WARNING: This is a BETA release, please use at your own risk!

RAxML-NG was called as follows:

mpi-scheduler --bootstrap --msa ../BenoitDatasets/families/jsim_s8_f100_sites300_d2.0_l1.0/pargenes/parse_run/results/98_fasta/98_fasta.raxml.rba --blopt nr_safe --model GTR --prefix ../BenoitDatasets/families/jsim_s8_f100_sites300_d2.0_l1.0/pargenes/mlsearch_run/bootstraps/98_fasta/98_fasta_bs2 --threads 1 --seed 3 --bs-trees 10

Analysis options:
  run mode: Bootstrapping
  start tree(s): 
  bootstrap replicates: 10
  random seed: 3
  tip-inner: ON
  pattern compression: ON
  per-rate scalers: OFF
  site repeats: OFF
  branch lengths: linked (ML estimate, algorithm: NR-SAFE)
  SIMD kernels: AVX2
  parallelization: NONE/sequential

WARNING: The model you specified on the command line (GTR) will be ignored 
         since the binary MSA file already contains a model definition.
         If you want to change the model, please re-run RAxML-NG 
         with the original PHYLIP/FASTA alignment and --redo option.

[00:00:00] Loading binary alignment from file: ../BenoitDatasets/families/jsim_s8_f100_sites300_d2.0_l1.0/pargenes/parse_run/results/98_fasta/98_fasta.raxml.rba
[00:00:00] Alignment comprises 45 taxa, 1 partitions and 300 patterns

Partition 0: noname
Model: GTR+FO
Alignment sites / patterns: 300 / 300
Gaps: 0.00 %
Invariant sites: 0.00 %


[00:00:00] Data distribution: max. partitions/sites/weight per thread: 1 / 300 / 1200
[00:00:00] Starting bootstrapping analysis with 10 replicates.

[00:00:04] Bootstrap tree #1, logLikelihood: -12571.739372
[00:00:07] Bootstrap tree #2, logLikelihood: -12543.254976
[00:00:10] Bootstrap tree #3, logLikelihood: -12713.227223
[00:00:13] Bootstrap tree #4, logLikelihood: -12425.139098
[00:00:16] Bootstrap tree #5, logLikelihood: -12458.100727
[00:00:19] Bootstrap tree #6, logLikelihood: -12470.413913
[00:00:23] Bootstrap tree #7, logLikelihood: -12556.674265
[00:00:26] Bootstrap tree #8, logLikelihood: -12627.193872
[00:00:29] Bootstrap tree #9, logLikelihood: -12922.548748
[00:00:35] Bootstrap tree #10, logLikelihood: -12567.407542

Optimized model parameters:

   Partition 0: noname
   Rate heterogeneity: NONE
   Base frequencies (ML): 0.254135 0.248054 0.262755 0.235056 
   Substitution rates (ML): 1.102240 0.997961 1.223852 1.035250 1.159512 1.000000 
Bootstrap trees saved to: /home/morelbt/github/BenoitDatasets/families/jsim_s8_f100_sites300_d2.0_l1.0/pargenes/mlsearch_run/bootstraps/98_fasta/98_fasta_bs2.raxml.bootstraps

Execution log saved to: /home/morelbt/github/BenoitDatasets/families/jsim_s8_f100_sites300_d2.0_l1.0/pargenes/mlsearch_run/bootstraps/98_fasta/98_fasta_bs2.raxml.log

Analysis started: 05-Dec-2018 13:30:40 / finished: 05-Dec-2018 13:31:15

Elapsed time: 35.255 seconds

