
RAxML-NG v. 0.6.0git BETA released on 27.07.2018 by The Exelixis Lab.
Authors: Alexey Kozlov, Alexandros Stamatakis, Diego Darriba, Tomas Flouri, Benoit Morel.
Latest version: https://github.com/amkozlov/raxml-ng
Questions/problems/suggestions? Please visit: https://groups.google.com/forum/#!forum/raxml

WARNING: This is a BETA release, please use at your own risk!

RAxML-NG was called as follows:

mpi-scheduler --bootstrap --msa ../BenoitDatasets/families/alesim_s20_f50_sites400_d1.0_l0.5_seed42/pargenes/parse_run/results/50_prunedfasta/50_prunedfasta.raxml.rba --blopt nr_safe --model GTR --prefix ../BenoitDatasets/families/alesim_s20_f50_sites400_d1.0_l0.5_seed42/pargenes/mlsearch_run/bootstraps/50_prunedfasta/50_prunedfasta_bs2 --threads 1 --seed 3 --bs-trees 10

Analysis options:
  run mode: Bootstrapping
  start tree(s): 
  bootstrap replicates: 10
  random seed: 3
  tip-inner: ON
  pattern compression: ON
  per-rate scalers: OFF
  site repeats: OFF
  branch lengths: linked (ML estimate, algorithm: NR-SAFE)
  SIMD kernels: AVX2
  parallelization: NONE/sequential

WARNING: The model you specified on the command line (GTR) will be ignored 
         since the binary MSA file already contains a model definition.
         If you want to change the model, please re-run RAxML-NG 
         with the original PHYLIP/FASTA alignment and --redo option.

[00:00:00] Loading binary alignment from file: ../BenoitDatasets/families/alesim_s20_f50_sites400_d1.0_l0.5_seed42/pargenes/parse_run/results/50_prunedfasta/50_prunedfasta.raxml.rba
[00:00:00] Alignment comprises 66 taxa, 1 partitions and 400 patterns

Partition 0: noname
Model: GTR+FO
Alignment sites / patterns: 400 / 400
Gaps: 0.00 %
Invariant sites: 0.00 %


[00:00:00] Data distribution: max. partitions/sites/weight per thread: 1 / 400 / 1600
[00:00:00] Starting bootstrapping analysis with 10 replicates.

[00:00:05] Bootstrap tree #1, logLikelihood: -13508.932460
[00:00:10] Bootstrap tree #2, logLikelihood: -13456.718578
[00:00:17] Bootstrap tree #3, logLikelihood: -13408.689099
[00:00:23] Bootstrap tree #4, logLikelihood: -13311.233933
[00:00:29] Bootstrap tree #5, logLikelihood: -13486.996070
[00:00:34] Bootstrap tree #6, logLikelihood: -13329.556362
[00:00:39] Bootstrap tree #7, logLikelihood: -13445.198721
[00:00:47] Bootstrap tree #8, logLikelihood: -13388.594553
[00:00:53] Bootstrap tree #9, logLikelihood: -13676.170009
[00:00:59] Bootstrap tree #10, logLikelihood: -13559.058763

Optimized model parameters:

   Partition 0: noname
   Rate heterogeneity: NONE
   Base frequencies (ML): 0.263053 0.245441 0.238784 0.252722 
   Substitution rates (ML): 0.744562 0.711638 0.806068 0.885138 0.821906 1.000000 
Bootstrap trees saved to: /home/morelbt/github/BenoitDatasets/families/alesim_s20_f50_sites400_d1.0_l0.5_seed42/pargenes/mlsearch_run/bootstraps/50_prunedfasta/50_prunedfasta_bs2.raxml.bootstraps

Execution log saved to: /home/morelbt/github/BenoitDatasets/families/alesim_s20_f50_sites400_d1.0_l0.5_seed42/pargenes/mlsearch_run/bootstraps/50_prunedfasta/50_prunedfasta_bs2.raxml.log

Analysis started: 11-Dec-2018 15:32:14 / finished: 11-Dec-2018 15:33:13

Elapsed time: 59.150 seconds

