
RAxML-NG v. 0.6.0git BETA released on 27.07.2018 by The Exelixis Lab.
Authors: Alexey Kozlov, Alexandros Stamatakis, Diego Darriba, Tomas Flouri, Benoit Morel.
Latest version: https://github.com/amkozlov/raxml-ng
Questions/problems/suggestions? Please visit: https://groups.google.com/forum/#!forum/raxml

WARNING: This is a BETA release, please use at your own risk!

RAxML-NG was called as follows:

mpi-scheduler --bootstrap --msa ../BenoitDatasets/families/jsim_s8_f100_sites300_d2.0_l1.0/pargenes/parse_run/results/24_fasta/24_fasta.raxml.rba --blopt nr_safe --model GTR --prefix ../BenoitDatasets/families/jsim_s8_f100_sites300_d2.0_l1.0/pargenes/mlsearch_run/bootstraps/24_fasta/24_fasta_bs7 --threads 1 --seed 8 --bs-trees 10

Analysis options:
  run mode: Bootstrapping
  start tree(s): 
  bootstrap replicates: 10
  random seed: 8
  tip-inner: ON
  pattern compression: ON
  per-rate scalers: OFF
  site repeats: OFF
  branch lengths: linked (ML estimate, algorithm: NR-SAFE)
  SIMD kernels: AVX2
  parallelization: NONE/sequential

WARNING: The model you specified on the command line (GTR) will be ignored 
         since the binary MSA file already contains a model definition.
         If you want to change the model, please re-run RAxML-NG 
         with the original PHYLIP/FASTA alignment and --redo option.

[00:00:00] Loading binary alignment from file: ../BenoitDatasets/families/jsim_s8_f100_sites300_d2.0_l1.0/pargenes/parse_run/results/24_fasta/24_fasta.raxml.rba
[00:00:00] Alignment comprises 8 taxa, 1 partitions and 283 patterns

Partition 0: noname
Model: GTR+FO
Alignment sites / patterns: 300 / 283
Gaps: 0.00 %
Invariant sites: 0.67 %


[00:00:00] Data distribution: max. partitions/sites/weight per thread: 1 / 283 / 1132
[00:00:00] Starting bootstrapping analysis with 10 replicates.

[00:00:00] Bootstrap tree #1, logLikelihood: -2540.902703
[00:00:00] Bootstrap tree #2, logLikelihood: -2519.225438
[00:00:00] Bootstrap tree #3, logLikelihood: -2534.788598
[00:00:00] Bootstrap tree #4, logLikelihood: -2510.211826
[00:00:00] Bootstrap tree #5, logLikelihood: -2556.448012
[00:00:00] Bootstrap tree #6, logLikelihood: -2471.006634
[00:00:00] Bootstrap tree #7, logLikelihood: -2510.176696
[00:00:00] Bootstrap tree #8, logLikelihood: -2603.606063
[00:00:01] Bootstrap tree #9, logLikelihood: -2587.065449
[00:00:01] Bootstrap tree #10, logLikelihood: -2531.410037

Optimized model parameters:

   Partition 0: noname
   Rate heterogeneity: NONE
   Base frequencies (ML): 0.242948 0.244134 0.259974 0.252944 
   Substitution rates (ML): 0.945022 0.604810 0.750925 0.897035 0.782359 1.000000 
Bootstrap trees saved to: /home/morelbt/github/BenoitDatasets/families/jsim_s8_f100_sites300_d2.0_l1.0/pargenes/mlsearch_run/bootstraps/24_fasta/24_fasta_bs7.raxml.bootstraps

Execution log saved to: /home/morelbt/github/BenoitDatasets/families/jsim_s8_f100_sites300_d2.0_l1.0/pargenes/mlsearch_run/bootstraps/24_fasta/24_fasta_bs7.raxml.log

Analysis started: 05-Dec-2018 13:32:56 / finished: 05-Dec-2018 13:32:57

Elapsed time: 1.224 seconds

