
RAxML-NG v. 0.6.0git BETA released on 27.07.2018 by The Exelixis Lab.
Authors: Alexey Kozlov, Alexandros Stamatakis, Diego Darriba, Tomas Flouri, Benoit Morel.
Latest version: https://github.com/amkozlov/raxml-ng
Questions/problems/suggestions? Please visit: https://groups.google.com/forum/#!forum/raxml

WARNING: This is a BETA release, please use at your own risk!

RAxML-NG was called as follows:

mpi-scheduler --bootstrap --msa ../BenoitDatasets/families/alesim_s30_f50_sites200_d2.0_l1.0_seed42/pargenes/parse_run/results/0_prunedfasta/0_prunedfasta.raxml.rba --blopt nr_safe --model GTR --prefix ../BenoitDatasets/families/alesim_s30_f50_sites200_d2.0_l1.0_seed42/pargenes/mlsearch_run/bootstraps/0_prunedfasta/0_prunedfasta_bs0 --threads 1 --seed 1 --bs-trees 10

Analysis options:
  run mode: Bootstrapping
  start tree(s): 
  bootstrap replicates: 10
  random seed: 1
  tip-inner: ON
  pattern compression: ON
  per-rate scalers: OFF
  site repeats: OFF
  branch lengths: linked (ML estimate, algorithm: NR-SAFE)
  SIMD kernels: AVX2
  parallelization: NONE/sequential

WARNING: The model you specified on the command line (GTR) will be ignored 
         since the binary MSA file already contains a model definition.
         If you want to change the model, please re-run RAxML-NG 
         with the original PHYLIP/FASTA alignment and --redo option.

[00:00:00] Loading binary alignment from file: ../BenoitDatasets/families/alesim_s30_f50_sites200_d2.0_l1.0_seed42/pargenes/parse_run/results/0_prunedfasta/0_prunedfasta.raxml.rba
[00:00:00] Alignment comprises 92 taxa, 1 partitions and 200 patterns

Partition 0: noname
Model: GTR+FO
Alignment sites / patterns: 200 / 200
Gaps: 0.00 %
Invariant sites: 0.00 %


[00:00:00] Data distribution: max. partitions/sites/weight per thread: 1 / 200 / 800
[00:00:00] Starting bootstrapping analysis with 10 replicates.

[00:00:02] Bootstrap tree #1, logLikelihood: -6014.519081
[00:00:06] Bootstrap tree #2, logLikelihood: -6055.962859
[00:00:09] Bootstrap tree #3, logLikelihood: -6039.602854
[00:00:13] Bootstrap tree #4, logLikelihood: -6252.059182
[00:00:16] Bootstrap tree #5, logLikelihood: -6150.934894
[00:00:20] Bootstrap tree #6, logLikelihood: -6206.582332
[00:00:23] Bootstrap tree #7, logLikelihood: -6274.226505
[00:00:27] Bootstrap tree #8, logLikelihood: -6087.426503
[00:00:30] Bootstrap tree #9, logLikelihood: -6198.768243
[00:00:33] Bootstrap tree #10, logLikelihood: -6228.656385

Optimized model parameters:

   Partition 0: noname
   Rate heterogeneity: NONE
   Base frequencies (ML): 0.271432 0.235892 0.246616 0.246060 
   Substitution rates (ML): 0.960253 0.930584 1.122707 1.038299 1.003327 1.000000 
Bootstrap trees saved to: /home/morelbt/github/BenoitDatasets/families/alesim_s30_f50_sites200_d2.0_l1.0_seed42/pargenes/mlsearch_run/bootstraps/0_prunedfasta/0_prunedfasta_bs0.raxml.bootstraps

Execution log saved to: /home/morelbt/github/BenoitDatasets/families/alesim_s30_f50_sites200_d2.0_l1.0_seed42/pargenes/mlsearch_run/bootstraps/0_prunedfasta/0_prunedfasta_bs0.raxml.log

Analysis started: 11-Dec-2018 20:56:33 / finished: 11-Dec-2018 20:57:06

Elapsed time: 33.534 seconds

