
RAxML-NG v. 0.6.0git BETA released on 27.07.2018 by The Exelixis Lab.
Authors: Alexey Kozlov, Alexandros Stamatakis, Diego Darriba, Tomas Flouri, Benoit Morel.
Latest version: https://github.com/amkozlov/raxml-ng
Questions/problems/suggestions? Please visit: https://groups.google.com/forum/#!forum/raxml

WARNING: This is a BETA release, please use at your own risk!

RAxML-NG was called as follows:

mpi-scheduler --bootstrap --msa ../BenoitDatasets/families/jsim_s27_f100_sites200_d2.0_l1.0_seed6/pargenes/parse_run/results/15_fasta/15_fasta.raxml.rba --blopt nr_safe --model GTR --prefix ../BenoitDatasets/families/jsim_s27_f100_sites200_d2.0_l1.0_seed6/pargenes/mlsearch_run/bootstraps/15_fasta/15_fasta_bs0 --threads 1 --seed 1 --bs-trees 10

Analysis options:
  run mode: Bootstrapping
  start tree(s): 
  bootstrap replicates: 10
  random seed: 1
  tip-inner: ON
  pattern compression: ON
  per-rate scalers: OFF
  site repeats: OFF
  branch lengths: linked (ML estimate, algorithm: NR-SAFE)
  SIMD kernels: AVX2
  parallelization: NONE/sequential

WARNING: The model you specified on the command line (GTR) will be ignored 
         since the binary MSA file already contains a model definition.
         If you want to change the model, please re-run RAxML-NG 
         with the original PHYLIP/FASTA alignment and --redo option.

[00:00:00] Loading binary alignment from file: ../BenoitDatasets/families/jsim_s27_f100_sites200_d2.0_l1.0_seed6/pargenes/parse_run/results/15_fasta/15_fasta.raxml.rba
[00:00:00] Alignment comprises 9 taxa, 1 partitions and 198 patterns

Partition 0: noname
Model: GTR+FO
Alignment sites / patterns: 200 / 198
Gaps: 0.00 %
Invariant sites: 0.00 %


[00:00:00] Data distribution: max. partitions/sites/weight per thread: 1 / 198 / 792
[00:00:00] Starting bootstrapping analysis with 10 replicates.

[00:00:00] Bootstrap tree #1, logLikelihood: -2021.779191
[00:00:00] Bootstrap tree #2, logLikelihood: -2002.855984
[00:00:00] Bootstrap tree #3, logLikelihood: -2037.299534
[00:00:00] Bootstrap tree #4, logLikelihood: -2038.957498
[00:00:00] Bootstrap tree #5, logLikelihood: -2039.502075
[00:00:00] Bootstrap tree #6, logLikelihood: -2026.677772
[00:00:00] Bootstrap tree #7, logLikelihood: -2040.196379
[00:00:00] Bootstrap tree #8, logLikelihood: -1996.639060
[00:00:01] Bootstrap tree #9, logLikelihood: -2038.232049
[00:00:01] Bootstrap tree #10, logLikelihood: -2004.594526

Optimized model parameters:

   Partition 0: noname
   Rate heterogeneity: NONE
   Base frequencies (ML): 0.254743 0.250126 0.254248 0.240882 
   Substitution rates (ML): 1.773680 1.682685 1.631254 1.978206 1.165098 1.000000 
Bootstrap trees saved to: /home/morelbt/github/BenoitDatasets/families/jsim_s27_f100_sites200_d2.0_l1.0_seed6/pargenes/mlsearch_run/bootstraps/15_fasta/15_fasta_bs0.raxml.bootstraps

Execution log saved to: /home/morelbt/github/BenoitDatasets/families/jsim_s27_f100_sites200_d2.0_l1.0_seed6/pargenes/mlsearch_run/bootstraps/15_fasta/15_fasta_bs0.raxml.log

Analysis started: 07-Dec-2018 15:27:52 / finished: 07-Dec-2018 15:27:53

Elapsed time: 1.163 seconds

