
RAxML-NG v. 0.6.0git BETA released on 27.07.2018 by The Exelixis Lab.
Authors: Alexey Kozlov, Alexandros Stamatakis, Diego Darriba, Tomas Flouri, Benoit Morel.
Latest version: https://github.com/amkozlov/raxml-ng
Questions/problems/suggestions? Please visit: https://groups.google.com/forum/#!forum/raxml

WARNING: This is a BETA release, please use at your own risk!

RAxML-NG was called as follows:

mpi-scheduler --bootstrap --msa ../BenoitDatasets/families/jsim_s8_f100_sites300_d2.0_l1.0/pargenes/parse_run/results/37_fasta/37_fasta.raxml.rba --blopt nr_safe --model GTR --prefix ../BenoitDatasets/families/jsim_s8_f100_sites300_d2.0_l1.0/pargenes/mlsearch_run/bootstraps/37_fasta/37_fasta_bs3 --threads 1 --seed 4 --bs-trees 10

Analysis options:
  run mode: Bootstrapping
  start tree(s): 
  bootstrap replicates: 10
  random seed: 4
  tip-inner: ON
  pattern compression: ON
  per-rate scalers: OFF
  site repeats: OFF
  branch lengths: linked (ML estimate, algorithm: NR-SAFE)
  SIMD kernels: AVX2
  parallelization: NONE/sequential

WARNING: The model you specified on the command line (GTR) will be ignored 
         since the binary MSA file already contains a model definition.
         If you want to change the model, please re-run RAxML-NG 
         with the original PHYLIP/FASTA alignment and --redo option.

[00:00:00] Loading binary alignment from file: ../BenoitDatasets/families/jsim_s8_f100_sites300_d2.0_l1.0/pargenes/parse_run/results/37_fasta/37_fasta.raxml.rba
[00:00:00] Alignment comprises 24 taxa, 1 partitions and 300 patterns

Partition 0: noname
Model: GTR+FO
Alignment sites / patterns: 300 / 300
Gaps: 0.00 %
Invariant sites: 0.67 %


[00:00:00] Data distribution: max. partitions/sites/weight per thread: 1 / 300 / 1200
[00:00:00] Starting bootstrapping analysis with 10 replicates.

[00:00:00] Bootstrap tree #1, logLikelihood: -5225.108918
[00:00:01] Bootstrap tree #2, logLikelihood: -5346.147732
[00:00:02] Bootstrap tree #3, logLikelihood: -5252.907835
[00:00:03] Bootstrap tree #4, logLikelihood: -5392.623126
[00:00:04] Bootstrap tree #5, logLikelihood: -5218.970397
[00:00:04] Bootstrap tree #6, logLikelihood: -5240.089149
[00:00:05] Bootstrap tree #7, logLikelihood: -5173.022211
[00:00:06] Bootstrap tree #8, logLikelihood: -5174.152924
[00:00:07] Bootstrap tree #9, logLikelihood: -5286.443650
[00:00:08] Bootstrap tree #10, logLikelihood: -5183.467054

Optimized model parameters:

   Partition 0: noname
   Rate heterogeneity: NONE
   Base frequencies (ML): 0.241945 0.235076 0.242612 0.280367 
   Substitution rates (ML): 1.235730 1.058267 1.014778 1.049342 1.221334 1.000000 
Bootstrap trees saved to: /home/morelbt/github/BenoitDatasets/families/jsim_s8_f100_sites300_d2.0_l1.0/pargenes/mlsearch_run/bootstraps/37_fasta/37_fasta_bs3.raxml.bootstraps

Execution log saved to: /home/morelbt/github/BenoitDatasets/families/jsim_s8_f100_sites300_d2.0_l1.0/pargenes/mlsearch_run/bootstraps/37_fasta/37_fasta_bs3.raxml.log

Analysis started: 05-Dec-2018 13:32:08 / finished: 05-Dec-2018 13:32:17

Elapsed time: 8.317 seconds

