
RAxML-NG v. 0.6.0git BETA released on 27.07.2018 by The Exelixis Lab.
Authors: Alexey Kozlov, Alexandros Stamatakis, Diego Darriba, Tomas Flouri, Benoit Morel.
Latest version: https://github.com/amkozlov/raxml-ng
Questions/problems/suggestions? Please visit: https://groups.google.com/forum/#!forum/raxml

WARNING: This is a BETA release, please use at your own risk!

RAxML-NG was called as follows:

mpi-scheduler --bootstrap --msa ../BenoitDatasets/families/jsim_s27_f100_sites200_d6.0_l3.0_seed6/pargenes/parse_run/results/92_fasta/92_fasta.raxml.rba --blopt nr_safe --model GTR --prefix ../BenoitDatasets/families/jsim_s27_f100_sites200_d6.0_l3.0_seed6/pargenes/mlsearch_run/bootstraps/92_fasta/92_fasta_bs7 --threads 1 --seed 8 --bs-trees 10

Analysis options:
  run mode: Bootstrapping
  start tree(s): 
  bootstrap replicates: 10
  random seed: 8
  tip-inner: ON
  pattern compression: ON
  per-rate scalers: OFF
  site repeats: OFF
  branch lengths: linked (ML estimate, algorithm: NR-SAFE)
  SIMD kernels: AVX2
  parallelization: NONE/sequential

WARNING: The model you specified on the command line (GTR) will be ignored 
         since the binary MSA file already contains a model definition.
         If you want to change the model, please re-run RAxML-NG 
         with the original PHYLIP/FASTA alignment and --redo option.

[00:00:00] Loading binary alignment from file: ../BenoitDatasets/families/jsim_s27_f100_sites200_d6.0_l3.0_seed6/pargenes/parse_run/results/92_fasta/92_fasta.raxml.rba
[00:00:00] Alignment comprises 5 taxa, 1 partitions and 72 patterns

Partition 0: noname
Model: GTR+FO
Alignment sites / patterns: 200 / 72
Gaps: 0.00 %
Invariant sites: 2.00 %


[00:00:00] Data distribution: max. partitions/sites/weight per thread: 1 / 72 / 288
[00:00:00] Starting bootstrapping analysis with 10 replicates.

[00:00:00] Bootstrap tree #1, logLikelihood: -749.937738
[00:00:00] Bootstrap tree #2, logLikelihood: -781.288085
[00:00:00] Bootstrap tree #3, logLikelihood: -799.745633
[00:00:00] Bootstrap tree #4, logLikelihood: -738.188932
[00:00:00] Bootstrap tree #5, logLikelihood: -743.386432
[00:00:00] Bootstrap tree #6, logLikelihood: -782.812676
[00:00:00] Bootstrap tree #7, logLikelihood: -726.090595
[00:00:00] Bootstrap tree #8, logLikelihood: -773.934746
[00:00:00] Bootstrap tree #9, logLikelihood: -756.763790
[00:00:00] Bootstrap tree #10, logLikelihood: -726.925823

Optimized model parameters:

   Partition 0: noname
   Rate heterogeneity: NONE
   Base frequencies (ML): 0.244469 0.285391 0.218653 0.251487 
   Substitution rates (ML): 1.064457 0.502653 0.368205 0.623679 1.143501 1.000000 
Bootstrap trees saved to: /home/morelbt/github/BenoitDatasets/families/jsim_s27_f100_sites200_d6.0_l3.0_seed6/pargenes/mlsearch_run/bootstraps/92_fasta/92_fasta_bs7.raxml.bootstraps

Execution log saved to: /home/morelbt/github/BenoitDatasets/families/jsim_s27_f100_sites200_d6.0_l3.0_seed6/pargenes/mlsearch_run/bootstraps/92_fasta/92_fasta_bs7.raxml.log

Analysis started: 07-Dec-2018 15:33:04 / finished: 07-Dec-2018 15:33:05

Elapsed time: 0.140 seconds

