
RAxML-NG v. 0.6.0git BETA released on 27.07.2018 by The Exelixis Lab.
Authors: Alexey Kozlov, Alexandros Stamatakis, Diego Darriba, Tomas Flouri, Benoit Morel.
Latest version: https://github.com/amkozlov/raxml-ng
Questions/problems/suggestions? Please visit: https://groups.google.com/forum/#!forum/raxml

WARNING: This is a BETA release, please use at your own risk!

RAxML-NG was called as follows:

mpi-scheduler --msa ../BenoitDatasets/families/jsim_s27_f100_sites1000_d2.0_l1.0_seed6/pargenes/parse_run/results/89_fasta/89_fasta.raxml.rba --blopt nr_safe --model GTR --prefix ../BenoitDatasets/families/jsim_s27_f100_sites1000_d2.0_l1.0_seed6/pargenes/mlsearch_run/results/89_fasta/89_fasta --threads 1 --seed 1

Analysis options:
  run mode: ML tree search
  start tree(s): random (1)
  random seed: 1
  tip-inner: ON
  pattern compression: ON
  per-rate scalers: OFF
  site repeats: OFF
  fast spr radius: AUTO
  spr subtree cutoff: 1.000000
  branch lengths: linked (ML estimate, algorithm: NR-SAFE)
  SIMD kernels: AVX2
  parallelization: NONE/sequential

WARNING: The model you specified on the command line (GTR) will be ignored 
         since the binary MSA file already contains a model definition.
         If you want to change the model, please re-run RAxML-NG 
         with the original PHYLIP/FASTA alignment and --redo option.

[00:00:00] Loading binary alignment from file: ../BenoitDatasets/families/jsim_s27_f100_sites1000_d2.0_l1.0_seed6/pargenes/parse_run/results/89_fasta/89_fasta.raxml.rba
[00:00:00] Alignment comprises 72 taxa, 1 partitions and 1000 patterns

Partition 0: noname
Model: GTR+FO
Alignment sites / patterns: 1000 / 1000
Gaps: 0.00 %
Invariant sites: 0.00 %


[00:00:00] Generating 1 random starting tree(s) with 72 taxa
[00:00:00] Data distribution: max. partitions/sites/weight per thread: 1 / 1000 / 4000

Starting ML tree search with 1 distinct starting trees

[00:00:00 -112491.348816] Initial branch length optimization
[00:00:00 -89444.290437] Model parameter optimization (eps = 10.000000)
[00:00:00 -89423.588455] AUTODETECT spr round 1 (radius: 5)
[00:00:00 -71556.731685] AUTODETECT spr round 2 (radius: 10)
[00:00:01 -66594.882155] AUTODETECT spr round 3 (radius: 15)
[00:00:02 -66594.854034] SPR radius for FAST iterations: 10 (autodetect)
[00:00:02 -66594.854034] Model parameter optimization (eps = 3.000000)
[00:00:02 -66585.890979] FAST spr round 1 (radius: 10)
[00:00:04 -64333.737255] FAST spr round 2 (radius: 10)
[00:00:06 -64187.223206] FAST spr round 3 (radius: 10)
[00:00:07 -64181.870407] FAST spr round 4 (radius: 10)
[00:00:08 -64179.046297] FAST spr round 5 (radius: 10)
[00:00:09 -64177.933773] FAST spr round 6 (radius: 10)
[00:00:10 -64177.352161] FAST spr round 7 (radius: 10)
[00:00:12 -64177.352156] Model parameter optimization (eps = 1.000000)
[00:00:12 -64176.708504] SLOW spr round 1 (radius: 5)
[00:00:17 -64176.708279] SLOW spr round 2 (radius: 10)
[00:00:22 -64176.708273] SLOW spr round 3 (radius: 15)
[00:00:27 -64176.708273] SLOW spr round 4 (radius: 20)
[00:00:28 -64176.708273] SLOW spr round 5 (radius: 25)
[00:00:28 -64176.708273] Model parameter optimization (eps = 0.100000)

[00:00:29] ML tree search #1, logLikelihood: -64176.665571


Optimized model parameters:

   Partition 0: noname
   Rate heterogeneity: NONE
   Base frequencies (ML): 0.256287 0.247577 0.250117 0.246020 
   Substitution rates (ML): 1.029018 1.050244 1.038385 1.028763 1.102097 1.000000 

Final LogLikelihood: -64176.665571

Best ML tree saved to: /home/morelbt/github/BenoitDatasets/families/jsim_s27_f100_sites1000_d2.0_l1.0_seed6/pargenes/mlsearch_run/results/89_fasta/89_fasta.raxml.bestTree
Optimized model saved to: /home/morelbt/github/BenoitDatasets/families/jsim_s27_f100_sites1000_d2.0_l1.0_seed6/pargenes/mlsearch_run/results/89_fasta/89_fasta.raxml.bestModel

Execution log saved to: /home/morelbt/github/BenoitDatasets/families/jsim_s27_f100_sites1000_d2.0_l1.0_seed6/pargenes/mlsearch_run/results/89_fasta/89_fasta.raxml.log

Analysis started: 07-Dec-2018 15:55:45 / finished: 07-Dec-2018 15:56:14

Elapsed time: 29.074 seconds

