
RAxML-NG v. 0.6.0git BETA released on 27.07.2018 by The Exelixis Lab.
Authors: Alexey Kozlov, Alexandros Stamatakis, Diego Darriba, Tomas Flouri, Benoit Morel.
Latest version: https://github.com/amkozlov/raxml-ng
Questions/problems/suggestions? Please visit: https://groups.google.com/forum/#!forum/raxml

WARNING: This is a BETA release, please use at your own risk!

RAxML-NG was called as follows:

mpi-scheduler --bootstrap --msa ../BenoitDatasets/families/alesim_s30_f50_sites200_d2.0_l1.0_seed42/pargenes/parse_run/results/6_prunedfasta/6_prunedfasta.raxml.rba --blopt nr_safe --model GTR --prefix ../BenoitDatasets/families/alesim_s30_f50_sites200_d2.0_l1.0_seed42/pargenes/mlsearch_run/bootstraps/6_prunedfasta/6_prunedfasta_bs0 --threads 1 --seed 1 --bs-trees 10

Analysis options:
  run mode: Bootstrapping
  start tree(s): 
  bootstrap replicates: 10
  random seed: 1
  tip-inner: ON
  pattern compression: ON
  per-rate scalers: OFF
  site repeats: OFF
  branch lengths: linked (ML estimate, algorithm: NR-SAFE)
  SIMD kernels: AVX2
  parallelization: NONE/sequential

WARNING: The model you specified on the command line (GTR) will be ignored 
         since the binary MSA file already contains a model definition.
         If you want to change the model, please re-run RAxML-NG 
         with the original PHYLIP/FASTA alignment and --redo option.

[00:00:00] Loading binary alignment from file: ../BenoitDatasets/families/alesim_s30_f50_sites200_d2.0_l1.0_seed42/pargenes/parse_run/results/6_prunedfasta/6_prunedfasta.raxml.rba
[00:00:00] Alignment comprises 7 taxa, 1 partitions and 38 patterns

Partition 0: noname
Model: GTR+FO
Alignment sites / patterns: 200 / 38
Gaps: 0.00 %
Invariant sites: 2.00 %


[00:00:00] Data distribution: max. partitions/sites/weight per thread: 1 / 38 / 152
[00:00:00] Starting bootstrapping analysis with 10 replicates.

[00:00:00] Bootstrap tree #1, logLikelihood: -555.524120
[00:00:00] Bootstrap tree #2, logLikelihood: -504.135357
[00:00:00] Bootstrap tree #3, logLikelihood: -517.990396
[00:00:00] Bootstrap tree #4, logLikelihood: -493.806988
[00:00:00] Bootstrap tree #5, logLikelihood: -492.677708
[00:00:00] Bootstrap tree #6, logLikelihood: -534.391677
[00:00:00] Bootstrap tree #7, logLikelihood: -520.832326
[00:00:00] Bootstrap tree #8, logLikelihood: -453.959027
[00:00:00] Bootstrap tree #9, logLikelihood: -522.554180
[00:00:00] Bootstrap tree #10, logLikelihood: -504.214462

Optimized model parameters:

   Partition 0: noname
   Rate heterogeneity: NONE
   Base frequencies (ML): 0.261037 0.320140 0.240838 0.177985 
   Substitution rates (ML): 1.519031 3.593467 4.922407 7.235853 4.472249 1.000000 
Bootstrap trees saved to: /home/morelbt/github/BenoitDatasets/families/alesim_s30_f50_sites200_d2.0_l1.0_seed42/pargenes/mlsearch_run/bootstraps/6_prunedfasta/6_prunedfasta_bs0.raxml.bootstraps

Execution log saved to: /home/morelbt/github/BenoitDatasets/families/alesim_s30_f50_sites200_d2.0_l1.0_seed42/pargenes/mlsearch_run/bootstraps/6_prunedfasta/6_prunedfasta_bs0.raxml.log

Analysis started: 11-Dec-2018 20:58:05 / finished: 11-Dec-2018 20:58:05

Elapsed time: 0.157 seconds

